<?xml version="1.0" encoding="UTF-8"?>
<testsuite name="rest.testRestAssured" tests="2" skipped="0" failures="0" errors="0" timestamp="2025-04-27T18:10:38" hostname="Tio-Hizbullah.local" time="1.321">
  <properties/>
  <testcase name="getApi" classname="rest.testRestAssured" time="0.435"/>
  <testcase name="postApi" classname="rest.testRestAssured" time="0.885"/>
  <system-out><![CDATA[Received message: {"p":"602.16000000","q":"0.00900000","s":"BNBUSDT","t":1041896427,"T":1745777438857,"e":"trade","E":1745777438858,"m":true,"M":true}
Received trade message: {"p":"602.16000000","q":"0.00900000","s":"BNBUSDT","t":1041896427,"T":1745777438857,"e":"trade","E":1745777438858,"m":true,"M":true}
Received message: {"p":"602.16000000","q":"0.00900000","s":"BNBUSDT","t":1041896428,"T":1745777438857,"e":"trade","E":1745777438858,"m":true,"M":true}
Received trade message: {"p":"602.16000000","q":"0.00900000","s":"BNBUSDT","t":1041896428,"T":1745777438857,"e":"trade","E":1745777438858,"m":true,"M":true}
Received message: {"p":"602.16000000","q":"0.00900000","s":"BNBUSDT","t":1041896429,"T":1745777438857,"e":"trade","E":1745777438858,"m":true,"M":true}
Received trade message: {"p":"602.16000000","q":"0.00900000","s":"BNBUSDT","t":1041896429,"T":1745777438857,"e":"trade","E":1745777438858,"m":true,"M":true}
Received message: {"p":"602.16000000","q":"0.00900000","s":"BNBUSDT","t":1041896430,"T":1745777438857,"e":"trade","E":1745777438858,"m":true,"M":true}
Received trade message: {"p":"602.16000000","q":"0.00900000","s":"BNBUSDT","t":1041896430,"T":1745777438857,"e":"trade","E":1745777438858,"m":true,"M":true}
Received message: {"p":"602.16000000","q":"0.00900000","s":"BNBUSDT","t":1041896431,"T":1745777438857,"e":"trade","E":1745777438858,"m":true,"M":true}
Received trade message: {"p":"602.16000000","q":"0.00900000","s":"BNBUSDT","t":1041896431,"T":1745777438857,"e":"trade","E":1745777438858,"m":true,"M":true}
Received message: {"p":"602.16000000","q":"0.00900000","s":"BNBUSDT","t":1041896432,"T":1745777438866,"e":"trade","E":1745777438866,"m":true,"M":true}
Received trade message: {"p":"602.16000000","q":"0.00900000","s":"BNBUSDT","t":1041896432,"T":1745777438866,"e":"trade","E":1745777438866,"m":true,"M":true}
Received message: {"p":"602.16000000","q":"0.00900000","s":"BNBUSDT","t":1041896433,"T":1745777438866,"e":"trade","E":1745777438866,"m":true,"M":true}
Received trade message: {"p":"602.16000000","q":"0.00900000","s":"BNBUSDT","t":1041896433,"T":1745777438866,"e":"trade","E":1745777438866,"m":true,"M":true}
Received message: {"p":"602.16000000","q":"0.00900000","s":"BNBUSDT","t":1041896434,"T":1745777438866,"e":"trade","E":1745777438866,"m":true,"M":true}
Received trade message: {"p":"602.16000000","q":"0.00900000","s":"BNBUSDT","t":1041896434,"T":1745777438866,"e":"trade","E":1745777438866,"m":true,"M":true}
Received message: {"p":"94095.24000000","a":3551019295,"q":"0.00013000","s":"BTCUSDT","T":1745777438869,"e":"aggTrade","E":1745777438869,"f":4855242624,"l":4855242624,"m":false,"M":true}
Received message: {"p":"94095.24000000","a":3551019295,"q":"0.00013000","s":"BTCUSDT","T":1745777438869,"e":"aggTrade","E":1745777438869,"f":4855242624,"l":4855242624,"m":false,"M":true}
Request method:	GET
Request URI:	https://jsonplaceholder.typicode.com/posts
Proxy:			<none>
Request params:	<none>
Query params:	<none>
Form params:	<none>
Path params:	<none>
Headers:		Accept=*/*
				Content-Type=application/json
Cookies:		<none>
Multiparts:		<none>
Body:			<none>
Received message: {"p":"602.16000000","q":"0.00900000","s":"BNBUSDT","t":1041896435,"T":1745777438872,"e":"trade","E":1745777438873,"m":true,"M":true}
Received trade message: {"p":"602.16000000","q":"0.00900000","s":"BNBUSDT","t":1041896435,"T":1745777438872,"e":"trade","E":1745777438873,"m":true,"M":true}
Received message: {"p":"602.16000000","q":"0.00900000","s":"BNBUSDT","t":1041896436,"T":1745777438872,"e":"trade","E":1745777438873,"m":true,"M":true}
Received trade message: {"p":"602.16000000","q":"0.00900000","s":"BNBUSDT","t":1041896436,"T":1745777438872,"e":"trade","E":1745777438873,"m":true,"M":true}
Received message: {"p":"602.16000000","q":"0.00900000","s":"BNBUSDT","t":1041896437,"T":1745777438872,"e":"trade","E":1745777438873,"m":true,"M":true}
Received trade message: {"p":"602.16000000","q":"0.00900000","s":"BNBUSDT","t":1041896437,"T":1745777438872,"e":"trade","E":1745777438873,"m":true,"M":true}
Received message: {"p":"602.16000000","q":"0.00900000","s":"BNBUSDT","t":1041896438,"T":1745777438872,"e":"trade","E":1745777438873,"m":true,"M":true}
Received trade message: {"p":"602.16000000","q":"0.00900000","s":"BNBUSDT","t":1041896438,"T":1745777438872,"e":"trade","E":1745777438873,"m":true,"M":true}
Received message: {"p":"602.16000000","q":"0.00900000","s":"BNBUSDT","t":1041896439,"T":1745777438879,"e":"trade","E":1745777438880,"m":true,"M":true}
Received trade message: {"p":"602.16000000","q":"0.00900000","s":"BNBUSDT","t":1041896439,"T":1745777438879,"e":"trade","E":1745777438880,"m":true,"M":true}
Received message: {"p":"602.16000000","q":"0.00900000","s":"BNBUSDT","t":1041896440,"T":1745777438879,"e":"trade","E":1745777438880,"m":true,"M":true}
Received trade message: {"p":"602.16000000","q":"0.00900000","s":"BNBUSDT","t":1041896440,"T":1745777438879,"e":"trade","E":1745777438880,"m":true,"M":true}
Received message: {"p":"602.16000000","q":"0.00900000","s":"BNBUSDT","t":1041896441,"T":1745777438879,"e":"trade","E":1745777438880,"m":true,"M":true}
Received trade message: {"p":"602.16000000","q":"0.00900000","s":"BNBUSDT","t":1041896441,"T":1745777438879,"e":"trade","E":1745777438880,"m":true,"M":true}
Received message: {"p":"602.16000000","q":"0.00900000","s":"BNBUSDT","t":1041896442,"T":1745777438888,"e":"trade","E":1745777438888,"m":true,"M":true}
Received trade message: {"p":"602.16000000","q":"0.00900000","s":"BNBUSDT","t":1041896442,"T":1745777438888,"e":"trade","E":1745777438888,"m":true,"M":true}
Received message: {"p":"602.16000000","q":"0.00900000","s":"BNBUSDT","t":1041896443,"T":1745777438888,"e":"trade","E":1745777438888,"m":true,"M":true}
Received trade message: {"p":"602.16000000","q":"0.00900000","s":"BNBUSDT","t":1041896443,"T":1745777438888,"e":"trade","E":1745777438888,"m":true,"M":true}
Received message: {"p":"602.16000000","q":"0.00900000","s":"BNBUSDT","t":1041896444,"T":1745777438888,"e":"trade","E":1745777438888,"m":true,"M":true}
Received trade message: {"p":"602.16000000","q":"0.00900000","s":"BNBUSDT","t":1041896444,"T":1745777438888,"e":"trade","E":1745777438888,"m":true,"M":true}
Received message: {"p":"602.16000000","q":"0.00900000","s":"BNBUSDT","t":1041896445,"T":1745777438888,"e":"trade","E":1745777438888,"m":true,"M":true}
Received trade message: {"p":"602.16000000","q":"0.00900000","s":"BNBUSDT","t":1041896445,"T":1745777438888,"e":"trade","E":1745777438888,"m":true,"M":true}
Received message: {"p":"602.16000000","q":"0.00900000","s":"BNBUSDT","t":1041896446,"T":1745777438888,"e":"trade","E":1745777438888,"m":true,"M":true}
Received trade message: {"p":"602.16000000","q":"0.00900000","s":"BNBUSDT","t":1041896446,"T":1745777438888,"e":"trade","E":1745777438888,"m":true,"M":true}
Received message: {"p":"602.16000000","q":"0.00900000","s":"BNBUSDT","t":1041896447,"T":1745777438898,"e":"trade","E":1745777438899,"m":true,"M":true}
Received trade message: {"p":"602.16000000","q":"0.00900000","s":"BNBUSDT","t":1041896447,"T":1745777438898,"e":"trade","E":1745777438899,"m":true,"M":true}
Received message: {"p":"602.16000000","q":"0.00900000","s":"BNBUSDT","t":1041896448,"T":1745777438898,"e":"trade","E":1745777438899,"m":true,"M":true}
Received trade message: {"p":"602.16000000","q":"0.00900000","s":"BNBUSDT","t":1041896448,"T":1745777438898,"e":"trade","E":1745777438899,"m":true,"M":true}
Received message: {"p":"602.16000000","q":"0.00900000","s":"BNBUSDT","t":1041896449,"T":1745777438898,"e":"trade","E":1745777438899,"m":true,"M":true}
Received trade message: {"p":"602.16000000","q":"0.00900000","s":"BNBUSDT","t":1041896449,"T":1745777438898,"e":"trade","E":1745777438899,"m":true,"M":true}
Received message: {"p":"602.16000000","q":"0.00900000","s":"BNBUSDT","t":1041896450,"T":1745777438898,"e":"trade","E":1745777438899,"m":true,"M":true}
Received trade message: {"p":"602.16000000","q":"0.00900000","s":"BNBUSDT","t":1041896450,"T":1745777438898,"e":"trade","E":1745777438899,"m":true,"M":true}
Received message: {"p":"602.16000000","q":"0.00900000","s":"BNBUSDT","t":1041896451,"T":1745777438898,"e":"trade","E":1745777438899,"m":true,"M":true}
Received trade message: {"p":"602.16000000","q":"0.00900000","s":"BNBUSDT","t":1041896451,"T":1745777438898,"e":"trade","E":1745777438899,"m":true,"M":true}
Received message: {"p":"602.16000000","q":"0.00900000","s":"BNBUSDT","t":1041896452,"T":1745777438906,"e":"trade","E":1745777438906,"m":true,"M":true}
Received trade message: {"p":"602.16000000","q":"0.00900000","s":"BNBUSDT","t":1041896452,"T":1745777438906,"e":"trade","E":1745777438906,"m":true,"M":true}
Received message: {"p":"602.16000000","q":"0.00900000","s":"BNBUSDT","t":1041896453,"T":1745777438906,"e":"trade","E":1745777438906,"m":true,"M":true}
Received trade message: {"p":"602.16000000","q":"0.00900000","s":"BNBUSDT","t":1041896453,"T":1745777438906,"e":"trade","E":1745777438906,"m":true,"M":true}
Received message: {"p":"602.16000000","q":"0.00900000","s":"BNBUSDT","t":1041896454,"T":1745777438906,"e":"trade","E":1745777438906,"m":true,"M":true}
Received trade message: {"p":"602.16000000","q":"0.00900000","s":"BNBUSDT","t":1041896454,"T":1745777438906,"e":"trade","E":1745777438906,"m":true,"M":true}
Received message: {"p":"602.16000000","q":"0.00900000","s":"BNBUSDT","t":1041896455,"T":1745777438914,"e":"trade","E":1745777438914,"m":true,"M":true}
Received trade message: {"p":"602.16000000","q":"0.00900000","s":"BNBUSDT","t":1041896455,"T":1745777438914,"e":"trade","E":1745777438914,"m":true,"M":true}
Received message: {"p":"602.16000000","q":"0.00900000","s":"BNBUSDT","t":1041896456,"T":1745777438914,"e":"trade","E":1745777438914,"m":true,"M":true}
Received trade message: {"p":"602.16000000","q":"0.00900000","s":"BNBUSDT","t":1041896456,"T":1745777438914,"e":"trade","E":1745777438914,"m":true,"M":true}
Received message: {"p":"602.16000000","q":"0.00900000","s":"BNBUSDT","t":1041896457,"T":1745777438914,"e":"trade","E":1745777438914,"m":true,"M":true}
Received trade message: {"p":"602.16000000","q":"0.00900000","s":"BNBUSDT","t":1041896457,"T":1745777438914,"e":"trade","E":1745777438914,"m":true,"M":true}
Received message: {"p":"602.16000000","q":"0.00900000","s":"BNBUSDT","t":1041896458,"T":1745777438914,"e":"trade","E":1745777438914,"m":true,"M":true}
Received trade message: {"p":"602.16000000","q":"0.00900000","s":"BNBUSDT","t":1041896458,"T":1745777438914,"e":"trade","E":1745777438914,"m":true,"M":true}
Received message: {"p":"602.16000000","q":"0.00900000","s":"BNBUSDT","t":1041896459,"T":1745777438925,"e":"trade","E":1745777438925,"m":true,"M":true}
Received trade message: {"p":"602.16000000","q":"0.00900000","s":"BNBUSDT","t":1041896459,"T":1745777438925,"e":"trade","E":1745777438925,"m":true,"M":true}
Received message: {"p":"602.16000000","q":"0.00900000","s":"BNBUSDT","t":1041896460,"T":1745777438925,"e":"trade","E":1745777438925,"m":true,"M":true}
Received trade message: {"p":"602.16000000","q":"0.00900000","s":"BNBUSDT","t":1041896460,"T":1745777438925,"e":"trade","E":1745777438925,"m":true,"M":true}
Received message: {"p":"602.16000000","q":"0.00900000","s":"BNBUSDT","t":1041896461,"T":1745777438925,"e":"trade","E":1745777438925,"m":true,"M":true}
Received trade message: {"p":"602.16000000","q":"0.00900000","s":"BNBUSDT","t":1041896461,"T":1745777438925,"e":"trade","E":1745777438925,"m":true,"M":true}
Received message: {"p":"602.16000000","q":"0.00900000","s":"BNBUSDT","t":1041896462,"T":1745777438925,"e":"trade","E":1745777438925,"m":true,"M":true}
Received trade message: {"p":"602.16000000","q":"0.00900000","s":"BNBUSDT","t":1041896462,"T":1745777438925,"e":"trade","E":1745777438925,"m":true,"M":true}
Received message: {"p":"602.16000000","q":"0.00900000","s":"BNBUSDT","t":1041896463,"T":1745777438925,"e":"trade","E":1745777438925,"m":true,"M":true}
Received trade message: {"p":"602.16000000","q":"0.00900000","s":"BNBUSDT","t":1041896463,"T":1745777438925,"e":"trade","E":1745777438925,"m":true,"M":true}
Received message: {"p":"602.16000000","q":"0.00900000","s":"BNBUSDT","t":1041896464,"T":1745777438925,"e":"trade","E":1745777438925,"m":true,"M":true}
Received trade message: {"p":"602.16000000","q":"0.00900000","s":"BNBUSDT","t":1041896464,"T":1745777438925,"e":"trade","E":1745777438925,"m":true,"M":true}
Received message: {"p":"602.16000000","q":"0.00900000","s":"BNBUSDT","t":1041896465,"T":1745777438925,"e":"trade","E":1745777438925,"m":true,"M":true}
Received trade message: {"p":"602.16000000","q":"0.00900000","s":"BNBUSDT","t":1041896465,"T":1745777438925,"e":"trade","E":1745777438925,"m":true,"M":true}
Received message: {"p":"602.16000000","q":"0.00900000","s":"BNBUSDT","t":1041896466,"T":1745777438933,"e":"trade","E":1745777438933,"m":true,"M":true}
Received trade message: {"p":"602.16000000","q":"0.00900000","s":"BNBUSDT","t":1041896466,"T":1745777438933,"e":"trade","E":1745777438933,"m":true,"M":true}
Received message: {"p":"602.16000000","q":"0.00900000","s":"BNBUSDT","t":1041896467,"T":1745777438933,"e":"trade","E":1745777438933,"m":true,"M":true}
Received trade message: {"p":"602.16000000","q":"0.00900000","s":"BNBUSDT","t":1041896467,"T":1745777438933,"e":"trade","E":1745777438933,"m":true,"M":true}
Received message: {"p":"602.16000000","q":"0.00900000","s":"BNBUSDT","t":1041896468,"T":1745777438933,"e":"trade","E":1745777438933,"m":true,"M":true}
Received trade message: {"p":"602.16000000","q":"0.00900000","s":"BNBUSDT","t":1041896468,"T":1745777438933,"e":"trade","E":1745777438933,"m":true,"M":true}
Received message: {"p":"602.16000000","q":"0.00900000","s":"BNBUSDT","t":1041896469,"T":1745777438941,"e":"trade","E":1745777438941,"m":true,"M":true}
Received trade message: {"p":"602.16000000","q":"0.00900000","s":"BNBUSDT","t":1041896469,"T":1745777438941,"e":"trade","E":1745777438941,"m":true,"M":true}
Received message: {"p":"602.16000000","q":"0.00900000","s":"BNBUSDT","t":1041896470,"T":1745777438941,"e":"trade","E":1745777438941,"m":true,"M":true}
Received trade message: {"p":"602.16000000","q":"0.00900000","s":"BNBUSDT","t":1041896470,"T":1745777438941,"e":"trade","E":1745777438941,"m":true,"M":true}
Received message: {"p":"602.16000000","q":"0.00900000","s":"BNBUSDT","t":1041896471,"T":1745777438941,"e":"trade","E":1745777438941,"m":true,"M":true}
Received trade message: {"p":"602.16000000","q":"0.00900000","s":"BNBUSDT","t":1041896471,"T":1745777438941,"e":"trade","E":1745777438941,"m":true,"M":true}
Received message: {"p":"602.16000000","q":"0.00900000","s":"BNBUSDT","t":1041896472,"T":1745777438941,"e":"trade","E":1745777438941,"m":true,"M":true}
Received trade message: {"p":"602.16000000","q":"0.00900000","s":"BNBUSDT","t":1041896472,"T":1745777438941,"e":"trade","E":1745777438941,"m":true,"M":true}
Received message: {"p":"602.16000000","q":"0.00900000","s":"BNBUSDT","t":1041896473,"T":1745777438949,"e":"trade","E":1745777438950,"m":true,"M":true}
Received trade message: {"p":"602.16000000","q":"0.00900000","s":"BNBUSDT","t":1041896473,"T":1745777438949,"e":"trade","E":1745777438950,"m":true,"M":true}
Received message: {"p":"602.16000000","q":"0.00900000","s":"BNBUSDT","t":1041896474,"T":1745777438949,"e":"trade","E":1745777438950,"m":true,"M":true}
Received trade message: {"p":"602.16000000","q":"0.00900000","s":"BNBUSDT","t":1041896474,"T":1745777438949,"e":"trade","E":1745777438950,"m":true,"M":true}
Received message: {"p":"602.16000000","q":"0.00900000","s":"BNBUSDT","t":1041896475,"T":1745777438949,"e":"trade","E":1745777438950,"m":true,"M":true}
Received trade message: {"p":"602.16000000","q":"0.00900000","s":"BNBUSDT","t":1041896475,"T":1745777438949,"e":"trade","E":1745777438950,"m":true,"M":true}
Received message: {"p":"602.16000000","q":"0.00900000","s":"BNBUSDT","t":1041896476,"T":1745777438956,"e":"trade","E":1745777438957,"m":true,"M":true}
Received trade message: {"p":"602.16000000","q":"0.00900000","s":"BNBUSDT","t":1041896476,"T":1745777438956,"e":"trade","E":1745777438957,"m":true,"M":true}
Received message: {"p":"602.16000000","q":"0.00900000","s":"BNBUSDT","t":1041896477,"T":1745777438956,"e":"trade","E":1745777438957,"m":true,"M":true}
Received trade message: {"p":"602.16000000","q":"0.00900000","s":"BNBUSDT","t":1041896477,"T":1745777438956,"e":"trade","E":1745777438957,"m":true,"M":true}
Received message: {"p":"602.16000000","q":"0.00900000","s":"BNBUSDT","t":1041896478,"T":1745777438956,"e":"trade","E":1745777438957,"m":true,"M":true}
Received trade message: {"p":"602.16000000","q":"0.00900000","s":"BNBUSDT","t":1041896478,"T":1745777438956,"e":"trade","E":1745777438957,"m":true,"M":true}
Received message: {"p":"602.16000000","q":"0.00900000","s":"BNBUSDT","t":1041896479,"T":1745777438956,"e":"trade","E":1745777438957,"m":true,"M":true}
Received trade message: {"p":"602.16000000","q":"0.00900000","s":"BNBUSDT","t":1041896479,"T":1745777438956,"e":"trade","E":1745777438957,"m":true,"M":true}
Received message: {"p":"602.16000000","q":"0.00900000","s":"BNBUSDT","t":1041896480,"T":1745777438956,"e":"trade","E":1745777438957,"m":true,"M":true}
Received trade message: {"p":"602.16000000","q":"0.00900000","s":"BNBUSDT","t":1041896480,"T":1745777438956,"e":"trade","E":1745777438957,"m":true,"M":true}
Received message: {"p":"602.16000000","q":"0.00900000","s":"BNBUSDT","t":1041896481,"T":1745777438968,"e":"trade","E":1745777438968,"m":true,"M":true}
Received trade message: {"p":"602.16000000","q":"0.00900000","s":"BNBUSDT","t":1041896481,"T":1745777438968,"e":"trade","E":1745777438968,"m":true,"M":true}
Received message: {"p":"602.16000000","q":"0.00900000","s":"BNBUSDT","t":1041896482,"T":1745777438968,"e":"trade","E":1745777438968,"m":true,"M":true}
Received trade message: {"p":"602.16000000","q":"0.00900000","s":"BNBUSDT","t":1041896482,"T":1745777438968,"e":"trade","E":1745777438968,"m":true,"M":true}
HTTP/1.1 200 OK
Date: Sun, 27 Apr 2025 18:10:38 GMT
Content-Type: application/json; charset=utf-8
Transfer-Encoding: chunked
Connection: keep-alive
Server: cloudflare
Report-To: {"group":"heroku-nel","max_age":3600,"endpoints":[{"url":"https://nel.heroku.com/reports?ts=1745681450&sid=e11707d5-02a7-43ef-b45e-2cf4d2036f7d&s=SuAqaUw6T0Zvj6qtuj1%2Bejp0k0i7GSEgVR6qO0JshHk%3D"}]}
Reporting-Endpoints: heroku-nel=https://nel.heroku.com/reports?ts=1745681450&sid=e11707d5-02a7-43ef-b45e-2cf4d2036f7d&s=SuAqaUw6T0Zvj6qtuj1%2Bejp0k0i7GSEgVR6qO0JshHk%3D
Nel: {"report_to":"heroku-nel","max_age":3600,"success_fraction":0.005,"failure_fraction":0.05,"response_headers":["Via"]}
X-Powered-By: Express
X-Ratelimit-Limit: 1000
X-Ratelimit-Remaining: 999
X-Ratelimit-Reset: 1745681498
Vary: Origin, Accept-Encoding
Access-Control-Allow-Credentials: true
Cache-Control: max-age=43200
Pragma: no-cache
Expires: -1
X-Content-Type-Options: nosniff
Etag: W/"6b80-Ybsq/K6GwwqrYkAsFxqDXGC7DoM"
Content-Encoding: gzip
Via: 1.1 vegur
Age: 9550
Cf-Cache-Status: HIT
CF-RAY: 93704721bb2aa0bc-SIN
alt-svc: h3=":443"; ma=86400

[
    {
        "userId": 1,
        "id": 1,
        "title": "sunt aut facere repellat provident occaecati excepturi optio reprehenderit",
        "body": "quia et suscipit\nsuscipit recusandae consequuntur expedita et cum\nreprehenderit molestiae ut ut quas totam\nnostrum rerum est autem sunt rem eveniet architecto"
    },
    {
        "userId": 1,
        "id": 2,
        "title": "qui est esse",
        "body": "est rerum tempore vitae\nsequi sint nihil reprehenderit dolor beatae ea dolores neque\nfugiat blanditiis voluptate porro vel nihil molestiae ut reiciendis\nqui aperiam non debitis possimus qui neque nisi nulla"
    },
    {
        "userId": 1,
        "id": 3,
        "title": "ea molestias quasi exercitationem repellat qui ipsa sit aut",
        "body": "et iusto sed quo iure\nvoluptatem occaecati omnis eligendi aut ad\nvoluptatem doloribus vel accusantium quis pariatur\nmolestiae porro eius odio et labore et velit aut"
    },
    {
        "userId": 1,
        "id": 4,
        "title": "eum et est occaecati",
        "body": "ullam et saepe reiciendis voluptatem adipisci\nsit amet autem assumenda provident rerum culpa\nquis hic commodi nesciunt rem tenetur doloremque ipsam iure\nquis sunt voluptatem rerum illo velit"
    },
    {
        "userId": 1,
        "id": 5,
        "title": "nesciunt quas odio",
        "body": "repudiandae veniam quaerat sunt sed\nalias aut fugiat sit autem sed est\nvoluptatem omnis possimus esse voluptatibus quis\nest aut tenetur dolor neque"
    },
    {
        "userId": 1,
        "id": 6,
        "title": "dolorem eum magni eos aperiam quia",
        "body": "ut aspernatur corporis harum nihil quis provident sequi\nmollitia nobis aliquid molestiae\nperspiciatis et ea nemo ab reprehenderit accusantium quas\nvoluptate dolores velit et doloremque molestiae"
    },
    {
        "userId": 1,
        "id": 7,
        "title": "magnam facilis autem",
        "body": "dolore placeat quibusdam ea quo vitae\nmagni quis enim qui quis quo nemo aut saepe\nquidem repellat excepturi ut quia\nsunt ut sequi eos ea sed quas"
    },
    {
        "userId": 1,
        "id": 8,
        "title": "dolorem dolore est ipsam",
        "body": "dignissimos aperiam dolorem qui eum\nfacilis quibusdam animi sint suscipit qui sint possimus cum\nquaerat magni maiores excepturi\nipsam ut commodi dolor voluptatum modi aut vitae"
    },
    {
        "userId": 1,
        "id": 9,
        "title": "nesciunt iure omnis dolorem tempora et accusantium",
        "body": "consectetur animi nesciunt iure dolore\nenim quia ad\nveniam autem ut quam aut nobis\net est aut quod aut provident voluptas autem voluptas"
    },
    {
        "userId": 1,
        "id": 10,
        "title": "optio molestias id quia eum",
        "body": "quo et expedita modi cum officia vel magni\ndoloribus qui repudiandae\nvero nisi sit\nquos veniam quod sed accusamus veritatis error"
    },
    {
        "userId": 2,
        "id": 11,
        "title": "et ea vero quia laudantium autem",
        "body": "delectus reiciendis molestiae occaecati non minima eveniet qui voluptatibus\naccusamus in eum beatae sit\nvel qui neque voluptates ut commodi qui incidunt\nut animi commodi"
    },
    {
        "userId": 2,
        "id": 12,
        "title": "in quibusdam tempore odit est dolorem",
        "body": "itaque id aut magnam\npraesentium quia et ea odit et ea voluptas et\nsapiente quia nihil amet occaecati quia id voluptatem\nincidunt ea est distinctio odio"
    },
    {
        "userId": 2,
        "id": 13,
        "title": "dolorum ut in voluptas mollitia et saepe quo animi",
        "body": "aut dicta possimus sint mollitia voluptas commodi quo doloremque\niste corrupti reiciendis voluptatem eius rerum\nsit cumque quod eligendi laborum minima\nperferendis recusandae assumenda consectetur porro architecto ipsum ipsam"
    },
    {
        "userId": 2,
        "id": 14,
        "title": "voluptatem eligendi optio",
        "body": "fuga et accusamus dolorum perferendis illo voluptas\nnon doloremque neque facere\nad qui dolorum molestiae beatae\nsed aut voluptas totam sit illum"
    },
    {
        "userId": 2,
        "id": 15,
        "title": "eveniet quod temporibus",
        "body": "reprehenderit quos placeat\nvelit minima officia dolores impedit repudiandae molestiae nam\nvoluptas recusandae quis delectus\nofficiis harum fugiat vitae"
    },
    {
        "userId": 2,
        "id": 16,
        "title": "sint suscipit perspiciatis velit dolorum rerum ipsa laboriosam odio",
        "body": "suscipit nam nisi quo aperiam aut\nasperiores eos fugit maiores voluptatibus quia\nvoluptatem quis ullam qui in alias quia est\nconsequatur magni mollitia accusamus ea nisi voluptate dicta"
    },
    {
        "userId": 2,
        "id": 17,
        "title": "fugit voluptas sed molestias voluptatem provident",
        "body": "eos voluptas et aut odit natus earum\naspernatur fuga molestiae ullam\ndeserunt ratione qui eos\nqui nihil ratione nemo velit ut aut id quo"
    },
    {
        "userId": 2,
        "id": 18,
        "title": "voluptate et itaque vero tempora molestiae",
        "body": "eveniet quo quis\nlaborum totam consequatur non dolor\nut et est repudiandae\nest voluptatem vel debitis et magnam"
    },
    {
        "userId": 2,
        "id": 19,
        "title": "adipisci placeat illum aut reiciendis qui",
        "body": "illum quis cupiditate provident sit magnam\nea sed aut omnis\nveniam maiores ullam consequatur atque\nadipisci quo iste expedita sit quos voluptas"
    },
    {
        "userId": 2,
        "id": 20,
        "title": "doloribus ad provident suscipit at",
        "body": "qui consequuntur ducimus possimus quisquam amet similique\nsuscipit porro ipsam amet\neos veritatis officiis exercitationem vel fugit aut necessitatibus totam\nomnis rerum consequatur expedita quidem cumque explicabo"
    },
    {
        "userId": 3,
        "id": 21,
        "title": "asperiores ea ipsam voluptatibus modi minima quia sint",
        "body": "repellat aliquid praesentium dolorem quo\nsed totam minus non itaque\nnihil labore molestiae sunt dolor eveniet hic recusandae veniam\ntempora et tenetur expedita sunt"
    },
    {
        "userId": 3,
        "id": 22,
        "title": "dolor sint quo a velit explicabo quia nam",
        "body": "eos qui et ipsum ipsam suscipit aut\nsed omnis non odio\nexpedita earum mollitia molestiae aut atque rem suscipit\nnam impedit esse"
    },
    {
        "userId": 3,
        "id": 23,
        "title": "maxime id vitae nihil numquam",
        "body": "veritatis unde neque eligendi\nquae quod architecto quo neque vitae\nest illo sit tempora doloremque fugit quod\net et vel beatae sequi ullam sed tenetur perspiciatis"
    },
    {
        "userId": 3,
        "id": 24,
        "title": "autem hic labore sunt dolores incidunt",
        "body": "enim et ex nulla\nomnis voluptas quia qui\nvoluptatem consequatur numquam aliquam sunt\ntotam recusandae id dignissimos aut sed asperiores deserunt"
    },
    {
        "userId": 3,
        "id": 25,
        "title": "rem alias distinctio quo quis",
        "body": "ullam consequatur ut\nomnis quis sit vel consequuntur\nipsa eligendi ipsum molestiae et omnis error nostrum\nmolestiae illo tempore quia et distinctio"
    },
    {
        "userId": 3,
        "id": 26,
        "title": "est et quae odit qui non",
        "body": "similique esse doloribus nihil accusamus\nomnis dolorem fuga consequuntur reprehenderit fugit recusandae temporibus\nperspiciatis cum ut laudantium\nomnis aut molestiae vel vero"
    },
    {
        "userId": 3,
        "id": 27,
        "title": "quasi id et eos tenetur aut quo autem",
        "body": "eum sed dolores ipsam sint possimus debitis occaecati\ndebitis qui qui et\nut placeat enim earum aut odit facilis\nconsequatur suscipit necessitatibus rerum sed inventore temporibus consequatur"
    },
    {
        "userId": 3,
        "id": 28,
        "title": "delectus ullam et corporis nulla voluptas sequi",
        "body": "non et quaerat ex quae ad maiores\nmaiores recusandae totam aut blanditiis mollitia quas illo\nut voluptatibus voluptatem\nsimilique nostrum eum"
    },
    {
        "userId": 3,
        "id": 29,
        "title": "iusto eius quod necessitatibus culpa ea",
        "body": "odit magnam ut saepe sed non qui\ntempora atque nihil\naccusamus illum doloribus illo dolor\neligendi repudiandae odit magni similique sed cum maiores"
    },
    {
        "userId": 3,
        "id": 30,
        "title": "a quo magni similique perferendis",
        "body": "alias dolor cumque\nimpedit blanditiis non eveniet odio maxime\nblanditiis amet eius quis tempora quia autem rem\na provident perspiciatis quia"
    },
    {
        "userId": 4,
        "id": 31,
        "title": "ullam ut quidem id aut vel consequuntur",
        "body": "debitis eius sed quibusdam non quis consectetur vitae\nimpedit ut qui consequatur sed aut in\nquidem sit nostrum et maiores adipisci atque\nquaerat voluptatem adipisci repudiandae"
    },
    {
        "userId": 4,
        "id": 32,
        "title": "doloremque illum aliquid sunt",
        "body": "deserunt eos nobis asperiores et hic\nest debitis repellat molestiae optio\nnihil ratione ut eos beatae quibusdam distinctio maiores\nearum voluptates et aut adipisci ea maiores voluptas maxime"
    },
    {
        "userId": 4,
        "id": 33,
        "title": "qui explicabo molestiae dolorem",
        "body": "rerum ut et numquam laborum odit est sit\nid qui sint in\nquasi tenetur tempore aperiam et quaerat qui in\nrerum officiis sequi cumque quod"
    },
    {
        "userId": 4,
        "id": 34,
        "title": "magnam ut rerum iure",
        "body": "ea velit perferendis earum ut voluptatem voluptate itaque iusto\ntotam pariatur in\nnemo voluptatem voluptatem autem magni tempora minima in\nest distinctio qui assumenda accusamus dignissimos officia nesciunt nobis"
    },
    {
        "userId": 4,
        "id": 35,
        "title": "id nihil consequatur molestias animi provident",
        "body": "nisi error delectus possimus ut eligendi vitae\nplaceat eos harum cupiditate facilis reprehenderit voluptatem beatae\nmodi ducimus quo illum voluptas eligendi\net nobis quia fugit"
    },
    {
        "userId": 4,
        "id": 36,
        "title": "fuga nam accusamus voluptas reiciendis itaque",
        "body": "ad mollitia et omnis minus architecto odit\nvoluptas doloremque maxime aut non ipsa qui alias veniam\nblanditiis culpa aut quia nihil cumque facere et occaecati\nqui aspernatur quia eaque ut aperiam inventore"
    },
    {
        "userId": 4,
        "id": 37,
        "title": "provident vel ut sit ratione est",
        "body": "debitis et eaque non officia sed nesciunt pariatur vel\nvoluptatem iste vero et ea\nnumquam aut expedita ipsum nulla in\nvoluptates omnis consequatur aut enim officiis in quam qui"
    },
    {
        "userId": 4,
        "id": 38,
        "title": "explicabo et eos deleniti nostrum ab id repellendus",
        "body": "animi esse sit aut sit nesciunt assumenda eum voluptas\nquia voluptatibus provident quia necessitatibus ea\nrerum repudiandae quia voluptatem delectus fugit aut id quia\nratione optio eos iusto veniam iure"
    },
    {
        "userId": 4,
        "id": 39,
        "title": "eos dolorem iste accusantium est eaque quam",
        "body": "corporis rerum ducimus vel eum accusantium\nmaxime aspernatur a porro possimus iste omnis\nest in deleniti asperiores fuga aut\nvoluptas sapiente vel dolore minus voluptatem incidunt ex"
    },
    {
        "userId": 4,
        "id": 40,
        "title": "enim quo cumque",
        "body": "ut voluptatum aliquid illo tenetur nemo sequi quo facilis\nipsum rem optio mollitia quas\nvoluptatem eum voluptas qui\nunde omnis voluptatem iure quasi maxime voluptas nam"
    },
    {
        "userId": 5,
        "id": 41,
        "title": "non est facere",
        "body": "molestias id nostrum\nexcepturi molestiae dolore omnis repellendus quaerat saepe\nconsectetur iste quaerat tenetur asperiores accusamus ex ut\nnam quidem est ducimus sunt debitis saepe"
    },
    {
        "userId": 5,
        "id": 42,
        "title": "commodi ullam sint et excepturi error explicabo praesentium voluptas",
        "body": "odio fugit voluptatum ducimus earum autem est incidunt voluptatem\nodit reiciendis aliquam sunt sequi nulla dolorem\nnon facere repellendus voluptates quia\nratione harum vitae ut"
    },
    {
        "userId": 5,
        "id": 43,
        "title": "eligendi iste nostrum consequuntur adipisci praesentium sit beatae perferendis",
        "body": "similique fugit est\nillum et dolorum harum et voluptate eaque quidem\nexercitationem quos nam commodi possimus cum odio nihil nulla\ndolorum exercitationem magnam ex et a et distinctio debitis"
    },
    {
        "userId": 5,
        "id": 44,
        "title": "optio dolor molestias sit",
        "body": "temporibus est consectetur dolore\net libero debitis vel velit laboriosam quia\nipsum quibusdam qui itaque fuga rem aut\nea et iure quam sed maxime ut distinctio quae"
    },
    {
        "userId": 5,
        "id": 45,
        "title": "ut numquam possimus omnis eius suscipit laudantium iure",
        "body": "est natus reiciendis nihil possimus aut provident\nex et dolor\nrepellat pariatur est\nnobis rerum repellendus dolorem autem"
    },
    {
        "userId": 5,
        "id": 46,
        "title": "aut quo modi neque nostrum ducimus",
        "body": "voluptatem quisquam iste\nvoluptatibus natus officiis facilis dolorem\nquis quas ipsam\nvel et voluptatum in aliquid"
    },
    {
        "userId": 5,
        "id": 47,
        "title": "quibusdam cumque rem aut deserunt",
        "body": "voluptatem assumenda ut qui ut cupiditate aut impedit veniam\noccaecati nemo illum voluptatem laudantium\nmolestiae beatae rerum ea iure soluta nostrum\neligendi et voluptate"
    },
    {
        "userId": 5,
        "id": 48,
        "title": "ut voluptatem illum ea doloribus itaque eos",
        "body": "voluptates quo voluptatem facilis iure occaecati\nvel assumenda rerum officia et\nillum perspiciatis ab deleniti\nlaudantium repellat ad ut et autem reprehenderit"
    },
    {
        "userId": 5,
        "id": 49,
        "title": "laborum non sunt aut ut assumenda perspiciatis voluptas",
        "body": "inventore ab sint\nnatus fugit id nulla sequi architecto nihil quaerat\neos tenetur in in eum veritatis non\nquibusdam officiis aspernatur cumque aut commodi aut"
    },
    {
        "userId": 5,
        "id": 50,
        "title": "repellendus qui recusandae incidunt voluptates tenetur qui omnis exercitationem",
        "body": "error suscipit maxime adipisci consequuntur recusandae\nvoluptas eligendi et est et voluptates\nquia distinctio ab amet quaerat molestiae et vitae\nadipisci impedit sequi nesciunt quis consectetur"
    },
    {
        "userId": 6,
        "id": 51,
        "title": "soluta aliquam aperiam consequatur illo quis voluptas",
        "body": "sunt dolores aut doloribus\ndolore doloribus voluptates tempora et\ndoloremque et quo\ncum asperiores sit consectetur dolorem"
    },
    {
        "userId": 6,
        "id": 52,
        "title": "qui enim et consequuntur quia animi quis voluptate quibusdam",
        "body": "iusto est quibusdam fuga quas quaerat molestias\na enim ut sit accusamus enim\ntemporibus iusto accusantium provident architecto\nsoluta esse reprehenderit qui laborum"
    },
    {
        "userId": 6,
        "id": 53,
        "title": "ut quo aut ducimus alias",
        "body": "minima harum praesentium eum rerum illo dolore\nquasi exercitationem rerum nam\nporro quis neque quo\nconsequatur minus dolor quidem veritatis sunt non explicabo similique"
    },
    {
        "userId": 6,
        "id": 54,
        "title": "sit asperiores ipsam eveniet odio non quia",
        "body": "totam corporis dignissimos\nvitae dolorem ut occaecati accusamus\nex velit deserunt\net exercitationem vero incidunt corrupti mollitia"
    },
    {
        "userId": 6,
        "id": 55,
        "title": "sit vel voluptatem et non libero",
        "body": "debitis excepturi ea perferendis harum libero optio\neos accusamus cum fuga ut sapiente repudiandae\net ut incidunt omnis molestiae\nnihil ut eum odit"
    },
    {
        "userId": 6,
        "id": 56,
        "title": "qui et at rerum necessitatibus",
        "body": "aut est omnis dolores\nneque rerum quod ea rerum velit pariatur beatae excepturi\net provident voluptas corrupti\ncorporis harum reprehenderit dolores eligendi"
    },
    {
        "userId": 6,
        "id": 57,
        "title": "sed ab est est",
        "body": "at pariatur consequuntur earum quidem\nquo est laudantium soluta voluptatem\nqui ullam et est\net cum voluptas voluptatum repellat est"
    },
    {
        "userId": 6,
        "id": 58,
        "title": "voluptatum itaque dolores nisi et quasi",
        "body": "veniam voluptatum quae adipisci id\net id quia eos ad et dolorem\naliquam quo nisi sunt eos impedit error\nad similique veniam"
    },
    {
        "userId": 6,
        "id": 59,
        "title": "qui commodi dolor at maiores et quis id accusantium",
        "body": "perspiciatis et quam ea autem temporibus non voluptatibus qui\nbeatae a earum officia nesciunt dolores suscipit voluptas et\nanimi doloribus cum rerum quas et magni\net hic ut ut commodi expedita sunt"
    },
    {
        "userId": 6,
        "id": 60,
        "title": "consequatur placeat omnis quisquam quia reprehenderit fugit veritatis facere",
        "body": "asperiores sunt ab assumenda cumque modi velit\nqui esse omnis\nvoluptate et fuga perferendis voluptas\nillo ratione amet aut et omnis"
    },
    {
        "userId": 7,
        "id": 61,
        "title": "voluptatem doloribus consectetur est ut ducimus",
        "body": "ab nemo optio odio\ndelectus tenetur corporis similique nobis repellendus rerum omnis facilis\nvero blanditiis debitis in nesciunt doloribus dicta dolores\nmagnam minus velit"
    },
    {
        "userId": 7,
        "id": 62,
        "title": "beatae enim quia vel",
        "body": "enim aspernatur illo distinctio quae praesentium\nbeatae alias amet delectus qui voluptate distinctio\nodit sint accusantium autem omnis\nquo molestiae omnis ea eveniet optio"
    },
    {
        "userId": 7,
        "id": 63,
        "title": "voluptas blanditiis repellendus animi ducimus error sapiente et suscipit",
        "body": "enim adipisci aspernatur nemo\nnumquam omnis facere dolorem dolor ex quis temporibus incidunt\nab delectus culpa quo reprehenderit blanditiis asperiores\naccusantium ut quam in voluptatibus voluptas ipsam dicta"
    },
    {
        "userId": 7,
        "id": 64,
        "title": "et fugit quas eum in in aperiam quod",
        "body": "id velit blanditiis\neum ea voluptatem\nmolestiae sint occaecati est eos perspiciatis\nincidunt a error provident eaque aut aut qui"
    },
    {
        "userId": 7,
        "id": 65,
        "title": "consequatur id enim sunt et et",
        "body": "voluptatibus ex esse\nsint explicabo est aliquid cumque adipisci fuga repellat labore\nmolestiae corrupti ex saepe at asperiores et perferendis\nnatus id esse incidunt pariatur"
    },
    {
        "userId": 7,
        "id": 66,
        "title": "repudiandae ea animi iusto",
        "body": "officia veritatis tenetur vero qui itaque\nsint non ratione\nsed et ut asperiores iusto eos molestiae nostrum\nveritatis quibusdam et nemo iusto saepe"
    },
    {
        "userId": 7,
        "id": 67,
        "title": "aliquid eos sed fuga est maxime repellendus",
        "body": "reprehenderit id nostrum\nvoluptas doloremque pariatur sint et accusantium quia quod aspernatur\net fugiat amet\nnon sapiente et consequatur necessitatibus molestiae"
    },
    {
        "userId": 7,
        "id": 68,
        "title": "odio quis facere architecto reiciendis optio",
        "body": "magnam molestiae perferendis quisquam\nqui cum reiciendis\nquaerat animi amet hic inventore\nea quia deleniti quidem saepe porro velit"
    },
    {
        "userId": 7,
        "id": 69,
        "title": "fugiat quod pariatur odit minima",
        "body": "officiis error culpa consequatur modi asperiores et\ndolorum assumenda voluptas et vel qui aut vel rerum\nvoluptatum quisquam perspiciatis quia rerum consequatur totam quas\nsequi commodi repudiandae asperiores et saepe a"
    },
    {
        "userId": 7,
        "id": 70,
        "title": "voluptatem laborum magni",
        "body": "sunt repellendus quae\nest asperiores aut deleniti esse accusamus repellendus quia aut\nquia dolorem unde\neum tempora esse dolore"
    },
    {
        "userId": 8,
        "id": 71,
        "title": "et iusto veniam et illum aut fuga",
        "body": "occaecati a doloribus\niste saepe consectetur placeat eum voluptate dolorem et\nqui quo quia voluptas\nrerum ut id enim velit est perferendis"
    },
    {
        "userId": 8,
        "id": 72,
        "title": "sint hic doloribus consequatur eos non id",
        "body": "quam occaecati qui deleniti consectetur\nconsequatur aut facere quas exercitationem aliquam hic voluptas\nneque id sunt ut aut accusamus\nsunt consectetur expedita inventore velit"
    },
    {
        "userId": 8,
        "id": 73,
        "title": "consequuntur deleniti eos quia temporibus ab aliquid at",
        "body": "voluptatem cumque tenetur consequatur expedita ipsum nemo quia explicabo\naut eum minima consequatur\ntempore cumque quae est et\net in consequuntur voluptatem voluptates aut"
    },
    {
        "userId": 8,
        "id": 74,
        "title": "enim unde ratione doloribus quas enim ut sit sapiente",
        "body": "odit qui et et necessitatibus sint veniam\nmollitia amet doloremque molestiae commodi similique magnam et quam\nblanditiis est itaque\nquo et tenetur ratione occaecati molestiae tempora"
    },
    {
        "userId": 8,
        "id": 75,
        "title": "dignissimos eum dolor ut enim et delectus in",
        "body": "commodi non non omnis et voluptas sit\nautem aut nobis magnam et sapiente voluptatem\net laborum repellat qui delectus facilis temporibus\nrerum amet et nemo voluptate expedita adipisci error dolorem"
    },
    {
        "userId": 8,
        "id": 76,
        "title": "doloremque officiis ad et non perferendis",
        "body": "ut animi facere\ntotam iusto tempore\nmolestiae eum aut et dolorem aperiam\nquaerat recusandae totam odio"
    },
    {
        "userId": 8,
        "id": 77,
        "title": "necessitatibus quasi exercitationem odio",
        "body": "modi ut in nulla repudiandae dolorum nostrum eos\naut consequatur omnis\nut incidunt est omnis iste et quam\nvoluptates sapiente aliquam asperiores nobis amet corrupti repudiandae provident"
    },
    {
        "userId": 8,
        "id": 78,
        "title": "quam voluptatibus rerum veritatis",
        "body": "nobis facilis odit tempore cupiditate quia\nassumenda doloribus rerum qui ea\nillum et qui totam\naut veniam repellendus"
    },
    {
        "userId": 8,
        "id": 79,
        "title": "pariatur consequatur quia magnam autem omnis non amet",
        "body": "libero accusantium et et facere incidunt sit dolorem\nnon excepturi qui quia sed laudantium\nquisquam molestiae ducimus est\nofficiis esse molestiae iste et quos"
    },
    {
        "userId": 8,
        "id": 80,
        "title": "labore in ex et explicabo corporis aut quas",
        "body": "ex quod dolorem ea eum iure qui provident amet\nquia qui facere excepturi et repudiandae\nasperiores molestias provident\nminus incidunt vero fugit rerum sint sunt excepturi provident"
    },
    {
        "userId": 9,
        "id": 81,
        "title": "tempora rem veritatis voluptas quo dolores vero",
        "body": "facere qui nesciunt est voluptatum voluptatem nisi\nsequi eligendi necessitatibus ea at rerum itaque\nharum non ratione velit laboriosam quis consequuntur\nex officiis minima doloremque voluptas ut aut"
    },
    {
        "userId": 9,
        "id": 82,
        "title": "laudantium voluptate suscipit sunt enim enim",
        "body": "ut libero sit aut totam inventore sunt\nporro sint qui sunt molestiae\nconsequatur cupiditate qui iste ducimus adipisci\ndolor enim assumenda soluta laboriosam amet iste delectus hic"
    },
    {
        "userId": 9,
        "id": 83,
        "title": "odit et voluptates doloribus alias odio et",
        "body": "est molestiae facilis quis tempora numquam nihil qui\nvoluptate sapiente consequatur est qui\nnecessitatibus autem aut ipsa aperiam modi dolore numquam\nreprehenderit eius rem quibusdam"
    },
    {
        "userId": 9,
        "id": 84,
        "title": "optio ipsam molestias necessitatibus occaecati facilis veritatis dolores aut",
        "body": "sint molestiae magni a et quos\neaque et quasi\nut rerum debitis similique veniam\nrecusandae dignissimos dolor incidunt consequatur odio"
    },
    {
        "userId": 9,
        "id": 85,
        "title": "dolore veritatis porro provident adipisci blanditiis et sunt",
        "body": "similique sed nisi voluptas iusto omnis\nmollitia et quo\nassumenda suscipit officia magnam sint sed tempora\nenim provident pariatur praesentium atque animi amet ratione"
    },
    {
        "userId": 9,
        "id": 86,
        "title": "placeat quia et porro iste",
        "body": "quasi excepturi consequatur iste autem temporibus sed molestiae beatae\net quaerat et esse ut\nvoluptatem occaecati et vel explicabo autem\nasperiores pariatur deserunt optio"
    },
    {
        "userId": 9,
        "id": 87,
        "title": "nostrum quis quasi placeat",
        "body": "eos et molestiae\nnesciunt ut a\ndolores perspiciatis repellendus repellat aliquid\nmagnam sint rem ipsum est"
    },
    {
        "userId": 9,
        "id": 88,
        "title": "sapiente omnis fugit eos",
        "body": "consequatur omnis est praesentium\nducimus non iste\nneque hic deserunt\nvoluptatibus veniam cum et rerum sed"
    },
    {
        "userId": 9,
        "id": 89,
        "title": "sint soluta et vel magnam aut ut sed qui",
        "body": "repellat aut aperiam totam temporibus autem et\narchitecto magnam ut\nconsequatur qui cupiditate rerum quia soluta dignissimos nihil iure\ntempore quas est"
    },
    {
        "userId": 9,
        "id": 90,
        "title": "ad iusto omnis odit dolor voluptatibus",
        "body": "minus omnis soluta quia\nqui sed adipisci voluptates illum ipsam voluptatem\neligendi officia ut in\neos soluta similique molestias praesentium blanditiis"
    },
    {
        "userId": 10,
        "id": 91,
        "title": "aut amet sed",
        "body": "libero voluptate eveniet aperiam sed\nsunt placeat suscipit molestias\nsimilique fugit nam natus\nexpedita consequatur consequatur dolores quia eos et placeat"
    },
    {
        "userId": 10,
        "id": 92,
        "title": "ratione ex tenetur perferendis",
        "body": "aut et excepturi dicta laudantium sint rerum nihil\nlaudantium et at\na neque minima officia et similique libero et\ncommodi voluptate qui"
    },
    {
        "userId": 10,
        "id": 93,
        "title": "beatae soluta recusandae",
        "body": "dolorem quibusdam ducimus consequuntur dicta aut quo laboriosam\nvoluptatem quis enim recusandae ut sed sunt\nnostrum est odit totam\nsit error sed sunt eveniet provident qui nulla"
    },
    {
        "userId": 10,
        "id": 94,
        "title": "qui qui voluptates illo iste minima",
        "body": "aspernatur expedita soluta quo ab ut similique\nexpedita dolores amet\nsed temporibus distinctio magnam saepe deleniti\nomnis facilis nam ipsum natus sint similique omnis"
    },
    {
        "userId": 10,
        "id": 95,
        "title": "id minus libero illum nam ad officiis",
        "body": "earum voluptatem facere provident blanditiis velit laboriosam\npariatur accusamus odio saepe\ncumque dolor qui a dicta ab doloribus consequatur omnis\ncorporis cupiditate eaque assumenda ad nesciunt"
    },
    {
        "userId": 10,
        "id": 96,
        "title": "quaerat velit veniam amet cupiditate aut numquam ut sequi",
        "body": "in non odio excepturi sint eum\nlabore voluptates vitae quia qui et\ninventore itaque rerum\nveniam non exercitationem delectus aut"
    },
    {
        "userId": 10,
        "id": 97,
        "title": "quas fugiat ut perspiciatis vero provident",
        "body": "eum non blanditiis soluta porro quibusdam voluptas\nvel voluptatem qui placeat dolores qui velit aut\nvel inventore aut cumque culpa explicabo aliquid at\nperspiciatis est et voluptatem dignissimos dolor itaque sit nam"
    },
    {
        "userId": 10,
        "id": 98,
        "title": "laboriosam dolor voluptates",
        "body": "doloremque ex facilis sit sint culpa\nsoluta assumenda eligendi non ut eius\nsequi ducimus vel quasi\nveritatis est dolores"
    },
    {
        "userId": 10,
        "id": 99,
        "title": "temporibus sit alias delectus eligendi possimus magni",
        "body": "quo deleniti praesentium dicta non quod\naut est molestias\nmolestias et officia quis nihil\nitaque dolorem quia"
    },
    {
        "userId": 10,
        "id": 100,
        "title": "at nam consequatur ea labore ea harum",
        "body": "cupiditate quo est a modi nesciunt soluta\nipsa voluptas error itaque dicta in\nautem qui minus magnam et distinctio eum\naccusamus ratione error aut"
    }
]
Received message: {"p":"602.16000000","q":"0.00900000","s":"BNBUSDT","t":1041896483,"T":1745777438976,"e":"trade","E":1745777438976,"m":true,"M":true}
Received trade message: {"p":"602.16000000","q":"0.00900000","s":"BNBUSDT","t":1041896483,"T":1745777438976,"e":"trade","E":1745777438976,"m":true,"M":true}
Received message: {"p":"602.16000000","q":"0.00900000","s":"BNBUSDT","t":1041896484,"T":1745777438976,"e":"trade","E":1745777438976,"m":true,"M":true}
Received trade message: {"p":"602.16000000","q":"0.00900000","s":"BNBUSDT","t":1041896484,"T":1745777438976,"e":"trade","E":1745777438976,"m":true,"M":true}
Received message: {"p":"602.16000000","q":"0.00900000","s":"BNBUSDT","t":1041896485,"T":1745777438976,"e":"trade","E":1745777438976,"m":true,"M":true}
Received trade message: {"p":"602.16000000","q":"0.00900000","s":"BNBUSDT","t":1041896485,"T":1745777438976,"e":"trade","E":1745777438976,"m":true,"M":true}
Received message: {"p":"602.16000000","q":"0.00900000","s":"BNBUSDT","t":1041896486,"T":1745777438976,"e":"trade","E":1745777438976,"m":true,"M":true}
Received trade message: {"p":"602.16000000","q":"0.00900000","s":"BNBUSDT","t":1041896486,"T":1745777438976,"e":"trade","E":1745777438976,"m":true,"M":true}
Received message: {"p":"602.16000000","q":"0.00900000","s":"BNBUSDT","t":1041896487,"T":1745777438976,"e":"trade","E":1745777438976,"m":true,"M":true}
Received trade message: {"p":"602.16000000","q":"0.00900000","s":"BNBUSDT","t":1041896487,"T":1745777438976,"e":"trade","E":1745777438976,"m":true,"M":true}
Received message: {"p":"602.16000000","q":"0.00900000","s":"BNBUSDT","t":1041896488,"T":1745777438984,"e":"trade","E":1745777438985,"m":true,"M":true}
Received trade message: {"p":"602.16000000","q":"0.00900000","s":"BNBUSDT","t":1041896488,"T":1745777438984,"e":"trade","E":1745777438985,"m":true,"M":true}
Received message: {"p":"602.16000000","q":"0.00900000","s":"BNBUSDT","t":1041896489,"T":1745777438984,"e":"trade","E":1745777438985,"m":true,"M":true}
Received trade message: {"p":"602.16000000","q":"0.00900000","s":"BNBUSDT","t":1041896489,"T":1745777438984,"e":"trade","E":1745777438985,"m":true,"M":true}
Received message: {"p":"602.16000000","q":"0.00900000","s":"BNBUSDT","t":1041896490,"T":1745777438984,"e":"trade","E":1745777438985,"m":true,"M":true}
Received trade message: {"p":"602.16000000","q":"0.00900000","s":"BNBUSDT","t":1041896490,"T":1745777438984,"e":"trade","E":1745777438985,"m":true,"M":true}
Received message: {"p":"602.16000000","q":"0.00900000","s":"BNBUSDT","t":1041896491,"T":1745777438992,"e":"trade","E":1745777438993,"m":true,"M":true}
Received trade message: {"p":"602.16000000","q":"0.00900000","s":"BNBUSDT","t":1041896491,"T":1745777438992,"e":"trade","E":1745777438993,"m":true,"M":true}
Received message: {"p":"602.16000000","q":"0.00900000","s":"BNBUSDT","t":1041896492,"T":1745777438992,"e":"trade","E":1745777438993,"m":true,"M":true}
Received trade message: {"p":"602.16000000","q":"0.00900000","s":"BNBUSDT","t":1041896492,"T":1745777438992,"e":"trade","E":1745777438993,"m":true,"M":true}
Received message: {"p":"602.16000000","q":"0.00900000","s":"BNBUSDT","t":1041896493,"T":1745777438992,"e":"trade","E":1745777438993,"m":true,"M":true}
Received trade message: {"p":"602.16000000","q":"0.00900000","s":"BNBUSDT","t":1041896493,"T":1745777438992,"e":"trade","E":1745777438993,"m":true,"M":true}
Received message: {"p":"602.16000000","q":"0.03400000","s":"BNBUSDT","t":1041896494,"T":1745777438992,"e":"trade","E":1745777438993,"m":true,"M":true}
Received trade message: {"p":"602.16000000","q":"0.03400000","s":"BNBUSDT","t":1041896494,"T":1745777438992,"e":"trade","E":1745777438993,"m":true,"M":true}
Received message: {"p":"602.16000000","q":"0.00900000","s":"BNBUSDT","t":1041896495,"T":1745777438992,"e":"trade","E":1745777438993,"m":true,"M":true}
Received trade message: {"p":"602.16000000","q":"0.00900000","s":"BNBUSDT","t":1041896495,"T":1745777438992,"e":"trade","E":1745777438993,"m":true,"M":true}
Received message: {"p":"602.16000000","q":"0.00900000","s":"BNBUSDT","t":1041896496,"T":1745777439000,"e":"trade","E":1745777439001,"m":true,"M":true}
Received trade message: {"p":"602.16000000","q":"0.00900000","s":"BNBUSDT","t":1041896496,"T":1745777439000,"e":"trade","E":1745777439001,"m":true,"M":true}
Received message: {"p":"602.16000000","q":"0.00900000","s":"BNBUSDT","t":1041896497,"T":1745777439000,"e":"trade","E":1745777439001,"m":true,"M":true}
Received trade message: {"p":"602.16000000","q":"0.00900000","s":"BNBUSDT","t":1041896497,"T":1745777439000,"e":"trade","E":1745777439001,"m":true,"M":true}
Received message: {"p":"602.16000000","q":"0.00900000","s":"BNBUSDT","t":1041896498,"T":1745777439000,"e":"trade","E":1745777439001,"m":true,"M":true}
Received trade message: {"p":"602.16000000","q":"0.00900000","s":"BNBUSDT","t":1041896498,"T":1745777439000,"e":"trade","E":1745777439001,"m":true,"M":true}
Received message: {"p":"602.16000000","q":"0.00900000","s":"BNBUSDT","t":1041896499,"T":1745777439008,"e":"trade","E":1745777439009,"m":true,"M":true}
Received trade message: {"p":"602.16000000","q":"0.00900000","s":"BNBUSDT","t":1041896499,"T":1745777439008,"e":"trade","E":1745777439009,"m":true,"M":true}
Received message: {"p":"602.16000000","q":"0.00900000","s":"BNBUSDT","t":1041896500,"T":1745777439008,"e":"trade","E":1745777439009,"m":true,"M":true}
Received trade message: {"p":"602.16000000","q":"0.00900000","s":"BNBUSDT","t":1041896500,"T":1745777439008,"e":"trade","E":1745777439009,"m":true,"M":true}
Received message: {"p":"602.16000000","q":"0.00900000","s":"BNBUSDT","t":1041896501,"T":1745777439008,"e":"trade","E":1745777439009,"m":true,"M":true}
Received trade message: {"p":"602.16000000","q":"0.00900000","s":"BNBUSDT","t":1041896501,"T":1745777439008,"e":"trade","E":1745777439009,"m":true,"M":true}
Received message: {"p":"602.16000000","q":"0.00900000","s":"BNBUSDT","t":1041896502,"T":1745777439008,"e":"trade","E":1745777439009,"m":true,"M":true}
Received trade message: {"p":"602.16000000","q":"0.00900000","s":"BNBUSDT","t":1041896502,"T":1745777439008,"e":"trade","E":1745777439009,"m":true,"M":true}
Received message: {"p":"602.16000000","q":"0.00900000","s":"BNBUSDT","t":1041896503,"T":1745777439008,"e":"trade","E":1745777439009,"m":true,"M":true}
Received trade message: {"p":"602.16000000","q":"0.00900000","s":"BNBUSDT","t":1041896503,"T":1745777439008,"e":"trade","E":1745777439009,"m":true,"M":true}
Received message: {"a":[["94095.24000000","4.21927000"],["94095.25000000","0.00752000"],["94096.22000000","0.00000000"],["94097.78000000","0.00382000"],["94123.96000000","0.00000000"],["94124.27000000","1.67119000"],["94124.31000000","0.01661000"],["94302.26000000","6.64244000"],["95506.67000000","0.00000000"]],"b":[["94095.23000000","1.17410000"],["94085.34000000","0.00000000"],["94085.33000000","0.03190000"],["94069.52000000","0.00000000"],["94066.27000000","0.00000000"],["94066.23000000","1.63763000"],["94033.04000000","0.00000000"],["94029.20000000","0.63744000"],["94024.60000000","0.00000000"],["93976.79000000","0.01661000"],["93972.27000000","0.03798000"],["93968.44000000","0.03798000"],["93963.34000000","0.03798000"],["93958.72000000","0.03798000"],["93954.62000000","0.03798000"],["93950.16000000","0.03798000"],["93931.31000000","0.00000000"],["93928.36000000","0.00000000"],["93926.12000000","0.00000000"],["93925.65000000","0.00000000"],["93923.59000000","0.00000000"],["93922.35000000","0.00000000"],["93920.14000000","0.00000000"],["93919.86000000","0.00000000"],["93917.44000000","0.00000000"],["93915.45000000","0.00000000"],["93914.55000000","0.00000000"],["93888.53000000","6.41471000"],["93300.00000000","6.22576000"],["93248.37000000","0.00032000"],["93154.28000000","0.00024000"],["92955.63000000","0.00008000"],["92861.55000000","0.00008000"],["92767.46000000","0.00008000"],["92683.80000000","0.00108000"],["92673.38000000","0.00008000"],["86567.62000000","0.00000000"],["84685.00000000","0.00000000"],["75276.19000000","0.00052000"],["42000.00000000","3.70583000"],["33000.00000000","2.70601000"],["20002.00000000","0.00000000"],["20001.00000000","0.03474000"]],"s":"BTCUSDT","e":"depthUpdate","E":1745777439014,"U":67663546790,"u":67663546862}
Received message: {"a":[["94095.24000000","4.21927000"],["94095.25000000","0.00752000"],["94096.22000000","0.00000000"],["94097.78000000","0.00382000"],["94123.96000000","0.00000000"],["94124.27000000","1.67119000"],["94124.31000000","0.01661000"],["94302.26000000","6.64244000"],["95506.67000000","0.00000000"]],"b":[["94095.23000000","1.17410000"],["94085.34000000","0.00000000"],["94085.33000000","0.03190000"],["94069.52000000","0.00000000"],["94066.27000000","0.00000000"],["94066.23000000","1.63763000"],["94033.04000000","0.00000000"],["94029.20000000","0.63744000"],["94024.60000000","0.00000000"],["93976.79000000","0.01661000"],["93972.27000000","0.03798000"],["93968.44000000","0.03798000"],["93963.34000000","0.03798000"],["93958.72000000","0.03798000"],["93954.62000000","0.03798000"],["93950.16000000","0.03798000"],["93931.31000000","0.00000000"],["93928.36000000","0.00000000"],["93926.12000000","0.00000000"],["93925.65000000","0.00000000"],["93923.59000000","0.00000000"],["93922.35000000","0.00000000"],["93920.14000000","0.00000000"],["93919.86000000","0.00000000"],["93917.44000000","0.00000000"],["93915.45000000","0.00000000"],["93914.55000000","0.00000000"],["93888.53000000","6.41471000"],["93300.00000000","6.22576000"],["93248.37000000","0.00032000"],["93154.28000000","0.00024000"],["92955.63000000","0.00008000"],["92861.55000000","0.00008000"],["92767.46000000","0.00008000"],["92683.80000000","0.00108000"],["92673.38000000","0.00008000"],["86567.62000000","0.00000000"],["84685.00000000","0.00000000"],["75276.19000000","0.00052000"],["42000.00000000","3.70583000"],["33000.00000000","2.70601000"],["20002.00000000","0.00000000"],["20001.00000000","0.03474000"]],"s":"BTCUSDT","e":"depthUpdate","E":1745777439014,"U":67663546790,"u":67663546862}
Received message: {"p":"94095.24000000","a":3551019296,"q":"0.00009000","s":"BTCUSDT","T":1745777439016,"e":"aggTrade","E":1745777439016,"f":4855242625,"l":4855242625,"m":false,"M":true}
Received message: {"p":"94095.24000000","a":3551019296,"q":"0.00009000","s":"BTCUSDT","T":1745777439016,"e":"aggTrade","E":1745777439016,"f":4855242625,"l":4855242625,"m":false,"M":true}
Received message: {"p":"602.16000000","q":"0.00900000","s":"BNBUSDT","t":1041896504,"T":1745777439018,"e":"trade","E":1745777439019,"m":true,"M":true}
Received trade message: {"p":"602.16000000","q":"0.00900000","s":"BNBUSDT","t":1041896504,"T":1745777439018,"e":"trade","E":1745777439019,"m":true,"M":true}
Received message: {"p":"602.16000000","q":"0.00900000","s":"BNBUSDT","t":1041896505,"T":1745777439018,"e":"trade","E":1745777439019,"m":true,"M":true}
Received trade message: {"p":"602.16000000","q":"0.00900000","s":"BNBUSDT","t":1041896505,"T":1745777439018,"e":"trade","E":1745777439019,"m":true,"M":true}
Received message: {"p":"602.16000000","q":"0.00900000","s":"BNBUSDT","t":1041896506,"T":1745777439018,"e":"trade","E":1745777439019,"m":true,"M":true}
Received trade message: {"p":"602.16000000","q":"0.00900000","s":"BNBUSDT","t":1041896506,"T":1745777439018,"e":"trade","E":1745777439019,"m":true,"M":true}
Received message: {"p":"94095.24000000","a":3551019297,"q":"0.00426000","s":"BTCUSDT","T":1745777439024,"e":"aggTrade","E":1745777439025,"f":4855242626,"l":4855242626,"m":false,"M":true}
Received message: {"p":"94095.24000000","a":3551019297,"q":"0.00426000","s":"BTCUSDT","T":1745777439024,"e":"aggTrade","E":1745777439025,"f":4855242626,"l":4855242626,"m":false,"M":true}
Received message: {"p":"602.16000000","q":"0.00900000","s":"BNBUSDT","t":1041896507,"T":1745777439026,"e":"trade","E":1745777439027,"m":true,"M":true}
Received trade message: {"p":"602.16000000","q":"0.00900000","s":"BNBUSDT","t":1041896507,"T":1745777439026,"e":"trade","E":1745777439027,"m":true,"M":true}
Received message: {"p":"602.16000000","q":"0.00900000","s":"BNBUSDT","t":1041896508,"T":1745777439026,"e":"trade","E":1745777439027,"m":true,"M":true}
Received trade message: {"p":"602.16000000","q":"0.00900000","s":"BNBUSDT","t":1041896508,"T":1745777439026,"e":"trade","E":1745777439027,"m":true,"M":true}
Received message: {"p":"602.16000000","q":"0.00900000","s":"BNBUSDT","t":1041896509,"T":1745777439026,"e":"trade","E":1745777439027,"m":true,"M":true}
Received trade message: {"p":"602.16000000","q":"0.00900000","s":"BNBUSDT","t":1041896509,"T":1745777439026,"e":"trade","E":1745777439027,"m":true,"M":true}
Received message: {"p":"602.16000000","q":"0.00900000","s":"BNBUSDT","t":1041896510,"T":1745777439026,"e":"trade","E":1745777439027,"m":true,"M":true}
Received trade message: {"p":"602.16000000","q":"0.00900000","s":"BNBUSDT","t":1041896510,"T":1745777439026,"e":"trade","E":1745777439027,"m":true,"M":true}
Received message: {"p":"602.16000000","q":"0.00900000","s":"BNBUSDT","t":1041896511,"T":1745777439026,"e":"trade","E":1745777439027,"m":true,"M":true}
Received trade message: {"p":"602.16000000","q":"0.00900000","s":"BNBUSDT","t":1041896511,"T":1745777439026,"e":"trade","E":1745777439027,"m":true,"M":true}
Received message: {"p":"602.16000000","q":"0.00900000","s":"BNBUSDT","t":1041896512,"T":1745777439026,"e":"trade","E":1745777439027,"m":true,"M":true}
Received trade message: {"p":"602.16000000","q":"0.00900000","s":"BNBUSDT","t":1041896512,"T":1745777439026,"e":"trade","E":1745777439027,"m":true,"M":true}
Received message: {"p":"602.16000000","q":"0.00900000","s":"BNBUSDT","t":1041896513,"T":1745777439035,"e":"trade","E":1745777439035,"m":true,"M":true}
Received trade message: {"p":"602.16000000","q":"0.00900000","s":"BNBUSDT","t":1041896513,"T":1745777439035,"e":"trade","E":1745777439035,"m":true,"M":true}
Received message: {"p":"602.16000000","q":"0.00900000","s":"BNBUSDT","t":1041896514,"T":1745777439035,"e":"trade","E":1745777439035,"m":true,"M":true}
Received trade message: {"p":"602.16000000","q":"0.00900000","s":"BNBUSDT","t":1041896514,"T":1745777439035,"e":"trade","E":1745777439035,"m":true,"M":true}
Received message: {"p":"602.16000000","q":"0.00900000","s":"BNBUSDT","t":1041896515,"T":1745777439045,"e":"trade","E":1745777439046,"m":true,"M":true}
Received trade message: {"p":"602.16000000","q":"0.00900000","s":"BNBUSDT","t":1041896515,"T":1745777439045,"e":"trade","E":1745777439046,"m":true,"M":true}
Received message: {"p":"602.16000000","q":"0.00900000","s":"BNBUSDT","t":1041896516,"T":1745777439045,"e":"trade","E":1745777439046,"m":true,"M":true}
Received trade message: {"p":"602.16000000","q":"0.00900000","s":"BNBUSDT","t":1041896516,"T":1745777439045,"e":"trade","E":1745777439046,"m":true,"M":true}
Received message: {"p":"602.16000000","q":"0.00900000","s":"BNBUSDT","t":1041896517,"T":1745777439045,"e":"trade","E":1745777439046,"m":true,"M":true}
Received trade message: {"p":"602.16000000","q":"0.00900000","s":"BNBUSDT","t":1041896517,"T":1745777439045,"e":"trade","E":1745777439046,"m":true,"M":true}
Received message: {"p":"602.16000000","q":"0.00900000","s":"BNBUSDT","t":1041896518,"T":1745777439045,"e":"trade","E":1745777439046,"m":true,"M":true}
Received trade message: {"p":"602.16000000","q":"0.00900000","s":"BNBUSDT","t":1041896518,"T":1745777439045,"e":"trade","E":1745777439046,"m":true,"M":true}
Received message: {"p":"602.16000000","q":"0.00900000","s":"BNBUSDT","t":1041896519,"T":1745777439045,"e":"trade","E":1745777439046,"m":true,"M":true}
Received trade message: {"p":"602.16000000","q":"0.00900000","s":"BNBUSDT","t":1041896519,"T":1745777439045,"e":"trade","E":1745777439046,"m":true,"M":true}
Received message: {"p":"602.16000000","q":"0.00900000","s":"BNBUSDT","t":1041896520,"T":1745777439045,"e":"trade","E":1745777439046,"m":true,"M":true}
Received trade message: {"p":"602.16000000","q":"0.00900000","s":"BNBUSDT","t":1041896520,"T":1745777439045,"e":"trade","E":1745777439046,"m":true,"M":true}
Received message: {"p":"602.16000000","q":"0.00900000","s":"BNBUSDT","t":1041896521,"T":1745777439045,"e":"trade","E":1745777439046,"m":true,"M":true}
Received trade message: {"p":"602.16000000","q":"0.00900000","s":"BNBUSDT","t":1041896521,"T":1745777439045,"e":"trade","E":1745777439046,"m":true,"M":true}
Received message: {"p":"602.16000000","q":"0.00900000","s":"BNBUSDT","t":1041896522,"T":1745777439047,"e":"trade","E":1745777439048,"m":true,"M":true}
Received trade message: {"p":"602.16000000","q":"0.00900000","s":"BNBUSDT","t":1041896522,"T":1745777439047,"e":"trade","E":1745777439048,"m":true,"M":true}
Received message: {"p":"602.16000000","q":"0.00900000","s":"BNBUSDT","t":1041896523,"T":1745777439047,"e":"trade","E":1745777439048,"m":true,"M":true}
Received trade message: {"p":"602.16000000","q":"0.00900000","s":"BNBUSDT","t":1041896523,"T":1745777439047,"e":"trade","E":1745777439048,"m":true,"M":true}
Received message: {"p":"602.16000000","q":"0.00900000","s":"BNBUSDT","t":1041896524,"T":1745777439047,"e":"trade","E":1745777439048,"m":true,"M":true}
Received trade message: {"p":"602.16000000","q":"0.00900000","s":"BNBUSDT","t":1041896524,"T":1745777439047,"e":"trade","E":1745777439048,"m":true,"M":true}
Received message: {"p":"602.16000000","q":"0.00900000","s":"BNBUSDT","t":1041896525,"T":1745777439047,"e":"trade","E":1745777439048,"m":true,"M":true}
Received trade message: {"p":"602.16000000","q":"0.00900000","s":"BNBUSDT","t":1041896525,"T":1745777439047,"e":"trade","E":1745777439048,"m":true,"M":true}
Received message: {"p":"602.16000000","q":"0.00900000","s":"BNBUSDT","t":1041896526,"T":1745777439047,"e":"trade","E":1745777439048,"m":true,"M":true}
Received trade message: {"p":"602.16000000","q":"0.00900000","s":"BNBUSDT","t":1041896526,"T":1745777439047,"e":"trade","E":1745777439048,"m":true,"M":true}
Received message: {"p":"602.16000000","q":"0.00900000","s":"BNBUSDT","t":1041896527,"T":1745777439047,"e":"trade","E":1745777439048,"m":true,"M":true}
Received trade message: {"p":"602.16000000","q":"0.00900000","s":"BNBUSDT","t":1041896527,"T":1745777439047,"e":"trade","E":1745777439048,"m":true,"M":true}
Received message: {"p":"602.15000000","q":"0.00900000","s":"BNBUSDT","t":1041896528,"T":1745777439049,"e":"trade","E":1745777439050,"m":true,"M":true}
Received trade message: {"p":"602.15000000","q":"0.00900000","s":"BNBUSDT","t":1041896528,"T":1745777439049,"e":"trade","E":1745777439050,"m":true,"M":true}
Received message: {"p":"602.15000000","q":"0.00900000","s":"BNBUSDT","t":1041896529,"T":1745777439049,"e":"trade","E":1745777439050,"m":true,"M":true}
Received trade message: {"p":"602.15000000","q":"0.00900000","s":"BNBUSDT","t":1041896529,"T":1745777439049,"e":"trade","E":1745777439050,"m":true,"M":true}
Received message: {"p":"602.15000000","q":"0.00900000","s":"BNBUSDT","t":1041896530,"T":1745777439049,"e":"trade","E":1745777439050,"m":true,"M":true}
Received trade message: {"p":"602.15000000","q":"0.00900000","s":"BNBUSDT","t":1041896530,"T":1745777439049,"e":"trade","E":1745777439050,"m":true,"M":true}
Received message: {"p":"602.15000000","q":"0.00900000","s":"BNBUSDT","t":1041896531,"T":1745777439049,"e":"trade","E":1745777439050,"m":true,"M":true}
Received trade message: {"p":"602.15000000","q":"0.00900000","s":"BNBUSDT","t":1041896531,"T":1745777439049,"e":"trade","E":1745777439050,"m":true,"M":true}
Received message: {"p":"602.15000000","q":"0.00900000","s":"BNBUSDT","t":1041896532,"T":1745777439049,"e":"trade","E":1745777439050,"m":true,"M":true}
Received trade message: {"p":"602.15000000","q":"0.00900000","s":"BNBUSDT","t":1041896532,"T":1745777439049,"e":"trade","E":1745777439050,"m":true,"M":true}
Received message: {"p":"602.15000000","q":"0.00900000","s":"BNBUSDT","t":1041896533,"T":1745777439049,"e":"trade","E":1745777439050,"m":true,"M":true}
Received trade message: {"p":"602.15000000","q":"0.00900000","s":"BNBUSDT","t":1041896533,"T":1745777439049,"e":"trade","E":1745777439050,"m":true,"M":true}
Received message: {"p":"602.14000000","q":"0.00900000","s":"BNBUSDT","t":1041896534,"T":1745777439049,"e":"trade","E":1745777439050,"m":true,"M":true}
Received trade message: {"p":"602.14000000","q":"0.00900000","s":"BNBUSDT","t":1041896534,"T":1745777439049,"e":"trade","E":1745777439050,"m":true,"M":true}
Received message: {"p":"602.13000000","q":"0.00900000","s":"BNBUSDT","t":1041896535,"T":1745777439049,"e":"trade","E":1745777439050,"m":true,"M":true}
Received trade message: {"p":"602.13000000","q":"0.00900000","s":"BNBUSDT","t":1041896535,"T":1745777439049,"e":"trade","E":1745777439050,"m":true,"M":true}
Received message: {"p":"602.13000000","q":"0.01700000","s":"BNBUSDT","t":1041896536,"T":1745777439049,"e":"trade","E":1745777439050,"m":true,"M":true}
Received trade message: {"p":"602.13000000","q":"0.01700000","s":"BNBUSDT","t":1041896536,"T":1745777439049,"e":"trade","E":1745777439050,"m":true,"M":true}
Received message: {"p":"602.13000000","q":"0.00900000","s":"BNBUSDT","t":1041896537,"T":1745777439049,"e":"trade","E":1745777439050,"m":true,"M":true}
Received trade message: {"p":"602.13000000","q":"0.00900000","s":"BNBUSDT","t":1041896537,"T":1745777439049,"e":"trade","E":1745777439050,"m":true,"M":true}
Received message: {"p":"602.12000000","q":"0.00900000","s":"BNBUSDT","t":1041896538,"T":1745777439049,"e":"trade","E":1745777439050,"m":true,"M":true}
Received trade message: {"p":"602.12000000","q":"0.00900000","s":"BNBUSDT","t":1041896538,"T":1745777439049,"e":"trade","E":1745777439050,"m":true,"M":true}
Received message: {"p":"602.11000000","q":"0.00900000","s":"BNBUSDT","t":1041896539,"T":1745777439049,"e":"trade","E":1745777439050,"m":true,"M":true}
Received trade message: {"p":"602.11000000","q":"0.00900000","s":"BNBUSDT","t":1041896539,"T":1745777439049,"e":"trade","E":1745777439050,"m":true,"M":true}
Received message: {"p":"602.11000000","q":"0.16600000","s":"BNBUSDT","t":1041896540,"T":1745777439113,"e":"trade","E":1745777439113,"m":false,"M":true}
Received trade message: {"p":"602.11000000","q":"0.16600000","s":"BNBUSDT","t":1041896540,"T":1745777439113,"e":"trade","E":1745777439113,"m":false,"M":true}
Received message: {"p":"94095.24000000","a":3551019298,"q":"0.00021000","s":"BTCUSDT","T":1745777439159,"e":"aggTrade","E":1745777439159,"f":4855242627,"l":4855242627,"m":false,"M":true}
Received message: {"p":"94095.24000000","a":3551019298,"q":"0.00021000","s":"BTCUSDT","T":1745777439159,"e":"aggTrade","E":1745777439159,"f":4855242627,"l":4855242627,"m":false,"M":true}
Checking Schema Should be TrueReceived message: {"p":"94095.24000000","a":3551019299,"q":"0.00018000","s":"BTCUSDT","T":1745777439398,"e":"aggTrade","E":1745777439399,"f":4855242628,"l":4855242628,"m":false,"M":true}
Received message: {"p":"94095.24000000","a":3551019299,"q":"0.00018000","s":"BTCUSDT","T":1745777439398,"e":"aggTrade","E":1745777439399,"f":4855242628,"l":4855242628,"m":false,"M":true}
Request method:	POST
Request URI:	https://jsonplaceholder.typicode.com/posts
Proxy:			<none>
Request params:	<none>
Query params:	<none>
Form params:	<none>
Path params:	<none>
Headers:		Accept=*/*
				Content-Type=application/json
Cookies:		<none>
Multiparts:		<none>
Body:
{
    "title": "Chanel Schneider",
    "body": "Suite 027 7124 Val Hill, East Hilariomouth, AR 37803",
    "userId": 16146
}
Received message: {"p":"94095.23000000","a":3551019300,"q":"0.00068000","s":"BTCUSDT","T":1745777439443,"e":"aggTrade","E":1745777439444,"f":4855242629,"l":4855242629,"m":true,"M":true}
Received message: {"p":"94095.23000000","a":3551019300,"q":"0.00068000","s":"BTCUSDT","T":1745777439443,"e":"aggTrade","E":1745777439444,"f":4855242629,"l":4855242629,"m":true,"M":true}
Received message: {"p":"94095.24000000","a":3551019301,"q":"0.00010000","s":"BTCUSDT","T":1745777439723,"e":"aggTrade","E":1745777439723,"f":4855242630,"l":4855242630,"m":false,"M":true}
Received message: {"p":"94095.24000000","a":3551019301,"q":"0.00010000","s":"BTCUSDT","T":1745777439723,"e":"aggTrade","E":1745777439723,"f":4855242630,"l":4855242630,"m":false,"M":true}
Received message: {"p":"94095.23000000","a":3551019302,"q":"0.00017000","s":"BTCUSDT","T":1745777439740,"e":"aggTrade","E":1745777439740,"f":4855242631,"l":4855242631,"m":true,"M":true}
Received message: {"p":"94095.23000000","a":3551019302,"q":"0.00017000","s":"BTCUSDT","T":1745777439740,"e":"aggTrade","E":1745777439740,"f":4855242631,"l":4855242631,"m":true,"M":true}
Received message: {"p":"94095.24000000","a":3551019303,"q":"0.00042000","s":"BTCUSDT","T":1745777439760,"e":"aggTrade","E":1745777439760,"f":4855242632,"l":4855242632,"m":false,"M":true}
Received message: {"p":"94095.24000000","a":3551019303,"q":"0.00042000","s":"BTCUSDT","T":1745777439760,"e":"aggTrade","E":1745777439760,"f":4855242632,"l":4855242632,"m":false,"M":true}
Received message: {"p":"602.11000000","q":"0.04700000","s":"BNBUSDT","t":1041896541,"T":1745777439800,"e":"trade","E":1745777439801,"m":false,"M":true}
Received trade message: {"p":"602.11000000","q":"0.04700000","s":"BNBUSDT","t":1041896541,"T":1745777439800,"e":"trade","E":1745777439801,"m":false,"M":true}
Received message: {"p":"602.11000000","q":"3.19200000","s":"BNBUSDT","t":1041896542,"T":1745777439810,"e":"trade","E":1745777439811,"m":false,"M":true}
Received trade message: {"p":"602.11000000","q":"3.19200000","s":"BNBUSDT","t":1041896542,"T":1745777439810,"e":"trade","E":1745777439811,"m":false,"M":true}
Received message: {"p":"602.11000000","q":"0.99800000","s":"BNBUSDT","t":1041896543,"T":1745777439810,"e":"trade","E":1745777439811,"m":false,"M":true}
Received trade message: {"p":"602.11000000","q":"0.99800000","s":"BNBUSDT","t":1041896543,"T":1745777439810,"e":"trade","E":1745777439811,"m":false,"M":true}
Received message: {"p":"602.11000000","q":"1.62400000","s":"BNBUSDT","t":1041896544,"T":1745777439810,"e":"trade","E":1745777439811,"m":false,"M":true}
Received trade message: {"p":"602.11000000","q":"1.62400000","s":"BNBUSDT","t":1041896544,"T":1745777439810,"e":"trade","E":1745777439811,"m":false,"M":true}
Received message: {"p":"602.11000000","q":"0.00900000","s":"BNBUSDT","t":1041896545,"T":1745777439810,"e":"trade","E":1745777439811,"m":false,"M":true}
Received trade message: {"p":"602.11000000","q":"0.00900000","s":"BNBUSDT","t":1041896545,"T":1745777439810,"e":"trade","E":1745777439811,"m":false,"M":true}
Received message: {"p":"602.11000000","q":"9.22200000","s":"BNBUSDT","t":1041896546,"T":1745777439810,"e":"trade","E":1745777439811,"m":false,"M":true}
Received trade message: {"p":"602.11000000","q":"9.22200000","s":"BNBUSDT","t":1041896546,"T":1745777439810,"e":"trade","E":1745777439811,"m":false,"M":true}
Received message: {"p":"602.11000000","q":"0.09300000","s":"BNBUSDT","t":1041896547,"T":1745777439810,"e":"trade","E":1745777439811,"m":false,"M":true}
Received trade message: {"p":"602.11000000","q":"0.09300000","s":"BNBUSDT","t":1041896547,"T":1745777439810,"e":"trade","E":1745777439811,"m":false,"M":true}
Received message: {"p":"602.11000000","q":"2.80600000","s":"BNBUSDT","t":1041896548,"T":1745777439811,"e":"trade","E":1745777439811,"m":false,"M":true}
Received trade message: {"p":"602.11000000","q":"2.80600000","s":"BNBUSDT","t":1041896548,"T":1745777439811,"e":"trade","E":1745777439811,"m":false,"M":true}
Received message: {"p":"602.11000000","q":"1.93100000","s":"BNBUSDT","t":1041896549,"T":1745777439811,"e":"trade","E":1745777439811,"m":false,"M":true}
Received trade message: {"p":"602.11000000","q":"1.93100000","s":"BNBUSDT","t":1041896549,"T":1745777439811,"e":"trade","E":1745777439811,"m":false,"M":true}
Received message: {"p":"602.11000000","q":"1.21900000","s":"BNBUSDT","t":1041896550,"T":1745777439811,"e":"trade","E":1745777439811,"m":false,"M":true}
Received trade message: {"p":"602.11000000","q":"1.21900000","s":"BNBUSDT","t":1041896550,"T":1745777439811,"e":"trade","E":1745777439811,"m":false,"M":true}
Received message: {"p":"602.11000000","q":"2.38500000","s":"BNBUSDT","t":1041896551,"T":1745777439811,"e":"trade","E":1745777439812,"m":false,"M":true}
Received trade message: {"p":"602.11000000","q":"2.38500000","s":"BNBUSDT","t":1041896551,"T":1745777439811,"e":"trade","E":1745777439812,"m":false,"M":true}
Received message: {"p":"602.11000000","q":"0.87600000","s":"BNBUSDT","t":1041896552,"T":1745777439812,"e":"trade","E":1745777439812,"m":false,"M":true}
Received trade message: {"p":"602.11000000","q":"0.87600000","s":"BNBUSDT","t":1041896552,"T":1745777439812,"e":"trade","E":1745777439812,"m":false,"M":true}
Received message: {"p":"602.11000000","q":"0.00900000","s":"BNBUSDT","t":1041896553,"T":1745777439812,"e":"trade","E":1745777439812,"m":false,"M":true}
Received trade message: {"p":"602.11000000","q":"0.00900000","s":"BNBUSDT","t":1041896553,"T":1745777439812,"e":"trade","E":1745777439812,"m":false,"M":true}
Received message: {"p":"602.11000000","q":"0.00900000","s":"BNBUSDT","t":1041896554,"T":1745777439812,"e":"trade","E":1745777439812,"m":false,"M":true}
Received trade message: {"p":"602.11000000","q":"0.00900000","s":"BNBUSDT","t":1041896554,"T":1745777439812,"e":"trade","E":1745777439812,"m":false,"M":true}
Received message: {"p":"602.11000000","q":"0.00900000","s":"BNBUSDT","t":1041896555,"T":1745777439812,"e":"trade","E":1745777439812,"m":false,"M":true}
Received trade message: {"p":"602.11000000","q":"0.00900000","s":"BNBUSDT","t":1041896555,"T":1745777439812,"e":"trade","E":1745777439812,"m":false,"M":true}
Received message: {"p":"602.11000000","q":"0.00900000","s":"BNBUSDT","t":1041896556,"T":1745777439812,"e":"trade","E":1745777439812,"m":false,"M":true}
Received trade message: {"p":"602.11000000","q":"0.00900000","s":"BNBUSDT","t":1041896556,"T":1745777439812,"e":"trade","E":1745777439812,"m":false,"M":true}
Received message: {"p":"602.11000000","q":"3.30700000","s":"BNBUSDT","t":1041896557,"T":1745777439812,"e":"trade","E":1745777439812,"m":false,"M":true}
Received trade message: {"p":"602.11000000","q":"3.30700000","s":"BNBUSDT","t":1041896557,"T":1745777439812,"e":"trade","E":1745777439812,"m":false,"M":true}
Received message: {"p":"602.11000000","q":"0.02300000","s":"BNBUSDT","t":1041896558,"T":1745777439812,"e":"trade","E":1745777439812,"m":false,"M":true}
Received trade message: {"p":"602.11000000","q":"0.02300000","s":"BNBUSDT","t":1041896558,"T":1745777439812,"e":"trade","E":1745777439812,"m":false,"M":true}
Received message: {"p":"602.11000000","q":"1.40500000","s":"BNBUSDT","t":1041896559,"T":1745777439812,"e":"trade","E":1745777439812,"m":false,"M":true}
Received trade message: {"p":"602.11000000","q":"1.40500000","s":"BNBUSDT","t":1041896559,"T":1745777439812,"e":"trade","E":1745777439812,"m":false,"M":true}
Received message: {"p":"602.11000000","q":"0.08200000","s":"BNBUSDT","t":1041896560,"T":1745777439812,"e":"trade","E":1745777439812,"m":false,"M":true}
Received trade message: {"p":"602.11000000","q":"0.08200000","s":"BNBUSDT","t":1041896560,"T":1745777439812,"e":"trade","E":1745777439812,"m":false,"M":true}
Received message: {"p":"602.11000000","q":"0.08300000","s":"BNBUSDT","t":1041896561,"T":1745777439812,"e":"trade","E":1745777439812,"m":false,"M":true}
Received trade message: {"p":"602.11000000","q":"0.08300000","s":"BNBUSDT","t":1041896561,"T":1745777439812,"e":"trade","E":1745777439812,"m":false,"M":true}
Received message: {"p":"602.11000000","q":"0.08200000","s":"BNBUSDT","t":1041896562,"T":1745777439812,"e":"trade","E":1745777439812,"m":false,"M":true}
Received trade message: {"p":"602.11000000","q":"0.08200000","s":"BNBUSDT","t":1041896562,"T":1745777439812,"e":"trade","E":1745777439812,"m":false,"M":true}
Received message: {"p":"602.11000000","q":"0.33200000","s":"BNBUSDT","t":1041896563,"T":1745777439812,"e":"trade","E":1745777439812,"m":false,"M":true}
Received trade message: {"p":"602.11000000","q":"0.33200000","s":"BNBUSDT","t":1041896563,"T":1745777439812,"e":"trade","E":1745777439812,"m":false,"M":true}
Received message: {"p":"602.11000000","q":"0.00900000","s":"BNBUSDT","t":1041896564,"T":1745777439812,"e":"trade","E":1745777439812,"m":false,"M":true}
Received trade message: {"p":"602.11000000","q":"0.00900000","s":"BNBUSDT","t":1041896564,"T":1745777439812,"e":"trade","E":1745777439812,"m":false,"M":true}
Received message: {"p":"602.11000000","q":"0.00900000","s":"BNBUSDT","t":1041896565,"T":1745777439812,"e":"trade","E":1745777439812,"m":false,"M":true}
Received trade message: {"p":"602.11000000","q":"0.00900000","s":"BNBUSDT","t":1041896565,"T":1745777439812,"e":"trade","E":1745777439812,"m":false,"M":true}
Received message: {"p":"602.11000000","q":"0.00900000","s":"BNBUSDT","t":1041896566,"T":1745777439812,"e":"trade","E":1745777439812,"m":false,"M":true}
Received trade message: {"p":"602.11000000","q":"0.00900000","s":"BNBUSDT","t":1041896566,"T":1745777439812,"e":"trade","E":1745777439812,"m":false,"M":true}
Received message: {"p":"602.11000000","q":"0.00900000","s":"BNBUSDT","t":1041896567,"T":1745777439812,"e":"trade","E":1745777439812,"m":false,"M":true}
Received trade message: {"p":"602.11000000","q":"0.00900000","s":"BNBUSDT","t":1041896567,"T":1745777439812,"e":"trade","E":1745777439812,"m":false,"M":true}
Received message: {"p":"602.11000000","q":"0.00900000","s":"BNBUSDT","t":1041896568,"T":1745777439812,"e":"trade","E":1745777439812,"m":false,"M":true}
Received trade message: {"p":"602.11000000","q":"0.00900000","s":"BNBUSDT","t":1041896568,"T":1745777439812,"e":"trade","E":1745777439812,"m":false,"M":true}
Received message: {"p":"602.11000000","q":"0.00900000","s":"BNBUSDT","t":1041896569,"T":1745777439812,"e":"trade","E":1745777439812,"m":false,"M":true}
Received trade message: {"p":"602.11000000","q":"0.00900000","s":"BNBUSDT","t":1041896569,"T":1745777439812,"e":"trade","E":1745777439812,"m":false,"M":true}
Received message: {"p":"602.11000000","q":"0.08200000","s":"BNBUSDT","t":1041896570,"T":1745777439812,"e":"trade","E":1745777439812,"m":false,"M":true}
Received trade message: {"p":"602.11000000","q":"0.08200000","s":"BNBUSDT","t":1041896570,"T":1745777439812,"e":"trade","E":1745777439812,"m":false,"M":true}
Received message: {"p":"602.11000000","q":"0.05600000","s":"BNBUSDT","t":1041896571,"T":1745777439812,"e":"trade","E":1745777439812,"m":false,"M":true}
Received trade message: {"p":"602.11000000","q":"0.05600000","s":"BNBUSDT","t":1041896571,"T":1745777439812,"e":"trade","E":1745777439812,"m":false,"M":true}
Received message: {"p":"602.11000000","q":"0.33200000","s":"BNBUSDT","t":1041896572,"T":1745777439812,"e":"trade","E":1745777439812,"m":false,"M":true}
Received trade message: {"p":"602.11000000","q":"0.33200000","s":"BNBUSDT","t":1041896572,"T":1745777439812,"e":"trade","E":1745777439812,"m":false,"M":true}
Received message: {"p":"602.11000000","q":"0.08200000","s":"BNBUSDT","t":1041896573,"T":1745777439812,"e":"trade","E":1745777439812,"m":false,"M":true}
Received trade message: {"p":"602.11000000","q":"0.08200000","s":"BNBUSDT","t":1041896573,"T":1745777439812,"e":"trade","E":1745777439812,"m":false,"M":true}
Received message: {"p":"602.11000000","q":"0.00900000","s":"BNBUSDT","t":1041896574,"T":1745777439812,"e":"trade","E":1745777439812,"m":false,"M":true}
Received trade message: {"p":"602.11000000","q":"0.00900000","s":"BNBUSDT","t":1041896574,"T":1745777439812,"e":"trade","E":1745777439812,"m":false,"M":true}
Received message: {"p":"602.11000000","q":"0.00900000","s":"BNBUSDT","t":1041896575,"T":1745777439812,"e":"trade","E":1745777439812,"m":false,"M":true}
Received trade message: {"p":"602.11000000","q":"0.00900000","s":"BNBUSDT","t":1041896575,"T":1745777439812,"e":"trade","E":1745777439812,"m":false,"M":true}
Received message: {"p":"602.11000000","q":"0.00900000","s":"BNBUSDT","t":1041896576,"T":1745777439812,"e":"trade","E":1745777439812,"m":false,"M":true}
Received trade message: {"p":"602.11000000","q":"0.00900000","s":"BNBUSDT","t":1041896576,"T":1745777439812,"e":"trade","E":1745777439812,"m":false,"M":true}
Received message: {"p":"602.11000000","q":"0.00900000","s":"BNBUSDT","t":1041896577,"T":1745777439812,"e":"trade","E":1745777439812,"m":false,"M":true}
Received trade message: {"p":"602.11000000","q":"0.00900000","s":"BNBUSDT","t":1041896577,"T":1745777439812,"e":"trade","E":1745777439812,"m":false,"M":true}
Received message: {"p":"602.11000000","q":"0.00900000","s":"BNBUSDT","t":1041896578,"T":1745777439812,"e":"trade","E":1745777439812,"m":false,"M":true}
Received trade message: {"p":"602.11000000","q":"0.00900000","s":"BNBUSDT","t":1041896578,"T":1745777439812,"e":"trade","E":1745777439812,"m":false,"M":true}
Received message: {"p":"602.12000000","q":"0.74400000","s":"BNBUSDT","t":1041896579,"T":1745777439813,"e":"trade","E":1745777439813,"m":false,"M":true}
Received trade message: {"p":"602.12000000","q":"0.74400000","s":"BNBUSDT","t":1041896579,"T":1745777439813,"e":"trade","E":1745777439813,"m":false,"M":true}
Received message: {"p":"602.12000000","q":"0.00900000","s":"BNBUSDT","t":1041896580,"T":1745777439813,"e":"trade","E":1745777439813,"m":false,"M":true}
Received trade message: {"p":"602.12000000","q":"0.00900000","s":"BNBUSDT","t":1041896580,"T":1745777439813,"e":"trade","E":1745777439813,"m":false,"M":true}
Received message: {"p":"602.12000000","q":"0.00900000","s":"BNBUSDT","t":1041896581,"T":1745777439813,"e":"trade","E":1745777439813,"m":false,"M":true}
Received trade message: {"p":"602.12000000","q":"0.00900000","s":"BNBUSDT","t":1041896581,"T":1745777439813,"e":"trade","E":1745777439813,"m":false,"M":true}
Received message: {"p":"602.12000000","q":"0.00900000","s":"BNBUSDT","t":1041896582,"T":1745777439813,"e":"trade","E":1745777439813,"m":false,"M":true}
Received trade message: {"p":"602.12000000","q":"0.00900000","s":"BNBUSDT","t":1041896582,"T":1745777439813,"e":"trade","E":1745777439813,"m":false,"M":true}
Received message: {"p":"602.12000000","q":"0.00900000","s":"BNBUSDT","t":1041896583,"T":1745777439813,"e":"trade","E":1745777439813,"m":false,"M":true}
Received trade message: {"p":"602.12000000","q":"0.00900000","s":"BNBUSDT","t":1041896583,"T":1745777439813,"e":"trade","E":1745777439813,"m":false,"M":true}
Received message: {"p":"602.12000000","q":"0.00900000","s":"BNBUSDT","t":1041896584,"T":1745777439813,"e":"trade","E":1745777439813,"m":false,"M":true}
Received trade message: {"p":"602.12000000","q":"0.00900000","s":"BNBUSDT","t":1041896584,"T":1745777439813,"e":"trade","E":1745777439813,"m":false,"M":true}
Received message: {"p":"602.12000000","q":"0.00900000","s":"BNBUSDT","t":1041896585,"T":1745777439813,"e":"trade","E":1745777439813,"m":false,"M":true}
Received trade message: {"p":"602.12000000","q":"0.00900000","s":"BNBUSDT","t":1041896585,"T":1745777439813,"e":"trade","E":1745777439813,"m":false,"M":true}
Received message: {"p":"602.13000000","q":"0.43500000","s":"BNBUSDT","t":1041896586,"T":1745777439813,"e":"trade","E":1745777439813,"m":false,"M":true}
Received trade message: {"p":"602.13000000","q":"0.43500000","s":"BNBUSDT","t":1041896586,"T":1745777439813,"e":"trade","E":1745777439813,"m":false,"M":true}
Received message: {"p":"602.13000000","q":"0.15400000","s":"BNBUSDT","t":1041896587,"T":1745777439813,"e":"trade","E":1745777439813,"m":false,"M":true}
Received trade message: {"p":"602.13000000","q":"0.15400000","s":"BNBUSDT","t":1041896587,"T":1745777439813,"e":"trade","E":1745777439813,"m":false,"M":true}
Received message: {"p":"602.13000000","q":"0.00900000","s":"BNBUSDT","t":1041896588,"T":1745777439813,"e":"trade","E":1745777439813,"m":false,"M":true}
Received trade message: {"p":"602.13000000","q":"0.00900000","s":"BNBUSDT","t":1041896588,"T":1745777439813,"e":"trade","E":1745777439813,"m":false,"M":true}
Received message: {"p":"602.13000000","q":"0.00900000","s":"BNBUSDT","t":1041896589,"T":1745777439813,"e":"trade","E":1745777439813,"m":false,"M":true}
Received trade message: {"p":"602.13000000","q":"0.00900000","s":"BNBUSDT","t":1041896589,"T":1745777439813,"e":"trade","E":1745777439813,"m":false,"M":true}
Received message: {"p":"602.13000000","q":"0.00900000","s":"BNBUSDT","t":1041896590,"T":1745777439813,"e":"trade","E":1745777439813,"m":false,"M":true}
Received trade message: {"p":"602.13000000","q":"0.00900000","s":"BNBUSDT","t":1041896590,"T":1745777439813,"e":"trade","E":1745777439813,"m":false,"M":true}
Received message: {"p":"602.13000000","q":"0.00900000","s":"BNBUSDT","t":1041896591,"T":1745777439813,"e":"trade","E":1745777439813,"m":false,"M":true}
Received trade message: {"p":"602.13000000","q":"0.00900000","s":"BNBUSDT","t":1041896591,"T":1745777439813,"e":"trade","E":1745777439813,"m":false,"M":true}
Received message: {"p":"602.14000000","q":"0.02000000","s":"BNBUSDT","t":1041896592,"T":1745777439815,"e":"trade","E":1745777439815,"m":false,"M":true}
Received trade message: {"p":"602.14000000","q":"0.02000000","s":"BNBUSDT","t":1041896592,"T":1745777439815,"e":"trade","E":1745777439815,"m":false,"M":true}
Received message: {"p":"602.14000000","q":"0.00900000","s":"BNBUSDT","t":1041896593,"T":1745777439815,"e":"trade","E":1745777439815,"m":false,"M":true}
Received trade message: {"p":"602.14000000","q":"0.00900000","s":"BNBUSDT","t":1041896593,"T":1745777439815,"e":"trade","E":1745777439815,"m":false,"M":true}
Received message: {"p":"602.14000000","q":"0.00900000","s":"BNBUSDT","t":1041896594,"T":1745777439815,"e":"trade","E":1745777439815,"m":false,"M":true}
Received trade message: {"p":"602.14000000","q":"0.00900000","s":"BNBUSDT","t":1041896594,"T":1745777439815,"e":"trade","E":1745777439815,"m":false,"M":true}
Received message: {"p":"602.14000000","q":"0.00900000","s":"BNBUSDT","t":1041896595,"T":1745777439815,"e":"trade","E":1745777439815,"m":false,"M":true}
Received trade message: {"p":"602.14000000","q":"0.00900000","s":"BNBUSDT","t":1041896595,"T":1745777439815,"e":"trade","E":1745777439815,"m":false,"M":true}
Received message: {"p":"602.14000000","q":"5.88300000","s":"BNBUSDT","t":1041896596,"T":1745777439815,"e":"trade","E":1745777439815,"m":false,"M":true}
Received trade message: {"p":"602.14000000","q":"5.88300000","s":"BNBUSDT","t":1041896596,"T":1745777439815,"e":"trade","E":1745777439815,"m":false,"M":true}
Received message: {"p":"602.14000000","q":"0.52900000","s":"BNBUSDT","t":1041896597,"T":1745777439815,"e":"trade","E":1745777439815,"m":false,"M":true}
Received trade message: {"p":"602.14000000","q":"0.52900000","s":"BNBUSDT","t":1041896597,"T":1745777439815,"e":"trade","E":1745777439815,"m":false,"M":true}
Received message: {"p":"602.14000000","q":"0.00900000","s":"BNBUSDT","t":1041896598,"T":1745777439815,"e":"trade","E":1745777439815,"m":false,"M":true}
Received trade message: {"p":"602.14000000","q":"0.00900000","s":"BNBUSDT","t":1041896598,"T":1745777439815,"e":"trade","E":1745777439815,"m":false,"M":true}
Received message: {"p":"602.14000000","q":"0.00900000","s":"BNBUSDT","t":1041896599,"T":1745777439815,"e":"trade","E":1745777439815,"m":false,"M":true}
Received trade message: {"p":"602.14000000","q":"0.00900000","s":"BNBUSDT","t":1041896599,"T":1745777439815,"e":"trade","E":1745777439815,"m":false,"M":true}
Received message: {"p":"602.14000000","q":"0.00900000","s":"BNBUSDT","t":1041896600,"T":1745777439815,"e":"trade","E":1745777439815,"m":false,"M":true}
Received trade message: {"p":"602.14000000","q":"0.00900000","s":"BNBUSDT","t":1041896600,"T":1745777439815,"e":"trade","E":1745777439815,"m":false,"M":true}
Received message: {"p":"602.14000000","q":"0.00900000","s":"BNBUSDT","t":1041896601,"T":1745777439815,"e":"trade","E":1745777439815,"m":false,"M":true}
Received trade message: {"p":"602.14000000","q":"0.00900000","s":"BNBUSDT","t":1041896601,"T":1745777439815,"e":"trade","E":1745777439815,"m":false,"M":true}
Received message: {"p":"602.15000000","q":"0.00900000","s":"BNBUSDT","t":1041896602,"T":1745777439872,"e":"trade","E":1745777439872,"m":false,"M":true}
Received trade message: {"p":"602.15000000","q":"0.00900000","s":"BNBUSDT","t":1041896602,"T":1745777439872,"e":"trade","E":1745777439872,"m":false,"M":true}
Received message: {"p":"602.15000000","q":"0.00900000","s":"BNBUSDT","t":1041896603,"T":1745777439872,"e":"trade","E":1745777439872,"m":false,"M":true}
Received trade message: {"p":"602.15000000","q":"0.00900000","s":"BNBUSDT","t":1041896603,"T":1745777439872,"e":"trade","E":1745777439872,"m":false,"M":true}
Received message: {"p":"602.15000000","q":"0.00900000","s":"BNBUSDT","t":1041896604,"T":1745777439872,"e":"trade","E":1745777439872,"m":false,"M":true}
Received trade message: {"p":"602.15000000","q":"0.00900000","s":"BNBUSDT","t":1041896604,"T":1745777439872,"e":"trade","E":1745777439872,"m":false,"M":true}
Received message: {"p":"602.15000000","q":"0.00900000","s":"BNBUSDT","t":1041896605,"T":1745777439872,"e":"trade","E":1745777439872,"m":false,"M":true}
Received trade message: {"p":"602.15000000","q":"0.00900000","s":"BNBUSDT","t":1041896605,"T":1745777439872,"e":"trade","E":1745777439872,"m":false,"M":true}
Received message: {"p":"602.15000000","q":"0.07400000","s":"BNBUSDT","t":1041896606,"T":1745777439872,"e":"trade","E":1745777439872,"m":false,"M":true}
Received trade message: {"p":"602.15000000","q":"0.07400000","s":"BNBUSDT","t":1041896606,"T":1745777439872,"e":"trade","E":1745777439872,"m":false,"M":true}
Received message: {"p":"602.15000000","q":"0.00900000","s":"BNBUSDT","t":1041896607,"T":1745777439872,"e":"trade","E":1745777439872,"m":false,"M":true}
Received trade message: {"p":"602.15000000","q":"0.00900000","s":"BNBUSDT","t":1041896607,"T":1745777439872,"e":"trade","E":1745777439872,"m":false,"M":true}
Received message: {"p":"602.15000000","q":"0.00900000","s":"BNBUSDT","t":1041896608,"T":1745777439872,"e":"trade","E":1745777439872,"m":false,"M":true}
Received trade message: {"p":"602.15000000","q":"0.00900000","s":"BNBUSDT","t":1041896608,"T":1745777439872,"e":"trade","E":1745777439872,"m":false,"M":true}
Received message: {"p":"602.15000000","q":"0.00900000","s":"BNBUSDT","t":1041896609,"T":1745777439872,"e":"trade","E":1745777439872,"m":false,"M":true}
Received trade message: {"p":"602.15000000","q":"0.00900000","s":"BNBUSDT","t":1041896609,"T":1745777439872,"e":"trade","E":1745777439872,"m":false,"M":true}
Received message: {"p":"602.15000000","q":"0.37800000","s":"BNBUSDT","t":1041896610,"T":1745777439872,"e":"trade","E":1745777439872,"m":false,"M":true}
Received trade message: {"p":"602.15000000","q":"0.37800000","s":"BNBUSDT","t":1041896610,"T":1745777439872,"e":"trade","E":1745777439872,"m":false,"M":true}
Received message: {"p":"602.15000000","q":"0.08800000","s":"BNBUSDT","t":1041896611,"T":1745777439872,"e":"trade","E":1745777439872,"m":false,"M":true}
Received trade message: {"p":"602.15000000","q":"0.08800000","s":"BNBUSDT","t":1041896611,"T":1745777439872,"e":"trade","E":1745777439872,"m":false,"M":true}
Received message: {"p":"602.15000000","q":"0.84700000","s":"BNBUSDT","t":1041896612,"T":1745777439872,"e":"trade","E":1745777439872,"m":false,"M":true}
Received trade message: {"p":"602.15000000","q":"0.84700000","s":"BNBUSDT","t":1041896612,"T":1745777439872,"e":"trade","E":1745777439872,"m":false,"M":true}
Received message: {"p":"602.15000000","q":"0.00900000","s":"BNBUSDT","t":1041896613,"T":1745777439872,"e":"trade","E":1745777439872,"m":false,"M":true}
Received trade message: {"p":"602.15000000","q":"0.00900000","s":"BNBUSDT","t":1041896613,"T":1745777439872,"e":"trade","E":1745777439872,"m":false,"M":true}
Received message: {"p":"602.15000000","q":"0.00900000","s":"BNBUSDT","t":1041896614,"T":1745777439872,"e":"trade","E":1745777439872,"m":false,"M":true}
Received trade message: {"p":"602.15000000","q":"0.00900000","s":"BNBUSDT","t":1041896614,"T":1745777439872,"e":"trade","E":1745777439872,"m":false,"M":true}
Received message: {"p":"602.15000000","q":"0.00900000","s":"BNBUSDT","t":1041896615,"T":1745777439872,"e":"trade","E":1745777439872,"m":false,"M":true}
Received trade message: {"p":"602.15000000","q":"0.00900000","s":"BNBUSDT","t":1041896615,"T":1745777439872,"e":"trade","E":1745777439872,"m":false,"M":true}
Received message: {"p":"602.15000000","q":"0.00900000","s":"BNBUSDT","t":1041896616,"T":1745777439872,"e":"trade","E":1745777439872,"m":false,"M":true}
Received trade message: {"p":"602.15000000","q":"0.00900000","s":"BNBUSDT","t":1041896616,"T":1745777439872,"e":"trade","E":1745777439872,"m":false,"M":true}
Received message: {"p":"602.16000000","q":"0.00900000","s":"BNBUSDT","t":1041896617,"T":1745777439872,"e":"trade","E":1745777439872,"m":false,"M":true}
Received trade message: {"p":"602.16000000","q":"0.00900000","s":"BNBUSDT","t":1041896617,"T":1745777439872,"e":"trade","E":1745777439872,"m":false,"M":true}
Received message: {"p":"602.16000000","q":"1.59700000","s":"BNBUSDT","t":1041896618,"T":1745777439872,"e":"trade","E":1745777439872,"m":false,"M":true}
Received trade message: {"p":"602.16000000","q":"1.59700000","s":"BNBUSDT","t":1041896618,"T":1745777439872,"e":"trade","E":1745777439872,"m":false,"M":true}
Received message: {"p":"602.16000000","q":"0.00900000","s":"BNBUSDT","t":1041896619,"T":1745777439872,"e":"trade","E":1745777439872,"m":false,"M":true}
Received trade message: {"p":"602.16000000","q":"0.00900000","s":"BNBUSDT","t":1041896619,"T":1745777439872,"e":"trade","E":1745777439872,"m":false,"M":true}
Received message: {"p":"602.16000000","q":"0.00900000","s":"BNBUSDT","t":1041896620,"T":1745777439872,"e":"trade","E":1745777439872,"m":false,"M":true}
Received trade message: {"p":"602.16000000","q":"0.00900000","s":"BNBUSDT","t":1041896620,"T":1745777439872,"e":"trade","E":1745777439872,"m":false,"M":true}
Received message: {"p":"602.16000000","q":"0.00900000","s":"BNBUSDT","t":1041896621,"T":1745777439872,"e":"trade","E":1745777439872,"m":false,"M":true}
Received trade message: {"p":"602.16000000","q":"0.00900000","s":"BNBUSDT","t":1041896621,"T":1745777439872,"e":"trade","E":1745777439872,"m":false,"M":true}
Received message: {"p":"602.16000000","q":"0.37500000","s":"BNBUSDT","t":1041896622,"T":1745777439872,"e":"trade","E":1745777439872,"m":false,"M":true}
Received trade message: {"p":"602.16000000","q":"0.37500000","s":"BNBUSDT","t":1041896622,"T":1745777439872,"e":"trade","E":1745777439872,"m":false,"M":true}
Received message: {"p":"602.16000000","q":"0.00900000","s":"BNBUSDT","t":1041896623,"T":1745777439872,"e":"trade","E":1745777439872,"m":false,"M":true}
Received trade message: {"p":"602.16000000","q":"0.00900000","s":"BNBUSDT","t":1041896623,"T":1745777439872,"e":"trade","E":1745777439872,"m":false,"M":true}
Received message: {"p":"602.16000000","q":"0.00900000","s":"BNBUSDT","t":1041896624,"T":1745777439872,"e":"trade","E":1745777439872,"m":false,"M":true}
Received trade message: {"p":"602.16000000","q":"0.00900000","s":"BNBUSDT","t":1041896624,"T":1745777439872,"e":"trade","E":1745777439872,"m":false,"M":true}
Received message: {"p":"602.16000000","q":"0.00900000","s":"BNBUSDT","t":1041896625,"T":1745777439872,"e":"trade","E":1745777439872,"m":false,"M":true}
Received trade message: {"p":"602.16000000","q":"0.00900000","s":"BNBUSDT","t":1041896625,"T":1745777439872,"e":"trade","E":1745777439872,"m":false,"M":true}
Received message: {"p":"602.16000000","q":"0.00900000","s":"BNBUSDT","t":1041896626,"T":1745777439872,"e":"trade","E":1745777439872,"m":false,"M":true}
Received trade message: {"p":"602.16000000","q":"0.00900000","s":"BNBUSDT","t":1041896626,"T":1745777439872,"e":"trade","E":1745777439872,"m":false,"M":true}
Received message: {"p":"602.16000000","q":"0.00900000","s":"BNBUSDT","t":1041896627,"T":1745777439872,"e":"trade","E":1745777439872,"m":false,"M":true}
Received trade message: {"p":"602.16000000","q":"0.00900000","s":"BNBUSDT","t":1041896627,"T":1745777439872,"e":"trade","E":1745777439872,"m":false,"M":true}
Received message: {"p":"602.17000000","q":"0.00900000","s":"BNBUSDT","t":1041896628,"T":1745777439874,"e":"trade","E":1745777439874,"m":false,"M":true}
Received trade message: {"p":"602.17000000","q":"0.00900000","s":"BNBUSDT","t":1041896628,"T":1745777439874,"e":"trade","E":1745777439874,"m":false,"M":true}
Received message: {"p":"602.17000000","q":"0.85800000","s":"BNBUSDT","t":1041896629,"T":1745777439874,"e":"trade","E":1745777439874,"m":false,"M":true}
Received trade message: {"p":"602.17000000","q":"0.85800000","s":"BNBUSDT","t":1041896629,"T":1745777439874,"e":"trade","E":1745777439874,"m":false,"M":true}
Received message: {"p":"602.17000000","q":"3.01400000","s":"BNBUSDT","t":1041896630,"T":1745777439874,"e":"trade","E":1745777439874,"m":false,"M":true}
Received trade message: {"p":"602.17000000","q":"3.01400000","s":"BNBUSDT","t":1041896630,"T":1745777439874,"e":"trade","E":1745777439874,"m":false,"M":true}
Received message: {"p":"602.17000000","q":"5.28600000","s":"BNBUSDT","t":1041896631,"T":1745777439874,"e":"trade","E":1745777439874,"m":false,"M":true}
Received trade message: {"p":"602.17000000","q":"5.28600000","s":"BNBUSDT","t":1041896631,"T":1745777439874,"e":"trade","E":1745777439874,"m":false,"M":true}
Received message: {"p":"602.17000000","q":"0.00900000","s":"BNBUSDT","t":1041896632,"T":1745777439874,"e":"trade","E":1745777439874,"m":false,"M":true}
Received trade message: {"p":"602.17000000","q":"0.00900000","s":"BNBUSDT","t":1041896632,"T":1745777439874,"e":"trade","E":1745777439874,"m":false,"M":true}
Received message: {"p":"602.17000000","q":"0.00900000","s":"BNBUSDT","t":1041896633,"T":1745777439874,"e":"trade","E":1745777439874,"m":false,"M":true}
Received trade message: {"p":"602.17000000","q":"0.00900000","s":"BNBUSDT","t":1041896633,"T":1745777439874,"e":"trade","E":1745777439874,"m":false,"M":true}
Received message: {"p":"602.17000000","q":"0.00900000","s":"BNBUSDT","t":1041896634,"T":1745777439874,"e":"trade","E":1745777439874,"m":false,"M":true}
Received trade message: {"p":"602.17000000","q":"0.00900000","s":"BNBUSDT","t":1041896634,"T":1745777439874,"e":"trade","E":1745777439874,"m":false,"M":true}
Received message: {"p":"602.17000000","q":"0.33000000","s":"BNBUSDT","t":1041896635,"T":1745777439874,"e":"trade","E":1745777439874,"m":false,"M":true}
Received trade message: {"p":"602.17000000","q":"0.33000000","s":"BNBUSDT","t":1041896635,"T":1745777439874,"e":"trade","E":1745777439874,"m":false,"M":true}
Received message: {"p":"602.17000000","q":"0.00900000","s":"BNBUSDT","t":1041896636,"T":1745777439874,"e":"trade","E":1745777439874,"m":false,"M":true}
Received trade message: {"p":"602.17000000","q":"0.00900000","s":"BNBUSDT","t":1041896636,"T":1745777439874,"e":"trade","E":1745777439874,"m":false,"M":true}
Received message: {"p":"602.17000000","q":"0.00900000","s":"BNBUSDT","t":1041896637,"T":1745777439874,"e":"trade","E":1745777439874,"m":false,"M":true}
Received trade message: {"p":"602.17000000","q":"0.00900000","s":"BNBUSDT","t":1041896637,"T":1745777439874,"e":"trade","E":1745777439874,"m":false,"M":true}
Received message: {"p":"602.17000000","q":"0.00900000","s":"BNBUSDT","t":1041896638,"T":1745777439874,"e":"trade","E":1745777439874,"m":false,"M":true}
Received trade message: {"p":"602.17000000","q":"0.00900000","s":"BNBUSDT","t":1041896638,"T":1745777439874,"e":"trade","E":1745777439874,"m":false,"M":true}
Received message: {"p":"602.18000000","q":"0.00900000","s":"BNBUSDT","t":1041896639,"T":1745777439874,"e":"trade","E":1745777439874,"m":false,"M":true}
Received trade message: {"p":"602.18000000","q":"0.00900000","s":"BNBUSDT","t":1041896639,"T":1745777439874,"e":"trade","E":1745777439874,"m":false,"M":true}
Received message: {"p":"602.18000000","q":"0.00900000","s":"BNBUSDT","t":1041896640,"T":1745777439874,"e":"trade","E":1745777439874,"m":false,"M":true}
Received trade message: {"p":"602.18000000","q":"0.00900000","s":"BNBUSDT","t":1041896640,"T":1745777439874,"e":"trade","E":1745777439874,"m":false,"M":true}
Received message: {"p":"602.18000000","q":"0.00900000","s":"BNBUSDT","t":1041896641,"T":1745777439874,"e":"trade","E":1745777439874,"m":false,"M":true}
Received trade message: {"p":"602.18000000","q":"0.00900000","s":"BNBUSDT","t":1041896641,"T":1745777439874,"e":"trade","E":1745777439874,"m":false,"M":true}
Received message: {"p":"602.18000000","q":"0.00900000","s":"BNBUSDT","t":1041896642,"T":1745777439874,"e":"trade","E":1745777439874,"m":false,"M":true}
Received trade message: {"p":"602.18000000","q":"0.00900000","s":"BNBUSDT","t":1041896642,"T":1745777439874,"e":"trade","E":1745777439874,"m":false,"M":true}
Received message: {"p":"602.18000000","q":"0.00900000","s":"BNBUSDT","t":1041896643,"T":1745777439874,"e":"trade","E":1745777439874,"m":false,"M":true}
Received trade message: {"p":"602.18000000","q":"0.00900000","s":"BNBUSDT","t":1041896643,"T":1745777439874,"e":"trade","E":1745777439874,"m":false,"M":true}
Received message: {"p":"602.18000000","q":"0.00900000","s":"BNBUSDT","t":1041896644,"T":1745777439874,"e":"trade","E":1745777439874,"m":false,"M":true}
Received trade message: {"p":"602.18000000","q":"0.00900000","s":"BNBUSDT","t":1041896644,"T":1745777439874,"e":"trade","E":1745777439874,"m":false,"M":true}
Received message: {"p":"602.18000000","q":"0.00900000","s":"BNBUSDT","t":1041896645,"T":1745777439874,"e":"trade","E":1745777439874,"m":false,"M":true}
Received trade message: {"p":"602.18000000","q":"0.00900000","s":"BNBUSDT","t":1041896645,"T":1745777439874,"e":"trade","E":1745777439874,"m":false,"M":true}
Received message: {"a":[["94095.24000000","4.21405000"],["94097.48000000","0.00000000"],["94097.78000000","0.00000000"],["94101.32000000","0.00000000"],["94124.31000000","0.00000000"],["94133.42000000","0.00000000"],["94159.40000000","0.00000000"],["94205.98000000","0.00000000"],["94243.22000000","0.00035000"],["95506.67000000","0.00100000"]],"b":[["94095.23000000","1.17339000"],["94016.75000000","0.00000000"],["93989.12000000","0.19530000"],["93985.01000000","0.23987000"],["93981.68000000","0.33416000"],["93977.48000000","0.03998000"],["93976.79000000","0.00000000"],["93974.24000000","0.03998000"],["93970.66000000","0.03998000"],["93966.71000000","0.03998000"],["93966.20000000","0.03998000"],["93964.21000000","0.03998000"],["93963.16000000","0.03998000"],["93961.37000000","0.03998000"],["93961.24000000","0.02634000"],["93958.97000000","0.07796000"],["93958.93000000","0.03998000"],["93958.17000000","0.00011000"],["93954.75000000","0.03998000"],["93952.60000000","0.03998000"],["93930.95000000","0.00000000"],["93927.93000000","0.00318000"],["93925.78000000","0.00000000"],["93924.01000000","0.00000000"],["93922.86000000","0.00000000"],["93912.15000000","0.00000000"],["93154.28000000","0.00032000"],["93060.18000000","0.00016000"],["92966.09000000","0.00016000"],["92871.99000000","0.00016000"],["92777.90000000","0.00016000"],["92683.80000000","0.00008000"],["92579.30000000","0.00008000"],["92485.21000000","0.00008000"],["92391.13000000","0.00008000"],["92297.04000000","0.00008000"],["88032.54000000","0.00096000"],["84685.00000000","0.00000000"],["75276.19000000","0.00052000"],["60000.00000000","88.75209000"],["33000.00000000","2.70601000"]],"s":"BTCUSDT","e":"depthUpdate","E":1745777440015,"U":67663546863,"u":67663546944}
Received message: {"a":[["94095.24000000","4.21405000"],["94097.48000000","0.00000000"],["94097.78000000","0.00000000"],["94101.32000000","0.00000000"],["94124.31000000","0.00000000"],["94133.42000000","0.00000000"],["94159.40000000","0.00000000"],["94205.98000000","0.00000000"],["94243.22000000","0.00035000"],["95506.67000000","0.00100000"]],"b":[["94095.23000000","1.17339000"],["94016.75000000","0.00000000"],["93989.12000000","0.19530000"],["93985.01000000","0.23987000"],["93981.68000000","0.33416000"],["93977.48000000","0.03998000"],["93976.79000000","0.00000000"],["93974.24000000","0.03998000"],["93970.66000000","0.03998000"],["93966.71000000","0.03998000"],["93966.20000000","0.03998000"],["93964.21000000","0.03998000"],["93963.16000000","0.03998000"],["93961.37000000","0.03998000"],["93961.24000000","0.02634000"],["93958.97000000","0.07796000"],["93958.93000000","0.03998000"],["93958.17000000","0.00011000"],["93954.75000000","0.03998000"],["93952.60000000","0.03998000"],["93930.95000000","0.00000000"],["93927.93000000","0.00318000"],["93925.78000000","0.00000000"],["93924.01000000","0.00000000"],["93922.86000000","0.00000000"],["93912.15000000","0.00000000"],["93154.28000000","0.00032000"],["93060.18000000","0.00016000"],["92966.09000000","0.00016000"],["92871.99000000","0.00016000"],["92777.90000000","0.00016000"],["92683.80000000","0.00008000"],["92579.30000000","0.00008000"],["92485.21000000","0.00008000"],["92391.13000000","0.00008000"],["92297.04000000","0.00008000"],["88032.54000000","0.00096000"],["84685.00000000","0.00000000"],["75276.19000000","0.00052000"],["60000.00000000","88.75209000"],["33000.00000000","2.70601000"]],"s":"BTCUSDT","e":"depthUpdate","E":1745777440015,"U":67663546863,"u":67663546944}
Received message: {"p":"602.19000000","q":"0.00900000","s":"BNBUSDT","t":1041896646,"T":1745777440089,"e":"trade","E":1745777440089,"m":false,"M":true}
Received trade message: {"p":"602.19000000","q":"0.00900000","s":"BNBUSDT","t":1041896646,"T":1745777440089,"e":"trade","E":1745777440089,"m":false,"M":true}
Received message: {"p":"602.19000000","q":"0.00900000","s":"BNBUSDT","t":1041896647,"T":1745777440089,"e":"trade","E":1745777440089,"m":false,"M":true}
Received trade message: {"p":"602.19000000","q":"0.00900000","s":"BNBUSDT","t":1041896647,"T":1745777440089,"e":"trade","E":1745777440089,"m":false,"M":true}
Received message: {"p":"602.19000000","q":"0.00900000","s":"BNBUSDT","t":1041896648,"T":1745777440089,"e":"trade","E":1745777440089,"m":false,"M":true}
Received trade message: {"p":"602.19000000","q":"0.00900000","s":"BNBUSDT","t":1041896648,"T":1745777440089,"e":"trade","E":1745777440089,"m":false,"M":true}
Received message: {"p":"602.19000000","q":"0.00900000","s":"BNBUSDT","t":1041896649,"T":1745777440089,"e":"trade","E":1745777440089,"m":false,"M":true}
Received trade message: {"p":"602.19000000","q":"0.00900000","s":"BNBUSDT","t":1041896649,"T":1745777440089,"e":"trade","E":1745777440089,"m":false,"M":true}
Received message: {"p":"602.19000000","q":"0.00900000","s":"BNBUSDT","t":1041896650,"T":1745777440089,"e":"trade","E":1745777440089,"m":false,"M":true}
Received trade message: {"p":"602.19000000","q":"0.00900000","s":"BNBUSDT","t":1041896650,"T":1745777440089,"e":"trade","E":1745777440089,"m":false,"M":true}
Received message: {"p":"602.19000000","q":"0.00900000","s":"BNBUSDT","t":1041896651,"T":1745777440089,"e":"trade","E":1745777440089,"m":false,"M":true}
Received trade message: {"p":"602.19000000","q":"0.00900000","s":"BNBUSDT","t":1041896651,"T":1745777440089,"e":"trade","E":1745777440089,"m":false,"M":true}
Received message: {"p":"602.19000000","q":"0.00900000","s":"BNBUSDT","t":1041896652,"T":1745777440089,"e":"trade","E":1745777440089,"m":false,"M":true}
Received trade message: {"p":"602.19000000","q":"0.00900000","s":"BNBUSDT","t":1041896652,"T":1745777440089,"e":"trade","E":1745777440089,"m":false,"M":true}
Received message: {"p":"602.19000000","q":"0.02900000","s":"BNBUSDT","t":1041896653,"T":1745777440089,"e":"trade","E":1745777440089,"m":false,"M":true}
Received trade message: {"p":"602.19000000","q":"0.02900000","s":"BNBUSDT","t":1041896653,"T":1745777440089,"e":"trade","E":1745777440089,"m":false,"M":true}
HTTP/1.1 201 Created
Date: Sun, 27 Apr 2025 18:10:40 GMT
Content-Type: application/json; charset=utf-8
Content-Length: 131
Connection: keep-alive
Server: cloudflare
Report-To: {"group":"heroku-nel","max_age":3600,"endpoints":[{"url":"https://nel.heroku.com/reports?ts=1745777440&sid=e11707d5-02a7-43ef-b45e-2cf4d2036f7d&s=aUi4yVlOtjTVUBZ87EYuQHNvITEok6U14i1zVa3PjNs%3D"}]}
Reporting-Endpoints: heroku-nel=https://nel.heroku.com/reports?ts=1745777440&sid=e11707d5-02a7-43ef-b45e-2cf4d2036f7d&s=aUi4yVlOtjTVUBZ87EYuQHNvITEok6U14i1zVa3PjNs%3D
Nel: {"report_to":"heroku-nel","max_age":3600,"success_fraction":0.005,"failure_fraction":0.05,"response_headers":["Via"]}
X-Powered-By: Express
X-Ratelimit-Limit: 1000
X-Ratelimit-Remaining: 999
X-Ratelimit-Reset: 1745777458
Vary: Origin, X-HTTP-Method-Override, Accept-Encoding
Access-Control-Allow-Credentials: true
Cache-Control: no-cache
Pragma: no-cache
Expires: -1
Access-Control-Expose-Headers: Location
Location: https://jsonplaceholder.typicode.com/posts/101
X-Content-Type-Options: nosniff
Etag: W/"83-2yWIT/r2z51VTM4i1vPQkPFdksM"
Via: 1.1 vegur
Cf-Cache-Status: DYNAMIC
CF-RAY: 937047250874ce7f-SIN
alt-svc: h3=":443"; ma=86400

{
    "title": "Chanel Schneider",
    "body": "Suite 027 7124 Val Hill, East Hilariomouth, AR 37803",
    "userId": 16146,
    "id": 101
}
]]></system-out>
  <system-err><![CDATA[]]></system-err>
</testsuite>
