<?xml version="1.0" encoding="UTF-8"?>
<testsuite name="rest.testWebSocketUserData" tests="4" skipped="0" failures="0" errors="0" timestamp="2025-04-27T18:09:50" hostname="Tio-Hizbullah.local" time="16.892">
  <properties/>
  <testcase name="testCreateListenKey" classname="rest.testWebSocketUserData" time="0.911"/>
  <testcase name="testExtendListenKey" classname="rest.testWebSocketUserData" time="0.171"/>
  <testcase name="testSubscribeToUserDataStream" classname="rest.testWebSocketUserData" time="15.617"/>
  <testcase name="testCloseListenKey" classname="rest.testWebSocketUserData" time="0.159"/>
  <system-out><![CDATA[Request method:	POST
Request URI:	https://testnet.binance.vision/api/v3/userDataStream
Proxy:			<none>
Request params:	<none>
Query params:	<none>
Form params:	<none>
Path params:	<none>
Headers:		X-MBX-APIKEY=YKDYeVSCeO99aGCQFtJ04P3sFBQO4HEmrbVeOHSHzyGZnHMLDDtNT85eDWdtg7WI
				Accept=*/*
				Content-Type=application/json
Cookies:		<none>
Multiparts:		<none>
Body:			<none>
HTTP/1.1 200 OK
Content-Type: application/json;charset=UTF-8
Content-Length: 76
Connection: keep-alive
Date: Sun, 27 Apr 2025 18:09:51 GMT
Access-Control-Allow-Methods: GET, HEAD, OPTIONS
Server: nginx
x-mbx-uuid: 7d724de9-8f3e-4f37-9f6c-5a45d70c2992
x-mbx-traceid: 7c05062ed00a360f
x-mbx-used-weight: 2
x-mbx-used-weight-1m: 2
Strict-Transport-Security: max-age=31536000; includeSubdomains
X-Frame-Options: SAMEORIGIN
X-Xss-Protection: 1; mode=block
X-Content-Type-Options: nosniff
Content-Security-Policy: default-src 'self'
X-Content-Security-Policy: default-src 'self'
X-WebKit-CSP: default-src 'self'
Cache-Control: no-cache, no-store, must-revalidate
Pragma: no-cache
Expires: 0
Access-Control-Allow-Origin: *
X-Cache: Miss from cloudfront
Via: 1.1 6f91c725c3d4f2326304347075e516a4.cloudfront.net (CloudFront)
X-Amz-Cf-Pop: SIN2-P1
X-Amz-Cf-Id: eBZ4rCL1OxlFiLZ8Je9RMDGX3_S7CZoHQ-mKAJItkV7lvwwgkK2ZiQ==

{
    "listenKey": "p8AhuwnQg7gx8VXeLFaa0XFwqWTpFpnHCussv7GWYzSoASdWd1OK5pLVOwwH"
}
Created listen key: p8AhuwnQg7gx8VXeLFaa0XFwqWTpFpnHCussv7GWYzSoASdWd1OK5pLVOwwH
Request method:	PUT
Request URI:	https://testnet.binance.vision/api/v3/userDataStream?listenKey=p8AhuwnQg7gx8VXeLFaa0XFwqWTpFpnHCussv7GWYzSoASdWd1OK5pLVOwwH
Proxy:			<none>
Request params:	<none>
Query params:	listenKey=p8AhuwnQg7gx8VXeLFaa0XFwqWTpFpnHCussv7GWYzSoASdWd1OK5pLVOwwH
Form params:	<none>
Path params:	<none>
Headers:		X-MBX-APIKEY=YKDYeVSCeO99aGCQFtJ04P3sFBQO4HEmrbVeOHSHzyGZnHMLDDtNT85eDWdtg7WI
				Accept=*/*
				Content-Type=application/json
Cookies:		<none>
Multiparts:		<none>
Body:			<none>
HTTP/1.1 200 OK
Content-Type: application/json;charset=UTF-8
Content-Length: 2
Connection: keep-alive
Date: Sun, 27 Apr 2025 18:09:51 GMT
Access-Control-Allow-Methods: GET, HEAD, OPTIONS
Server: nginx
x-mbx-uuid: 7d724de9-8f3e-4f37-9f6c-5a45d70c2992
x-mbx-used-weight: 4
x-mbx-used-weight-1m: 4
Strict-Transport-Security: max-age=31536000; includeSubdomains
X-Frame-Options: SAMEORIGIN
X-Xss-Protection: 1; mode=block
X-Content-Type-Options: nosniff
Content-Security-Policy: default-src 'self'
X-Content-Security-Policy: default-src 'self'
X-WebKit-CSP: default-src 'self'
Cache-Control: no-cache, no-store, must-revalidate
Pragma: no-cache
Expires: 0
Access-Control-Allow-Origin: *
X-Cache: Miss from cloudfront
Via: 1.1 a51cfe97dd726e5d750745e42086ff3a.cloudfront.net (CloudFront)
X-Amz-Cf-Pop: SIN2-P1
X-Amz-Cf-Id: HIQsul_-SsSRPiM1w9uPvy5s3bYeQ3paUxgbBylH51NEsEBX4HHfZw==

{
    
}
Extended listen key: p8AhuwnQg7gx8VXeLFaa0XFwqWTpFpnHCussv7GWYzSoASdWd1OK5pLVOwwH
Subscribed to User Data stream: wss://stream.binance.com:9443/ws/p8AhuwnQg7gx8VXeLFaa0XFwqWTpFpnHCussv7GWYzSoASdWd1OK5pLVOwwH
WebSocket connection opened: wss://stream.binance.com:9443/ws/p8AhuwnQg7gx8VXeLFaa0XFwqWTpFpnHCussv7GWYzSoASdWd1OK5pLVOwwH
WebSocket response code: 101
WebSocket response message: Switching Protocols
Sending subscription message to websocket...
Message sent: {
  "method": "SUBSCRIBE",
  "params": [
    "btcusdt@aggTrade",
    "btcusdt@depth"
  ],
  "id": 1
}
Subscription message sent: {
  "method": "SUBSCRIBE",
  "params": [
    "btcusdt@aggTrade",
    "btcusdt@depth"
  ],
  "id": 1
}
Received message: {"result":null,"id":1}
Received message: {"result":null,"id":1}
Received message: {"p":"94084.65000000","a":3551019123,"q":"0.00012000","s":"BTCUSDT","T":1745777402715,"e":"aggTrade","E":1745777402715,"f":4855242270,"l":4855242270,"m":true,"M":true}
Received message: {"p":"94084.65000000","a":3551019123,"q":"0.00012000","s":"BTCUSDT","T":1745777402715,"e":"aggTrade","E":1745777402715,"f":4855242270,"l":4855242270,"m":true,"M":true}
Received message: {"a":[["94084.66000000","4.81252000"],["94084.67000000","0.00069000"],["94085.29000000","0.00000000"],["94085.60000000","0.04256000"],["94085.61000000","0.00000000"],["94086.02000000","0.00000000"],["94086.96000000","0.20229000"],["94087.34000000","0.00382000"],["94087.43000000","0.00010000"],["94087.74000000","0.01355000"],["94094.71000000","0.00000000"],["94095.99000000","0.00000000"],["94097.34000000","0.00000000"],["94097.59000000","0.00000000"],["94098.07000000","0.00000000"],["94098.36000000","0.00106000"],["94099.30000000","0.00000000"],["94100.09000000","1.00000000"],["94100.74000000","0.00531000"],["94101.65000000","0.00007000"],["94101.76000000","0.00000000"],["94103.22000000","0.00000000"],["94103.46000000","0.00531000"],["94107.32000000","0.00000000"],["94110.52000000","0.00000000"],["94115.52000000","2.00000000"],["94118.64000000","0.00000000"],["94120.68000000","0.00000000"],["94120.69000000","0.00000000"],["94120.79000000","0.00000000"],["94120.88000000","0.08000000"],["94121.78000000","0.00000000"],["94122.44000000","0.05000000"],["94135.69000000","0.00000000"],["94138.94000000","0.00212000"],["95495.93000000","0.00006000"],["97286.67000000","0.00345000"]],"b":[["94084.65000000","1.27737000"],["94084.64000000","0.06018000"],["94083.76000000","0.24930000"],["94083.50000000","0.04256000"],["94081.43000000","0.00000000"],["94079.79000000","0.10312000"],["94079.54000000","0.00106000"],["94078.44000000","0.13016000"],["94076.96000000","0.14833000"],["94076.50000000","0.04250000"],["94075.89000000","0.00000000"],["94075.46000000","0.00212000"],["94074.54000000","0.00000000"],["94074.53000000","0.00000000"],["94073.90000000","0.00000000"],["94073.50000000","0.21381000"],["94071.77000000","0.00000000"],["94066.72000000","0.00000000"],["94065.51000000","1.00000000"],["94063.61000000","0.00000000"],["94063.22000000","0.00531000"],["94061.81000000","0.00000000"],["94061.25000000","0.00000000"],["94046.37000000","2.00000000"],["94045.00000000","0.00000000"],["94044.00000000","0.00000000"],["94043.00000000","0.00000000"],["94042.85000000","0.00000000"],["94042.57000000","0.00000000"],["94042.00000000","0.04000000"],["94041.00000000","0.00000000"],["94038.97000000","0.00000000"],["94032.17000000","0.00000000"],["94031.97000000","0.00000000"],["94031.87000000","0.00000000"],["94031.67000000","0.08000000"],["94025.84000000","0.00000000"],["94020.55000000","0.00000000"],["93209.49000000","0.00000000"],["93115.43000000","0.00000000"],["93021.37000000","0.00000000"],["92673.38000000","0.00108000"],["92645.70000000","0.00000000"],["91550.22000000","0.00007000"],["91265.64000000","0.00007000"],["90981.06000000","0.00016000"],["90696.48000000","0.00007000"],["84676.00000000","0.00000000"],["75267.72000000","0.00065000"],["33000.00000000","2.70601000"]],"s":"BTCUSDT","e":"depthUpdate","E":1745777403014,"U":67663536460,"u":67663536609}
Received message: {"a":[["94084.66000000","4.81252000"],["94084.67000000","0.00069000"],["94085.29000000","0.00000000"],["94085.60000000","0.04256000"],["94085.61000000","0.00000000"],["94086.02000000","0.00000000"],["94086.96000000","0.20229000"],["94087.34000000","0.00382000"],["94087.43000000","0.00010000"],["94087.74000000","0.01355000"],["94094.71000000","0.00000000"],["94095.99000000","0.00000000"],["94097.34000000","0.00000000"],["94097.59000000","0.00000000"],["94098.07000000","0.00000000"],["94098.36000000","0.00106000"],["94099.30000000","0.00000000"],["94100.09000000","1.00000000"],["94100.74000000","0.00531000"],["94101.65000000","0.00007000"],["94101.76000000","0.00000000"],["94103.22000000","0.00000000"],["94103.46000000","0.00531000"],["94107.32000000","0.00000000"],["94110.52000000","0.00000000"],["94115.52000000","2.00000000"],["94118.64000000","0.00000000"],["94120.68000000","0.00000000"],["94120.69000000","0.00000000"],["94120.79000000","0.00000000"],["94120.88000000","0.08000000"],["94121.78000000","0.00000000"],["94122.44000000","0.05000000"],["94135.69000000","0.00000000"],["94138.94000000","0.00212000"],["95495.93000000","0.00006000"],["97286.67000000","0.00345000"]],"b":[["94084.65000000","1.27737000"],["94084.64000000","0.06018000"],["94083.76000000","0.24930000"],["94083.50000000","0.04256000"],["94081.43000000","0.00000000"],["94079.79000000","0.10312000"],["94079.54000000","0.00106000"],["94078.44000000","0.13016000"],["94076.96000000","0.14833000"],["94076.50000000","0.04250000"],["94075.89000000","0.00000000"],["94075.46000000","0.00212000"],["94074.54000000","0.00000000"],["94074.53000000","0.00000000"],["94073.90000000","0.00000000"],["94073.50000000","0.21381000"],["94071.77000000","0.00000000"],["94066.72000000","0.00000000"],["94065.51000000","1.00000000"],["94063.61000000","0.00000000"],["94063.22000000","0.00531000"],["94061.81000000","0.00000000"],["94061.25000000","0.00000000"],["94046.37000000","2.00000000"],["94045.00000000","0.00000000"],["94044.00000000","0.00000000"],["94043.00000000","0.00000000"],["94042.85000000","0.00000000"],["94042.57000000","0.00000000"],["94042.00000000","0.04000000"],["94041.00000000","0.00000000"],["94038.97000000","0.00000000"],["94032.17000000","0.00000000"],["94031.97000000","0.00000000"],["94031.87000000","0.00000000"],["94031.67000000","0.08000000"],["94025.84000000","0.00000000"],["94020.55000000","0.00000000"],["93209.49000000","0.00000000"],["93115.43000000","0.00000000"],["93021.37000000","0.00000000"],["92673.38000000","0.00108000"],["92645.70000000","0.00000000"],["91550.22000000","0.00007000"],["91265.64000000","0.00007000"],["90981.06000000","0.00016000"],["90696.48000000","0.00007000"],["84676.00000000","0.00000000"],["75267.72000000","0.00065000"],["33000.00000000","2.70601000"]],"s":"BTCUSDT","e":"depthUpdate","E":1745777403014,"U":67663536460,"u":67663536609}
Received message: {"a":[["94084.66000000","0.85726000"],["94084.67000000","0.00261000"],["94084.91000000","0.00078000"],["94084.92000000","0.00000000"],["94085.12000000","0.00000000"],["94085.29000000","0.12825000"],["94085.59000000","0.00000000"],["94085.60000000","0.00000000"],["94085.62000000","0.00024000"],["94085.63000000","0.00012000"],["94085.64000000","0.00720000"],["94086.19000000","0.00000000"],["94086.28000000","0.00000000"],["94086.29000000","0.00006000"],["94086.94000000","0.00000000"],["94086.95000000","0.00019000"],["94086.96000000","0.17940000"],["94086.98000000","0.00000000"],["94086.99000000","0.00019000"],["94087.00000000","0.10000000"],["94087.02000000","0.00000000"],["94087.16000000","0.00000000"],["94087.23000000","0.00006000"],["94087.34000000","0.00000000"],["94087.43000000","0.00000000"],["94087.57000000","0.00000000"],["94087.67000000","0.00000000"],["94087.74000000","0.00000000"],["94087.94000000","0.00012000"],["94087.95000000","0.00000000"],["94088.12000000","0.00007000"],["94088.14000000","0.00000000"],["94088.38000000","0.00000000"],["94088.42000000","0.00000000"],["94088.62000000","0.00000000"],["94089.09000000","0.00000000"],["94089.10000000","0.00000000"],["94089.11000000","0.00000000"],["94089.12000000","0.00000000"],["94089.13000000","0.00000000"],["94089.34000000","0.00000000"],["94089.49000000","0.00000000"],["94089.50000000","0.00000000"],["94089.77000000","0.00000000"],["94089.80000000","0.00000000"],["94090.18000000","0.00000000"],["94090.41000000","0.00000000"],["94090.50000000","0.00000000"],["94091.33000000","0.00000000"],["94091.50000000","0.00000000"],["94091.54000000","0.00000000"],["94091.55000000","0.00000000"],["94091.60000000","0.00000000"],["94091.61000000","0.00000000"],["94091.81000000","0.00000000"],["94092.00000000","0.00210000"],["94092.77000000","0.00000000"],["94092.80000000","0.00000000"],["94092.98000000","0.00000000"],["94093.14000000","0.00000000"],["94093.21000000","0.00000000"],["94093.54000000","0.00007000"],["94093.55000000","0.00000000"],["94093.96000000","0.00000000"],["94093.97000000","0.00000000"],["94093.99000000","0.00000000"],["94094.07000000","0.00265000"],["94094.23000000","0.00000000"],["94094.24000000","0.00000000"],["94094.32000000","0.00000000"],["94094.56000000","0.21381000"],["94094.57000000","0.21381000"],["94094.70000000","0.00000000"],["94094.79000000","0.00000000"],["94094.80000000","0.00000000"],["94094.81000000","0.00000000"],["94095.08000000","0.00000000"],["94095.11000000","0.00095000"],["94095.21000000","0.00000000"],["94095.22000000","0.00000000"],["94095.23000000","0.00000000"],["94095.30000000","0.00091000"],["94095.50000000","0.00000000"],["94095.56000000","0.00092000"],["94095.71000000","0.00000000"],["94095.74000000","0.00000000"],["94096.18000000","0.00090000"],["94096.40000000","0.00000000"],["94096.48000000","0.00000000"],["94096.56000000","0.00000000"],["94096.57000000","0.00000000"],["94096.92000000","0.00000000"],["94097.35000000","0.00000000"],["94097.42000000","0.00000000"],["94097.95000000","0.00000000"],["94097.98000000","0.00417000"],["94098.08000000","0.00000000"],["94098.09000000","0.00000000"],["94098.15000000","0.00000000"],["94098.61000000","0.00013000"],["94098.62000000","0.21381000"],["94098.63000000","0.21381000"],["94098.64000000","0.00000000"],["94099.21000000","1.71052000"],["94099.22000000","0.70116000"],["94099.31000000","0.67188000"],["94099.51000000","0.00000000"],["94100.09000000","0.00000000"],["94100.26000000","0.30662000"],["94100.74000000","0.00000000"],["94100.75000000","0.00000000"],["94100.90000000","0.00000000"],["94101.05000000","0.00000000"],["94101.11000000","0.00000000"],["94101.20000000","0.00000000"],["94101.38000000","0.00000000"],["94102.00000000","0.00000000"],["94102.01000000","0.00000000"],["94102.05000000","0.00000000"],["94102.15000000","0.00000000"],["94102.26000000","0.00000000"],["94102.55000000","0.00013000"],["94102.56000000","0.45148000"],["94102.57000000","0.21381000"],["94102.58000000","0.21381000"],["94102.59000000","0.00000000"],["94102.64000000","0.00000000"],["94102.65000000","0.00000000"],["94102.76000000","0.00000000"],["94102.79000000","0.00000000"],["94102.80000000","0.00000000"],["94102.83000000","0.00000000"],["94102.93000000","0.00000000"],["94103.06000000","0.00000000"],["94103.25000000","0.00000000"],["94103.40000000","0.00000000"],["94103.46000000","0.01355000"],["94103.76000000","0.00000000"],["94103.84000000","0.00000000"],["94104.32000000","0.00000000"],["94104.33000000","0.00010000"],["94104.35000000","0.00000000"],["94104.64000000","0.00764000"],["94104.72000000","0.00000000"],["94104.86000000","0.00000000"],["94105.09000000","0.00000000"],["94105.43000000","0.00000000"],["94105.51000000","0.10624000"],["94105.79000000","0.00010000"],["94105.89000000","0.00000000"],["94106.10000000","0.01355000"],["94106.32000000","0.00000000"],["94106.33000000","0.00000000"],["94107.01000000","0.31886000"],["94107.68000000","0.45527000"],["94107.78000000","0.09409000"],["94107.95000000","0.00382000"],["94107.99000000","0.00000000"],["94108.03000000","0.00382000"],["94108.51000000","0.14000000"],["94108.55000000","0.00000000"],["94108.65000000","0.00000000"],["94109.12000000","1.60047000"],["94109.48000000","0.00000000"],["94110.24000000","0.00000000"],["94110.47000000","0.00000000"],["94110.59000000","0.01587000"],["94110.92000000","0.04800000"],["94111.50000000","0.04250000"],["94111.59000000","0.00000000"],["94111.76000000","0.00542000"],["94111.77000000","0.00000000"],["94111.79000000","0.99644000"],["94111.82000000","0.42762000"],["94111.83000000","0.00000000"],["94111.89000000","0.05280000"],["94111.90000000","0.00000000"],["94112.85000000","0.00007000"],["94113.85000000","1.00000000"],["94114.65000000","0.02295000"],["94115.33000000","0.00000000"],["94115.41000000","0.00000000"],["94115.52000000","0.00000000"],["94115.84000000","0.00531000"],["94115.85000000","0.16000000"],["94117.11000000","0.00582000"],["94117.35000000","0.00000000"],["94117.44000000","0.00000000"],["94117.87000000","0.00000000"],["94118.57000000","0.42762000"],["94118.62000000","0.00000000"],["94118.73000000","0.00000000"],["94118.74000000","0.00000000"],["94118.78000000","0.00000000"],["94118.86000000","0.00000000"],["94118.92000000","0.00000000"],["94119.00000000","0.03190000"],["94119.59000000","0.00354000"],["94119.64000000","0.00000000"],["94120.31000000","0.00016000"],["94120.64000000","0.00000000"],["94120.86000000","0.00000000"],["94120.88000000","0.00000000"],["94120.89000000","0.00000000"],["94120.99000000","0.00000000"],["94121.09000000","0.00000000"],["94121.18000000","0.00000000"],["94121.68000000","0.00000000"],["94121.78000000","0.00000000"],["94121.84000000","0.00000000"],["94122.44000000","0.00000000"],["94122.85000000","0.06349000"],["94123.91000000","0.00000000"],["94124.00000000","0.64713000"],["94124.04000000","0.00000000"],["94124.30000000","0.00000000"],["94125.76000000","0.79715000"],["94127.12000000","0.00000000"],["94127.29000000","0.00000000"],["94127.48000000","0.00317000"],["94128.25000000","0.00000000"],["94130.17000000","0.00000000"],["94131.50000000","1.69437000"],["94132.28000000","0.04716000"],["94132.44000000","0.00000000"],["94132.51000000","0.10800000"],["94132.64000000","0.00006000"],["94134.79000000","0.00000000"],["94136.31000000","0.00000000"],["94137.74000000","0.05000000"],["94137.97000000","0.08495000"],["94138.94000000","0.00000000"],["94141.04000000","0.00000000"],["94142.61000000","0.00000000"],["94143.04000000","2.00000000"],["94145.08000000","0.00212000"],["94145.15000000","0.76453000"],["94146.16000000","0.00000000"],["94146.28000000","0.93013000"],["94146.40000000","0.00816000"],["94147.36000000","0.25400000"],["94148.38000000","0.45148000"],["94150.05000000","0.76449000"],["94151.64000000","0.00000000"],["94152.37000000","0.00000000"],["94152.94000000","0.00000000"],["94153.28000000","0.00000000"],["94153.29000000","0.00000000"],["94154.34000000","0.00000000"],["94156.00000000","0.00235000"],["94156.43000000","0.00000000"],["94156.66000000","0.00620000"],["94158.59000000","0.00000000"],["94159.28000000","0.00000000"],["94159.78000000","0.00000000"],["94161.94000000","0.00000000"],["94162.02000000","0.00011000"],["94163.63000000","0.00971000"],["94163.69000000","0.00000000"],["94164.79000000","0.00000000"],["94164.92000000","0.00011000"],["94165.06000000","0.00317000"],["94165.09000000","0.04252000"],["94165.43000000","0.00000000"],["94165.68000000","0.00000000"],["94165.73000000","0.00000000"],["94166.56000000","0.00000000"],["94166.70000000","0.00000000"],["94167.49000000","0.00000000"],["94167.57000000","0.00000000"],["94167.61000000","0.00000000"],["94167.72000000","0.00000000"],["94168.10000000","0.00000000"],["94168.30000000","0.00000000"],["94168.36000000","0.00531000"],["94169.47000000","0.00000000"],["94169.57000000","0.00000000"],["94170.24000000","0.00000000"],["94170.45000000","0.00000000"],["94170.48000000","0.00000000"],["94170.77000000","0.00000000"],["94171.00000000","0.00010000"],["94171.48000000","0.00000000"],["94171.82000000","0.04038000"],["94171.91000000","0.00000000"],["94171.98000000","0.00000000"],["94171.99000000","0.00000000"],["94172.30000000","0.00000000"],["94172.72000000","0.00000000"],["94173.85000000","0.00000000"],["94174.04000000","0.00000000"],["94174.75000000","0.00000000"],["94175.45000000","0.00000000"],["94175.65000000","0.00000000"],["94176.15000000","0.00143000"],["94176.86000000","0.00000000"],["94177.10000000","0.00006000"],["94177.54000000","0.00000000"],["94177.60000000","0.00000000"],["94177.88000000","0.03231000"],["94178.07000000","0.00000000"],["94179.51000000","0.00000000"],["94180.14000000","0.00000000"],["94180.24000000","0.00000000"],["94180.61000000","0.00000000"],["94181.01000000","0.00000000"],["94181.04000000","0.05997000"],["94181.09000000","0.00000000"],["94181.24000000","0.00000000"],["94181.84000000","0.04145000"],["94182.06000000","0.00000000"],["94182.15000000","0.00000000"],["94183.91000000","1.59789000"],["94183.98000000","0.00000000"],["94184.55000000","0.00000000"],["94184.99000000","0.00000000"],["94185.88000000","0.04145000"],["94186.12000000","1.71052000"],["94186.91000000","0.08290000"],["94187.00000000","0.00000000"],["94187.06000000","0.00000000"],["94187.75000000","0.05797000"],["94188.90000000","0.34399000"],["94189.38000000","0.00000000"],["94189.47000000","0.04800000"],["94189.59000000","0.00000000"],["94189.68000000","0.00019000"],["94190.46000000","0.00000000"],["94191.18000000","0.00000000"],["94191.23000000","0.00000000"],["94191.58000000","0.34398000"],["94191.69000000","0.05997000"],["94193.64000000","0.00026000"],["94193.85000000","0.00900000"],["94193.93000000","0.05697000"],["94194.13000000","0.00000000"],["94195.73000000","0.00000000"],["94196.59000000","0.05697000"],["94197.11000000","0.00000000"],["94197.42000000","1.71052000"],["94197.50000000","0.00000000"],["94197.95000000","0.00000000"],["94198.20000000","0.05697000"],["94198.87000000","0.04251000"],["94199.07000000","0.00000000"],["94199.32000000","0.00600000"],["94199.61000000","0.08502000"],["94199.80000000","0.00008000"],["94200.38000000","0.05697000"],["94201.02000000","0.05798000"],["94201.22000000","0.00000000"],["94202.53000000","0.05697000"],["94203.77000000","0.05798000"],["94204.37000000","0.05697000"],["94205.14000000","0.05798000"],["94207.08000000","0.05697000"],["94207.50000000","0.05815000"],["94209.73000000","0.03798000"],["94209.83000000","0.05697000"],["94210.05000000","0.05798000"],["94213.34000000","0.11596000"],["94213.37000000","0.03798000"],["94213.90000000","0.11691000"],["94214.98000000","0.11658000"],["94217.21000000","0.11596000"],["94217.22000000","0.00000000"],["94218.32000000","0.03798000"],["94221.63000000","0.11596000"],["94222.89000000","0.03798000"],["94227.44000000","0.03798000"],["94228.34000000","0.00000000"],["94229.02000000","0.00000000"],["94232.47000000","0.03798000"],["94237.55000000","0.01586000"],["94274.42000000","0.00106000"],["94274.43000000","0.00000000"],["94274.49000000","0.00000000"],["94288.79000000","0.00000000"],["94290.93000000","0.00008000"],["94318.51000000","0.00000000"],["94322.71000000","0.00400000"],["94329.00000000","0.00000000"],["94329.83000000","0.00000000"],["94361.18000000","0.00011000"],["94375.28000000","0.00023000"],["94376.00000000","0.05560000"],["94383.10000000","0.00000000"],["94387.80000000","0.00000000"],["94392.50000000","0.00000000"],["95071.25000000","0.00000000"],["95095.00000000","0.10879000"],["95495.93000000","0.00106000"]],"b":[["94084.65000000","5.74622000"],["94084.64000000","0.05796000"],["94084.22000000","0.00018000"],["94084.21000000","0.41664000"],["94084.20000000","0.00012000"],["94084.19000000","0.70139000"],["94083.76000000","0.24942000"],["94083.51000000","0.08027000"],["94083.50000000","0.04268000"],["94083.17000000","0.02096000"],["94083.14000000","0.00000000"],["94082.95000000","0.02319000"],["94082.89000000","0.00000000"],["94080.97000000","0.00000000"],["94080.88000000","0.00052000"],["94080.00000000","0.04262000"],["94079.79000000","0.00000000"],["94079.20000000","0.04250000"],["94078.44000000","0.27640000"],["94078.43000000","0.04000000"],["94077.98000000","0.05314000"],["94077.67000000","0.49489000"],["94077.46000000","0.00000000"],["94077.45000000","0.21381000"],["94077.00000000","0.08015000"],["94076.96000000","0.00833000"],["94075.54000000","0.00000000"],["94075.53000000","1.00000000"],["94075.46000000","0.00000000"],["94075.45000000","0.00000000"],["94075.10000000","0.21381000"],["94074.88000000","0.68657000"],["94074.87000000","0.45148000"],["94074.07000000","0.00212000"],["94073.97000000","0.00000000"],["94073.64000000","0.00000000"],["94073.52000000","0.00531000"],["94073.51000000","0.00000000"],["94073.13000000","0.00000000"],["94073.12000000","0.00000000"],["94073.10000000","0.00000000"],["94072.88000000","0.06349000"],["94071.11000000","0.15169000"],["94070.17000000","0.00000000"],["94070.10000000","0.21381000"],["94069.77000000","0.00000000"],["94069.55000000","2.01764000"],["94069.54000000","1.71052000"],["94069.52000000","0.00000000"],["94069.51000000","0.02657000"],["94069.47000000","0.31886000"],["94068.90000000","0.00000000"],["94068.73000000","0.00496000"],["94068.67000000","0.00000000"],["94068.57000000","0.00000000"],["94068.42000000","0.79715000"],["94068.39000000","0.00000000"],["94068.18000000","0.05314000"],["94068.07000000","0.00000000"],["94067.57000000","0.00000000"],["94067.45000000","0.00000000"],["94066.74000000","0.99644000"],["94066.47000000","0.00000000"],["94066.46000000","0.00000000"],["94066.41000000","2.00000000"],["94066.34000000","0.05314000"],["94066.21000000","0.00000000"],["94065.83000000","0.10646000"],["94065.51000000","0.00000000"],["94065.18000000","0.00000000"],["94065.05000000","0.00000000"],["94064.97000000","2.13441000"],["94064.61000000","0.79715000"],["94063.49000000","0.00000000"],["94063.29000000","0.00000000"],["94063.22000000","0.00000000"],["94061.98000000","0.00531000"],["94061.96000000","0.34116000"],["94061.56000000","0.76521000"],["94059.41000000","0.00000000"],["94058.99000000","0.04000000"],["94057.72000000","0.10493000"],["94057.59000000","0.00000000"],["94057.28000000","0.00357000"],["94056.42000000","0.05021000"],["94056.38000000","0.05316000"],["94055.69000000","0.00000000"],["94055.45000000","0.00000000"],["94054.89000000","0.00000000"],["94054.42000000","0.99644000"],["94054.28000000","0.76527000"],["94052.69000000","0.00000000"],["94052.49000000","0.00000000"],["94052.45000000","0.00000000"],["94051.49000000","0.00000000"],["94051.26000000","0.00000000"],["94050.49000000","0.00000000"],["94048.84000000","0.00000000"],["94048.79000000","0.00000000"],["94048.29000000","0.00000000"],["94046.57000000","0.00000000"],["94046.37000000","0.00000000"],["94045.45000000","0.00000000"],["94043.83000000","0.00000000"],["94042.07000000","0.21381000"],["94042.06000000","1.93838000"],["94041.46000000","0.00000000"],["94040.87000000","0.00000000"],["94039.13000000","0.00112000"],["94037.60000000","0.05316000"],["94036.62000000","0.00000000"],["94036.61000000","0.00000000"],["94036.06000000","0.00000000"],["94034.31000000","0.01531000"],["94033.02000000","0.00000000"],["94032.26000000","0.00000000"],["94032.25000000","0.00000000"],["94031.67000000","0.00000000"],["94031.57000000","0.03422000"],["94031.47000000","0.00000000"],["94031.37000000","0.08000000"],["94029.18000000","0.03798000"],["94027.74000000","0.00000000"],["94027.04000000","0.00000000"],["94026.28000000","0.00000000"],["94024.22000000","0.00822000"],["94023.25000000","0.00865000"],["94023.10000000","0.00106000"],["94022.11000000","0.02792000"],["94021.76000000","0.63749000"],["94021.74000000","0.00000000"],["94021.25000000","0.00000000"],["94018.80000000","0.00000000"],["94016.29000000","0.00000000"],["94014.12000000","0.34463000"],["94012.03000000","0.00000000"],["94011.39000000","0.34464000"],["94008.75000000","0.00000000"],["94008.18000000","0.00000000"],["94008.16000000","0.00000000"],["94008.03000000","0.00000000"],["94007.49000000","0.00000000"],["94002.11000000","0.00000000"],["93999.50000000","0.00000000"],["93997.84000000","0.05283000"],["93997.21000000","0.02949000"],["93993.64000000","0.00000000"],["93993.30000000","0.00000000"],["93990.85000000","0.00000000"],["93979.37000000","0.00000000"],["93972.80000000","0.00720000"],["93948.19000000","0.03798000"],["93933.08000000","0.20417000"],["93929.18000000","0.99048000"],["93926.62000000","0.00000000"],["93923.00000000","0.00000000"],["93920.62000000","0.00000000"],["93907.97000000","0.00000000"],["93907.68000000","0.00000000"],["93907.62000000","0.00000000"],["93904.68000000","0.00000000"],["93901.48000000","0.00000000"],["93899.38000000","0.00000000"],["93886.44000000","0.99302000"],["93880.68000000","0.00000000"],["93850.01000000","0.00000000"],["93849.20000000","0.00553000"],["93800.00000000","0.18721000"],["93753.97000000","0.27962000"],["93686.31000000","0.00000000"],["93541.27000000","0.00000000"],["93524.72000000","0.00000000"],["93470.64000000","0.00351000"],["93237.89000000","0.00032000"],["92927.32000000","0.00000000"],["92833.26000000","0.00022000"],["92739.21000000","0.00000000"],["92673.38000000","0.00008000"],["92645.15000000","0.00000000"],["92551.09000000","0.00000000"],["92529.99000000","0.00000000"],["90411.89000000","0.00007000"],["90127.31000000","0.00007000"],["89842.73000000","0.00007000"],["89558.14000000","0.00007000"],["84676.00000000","0.00000000"],["75267.72000000","0.00065000"],["33000.00000000","2.70601000"],["20002.00000000","0.00000000"],["20001.00000000","0.03474000"]],"s":"BTCUSDT","e":"depthUpdate","E":1745777404014,"U":67663536610,"u":67663537798}
Received message: {"a":[["94084.66000000","0.85726000"],["94084.67000000","0.00261000"],["94084.91000000","0.00078000"],["94084.92000000","0.00000000"],["94085.12000000","0.00000000"],["94085.29000000","0.12825000"],["94085.59000000","0.00000000"],["94085.60000000","0.00000000"],["94085.62000000","0.00024000"],["94085.63000000","0.00012000"],["94085.64000000","0.00720000"],["94086.19000000","0.00000000"],["94086.28000000","0.00000000"],["94086.29000000","0.00006000"],["94086.94000000","0.00000000"],["94086.95000000","0.00019000"],["94086.96000000","0.17940000"],["94086.98000000","0.00000000"],["94086.99000000","0.00019000"],["94087.00000000","0.10000000"],["94087.02000000","0.00000000"],["94087.16000000","0.00000000"],["94087.23000000","0.00006000"],["94087.34000000","0.00000000"],["94087.43000000","0.00000000"],["94087.57000000","0.00000000"],["94087.67000000","0.00000000"],["94087.74000000","0.00000000"],["94087.94000000","0.00012000"],["94087.95000000","0.00000000"],["94088.12000000","0.00007000"],["94088.14000000","0.00000000"],["94088.38000000","0.00000000"],["94088.42000000","0.00000000"],["94088.62000000","0.00000000"],["94089.09000000","0.00000000"],["94089.10000000","0.00000000"],["94089.11000000","0.00000000"],["94089.12000000","0.00000000"],["94089.13000000","0.00000000"],["94089.34000000","0.00000000"],["94089.49000000","0.00000000"],["94089.50000000","0.00000000"],["94089.77000000","0.00000000"],["94089.80000000","0.00000000"],["94090.18000000","0.00000000"],["94090.41000000","0.00000000"],["94090.50000000","0.00000000"],["94091.33000000","0.00000000"],["94091.50000000","0.00000000"],["94091.54000000","0.00000000"],["94091.55000000","0.00000000"],["94091.60000000","0.00000000"],["94091.61000000","0.00000000"],["94091.81000000","0.00000000"],["94092.00000000","0.00210000"],["94092.77000000","0.00000000"],["94092.80000000","0.00000000"],["94092.98000000","0.00000000"],["94093.14000000","0.00000000"],["94093.21000000","0.00000000"],["94093.54000000","0.00007000"],["94093.55000000","0.00000000"],["94093.96000000","0.00000000"],["94093.97000000","0.00000000"],["94093.99000000","0.00000000"],["94094.07000000","0.00265000"],["94094.23000000","0.00000000"],["94094.24000000","0.00000000"],["94094.32000000","0.00000000"],["94094.56000000","0.21381000"],["94094.57000000","0.21381000"],["94094.70000000","0.00000000"],["94094.79000000","0.00000000"],["94094.80000000","0.00000000"],["94094.81000000","0.00000000"],["94095.08000000","0.00000000"],["94095.11000000","0.00095000"],["94095.21000000","0.00000000"],["94095.22000000","0.00000000"],["94095.23000000","0.00000000"],["94095.30000000","0.00091000"],["94095.50000000","0.00000000"],["94095.56000000","0.00092000"],["94095.71000000","0.00000000"],["94095.74000000","0.00000000"],["94096.18000000","0.00090000"],["94096.40000000","0.00000000"],["94096.48000000","0.00000000"],["94096.56000000","0.00000000"],["94096.57000000","0.00000000"],["94096.92000000","0.00000000"],["94097.35000000","0.00000000"],["94097.42000000","0.00000000"],["94097.95000000","0.00000000"],["94097.98000000","0.00417000"],["94098.08000000","0.00000000"],["94098.09000000","0.00000000"],["94098.15000000","0.00000000"],["94098.61000000","0.00013000"],["94098.62000000","0.21381000"],["94098.63000000","0.21381000"],["94098.64000000","0.00000000"],["94099.21000000","1.71052000"],["94099.22000000","0.70116000"],["94099.31000000","0.67188000"],["94099.51000000","0.00000000"],["94100.09000000","0.00000000"],["94100.26000000","0.30662000"],["94100.74000000","0.00000000"],["94100.75000000","0.00000000"],["94100.90000000","0.00000000"],["94101.05000000","0.00000000"],["94101.11000000","0.00000000"],["94101.20000000","0.00000000"],["94101.38000000","0.00000000"],["94102.00000000","0.00000000"],["94102.01000000","0.00000000"],["94102.05000000","0.00000000"],["94102.15000000","0.00000000"],["94102.26000000","0.00000000"],["94102.55000000","0.00013000"],["94102.56000000","0.45148000"],["94102.57000000","0.21381000"],["94102.58000000","0.21381000"],["94102.59000000","0.00000000"],["94102.64000000","0.00000000"],["94102.65000000","0.00000000"],["94102.76000000","0.00000000"],["94102.79000000","0.00000000"],["94102.80000000","0.00000000"],["94102.83000000","0.00000000"],["94102.93000000","0.00000000"],["94103.06000000","0.00000000"],["94103.25000000","0.00000000"],["94103.40000000","0.00000000"],["94103.46000000","0.01355000"],["94103.76000000","0.00000000"],["94103.84000000","0.00000000"],["94104.32000000","0.00000000"],["94104.33000000","0.00010000"],["94104.35000000","0.00000000"],["94104.64000000","0.00764000"],["94104.72000000","0.00000000"],["94104.86000000","0.00000000"],["94105.09000000","0.00000000"],["94105.43000000","0.00000000"],["94105.51000000","0.10624000"],["94105.79000000","0.00010000"],["94105.89000000","0.00000000"],["94106.10000000","0.01355000"],["94106.32000000","0.00000000"],["94106.33000000","0.00000000"],["94107.01000000","0.31886000"],["94107.68000000","0.45527000"],["94107.78000000","0.09409000"],["94107.95000000","0.00382000"],["94107.99000000","0.00000000"],["94108.03000000","0.00382000"],["94108.51000000","0.14000000"],["94108.55000000","0.00000000"],["94108.65000000","0.00000000"],["94109.12000000","1.60047000"],["94109.48000000","0.00000000"],["94110.24000000","0.00000000"],["94110.47000000","0.00000000"],["94110.59000000","0.01587000"],["94110.92000000","0.04800000"],["94111.50000000","0.04250000"],["94111.59000000","0.00000000"],["94111.76000000","0.00542000"],["94111.77000000","0.00000000"],["94111.79000000","0.99644000"],["94111.82000000","0.42762000"],["94111.83000000","0.00000000"],["94111.89000000","0.05280000"],["94111.90000000","0.00000000"],["94112.85000000","0.00007000"],["94113.85000000","1.00000000"],["94114.65000000","0.02295000"],["94115.33000000","0.00000000"],["94115.41000000","0.00000000"],["94115.52000000","0.00000000"],["94115.84000000","0.00531000"],["94115.85000000","0.16000000"],["94117.11000000","0.00582000"],["94117.35000000","0.00000000"],["94117.44000000","0.00000000"],["94117.87000000","0.00000000"],["94118.57000000","0.42762000"],["94118.62000000","0.00000000"],["94118.73000000","0.00000000"],["94118.74000000","0.00000000"],["94118.78000000","0.00000000"],["94118.86000000","0.00000000"],["94118.92000000","0.00000000"],["94119.00000000","0.03190000"],["94119.59000000","0.00354000"],["94119.64000000","0.00000000"],["94120.31000000","0.00016000"],["94120.64000000","0.00000000"],["94120.86000000","0.00000000"],["94120.88000000","0.00000000"],["94120.89000000","0.00000000"],["94120.99000000","0.00000000"],["94121.09000000","0.00000000"],["94121.18000000","0.00000000"],["94121.68000000","0.00000000"],["94121.78000000","0.00000000"],["94121.84000000","0.00000000"],["94122.44000000","0.00000000"],["94122.85000000","0.06349000"],["94123.91000000","0.00000000"],["94124.00000000","0.64713000"],["94124.04000000","0.00000000"],["94124.30000000","0.00000000"],["94125.76000000","0.79715000"],["94127.12000000","0.00000000"],["94127.29000000","0.00000000"],["94127.48000000","0.00317000"],["94128.25000000","0.00000000"],["94130.17000000","0.00000000"],["94131.50000000","1.69437000"],["94132.28000000","0.04716000"],["94132.44000000","0.00000000"],["94132.51000000","0.10800000"],["94132.64000000","0.00006000"],["94134.79000000","0.00000000"],["94136.31000000","0.00000000"],["94137.74000000","0.05000000"],["94137.97000000","0.08495000"],["94138.94000000","0.00000000"],["94141.04000000","0.00000000"],["94142.61000000","0.00000000"],["94143.04000000","2.00000000"],["94145.08000000","0.00212000"],["94145.15000000","0.76453000"],["94146.16000000","0.00000000"],["94146.28000000","0.93013000"],["94146.40000000","0.00816000"],["94147.36000000","0.25400000"],["94148.38000000","0.45148000"],["94150.05000000","0.76449000"],["94151.64000000","0.00000000"],["94152.37000000","0.00000000"],["94152.94000000","0.00000000"],["94153.28000000","0.00000000"],["94153.29000000","0.00000000"],["94154.34000000","0.00000000"],["94156.00000000","0.00235000"],["94156.43000000","0.00000000"],["94156.66000000","0.00620000"],["94158.59000000","0.00000000"],["94159.28000000","0.00000000"],["94159.78000000","0.00000000"],["94161.94000000","0.00000000"],["94162.02000000","0.00011000"],["94163.63000000","0.00971000"],["94163.69000000","0.00000000"],["94164.79000000","0.00000000"],["94164.92000000","0.00011000"],["94165.06000000","0.00317000"],["94165.09000000","0.04252000"],["94165.43000000","0.00000000"],["94165.68000000","0.00000000"],["94165.73000000","0.00000000"],["94166.56000000","0.00000000"],["94166.70000000","0.00000000"],["94167.49000000","0.00000000"],["94167.57000000","0.00000000"],["94167.61000000","0.00000000"],["94167.72000000","0.00000000"],["94168.10000000","0.00000000"],["94168.30000000","0.00000000"],["94168.36000000","0.00531000"],["94169.47000000","0.00000000"],["94169.57000000","0.00000000"],["94170.24000000","0.00000000"],["94170.45000000","0.00000000"],["94170.48000000","0.00000000"],["94170.77000000","0.00000000"],["94171.00000000","0.00010000"],["94171.48000000","0.00000000"],["94171.82000000","0.04038000"],["94171.91000000","0.00000000"],["94171.98000000","0.00000000"],["94171.99000000","0.00000000"],["94172.30000000","0.00000000"],["94172.72000000","0.00000000"],["94173.85000000","0.00000000"],["94174.04000000","0.00000000"],["94174.75000000","0.00000000"],["94175.45000000","0.00000000"],["94175.65000000","0.00000000"],["94176.15000000","0.00143000"],["94176.86000000","0.00000000"],["94177.10000000","0.00006000"],["94177.54000000","0.00000000"],["94177.60000000","0.00000000"],["94177.88000000","0.03231000"],["94178.07000000","0.00000000"],["94179.51000000","0.00000000"],["94180.14000000","0.00000000"],["94180.24000000","0.00000000"],["94180.61000000","0.00000000"],["94181.01000000","0.00000000"],["94181.04000000","0.05997000"],["94181.09000000","0.00000000"],["94181.24000000","0.00000000"],["94181.84000000","0.04145000"],["94182.06000000","0.00000000"],["94182.15000000","0.00000000"],["94183.91000000","1.59789000"],["94183.98000000","0.00000000"],["94184.55000000","0.00000000"],["94184.99000000","0.00000000"],["94185.88000000","0.04145000"],["94186.12000000","1.71052000"],["94186.91000000","0.08290000"],["94187.00000000","0.00000000"],["94187.06000000","0.00000000"],["94187.75000000","0.05797000"],["94188.90000000","0.34399000"],["94189.38000000","0.00000000"],["94189.47000000","0.04800000"],["94189.59000000","0.00000000"],["94189.68000000","0.00019000"],["94190.46000000","0.00000000"],["94191.18000000","0.00000000"],["94191.23000000","0.00000000"],["94191.58000000","0.34398000"],["94191.69000000","0.05997000"],["94193.64000000","0.00026000"],["94193.85000000","0.00900000"],["94193.93000000","0.05697000"],["94194.13000000","0.00000000"],["94195.73000000","0.00000000"],["94196.59000000","0.05697000"],["94197.11000000","0.00000000"],["94197.42000000","1.71052000"],["94197.50000000","0.00000000"],["94197.95000000","0.00000000"],["94198.20000000","0.05697000"],["94198.87000000","0.04251000"],["94199.07000000","0.00000000"],["94199.32000000","0.00600000"],["94199.61000000","0.08502000"],["94199.80000000","0.00008000"],["94200.38000000","0.05697000"],["94201.02000000","0.05798000"],["94201.22000000","0.00000000"],["94202.53000000","0.05697000"],["94203.77000000","0.05798000"],["94204.37000000","0.05697000"],["94205.14000000","0.05798000"],["94207.08000000","0.05697000"],["94207.50000000","0.05815000"],["94209.73000000","0.03798000"],["94209.83000000","0.05697000"],["94210.05000000","0.05798000"],["94213.34000000","0.11596000"],["94213.37000000","0.03798000"],["94213.90000000","0.11691000"],["94214.98000000","0.11658000"],["94217.21000000","0.11596000"],["94217.22000000","0.00000000"],["94218.32000000","0.03798000"],["94221.63000000","0.11596000"],["94222.89000000","0.03798000"],["94227.44000000","0.03798000"],["94228.34000000","0.00000000"],["94229.02000000","0.00000000"],["94232.47000000","0.03798000"],["94237.55000000","0.01586000"],["94274.42000000","0.00106000"],["94274.43000000","0.00000000"],["94274.49000000","0.00000000"],["94288.79000000","0.00000000"],["94290.93000000","0.00008000"],["94318.51000000","0.00000000"],["94322.71000000","0.00400000"],["94329.00000000","0.00000000"],["94329.83000000","0.00000000"],["94361.18000000","0.00011000"],["94375.28000000","0.00023000"],["94376.00000000","0.05560000"],["94383.10000000","0.00000000"],["94387.80000000","0.00000000"],["94392.50000000","0.00000000"],["95071.25000000","0.00000000"],["95095.00000000","0.10879000"],["95495.93000000","0.00106000"]],"b":[["94084.65000000","5.74622000"],["94084.64000000","0.05796000"],["94084.22000000","0.00018000"],["94084.21000000","0.41664000"],["94084.20000000","0.00012000"],["94084.19000000","0.70139000"],["94083.76000000","0.24942000"],["94083.51000000","0.08027000"],["94083.50000000","0.04268000"],["94083.17000000","0.02096000"],["94083.14000000","0.00000000"],["94082.95000000","0.02319000"],["94082.89000000","0.00000000"],["94080.97000000","0.00000000"],["94080.88000000","0.00052000"],["94080.00000000","0.04262000"],["94079.79000000","0.00000000"],["94079.20000000","0.04250000"],["94078.44000000","0.27640000"],["94078.43000000","0.04000000"],["94077.98000000","0.05314000"],["94077.67000000","0.49489000"],["94077.46000000","0.00000000"],["94077.45000000","0.21381000"],["94077.00000000","0.08015000"],["94076.96000000","0.00833000"],["94075.54000000","0.00000000"],["94075.53000000","1.00000000"],["94075.46000000","0.00000000"],["94075.45000000","0.00000000"],["94075.10000000","0.21381000"],["94074.88000000","0.68657000"],["94074.87000000","0.45148000"],["94074.07000000","0.00212000"],["94073.97000000","0.00000000"],["94073.64000000","0.00000000"],["94073.52000000","0.00531000"],["94073.51000000","0.00000000"],["94073.13000000","0.00000000"],["94073.12000000","0.00000000"],["94073.10000000","0.00000000"],["94072.88000000","0.06349000"],["94071.11000000","0.15169000"],["94070.17000000","0.00000000"],["94070.10000000","0.21381000"],["94069.77000000","0.00000000"],["94069.55000000","2.01764000"],["94069.54000000","1.71052000"],["94069.52000000","0.00000000"],["94069.51000000","0.02657000"],["94069.47000000","0.31886000"],["94068.90000000","0.00000000"],["94068.73000000","0.00496000"],["94068.67000000","0.00000000"],["94068.57000000","0.00000000"],["94068.42000000","0.79715000"],["94068.39000000","0.00000000"],["94068.18000000","0.05314000"],["94068.07000000","0.00000000"],["94067.57000000","0.00000000"],["94067.45000000","0.00000000"],["94066.74000000","0.99644000"],["94066.47000000","0.00000000"],["94066.46000000","0.00000000"],["94066.41000000","2.00000000"],["94066.34000000","0.05314000"],["94066.21000000","0.00000000"],["94065.83000000","0.10646000"],["94065.51000000","0.00000000"],["94065.18000000","0.00000000"],["94065.05000000","0.00000000"],["94064.97000000","2.13441000"],["94064.61000000","0.79715000"],["94063.49000000","0.00000000"],["94063.29000000","0.00000000"],["94063.22000000","0.00000000"],["94061.98000000","0.00531000"],["94061.96000000","0.34116000"],["94061.56000000","0.76521000"],["94059.41000000","0.00000000"],["94058.99000000","0.04000000"],["94057.72000000","0.10493000"],["94057.59000000","0.00000000"],["94057.28000000","0.00357000"],["94056.42000000","0.05021000"],["94056.38000000","0.05316000"],["94055.69000000","0.00000000"],["94055.45000000","0.00000000"],["94054.89000000","0.00000000"],["94054.42000000","0.99644000"],["94054.28000000","0.76527000"],["94052.69000000","0.00000000"],["94052.49000000","0.00000000"],["94052.45000000","0.00000000"],["94051.49000000","0.00000000"],["94051.26000000","0.00000000"],["94050.49000000","0.00000000"],["94048.84000000","0.00000000"],["94048.79000000","0.00000000"],["94048.29000000","0.00000000"],["94046.57000000","0.00000000"],["94046.37000000","0.00000000"],["94045.45000000","0.00000000"],["94043.83000000","0.00000000"],["94042.07000000","0.21381000"],["94042.06000000","1.93838000"],["94041.46000000","0.00000000"],["94040.87000000","0.00000000"],["94039.13000000","0.00112000"],["94037.60000000","0.05316000"],["94036.62000000","0.00000000"],["94036.61000000","0.00000000"],["94036.06000000","0.00000000"],["94034.31000000","0.01531000"],["94033.02000000","0.00000000"],["94032.26000000","0.00000000"],["94032.25000000","0.00000000"],["94031.67000000","0.00000000"],["94031.57000000","0.03422000"],["94031.47000000","0.00000000"],["94031.37000000","0.08000000"],["94029.18000000","0.03798000"],["94027.74000000","0.00000000"],["94027.04000000","0.00000000"],["94026.28000000","0.00000000"],["94024.22000000","0.00822000"],["94023.25000000","0.00865000"],["94023.10000000","0.00106000"],["94022.11000000","0.02792000"],["94021.76000000","0.63749000"],["94021.74000000","0.00000000"],["94021.25000000","0.00000000"],["94018.80000000","0.00000000"],["94016.29000000","0.00000000"],["94014.12000000","0.34463000"],["94012.03000000","0.00000000"],["94011.39000000","0.34464000"],["94008.75000000","0.00000000"],["94008.18000000","0.00000000"],["94008.16000000","0.00000000"],["94008.03000000","0.00000000"],["94007.49000000","0.00000000"],["94002.11000000","0.00000000"],["93999.50000000","0.00000000"],["93997.84000000","0.05283000"],["93997.21000000","0.02949000"],["93993.64000000","0.00000000"],["93993.30000000","0.00000000"],["93990.85000000","0.00000000"],["93979.37000000","0.00000000"],["93972.80000000","0.00720000"],["93948.19000000","0.03798000"],["93933.08000000","0.20417000"],["93929.18000000","0.99048000"],["93926.62000000","0.00000000"],["93923.00000000","0.00000000"],["93920.62000000","0.00000000"],["93907.97000000","0.00000000"],["93907.68000000","0.00000000"],["93907.62000000","0.00000000"],["93904.68000000","0.00000000"],["93901.48000000","0.00000000"],["93899.38000000","0.00000000"],["93886.44000000","0.99302000"],["93880.68000000","0.00000000"],["93850.01000000","0.00000000"],["93849.20000000","0.00553000"],["93800.00000000","0.18721000"],["93753.97000000","0.27962000"],["93686.31000000","0.00000000"],["93541.27000000","0.00000000"],["93524.72000000","0.00000000"],["93470.64000000","0.00351000"],["93237.89000000","0.00032000"],["92927.32000000","0.00000000"],["92833.26000000","0.00022000"],["92739.21000000","0.00000000"],["92673.38000000","0.00008000"],["92645.15000000","0.00000000"],["92551.09000000","0.00000000"],["92529.99000000","0.00000000"],["90411.89000000","0.00007000"],["90127.31000000","0.00007000"],["89842.73000000","0.00007000"],["89558.14000000","0.00007000"],["84676.00000000","0.00000000"],["75267.72000000","0.00065000"],["33000.00000000","2.70601000"],["20002.00000000","0.00000000"],["20001.00000000","0.03474000"]],"s":"BTCUSDT","e":"depthUpdate","E":1745777404014,"U":67663536610,"u":67663537798}
Received message: {"p":"94084.65000000","a":3551019124,"q":"0.04019000","s":"BTCUSDT","T":1745777404491,"e":"aggTrade","E":1745777404492,"f":4855242271,"l":4855242271,"m":true,"M":true}
Received message: {"p":"94084.65000000","a":3551019124,"q":"0.04019000","s":"BTCUSDT","T":1745777404491,"e":"aggTrade","E":1745777404492,"f":4855242271,"l":4855242271,"m":true,"M":true}
Received message: {"p":"94084.65000000","a":3551019125,"q":"0.00023000","s":"BTCUSDT","T":1745777404606,"e":"aggTrade","E":1745777404607,"f":4855242272,"l":4855242272,"m":true,"M":true}
Received message: {"p":"94084.65000000","a":3551019125,"q":"0.00023000","s":"BTCUSDT","T":1745777404606,"e":"aggTrade","E":1745777404607,"f":4855242272,"l":4855242272,"m":true,"M":true}
Received message: {"p":"94084.65000000","a":3551019126,"q":"0.00956000","s":"BTCUSDT","T":1745777404958,"e":"aggTrade","E":1745777404959,"f":4855242273,"l":4855242273,"m":true,"M":true}
Received message: {"p":"94084.65000000","a":3551019126,"q":"0.00956000","s":"BTCUSDT","T":1745777404958,"e":"aggTrade","E":1745777404959,"f":4855242273,"l":4855242273,"m":true,"M":true}
Received message: {"a":[["94084.66000000","4.10611000"],["94084.67000000","0.00189000"],["94084.68000000","0.00006000"],["94084.72000000","0.00006000"],["94084.84000000","0.00006000"],["94084.85000000","0.00000000"],["94085.27000000","0.00025000"],["94085.28000000","0.12553000"],["94085.29000000","0.12831000"],["94085.62000000","0.00000000"],["94085.63000000","0.00000000"],["94085.79000000","0.00000000"],["94086.95000000","0.00012000"],["94086.96000000","0.17934000"],["94086.97000000","0.00000000"],["94086.99000000","0.00000000"],["94087.00000000","0.14250000"],["94087.23000000","0.00000000"],["94087.88000000","0.00000000"],["94087.94000000","0.00000000"],["94088.12000000","0.00000000"],["94088.59000000","0.00000000"],["94089.12000000","0.00006000"],["94089.99000000","0.00050000"],["94090.48000000","0.00041000"],["94090.49000000","0.21381000"],["94090.50000000","0.04250000"],["94090.52000000","0.49522000"],["94090.53000000","0.00000000"],["94090.54000000","0.21381000"],["94091.21000000","0.30662000"],["94092.00000000","0.04460000"],["94092.55000000","0.00000000"],["94092.59000000","0.00000000"],["94092.60000000","0.00021000"],["94092.61000000","0.70121000"],["94092.87000000","0.00000000"],["94092.93000000","0.00000000"],["94092.95000000","0.00000000"],["94092.97000000","0.00000000"],["94093.19000000","0.00006000"],["94093.20000000","0.00000000"],["94093.47000000","0.00000000"],["94093.48000000","0.00000000"],["94093.49000000","0.00000000"],["94093.54000000","0.00000000"],["94093.65000000","0.00017000"],["94093.82000000","0.10628000"],["94093.99000000","0.00000000"],["94094.13000000","0.00010000"],["94094.45000000","0.01355000"],["94094.49000000","0.00382000"],["94094.50000000","0.00382000"],["94094.55000000","0.33409000"],["94094.56000000","0.21381000"],["94094.60000000","0.00000000"],["94095.56000000","0.00000000"],["94095.85000000","0.00000000"],["94095.93000000","0.00000000"],["94095.94000000","0.00000000"],["94096.18000000","0.00000000"],["94096.19000000","0.00000000"],["94096.24000000","0.00000000"],["94096.34000000","0.00000000"],["94096.40000000","0.00008000"],["94096.41000000","0.00000000"],["94096.81000000","0.00000000"],["94097.99000000","0.00000000"],["94098.30000000","0.00000000"],["94099.19000000","1.25391000"],["94099.20000000","0.00000000"],["94099.22000000","0.00000000"],["94099.31000000","0.00000000"],["94099.68000000","0.00000000"],["94100.26000000","0.00000000"],["94100.39000000","0.00000000"],["94100.41000000","0.39069000"],["94100.46000000","0.02135000"],["94100.55000000","0.00000000"],["94100.56000000","0.00000000"],["94100.79000000","0.00000000"],["94101.75000000","0.00000000"],["94102.12000000","0.00000000"],["94102.13000000","0.00000000"],["94102.58000000","0.21941000"],["94103.28000000","1.00000000"],["94103.46000000","0.00000000"],["94103.58000000","1.98782000"],["94103.79000000","0.00000000"],["94104.33000000","0.00000000"],["94104.62000000","0.01587000"],["94104.64000000","0.00000000"],["94104.70000000","0.02000000"],["94105.08000000","0.00000000"],["94105.33000000","0.08015000"],["94105.79000000","0.00000000"],["94106.08000000","0.00000000"],["94106.96000000","0.00531000"],["94106.97000000","0.00531000"],["94106.98000000","0.00011000"],["94107.68000000","0.00000000"],["94107.78000000","0.00000000"],["94107.95000000","0.00000000"],["94108.00000000","0.04470000"],["94108.03000000","0.00000000"],["94108.06000000","0.04800000"],["94108.07000000","0.04800000"],["94108.12000000","0.09600000"],["94108.29000000","0.00000000"],["94108.47000000","0.09409000"],["94108.98000000","0.00000000"],["94109.48000000","0.00000000"],["94110.48000000","0.00000000"],["94110.59000000","0.00000000"],["94111.58000000","0.00000000"],["94111.76000000","0.00011000"],["94112.09000000","0.00786000"],["94112.77000000","0.11528000"],["94112.85000000","0.07687000"],["94113.48000000","0.04716000"],["94113.85000000","0.00000000"],["94114.40000000","0.00000000"],["94115.84000000","0.00000000"],["94116.22000000","0.00000000"],["94121.90000000","2.00000000"],["94122.21000000","0.00496000"],["94122.50000000","0.00000000"],["94122.59000000","0.04243000"],["94123.73000000","0.00000000"],["94124.48000000","0.00000000"],["94125.50000000","0.00000000"],["94126.99000000","2.09139000"],["94127.50000000","0.00000000"],["94128.43000000","0.29440000"],["94129.30000000","0.00000000"],["94130.04000000","0.05000000"],["94130.99000000","0.76464000"],["94131.50000000","0.00000000"],["94132.28000000","0.00000000"],["94133.30000000","0.00000000"],["94134.30000000","0.00000000"],["94136.30000000","0.00000000"],["94137.74000000","0.00000000"],["94137.97000000","0.04252000"],["94138.50000000","0.00000000"],["94143.04000000","0.00000000"],["94144.14000000","0.00000000"],["94152.28000000","0.00000000"],["94163.29000000","0.00000000"],["94166.17000000","0.29894000"],["94170.80000000","0.04800000"],["94171.55000000","0.07680000"],["94175.50000000","0.06720000"],["94175.79000000","0.00000000"],["94180.89000000","0.00000000"],["94181.81000000","0.00186000"],["94189.47000000","0.00000000"],["94196.18000000","0.05498000"],["94198.56000000","0.05498000"],["94201.96000000","0.05498000"],["94203.74000000","0.05498000"],["94205.81000000","0.05498000"],["94208.28000000","0.05547000"],["94209.08000000","0.05598000"],["94210.99000000","0.05498000"],["94211.81000000","0.05598000"],["94213.37000000","0.09396000"],["94215.21000000","0.05498000"],["94215.57000000","0.03998000"],["94215.69000000","0.05498000"],["94216.01000000","0.05598000"],["94218.49000000","0.05514000"],["94218.96000000","0.05498000"],["94218.97000000","0.05598000"],["94219.68000000","0.03998000"],["94221.63000000","0.17094000"],["94221.75000000","0.05498000"],["94221.96000000","0.05598000"],["94223.67000000","0.03998000"],["94225.49000000","0.05505000"],["94225.60000000","0.05504000"],["94228.68000000","0.03998000"],["94229.59000000","0.03998000"],["94229.62000000","1.31347000"],["94270.23000000","0.00400000"],["94278.05000000","0.00000000"],["94322.71000000","0.00000000"],["94376.00000000","0.00244000"],["95495.93000000","0.00006000"],["105984.93000000","0.00006000"],["105988.76000000","0.00000000"]],"b":[["94084.65000000","4.01540000"],["94084.64000000","0.00018000"],["94083.76000000","0.24936000"],["94083.51000000","0.00006000"],["94082.95000000","0.02319000"],["94082.07000000","0.00000000"],["94081.95000000","0.16006000"],["94080.88000000","0.00000000"],["94080.70000000","0.01593000"],["94080.00000000","0.04262000"],["94079.55000000","0.11205000"],["94079.54000000","0.10331000"],["94079.20000000","0.04250000"],["94078.92000000","0.09409000"],["94078.44000000","0.00000000"],["94077.98000000","0.00000000"],["94077.67000000","0.00000000"],["94077.45000000","0.00000000"],["94077.00000000","0.00000000"],["94075.53000000","0.00000000"],["94075.10000000","0.00000000"],["94074.88000000","0.28147000"],["94073.92000000","0.05280000"],["94073.52000000","0.00000000"],["94073.34000000","0.00000000"],["94071.34000000","0.00560000"],["94071.11000000","0.05760000"],["94071.06000000","0.45514000"],["94070.55000000","0.00000000"],["94070.44000000","0.00000000"],["94070.10000000","0.00000000"],["94069.51000000","0.00000000"],["94069.16000000","0.04800000"],["94068.94000000","0.00000000"],["94068.64000000","1.00000000"],["94068.18000000","0.00000000"],["94067.08000000","0.00531000"],["94066.41000000","0.00000000"],["94066.34000000","0.00000000"],["94064.97000000","1.47426000"],["94062.03000000","0.00000000"],["94061.86000000","0.00000000"],["94061.56000000","0.00000000"],["94060.77000000","0.97879000"],["94058.03000000","0.00000000"],["94057.72000000","0.00000000"],["94056.70000000","0.00000000"],["94056.42000000","0.10335000"],["94056.23000000","0.00000000"],["94055.57000000","0.00000000"],["94054.28000000","0.00000000"],["94053.63000000","0.00000000"],["94053.23000000","0.00000000"],["94052.63000000","2.00000000"],["94052.20000000","0.10830000"],["94048.87000000","0.05498000"],["94046.77000000","0.05760000"],["94041.83000000","0.76537000"],["94034.66000000","0.76543000"],["94033.13000000","0.05000000"],["94031.57000000","0.00000000"],["94028.68000000","0.27750000"],["94026.45000000","0.56689000"],["94020.75000000","0.00000000"],["94007.96000000","0.03422000"],["93987.56000000","0.00000000"],["93987.54000000","0.05760000"],["93976.29000000","0.10995000"],["93972.84000000","0.16692000"],["93913.36000000","0.00000000"],["93541.27000000","0.10632000"],["93143.80000000","0.00032000"],["93049.72000000","0.00016000"],["92955.63000000","0.00016000"],["92861.55000000","0.00016000"],["92673.38000000","0.00108000"],["92457.04000000","0.00000000"],["92362.98000000","0.00000000"],["92268.93000000","0.00000000"],["92174.87000000","0.00000000"],["89273.56000000","0.00007000"],["88988.98000000","0.00007000"],["88704.40000000","0.00007000"],["88419.81000000","0.00007000"],["86557.89000000","0.00000000"],["84676.00000000","0.00000000"],["75267.72000000","0.00065000"],["33000.00000000","2.70601000"]],"s":"BTCUSDT","e":"depthUpdate","E":1745777405014,"U":67663537799,"u":67663538361}
Received message: {"a":[["94084.66000000","4.10611000"],["94084.67000000","0.00189000"],["94084.68000000","0.00006000"],["94084.72000000","0.00006000"],["94084.84000000","0.00006000"],["94084.85000000","0.00000000"],["94085.27000000","0.00025000"],["94085.28000000","0.12553000"],["94085.29000000","0.12831000"],["94085.62000000","0.00000000"],["94085.63000000","0.00000000"],["94085.79000000","0.00000000"],["94086.95000000","0.00012000"],["94086.96000000","0.17934000"],["94086.97000000","0.00000000"],["94086.99000000","0.00000000"],["94087.00000000","0.14250000"],["94087.23000000","0.00000000"],["94087.88000000","0.00000000"],["94087.94000000","0.00000000"],["94088.12000000","0.00000000"],["94088.59000000","0.00000000"],["94089.12000000","0.00006000"],["94089.99000000","0.00050000"],["94090.48000000","0.00041000"],["94090.49000000","0.21381000"],["94090.50000000","0.04250000"],["94090.52000000","0.49522000"],["94090.53000000","0.00000000"],["94090.54000000","0.21381000"],["94091.21000000","0.30662000"],["94092.00000000","0.04460000"],["94092.55000000","0.00000000"],["94092.59000000","0.00000000"],["94092.60000000","0.00021000"],["94092.61000000","0.70121000"],["94092.87000000","0.00000000"],["94092.93000000","0.00000000"],["94092.95000000","0.00000000"],["94092.97000000","0.00000000"],["94093.19000000","0.00006000"],["94093.20000000","0.00000000"],["94093.47000000","0.00000000"],["94093.48000000","0.00000000"],["94093.49000000","0.00000000"],["94093.54000000","0.00000000"],["94093.65000000","0.00017000"],["94093.82000000","0.10628000"],["94093.99000000","0.00000000"],["94094.13000000","0.00010000"],["94094.45000000","0.01355000"],["94094.49000000","0.00382000"],["94094.50000000","0.00382000"],["94094.55000000","0.33409000"],["94094.56000000","0.21381000"],["94094.60000000","0.00000000"],["94095.56000000","0.00000000"],["94095.85000000","0.00000000"],["94095.93000000","0.00000000"],["94095.94000000","0.00000000"],["94096.18000000","0.00000000"],["94096.19000000","0.00000000"],["94096.24000000","0.00000000"],["94096.34000000","0.00000000"],["94096.40000000","0.00008000"],["94096.41000000","0.00000000"],["94096.81000000","0.00000000"],["94097.99000000","0.00000000"],["94098.30000000","0.00000000"],["94099.19000000","1.25391000"],["94099.20000000","0.00000000"],["94099.22000000","0.00000000"],["94099.31000000","0.00000000"],["94099.68000000","0.00000000"],["94100.26000000","0.00000000"],["94100.39000000","0.00000000"],["94100.41000000","0.39069000"],["94100.46000000","0.02135000"],["94100.55000000","0.00000000"],["94100.56000000","0.00000000"],["94100.79000000","0.00000000"],["94101.75000000","0.00000000"],["94102.12000000","0.00000000"],["94102.13000000","0.00000000"],["94102.58000000","0.21941000"],["94103.28000000","1.00000000"],["94103.46000000","0.00000000"],["94103.58000000","1.98782000"],["94103.79000000","0.00000000"],["94104.33000000","0.00000000"],["94104.62000000","0.01587000"],["94104.64000000","0.00000000"],["94104.70000000","0.02000000"],["94105.08000000","0.00000000"],["94105.33000000","0.08015000"],["94105.79000000","0.00000000"],["94106.08000000","0.00000000"],["94106.96000000","0.00531000"],["94106.97000000","0.00531000"],["94106.98000000","0.00011000"],["94107.68000000","0.00000000"],["94107.78000000","0.00000000"],["94107.95000000","0.00000000"],["94108.00000000","0.04470000"],["94108.03000000","0.00000000"],["94108.06000000","0.04800000"],["94108.07000000","0.04800000"],["94108.12000000","0.09600000"],["94108.29000000","0.00000000"],["94108.47000000","0.09409000"],["94108.98000000","0.00000000"],["94109.48000000","0.00000000"],["94110.48000000","0.00000000"],["94110.59000000","0.00000000"],["94111.58000000","0.00000000"],["94111.76000000","0.00011000"],["94112.09000000","0.00786000"],["94112.77000000","0.11528000"],["94112.85000000","0.07687000"],["94113.48000000","0.04716000"],["94113.85000000","0.00000000"],["94114.40000000","0.00000000"],["94115.84000000","0.00000000"],["94116.22000000","0.00000000"],["94121.90000000","2.00000000"],["94122.21000000","0.00496000"],["94122.50000000","0.00000000"],["94122.59000000","0.04243000"],["94123.73000000","0.00000000"],["94124.48000000","0.00000000"],["94125.50000000","0.00000000"],["94126.99000000","2.09139000"],["94127.50000000","0.00000000"],["94128.43000000","0.29440000"],["94129.30000000","0.00000000"],["94130.04000000","0.05000000"],["94130.99000000","0.76464000"],["94131.50000000","0.00000000"],["94132.28000000","0.00000000"],["94133.30000000","0.00000000"],["94134.30000000","0.00000000"],["94136.30000000","0.00000000"],["94137.74000000","0.00000000"],["94137.97000000","0.04252000"],["94138.50000000","0.00000000"],["94143.04000000","0.00000000"],["94144.14000000","0.00000000"],["94152.28000000","0.00000000"],["94163.29000000","0.00000000"],["94166.17000000","0.29894000"],["94170.80000000","0.04800000"],["94171.55000000","0.07680000"],["94175.50000000","0.06720000"],["94175.79000000","0.00000000"],["94180.89000000","0.00000000"],["94181.81000000","0.00186000"],["94189.47000000","0.00000000"],["94196.18000000","0.05498000"],["94198.56000000","0.05498000"],["94201.96000000","0.05498000"],["94203.74000000","0.05498000"],["94205.81000000","0.05498000"],["94208.28000000","0.05547000"],["94209.08000000","0.05598000"],["94210.99000000","0.05498000"],["94211.81000000","0.05598000"],["94213.37000000","0.09396000"],["94215.21000000","0.05498000"],["94215.57000000","0.03998000"],["94215.69000000","0.05498000"],["94216.01000000","0.05598000"],["94218.49000000","0.05514000"],["94218.96000000","0.05498000"],["94218.97000000","0.05598000"],["94219.68000000","0.03998000"],["94221.63000000","0.17094000"],["94221.75000000","0.05498000"],["94221.96000000","0.05598000"],["94223.67000000","0.03998000"],["94225.49000000","0.05505000"],["94225.60000000","0.05504000"],["94228.68000000","0.03998000"],["94229.59000000","0.03998000"],["94229.62000000","1.31347000"],["94270.23000000","0.00400000"],["94278.05000000","0.00000000"],["94322.71000000","0.00000000"],["94376.00000000","0.00244000"],["95495.93000000","0.00006000"],["105984.93000000","0.00006000"],["105988.76000000","0.00000000"]],"b":[["94084.65000000","4.01540000"],["94084.64000000","0.00018000"],["94083.76000000","0.24936000"],["94083.51000000","0.00006000"],["94082.95000000","0.02319000"],["94082.07000000","0.00000000"],["94081.95000000","0.16006000"],["94080.88000000","0.00000000"],["94080.70000000","0.01593000"],["94080.00000000","0.04262000"],["94079.55000000","0.11205000"],["94079.54000000","0.10331000"],["94079.20000000","0.04250000"],["94078.92000000","0.09409000"],["94078.44000000","0.00000000"],["94077.98000000","0.00000000"],["94077.67000000","0.00000000"],["94077.45000000","0.00000000"],["94077.00000000","0.00000000"],["94075.53000000","0.00000000"],["94075.10000000","0.00000000"],["94074.88000000","0.28147000"],["94073.92000000","0.05280000"],["94073.52000000","0.00000000"],["94073.34000000","0.00000000"],["94071.34000000","0.00560000"],["94071.11000000","0.05760000"],["94071.06000000","0.45514000"],["94070.55000000","0.00000000"],["94070.44000000","0.00000000"],["94070.10000000","0.00000000"],["94069.51000000","0.00000000"],["94069.16000000","0.04800000"],["94068.94000000","0.00000000"],["94068.64000000","1.00000000"],["94068.18000000","0.00000000"],["94067.08000000","0.00531000"],["94066.41000000","0.00000000"],["94066.34000000","0.00000000"],["94064.97000000","1.47426000"],["94062.03000000","0.00000000"],["94061.86000000","0.00000000"],["94061.56000000","0.00000000"],["94060.77000000","0.97879000"],["94058.03000000","0.00000000"],["94057.72000000","0.00000000"],["94056.70000000","0.00000000"],["94056.42000000","0.10335000"],["94056.23000000","0.00000000"],["94055.57000000","0.00000000"],["94054.28000000","0.00000000"],["94053.63000000","0.00000000"],["94053.23000000","0.00000000"],["94052.63000000","2.00000000"],["94052.20000000","0.10830000"],["94048.87000000","0.05498000"],["94046.77000000","0.05760000"],["94041.83000000","0.76537000"],["94034.66000000","0.76543000"],["94033.13000000","0.05000000"],["94031.57000000","0.00000000"],["94028.68000000","0.27750000"],["94026.45000000","0.56689000"],["94020.75000000","0.00000000"],["94007.96000000","0.03422000"],["93987.56000000","0.00000000"],["93987.54000000","0.05760000"],["93976.29000000","0.10995000"],["93972.84000000","0.16692000"],["93913.36000000","0.00000000"],["93541.27000000","0.10632000"],["93143.80000000","0.00032000"],["93049.72000000","0.00016000"],["92955.63000000","0.00016000"],["92861.55000000","0.00016000"],["92673.38000000","0.00108000"],["92457.04000000","0.00000000"],["92362.98000000","0.00000000"],["92268.93000000","0.00000000"],["92174.87000000","0.00000000"],["89273.56000000","0.00007000"],["88988.98000000","0.00007000"],["88704.40000000","0.00007000"],["88419.81000000","0.00007000"],["86557.89000000","0.00000000"],["84676.00000000","0.00000000"],["75267.72000000","0.00065000"],["33000.00000000","2.70601000"]],"s":"BTCUSDT","e":"depthUpdate","E":1745777405014,"U":67663537799,"u":67663538361}
Received message: {"p":"94084.66000000","a":3551019127,"q":"0.00351000","s":"BTCUSDT","T":1745777405199,"e":"aggTrade","E":1745777405200,"f":4855242274,"l":4855242277,"m":false,"M":true}
Received message: {"p":"94084.66000000","a":3551019127,"q":"0.00351000","s":"BTCUSDT","T":1745777405199,"e":"aggTrade","E":1745777405200,"f":4855242274,"l":4855242277,"m":false,"M":true}
Received message: {"p":"94084.66000000","a":3551019128,"q":"0.08000000","s":"BTCUSDT","T":1745777405802,"e":"aggTrade","E":1745777405802,"f":4855242278,"l":4855242290,"m":false,"M":true}
Received message: {"p":"94084.66000000","a":3551019128,"q":"0.08000000","s":"BTCUSDT","T":1745777405802,"e":"aggTrade","E":1745777405802,"f":4855242278,"l":4855242290,"m":false,"M":true}
Received message: {"p":"94084.66000000","a":3551019129,"q":"0.04000000","s":"BTCUSDT","T":1745777405802,"e":"aggTrade","E":1745777405802,"f":4855242291,"l":4855242291,"m":false,"M":true}
Received message: {"p":"94084.66000000","a":3551019129,"q":"0.04000000","s":"BTCUSDT","T":1745777405802,"e":"aggTrade","E":1745777405802,"f":4855242291,"l":4855242291,"m":false,"M":true}
Received message: {"p":"94084.66000000","a":3551019130,"q":"0.16000000","s":"BTCUSDT","T":1745777405802,"e":"aggTrade","E":1745777405803,"f":4855242292,"l":4855242305,"m":false,"M":true}
Received message: {"p":"94084.66000000","a":3551019130,"q":"0.16000000","s":"BTCUSDT","T":1745777405802,"e":"aggTrade","E":1745777405803,"f":4855242292,"l":4855242305,"m":false,"M":true}
Received message: {"p":"94084.66000000","a":3551019131,"q":"0.12724000","s":"BTCUSDT","T":1745777405802,"e":"aggTrade","E":1745777405803,"f":4855242306,"l":4855242348,"m":false,"M":true}
Received message: {"p":"94084.66000000","a":3551019131,"q":"0.12724000","s":"BTCUSDT","T":1745777405802,"e":"aggTrade","E":1745777405803,"f":4855242306,"l":4855242348,"m":false,"M":true}
Received message: {"p":"94084.67000000","a":3551019132,"q":"0.00201000","s":"BTCUSDT","T":1745777405802,"e":"aggTrade","E":1745777405803,"f":4855242349,"l":4855242376,"m":false,"M":true}
Received message: {"p":"94084.67000000","a":3551019132,"q":"0.00201000","s":"BTCUSDT","T":1745777405802,"e":"aggTrade","E":1745777405803,"f":4855242349,"l":4855242376,"m":false,"M":true}
Received message: {"p":"94084.68000000","a":3551019133,"q":"0.00006000","s":"BTCUSDT","T":1745777405802,"e":"aggTrade","E":1745777405803,"f":4855242377,"l":4855242377,"m":false,"M":true}
Received message: {"p":"94084.68000000","a":3551019133,"q":"0.00006000","s":"BTCUSDT","T":1745777405802,"e":"aggTrade","E":1745777405803,"f":4855242377,"l":4855242377,"m":false,"M":true}
Received message: {"p":"94084.72000000","a":3551019134,"q":"0.00006000","s":"BTCUSDT","T":1745777405802,"e":"aggTrade","E":1745777405803,"f":4855242378,"l":4855242378,"m":false,"M":true}
Received message: {"p":"94084.72000000","a":3551019134,"q":"0.00006000","s":"BTCUSDT","T":1745777405802,"e":"aggTrade","E":1745777405803,"f":4855242378,"l":4855242378,"m":false,"M":true}
Received message: {"p":"94084.75000000","a":3551019135,"q":"0.00006000","s":"BTCUSDT","T":1745777405802,"e":"aggTrade","E":1745777405803,"f":4855242379,"l":4855242379,"m":false,"M":true}
Received message: {"p":"94084.75000000","a":3551019135,"q":"0.00006000","s":"BTCUSDT","T":1745777405802,"e":"aggTrade","E":1745777405803,"f":4855242379,"l":4855242379,"m":false,"M":true}
Received message: {"p":"94084.81000000","a":3551019136,"q":"0.00006000","s":"BTCUSDT","T":1745777405802,"e":"aggTrade","E":1745777405803,"f":4855242380,"l":4855242380,"m":false,"M":true}
Received message: {"p":"94084.81000000","a":3551019136,"q":"0.00006000","s":"BTCUSDT","T":1745777405802,"e":"aggTrade","E":1745777405803,"f":4855242380,"l":4855242380,"m":false,"M":true}
Received message: {"p":"94084.82000000","a":3551019137,"q":"0.00006000","s":"BTCUSDT","T":1745777405802,"e":"aggTrade","E":1745777405803,"f":4855242381,"l":4855242381,"m":false,"M":true}
Received message: {"p":"94084.82000000","a":3551019137,"q":"0.00006000","s":"BTCUSDT","T":1745777405802,"e":"aggTrade","E":1745777405803,"f":4855242381,"l":4855242381,"m":false,"M":true}
Received message: {"p":"94084.84000000","a":3551019138,"q":"0.00006000","s":"BTCUSDT","T":1745777405802,"e":"aggTrade","E":1745777405803,"f":4855242382,"l":4855242382,"m":false,"M":true}
Received message: {"p":"94084.84000000","a":3551019138,"q":"0.00006000","s":"BTCUSDT","T":1745777405802,"e":"aggTrade","E":1745777405803,"f":4855242382,"l":4855242382,"m":false,"M":true}
Received message: {"p":"94084.91000000","a":3551019139,"q":"0.00078000","s":"BTCUSDT","T":1745777405802,"e":"aggTrade","E":1745777405803,"f":4855242383,"l":4855242384,"m":false,"M":true}
Received message: {"p":"94084.91000000","a":3551019139,"q":"0.00078000","s":"BTCUSDT","T":1745777405802,"e":"aggTrade","E":1745777405803,"f":4855242383,"l":4855242384,"m":false,"M":true}
Received message: {"p":"94085.00000000","a":3551019140,"q":"0.00040000","s":"BTCUSDT","T":1745777405802,"e":"aggTrade","E":1745777405803,"f":4855242385,"l":4855242386,"m":false,"M":true}
Received message: {"p":"94085.00000000","a":3551019140,"q":"0.00040000","s":"BTCUSDT","T":1745777405802,"e":"aggTrade","E":1745777405803,"f":4855242385,"l":4855242386,"m":false,"M":true}
Received message: {"p":"94085.27000000","a":3551019141,"q":"0.00031000","s":"BTCUSDT","T":1745777405802,"e":"aggTrade","E":1745777405803,"f":4855242387,"l":4855242390,"m":false,"M":true}
Received message: {"p":"94085.27000000","a":3551019141,"q":"0.00031000","s":"BTCUSDT","T":1745777405802,"e":"aggTrade","E":1745777405803,"f":4855242387,"l":4855242390,"m":false,"M":true}
Received message: {"p":"94085.28000000","a":3551019142,"q":"0.00036000","s":"BTCUSDT","T":1745777405802,"e":"aggTrade","E":1745777405803,"f":4855242391,"l":4855242396,"m":false,"M":true}
Received message: {"p":"94085.28000000","a":3551019142,"q":"0.00036000","s":"BTCUSDT","T":1745777405802,"e":"aggTrade","E":1745777405803,"f":4855242391,"l":4855242396,"m":false,"M":true}
Received message: {"p":"94085.29000000","a":3551019143,"q":"0.00018000","s":"BTCUSDT","T":1745777405802,"e":"aggTrade","E":1745777405803,"f":4855242397,"l":4855242399,"m":false,"M":true}
Received message: {"p":"94085.29000000","a":3551019143,"q":"0.00018000","s":"BTCUSDT","T":1745777405802,"e":"aggTrade","E":1745777405803,"f":4855242397,"l":4855242399,"m":false,"M":true}
Received message: {"p":"94085.64000000","a":3551019144,"q":"0.00720000","s":"BTCUSDT","T":1745777405802,"e":"aggTrade","E":1745777405803,"f":4855242400,"l":4855242400,"m":false,"M":true}
Received message: {"p":"94085.64000000","a":3551019144,"q":"0.00720000","s":"BTCUSDT","T":1745777405802,"e":"aggTrade","E":1745777405803,"f":4855242400,"l":4855242400,"m":false,"M":true}
Received message: {"p":"94086.13000000","a":3551019145,"q":"0.01285000","s":"BTCUSDT","T":1745777405802,"e":"aggTrade","E":1745777405803,"f":4855242401,"l":4855242401,"m":false,"M":true}
Received message: {"p":"94086.13000000","a":3551019145,"q":"0.01285000","s":"BTCUSDT","T":1745777405802,"e":"aggTrade","E":1745777405803,"f":4855242401,"l":4855242401,"m":false,"M":true}
Received message: {"p":"94086.29000000","a":3551019146,"q":"0.00006000","s":"BTCUSDT","T":1745777405802,"e":"aggTrade","E":1745777405803,"f":4855242402,"l":4855242402,"m":false,"M":true}
Received message: {"p":"94086.29000000","a":3551019146,"q":"0.00006000","s":"BTCUSDT","T":1745777405802,"e":"aggTrade","E":1745777405803,"f":4855242402,"l":4855242402,"m":false,"M":true}
Received message: {"p":"94086.46000000","a":3551019147,"q":"0.00007000","s":"BTCUSDT","T":1745777405802,"e":"aggTrade","E":1745777405803,"f":4855242403,"l":4855242403,"m":false,"M":true}
Received message: {"p":"94086.46000000","a":3551019147,"q":"0.00007000","s":"BTCUSDT","T":1745777405802,"e":"aggTrade","E":1745777405803,"f":4855242403,"l":4855242403,"m":false,"M":true}
Received message: {"p":"94086.95000000","a":3551019148,"q":"0.00024000","s":"BTCUSDT","T":1745777405805,"e":"aggTrade","E":1745777405807,"f":4855242404,"l":4855242407,"m":false,"M":true}
Received message: {"p":"94086.95000000","a":3551019148,"q":"0.00024000","s":"BTCUSDT","T":1745777405805,"e":"aggTrade","E":1745777405807,"f":4855242404,"l":4855242407,"m":false,"M":true}
Received message: {"p":"94086.96000000","a":3551019149,"q":"0.14734000","s":"BTCUSDT","T":1745777405805,"e":"aggTrade","E":1745777405807,"f":4855242408,"l":4855242408,"m":false,"M":true}
Received message: {"p":"94086.96000000","a":3551019149,"q":"0.14734000","s":"BTCUSDT","T":1745777405805,"e":"aggTrade","E":1745777405807,"f":4855242408,"l":4855242408,"m":false,"M":true}
Received message: {"p":"94086.96000000","a":3551019150,"q":"0.01045000","s":"BTCUSDT","T":1745777405805,"e":"aggTrade","E":1745777405807,"f":4855242409,"l":4855242409,"m":false,"M":true}
Received message: {"p":"94086.96000000","a":3551019150,"q":"0.01045000","s":"BTCUSDT","T":1745777405805,"e":"aggTrade","E":1745777405807,"f":4855242409,"l":4855242409,"m":false,"M":true}
Received message: {"p":"94086.96000000","a":3551019151,"q":"0.02221000","s":"BTCUSDT","T":1745777405805,"e":"aggTrade","E":1745777405808,"f":4855242410,"l":4855242421,"m":false,"M":true}
Received message: {"p":"94086.96000000","a":3551019151,"q":"0.02221000","s":"BTCUSDT","T":1745777405805,"e":"aggTrade","E":1745777405808,"f":4855242410,"l":4855242421,"m":false,"M":true}
Received message: {"p":"94086.99000000","a":3551019152,"q":"0.00018000","s":"BTCUSDT","T":1745777405805,"e":"aggTrade","E":1745777405808,"f":4855242422,"l":4855242424,"m":false,"M":true}
Received message: {"p":"94086.99000000","a":3551019152,"q":"0.00018000","s":"BTCUSDT","T":1745777405805,"e":"aggTrade","E":1745777405808,"f":4855242422,"l":4855242424,"m":false,"M":true}
Received message: {"p":"94087.00000000","a":3551019153,"q":"0.00388000","s":"BTCUSDT","T":1745777405805,"e":"aggTrade","E":1745777405808,"f":4855242425,"l":4855242425,"m":false,"M":true}
Received message: {"p":"94087.00000000","a":3551019153,"q":"0.00388000","s":"BTCUSDT","T":1745777405805,"e":"aggTrade","E":1745777405808,"f":4855242425,"l":4855242425,"m":false,"M":true}
Received message: {"p":"94087.00000000","a":3551019154,"q":"0.00006000","s":"BTCUSDT","T":1745777405805,"e":"aggTrade","E":1745777405808,"f":4855242426,"l":4855242426,"m":false,"M":true}
Received message: {"p":"94087.00000000","a":3551019154,"q":"0.00006000","s":"BTCUSDT","T":1745777405805,"e":"aggTrade","E":1745777405808,"f":4855242426,"l":4855242426,"m":false,"M":true}
Received message: {"p":"94087.00000000","a":3551019155,"q":"0.07423000","s":"BTCUSDT","T":1745777405805,"e":"aggTrade","E":1745777405808,"f":4855242427,"l":4855242427,"m":false,"M":true}
Received message: {"p":"94087.00000000","a":3551019155,"q":"0.07423000","s":"BTCUSDT","T":1745777405805,"e":"aggTrade","E":1745777405808,"f":4855242427,"l":4855242427,"m":false,"M":true}
Received message: {"p":"94087.00000000","a":3551019156,"q":"0.02183000","s":"BTCUSDT","T":1745777405806,"e":"aggTrade","E":1745777405808,"f":4855242428,"l":4855242428,"m":false,"M":true}
Received message: {"p":"94087.00000000","a":3551019156,"q":"0.02183000","s":"BTCUSDT","T":1745777405806,"e":"aggTrade","E":1745777405808,"f":4855242428,"l":4855242428,"m":false,"M":true}
Received message: {"p":"94087.00000000","a":3551019157,"q":"0.00018000","s":"BTCUSDT","T":1745777405806,"e":"aggTrade","E":1745777405809,"f":4855242429,"l":4855242431,"m":false,"M":true}
Received message: {"p":"94087.00000000","a":3551019157,"q":"0.00018000","s":"BTCUSDT","T":1745777405806,"e":"aggTrade","E":1745777405809,"f":4855242429,"l":4855242431,"m":false,"M":true}
Received message: {"p":"94087.89000000","a":3551019158,"q":"0.00018000","s":"BTCUSDT","T":1745777405809,"e":"aggTrade","E":1745777405814,"f":4855242432,"l":4855242433,"m":false,"M":true}
Received message: {"p":"94087.89000000","a":3551019158,"q":"0.00018000","s":"BTCUSDT","T":1745777405809,"e":"aggTrade","E":1745777405814,"f":4855242432,"l":4855242433,"m":false,"M":true}
Received message: {"p":"94088.00000000","a":3551019159,"q":"0.00210000","s":"BTCUSDT","T":1745777405809,"e":"aggTrade","E":1745777405814,"f":4855242434,"l":4855242435,"m":false,"M":true}
Received message: {"p":"94088.00000000","a":3551019159,"q":"0.00210000","s":"BTCUSDT","T":1745777405809,"e":"aggTrade","E":1745777405814,"f":4855242434,"l":4855242435,"m":false,"M":true}
Received message: {"p":"94089.12000000","a":3551019160,"q":"0.00006000","s":"BTCUSDT","T":1745777405809,"e":"aggTrade","E":1745777405814,"f":4855242436,"l":4855242436,"m":false,"M":true}
Received message: {"p":"94089.12000000","a":3551019160,"q":"0.00006000","s":"BTCUSDT","T":1745777405809,"e":"aggTrade","E":1745777405814,"f":4855242436,"l":4855242436,"m":false,"M":true}
Received message: {"p":"94089.37000000","a":3551019161,"q":"0.00051000","s":"BTCUSDT","T":1745777405809,"e":"aggTrade","E":1745777405814,"f":4855242437,"l":4855242438,"m":false,"M":true}
Received message: {"p":"94089.37000000","a":3551019161,"q":"0.00051000","s":"BTCUSDT","T":1745777405809,"e":"aggTrade","E":1745777405814,"f":4855242437,"l":4855242438,"m":false,"M":true}
Received message: {"p":"94089.46000000","a":3551019162,"q":"0.00106000","s":"BTCUSDT","T":1745777405809,"e":"aggTrade","E":1745777405814,"f":4855242439,"l":4855242440,"m":false,"M":true}
Received message: {"p":"94089.46000000","a":3551019162,"q":"0.00106000","s":"BTCUSDT","T":1745777405809,"e":"aggTrade","E":1745777405814,"f":4855242439,"l":4855242440,"m":false,"M":true}
Received message: {"p":"94090.00000000","a":3551019163,"q":"0.00011000","s":"BTCUSDT","T":1745777405809,"e":"aggTrade","E":1745777405814,"f":4855242441,"l":4855242441,"m":false,"M":true}
Received message: {"p":"94090.00000000","a":3551019163,"q":"0.00011000","s":"BTCUSDT","T":1745777405809,"e":"aggTrade","E":1745777405814,"f":4855242441,"l":4855242441,"m":false,"M":true}
Received message: {"p":"94090.20000000","a":3551019164,"q":"0.00032000","s":"BTCUSDT","T":1745777405809,"e":"aggTrade","E":1745777405814,"f":4855242442,"l":4855242443,"m":false,"M":true}
Received message: {"p":"94090.20000000","a":3551019164,"q":"0.00032000","s":"BTCUSDT","T":1745777405809,"e":"aggTrade","E":1745777405814,"f":4855242442,"l":4855242443,"m":false,"M":true}
Received message: {"p":"94090.47000000","a":3551019165,"q":"0.00018000","s":"BTCUSDT","T":1745777405809,"e":"aggTrade","E":1745777405814,"f":4855242444,"l":4855242446,"m":false,"M":true}
Received message: {"p":"94090.47000000","a":3551019165,"q":"0.00018000","s":"BTCUSDT","T":1745777405809,"e":"aggTrade","E":1745777405814,"f":4855242444,"l":4855242446,"m":false,"M":true}
Received message: {"p":"94090.48000000","a":3551019166,"q":"0.00041000","s":"BTCUSDT","T":1745777405809,"e":"aggTrade","E":1745777405814,"f":4855242447,"l":4855242447,"m":false,"M":true}
Received message: {"p":"94090.48000000","a":3551019166,"q":"0.00041000","s":"BTCUSDT","T":1745777405809,"e":"aggTrade","E":1745777405814,"f":4855242447,"l":4855242447,"m":false,"M":true}
Received message: {"p":"94090.54000000","a":3551019167,"q":"0.00018000","s":"BTCUSDT","T":1745777405810,"e":"aggTrade","E":1745777405816,"f":4855242448,"l":4855242450,"m":false,"M":true}
Received message: {"p":"94090.54000000","a":3551019167,"q":"0.00018000","s":"BTCUSDT","T":1745777405810,"e":"aggTrade","E":1745777405816,"f":4855242448,"l":4855242450,"m":false,"M":true}
Received message: {"p":"94090.57000000","a":3551019168,"q":"0.06153000","s":"BTCUSDT","T":1745777405812,"e":"aggTrade","E":1745777405819,"f":4855242451,"l":4855242451,"m":false,"M":true}
Received message: {"p":"94090.57000000","a":3551019168,"q":"0.06153000","s":"BTCUSDT","T":1745777405812,"e":"aggTrade","E":1745777405819,"f":4855242451,"l":4855242451,"m":false,"M":true}
Received message: {"p":"94090.57000000","a":3551019169,"q":"0.04179000","s":"BTCUSDT","T":1745777405824,"e":"aggTrade","E":1745777405838,"f":4855242452,"l":4855242456,"m":false,"M":true}
Received message: {"p":"94090.57000000","a":3551019169,"q":"0.04179000","s":"BTCUSDT","T":1745777405824,"e":"aggTrade","E":1745777405838,"f":4855242452,"l":4855242456,"m":false,"M":true}
Received message: {"p":"94090.57000000","a":3551019170,"q":"0.00034000","s":"BTCUSDT","T":1745777405824,"e":"aggTrade","E":1745777405838,"f":4855242457,"l":4855242462,"m":false,"M":true}
Received message: {"p":"94090.57000000","a":3551019170,"q":"0.00034000","s":"BTCUSDT","T":1745777405824,"e":"aggTrade","E":1745777405838,"f":4855242457,"l":4855242462,"m":false,"M":true}
Received message: {"p":"94090.58000000","a":3551019171,"q":"0.00114000","s":"BTCUSDT","T":1745777405824,"e":"aggTrade","E":1745777405838,"f":4855242463,"l":4855242481,"m":false,"M":true}
Received message: {"p":"94090.58000000","a":3551019171,"q":"0.00114000","s":"BTCUSDT","T":1745777405824,"e":"aggTrade","E":1745777405838,"f":4855242463,"l":4855242481,"m":false,"M":true}
Received message: {"p":"94090.85000000","a":3551019172,"q":"0.00013000","s":"BTCUSDT","T":1745777405824,"e":"aggTrade","E":1745777405838,"f":4855242482,"l":4855242483,"m":false,"M":true}
Received message: {"p":"94090.85000000","a":3551019172,"q":"0.00013000","s":"BTCUSDT","T":1745777405824,"e":"aggTrade","E":1745777405838,"f":4855242482,"l":4855242483,"m":false,"M":true}
Received message: {"p":"94091.13000000","a":3551019173,"q":"0.00013000","s":"BTCUSDT","T":1745777405824,"e":"aggTrade","E":1745777405838,"f":4855242484,"l":4855242485,"m":false,"M":true}
Received message: {"p":"94091.13000000","a":3551019173,"q":"0.00013000","s":"BTCUSDT","T":1745777405824,"e":"aggTrade","E":1745777405838,"f":4855242484,"l":4855242485,"m":false,"M":true}
Received message: {"p":"94092.00000000","a":3551019174,"q":"0.00216000","s":"BTCUSDT","T":1745777405826,"e":"aggTrade","E":1745777405841,"f":4855242486,"l":4855242488,"m":false,"M":true}
Received message: {"p":"94092.00000000","a":3551019174,"q":"0.00216000","s":"BTCUSDT","T":1745777405826,"e":"aggTrade","E":1745777405841,"f":4855242486,"l":4855242488,"m":false,"M":true}
Received message: {"p":"94092.60000000","a":3551019175,"q":"0.00027000","s":"BTCUSDT","T":1745777405840,"e":"aggTrade","E":1745777405853,"f":4855242489,"l":4855242490,"m":false,"M":true}
Received message: {"p":"94092.60000000","a":3551019175,"q":"0.00027000","s":"BTCUSDT","T":1745777405840,"e":"aggTrade","E":1745777405853,"f":4855242489,"l":4855242490,"m":false,"M":true}
Received message: {"p":"94093.19000000","a":3551019176,"q":"0.00006000","s":"BTCUSDT","T":1745777405840,"e":"aggTrade","E":1745777405853,"f":4855242491,"l":4855242491,"m":false,"M":true}
Received message: {"p":"94093.19000000","a":3551019176,"q":"0.00006000","s":"BTCUSDT","T":1745777405840,"e":"aggTrade","E":1745777405853,"f":4855242491,"l":4855242491,"m":false,"M":true}
Received message: {"p":"94093.65000000","a":3551019177,"q":"0.00023000","s":"BTCUSDT","T":1745777405840,"e":"aggTrade","E":1745777405853,"f":4855242492,"l":4855242493,"m":false,"M":true}
Received message: {"p":"94093.65000000","a":3551019177,"q":"0.00023000","s":"BTCUSDT","T":1745777405840,"e":"aggTrade","E":1745777405853,"f":4855242492,"l":4855242493,"m":false,"M":true}
Received message: {"p":"94094.07000000","a":3551019178,"q":"0.00265000","s":"BTCUSDT","T":1745777405840,"e":"aggTrade","E":1745777405853,"f":4855242494,"l":4855242494,"m":false,"M":true}
Received message: {"p":"94094.07000000","a":3551019178,"q":"0.00265000","s":"BTCUSDT","T":1745777405840,"e":"aggTrade","E":1745777405853,"f":4855242494,"l":4855242494,"m":false,"M":true}
Received message: {"p":"94094.54000000","a":3551019179,"q":"0.00015000","s":"BTCUSDT","T":1745777405840,"e":"aggTrade","E":1745777405853,"f":4855242495,"l":4855242495,"m":false,"M":true}
Received message: {"p":"94094.54000000","a":3551019179,"q":"0.00015000","s":"BTCUSDT","T":1745777405840,"e":"aggTrade","E":1745777405853,"f":4855242495,"l":4855242495,"m":false,"M":true}
Received message: {"p":"94094.69000000","a":3551019180,"q":"0.00306000","s":"BTCUSDT","T":1745777405853,"e":"aggTrade","E":1745777405864,"f":4855242496,"l":4855242497,"m":false,"M":true}
Received message: {"p":"94094.69000000","a":3551019180,"q":"0.00306000","s":"BTCUSDT","T":1745777405853,"e":"aggTrade","E":1745777405864,"f":4855242496,"l":4855242497,"m":false,"M":true}
Received message: {"p":"94095.00000000","a":3551019181,"q":"0.00026000","s":"BTCUSDT","T":1745777405853,"e":"aggTrade","E":1745777405864,"f":4855242498,"l":4855242499,"m":false,"M":true}
Received message: {"p":"94095.00000000","a":3551019181,"q":"0.00026000","s":"BTCUSDT","T":1745777405853,"e":"aggTrade","E":1745777405864,"f":4855242498,"l":4855242499,"m":false,"M":true}
Received message: {"p":"94095.11000000","a":3551019182,"q":"0.00006000","s":"BTCUSDT","T":1745777405853,"e":"aggTrade","E":1745777405864,"f":4855242500,"l":4855242500,"m":false,"M":true}
Received message: {"p":"94095.11000000","a":3551019182,"q":"0.00006000","s":"BTCUSDT","T":1745777405853,"e":"aggTrade","E":1745777405864,"f":4855242500,"l":4855242500,"m":false,"M":true}
Received message: {"p":"94095.23000000","a":3551019183,"q":"0.00045000","s":"BTCUSDT","T":1745777405866,"e":"aggTrade","E":1745777405875,"f":4855242501,"l":4855242507,"m":false,"M":true}
Received message: {"p":"94095.23000000","a":3551019183,"q":"0.00045000","s":"BTCUSDT","T":1745777405866,"e":"aggTrade","E":1745777405875,"f":4855242501,"l":4855242507,"m":false,"M":true}
Received message: {"p":"94095.24000000","a":3551019184,"q":"0.00044000","s":"BTCUSDT","T":1745777405874,"e":"aggTrade","E":1745777405881,"f":4855242508,"l":4855242508,"m":false,"M":true}
Received message: {"p":"94095.24000000","a":3551019184,"q":"0.00044000","s":"BTCUSDT","T":1745777405874,"e":"aggTrade","E":1745777405881,"f":4855242508,"l":4855242508,"m":false,"M":true}
Received message: {"a":[["94084.66000000","0.00000000"],["94084.67000000","0.00000000"],["94084.68000000","0.00000000"],["94084.72000000","0.00000000"],["94084.75000000","0.00000000"],["94084.81000000","0.00000000"],["94084.82000000","0.00000000"],["94084.84000000","0.00000000"],["94084.91000000","0.00000000"],["94085.00000000","0.00000000"],["94085.27000000","0.00000000"],["94085.28000000","0.00000000"],["94085.29000000","0.00000000"],["94085.64000000","0.00000000"],["94085.73000000","0.00000000"],["94086.13000000","0.00000000"],["94086.29000000","0.00000000"],["94086.46000000","0.00000000"],["94086.95000000","0.00000000"],["94086.96000000","0.00000000"],["94086.99000000","0.00000000"],["94087.00000000","0.00000000"],["94087.89000000","0.00000000"],["94088.00000000","0.00000000"],["94089.12000000","0.00000000"],["94089.37000000","0.00000000"],["94089.46000000","0.00000000"],["94089.99000000","0.00000000"],["94090.00000000","0.00000000"],["94090.20000000","0.00000000"],["94090.47000000","0.00000000"],["94090.48000000","0.00000000"],["94090.49000000","0.00000000"],["94090.50000000","0.00000000"],["94090.52000000","0.00000000"],["94090.54000000","0.00000000"],["94090.56000000","0.00000000"],["94090.57000000","0.00000000"],["94090.58000000","0.00000000"],["94090.85000000","0.00000000"],["94091.13000000","0.00000000"],["94091.15000000","0.00000000"],["94091.21000000","0.00000000"],["94092.00000000","0.00000000"],["94092.60000000","0.00000000"],["94092.61000000","0.00000000"],["94092.94000000","0.00000000"],["94093.19000000","0.00000000"],["94093.65000000","0.00000000"],["94093.82000000","0.00000000"],["94093.88000000","0.00000000"],["94093.89000000","0.00000000"],["94094.00000000","0.00000000"],["94094.06000000","0.00000000"],["94094.07000000","0.00000000"],["94094.13000000","0.00000000"],["94094.45000000","0.00000000"],["94094.49000000","0.00000000"],["94094.50000000","0.00000000"],["94094.54000000","0.00000000"],["94094.55000000","0.00000000"],["94094.56000000","0.00000000"],["94094.57000000","0.00000000"],["94094.69000000","0.00000000"],["94095.00000000","0.00000000"],["94095.11000000","0.00000000"],["94095.23000000","0.00000000"],["94095.24000000","0.91522000"],["94095.25000000","0.00778000"],["94095.27000000","0.00030000"],["94095.30000000","0.00006000"],["94095.42000000","0.00013000"],["94095.51000000","0.00000000"],["94095.68000000","0.00000000"],["94095.90000000","0.00006000"],["94095.91000000","0.00000000"],["94095.99000000","0.00116000"],["94096.00000000","0.00216000"],["94096.40000000","0.00000000"],["94096.44000000","0.00000000"],["94096.46000000","0.00000000"],["94096.67000000","0.00006000"],["94097.23000000","0.00229000"],["94097.28000000","0.20673000"],["94097.47000000","0.00012000"],["94097.50000000","0.00000000"],["94097.92000000","0.00006000"],["94097.98000000","0.00000000"],["94098.22000000","0.00000000"],["94098.38000000","0.00000000"],["94098.40000000","0.00000000"],["94098.61000000","0.00000000"],["94098.62000000","0.00000000"],["94098.63000000","0.00000000"],["94099.19000000","0.00000000"],["94099.20000000","0.00000000"],["94099.21000000","0.00000000"],["94099.44000000","0.00028000"],["94099.61000000","0.00000000"],["94099.70000000","0.00000000"],["94099.91000000","0.00000000"],["94099.95000000","0.00044000"],["94099.98000000","0.00000000"],["94099.99000000","0.00037000"],["94100.16000000","0.00000000"],["94100.41000000","0.00000000"],["94100.45000000","0.00000000"],["94100.46000000","0.00000000"],["94100.61000000","0.00000000"],["94101.00000000","0.00000000"],["94101.46000000","0.00000000"],["94101.49000000","0.00000000"],["94102.55000000","0.00000000"],["94102.56000000","0.00000000"],["94102.57000000","0.00000000"],["94102.58000000","0.00000000"],["94102.95000000","0.00000000"],["94103.26000000","0.00090000"],["94103.28000000","0.00000000"],["94103.47000000","0.00009000"],["94103.48000000","0.00000000"],["94103.54000000","0.00000000"],["94103.55000000","0.00000000"],["94103.58000000","0.00000000"],["94103.65000000","0.00423000"],["94103.88000000","0.00009000"],["94103.89000000","0.00000000"],["94103.99000000","0.00039000"],["94104.10000000","0.00265000"],["94104.48000000","0.00000000"],["94104.49000000","0.00000000"],["94104.50000000","0.04250000"],["94104.55000000","0.00000000"],["94104.56000000","0.00000000"],["94104.62000000","0.00000000"],["94104.70000000","0.00000000"],["94104.80000000","0.04250000"],["94104.87000000","0.00000000"],["94105.33000000","0.00000000"],["94105.51000000","0.00000000"],["94105.80000000","0.00000000"],["94106.10000000","0.00000000"],["94106.35000000","0.00000000"],["94106.44000000","0.00000000"],["94106.72000000","0.28142000"],["94106.73000000","0.79715000"],["94106.96000000","0.00000000"],["94106.97000000","0.00000000"],["94106.98000000","0.00011000"],["94107.00000000","0.00000000"],["94107.01000000","0.00000000"],["94107.04000000","0.00000000"],["94107.12000000","0.00000000"],["94107.23000000","0.00000000"],["94107.25000000","0.00000000"],["94107.40000000","0.00000000"],["94107.56000000","0.00000000"],["94108.00000000","0.04470000"],["94108.06000000","0.00000000"],["94108.07000000","0.00000000"],["94108.12000000","0.00000000"],["94108.19000000","0.00000000"],["94108.31000000","0.00000000"],["94108.32000000","0.00000000"],["94108.47000000","0.00000000"],["94108.51000000","0.00000000"],["94109.06000000","0.00000000"],["94109.07000000","0.00000000"],["94109.12000000","1.19111000"],["94109.79000000","0.00000000"],["94109.92000000","0.00092000"],["94109.94000000","0.00101000"],["94110.01000000","0.00000000"],["94110.39000000","0.21381000"],["94110.40000000","0.99829000"],["94110.69000000","0.00000000"],["94110.84000000","0.00000000"],["94110.85000000","0.00000000"],["94110.92000000","0.00000000"],["94111.01000000","0.70107000"],["94111.78000000","0.00000000"],["94111.79000000","0.99644000"],["94111.82000000","0.00000000"],["94111.89000000","0.00000000"],["94112.09000000","0.00000000"],["94112.31000000","0.00000000"],["94112.37000000","0.00000000"],["94112.71000000","0.00000000"],["94112.77000000","0.00008000"],["94112.78000000","0.00000000"],["94112.85000000","0.00007000"],["94112.88000000","0.00000000"],["94112.89000000","0.00010000"],["94112.91000000","0.00000000"],["94113.03000000","0.21381000"],["94113.04000000","1.14048000"],["94113.05000000","0.00000000"],["94113.15000000","0.00000000"],["94113.35000000","0.00006000"],["94113.48000000","0.00000000"],["94113.51000000","0.00000000"],["94113.53000000","0.99644000"],["94114.01000000","0.00000000"],["94114.06000000","0.00053000"],["94114.35000000","0.00000000"],["94114.60000000","0.00000000"],["94114.64000000","0.31886000"],["94114.65000000","0.00000000"],["94114.77000000","0.21381000"],["94114.81000000","0.00000000"],["94115.01000000","0.00000000"],["94115.29000000","0.99644000"],["94115.70000000","0.79715000"],["94115.85000000","0.00000000"],["94115.94000000","0.00026000"],["94116.03000000","0.53143000"],["94116.11000000","0.00000000"],["94116.16000000","0.00000000"],["94116.22000000","0.00000000"],["94116.31000000","0.02000000"],["94117.11000000","0.00000000"],["94117.19000000","0.00000000"],["94117.39000000","0.00000000"],["94117.59000000","0.00000000"],["94117.69000000","0.00000000"],["94117.75000000","1.35386000"],["94117.76000000","0.00000000"],["94117.88000000","0.00000000"],["94117.91000000","0.04000000"],["94118.01000000","0.08000000"],["94118.11000000","1.71052000"],["94118.26000000","0.00000000"],["94118.36000000","0.00000000"],["94118.56000000","0.21381000"],["94118.57000000","0.21381000"],["94118.58000000","0.00000000"],["94118.76000000","0.00000000"],["94118.79000000","0.00000000"],["94118.87000000","0.00000000"],["94118.94000000","0.00000000"],["94119.00000000","0.00000000"],["94119.03000000","0.79715000"],["94119.26000000","0.00000000"],["94119.27000000","0.00000000"],["94119.59000000","0.00000000"],["94119.67000000","0.00000000"],["94120.08000000","0.00010000"],["94120.24000000","0.00000000"],["94121.13000000","0.00000000"],["94121.19000000","0.00000000"],["94121.20000000","0.42514000"],["94121.90000000","0.00000000"],["94122.07000000","0.00000000"],["94122.16000000","0.00000000"],["94122.21000000","0.00000000"],["94122.29000000","0.00010000"],["94122.44000000","0.09409000"],["94122.59000000","0.00000000"],["94122.85000000","0.00000000"],["94122.88000000","0.00000000"],["94123.17000000","0.06349000"],["94123.36000000","0.39857000"],["94123.45000000","0.05314000"],["94123.46000000","0.92704000"],["94123.47000000","0.05367000"],["94123.54000000","0.02295000"],["94123.62000000","0.00531000"],["94123.63000000","0.04000000"],["94123.76000000","1.71052000"],["94124.00000000","0.00235000"],["94124.52000000","0.00000000"],["94124.66000000","0.00000000"],["94124.87000000","0.00000000"],["94125.28000000","0.00000000"],["94125.32000000","0.00000000"],["94125.76000000","0.00000000"],["94125.89000000","0.00000000"],["94126.10000000","0.42762000"],["94126.16000000","0.16000000"],["94126.68000000","0.00000000"],["94126.83000000","0.00000000"],["94126.99000000","0.73010000"],["94127.38000000","0.00000000"],["94127.48000000","0.00000000"],["94127.96000000","1.00000000"],["94128.17000000","0.05314000"],["94128.28000000","0.29322000"],["94128.43000000","0.00000000"],["94129.61000000","0.00000000"],["94129.90000000","0.30662000"],["94129.91000000","0.00000000"],["94129.99000000","0.00531000"],["94130.04000000","0.00000000"],["94130.46000000","0.00000000"],["94130.83000000","0.00000000"],["94130.99000000","0.00000000"],["94131.29000000","0.00000000"],["94131.31000000","0.00000000"],["94131.85000000","0.00000000"],["94131.91000000","0.00000000"],["94132.51000000","0.00000000"],["94132.83000000","0.29903000"],["94132.84000000","0.00000000"],["94133.63000000","0.42762000"],["94133.66000000","0.00579000"],["94133.80000000","0.00000000"],["94134.43000000","0.00000000"],["94134.62000000","0.00000000"],["94135.99000000","0.00000000"],["94136.28000000","0.00317000"],["94137.01000000","0.00000000"],["94137.09000000","0.00000000"],["94137.51000000","0.00000000"],["94137.89000000","0.11064000"],["94137.96000000","0.00000000"],["94137.97000000","0.00000000"],["94138.13000000","0.00000000"],["94138.56000000","0.00000000"],["94139.83000000","0.00000000"],["94139.84000000","0.00000000"],["94139.85000000","0.00000000"],["94140.16000000","1.04644000"],["94140.28000000","0.00000000"],["94140.65000000","0.00000000"],["94140.66000000","0.00000000"],["94140.94000000","0.42762000"],["94141.00000000","0.00026000"],["94141.34000000","0.00000000"],["94141.40000000","0.00105000"],["94141.45000000","0.00000000"],["94141.79000000","0.00000000"],["94141.85000000","0.00000000"],["94142.25000000","0.00000000"],["94142.26000000","0.00000000"],["94142.56000000","0.00000000"],["94142.88000000","0.03159000"],["94143.28000000","0.00000000"],["94143.62000000","0.00000000"],["94143.63000000","0.00000000"],["94143.64000000","0.00000000"],["94143.66000000","0.00000000"],["94145.08000000","0.00000000"],["94145.15000000","0.00000000"],["94145.33000000","0.00000000"],["94145.37000000","0.00012000"],["94145.55000000","0.00000000"],["94145.96000000","0.00000000"],["94146.40000000","0.00000000"],["94146.87000000","0.79715000"],["94146.90000000","0.00000000"],["94147.25000000","0.00212000"],["94147.33000000","0.00000000"],["94147.71000000","0.00000000"],["94147.76000000","0.00318000"],["94147.96000000","0.00000000"],["94147.97000000","0.00000000"],["94147.98000000","0.00000000"],["94147.99000000","0.00018000"],["94148.30000000","0.00000000"],["94148.65000000","0.00000000"],["94148.66000000","0.00000000"],["94148.67000000","0.00000000"],["94148.68000000","0.00000000"],["94148.96000000","0.00000000"],["94149.96000000","0.00000000"],["94149.97000000","0.00000000"],["94149.98000000","0.00000000"],["94150.05000000","0.00000000"],["94150.20000000","0.79715000"],["94150.35000000","0.03561000"],["94150.36000000","0.29487000"],["94150.71000000","0.00000000"],["94150.72000000","0.00000000"],["94151.38000000","0.76448000"],["94152.23000000","0.00000000"],["94153.86000000","0.00000000"],["94154.75000000","0.06864000"],["94155.02000000","0.31886000"],["94155.54000000","0.00000000"],["94155.98000000","0.00000000"],["94156.25000000","0.00000000"],["94156.66000000","0.00000000"],["94156.68000000","0.00000000"],["94157.47000000","0.00000000"],["94158.00000000","0.00000000"],["94158.01000000","0.00000000"],["94158.02000000","0.00810000"],["94158.21000000","0.00000000"],["94158.31000000","0.00806000"],["94159.97000000","0.00000000"],["94159.98000000","0.00000000"],["94159.99000000","0.00000000"],["94160.20000000","0.00852000"],["94160.68000000","2.00000000"],["94160.74000000","0.52526000"],["94160.89000000","0.00000000"],["94161.23000000","0.00000000"],["94161.32000000","0.00819000"],["94162.00000000","0.52591000"],["94162.02000000","0.44609000"],["94162.27000000","0.00000000"],["94162.28000000","0.00000000"],["94163.20000000","0.00316000"],["94163.29000000","0.00560000"],["94164.00000000","0.00235000"],["94164.30000000","0.04038000"],["94165.03000000","0.00000000"],["94165.06000000","0.00000000"],["94165.09000000","0.00000000"],["94166.19000000","0.00000000"],["94166.24000000","0.00000000"],["94167.20000000","0.45148000"],["94167.71000000","0.08076000"],["94167.99000000","0.08028000"],["94169.45000000","0.00000000"],["94170.61000000","0.04038000"],["94170.79000000","0.04038000"],["94170.80000000","0.09600000"],["94170.96000000","0.42514000"],["94171.58000000","0.00000000"],["94172.39000000","0.04038000"],["94172.40000000","0.00000000"],["94172.86000000","0.04038000"],["94173.91000000","0.00330000"],["94174.16000000","0.04144000"],["94174.17000000","0.00000000"],["94174.18000000","0.00000000"],["94174.26000000","0.00000000"],["94174.33000000","0.00138000"],["94174.81000000","0.04038000"],["94174.92000000","0.00000000"],["94175.07000000","0.00000000"],["94175.44000000","0.00000000"],["94175.47000000","0.00000000"],["94175.50000000","0.11520000"],["94176.19000000","0.04145000"],["94176.20000000","0.04038000"],["94176.21000000","0.00000000"],["94176.37000000","0.04144000"],["94176.38000000","0.08502000"],["94176.48000000","0.00000000"],["94176.52000000","0.00000000"],["94176.59000000","0.00000000"],["94177.03000000","0.00000000"],["94177.30000000","0.43693000"],["94177.78000000","0.04145000"],["94178.01000000","0.00000000"],["94178.18000000","0.02844000"],["94178.64000000","0.04144000"],["94178.65000000","0.00053000"],["94178.71000000","0.04357000"],["94179.10000000","0.00000000"],["94179.40000000","0.00000000"],["94179.45000000","0.00000000"],["94179.49000000","0.04145000"],["94179.57000000","0.00000000"],["94179.72000000","0.04038000"],["94179.98000000","0.00265000"],["94179.99000000","0.17789000"],["94180.36000000","0.04144000"],["94180.37000000","0.00000000"],["94180.45000000","0.00000000"],["94180.68000000","0.00000000"],["94180.69000000","0.00000000"],["94180.83000000","0.00000000"],["94181.04000000","0.00000000"],["94181.31000000","0.00000000"],["94181.33000000","0.00000000"],["94181.73000000","0.00000000"],["94182.04000000","0.04144000"],["94182.05000000","0.00000000"],["94182.32000000","0.00000000"],["94182.33000000","0.00000000"],["94182.93000000","0.00000000"],["94183.27000000","0.00000000"],["94183.32000000","0.00000000"],["94183.37000000","0.00000000"],["94183.52000000","0.00000000"],["94183.69000000","0.00012000"],["94183.91000000","0.00000000"],["94183.93000000","0.00000000"],["94184.50000000","0.04144000"],["94185.31000000","0.00000000"],["94185.85000000","0.00000000"],["94186.01000000","0.00600000"],["94186.13000000","0.04038000"],["94186.49000000","0.04144000"],["94186.50000000","0.00144000"],["94187.04000000","0.00000000"],["94187.14000000","0.00000000"],["94187.27000000","0.04251000"],["94187.58000000","0.00006000"],["94187.60000000","0.00000000"],["94187.74000000","0.00000000"],["94187.75000000","0.00000000"],["94188.21000000","0.05198000"],["94188.26000000","0.04251000"],["94189.26000000","0.04716000"],["94189.37000000","0.04144000"],["94189.44000000","0.04251000"],["94189.59000000","0.62813000"],["94190.30000000","0.05697000"],["94190.45000000","0.00000000"],["94190.53000000","0.04251000"],["94190.59000000","0.00265000"],["94190.60000000","0.00000000"],["94190.61000000","0.00000000"],["94191.03000000","0.00000000"],["94191.31000000","0.04251000"],["94191.47000000","0.04251000"],["94191.69000000","0.00000000"],["94191.97000000","0.08288000"],["94192.09000000","0.00000000"],["94192.41000000","0.04251000"],["94192.51000000","0.04251000"],["94193.54000000","0.04258000"],["94193.79000000","0.00000000"],["94194.11000000","0.04144000"],["94194.13000000","0.04251000"],["94194.14000000","0.04144000"],["94194.71000000","0.00000000"],["94194.79000000","0.00000000"],["94195.02000000","0.00000000"],["94195.77000000","0.04251000"],["94195.79000000","0.04144000"],["94195.81000000","0.04144000"],["94196.34000000","0.00000000"],["94197.52000000","0.04144000"],["94197.53000000","0.30494000"],["94197.65000000","0.04251000"],["94197.71000000","0.04144000"],["94199.16000000","0.04251000"],["94199.59000000","0.00000000"],["94200.18000000","0.00000000"],["94201.18000000","0.04251000"],["94203.30000000","0.04251000"],["94204.42000000","0.00000000"],["94204.57000000","0.00000000"],["94205.20000000","0.04251000"],["94205.39000000","0.00000000"],["94206.59000000","0.04038000"],["94207.46000000","0.04251000"],["94207.52000000","0.04038000"],["94208.71000000","0.00000000"],["94208.72000000","1.71052000"],["94209.20000000","0.00008000"],["94209.22000000","0.05597000"],["94209.50000000","0.04251000"],["94210.39000000","0.00000000"],["94210.57000000","0.04038000"],["94211.21000000","0.04251000"],["94211.75000000","0.05797000"],["94211.83000000","0.05597000"],["94214.34000000","0.05597000"],["94215.50000000","0.04038000"],["94215.88000000","0.05797000"],["94216.42000000","0.05597000"],["94218.16000000","0.05597000"],["94220.02000000","1.71052000"],["94220.61000000","0.05597000"],["94223.12000000","0.05597000"],["94225.36000000","0.03998000"],["94226.25000000","0.05597000"],["94227.84000000","0.05597000"],["94228.32000000","0.11499000"],["94228.57000000","0.11623000"],["94229.31000000","0.03998000"],["94229.62000000","0.00000000"],["94229.76000000","0.00832000"],["94230.27000000","0.05597000"],["94231.32000000","1.71052000"],["94233.03000000","0.03998000"],["94233.31000000","0.05716000"],["94236.48000000","0.05597000"],["94236.88000000","0.00011000"],["94237.17000000","0.03998000"],["94237.55000000","0.00000000"],["94241.86000000","0.11450000"],["94243.30000000","0.03998000"],["94249.40000000","0.00000000"],["94254.46000000","0.00000000"],["94267.48000000","0.00000000"],["94270.23000000","0.00000000"],["94274.42000000","0.00000000"],["94274.49000000","0.00106000"],["94277.57000000","0.00000000"],["94283.44000000","0.01000000"],["94284.72000000","0.01060000"],["94285.21000000","0.00106000"],["94291.76000000","0.00000000"],["94300.94000000","0.02000000"],["94329.00000000","0.00000000"],["94361.72000000","0.00400000"],["94361.76000000","0.49500000"],["94363.15000000","0.00000000"],["94374.26000000","0.00000000"],["94381.45000000","0.00011000"],["94384.56000000","0.00011000"],["94389.26000000","0.00011000"],["94395.55000000","0.00000000"],["94402.03000000","2.33770000"],["94405.16000000","0.00000000"],["94405.31000000","0.00000000"],["94408.51000000","1.98533000"],["94425.87000000","0.01059000"],["94449.49000000","0.00000000"],["94481.83000000","0.14398000"],["94555.09000000","0.00000000"],["94596.20000000","0.00000000"],["94720.75000000","10.55397000"],["95095.00000000","0.00348000"],["95190.00000000","0.00212000"],["95213.75000000","0.05260000"],["95495.93000000","0.00106000"]],"b":[["94095.23000000","6.42813000"],["94095.22000000","1.19796000"],["94095.19000000","0.00000000"],["94095.13000000","0.00006000"],["94095.11000000","0.00000000"],["94095.10000000","0.00006000"],["94095.08000000","0.00006000"],["94095.07000000","0.32079000"],["94095.02000000","0.00000000"],["94094.99000000","0.00006000"],["94094.69000000","0.97850000"],["94094.68000000","0.50937000"],["94094.56000000","0.00000000"],["94094.55000000","0.00000000"],["94094.54000000","0.00000000"],["94094.53000000","0.00000000"],["94094.44000000","0.00000000"],["94094.41000000","0.00000000"],["94094.29000000","0.00106000"],["94094.06000000","0.00000000"],["94094.00000000","0.04262000"],["94093.99000000","0.00000000"],["94093.88000000","0.00000000"],["94093.87000000","0.00000000"],["94093.64000000","0.00000000"],["94093.18000000","0.00000000"],["94093.03000000","0.00000000"],["94092.59000000","0.00721000"],["94092.00000000","0.04262000"],["94091.99000000","0.00000000"],["94091.80000000","0.00000000"],["94091.34000000","0.00000000"],["94091.27000000","0.00000000"],["94091.17000000","0.00000000"],["94091.15000000","0.21393000"],["94091.14000000","0.00000000"],["94091.12000000","0.00000000"],["94090.84000000","0.00000000"],["94090.59000000","0.00000000"],["94090.57000000","0.00000000"],["94090.56000000","0.14644000"],["94090.54000000","0.21393000"],["94090.53000000","0.00000000"],["94090.52000000","0.00044000"],["94090.50000000","0.04256000"],["94090.49000000","0.00000000"],["94090.48000000","0.00000000"],["94090.47000000","0.00000000"],["94090.46000000","0.00000000"],["94090.39000000","0.00000000"],["94090.22000000","0.32067000"],["94090.21000000","0.00000000"],["94090.19000000","0.00000000"],["94089.99000000","0.00000000"],["94089.98000000","0.04000000"],["94089.72000000","0.00000000"],["94089.64000000","0.00000000"],["94089.46000000","0.00000000"],["94089.45000000","0.00000000"],["94089.36000000","0.04000000"],["94089.29000000","0.00000000"],["94089.11000000","0.00000000"],["94088.21000000","0.00000000"],["94087.99000000","0.00000000"],["94087.91000000","0.00000000"],["94087.88000000","0.57143000"],["94087.79000000","0.00000000"],["94087.41000000","0.00000000"],["94087.00000000","0.04250000"],["94086.99000000","0.00015000"],["94086.98000000","0.00000000"],["94086.96000000","1.24451000"],["94086.95000000","0.21381000"],["94086.94000000","0.49148000"],["94086.69000000","0.04193000"],["94086.45000000","0.00000000"],["94086.30000000","0.00000000"],["94086.28000000","0.00000000"],["94086.20000000","0.00420000"],["94086.19000000","0.21381000"],["94086.18000000","0.04000000"],["94086.12000000","0.00000000"],["94086.11000000","0.00000000"],["94086.05000000","0.00000000"],["94085.86000000","0.00531000"],["94085.63000000","0.00000000"],["94085.61000000","0.00000000"],["94085.60000000","1.04250000"],["94085.32000000","0.00531000"],["94085.31000000","0.00000000"],["94085.29000000","0.00000000"],["94085.28000000","0.04000000"],["94085.27000000","0.00265000"],["94085.26000000","0.00000000"],["94084.90000000","0.00000000"],["94084.86000000","0.00000000"],["94084.83000000","0.00000000"],["94084.81000000","0.00000000"],["94084.80000000","0.00000000"],["94084.74000000","0.00000000"],["94084.71000000","0.00000000"],["94084.68000000","0.00000000"],["94084.67000000","0.00000000"],["94084.66000000","1.71052000"],["94084.65000000","0.85212000"],["94084.64000000","0.00000000"],["94084.56000000","0.00078000"],["94084.55000000","0.00092000"],["94084.41000000","0.00151000"],["94084.23000000","0.00000000"],["94084.22000000","0.00000000"],["94084.21000000","0.00000000"],["94084.20000000","0.76203000"],["94084.19000000","0.00000000"],["94083.90000000","0.00000000"],["94083.76000000","0.00000000"],["94083.72000000","0.00000000"],["94083.60000000","0.00000000"],["94083.51000000","0.00000000"],["94083.50000000","0.04250000"],["94083.48000000","0.00011000"],["94083.17000000","0.02084000"],["94082.95000000","0.02264000"],["94082.53000000","0.00000000"],["94082.49000000","0.00006000"],["94082.15000000","0.00000000"],["94082.00000000","0.00000000"],["94081.95000000","0.00000000"],["94081.90000000","0.99644000"],["94081.56000000","0.00011000"],["94081.30000000","0.10627000"],["94081.15000000","0.00531000"],["94080.84000000","0.00011000"],["94080.70000000","0.00000000"],["94080.59000000","0.21381000"],["94080.40000000","0.00000000"],["94080.32000000","0.00000000"],["94080.00000000","0.04256000"],["94079.95000000","0.00000000"],["94079.94000000","0.00000000"],["94079.65000000","0.31886000"],["94079.55000000","0.74046000"],["94079.54000000","0.00106000"],["94078.94000000","0.00212000"],["94078.93000000","0.00000000"],["94078.50000000","0.00000000"],["94078.43000000","0.00000000"],["94078.35000000","0.10305000"],["94078.21000000","0.21381000"],["94077.96000000","1.71052000"],["94077.87000000","0.00011000"],["94077.59000000","0.00008000"],["94077.51000000","0.00531000"],["94076.96000000","0.00000000"],["94076.90000000","0.00000000"],["94076.51000000","0.00531000"],["94076.45000000","0.00000000"],["94076.41000000","0.00053000"],["94076.29000000","0.00000000"],["94076.01000000","0.01587000"],["94075.97000000","2.00000000"],["94075.77000000","0.08015000"],["94075.69000000","0.05314000"],["94075.51000000","0.00531000"],["94075.24000000","0.04007000"],["94075.22000000","0.05314000"],["94075.03000000","0.79715000"],["94074.94000000","1.26395000"],["94074.93000000","0.51910000"],["94074.89000000","0.21381000"],["94074.88000000","0.00000000"],["94074.51000000","0.00531000"],["94074.50000000","0.03422000"],["94074.07000000","0.00000000"],["94073.89000000","0.00007000"],["94073.51000000","0.00531000"],["94073.20000000","0.00000000"],["94072.90000000","0.00011000"],["94072.88000000","0.00000000"],["94072.57000000","0.00000000"],["94072.21000000","0.00778000"],["94071.65000000","0.00000000"],["94071.44000000","0.39857000"],["94071.06000000","0.00000000"],["94070.86000000","0.00000000"],["94070.72000000","0.31560000"],["94070.54000000","0.00000000"],["94070.40000000","0.00000000"],["94070.24000000","0.00000000"],["94070.05000000","0.21381000"],["94069.90000000","0.00586000"],["94069.47000000","0.00000000"],["94068.78000000","0.00000000"],["94068.73000000","0.00000000"],["94068.72000000","0.76515000"],["94068.64000000","0.00000000"],["94068.30000000","0.00000000"],["94068.27000000","0.00016000"],["94067.77000000","0.02657000"],["94067.70000000","0.00000000"],["94067.08000000","0.00000000"],["94067.01000000","0.00053000"],["94066.99000000","1.10000000"],["94066.80000000","0.00000000"],["94066.70000000","0.00000000"],["94066.44000000","0.00000000"],["94065.84000000","0.00000000"],["94065.10000000","0.00026000"],["94065.01000000","0.00006000"],["94064.93000000","0.00420000"],["94064.45000000","0.45067000"],["94064.10000000","0.05314000"],["94063.76000000","0.06349000"],["94063.04000000","0.34467000"],["94062.27000000","0.76520000"],["94062.20000000","0.08214000"],["94061.96000000","0.00000000"],["94061.15000000","0.00000000"],["94060.21000000","0.79715000"],["94059.51000000","0.79715000"],["94059.25000000","0.00000000"],["94059.21000000","0.00000000"],["94059.13000000","0.02973000"],["94059.00000000","0.00000000"],["94058.76000000","0.00000000"],["94057.72000000","0.00000000"],["94057.29000000","0.00000000"],["94056.43000000","0.00000000"],["94056.42000000","0.00010000"],["94055.97000000","0.18370000"],["94055.90000000","0.00000000"],["94055.80000000","0.02657000"],["94055.74000000","0.76525000"],["94054.56000000","0.00000000"],["94054.37000000","0.00011000"],["94053.89000000","0.10770000"],["94053.87000000","1.52442000"],["94053.70000000","0.00000000"],["94053.61000000","0.04251000"],["94052.70000000","0.00317000"],["94052.63000000","0.00000000"],["94052.20000000","0.00000000"],["94051.88000000","0.00000000"],["94051.62000000","0.00000000"],["94051.14000000","0.09879000"],["94050.00000000","0.05597000"],["94049.99000000","0.63730000"],["94049.98000000","0.08251000"],["94049.61000000","0.00000000"],["94049.59000000","0.05280000"],["94049.55000000","0.62072000"],["94049.54000000","0.00000000"],["94048.95000000","0.00000000"],["94048.90000000","0.02949000"],["94048.58000000","0.09848000"],["94048.32000000","0.00000000"],["94047.87000000","1.99424000"],["94047.48000000","0.00000000"],["94047.30000000","0.00000000"],["94046.72000000","0.00000000"],["94046.46000000","0.00000000"],["94046.39000000","0.05597000"],["94046.38000000","0.76532000"],["94046.14000000","0.00000000"],["94045.89000000","0.00000000"],["94045.83000000","0.00000000"],["94045.75000000","0.16576000"],["94045.74000000","0.00000000"],["94045.53000000","0.12432000"],["94045.30000000","0.00000000"],["94045.21000000","0.00000000"],["94044.83000000","0.05597000"],["94044.82000000","0.04800000"],["94044.47000000","0.00000000"],["94043.99000000","0.00000000"],["94043.47000000","0.17927000"],["94042.64000000","0.00106000"],["94042.63000000","0.00000000"],["94042.34000000","0.00806000"],["94042.18000000","0.31886000"],["94042.07000000","0.00000000"],["94042.06000000","0.04038000"],["94042.00000000","0.00000000"],["94041.83000000","0.00000000"],["94041.53000000","0.00824000"],["94041.26000000","0.77209000"],["94041.25000000","0.49500000"],["94041.24000000","0.04038000"],["94040.92000000","0.00000000"],["94040.42000000","0.00000000"],["94040.23000000","0.00000000"],["94040.15000000","0.00000000"],["94040.07000000","0.00006000"],["94040.01000000","0.04038000"],["94039.99000000","0.00016000"],["94039.56000000","0.21046000"],["94039.14000000","0.03998000"],["94039.04000000","0.00000000"],["94038.25000000","0.04038000"],["94037.62000000","0.00855000"],["94037.31000000","0.13638000"],["94037.05000000","0.00000000"],["94036.92000000","0.05597000"],["94036.73000000","0.00000000"],["94035.81000000","0.07796000"],["94035.80000000","0.00000000"],["94035.61000000","0.05597000"],["94034.83000000","0.00766000"],["94034.66000000","0.00000000"],["94034.40000000","0.00000000"],["94033.50000000","0.03998000"],["94033.49000000","0.07212000"],["94033.13000000","0.00000000"],["94031.37000000","0.23792000"],["94029.18000000","0.13393000"],["94029.09000000","0.05597000"],["94028.67000000","0.00000000"],["94027.78000000","0.53143000"],["94026.81000000","0.00000000"],["94026.44000000","1.75050000"],["94025.95000000","0.00000000"],["94024.74000000","0.00000000"],["94023.63000000","0.00000000"],["94023.25000000","0.00000000"],["94023.11000000","0.46312000"],["94021.76000000","0.00000000"],["94020.01000000","0.00265000"],["94018.65000000","0.58679000"],["94017.53000000","0.03798000"],["94016.78000000","0.11499000"],["94016.00000000","0.11499000"],["94015.55000000","0.00000000"],["94015.07000000","0.00317000"],["94015.05000000","0.00000000"],["94014.87000000","0.17191000"],["94014.83000000","0.00265000"],["94013.36000000","0.69309000"],["94012.02000000","0.00000000"],["94011.23000000","0.00000000"],["94010.69000000","0.00000000"],["94010.68000000","0.00600000"],["94010.13000000","0.00000000"],["94009.90000000","0.19461000"],["94008.40000000","0.00000000"],["94007.96000000","0.00000000"],["94007.50000000","0.00000000"],["94004.44000000","0.00000000"],["93997.56000000","0.04145000"],["93997.21000000","0.00000000"],["93993.16000000","0.09199000"],["93991.80000000","0.00260000"],["93990.70000000","0.00000000"],["93988.36000000","0.00208000"],["93987.54000000","0.00000000"],["93986.68000000","0.04038000"],["93986.55000000","0.00000000"],["93982.91000000","0.00000000"],["93982.26000000","0.00006000"],["93980.71000000","0.00000000"],["93979.16000000","0.00000000"],["93974.55000000","0.00000000"],["93971.56000000","0.00000000"],["93966.85000000","0.00000000"],["93964.31000000","0.11394000"],["93960.74000000","0.00000000"],["93958.66000000","0.00000000"],["93954.48000000","0.00000000"],["93950.76000000","0.12971000"],["93950.58000000","0.12000000"],["93950.01000000","0.19774000"],["93949.31000000","0.17924000"],["93947.73000000","0.05997000"],["93947.72000000","0.00000000"],["93947.70000000","0.42648000"],["93947.42000000","0.00000000"],["93946.15000000","0.39966000"],["93944.40000000","0.60674000"],["93943.31000000","0.29611000"],["93943.04000000","1.47145000"],["93942.93000000","0.81496000"],["93941.65000000","0.00000000"],["93941.64000000","0.00000000"],["93940.23000000","0.17191000"],["93940.20000000","0.00000000"],["93939.40000000","0.50106000"],["93939.06000000","0.00000000"],["93938.29000000","0.00000000"],["93937.94000000","0.00000000"],["93937.34000000","0.05937000"],["93937.04000000","0.00000000"],["93934.10000000","0.00000000"],["93932.30000000","0.00000000"],["93932.29000000","0.13693000"],["93929.93000000","0.09595000"],["93929.18000000","0.52591000"],["93929.17000000","0.00000000"],["93928.76000000","0.00000000"],["93928.62000000","0.00000000"],["93927.93000000","0.05815000"],["93927.41000000","0.00000000"],["93926.75000000","0.00000000"],["93926.67000000","0.00000000"],["93926.47000000","0.00000000"],["93926.07000000","0.00000000"],["93925.86000000","0.00000000"],["93925.75000000","0.00000000"],["93925.21000000","0.00000000"],["93924.96000000","0.00000000"],["93923.27000000","0.00000000"],["93923.24000000","0.00000000"],["93922.94000000","0.00000000"],["93922.79000000","0.00000000"],["93922.49000000","0.00000000"],["93922.47000000","0.00000000"],["93922.43000000","0.00000000"],["93921.36000000","0.00000000"],["93921.01000000","0.00000000"],["93920.92000000","0.00000000"],["93920.86000000","0.00000000"],["93920.72000000","0.00000000"],["93920.71000000","0.00000000"],["93919.49000000","0.00000000"],["93919.25000000","0.00000000"],["93918.90000000","0.00000000"],["93918.87000000","0.00000000"],["93918.77000000","0.00000000"],["93918.13000000","0.00000000"],["93918.08000000","0.00000000"],["93917.99000000","0.00000000"],["93917.94000000","0.00000000"],["93917.84000000","0.00000000"],["93917.64000000","0.00000000"],["93917.59000000","0.00000000"],["93917.55000000","0.00000000"],["93917.32000000","0.00000000"],["93916.63000000","0.00000000"],["93916.20000000","0.00000000"],["93915.79000000","0.00000000"],["93915.52000000","0.00000000"],["93915.27000000","0.00000000"],["93914.75000000","0.00000000"],["93914.21000000","0.00000000"],["93914.04000000","0.00000000"],["93913.58000000","0.00000000"],["93913.53000000","0.00000000"],["93912.85000000","0.00000000"],["93912.78000000","0.00000000"],["93912.74000000","0.00000000"],["93912.64000000","0.00000000"],["93911.22000000","0.00000000"],["93910.99000000","0.00000000"],["93910.84000000","0.00000000"],["93910.57000000","0.00000000"],["93910.08000000","0.00000000"],["93909.51000000","0.00000000"],["93909.14000000","0.00000000"],["93908.56000000","0.00000000"],["93906.42000000","0.00000000"],["93905.89000000","0.00000000"],["93905.81000000","0.00000000"],["93905.36000000","0.00000000"],["93905.04000000","0.00000000"],["93892.40000000","1.31403000"],["93889.59000000","0.00000000"],["93886.44000000","0.00000000"],["93880.67000000","0.00000000"],["93818.61000000","0.00000000"],["93813.91000000","0.00000000"],["93811.16000000","0.00000000"],["93807.45000000","0.00000000"],["93783.30000000","0.00000000"],["93777.40000000","0.00278000"],["93765.20000000","0.00000000"],["93747.41000000","0.00000000"],["93696.91000000","0.00000000"],["93655.90000000","4.61784000"],["93514.90000000","3.60051000"],["93418.60000000","0.00007000"],["93277.60000000","0.00000000"],["92767.46000000","0.00016000"],["92673.38000000","0.00016000"],["92579.30000000","0.00016000"],["92529.99000000","0.00000000"],["92485.21000000","0.00016000"],["92080.81000000","0.00000000"],["88135.23000000","0.00007000"],["87850.65000000","0.00007000"],["87566.07000000","0.00007000"],["87281.48000000","0.00007000"],["84685.00000000","0.00050000"],["84679.00000000","0.00000000"],["79000.00000000","27.02727000"],["75276.19000000","0.00052000"],["75267.72000000","0.00013000"],["47046.30000000","0.00072000"],["47017.07000000","0.00072000"],["47007.23000000","0.00096000"],["33870.48000000","0.00180000"],["33000.00000000","2.70601000"]],"s":"BTCUSDT","e":"depthUpdate","E":1745777406014,"U":67663538362,"u":67663541753}
Received message: {"a":[["94084.66000000","0.00000000"],["94084.67000000","0.00000000"],["94084.68000000","0.00000000"],["94084.72000000","0.00000000"],["94084.75000000","0.00000000"],["94084.81000000","0.00000000"],["94084.82000000","0.00000000"],["94084.84000000","0.00000000"],["94084.91000000","0.00000000"],["94085.00000000","0.00000000"],["94085.27000000","0.00000000"],["94085.28000000","0.00000000"],["94085.29000000","0.00000000"],["94085.64000000","0.00000000"],["94085.73000000","0.00000000"],["94086.13000000","0.00000000"],["94086.29000000","0.00000000"],["94086.46000000","0.00000000"],["94086.95000000","0.00000000"],["94086.96000000","0.00000000"],["94086.99000000","0.00000000"],["94087.00000000","0.00000000"],["94087.89000000","0.00000000"],["94088.00000000","0.00000000"],["94089.12000000","0.00000000"],["94089.37000000","0.00000000"],["94089.46000000","0.00000000"],["94089.99000000","0.00000000"],["94090.00000000","0.00000000"],["94090.20000000","0.00000000"],["94090.47000000","0.00000000"],["94090.48000000","0.00000000"],["94090.49000000","0.00000000"],["94090.50000000","0.00000000"],["94090.52000000","0.00000000"],["94090.54000000","0.00000000"],["94090.56000000","0.00000000"],["94090.57000000","0.00000000"],["94090.58000000","0.00000000"],["94090.85000000","0.00000000"],["94091.13000000","0.00000000"],["94091.15000000","0.00000000"],["94091.21000000","0.00000000"],["94092.00000000","0.00000000"],["94092.60000000","0.00000000"],["94092.61000000","0.00000000"],["94092.94000000","0.00000000"],["94093.19000000","0.00000000"],["94093.65000000","0.00000000"],["94093.82000000","0.00000000"],["94093.88000000","0.00000000"],["94093.89000000","0.00000000"],["94094.00000000","0.00000000"],["94094.06000000","0.00000000"],["94094.07000000","0.00000000"],["94094.13000000","0.00000000"],["94094.45000000","0.00000000"],["94094.49000000","0.00000000"],["94094.50000000","0.00000000"],["94094.54000000","0.00000000"],["94094.55000000","0.00000000"],["94094.56000000","0.00000000"],["94094.57000000","0.00000000"],["94094.69000000","0.00000000"],["94095.00000000","0.00000000"],["94095.11000000","0.00000000"],["94095.23000000","0.00000000"],["94095.24000000","0.91522000"],["94095.25000000","0.00778000"],["94095.27000000","0.00030000"],["94095.30000000","0.00006000"],["94095.42000000","0.00013000"],["94095.51000000","0.00000000"],["94095.68000000","0.00000000"],["94095.90000000","0.00006000"],["94095.91000000","0.00000000"],["94095.99000000","0.00116000"],["94096.00000000","0.00216000"],["94096.40000000","0.00000000"],["94096.44000000","0.00000000"],["94096.46000000","0.00000000"],["94096.67000000","0.00006000"],["94097.23000000","0.00229000"],["94097.28000000","0.20673000"],["94097.47000000","0.00012000"],["94097.50000000","0.00000000"],["94097.92000000","0.00006000"],["94097.98000000","0.00000000"],["94098.22000000","0.00000000"],["94098.38000000","0.00000000"],["94098.40000000","0.00000000"],["94098.61000000","0.00000000"],["94098.62000000","0.00000000"],["94098.63000000","0.00000000"],["94099.19000000","0.00000000"],["94099.20000000","0.00000000"],["94099.21000000","0.00000000"],["94099.44000000","0.00028000"],["94099.61000000","0.00000000"],["94099.70000000","0.00000000"],["94099.91000000","0.00000000"],["94099.95000000","0.00044000"],["94099.98000000","0.00000000"],["94099.99000000","0.00037000"],["94100.16000000","0.00000000"],["94100.41000000","0.00000000"],["94100.45000000","0.00000000"],["94100.46000000","0.00000000"],["94100.61000000","0.00000000"],["94101.00000000","0.00000000"],["94101.46000000","0.00000000"],["94101.49000000","0.00000000"],["94102.55000000","0.00000000"],["94102.56000000","0.00000000"],["94102.57000000","0.00000000"],["94102.58000000","0.00000000"],["94102.95000000","0.00000000"],["94103.26000000","0.00090000"],["94103.28000000","0.00000000"],["94103.47000000","0.00009000"],["94103.48000000","0.00000000"],["94103.54000000","0.00000000"],["94103.55000000","0.00000000"],["94103.58000000","0.00000000"],["94103.65000000","0.00423000"],["94103.88000000","0.00009000"],["94103.89000000","0.00000000"],["94103.99000000","0.00039000"],["94104.10000000","0.00265000"],["94104.48000000","0.00000000"],["94104.49000000","0.00000000"],["94104.50000000","0.04250000"],["94104.55000000","0.00000000"],["94104.56000000","0.00000000"],["94104.62000000","0.00000000"],["94104.70000000","0.00000000"],["94104.80000000","0.04250000"],["94104.87000000","0.00000000"],["94105.33000000","0.00000000"],["94105.51000000","0.00000000"],["94105.80000000","0.00000000"],["94106.10000000","0.00000000"],["94106.35000000","0.00000000"],["94106.44000000","0.00000000"],["94106.72000000","0.28142000"],["94106.73000000","0.79715000"],["94106.96000000","0.00000000"],["94106.97000000","0.00000000"],["94106.98000000","0.00011000"],["94107.00000000","0.00000000"],["94107.01000000","0.00000000"],["94107.04000000","0.00000000"],["94107.12000000","0.00000000"],["94107.23000000","0.00000000"],["94107.25000000","0.00000000"],["94107.40000000","0.00000000"],["94107.56000000","0.00000000"],["94108.00000000","0.04470000"],["94108.06000000","0.00000000"],["94108.07000000","0.00000000"],["94108.12000000","0.00000000"],["94108.19000000","0.00000000"],["94108.31000000","0.00000000"],["94108.32000000","0.00000000"],["94108.47000000","0.00000000"],["94108.51000000","0.00000000"],["94109.06000000","0.00000000"],["94109.07000000","0.00000000"],["94109.12000000","1.19111000"],["94109.79000000","0.00000000"],["94109.92000000","0.00092000"],["94109.94000000","0.00101000"],["94110.01000000","0.00000000"],["94110.39000000","0.21381000"],["94110.40000000","0.99829000"],["94110.69000000","0.00000000"],["94110.84000000","0.00000000"],["94110.85000000","0.00000000"],["94110.92000000","0.00000000"],["94111.01000000","0.70107000"],["94111.78000000","0.00000000"],["94111.79000000","0.99644000"],["94111.82000000","0.00000000"],["94111.89000000","0.00000000"],["94112.09000000","0.00000000"],["94112.31000000","0.00000000"],["94112.37000000","0.00000000"],["94112.71000000","0.00000000"],["94112.77000000","0.00008000"],["94112.78000000","0.00000000"],["94112.85000000","0.00007000"],["94112.88000000","0.00000000"],["94112.89000000","0.00010000"],["94112.91000000","0.00000000"],["94113.03000000","0.21381000"],["94113.04000000","1.14048000"],["94113.05000000","0.00000000"],["94113.15000000","0.00000000"],["94113.35000000","0.00006000"],["94113.48000000","0.00000000"],["94113.51000000","0.00000000"],["94113.53000000","0.99644000"],["94114.01000000","0.00000000"],["94114.06000000","0.00053000"],["94114.35000000","0.00000000"],["94114.60000000","0.00000000"],["94114.64000000","0.31886000"],["94114.65000000","0.00000000"],["94114.77000000","0.21381000"],["94114.81000000","0.00000000"],["94115.01000000","0.00000000"],["94115.29000000","0.99644000"],["94115.70000000","0.79715000"],["94115.85000000","0.00000000"],["94115.94000000","0.00026000"],["94116.03000000","0.53143000"],["94116.11000000","0.00000000"],["94116.16000000","0.00000000"],["94116.22000000","0.00000000"],["94116.31000000","0.02000000"],["94117.11000000","0.00000000"],["94117.19000000","0.00000000"],["94117.39000000","0.00000000"],["94117.59000000","0.00000000"],["94117.69000000","0.00000000"],["94117.75000000","1.35386000"],["94117.76000000","0.00000000"],["94117.88000000","0.00000000"],["94117.91000000","0.04000000"],["94118.01000000","0.08000000"],["94118.11000000","1.71052000"],["94118.26000000","0.00000000"],["94118.36000000","0.00000000"],["94118.56000000","0.21381000"],["94118.57000000","0.21381000"],["94118.58000000","0.00000000"],["94118.76000000","0.00000000"],["94118.79000000","0.00000000"],["94118.87000000","0.00000000"],["94118.94000000","0.00000000"],["94119.00000000","0.00000000"],["94119.03000000","0.79715000"],["94119.26000000","0.00000000"],["94119.27000000","0.00000000"],["94119.59000000","0.00000000"],["94119.67000000","0.00000000"],["94120.08000000","0.00010000"],["94120.24000000","0.00000000"],["94121.13000000","0.00000000"],["94121.19000000","0.00000000"],["94121.20000000","0.42514000"],["94121.90000000","0.00000000"],["94122.07000000","0.00000000"],["94122.16000000","0.00000000"],["94122.21000000","0.00000000"],["94122.29000000","0.00010000"],["94122.44000000","0.09409000"],["94122.59000000","0.00000000"],["94122.85000000","0.00000000"],["94122.88000000","0.00000000"],["94123.17000000","0.06349000"],["94123.36000000","0.39857000"],["94123.45000000","0.05314000"],["94123.46000000","0.92704000"],["94123.47000000","0.05367000"],["94123.54000000","0.02295000"],["94123.62000000","0.00531000"],["94123.63000000","0.04000000"],["94123.76000000","1.71052000"],["94124.00000000","0.00235000"],["94124.52000000","0.00000000"],["94124.66000000","0.00000000"],["94124.87000000","0.00000000"],["94125.28000000","0.00000000"],["94125.32000000","0.00000000"],["94125.76000000","0.00000000"],["94125.89000000","0.00000000"],["94126.10000000","0.42762000"],["94126.16000000","0.16000000"],["94126.68000000","0.00000000"],["94126.83000000","0.00000000"],["94126.99000000","0.73010000"],["94127.38000000","0.00000000"],["94127.48000000","0.00000000"],["94127.96000000","1.00000000"],["94128.17000000","0.05314000"],["94128.28000000","0.29322000"],["94128.43000000","0.00000000"],["94129.61000000","0.00000000"],["94129.90000000","0.30662000"],["94129.91000000","0.00000000"],["94129.99000000","0.00531000"],["94130.04000000","0.00000000"],["94130.46000000","0.00000000"],["94130.83000000","0.00000000"],["94130.99000000","0.00000000"],["94131.29000000","0.00000000"],["94131.31000000","0.00000000"],["94131.85000000","0.00000000"],["94131.91000000","0.00000000"],["94132.51000000","0.00000000"],["94132.83000000","0.29903000"],["94132.84000000","0.00000000"],["94133.63000000","0.42762000"],["94133.66000000","0.00579000"],["94133.80000000","0.00000000"],["94134.43000000","0.00000000"],["94134.62000000","0.00000000"],["94135.99000000","0.00000000"],["94136.28000000","0.00317000"],["94137.01000000","0.00000000"],["94137.09000000","0.00000000"],["94137.51000000","0.00000000"],["94137.89000000","0.11064000"],["94137.96000000","0.00000000"],["94137.97000000","0.00000000"],["94138.13000000","0.00000000"],["94138.56000000","0.00000000"],["94139.83000000","0.00000000"],["94139.84000000","0.00000000"],["94139.85000000","0.00000000"],["94140.16000000","1.04644000"],["94140.28000000","0.00000000"],["94140.65000000","0.00000000"],["94140.66000000","0.00000000"],["94140.94000000","0.42762000"],["94141.00000000","0.00026000"],["94141.34000000","0.00000000"],["94141.40000000","0.00105000"],["94141.45000000","0.00000000"],["94141.79000000","0.00000000"],["94141.85000000","0.00000000"],["94142.25000000","0.00000000"],["94142.26000000","0.00000000"],["94142.56000000","0.00000000"],["94142.88000000","0.03159000"],["94143.28000000","0.00000000"],["94143.62000000","0.00000000"],["94143.63000000","0.00000000"],["94143.64000000","0.00000000"],["94143.66000000","0.00000000"],["94145.08000000","0.00000000"],["94145.15000000","0.00000000"],["94145.33000000","0.00000000"],["94145.37000000","0.00012000"],["94145.55000000","0.00000000"],["94145.96000000","0.00000000"],["94146.40000000","0.00000000"],["94146.87000000","0.79715000"],["94146.90000000","0.00000000"],["94147.25000000","0.00212000"],["94147.33000000","0.00000000"],["94147.71000000","0.00000000"],["94147.76000000","0.00318000"],["94147.96000000","0.00000000"],["94147.97000000","0.00000000"],["94147.98000000","0.00000000"],["94147.99000000","0.00018000"],["94148.30000000","0.00000000"],["94148.65000000","0.00000000"],["94148.66000000","0.00000000"],["94148.67000000","0.00000000"],["94148.68000000","0.00000000"],["94148.96000000","0.00000000"],["94149.96000000","0.00000000"],["94149.97000000","0.00000000"],["94149.98000000","0.00000000"],["94150.05000000","0.00000000"],["94150.20000000","0.79715000"],["94150.35000000","0.03561000"],["94150.36000000","0.29487000"],["94150.71000000","0.00000000"],["94150.72000000","0.00000000"],["94151.38000000","0.76448000"],["94152.23000000","0.00000000"],["94153.86000000","0.00000000"],["94154.75000000","0.06864000"],["94155.02000000","0.31886000"],["94155.54000000","0.00000000"],["94155.98000000","0.00000000"],["94156.25000000","0.00000000"],["94156.66000000","0.00000000"],["94156.68000000","0.00000000"],["94157.47000000","0.00000000"],["94158.00000000","0.00000000"],["94158.01000000","0.00000000"],["94158.02000000","0.00810000"],["94158.21000000","0.00000000"],["94158.31000000","0.00806000"],["94159.97000000","0.00000000"],["94159.98000000","0.00000000"],["94159.99000000","0.00000000"],["94160.20000000","0.00852000"],["94160.68000000","2.00000000"],["94160.74000000","0.52526000"],["94160.89000000","0.00000000"],["94161.23000000","0.00000000"],["94161.32000000","0.00819000"],["94162.00000000","0.52591000"],["94162.02000000","0.44609000"],["94162.27000000","0.00000000"],["94162.28000000","0.00000000"],["94163.20000000","0.00316000"],["94163.29000000","0.00560000"],["94164.00000000","0.00235000"],["94164.30000000","0.04038000"],["94165.03000000","0.00000000"],["94165.06000000","0.00000000"],["94165.09000000","0.00000000"],["94166.19000000","0.00000000"],["94166.24000000","0.00000000"],["94167.20000000","0.45148000"],["94167.71000000","0.08076000"],["94167.99000000","0.08028000"],["94169.45000000","0.00000000"],["94170.61000000","0.04038000"],["94170.79000000","0.04038000"],["94170.80000000","0.09600000"],["94170.96000000","0.42514000"],["94171.58000000","0.00000000"],["94172.39000000","0.04038000"],["94172.40000000","0.00000000"],["94172.86000000","0.04038000"],["94173.91000000","0.00330000"],["94174.16000000","0.04144000"],["94174.17000000","0.00000000"],["94174.18000000","0.00000000"],["94174.26000000","0.00000000"],["94174.33000000","0.00138000"],["94174.81000000","0.04038000"],["94174.92000000","0.00000000"],["94175.07000000","0.00000000"],["94175.44000000","0.00000000"],["94175.47000000","0.00000000"],["94175.50000000","0.11520000"],["94176.19000000","0.04145000"],["94176.20000000","0.04038000"],["94176.21000000","0.00000000"],["94176.37000000","0.04144000"],["94176.38000000","0.08502000"],["94176.48000000","0.00000000"],["94176.52000000","0.00000000"],["94176.59000000","0.00000000"],["94177.03000000","0.00000000"],["94177.30000000","0.43693000"],["94177.78000000","0.04145000"],["94178.01000000","0.00000000"],["94178.18000000","0.02844000"],["94178.64000000","0.04144000"],["94178.65000000","0.00053000"],["94178.71000000","0.04357000"],["94179.10000000","0.00000000"],["94179.40000000","0.00000000"],["94179.45000000","0.00000000"],["94179.49000000","0.04145000"],["94179.57000000","0.00000000"],["94179.72000000","0.04038000"],["94179.98000000","0.00265000"],["94179.99000000","0.17789000"],["94180.36000000","0.04144000"],["94180.37000000","0.00000000"],["94180.45000000","0.00000000"],["94180.68000000","0.00000000"],["94180.69000000","0.00000000"],["94180.83000000","0.00000000"],["94181.04000000","0.00000000"],["94181.31000000","0.00000000"],["94181.33000000","0.00000000"],["94181.73000000","0.00000000"],["94182.04000000","0.04144000"],["94182.05000000","0.00000000"],["94182.32000000","0.00000000"],["94182.33000000","0.00000000"],["94182.93000000","0.00000000"],["94183.27000000","0.00000000"],["94183.32000000","0.00000000"],["94183.37000000","0.00000000"],["94183.52000000","0.00000000"],["94183.69000000","0.00012000"],["94183.91000000","0.00000000"],["94183.93000000","0.00000000"],["94184.50000000","0.04144000"],["94185.31000000","0.00000000"],["94185.85000000","0.00000000"],["94186.01000000","0.00600000"],["94186.13000000","0.04038000"],["94186.49000000","0.04144000"],["94186.50000000","0.00144000"],["94187.04000000","0.00000000"],["94187.14000000","0.00000000"],["94187.27000000","0.04251000"],["94187.58000000","0.00006000"],["94187.60000000","0.00000000"],["94187.74000000","0.00000000"],["94187.75000000","0.00000000"],["94188.21000000","0.05198000"],["94188.26000000","0.04251000"],["94189.26000000","0.04716000"],["94189.37000000","0.04144000"],["94189.44000000","0.04251000"],["94189.59000000","0.62813000"],["94190.30000000","0.05697000"],["94190.45000000","0.00000000"],["94190.53000000","0.04251000"],["94190.59000000","0.00265000"],["94190.60000000","0.00000000"],["94190.61000000","0.00000000"],["94191.03000000","0.00000000"],["94191.31000000","0.04251000"],["94191.47000000","0.04251000"],["94191.69000000","0.00000000"],["94191.97000000","0.08288000"],["94192.09000000","0.00000000"],["94192.41000000","0.04251000"],["94192.51000000","0.04251000"],["94193.54000000","0.04258000"],["94193.79000000","0.00000000"],["94194.11000000","0.04144000"],["94194.13000000","0.04251000"],["94194.14000000","0.04144000"],["94194.71000000","0.00000000"],["94194.79000000","0.00000000"],["94195.02000000","0.00000000"],["94195.77000000","0.04251000"],["94195.79000000","0.04144000"],["94195.81000000","0.04144000"],["94196.34000000","0.00000000"],["94197.52000000","0.04144000"],["94197.53000000","0.30494000"],["94197.65000000","0.04251000"],["94197.71000000","0.04144000"],["94199.16000000","0.04251000"],["94199.59000000","0.00000000"],["94200.18000000","0.00000000"],["94201.18000000","0.04251000"],["94203.30000000","0.04251000"],["94204.42000000","0.00000000"],["94204.57000000","0.00000000"],["94205.20000000","0.04251000"],["94205.39000000","0.00000000"],["94206.59000000","0.04038000"],["94207.46000000","0.04251000"],["94207.52000000","0.04038000"],["94208.71000000","0.00000000"],["94208.72000000","1.71052000"],["94209.20000000","0.00008000"],["94209.22000000","0.05597000"],["94209.50000000","0.04251000"],["94210.39000000","0.00000000"],["94210.57000000","0.04038000"],["94211.21000000","0.04251000"],["94211.75000000","0.05797000"],["94211.83000000","0.05597000"],["94214.34000000","0.05597000"],["94215.50000000","0.04038000"],["94215.88000000","0.05797000"],["94216.42000000","0.05597000"],["94218.16000000","0.05597000"],["94220.02000000","1.71052000"],["94220.61000000","0.05597000"],["94223.12000000","0.05597000"],["94225.36000000","0.03998000"],["94226.25000000","0.05597000"],["94227.84000000","0.05597000"],["94228.32000000","0.11499000"],["94228.57000000","0.11623000"],["94229.31000000","0.03998000"],["94229.62000000","0.00000000"],["94229.76000000","0.00832000"],["94230.27000000","0.05597000"],["94231.32000000","1.71052000"],["94233.03000000","0.03998000"],["94233.31000000","0.05716000"],["94236.48000000","0.05597000"],["94236.88000000","0.00011000"],["94237.17000000","0.03998000"],["94237.55000000","0.00000000"],["94241.86000000","0.11450000"],["94243.30000000","0.03998000"],["94249.40000000","0.00000000"],["94254.46000000","0.00000000"],["94267.48000000","0.00000000"],["94270.23000000","0.00000000"],["94274.42000000","0.00000000"],["94274.49000000","0.00106000"],["94277.57000000","0.00000000"],["94283.44000000","0.01000000"],["94284.72000000","0.01060000"],["94285.21000000","0.00106000"],["94291.76000000","0.00000000"],["94300.94000000","0.02000000"],["94329.00000000","0.00000000"],["94361.72000000","0.00400000"],["94361.76000000","0.49500000"],["94363.15000000","0.00000000"],["94374.26000000","0.00000000"],["94381.45000000","0.00011000"],["94384.56000000","0.00011000"],["94389.26000000","0.00011000"],["94395.55000000","0.00000000"],["94402.03000000","2.33770000"],["94405.16000000","0.00000000"],["94405.31000000","0.00000000"],["94408.51000000","1.98533000"],["94425.87000000","0.01059000"],["94449.49000000","0.00000000"],["94481.83000000","0.14398000"],["94555.09000000","0.00000000"],["94596.20000000","0.00000000"],["94720.75000000","10.55397000"],["95095.00000000","0.00348000"],["95190.00000000","0.00212000"],["95213.75000000","0.05260000"],["95495.93000000","0.00106000"]],"b":[["94095.23000000","6.42813000"],["94095.22000000","1.19796000"],["94095.19000000","0.00000000"],["94095.13000000","0.00006000"],["94095.11000000","0.00000000"],["94095.10000000","0.00006000"],["94095.08000000","0.00006000"],["94095.07000000","0.32079000"],["94095.02000000","0.00000000"],["94094.99000000","0.00006000"],["94094.69000000","0.97850000"],["94094.68000000","0.50937000"],["94094.56000000","0.00000000"],["94094.55000000","0.00000000"],["94094.54000000","0.00000000"],["94094.53000000","0.00000000"],["94094.44000000","0.00000000"],["94094.41000000","0.00000000"],["94094.29000000","0.00106000"],["94094.06000000","0.00000000"],["94094.00000000","0.04262000"],["94093.99000000","0.00000000"],["94093.88000000","0.00000000"],["94093.87000000","0.00000000"],["94093.64000000","0.00000000"],["94093.18000000","0.00000000"],["94093.03000000","0.00000000"],["94092.59000000","0.00721000"],["94092.00000000","0.04262000"],["94091.99000000","0.00000000"],["94091.80000000","0.00000000"],["94091.34000000","0.00000000"],["94091.27000000","0.00000000"],["94091.17000000","0.00000000"],["94091.15000000","0.21393000"],["94091.14000000","0.00000000"],["94091.12000000","0.00000000"],["94090.84000000","0.00000000"],["94090.59000000","0.00000000"],["94090.57000000","0.00000000"],["94090.56000000","0.14644000"],["94090.54000000","0.21393000"],["94090.53000000","0.00000000"],["94090.52000000","0.00044000"],["94090.50000000","0.04256000"],["94090.49000000","0.00000000"],["94090.48000000","0.00000000"],["94090.47000000","0.00000000"],["94090.46000000","0.00000000"],["94090.39000000","0.00000000"],["94090.22000000","0.32067000"],["94090.21000000","0.00000000"],["94090.19000000","0.00000000"],["94089.99000000","0.00000000"],["94089.98000000","0.04000000"],["94089.72000000","0.00000000"],["94089.64000000","0.00000000"],["94089.46000000","0.00000000"],["94089.45000000","0.00000000"],["94089.36000000","0.04000000"],["94089.29000000","0.00000000"],["94089.11000000","0.00000000"],["94088.21000000","0.00000000"],["94087.99000000","0.00000000"],["94087.91000000","0.00000000"],["94087.88000000","0.57143000"],["94087.79000000","0.00000000"],["94087.41000000","0.00000000"],["94087.00000000","0.04250000"],["94086.99000000","0.00015000"],["94086.98000000","0.00000000"],["94086.96000000","1.24451000"],["94086.95000000","0.21381000"],["94086.94000000","0.49148000"],["94086.69000000","0.04193000"],["94086.45000000","0.00000000"],["94086.30000000","0.00000000"],["94086.28000000","0.00000000"],["94086.20000000","0.00420000"],["94086.19000000","0.21381000"],["94086.18000000","0.04000000"],["94086.12000000","0.00000000"],["94086.11000000","0.00000000"],["94086.05000000","0.00000000"],["94085.86000000","0.00531000"],["94085.63000000","0.00000000"],["94085.61000000","0.00000000"],["94085.60000000","1.04250000"],["94085.32000000","0.00531000"],["94085.31000000","0.00000000"],["94085.29000000","0.00000000"],["94085.28000000","0.04000000"],["94085.27000000","0.00265000"],["94085.26000000","0.00000000"],["94084.90000000","0.00000000"],["94084.86000000","0.00000000"],["94084.83000000","0.00000000"],["94084.81000000","0.00000000"],["94084.80000000","0.00000000"],["94084.74000000","0.00000000"],["94084.71000000","0.00000000"],["94084.68000000","0.00000000"],["94084.67000000","0.00000000"],["94084.66000000","1.71052000"],["94084.65000000","0.85212000"],["94084.64000000","0.00000000"],["94084.56000000","0.00078000"],["94084.55000000","0.00092000"],["94084.41000000","0.00151000"],["94084.23000000","0.00000000"],["94084.22000000","0.00000000"],["94084.21000000","0.00000000"],["94084.20000000","0.76203000"],["94084.19000000","0.00000000"],["94083.90000000","0.00000000"],["94083.76000000","0.00000000"],["94083.72000000","0.00000000"],["94083.60000000","0.00000000"],["94083.51000000","0.00000000"],["94083.50000000","0.04250000"],["94083.48000000","0.00011000"],["94083.17000000","0.02084000"],["94082.95000000","0.02264000"],["94082.53000000","0.00000000"],["94082.49000000","0.00006000"],["94082.15000000","0.00000000"],["94082.00000000","0.00000000"],["94081.95000000","0.00000000"],["94081.90000000","0.99644000"],["94081.56000000","0.00011000"],["94081.30000000","0.10627000"],["94081.15000000","0.00531000"],["94080.84000000","0.00011000"],["94080.70000000","0.00000000"],["94080.59000000","0.21381000"],["94080.40000000","0.00000000"],["94080.32000000","0.00000000"],["94080.00000000","0.04256000"],["94079.95000000","0.00000000"],["94079.94000000","0.00000000"],["94079.65000000","0.31886000"],["94079.55000000","0.74046000"],["94079.54000000","0.00106000"],["94078.94000000","0.00212000"],["94078.93000000","0.00000000"],["94078.50000000","0.00000000"],["94078.43000000","0.00000000"],["94078.35000000","0.10305000"],["94078.21000000","0.21381000"],["94077.96000000","1.71052000"],["94077.87000000","0.00011000"],["94077.59000000","0.00008000"],["94077.51000000","0.00531000"],["94076.96000000","0.00000000"],["94076.90000000","0.00000000"],["94076.51000000","0.00531000"],["94076.45000000","0.00000000"],["94076.41000000","0.00053000"],["94076.29000000","0.00000000"],["94076.01000000","0.01587000"],["94075.97000000","2.00000000"],["94075.77000000","0.08015000"],["94075.69000000","0.05314000"],["94075.51000000","0.00531000"],["94075.24000000","0.04007000"],["94075.22000000","0.05314000"],["94075.03000000","0.79715000"],["94074.94000000","1.26395000"],["94074.93000000","0.51910000"],["94074.89000000","0.21381000"],["94074.88000000","0.00000000"],["94074.51000000","0.00531000"],["94074.50000000","0.03422000"],["94074.07000000","0.00000000"],["94073.89000000","0.00007000"],["94073.51000000","0.00531000"],["94073.20000000","0.00000000"],["94072.90000000","0.00011000"],["94072.88000000","0.00000000"],["94072.57000000","0.00000000"],["94072.21000000","0.00778000"],["94071.65000000","0.00000000"],["94071.44000000","0.39857000"],["94071.06000000","0.00000000"],["94070.86000000","0.00000000"],["94070.72000000","0.31560000"],["94070.54000000","0.00000000"],["94070.40000000","0.00000000"],["94070.24000000","0.00000000"],["94070.05000000","0.21381000"],["94069.90000000","0.00586000"],["94069.47000000","0.00000000"],["94068.78000000","0.00000000"],["94068.73000000","0.00000000"],["94068.72000000","0.76515000"],["94068.64000000","0.00000000"],["94068.30000000","0.00000000"],["94068.27000000","0.00016000"],["94067.77000000","0.02657000"],["94067.70000000","0.00000000"],["94067.08000000","0.00000000"],["94067.01000000","0.00053000"],["94066.99000000","1.10000000"],["94066.80000000","0.00000000"],["94066.70000000","0.00000000"],["94066.44000000","0.00000000"],["94065.84000000","0.00000000"],["94065.10000000","0.00026000"],["94065.01000000","0.00006000"],["94064.93000000","0.00420000"],["94064.45000000","0.45067000"],["94064.10000000","0.05314000"],["94063.76000000","0.06349000"],["94063.04000000","0.34467000"],["94062.27000000","0.76520000"],["94062.20000000","0.08214000"],["94061.96000000","0.00000000"],["94061.15000000","0.00000000"],["94060.21000000","0.79715000"],["94059.51000000","0.79715000"],["94059.25000000","0.00000000"],["94059.21000000","0.00000000"],["94059.13000000","0.02973000"],["94059.00000000","0.00000000"],["94058.76000000","0.00000000"],["94057.72000000","0.00000000"],["94057.29000000","0.00000000"],["94056.43000000","0.00000000"],["94056.42000000","0.00010000"],["94055.97000000","0.18370000"],["94055.90000000","0.00000000"],["94055.80000000","0.02657000"],["94055.74000000","0.76525000"],["94054.56000000","0.00000000"],["94054.37000000","0.00011000"],["94053.89000000","0.10770000"],["94053.87000000","1.52442000"],["94053.70000000","0.00000000"],["94053.61000000","0.04251000"],["94052.70000000","0.00317000"],["94052.63000000","0.00000000"],["94052.20000000","0.00000000"],["94051.88000000","0.00000000"],["94051.62000000","0.00000000"],["94051.14000000","0.09879000"],["94050.00000000","0.05597000"],["94049.99000000","0.63730000"],["94049.98000000","0.08251000"],["94049.61000000","0.00000000"],["94049.59000000","0.05280000"],["94049.55000000","0.62072000"],["94049.54000000","0.00000000"],["94048.95000000","0.00000000"],["94048.90000000","0.02949000"],["94048.58000000","0.09848000"],["94048.32000000","0.00000000"],["94047.87000000","1.99424000"],["94047.48000000","0.00000000"],["94047.30000000","0.00000000"],["94046.72000000","0.00000000"],["94046.46000000","0.00000000"],["94046.39000000","0.05597000"],["94046.38000000","0.76532000"],["94046.14000000","0.00000000"],["94045.89000000","0.00000000"],["94045.83000000","0.00000000"],["94045.75000000","0.16576000"],["94045.74000000","0.00000000"],["94045.53000000","0.12432000"],["94045.30000000","0.00000000"],["94045.21000000","0.00000000"],["94044.83000000","0.05597000"],["94044.82000000","0.04800000"],["94044.47000000","0.00000000"],["94043.99000000","0.00000000"],["94043.47000000","0.17927000"],["94042.64000000","0.00106000"],["94042.63000000","0.00000000"],["94042.34000000","0.00806000"],["94042.18000000","0.31886000"],["94042.07000000","0.00000000"],["94042.06000000","0.04038000"],["94042.00000000","0.00000000"],["94041.83000000","0.00000000"],["94041.53000000","0.00824000"],["94041.26000000","0.77209000"],["94041.25000000","0.49500000"],["94041.24000000","0.04038000"],["94040.92000000","0.00000000"],["94040.42000000","0.00000000"],["94040.23000000","0.00000000"],["94040.15000000","0.00000000"],["94040.07000000","0.00006000"],["94040.01000000","0.04038000"],["94039.99000000","0.00016000"],["94039.56000000","0.21046000"],["94039.14000000","0.03998000"],["94039.04000000","0.00000000"],["94038.25000000","0.04038000"],["94037.62000000","0.00855000"],["94037.31000000","0.13638000"],["94037.05000000","0.00000000"],["94036.92000000","0.05597000"],["94036.73000000","0.00000000"],["94035.81000000","0.07796000"],["94035.80000000","0.00000000"],["94035.61000000","0.05597000"],["94034.83000000","0.00766000"],["94034.66000000","0.00000000"],["94034.40000000","0.00000000"],["94033.50000000","0.03998000"],["94033.49000000","0.07212000"],["94033.13000000","0.00000000"],["94031.37000000","0.23792000"],["94029.18000000","0.13393000"],["94029.09000000","0.05597000"],["94028.67000000","0.00000000"],["94027.78000000","0.53143000"],["94026.81000000","0.00000000"],["94026.44000000","1.75050000"],["94025.95000000","0.00000000"],["94024.74000000","0.00000000"],["94023.63000000","0.00000000"],["94023.25000000","0.00000000"],["94023.11000000","0.46312000"],["94021.76000000","0.00000000"],["94020.01000000","0.00265000"],["94018.65000000","0.58679000"],["94017.53000000","0.03798000"],["94016.78000000","0.11499000"],["94016.00000000","0.11499000"],["94015.55000000","0.00000000"],["94015.07000000","0.00317000"],["94015.05000000","0.00000000"],["94014.87000000","0.17191000"],["94014.83000000","0.00265000"],["94013.36000000","0.69309000"],["94012.02000000","0.00000000"],["94011.23000000","0.00000000"],["94010.69000000","0.00000000"],["94010.68000000","0.00600000"],["94010.13000000","0.00000000"],["94009.90000000","0.19461000"],["94008.40000000","0.00000000"],["94007.96000000","0.00000000"],["94007.50000000","0.00000000"],["94004.44000000","0.00000000"],["93997.56000000","0.04145000"],["93997.21000000","0.00000000"],["93993.16000000","0.09199000"],["93991.80000000","0.00260000"],["93990.70000000","0.00000000"],["93988.36000000","0.00208000"],["93987.54000000","0.00000000"],["93986.68000000","0.04038000"],["93986.55000000","0.00000000"],["93982.91000000","0.00000000"],["93982.26000000","0.00006000"],["93980.71000000","0.00000000"],["93979.16000000","0.00000000"],["93974.55000000","0.00000000"],["93971.56000000","0.00000000"],["93966.85000000","0.00000000"],["93964.31000000","0.11394000"],["93960.74000000","0.00000000"],["93958.66000000","0.00000000"],["93954.48000000","0.00000000"],["93950.76000000","0.12971000"],["93950.58000000","0.12000000"],["93950.01000000","0.19774000"],["93949.31000000","0.17924000"],["93947.73000000","0.05997000"],["93947.72000000","0.00000000"],["93947.70000000","0.42648000"],["93947.42000000","0.00000000"],["93946.15000000","0.39966000"],["93944.40000000","0.60674000"],["93943.31000000","0.29611000"],["93943.04000000","1.47145000"],["93942.93000000","0.81496000"],["93941.65000000","0.00000000"],["93941.64000000","0.00000000"],["93940.23000000","0.17191000"],["93940.20000000","0.00000000"],["93939.40000000","0.50106000"],["93939.06000000","0.00000000"],["93938.29000000","0.00000000"],["93937.94000000","0.00000000"],["93937.34000000","0.05937000"],["93937.04000000","0.00000000"],["93934.10000000","0.00000000"],["93932.30000000","0.00000000"],["93932.29000000","0.13693000"],["93929.93000000","0.09595000"],["93929.18000000","0.52591000"],["93929.17000000","0.00000000"],["93928.76000000","0.00000000"],["93928.62000000","0.00000000"],["93927.93000000","0.05815000"],["93927.41000000","0.00000000"],["93926.75000000","0.00000000"],["93926.67000000","0.00000000"],["93926.47000000","0.00000000"],["93926.07000000","0.00000000"],["93925.86000000","0.00000000"],["93925.75000000","0.00000000"],["93925.21000000","0.00000000"],["93924.96000000","0.00000000"],["93923.27000000","0.00000000"],["93923.24000000","0.00000000"],["93922.94000000","0.00000000"],["93922.79000000","0.00000000"],["93922.49000000","0.00000000"],["93922.47000000","0.00000000"],["93922.43000000","0.00000000"],["93921.36000000","0.00000000"],["93921.01000000","0.00000000"],["93920.92000000","0.00000000"],["93920.86000000","0.00000000"],["93920.72000000","0.00000000"],["93920.71000000","0.00000000"],["93919.49000000","0.00000000"],["93919.25000000","0.00000000"],["93918.90000000","0.00000000"],["93918.87000000","0.00000000"],["93918.77000000","0.00000000"],["93918.13000000","0.00000000"],["93918.08000000","0.00000000"],["93917.99000000","0.00000000"],["93917.94000000","0.00000000"],["93917.84000000","0.00000000"],["93917.64000000","0.00000000"],["93917.59000000","0.00000000"],["93917.55000000","0.00000000"],["93917.32000000","0.00000000"],["93916.63000000","0.00000000"],["93916.20000000","0.00000000"],["93915.79000000","0.00000000"],["93915.52000000","0.00000000"],["93915.27000000","0.00000000"],["93914.75000000","0.00000000"],["93914.21000000","0.00000000"],["93914.04000000","0.00000000"],["93913.58000000","0.00000000"],["93913.53000000","0.00000000"],["93912.85000000","0.00000000"],["93912.78000000","0.00000000"],["93912.74000000","0.00000000"],["93912.64000000","0.00000000"],["93911.22000000","0.00000000"],["93910.99000000","0.00000000"],["93910.84000000","0.00000000"],["93910.57000000","0.00000000"],["93910.08000000","0.00000000"],["93909.51000000","0.00000000"],["93909.14000000","0.00000000"],["93908.56000000","0.00000000"],["93906.42000000","0.00000000"],["93905.89000000","0.00000000"],["93905.81000000","0.00000000"],["93905.36000000","0.00000000"],["93905.04000000","0.00000000"],["93892.40000000","1.31403000"],["93889.59000000","0.00000000"],["93886.44000000","0.00000000"],["93880.67000000","0.00000000"],["93818.61000000","0.00000000"],["93813.91000000","0.00000000"],["93811.16000000","0.00000000"],["93807.45000000","0.00000000"],["93783.30000000","0.00000000"],["93777.40000000","0.00278000"],["93765.20000000","0.00000000"],["93747.41000000","0.00000000"],["93696.91000000","0.00000000"],["93655.90000000","4.61784000"],["93514.90000000","3.60051000"],["93418.60000000","0.00007000"],["93277.60000000","0.00000000"],["92767.46000000","0.00016000"],["92673.38000000","0.00016000"],["92579.30000000","0.00016000"],["92529.99000000","0.00000000"],["92485.21000000","0.00016000"],["92080.81000000","0.00000000"],["88135.23000000","0.00007000"],["87850.65000000","0.00007000"],["87566.07000000","0.00007000"],["87281.48000000","0.00007000"],["84685.00000000","0.00050000"],["84679.00000000","0.00000000"],["79000.00000000","27.02727000"],["75276.19000000","0.00052000"],["75267.72000000","0.00013000"],["47046.30000000","0.00072000"],["47017.07000000","0.00072000"],["47007.23000000","0.00096000"],["33870.48000000","0.00180000"],["33000.00000000","2.70601000"]],"s":"BTCUSDT","e":"depthUpdate","E":1745777406014,"U":67663538362,"u":67663541753}
Received message: {"p":"94095.24000000","a":3551019185,"q":"0.01996000","s":"BTCUSDT","T":1745777406064,"e":"aggTrade","E":1745777406064,"f":4855242509,"l":4855242509,"m":false,"M":true}
Received message: {"p":"94095.24000000","a":3551019185,"q":"0.01996000","s":"BTCUSDT","T":1745777406064,"e":"aggTrade","E":1745777406064,"f":4855242509,"l":4855242509,"m":false,"M":true}
Received message: {"p":"94095.24000000","a":3551019186,"q":"0.01146000","s":"BTCUSDT","T":1745777406073,"e":"aggTrade","E":1745777406074,"f":4855242510,"l":4855242510,"m":false,"M":true}
Received message: {"p":"94095.24000000","a":3551019186,"q":"0.01146000","s":"BTCUSDT","T":1745777406073,"e":"aggTrade","E":1745777406074,"f":4855242510,"l":4855242510,"m":false,"M":true}
Received message: {"p":"94095.24000000","a":3551019187,"q":"0.00009000","s":"BTCUSDT","T":1745777406482,"e":"aggTrade","E":1745777406482,"f":4855242511,"l":4855242511,"m":false,"M":true}
Received message: {"p":"94095.24000000","a":3551019187,"q":"0.00009000","s":"BTCUSDT","T":1745777406482,"e":"aggTrade","E":1745777406482,"f":4855242511,"l":4855242511,"m":false,"M":true}
Received message: {"p":"94095.23000000","a":3551019188,"q":"0.00009000","s":"BTCUSDT","T":1745777406567,"e":"aggTrade","E":1745777406567,"f":4855242512,"l":4855242512,"m":true,"M":true}
Received message: {"p":"94095.23000000","a":3551019188,"q":"0.00009000","s":"BTCUSDT","T":1745777406567,"e":"aggTrade","E":1745777406567,"f":4855242512,"l":4855242512,"m":true,"M":true}
Received message: {"p":"94095.24000000","a":3551019189,"q":"0.00011000","s":"BTCUSDT","T":1745777406888,"e":"aggTrade","E":1745777406888,"f":4855242513,"l":4855242513,"m":false,"M":true}
Received message: {"p":"94095.24000000","a":3551019189,"q":"0.00011000","s":"BTCUSDT","T":1745777406888,"e":"aggTrade","E":1745777406888,"f":4855242513,"l":4855242513,"m":false,"M":true}
Received message: {"p":"94095.23000000","a":3551019190,"q":"0.00010000","s":"BTCUSDT","T":1745777406889,"e":"aggTrade","E":1745777406889,"f":4855242514,"l":4855242514,"m":true,"M":true}
Received message: {"p":"94095.23000000","a":3551019190,"q":"0.00010000","s":"BTCUSDT","T":1745777406889,"e":"aggTrade","E":1745777406889,"f":4855242514,"l":4855242514,"m":true,"M":true}
Received message: {"a":[["94095.24000000","0.88396000"],["94095.25000000","0.00838000"],["94097.27000000","0.00012000"],["94097.28000000","0.20679000"],["94098.36000000","0.00000000"],["94099.98000000","0.00012000"],["94099.99000000","0.18406000"],["94105.19000000","0.21381000"],["94106.37000000","0.21381000"],["94107.70000000","0.02287000"],["94109.08000000","0.00013000"],["94109.09000000","2.36384000"],["94109.10000000","1.71052000"],["94109.11000000","0.21381000"],["94109.12000000","0.00000000"],["94109.72000000","0.30662000"],["94110.01000000","0.02167000"],["94110.76000000","0.00106000"],["94111.20000000","0.04250000"],["94112.84000000","0.00560000"],["94112.86000000","0.00382000"],["94112.87000000","0.00382000"],["94112.89000000","0.00000000"],["94113.02000000","0.00013000"],["94113.44000000","0.00010000"],["94113.75000000","0.01355000"],["94113.99000000","0.01587000"],["94115.00000000","0.04250000"],["94115.31000000","0.00000000"],["94115.34000000","0.00000000"],["94115.38000000","0.00000000"],["94115.69000000","0.00000000"],["94117.31000000","0.44863000"],["94117.37000000","0.02000000"],["94117.60000000","0.04250000"],["94117.74000000","0.45148000"],["94117.76000000","0.00000000"],["94117.95000000","0.00000000"],["94118.07000000","0.00000000"],["94118.33000000","0.04800000"],["94118.34000000","0.04800000"],["94118.40000000","0.04800000"],["94118.41000000","0.04800000"],["94118.50000000","0.04250000"],["94119.48000000","0.00000000"],["94119.95000000","0.00000000"],["94120.08000000","0.00000000"],["94120.26000000","0.00000000"],["94121.11000000","0.04800000"],["94121.48000000","1.00382000"],["94121.49000000","0.00382000"],["94122.00000000","0.04250000"],["94122.08000000","0.05280000"],["94122.10000000","0.09409000"],["94122.44000000","0.00000000"],["94122.65000000","0.01355000"],["94123.04000000","0.04800000"],["94123.05000000","0.06720000"],["94123.13000000","0.07680000"],["94123.44000000","0.99644000"],["94123.45000000","0.10628000"],["94123.47000000","0.05377000"],["94123.68000000","0.00000000"],["94124.18000000","0.00000000"],["94125.68000000","0.00000000"],["94125.98000000","0.00000000"],["94127.41000000","0.03189000"],["94127.42000000","0.00000000"],["94127.48000000","0.00000000"],["94127.96000000","0.00000000"],["94128.73000000","0.00000000"],["94129.90000000","0.00000000"],["94133.81000000","0.00000000"],["94134.56000000","0.00353000"],["94134.73000000","0.00000000"],["94137.59000000","0.00300000"],["94140.79000000","0.00000000"],["94141.11000000","0.00000000"],["94142.29000000","0.58490000"],["94142.30000000","1.69115000"],["94146.63000000","0.00000000"],["94147.25000000","0.00000000"],["94147.72000000","2.00000000"],["94151.70000000","0.00010000"],["94152.12000000","0.00000000"],["94153.12000000","0.00000000"],["94154.31000000","0.04716000"],["94154.74000000","0.00212000"],["94156.07000000","0.10475000"],["94156.12000000","0.00000000"],["94156.72000000","0.00000000"],["94159.72000000","0.00000000"],["94160.68000000","0.00000000"],["94160.73000000","0.05000000"],["94162.47000000","0.04243000"],["94169.34000000","0.00000000"],["94173.76000000","0.00000000"],["94174.81000000","1.01798000"],["94175.80000000","0.04800000"],["94178.55000000","0.04038000"],["94179.93000000","0.00010000"],["94180.35000000","0.04038000"],["94180.89000000","0.02000000"],["94181.79000000","0.04357000"],["94181.80000000","0.04038000"],["94181.81000000","0.04986000"],["94183.98000000","0.04357000"],["94183.99000000","0.04038000"],["94185.87000000","0.04357000"],["94186.66000000","0.00000000"],["94186.72000000","0.04038000"],["94186.83000000","0.00000000"],["94187.35000000","0.04460000"],["94188.33000000","0.00000000"],["94189.26000000","0.00000000"],["94189.28000000","0.04038000"],["94189.48000000","0.04800000"],["94189.91000000","0.04357000"],["94190.46000000","0.00000000"],["94191.96000000","0.04038000"],["94192.32000000","0.04357000"],["94192.98000000","0.04357000"],["94193.05000000","0.04038000"],["94194.34000000","0.00000000"],["94195.09000000","0.00000000"],["94195.32000000","0.04357000"],["94197.56000000","0.00000000"],["94198.38000000","0.05697000"],["94199.04000000","0.00317000"],["94199.22000000","0.00000000"],["94201.04000000","0.05697000"],["94201.11000000","0.05697000"],["94203.60000000","0.05697000"],["94203.73000000","0.05697000"],["94206.00000000","0.00006000"],["94206.36000000","0.11394000"],["94206.88000000","0.05797000"],["94207.96000000","0.11394000"],["94208.15000000","0.00010000"],["94208.60000000","0.05797000"],["94210.51000000","0.05697000"],["94210.53000000","0.05697000"],["94210.82000000","0.00178000"],["94211.24000000","0.05797000"],["94212.15000000","0.05697000"],["94212.17000000","0.05697000"],["94212.38000000","0.05797000"],["94214.04000000","0.11394000"],["94214.38000000","0.05797000"],["94215.85000000","0.05797000"],["94216.00000000","0.11629000"],["94217.80000000","0.11394000"],["94218.07000000","0.05497000"],["94218.83000000","0.05797000"],["94218.84000000","0.05797000"],["94220.06000000","0.05797000"],["94220.07000000","0.05797000"],["94220.14000000","0.05697000"],["94220.20000000","0.05697000"],["94221.46000000","0.05497000"],["94222.43000000","0.05797000"],["94222.44000000","0.05797000"],["94223.01000000","0.00357000"],["94223.04000000","0.05697000"],["94223.10000000","0.05697000"],["94224.70000000","0.05497000"],["94225.79000000","0.00000000"],["94227.06000000","0.05997000"],["94227.07000000","0.11594000"],["94227.55000000","0.05497000"],["94227.98000000","0.05597000"],["94230.32000000","0.05597000"],["94230.63000000","0.11994000"],["94231.19000000","0.00035000"],["94231.50000000","0.05497000"],["94233.86000000","0.05597000"],["94234.71000000","0.05497000"],["94235.39000000","0.11994000"],["94236.38000000","0.00010000"],["94237.24000000","0.03998000"],["94237.78000000","0.05597000"],["94238.39000000","0.05497000"],["94240.46000000","0.11994000"],["94241.44000000","0.03998000"],["94242.18000000","0.05497000"],["94243.73000000","0.11994000"],["94349.73000000","0.00000000"],["94356.07000000","0.00400000"],["94356.65000000","0.00000000"],["94361.72000000","0.00000000"],["94466.92000000","0.00063000"],["94471.09000000","0.00012000"],["94483.40000000","0.00638000"],["94555.26000000","0.00100000"],["94565.72000000","0.00090000"],["95495.93000000","0.00006000"]],"b":[["94095.23000000","7.83882000"],["94095.08000000","0.00066000"],["94095.07000000","0.32079000"],["94094.99000000","0.00006000"],["94094.71000000","0.39192000"],["94094.70000000","0.00000000"],["94094.69000000","0.00006000"],["94094.00000000","0.04314000"],["94093.00000000","0.00715000"],["94092.90000000","0.00006000"],["94092.59000000","0.00496000"],["94092.01000000","0.01806000"],["94092.00000000","0.04256000"],["94091.97000000","0.00052000"],["94091.94000000","0.00106000"],["94091.15000000","0.00000000"],["94090.56000000","0.04638000"],["94090.54000000","0.21387000"],["94090.50000000","0.04250000"],["94090.22000000","0.32061000"],["94088.14000000","0.02000000"],["94087.88000000","0.04000000"],["94087.21000000","0.05280000"],["94087.20000000","0.05280000"],["94087.13000000","0.10080000"],["94086.96000000","0.84151000"],["94086.69000000","0.00000000"],["94086.35000000","0.00006000"],["94086.20000000","0.00000000"],["94086.19000000","0.22968000"],["94085.60000000","0.04250000"],["94085.58000000","0.00000000"],["94085.31000000","0.39230000"],["94085.06000000","1.00000000"],["94084.66000000","0.00000000"],["94084.65000000","0.54251000"],["94084.55000000","0.48141000"],["94084.54000000","0.00000000"],["94084.36000000","0.05760000"],["94084.20000000","0.00000000"],["94083.89000000","0.00000000"],["94083.49000000","0.00000000"],["94083.43000000","0.04800000"],["94082.97000000","0.00000000"],["94082.96000000","0.00000000"],["94082.95000000","0.02217000"],["94082.50000000","0.09600000"],["94082.44000000","0.04800000"],["94081.57000000","0.00000000"],["94081.29000000","0.00000000"],["94081.11000000","0.00300000"],["94080.79000000","0.00000000"],["94079.55000000","1.27865000"],["94079.54000000","0.00000000"],["94079.29000000","0.00000000"],["94078.99000000","0.00000000"],["94077.49000000","0.00000000"],["94077.40000000","1.69356000"],["94076.41000000","0.00073000"],["94076.39000000","0.00000000"],["94076.01000000","0.42514000"],["94075.97000000","0.00000000"],["94075.93000000","0.00000000"],["94075.04000000","0.95954000"],["94074.94000000","0.00000000"],["94074.93000000","0.00000000"],["94074.89000000","2.21381000"],["94074.50000000","0.00000000"],["94073.92000000","0.00000000"],["94073.85000000","0.00000000"],["94073.03000000","0.15900000"],["94072.55000000","0.00000000"],["94071.75000000","0.00000000"],["94071.69000000","0.00000000"],["94070.71000000","0.00000000"],["94069.16000000","0.00000000"],["94068.16000000","0.00000000"],["94067.35000000","0.00000000"],["94067.00000000","0.00010000"],["94066.99000000","0.04992000"],["94066.35000000","0.00000000"],["94066.00000000","0.00000000"],["94065.83000000","0.10628000"],["94063.35000000","0.00000000"],["94062.75000000","0.00000000"],["94062.50000000","0.00000000"],["94062.28000000","0.21988000"],["94062.27000000","0.93011000"],["94061.87000000","1.76549000"],["94060.22000000","0.05497000"],["94059.75000000","0.00000000"],["94057.84000000","0.26878000"],["94057.55000000","0.00000000"],["94057.09000000","0.00000000"],["94056.94000000","0.00000000"],["94056.42000000","0.00000000"],["94054.25000000","0.00000000"],["94050.01000000","0.05997000"],["94049.99000000","0.00000000"],["94049.59000000","0.11277000"],["94049.55000000","0.97397000"],["94049.49000000","0.00000000"],["94049.01000000","0.05000000"],["94048.90000000","0.05997000"],["94047.62000000","0.05697000"],["94047.45000000","0.06417000"],["94046.86000000","0.05697000"],["94046.85000000","0.02297000"],["94046.40000000","0.05997000"],["94046.31000000","0.03422000"],["94045.53000000","0.18129000"],["94043.48000000","0.63733000"],["94042.65000000","0.05997000"],["94041.54000000","0.05997000"],["94041.26000000","0.81566000"],["94040.81000000","0.05997000"],["94040.80000000","0.00000000"],["94038.77000000","0.00010000"],["94038.75000000","0.05997000"],["94038.50000000","0.00000000"],["94038.26000000","0.04357000"],["94038.24000000","0.00000000"],["94037.64000000","0.00805000"],["94037.62000000","0.12849000"],["94035.00000000","0.04412000"],["94034.83000000","0.00000000"],["94034.31000000","0.00000000"],["94031.69000000","0.00000000"],["94030.97000000","0.53143000"],["94030.37000000","0.00100000"],["94029.18000000","0.18990000"],["94028.87000000","0.42514000"],["94028.20000000","0.00000000"],["94027.78000000","0.00000000"],["94025.02000000","0.00000000"],["94024.22000000","0.00000000"],["94023.11000000","0.03798000"],["94022.82000000","0.00510000"],["94022.08000000","0.00012000"],["94016.92000000","0.00000000"],["94016.78000000","0.00000000"],["94016.00000000","0.00000000"],["94015.67000000","0.00189000"],["94014.82000000","0.00000000"],["94014.72000000","0.02949000"],["94010.88000000","0.03229000"],["94010.54000000","0.00010000"],["94010.11000000","0.00000000"],["94009.87000000","0.05997000"],["94008.70000000","0.05497000"],["94006.26000000","0.04714000"],["94006.23000000","0.04038000"],["94005.84000000","1.76549000"],["94004.40000000","0.08395000"],["94001.01000000","0.08395000"],["94000.48000000","0.37816000"],["94000.32000000","0.00000000"],["93999.97000000","0.00000000"],["93999.65000000","0.94437000"],["93998.51000000","0.04357000"],["93998.38000000","0.00000000"],["93997.84000000","0.10980000"],["93994.01000000","0.14093000"],["93993.72000000","0.00000000"],["93993.31000000","0.14093000"],["93991.48000000","0.05840000"],["93991.31000000","0.00000000"],["93990.68000000","0.00000000"],["93990.62000000","0.05951000"],["93989.81000000","0.11499000"],["93989.55000000","0.11499000"],["93989.12000000","0.15532000"],["93987.04000000","0.22988000"],["93985.01000000","0.23987000"],["93984.43000000","0.11901000"],["93982.40000000","0.61094000"],["93982.32000000","0.00010000"],["93981.92000000","0.11394000"],["93981.12000000","0.82617000"],["93977.93000000","0.17091000"],["93976.28000000","1.22846000"],["93974.12000000","1.82646000"],["93972.80000000","0.00000000"],["93972.23000000","1.75914000"],["93971.75000000","0.00000000"],["93966.61000000","0.03798000"],["93962.20000000","0.03798000"],["93954.09000000","0.00010000"],["93945.69000000","0.00100000"],["93944.40000000","0.55177000"],["93944.01000000","0.04040000"],["93943.52000000","0.00000000"],["93934.85000000","0.00000000"],["93932.29000000","0.07996000"],["93931.20000000","0.00000000"],["93930.95000000","0.05497000"],["93929.93000000","0.03798000"],["93921.34000000","0.00000000"],["93917.61000000","0.00000000"],["93913.23000000","0.00000000"],["93897.22000000","0.00258000"],["93896.39000000","0.99302000"],["93886.54000000","0.00000000"],["93886.40000000","0.00000000"],["93774.10000000","0.00000000"],["93714.20000000","0.00088000"],["93639.15000000","0.00000000"],["92683.80000000","0.00100000"],["92391.13000000","0.00016000"],["92297.04000000","0.00016000"],["92202.96000000","0.00016000"],["92108.87000000","0.00016000"],["86996.90000000","0.00007000"],["86712.32000000","0.00007000"],["86427.74000000","0.00007000"],["86143.15000000","0.00007000"],["84685.00000000","0.00000000"],["79000.00000000","27.02842000"],["75276.19000000","0.00052000"],["42000.00000000","3.70683000"],["33000.00000000","2.70601000"]],"s":"BTCUSDT","e":"depthUpdate","E":1745777407014,"U":67663541754,"u":67663542387}
Received message: {"a":[["94095.24000000","0.88396000"],["94095.25000000","0.00838000"],["94097.27000000","0.00012000"],["94097.28000000","0.20679000"],["94098.36000000","0.00000000"],["94099.98000000","0.00012000"],["94099.99000000","0.18406000"],["94105.19000000","0.21381000"],["94106.37000000","0.21381000"],["94107.70000000","0.02287000"],["94109.08000000","0.00013000"],["94109.09000000","2.36384000"],["94109.10000000","1.71052000"],["94109.11000000","0.21381000"],["94109.12000000","0.00000000"],["94109.72000000","0.30662000"],["94110.01000000","0.02167000"],["94110.76000000","0.00106000"],["94111.20000000","0.04250000"],["94112.84000000","0.00560000"],["94112.86000000","0.00382000"],["94112.87000000","0.00382000"],["94112.89000000","0.00000000"],["94113.02000000","0.00013000"],["94113.44000000","0.00010000"],["94113.75000000","0.01355000"],["94113.99000000","0.01587000"],["94115.00000000","0.04250000"],["94115.31000000","0.00000000"],["94115.34000000","0.00000000"],["94115.38000000","0.00000000"],["94115.69000000","0.00000000"],["94117.31000000","0.44863000"],["94117.37000000","0.02000000"],["94117.60000000","0.04250000"],["94117.74000000","0.45148000"],["94117.76000000","0.00000000"],["94117.95000000","0.00000000"],["94118.07000000","0.00000000"],["94118.33000000","0.04800000"],["94118.34000000","0.04800000"],["94118.40000000","0.04800000"],["94118.41000000","0.04800000"],["94118.50000000","0.04250000"],["94119.48000000","0.00000000"],["94119.95000000","0.00000000"],["94120.08000000","0.00000000"],["94120.26000000","0.00000000"],["94121.11000000","0.04800000"],["94121.48000000","1.00382000"],["94121.49000000","0.00382000"],["94122.00000000","0.04250000"],["94122.08000000","0.05280000"],["94122.10000000","0.09409000"],["94122.44000000","0.00000000"],["94122.65000000","0.01355000"],["94123.04000000","0.04800000"],["94123.05000000","0.06720000"],["94123.13000000","0.07680000"],["94123.44000000","0.99644000"],["94123.45000000","0.10628000"],["94123.47000000","0.05377000"],["94123.68000000","0.00000000"],["94124.18000000","0.00000000"],["94125.68000000","0.00000000"],["94125.98000000","0.00000000"],["94127.41000000","0.03189000"],["94127.42000000","0.00000000"],["94127.48000000","0.00000000"],["94127.96000000","0.00000000"],["94128.73000000","0.00000000"],["94129.90000000","0.00000000"],["94133.81000000","0.00000000"],["94134.56000000","0.00353000"],["94134.73000000","0.00000000"],["94137.59000000","0.00300000"],["94140.79000000","0.00000000"],["94141.11000000","0.00000000"],["94142.29000000","0.58490000"],["94142.30000000","1.69115000"],["94146.63000000","0.00000000"],["94147.25000000","0.00000000"],["94147.72000000","2.00000000"],["94151.70000000","0.00010000"],["94152.12000000","0.00000000"],["94153.12000000","0.00000000"],["94154.31000000","0.04716000"],["94154.74000000","0.00212000"],["94156.07000000","0.10475000"],["94156.12000000","0.00000000"],["94156.72000000","0.00000000"],["94159.72000000","0.00000000"],["94160.68000000","0.00000000"],["94160.73000000","0.05000000"],["94162.47000000","0.04243000"],["94169.34000000","0.00000000"],["94173.76000000","0.00000000"],["94174.81000000","1.01798000"],["94175.80000000","0.04800000"],["94178.55000000","0.04038000"],["94179.93000000","0.00010000"],["94180.35000000","0.04038000"],["94180.89000000","0.02000000"],["94181.79000000","0.04357000"],["94181.80000000","0.04038000"],["94181.81000000","0.04986000"],["94183.98000000","0.04357000"],["94183.99000000","0.04038000"],["94185.87000000","0.04357000"],["94186.66000000","0.00000000"],["94186.72000000","0.04038000"],["94186.83000000","0.00000000"],["94187.35000000","0.04460000"],["94188.33000000","0.00000000"],["94189.26000000","0.00000000"],["94189.28000000","0.04038000"],["94189.48000000","0.04800000"],["94189.91000000","0.04357000"],["94190.46000000","0.00000000"],["94191.96000000","0.04038000"],["94192.32000000","0.04357000"],["94192.98000000","0.04357000"],["94193.05000000","0.04038000"],["94194.34000000","0.00000000"],["94195.09000000","0.00000000"],["94195.32000000","0.04357000"],["94197.56000000","0.00000000"],["94198.38000000","0.05697000"],["94199.04000000","0.00317000"],["94199.22000000","0.00000000"],["94201.04000000","0.05697000"],["94201.11000000","0.05697000"],["94203.60000000","0.05697000"],["94203.73000000","0.05697000"],["94206.00000000","0.00006000"],["94206.36000000","0.11394000"],["94206.88000000","0.05797000"],["94207.96000000","0.11394000"],["94208.15000000","0.00010000"],["94208.60000000","0.05797000"],["94210.51000000","0.05697000"],["94210.53000000","0.05697000"],["94210.82000000","0.00178000"],["94211.24000000","0.05797000"],["94212.15000000","0.05697000"],["94212.17000000","0.05697000"],["94212.38000000","0.05797000"],["94214.04000000","0.11394000"],["94214.38000000","0.05797000"],["94215.85000000","0.05797000"],["94216.00000000","0.11629000"],["94217.80000000","0.11394000"],["94218.07000000","0.05497000"],["94218.83000000","0.05797000"],["94218.84000000","0.05797000"],["94220.06000000","0.05797000"],["94220.07000000","0.05797000"],["94220.14000000","0.05697000"],["94220.20000000","0.05697000"],["94221.46000000","0.05497000"],["94222.43000000","0.05797000"],["94222.44000000","0.05797000"],["94223.01000000","0.00357000"],["94223.04000000","0.05697000"],["94223.10000000","0.05697000"],["94224.70000000","0.05497000"],["94225.79000000","0.00000000"],["94227.06000000","0.05997000"],["94227.07000000","0.11594000"],["94227.55000000","0.05497000"],["94227.98000000","0.05597000"],["94230.32000000","0.05597000"],["94230.63000000","0.11994000"],["94231.19000000","0.00035000"],["94231.50000000","0.05497000"],["94233.86000000","0.05597000"],["94234.71000000","0.05497000"],["94235.39000000","0.11994000"],["94236.38000000","0.00010000"],["94237.24000000","0.03998000"],["94237.78000000","0.05597000"],["94238.39000000","0.05497000"],["94240.46000000","0.11994000"],["94241.44000000","0.03998000"],["94242.18000000","0.05497000"],["94243.73000000","0.11994000"],["94349.73000000","0.00000000"],["94356.07000000","0.00400000"],["94356.65000000","0.00000000"],["94361.72000000","0.00000000"],["94466.92000000","0.00063000"],["94471.09000000","0.00012000"],["94483.40000000","0.00638000"],["94555.26000000","0.00100000"],["94565.72000000","0.00090000"],["95495.93000000","0.00006000"]],"b":[["94095.23000000","7.83882000"],["94095.08000000","0.00066000"],["94095.07000000","0.32079000"],["94094.99000000","0.00006000"],["94094.71000000","0.39192000"],["94094.70000000","0.00000000"],["94094.69000000","0.00006000"],["94094.00000000","0.04314000"],["94093.00000000","0.00715000"],["94092.90000000","0.00006000"],["94092.59000000","0.00496000"],["94092.01000000","0.01806000"],["94092.00000000","0.04256000"],["94091.97000000","0.00052000"],["94091.94000000","0.00106000"],["94091.15000000","0.00000000"],["94090.56000000","0.04638000"],["94090.54000000","0.21387000"],["94090.50000000","0.04250000"],["94090.22000000","0.32061000"],["94088.14000000","0.02000000"],["94087.88000000","0.04000000"],["94087.21000000","0.05280000"],["94087.20000000","0.05280000"],["94087.13000000","0.10080000"],["94086.96000000","0.84151000"],["94086.69000000","0.00000000"],["94086.35000000","0.00006000"],["94086.20000000","0.00000000"],["94086.19000000","0.22968000"],["94085.60000000","0.04250000"],["94085.58000000","0.00000000"],["94085.31000000","0.39230000"],["94085.06000000","1.00000000"],["94084.66000000","0.00000000"],["94084.65000000","0.54251000"],["94084.55000000","0.48141000"],["94084.54000000","0.00000000"],["94084.36000000","0.05760000"],["94084.20000000","0.00000000"],["94083.89000000","0.00000000"],["94083.49000000","0.00000000"],["94083.43000000","0.04800000"],["94082.97000000","0.00000000"],["94082.96000000","0.00000000"],["94082.95000000","0.02217000"],["94082.50000000","0.09600000"],["94082.44000000","0.04800000"],["94081.57000000","0.00000000"],["94081.29000000","0.00000000"],["94081.11000000","0.00300000"],["94080.79000000","0.00000000"],["94079.55000000","1.27865000"],["94079.54000000","0.00000000"],["94079.29000000","0.00000000"],["94078.99000000","0.00000000"],["94077.49000000","0.00000000"],["94077.40000000","1.69356000"],["94076.41000000","0.00073000"],["94076.39000000","0.00000000"],["94076.01000000","0.42514000"],["94075.97000000","0.00000000"],["94075.93000000","0.00000000"],["94075.04000000","0.95954000"],["94074.94000000","0.00000000"],["94074.93000000","0.00000000"],["94074.89000000","2.21381000"],["94074.50000000","0.00000000"],["94073.92000000","0.00000000"],["94073.85000000","0.00000000"],["94073.03000000","0.15900000"],["94072.55000000","0.00000000"],["94071.75000000","0.00000000"],["94071.69000000","0.00000000"],["94070.71000000","0.00000000"],["94069.16000000","0.00000000"],["94068.16000000","0.00000000"],["94067.35000000","0.00000000"],["94067.00000000","0.00010000"],["94066.99000000","0.04992000"],["94066.35000000","0.00000000"],["94066.00000000","0.00000000"],["94065.83000000","0.10628000"],["94063.35000000","0.00000000"],["94062.75000000","0.00000000"],["94062.50000000","0.00000000"],["94062.28000000","0.21988000"],["94062.27000000","0.93011000"],["94061.87000000","1.76549000"],["94060.22000000","0.05497000"],["94059.75000000","0.00000000"],["94057.84000000","0.26878000"],["94057.55000000","0.00000000"],["94057.09000000","0.00000000"],["94056.94000000","0.00000000"],["94056.42000000","0.00000000"],["94054.25000000","0.00000000"],["94050.01000000","0.05997000"],["94049.99000000","0.00000000"],["94049.59000000","0.11277000"],["94049.55000000","0.97397000"],["94049.49000000","0.00000000"],["94049.01000000","0.05000000"],["94048.90000000","0.05997000"],["94047.62000000","0.05697000"],["94047.45000000","0.06417000"],["94046.86000000","0.05697000"],["94046.85000000","0.02297000"],["94046.40000000","0.05997000"],["94046.31000000","0.03422000"],["94045.53000000","0.18129000"],["94043.48000000","0.63733000"],["94042.65000000","0.05997000"],["94041.54000000","0.05997000"],["94041.26000000","0.81566000"],["94040.81000000","0.05997000"],["94040.80000000","0.00000000"],["94038.77000000","0.00010000"],["94038.75000000","0.05997000"],["94038.50000000","0.00000000"],["94038.26000000","0.04357000"],["94038.24000000","0.00000000"],["94037.64000000","0.00805000"],["94037.62000000","0.12849000"],["94035.00000000","0.04412000"],["94034.83000000","0.00000000"],["94034.31000000","0.00000000"],["94031.69000000","0.00000000"],["94030.97000000","0.53143000"],["94030.37000000","0.00100000"],["94029.18000000","0.18990000"],["94028.87000000","0.42514000"],["94028.20000000","0.00000000"],["94027.78000000","0.00000000"],["94025.02000000","0.00000000"],["94024.22000000","0.00000000"],["94023.11000000","0.03798000"],["94022.82000000","0.00510000"],["94022.08000000","0.00012000"],["94016.92000000","0.00000000"],["94016.78000000","0.00000000"],["94016.00000000","0.00000000"],["94015.67000000","0.00189000"],["94014.82000000","0.00000000"],["94014.72000000","0.02949000"],["94010.88000000","0.03229000"],["94010.54000000","0.00010000"],["94010.11000000","0.00000000"],["94009.87000000","0.05997000"],["94008.70000000","0.05497000"],["94006.26000000","0.04714000"],["94006.23000000","0.04038000"],["94005.84000000","1.76549000"],["94004.40000000","0.08395000"],["94001.01000000","0.08395000"],["94000.48000000","0.37816000"],["94000.32000000","0.00000000"],["93999.97000000","0.00000000"],["93999.65000000","0.94437000"],["93998.51000000","0.04357000"],["93998.38000000","0.00000000"],["93997.84000000","0.10980000"],["93994.01000000","0.14093000"],["93993.72000000","0.00000000"],["93993.31000000","0.14093000"],["93991.48000000","0.05840000"],["93991.31000000","0.00000000"],["93990.68000000","0.00000000"],["93990.62000000","0.05951000"],["93989.81000000","0.11499000"],["93989.55000000","0.11499000"],["93989.12000000","0.15532000"],["93987.04000000","0.22988000"],["93985.01000000","0.23987000"],["93984.43000000","0.11901000"],["93982.40000000","0.61094000"],["93982.32000000","0.00010000"],["93981.92000000","0.11394000"],["93981.12000000","0.82617000"],["93977.93000000","0.17091000"],["93976.28000000","1.22846000"],["93974.12000000","1.82646000"],["93972.80000000","0.00000000"],["93972.23000000","1.75914000"],["93971.75000000","0.00000000"],["93966.61000000","0.03798000"],["93962.20000000","0.03798000"],["93954.09000000","0.00010000"],["93945.69000000","0.00100000"],["93944.40000000","0.55177000"],["93944.01000000","0.04040000"],["93943.52000000","0.00000000"],["93934.85000000","0.00000000"],["93932.29000000","0.07996000"],["93931.20000000","0.00000000"],["93930.95000000","0.05497000"],["93929.93000000","0.03798000"],["93921.34000000","0.00000000"],["93917.61000000","0.00000000"],["93913.23000000","0.00000000"],["93897.22000000","0.00258000"],["93896.39000000","0.99302000"],["93886.54000000","0.00000000"],["93886.40000000","0.00000000"],["93774.10000000","0.00000000"],["93714.20000000","0.00088000"],["93639.15000000","0.00000000"],["92683.80000000","0.00100000"],["92391.13000000","0.00016000"],["92297.04000000","0.00016000"],["92202.96000000","0.00016000"],["92108.87000000","0.00016000"],["86996.90000000","0.00007000"],["86712.32000000","0.00007000"],["86427.74000000","0.00007000"],["86143.15000000","0.00007000"],["84685.00000000","0.00000000"],["79000.00000000","27.02842000"],["75276.19000000","0.00052000"],["42000.00000000","3.70683000"],["33000.00000000","2.70601000"]],"s":"BTCUSDT","e":"depthUpdate","E":1745777407014,"U":67663541754,"u":67663542387}
Request method:	DELETE
Request URI:	https://testnet.binance.vision/api/v3/userDataStream?listenKey=p8AhuwnQg7gx8VXeLFaa0XFwqWTpFpnHCussv7GWYzSoASdWd1OK5pLVOwwH
Proxy:			<none>
Request params:	<none>
Query params:	listenKey=p8AhuwnQg7gx8VXeLFaa0XFwqWTpFpnHCussv7GWYzSoASdWd1OK5pLVOwwH
Form params:	<none>
Path params:	<none>
Headers:		X-MBX-APIKEY=YKDYeVSCeO99aGCQFtJ04P3sFBQO4HEmrbVeOHSHzyGZnHMLDDtNT85eDWdtg7WI
				Accept=*/*
				Content-Type=application/json
Cookies:		<none>
Multiparts:		<none>
Body:			<none>
HTTP/1.1 200 OK
Content-Type: application/json;charset=UTF-8
Content-Length: 2
Connection: keep-alive
Date: Sun, 27 Apr 2025 18:10:07 GMT
Access-Control-Allow-Methods: GET, HEAD, OPTIONS
Server: nginx
x-mbx-uuid: fa1a9f25-7d4b-4fc9-ba80-c402e0ddef36
x-mbx-used-weight: 2
x-mbx-used-weight-1m: 2
Strict-Transport-Security: max-age=31536000; includeSubdomains
X-Frame-Options: SAMEORIGIN
X-Xss-Protection: 1; mode=block
X-Content-Type-Options: nosniff
Content-Security-Policy: default-src 'self'
X-Content-Security-Policy: default-src 'self'
X-WebKit-CSP: default-src 'self'
Cache-Control: no-cache, no-store, must-revalidate
Pragma: no-cache
Expires: 0
Access-Control-Allow-Origin: *
X-Cache: Miss from cloudfront
Via: 1.1 8d08de7fce6cdb6f648bade508fa2926.cloudfront.net (CloudFront)
X-Amz-Cf-Pop: SIN2-P1
X-Amz-Cf-Id: yPIC_hAVLyqACNSe0Q-o-GaoLfkvGiXh5utWvH2oe6k2dsoBUNBJ3A==

{
    
}
Closed listen key: p8AhuwnQg7gx8VXeLFaa0XFwqWTpFpnHCussv7GWYzSoASdWd1OK5pLVOwwH
]]></system-out>
  <system-err><![CDATA[]]></system-err>
</testsuite>
