<?xml version="1.0" encoding="UTF-8"?>
<testsuite name="rest.testWebSocketTrade" tests="1" skipped="0" failures="0" errors="0" timestamp="2025-04-27T18:10:08" hostname="Tio-Hizbullah.local" time="30.165">
  <properties/>
  <testcase name="testSubscribeToTradeStream" classname="rest.testWebSocketTrade" time="30.165"/>
  <system-out><![CDATA[Subscribed to Trade stream: wss://stream.binance.com:9443/ws/bnbusdt@trade
Received message: {"p":"94095.24000000","a":3551019196,"q":"0.00059000","s":"BTCUSDT","T":1745777408699,"e":"aggTrade","E":1745777408700,"f":4855242520,"l":4855242520,"m":false,"M":true}
Received message: {"p":"94095.24000000","a":3551019196,"q":"0.00059000","s":"BTCUSDT","T":1745777408699,"e":"aggTrade","E":1745777408700,"f":4855242520,"l":4855242520,"m":false,"M":true}
Received message: {"p":"94095.23000000","a":3551019197,"q":"0.04848000","s":"BTCUSDT","T":1745777408892,"e":"aggTrade","E":1745777408893,"f":4855242521,"l":4855242521,"m":true,"M":true}
Received message: {"p":"94095.23000000","a":3551019197,"q":"0.04848000","s":"BTCUSDT","T":1745777408892,"e":"aggTrade","E":1745777408893,"f":4855242521,"l":4855242521,"m":true,"M":true}
Received message: {"p":"94095.24000000","a":3551019198,"q":"0.00009000","s":"BTCUSDT","T":1745777408896,"e":"aggTrade","E":1745777408897,"f":4855242522,"l":4855242522,"m":false,"M":true}
Received message: {"p":"94095.24000000","a":3551019198,"q":"0.00009000","s":"BTCUSDT","T":1745777408896,"e":"aggTrade","E":1745777408897,"f":4855242522,"l":4855242522,"m":false,"M":true}
Received message: {"a":[["94095.24000000","0.92076000"],["94097.04000000","0.00007000"],["94098.83000000","0.00000000"],["94098.84000000","0.00000000"],["94108.41000000","0.00010000"],["94108.71000000","0.00764000"],["94108.72000000","0.01355000"],["94110.00000000","0.00000000"],["94110.30000000","0.00000000"],["94110.31000000","0.00000000"],["94110.32000000","0.00000000"],["94110.76000000","0.00000000"],["94111.77000000","0.00000000"],["94112.08000000","0.00000000"],["94112.86000000","0.00000000"],["94112.87000000","0.00000000"],["94115.66000000","0.00106000"],["94119.94000000","1.00000000"],["94121.48000000","0.00382000"],["94122.29000000","0.00000000"],["94127.41000000","0.03189000"],["94129.96000000","0.01661000"],["94140.94000000","0.50762000"],["94144.64000000","2.00000000"],["94146.28000000","0.00000000"],["94147.72000000","0.00000000"],["94158.73000000","0.05310000"],["94160.73000000","0.86319000"],["94162.00000000","0.00000000"],["94164.34000000","0.76437000"],["94184.59000000","0.00014000"],["94193.37000000","0.39594000"],["94205.06000000","0.00709000"],["94227.07000000","0.17391000"],["95506.67000000","0.00000000"]],"b":[["94095.23000000","7.78811000"],["94094.00000000","0.04314000"],["94092.59000000","0.00000000"],["94092.02000000","0.01806000"],["94091.53000000","0.09409000"],["94086.96000000","0.54563000"],["94084.35000000","1.00000000"],["94082.78000000","0.00000000"],["94082.45000000","0.00496000"],["94073.47000000","2.00000000"],["94072.84000000","0.00000000"],["94071.86000000","0.15900000"],["94070.33000000","0.00000000"],["94031.09000000","0.64454000"],["94016.00000000","0.00210000"],["94012.00000000","0.00210000"],["94007.44000000","0.00709000"],["93987.01000000","0.00000000"],["93986.84000000","0.00000000"],["93968.65000000","0.01661000"],["93896.39000000","0.99302000"],["93730.00000000","0.00016000"],["93200.00000000","11.85031000"],["92683.80000000","0.00100000"],["84720.24000000","0.00007000"],["84685.00000000","0.00000000"],["84435.66000000","0.00007000"],["84151.08000000","0.00007000"],["83866.49000000","0.00007000"],["75276.19000000","0.00052000"],["42000.00000000","3.70583000"],["33000.00000000","2.70601000"],["20002.00000000","0.00000000"],["20001.00000000","0.03474000"]],"s":"BTCUSDT","e":"depthUpdate","E":1745777409014,"U":67663542614,"u":67663542713}
Received message: {"a":[["94095.24000000","0.92076000"],["94097.04000000","0.00007000"],["94098.83000000","0.00000000"],["94098.84000000","0.00000000"],["94108.41000000","0.00010000"],["94108.71000000","0.00764000"],["94108.72000000","0.01355000"],["94110.00000000","0.00000000"],["94110.30000000","0.00000000"],["94110.31000000","0.00000000"],["94110.32000000","0.00000000"],["94110.76000000","0.00000000"],["94111.77000000","0.00000000"],["94112.08000000","0.00000000"],["94112.86000000","0.00000000"],["94112.87000000","0.00000000"],["94115.66000000","0.00106000"],["94119.94000000","1.00000000"],["94121.48000000","0.00382000"],["94122.29000000","0.00000000"],["94127.41000000","0.03189000"],["94129.96000000","0.01661000"],["94140.94000000","0.50762000"],["94144.64000000","2.00000000"],["94146.28000000","0.00000000"],["94147.72000000","0.00000000"],["94158.73000000","0.05310000"],["94160.73000000","0.86319000"],["94162.00000000","0.00000000"],["94164.34000000","0.76437000"],["94184.59000000","0.00014000"],["94193.37000000","0.39594000"],["94205.06000000","0.00709000"],["94227.07000000","0.17391000"],["95506.67000000","0.00000000"]],"b":[["94095.23000000","7.78811000"],["94094.00000000","0.04314000"],["94092.59000000","0.00000000"],["94092.02000000","0.01806000"],["94091.53000000","0.09409000"],["94086.96000000","0.54563000"],["94084.35000000","1.00000000"],["94082.78000000","0.00000000"],["94082.45000000","0.00496000"],["94073.47000000","2.00000000"],["94072.84000000","0.00000000"],["94071.86000000","0.15900000"],["94070.33000000","0.00000000"],["94031.09000000","0.64454000"],["94016.00000000","0.00210000"],["94012.00000000","0.00210000"],["94007.44000000","0.00709000"],["93987.01000000","0.00000000"],["93986.84000000","0.00000000"],["93968.65000000","0.01661000"],["93896.39000000","0.99302000"],["93730.00000000","0.00016000"],["93200.00000000","11.85031000"],["92683.80000000","0.00100000"],["84720.24000000","0.00007000"],["84685.00000000","0.00000000"],["84435.66000000","0.00007000"],["84151.08000000","0.00007000"],["83866.49000000","0.00007000"],["75276.19000000","0.00052000"],["42000.00000000","3.70583000"],["33000.00000000","2.70601000"],["20002.00000000","0.00000000"],["20001.00000000","0.03474000"]],"s":"BTCUSDT","e":"depthUpdate","E":1745777409014,"U":67663542614,"u":67663542713}
Received message: {"p":"94095.24000000","a":3551019199,"q":"0.00010000","s":"BTCUSDT","T":1745777409097,"e":"aggTrade","E":1745777409097,"f":4855242523,"l":4855242523,"m":false,"M":true}
Received message: {"p":"94095.24000000","a":3551019199,"q":"0.00010000","s":"BTCUSDT","T":1745777409097,"e":"aggTrade","E":1745777409097,"f":4855242523,"l":4855242523,"m":false,"M":true}
Received message: {"p":"94095.23000000","a":3551019200,"q":"0.05970000","s":"BTCUSDT","T":1745777409483,"e":"aggTrade","E":1745777409484,"f":4855242524,"l":4855242524,"m":true,"M":true}
Received message: {"p":"94095.23000000","a":3551019200,"q":"0.05970000","s":"BTCUSDT","T":1745777409483,"e":"aggTrade","E":1745777409484,"f":4855242524,"l":4855242524,"m":true,"M":true}
Received message: {"p":"94095.23000000","a":3551019201,"q":"0.00043000","s":"BTCUSDT","T":1745777409659,"e":"aggTrade","E":1745777409659,"f":4855242525,"l":4855242525,"m":true,"M":true}
Received message: {"p":"94095.23000000","a":3551019201,"q":"0.00043000","s":"BTCUSDT","T":1745777409659,"e":"aggTrade","E":1745777409659,"f":4855242525,"l":4855242525,"m":true,"M":true}
Received message: {"a":[["94095.24000000","3.17359000"],["94095.25000000","0.00790000"],["94096.00000000","0.00216000"],["94096.04000000","0.00012000"],["94096.05000000","0.09651000"],["94097.50000000","0.04250000"],["94098.40000000","0.04250000"],["94098.55000000","0.00000000"],["94099.97000000","0.00012000"],["94099.98000000","0.21381000"],["94099.99000000","0.24803000"],["94101.00000000","0.04250000"],["94102.50000000","0.00033000"],["94102.57000000","0.00010000"],["94103.19000000","0.31425000"],["94103.44000000","1.27542000"],["94103.45000000","1.71052000"],["94103.47000000","0.00000000"],["94103.72000000","0.00000000"],["94103.88000000","0.00000000"],["94103.99000000","0.00000000"],["94104.96000000","0.00764000"],["94105.00000000","0.70111000"],["94105.10000000","0.00000000"],["94105.22000000","0.00010000"],["94105.41000000","0.01355000"],["94105.80000000","0.00008000"],["94106.36000000","0.00000000"],["94107.96000000","0.00000000"],["94108.71000000","0.00000000"],["94108.72000000","0.00000000"],["94109.11000000","0.69551000"],["94109.72000000","0.00000000"],["94111.47000000","0.01587000"],["94113.25000000","0.00000000"],["94113.99000000","0.00000000"],["94114.44000000","1.00000000"],["94116.30000000","0.00541000"],["94116.54000000","0.00000000"],["94117.31000000","0.00000000"],["94119.94000000","0.00000000"],["94121.48000000","0.00000000"],["94121.49000000","0.00000000"],["94122.65000000","0.00000000"],["94122.98000000","0.00796000"],["94123.62000000","0.00000000"],["94126.89000000","0.00496000"],["94129.96000000","0.00000000"],["94131.51000000","0.11001000"],["94133.64000000","2.00000000"],["94136.72000000","0.04716000"],["94137.84000000","0.00000000"],["94137.89000000","0.00000000"],["94140.78000000","0.04243000"],["94144.64000000","0.00000000"],["94146.86000000","1.02206000"],["94154.31000000","0.00000000"],["94157.73000000","0.00000000"],["94162.47000000","0.00000000"],["94163.34000000","0.00000000"],["94166.91000000","0.00006000"],["94179.99000000","0.28552000"],["94186.50000000","0.00100000"],["94226.59000000","0.05797000"],["94238.93000000","1.31347000"],["94289.97000000","0.00000000"],["94299.50000000","0.00400000"],["94346.98000000","0.00000000"],["94356.07000000","0.00000000"],["94931.41000000","0.00105000"],["95506.67000000","0.00100000"]],"b":[["94095.23000000","5.15590000"],["94095.22000000","0.70374000"],["94095.10000000","0.02012000"],["94095.07000000","0.00006000"],["94094.99000000","0.00006000"],["94094.71000000","0.00000000"],["94094.69000000","0.00000000"],["94094.68000000","0.01437000"],["94094.15000000","0.04242000"],["94094.00000000","0.04262000"],["94092.02000000","0.00000000"],["94092.01000000","0.15260000"],["94092.00000000","0.04256000"],["94091.97000000","0.00000000"],["94091.53000000","0.00000000"],["94091.46000000","0.00000000"],["94090.56000000","0.00632000"],["94090.54000000","0.00000000"],["94090.50000000","0.04256000"],["94090.22000000","0.32061000"],["94089.98000000","0.00000000"],["94089.36000000","0.00000000"],["94088.90000000","0.00000000"],["94087.88000000","0.00000000"],["94086.94000000","0.45148000"],["94086.19000000","0.21381000"],["94085.32000000","0.00000000"],["94084.66000000","0.00000000"],["94084.35000000","0.00000000"],["94083.70000000","0.01587000"],["94082.63000000","0.00000000"],["94081.57000000","0.00531000"],["94081.30000000","0.00000000"],["94081.04000000","0.00000000"],["94080.64000000","0.00000000"],["94079.54000000","1.00000000"],["94078.84000000","0.00000000"],["94073.47000000","0.00000000"],["94073.37000000","0.00000000"],["94071.86000000","0.00000000"],["94070.03000000","0.00000000"],["94068.72000000","0.00000000"],["94066.85000000","0.00000000"],["94066.05000000","0.00000000"],["94064.97000000","2.41998000"],["94063.85000000","2.00000000"],["94062.45000000","0.00000000"],["94049.01000000","0.00000000"],["94047.82000000","0.76532000"],["94040.02000000","0.00000000"],["94037.52000000","0.05000000"],["94035.82000000","0.00000000"],["94035.01000000","0.59433000"],["94033.31000000","0.00000000"],["94032.40000000","0.63741000"],["94028.76000000","0.53143000"],["94022.82000000","0.00000000"],["94021.60000000","0.03422000"],["94014.72000000","0.00000000"],["94003.29000000","0.02949000"],["93998.50000000","0.45270000"],["93976.28000000","0.71606000"],["93972.23000000","0.00000000"],["93969.34000000","0.00000000"],["93968.65000000","0.00000000"],["93963.10000000","0.03998000"],["93943.05000000","1.23512000"],["93942.93000000","0.00000000"],["93868.22000000","0.00553000"],["93849.20000000","0.00000000"],["92683.80000000","0.00000000"],["86557.89000000","0.00012000"],["84685.00000000","0.00000000"],["83581.91000000","0.00007000"],["83297.33000000","0.00007000"],["83012.75000000","0.00007000"],["79000.00000000","27.02727000"],["75276.19000000","0.00052000"],["60000.00000000","88.75209000"],["33000.00000000","2.70601000"]],"s":"BTCUSDT","e":"depthUpdate","E":1745777410014,"U":67663542714,"u":67663543051}
Received message: {"a":[["94095.24000000","3.17359000"],["94095.25000000","0.00790000"],["94096.00000000","0.00216000"],["94096.04000000","0.00012000"],["94096.05000000","0.09651000"],["94097.50000000","0.04250000"],["94098.40000000","0.04250000"],["94098.55000000","0.00000000"],["94099.97000000","0.00012000"],["94099.98000000","0.21381000"],["94099.99000000","0.24803000"],["94101.00000000","0.04250000"],["94102.50000000","0.00033000"],["94102.57000000","0.00010000"],["94103.19000000","0.31425000"],["94103.44000000","1.27542000"],["94103.45000000","1.71052000"],["94103.47000000","0.00000000"],["94103.72000000","0.00000000"],["94103.88000000","0.00000000"],["94103.99000000","0.00000000"],["94104.96000000","0.00764000"],["94105.00000000","0.70111000"],["94105.10000000","0.00000000"],["94105.22000000","0.00010000"],["94105.41000000","0.01355000"],["94105.80000000","0.00008000"],["94106.36000000","0.00000000"],["94107.96000000","0.00000000"],["94108.71000000","0.00000000"],["94108.72000000","0.00000000"],["94109.11000000","0.69551000"],["94109.72000000","0.00000000"],["94111.47000000","0.01587000"],["94113.25000000","0.00000000"],["94113.99000000","0.00000000"],["94114.44000000","1.00000000"],["94116.30000000","0.00541000"],["94116.54000000","0.00000000"],["94117.31000000","0.00000000"],["94119.94000000","0.00000000"],["94121.48000000","0.00000000"],["94121.49000000","0.00000000"],["94122.65000000","0.00000000"],["94122.98000000","0.00796000"],["94123.62000000","0.00000000"],["94126.89000000","0.00496000"],["94129.96000000","0.00000000"],["94131.51000000","0.11001000"],["94133.64000000","2.00000000"],["94136.72000000","0.04716000"],["94137.84000000","0.00000000"],["94137.89000000","0.00000000"],["94140.78000000","0.04243000"],["94144.64000000","0.00000000"],["94146.86000000","1.02206000"],["94154.31000000","0.00000000"],["94157.73000000","0.00000000"],["94162.47000000","0.00000000"],["94163.34000000","0.00000000"],["94166.91000000","0.00006000"],["94179.99000000","0.28552000"],["94186.50000000","0.00100000"],["94226.59000000","0.05797000"],["94238.93000000","1.31347000"],["94289.97000000","0.00000000"],["94299.50000000","0.00400000"],["94346.98000000","0.00000000"],["94356.07000000","0.00000000"],["94931.41000000","0.00105000"],["95506.67000000","0.00100000"]],"b":[["94095.23000000","5.15590000"],["94095.22000000","0.70374000"],["94095.10000000","0.02012000"],["94095.07000000","0.00006000"],["94094.99000000","0.00006000"],["94094.71000000","0.00000000"],["94094.69000000","0.00000000"],["94094.68000000","0.01437000"],["94094.15000000","0.04242000"],["94094.00000000","0.04262000"],["94092.02000000","0.00000000"],["94092.01000000","0.15260000"],["94092.00000000","0.04256000"],["94091.97000000","0.00000000"],["94091.53000000","0.00000000"],["94091.46000000","0.00000000"],["94090.56000000","0.00632000"],["94090.54000000","0.00000000"],["94090.50000000","0.04256000"],["94090.22000000","0.32061000"],["94089.98000000","0.00000000"],["94089.36000000","0.00000000"],["94088.90000000","0.00000000"],["94087.88000000","0.00000000"],["94086.94000000","0.45148000"],["94086.19000000","0.21381000"],["94085.32000000","0.00000000"],["94084.66000000","0.00000000"],["94084.35000000","0.00000000"],["94083.70000000","0.01587000"],["94082.63000000","0.00000000"],["94081.57000000","0.00531000"],["94081.30000000","0.00000000"],["94081.04000000","0.00000000"],["94080.64000000","0.00000000"],["94079.54000000","1.00000000"],["94078.84000000","0.00000000"],["94073.47000000","0.00000000"],["94073.37000000","0.00000000"],["94071.86000000","0.00000000"],["94070.03000000","0.00000000"],["94068.72000000","0.00000000"],["94066.85000000","0.00000000"],["94066.05000000","0.00000000"],["94064.97000000","2.41998000"],["94063.85000000","2.00000000"],["94062.45000000","0.00000000"],["94049.01000000","0.00000000"],["94047.82000000","0.76532000"],["94040.02000000","0.00000000"],["94037.52000000","0.05000000"],["94035.82000000","0.00000000"],["94035.01000000","0.59433000"],["94033.31000000","0.00000000"],["94032.40000000","0.63741000"],["94028.76000000","0.53143000"],["94022.82000000","0.00000000"],["94021.60000000","0.03422000"],["94014.72000000","0.00000000"],["94003.29000000","0.02949000"],["93998.50000000","0.45270000"],["93976.28000000","0.71606000"],["93972.23000000","0.00000000"],["93969.34000000","0.00000000"],["93968.65000000","0.00000000"],["93963.10000000","0.03998000"],["93943.05000000","1.23512000"],["93942.93000000","0.00000000"],["93868.22000000","0.00553000"],["93849.20000000","0.00000000"],["92683.80000000","0.00000000"],["86557.89000000","0.00012000"],["84685.00000000","0.00000000"],["83581.91000000","0.00007000"],["83297.33000000","0.00007000"],["83012.75000000","0.00007000"],["79000.00000000","27.02727000"],["75276.19000000","0.00052000"],["60000.00000000","88.75209000"],["33000.00000000","2.70601000"]],"s":"BTCUSDT","e":"depthUpdate","E":1745777410014,"U":67663542714,"u":67663543051}
Received message: {"p":"94095.24000000","a":3551019202,"q":"0.05331000","s":"BTCUSDT","T":1745777410110,"e":"aggTrade","E":1745777410111,"f":4855242526,"l":4855242526,"m":false,"M":true}
Received message: {"p":"94095.24000000","a":3551019202,"q":"0.05331000","s":"BTCUSDT","T":1745777410110,"e":"aggTrade","E":1745777410111,"f":4855242526,"l":4855242526,"m":false,"M":true}
Received message: {"p":"94095.23000000","a":3551019203,"q":"0.00253000","s":"BTCUSDT","T":1745777410466,"e":"aggTrade","E":1745777410467,"f":4855242527,"l":4855242527,"m":true,"M":true}
Received message: {"p":"94095.23000000","a":3551019203,"q":"0.00253000","s":"BTCUSDT","T":1745777410466,"e":"aggTrade","E":1745777410467,"f":4855242527,"l":4855242527,"m":true,"M":true}
Received message: {"p":"94095.24000000","a":3551019204,"q":"0.04492000","s":"BTCUSDT","T":1745777410485,"e":"aggTrade","E":1745777410485,"f":4855242528,"l":4855242529,"m":false,"M":true}
Received message: {"p":"94095.24000000","a":3551019204,"q":"0.04492000","s":"BTCUSDT","T":1745777410485,"e":"aggTrade","E":1745777410485,"f":4855242528,"l":4855242529,"m":false,"M":true}
Received message: {"p":"94095.23000000","a":3551019205,"q":"0.00029000","s":"BTCUSDT","T":1745777410612,"e":"aggTrade","E":1745777410613,"f":4855242530,"l":4855242530,"m":true,"M":true}
Received message: {"p":"94095.23000000","a":3551019205,"q":"0.00029000","s":"BTCUSDT","T":1745777410612,"e":"aggTrade","E":1745777410613,"f":4855242530,"l":4855242530,"m":true,"M":true}
Received message: {"p":"94095.23000000","a":3551019206,"q":"0.00009000","s":"BTCUSDT","T":1745777410829,"e":"aggTrade","E":1745777410829,"f":4855242531,"l":4855242531,"m":true,"M":true}
Received message: {"p":"94095.23000000","a":3551019206,"q":"0.00009000","s":"BTCUSDT","T":1745777410829,"e":"aggTrade","E":1745777410829,"f":4855242531,"l":4855242531,"m":true,"M":true}
Received message: {"a":[["94095.24000000","3.38473000"],["94095.25000000","0.00784000"],["94099.97000000","0.00000000"],["94099.98000000","0.00012000"],["94099.99000000","0.24809000"],["94103.18000000","0.00007000"],["94103.44000000","1.27523000"],["94107.60000000","0.01587000"],["94111.47000000","0.00000000"],["94113.34000000","0.00000000"],["94114.44000000","0.00000000"],["94114.84000000","0.00000000"],["94114.94000000","0.00000000"],["94115.79000000","0.00000000"],["94116.14000000","0.00000000"],["94116.24000000","0.00000000"],["94117.94000000","0.00000000"],["94118.19000000","1.00000000"],["94120.46000000","0.00000000"],["94120.98000000","0.00000000"],["94122.55000000","0.00000000"],["94126.89000000","0.00000000"],["94131.44000000","0.00000000"],["94132.63000000","0.00496000"],["94132.76000000","0.00000000"],["94133.64000000","0.00000000"],["94134.44000000","0.00000000"],["94134.64000000","0.00000000"],["94136.34000000","0.00000000"],["94137.04000000","0.00000000"],["94137.11000000","0.38708000"],["94137.24000000","0.00000000"],["94140.64000000","0.00000000"],["94141.14000000","2.00000000"],["94145.68000000","0.00000000"],["94146.72000000","0.00000000"],["94149.86000000","0.00000000"],["94152.73000000","0.00000000"],["94226.94000000","0.05797000"],["94240.62000000","0.01586000"],["94286.05000000","0.00000000"],["94286.83000000","0.00000000"],["94295.30000000","0.00400000"],["94296.66000000","0.00000000"],["94299.50000000","0.00000000"],["95506.67000000","0.00000000"]],"b":[["94095.23000000","4.16747000"],["94095.22000000","0.70350000"],["94095.10000000","0.02134000"],["94092.00000000","0.04256000"],["94091.55000000","0.09415000"],["94090.50000000","0.04250000"],["94086.75000000","0.01587000"],["94086.18000000","0.00000000"],["94085.28000000","0.00000000"],["94084.67000000","0.21381000"],["94084.66000000","0.05329000"],["94083.70000000","0.00000000"],["94083.49000000","1.00000000"],["94083.24000000","0.00000000"],["94081.44000000","0.00000000"],["94081.14000000","0.00000000"],["94081.09000000","0.00000000"],["94080.88000000","0.01800000"],["94080.24000000","0.00000000"],["94080.14000000","0.00000000"],["94079.54000000","0.00000000"],["94078.64000000","0.00006000"],["94076.58000000","0.06349000"],["94071.75000000","2.00000000"],["94071.25000000","0.00000000"],["94067.65000000","0.00000000"],["94067.05000000","0.00000000"],["94066.95000000","0.00000000"],["94066.78000000","0.00000000"],["94065.25000000","0.00000000"],["94065.05000000","0.00000000"],["94063.85000000","0.00000000"],["94063.76000000","0.00000000"],["94062.05000000","0.00000000"],["94060.19000000","0.00000000"],["94027.49000000","0.00510000"],["93896.39000000","0.00000000"],["93880.67000000","0.99302000"],["92854.33000000","0.00018000"],["92683.80000000","0.00100000"],["86557.89000000","0.00000000"],["84685.00000000","0.00000000"],["79000.00000000","27.02841000"],["75276.19000000","0.00052000"],["33874.28000000","0.00288000"],["33000.00000000","2.70601000"]],"s":"BTCUSDT","e":"depthUpdate","E":1745777411014,"U":67663543052,"u":67663543295}
Received message: {"a":[["94095.24000000","3.38473000"],["94095.25000000","0.00784000"],["94099.97000000","0.00000000"],["94099.98000000","0.00012000"],["94099.99000000","0.24809000"],["94103.18000000","0.00007000"],["94103.44000000","1.27523000"],["94107.60000000","0.01587000"],["94111.47000000","0.00000000"],["94113.34000000","0.00000000"],["94114.44000000","0.00000000"],["94114.84000000","0.00000000"],["94114.94000000","0.00000000"],["94115.79000000","0.00000000"],["94116.14000000","0.00000000"],["94116.24000000","0.00000000"],["94117.94000000","0.00000000"],["94118.19000000","1.00000000"],["94120.46000000","0.00000000"],["94120.98000000","0.00000000"],["94122.55000000","0.00000000"],["94126.89000000","0.00000000"],["94131.44000000","0.00000000"],["94132.63000000","0.00496000"],["94132.76000000","0.00000000"],["94133.64000000","0.00000000"],["94134.44000000","0.00000000"],["94134.64000000","0.00000000"],["94136.34000000","0.00000000"],["94137.04000000","0.00000000"],["94137.11000000","0.38708000"],["94137.24000000","0.00000000"],["94140.64000000","0.00000000"],["94141.14000000","2.00000000"],["94145.68000000","0.00000000"],["94146.72000000","0.00000000"],["94149.86000000","0.00000000"],["94152.73000000","0.00000000"],["94226.94000000","0.05797000"],["94240.62000000","0.01586000"],["94286.05000000","0.00000000"],["94286.83000000","0.00000000"],["94295.30000000","0.00400000"],["94296.66000000","0.00000000"],["94299.50000000","0.00000000"],["95506.67000000","0.00000000"]],"b":[["94095.23000000","4.16747000"],["94095.22000000","0.70350000"],["94095.10000000","0.02134000"],["94092.00000000","0.04256000"],["94091.55000000","0.09415000"],["94090.50000000","0.04250000"],["94086.75000000","0.01587000"],["94086.18000000","0.00000000"],["94085.28000000","0.00000000"],["94084.67000000","0.21381000"],["94084.66000000","0.05329000"],["94083.70000000","0.00000000"],["94083.49000000","1.00000000"],["94083.24000000","0.00000000"],["94081.44000000","0.00000000"],["94081.14000000","0.00000000"],["94081.09000000","0.00000000"],["94080.88000000","0.01800000"],["94080.24000000","0.00000000"],["94080.14000000","0.00000000"],["94079.54000000","0.00000000"],["94078.64000000","0.00006000"],["94076.58000000","0.06349000"],["94071.75000000","2.00000000"],["94071.25000000","0.00000000"],["94067.65000000","0.00000000"],["94067.05000000","0.00000000"],["94066.95000000","0.00000000"],["94066.78000000","0.00000000"],["94065.25000000","0.00000000"],["94065.05000000","0.00000000"],["94063.85000000","0.00000000"],["94063.76000000","0.00000000"],["94062.05000000","0.00000000"],["94060.19000000","0.00000000"],["94027.49000000","0.00510000"],["93896.39000000","0.00000000"],["93880.67000000","0.99302000"],["92854.33000000","0.00018000"],["92683.80000000","0.00100000"],["86557.89000000","0.00000000"],["84685.00000000","0.00000000"],["79000.00000000","27.02841000"],["75276.19000000","0.00052000"],["33874.28000000","0.00288000"],["33000.00000000","2.70601000"]],"s":"BTCUSDT","e":"depthUpdate","E":1745777411014,"U":67663543052,"u":67663543295}
Received message: {"p":"94095.24000000","a":3551019207,"q":"0.00022000","s":"BTCUSDT","T":1745777411327,"e":"aggTrade","E":1745777411328,"f":4855242532,"l":4855242532,"m":false,"M":true}
Received message: {"p":"94095.24000000","a":3551019207,"q":"0.00022000","s":"BTCUSDT","T":1745777411327,"e":"aggTrade","E":1745777411328,"f":4855242532,"l":4855242532,"m":false,"M":true}
Received message: {"p":"94095.24000000","a":3551019208,"q":"0.00015000","s":"BTCUSDT","T":1745777411415,"e":"aggTrade","E":1745777411416,"f":4855242533,"l":4855242533,"m":false,"M":true}
Received message: {"p":"94095.24000000","a":3551019208,"q":"0.00015000","s":"BTCUSDT","T":1745777411415,"e":"aggTrade","E":1745777411416,"f":4855242533,"l":4855242533,"m":false,"M":true}
Received message: {"p":"94095.24000000","a":3551019209,"q":"0.00020000","s":"BTCUSDT","T":1745777411422,"e":"aggTrade","E":1745777411422,"f":4855242534,"l":4855242534,"m":false,"M":true}
Received message: {"p":"94095.24000000","a":3551019209,"q":"0.00020000","s":"BTCUSDT","T":1745777411422,"e":"aggTrade","E":1745777411422,"f":4855242534,"l":4855242534,"m":false,"M":true}
Received message: {"p":"94095.23000000","a":3551019210,"q":"0.00160000","s":"BTCUSDT","T":1745777411448,"e":"aggTrade","E":1745777411449,"f":4855242535,"l":4855242535,"m":true,"M":true}
Received message: {"p":"94095.23000000","a":3551019210,"q":"0.00160000","s":"BTCUSDT","T":1745777411448,"e":"aggTrade","E":1745777411449,"f":4855242535,"l":4855242535,"m":true,"M":true}
Received message: {"a":[["94095.24000000","3.64489000"],["94095.25000000","0.00754000"],["94095.42000000","0.00013000"],["94095.85000000","0.00013000"],["94096.00000000","0.00210000"],["94099.99000000","0.53459000"],["94101.80000000","0.70114000"],["94103.32000000","0.00010000"],["94103.63000000","0.00000000"],["94105.00000000","0.00000000"],["94105.22000000","0.00000000"],["94113.09000000","1.00000000"],["94115.59000000","0.00000000"],["94118.19000000","0.00000000"],["94126.99000000","1.09577000"],["94128.28000000","0.87805000"],["94130.94000000","2.79715000"],["94132.23000000","0.00000000"],["94132.46000000","0.00496000"],["94132.63000000","0.00000000"],["94135.94000000","0.00000000"],["94137.11000000","0.00000000"],["94141.14000000","0.00000000"],["94150.20000000","0.00000000"],["94157.30000000","0.53264000"],["94287.53000000","0.00400000"],["94295.30000000","0.00000000"],["94438.48000000","0.29135000"],["94447.88000000","0.29141000"],["94457.28000000","0.29135000"],["94466.68000000","0.29135000"],["94476.08000000","0.29135000"],["94485.48000000","0.29158000"],["95506.67000000","0.00100000"]],"b":[["94095.23000000","4.00137000"],["94091.55000000","0.09592000"],["94085.31000000","0.00000000"],["94083.49000000","0.00000000"],["94080.89000000","0.00000000"],["94078.39000000","1.00000000"],["94073.89000000","0.00000000"],["94071.75000000","0.00000000"],["94069.49000000","0.03456000"],["94066.55000000","0.00000000"],["94062.27000000","0.16491000"],["94062.19000000","0.29135000"],["94061.55000000","2.00000000"],["94060.92000000","0.00000000"],["94060.74000000","0.15900000"],["94052.79000000","0.29135000"],["94043.39000000","0.29135000"],["94042.45000000","0.76536000"],["94033.99000000","0.29135000"],["94032.40000000","0.00000000"],["94031.09000000","0.91728000"],["94029.20000000","0.63742000"],["94024.59000000","0.29135000"],["94015.19000000","0.29135000"],["93990.62000000","0.05797000"],["93989.90000000","0.00000000"],["93761.39000000","0.19407000"],["93760.19000000","0.00000000"],["93759.96000000","0.00000000"],["93750.79000000","0.00000000"],["93742.99000000","0.00000000"],["93736.09000000","0.00000000"],["93097.40000000","0.00026000"],["92683.80000000","0.00000000"],["88032.54000000","0.00166000"],["84685.00000000","0.00000000"],["79000.00000000","27.02843000"],["75276.19000000","0.00052000"],["33000.00000000","2.70601000"]],"s":"BTCUSDT","e":"depthUpdate","E":1745777412014,"U":67663543296,"u":67663543420}
Received message: {"a":[["94095.24000000","3.64489000"],["94095.25000000","0.00754000"],["94095.42000000","0.00013000"],["94095.85000000","0.00013000"],["94096.00000000","0.00210000"],["94099.99000000","0.53459000"],["94101.80000000","0.70114000"],["94103.32000000","0.00010000"],["94103.63000000","0.00000000"],["94105.00000000","0.00000000"],["94105.22000000","0.00000000"],["94113.09000000","1.00000000"],["94115.59000000","0.00000000"],["94118.19000000","0.00000000"],["94126.99000000","1.09577000"],["94128.28000000","0.87805000"],["94130.94000000","2.79715000"],["94132.23000000","0.00000000"],["94132.46000000","0.00496000"],["94132.63000000","0.00000000"],["94135.94000000","0.00000000"],["94137.11000000","0.00000000"],["94141.14000000","0.00000000"],["94150.20000000","0.00000000"],["94157.30000000","0.53264000"],["94287.53000000","0.00400000"],["94295.30000000","0.00000000"],["94438.48000000","0.29135000"],["94447.88000000","0.29141000"],["94457.28000000","0.29135000"],["94466.68000000","0.29135000"],["94476.08000000","0.29135000"],["94485.48000000","0.29158000"],["95506.67000000","0.00100000"]],"b":[["94095.23000000","4.00137000"],["94091.55000000","0.09592000"],["94085.31000000","0.00000000"],["94083.49000000","0.00000000"],["94080.89000000","0.00000000"],["94078.39000000","1.00000000"],["94073.89000000","0.00000000"],["94071.75000000","0.00000000"],["94069.49000000","0.03456000"],["94066.55000000","0.00000000"],["94062.27000000","0.16491000"],["94062.19000000","0.29135000"],["94061.55000000","2.00000000"],["94060.92000000","0.00000000"],["94060.74000000","0.15900000"],["94052.79000000","0.29135000"],["94043.39000000","0.29135000"],["94042.45000000","0.76536000"],["94033.99000000","0.29135000"],["94032.40000000","0.00000000"],["94031.09000000","0.91728000"],["94029.20000000","0.63742000"],["94024.59000000","0.29135000"],["94015.19000000","0.29135000"],["93990.62000000","0.05797000"],["93989.90000000","0.00000000"],["93761.39000000","0.19407000"],["93760.19000000","0.00000000"],["93759.96000000","0.00000000"],["93750.79000000","0.00000000"],["93742.99000000","0.00000000"],["93736.09000000","0.00000000"],["93097.40000000","0.00026000"],["92683.80000000","0.00000000"],["88032.54000000","0.00166000"],["84685.00000000","0.00000000"],["79000.00000000","27.02843000"],["75276.19000000","0.00052000"],["33000.00000000","2.70601000"]],"s":"BTCUSDT","e":"depthUpdate","E":1745777412014,"U":67663543296,"u":67663543420}
Received message: {"p":"94095.23000000","a":3551019211,"q":"0.00093000","s":"BTCUSDT","T":1745777412159,"e":"aggTrade","E":1745777412159,"f":4855242536,"l":4855242536,"m":true,"M":true}
Received message: {"p":"94095.23000000","a":3551019211,"q":"0.00093000","s":"BTCUSDT","T":1745777412159,"e":"aggTrade","E":1745777412159,"f":4855242536,"l":4855242536,"m":true,"M":true}
Received message: {"p":"94095.24000000","a":3551019212,"q":"0.00009000","s":"BTCUSDT","T":1745777412856,"e":"aggTrade","E":1745777412856,"f":4855242537,"l":4855242537,"m":false,"M":true}
Received message: {"p":"94095.24000000","a":3551019212,"q":"0.00009000","s":"BTCUSDT","T":1745777412856,"e":"aggTrade","E":1745777412856,"f":4855242537,"l":4855242537,"m":false,"M":true}
Received message: {"p":"94095.24000000","a":3551019213,"q":"0.00630000","s":"BTCUSDT","T":1745777412861,"e":"aggTrade","E":1745777412862,"f":4855242538,"l":4855242538,"m":false,"M":true}
Received message: {"p":"94095.24000000","a":3551019213,"q":"0.00630000","s":"BTCUSDT","T":1745777412861,"e":"aggTrade","E":1745777412862,"f":4855242538,"l":4855242538,"m":false,"M":true}
Received message: {"p":"94095.23000000","a":3551019214,"q":"0.00065000","s":"BTCUSDT","T":1745777412969,"e":"aggTrade","E":1745777412969,"f":4855242539,"l":4855242539,"m":true,"M":true}
Received message: {"p":"94095.23000000","a":3551019214,"q":"0.00065000","s":"BTCUSDT","T":1745777412969,"e":"aggTrade","E":1745777412969,"f":4855242539,"l":4855242539,"m":true,"M":true}
Received message: {"a":[["94095.24000000","5.36495000"],["94095.25000000","0.00664000"],["94095.30000000","0.00006000"],["94095.38000000","0.00016000"],["94095.42000000","0.00013000"],["94095.49000000","0.00006000"],["94095.50000000","0.00006000"],["94095.85000000","0.00007000"],["94095.90000000","0.00000000"],["94095.99000000","0.00110000"],["94096.05000000","0.29925000"],["94096.06000000","0.22934000"],["94096.07000000","0.70124000"],["94096.86000000","0.00000000"],["94096.88000000","0.00000000"],["94096.89000000","0.00000000"],["94097.50000000","0.04256000"],["94097.69000000","0.00000000"],["94098.73000000","0.01589000"],["94099.14000000","0.01587000"],["94099.34000000","0.00000000"],["94099.72000000","0.08015000"],["94099.94000000","0.00526000"],["94099.97000000","0.00000000"],["94099.98000000","0.21381000"],["94099.99000000","0.35626000"],["94101.62000000","0.00000000"],["94101.80000000","0.00000000"],["94101.94000000","0.00000000"],["94103.19000000","0.00000000"],["94103.26000000","0.00000000"],["94103.32000000","0.00000000"],["94103.41000000","0.00000000"],["94103.65000000","0.00000000"],["94104.36000000","0.00000000"],["94104.82000000","0.31886000"],["94105.23000000","0.00000000"],["94105.35000000","0.43755000"],["94105.53000000","0.00000000"],["94106.36000000","0.00531000"],["94107.00000000","0.04000000"],["94107.34000000","0.02295000"],["94107.60000000","0.00000000"],["94107.99000000","0.00000000"],["94108.23000000","0.00000000"],["94108.41000000","0.00000000"],["94109.06000000","0.00013000"],["94109.07000000","0.08015000"],["94109.08000000","0.00000000"],["94109.09000000","1.73546000"],["94109.11000000","0.21381000"],["94109.33000000","0.04800000"],["94109.89000000","0.00000000"],["94109.92000000","0.00000000"],["94109.93000000","0.00000000"],["94110.03000000","0.00000000"],["94110.40000000","0.99735000"],["94111.14000000","0.04000000"],["94111.53000000","0.00000000"],["94111.59000000","0.00000000"],["94112.05000000","0.00000000"],["94112.07000000","1.00000000"],["94112.56000000","0.00106000"],["94112.81000000","0.06349000"],["94113.04000000","1.57732000"],["94113.09000000","0.00000000"],["94113.48000000","0.00000000"],["94113.61000000","0.00000000"],["94113.62000000","0.00000000"],["94114.64000000","0.00000000"],["94115.22000000","0.00000000"],["94115.66000000","0.00000000"],["94115.69000000","0.00531000"],["94115.82000000","0.00000000"],["94116.30000000","0.00010000"],["94117.91000000","0.00000000"],["94119.47000000","0.04716000"],["94119.88000000","0.00000000"],["94120.74000000","0.00000000"],["94121.20000000","0.00000000"],["94121.22000000","0.00000000"],["94123.17000000","0.00000000"],["94123.42000000","0.00000000"],["94123.54000000","0.00000000"],["94123.63000000","0.00000000"],["94124.18000000","0.04243000"],["94124.54000000","0.00000000"],["94124.62000000","0.00000000"],["94124.77000000","0.79715000"],["94124.82000000","0.00000000"],["94125.43000000","0.08015000"],["94125.69000000","0.11017000"],["94127.82000000","0.00000000"],["94127.94000000","0.00000000"],["94128.86000000","0.00000000"],["94128.90000000","2.00000000"],["94129.99000000","0.00000000"],["94130.76000000","1.60418000"],["94130.94000000","0.79715000"],["94131.43000000","0.76464000"],["94131.51000000","0.00000000"],["94132.00000000","0.00235000"],["94132.57000000","0.06852000"],["94136.72000000","0.00000000"],["94137.91000000","0.76459000"],["94138.18000000","0.44616000"],["94140.15000000","0.98044000"],["94140.78000000","0.00000000"],["94142.30000000","0.00000000"],["94142.61000000","0.31886000"],["94144.57000000","0.52546000"],["94146.86000000","0.00000000"],["94146.87000000","0.00000000"],["94148.06000000","0.10477000"],["94148.39000000","0.00000000"],["94150.73000000","0.00000000"],["94151.73000000","0.00000000"],["94154.75000000","0.00000000"],["94155.02000000","0.00000000"],["94156.07000000","0.00000000"],["94157.30000000","0.00000000"],["94157.39000000","0.00000000"],["94159.20000000","0.42514000"],["94160.73000000","0.00000000"],["94160.74000000","0.00000000"],["94162.02000000","0.00011000"],["94164.34000000","0.00000000"],["94170.96000000","0.00000000"],["94231.19000000","0.00000000"],["94233.20000000","0.00400000"],["94243.22000000","0.00035000"],["94245.31000000","0.00000000"],["94282.17000000","0.00000000"],["94287.53000000","0.00000000"],["94289.13000000","0.00000000"],["94310.63000000","6.44278000"],["95506.67000000","0.00000000"]],"b":[["94095.23000000","1.08126000"],["94095.22000000","0.00138000"],["94095.21000000","0.00018000"],["94095.13000000","0.00006000"],["94095.11000000","0.00018000"],["94095.10000000","0.02140000"],["94095.08000000","0.00066000"],["94095.07000000","0.00000000"],["94094.99000000","0.00000000"],["94094.69000000","0.00000000"],["94094.68000000","0.00063000"],["94094.60000000","0.00012000"],["94094.59000000","0.04006000"],["94094.55000000","0.12085000"],["94094.54000000","0.00000000"],["94094.53000000","0.00000000"],["94094.16000000","0.00000000"],["94094.15000000","0.00000000"],["94094.00000000","0.00000000"],["94093.90000000","0.00000000"],["94093.89000000","0.00000000"],["94093.85000000","0.00000000"],["94093.40000000","0.00000000"],["94093.36000000","0.00012000"],["94093.35000000","0.00000000"],["94093.00000000","0.00155000"],["94092.90000000","0.00000000"],["94092.52000000","0.00000000"],["94092.20000000","0.00000000"],["94092.16000000","0.00010000"],["94092.01000000","0.00000000"],["94092.00000000","0.00000000"],["94091.85000000","0.01361000"],["94091.56000000","0.00012000"],["94091.55000000","0.09592000"],["94091.34000000","0.00000000"],["94091.27000000","0.04210000"],["94091.04000000","0.00000000"],["94091.02000000","0.00006000"],["94090.90000000","0.70128000"],["94090.50000000","0.04256000"],["94090.49000000","0.08000000"],["94090.34000000","0.00000000"],["94090.22000000","0.00000000"],["94089.25000000","0.00010000"],["94088.94000000","0.01355000"],["94088.64000000","0.00000000"],["94088.14000000","0.00000000"],["94087.21000000","0.00000000"],["94087.20000000","0.00000000"],["94087.14000000","0.00000000"],["94087.13000000","0.00000000"],["94087.00000000","0.04250000"],["94086.96000000","0.00000000"],["94086.94000000","0.00000000"],["94086.75000000","0.00000000"],["94086.44000000","0.04000000"],["94086.19000000","0.00000000"],["94085.84000000","0.00000000"],["94085.61000000","0.18026000"],["94085.54000000","0.00000000"],["94084.67000000","0.00000000"],["94084.66000000","0.05329000"],["94084.65000000","0.50241000"],["94084.55000000","0.00092000"],["94084.48000000","0.00000000"],["94084.38000000","0.00095000"],["94084.36000000","0.00000000"],["94084.18000000","0.00091000"],["94084.08000000","0.00418000"],["94083.76000000","0.00000000"],["94083.44000000","0.00000000"],["94083.43000000","0.00000000"],["94082.50000000","0.00000000"],["94082.45000000","0.00000000"],["94082.44000000","0.00000000"],["94081.95000000","0.21394000"],["94081.94000000","0.16000000"],["94081.91000000","0.32011000"],["94081.74000000","0.00000000"],["94081.57000000","0.00000000"],["94080.59000000","0.00000000"],["94079.65000000","0.00000000"],["94079.55000000","0.74046000"],["94078.94000000","0.00000000"],["94078.39000000","0.00000000"],["94078.21000000","0.00000000"],["94077.96000000","0.00000000"],["94077.41000000","0.21381000"],["94076.89000000","0.00000000"],["94076.83000000","0.00000000"],["94076.58000000","0.00000000"],["94076.02000000","0.00000000"],["94075.77000000","0.00000000"],["94075.69000000","0.00000000"],["94075.49000000","0.00000000"],["94075.33000000","0.00000000"],["94075.23000000","0.00000000"],["94075.22000000","0.00000000"],["94075.19000000","0.00000000"],["94075.10000000","0.00000000"],["94075.05000000","0.21381000"],["94074.89000000","0.00000000"],["94074.84000000","0.36687000"],["94073.53000000","1.00000000"],["94073.29000000","0.00000000"],["94072.81000000","0.00212000"],["94072.23000000","0.00000000"],["94072.21000000","0.00000000"],["94071.45000000","0.00000000"],["94071.22000000","0.05760000"],["94070.55000000","0.00000000"],["94070.53000000","0.00300000"],["94070.43000000","0.00000000"],["94070.17000000","0.00496000"],["94070.13000000","0.00000000"],["94069.56000000","1.71052000"],["94069.55000000","1.47683000"],["94069.54000000","0.00000000"],["94068.84000000","0.79715000"],["94068.69000000","0.00000000"],["94068.54000000","0.31886000"],["94068.42000000","0.00000000"],["94068.08000000","0.06349000"],["94067.77000000","0.00000000"],["94066.99000000","0.10306000"],["94066.74000000","0.00000000"],["94066.41000000","0.00531000"],["94064.97000000","1.47426000"],["94064.61000000","0.00000000"],["94064.45000000","0.00000000"],["94062.28000000","0.10994000"],["94062.27000000","0.00000000"],["94061.98000000","0.00000000"],["94061.87000000","1.71052000"],["94061.55000000","0.00000000"],["94060.74000000","0.00000000"],["94059.13000000","0.00000000"],["94058.55000000","0.00000000"],["94058.43000000","0.00000000"],["94055.80000000","0.00000000"],["94055.74000000","0.00000000"],["94055.43000000","0.00000000"],["94055.23000000","0.00000000"],["94055.15000000","0.00000000"],["94054.88000000","0.76526000"],["94053.89000000","0.00000000"],["94053.87000000","0.00000000"],["94051.83000000","2.00000000"],["94051.35000000","0.00000000"],["94049.23000000","0.00000000"],["94048.74000000","0.44875000"],["94048.16000000","0.02973000"],["94047.99000000","1.03644000"],["94047.87000000","0.00000000"],["94047.82000000","0.00000000"],["94046.85000000","0.00000000"],["94046.66000000","0.10560000"],["94046.10000000","0.00000000"],["94045.83000000","0.00000000"],["94045.63000000","0.00000000"],["94045.53000000","0.05697000"],["94045.03000000","0.00000000"],["94042.18000000","0.00000000"],["94042.15000000","0.00000000"],["94040.82000000","0.79715000"],["94039.59000000","0.00054000"],["94039.01000000","0.00000000"],["94035.84000000","0.94824000"],["94035.83000000","0.76542000"],["94035.01000000","0.00000000"],["94033.49000000","0.00000000"],["94031.70000000","0.00000000"],["94030.90000000","0.31886000"],["94029.61000000","0.00000000"],["94029.20000000","0.00000000"],["94029.08000000","0.07128000"],["94028.57000000","0.00265000"],["94028.56000000","0.00766000"],["94026.66000000","0.63746000"],["94025.23000000","1.52452000"],["94023.65000000","0.00000000"],["94022.86000000","1.99512000"],["94021.60000000","0.00000000"],["94020.01000000","0.00000000"],["94017.54000000","0.00000000"],["94008.79000000","0.00000000"],["94004.91000000","0.03422000"],["94004.05000000","0.07212000"],["94003.29000000","0.00000000"],["93999.69000000","0.05760000"],["93996.01000000","0.04144000"],["93994.01000000","0.18237000"],["93991.48000000","0.09984000"],["93989.81000000","0.00000000"],["93989.55000000","0.00000000"],["93976.29000000","0.16492000"],["93976.18000000","0.05497000"],["93974.93000000","0.05737000"],["93974.47000000","0.05497000"],["93972.03000000","0.05497000"],["93968.41000000","0.05497000"],["93967.09000000","0.11194000"],["93962.92000000","0.05497000"],["93962.87000000","0.11499000"],["93961.94000000","0.11499000"],["93894.92000000","6.50705000"],["93876.95000000","0.00000000"],["93549.48000000","0.00000000"],["93543.72000000","0.00000000"],["92683.80000000","0.00100000"],["92646.95000000","0.04105000"],["92577.49000000","0.00000000"],["92529.99000000","0.02106000"],["88032.54000000","0.00000000"],["84685.00000000","0.00000000"],["75276.19000000","0.00052000"],["33000.00000000","2.70601000"]],"s":"BTCUSDT","e":"depthUpdate","E":1745777413014,"U":67663543421,"u":67663544231}
Received message: {"a":[["94095.24000000","5.36495000"],["94095.25000000","0.00664000"],["94095.30000000","0.00006000"],["94095.38000000","0.00016000"],["94095.42000000","0.00013000"],["94095.49000000","0.00006000"],["94095.50000000","0.00006000"],["94095.85000000","0.00007000"],["94095.90000000","0.00000000"],["94095.99000000","0.00110000"],["94096.05000000","0.29925000"],["94096.06000000","0.22934000"],["94096.07000000","0.70124000"],["94096.86000000","0.00000000"],["94096.88000000","0.00000000"],["94096.89000000","0.00000000"],["94097.50000000","0.04256000"],["94097.69000000","0.00000000"],["94098.73000000","0.01589000"],["94099.14000000","0.01587000"],["94099.34000000","0.00000000"],["94099.72000000","0.08015000"],["94099.94000000","0.00526000"],["94099.97000000","0.00000000"],["94099.98000000","0.21381000"],["94099.99000000","0.35626000"],["94101.62000000","0.00000000"],["94101.80000000","0.00000000"],["94101.94000000","0.00000000"],["94103.19000000","0.00000000"],["94103.26000000","0.00000000"],["94103.32000000","0.00000000"],["94103.41000000","0.00000000"],["94103.65000000","0.00000000"],["94104.36000000","0.00000000"],["94104.82000000","0.31886000"],["94105.23000000","0.00000000"],["94105.35000000","0.43755000"],["94105.53000000","0.00000000"],["94106.36000000","0.00531000"],["94107.00000000","0.04000000"],["94107.34000000","0.02295000"],["94107.60000000","0.00000000"],["94107.99000000","0.00000000"],["94108.23000000","0.00000000"],["94108.41000000","0.00000000"],["94109.06000000","0.00013000"],["94109.07000000","0.08015000"],["94109.08000000","0.00000000"],["94109.09000000","1.73546000"],["94109.11000000","0.21381000"],["94109.33000000","0.04800000"],["94109.89000000","0.00000000"],["94109.92000000","0.00000000"],["94109.93000000","0.00000000"],["94110.03000000","0.00000000"],["94110.40000000","0.99735000"],["94111.14000000","0.04000000"],["94111.53000000","0.00000000"],["94111.59000000","0.00000000"],["94112.05000000","0.00000000"],["94112.07000000","1.00000000"],["94112.56000000","0.00106000"],["94112.81000000","0.06349000"],["94113.04000000","1.57732000"],["94113.09000000","0.00000000"],["94113.48000000","0.00000000"],["94113.61000000","0.00000000"],["94113.62000000","0.00000000"],["94114.64000000","0.00000000"],["94115.22000000","0.00000000"],["94115.66000000","0.00000000"],["94115.69000000","0.00531000"],["94115.82000000","0.00000000"],["94116.30000000","0.00010000"],["94117.91000000","0.00000000"],["94119.47000000","0.04716000"],["94119.88000000","0.00000000"],["94120.74000000","0.00000000"],["94121.20000000","0.00000000"],["94121.22000000","0.00000000"],["94123.17000000","0.00000000"],["94123.42000000","0.00000000"],["94123.54000000","0.00000000"],["94123.63000000","0.00000000"],["94124.18000000","0.04243000"],["94124.54000000","0.00000000"],["94124.62000000","0.00000000"],["94124.77000000","0.79715000"],["94124.82000000","0.00000000"],["94125.43000000","0.08015000"],["94125.69000000","0.11017000"],["94127.82000000","0.00000000"],["94127.94000000","0.00000000"],["94128.86000000","0.00000000"],["94128.90000000","2.00000000"],["94129.99000000","0.00000000"],["94130.76000000","1.60418000"],["94130.94000000","0.79715000"],["94131.43000000","0.76464000"],["94131.51000000","0.00000000"],["94132.00000000","0.00235000"],["94132.57000000","0.06852000"],["94136.72000000","0.00000000"],["94137.91000000","0.76459000"],["94138.18000000","0.44616000"],["94140.15000000","0.98044000"],["94140.78000000","0.00000000"],["94142.30000000","0.00000000"],["94142.61000000","0.31886000"],["94144.57000000","0.52546000"],["94146.86000000","0.00000000"],["94146.87000000","0.00000000"],["94148.06000000","0.10477000"],["94148.39000000","0.00000000"],["94150.73000000","0.00000000"],["94151.73000000","0.00000000"],["94154.75000000","0.00000000"],["94155.02000000","0.00000000"],["94156.07000000","0.00000000"],["94157.30000000","0.00000000"],["94157.39000000","0.00000000"],["94159.20000000","0.42514000"],["94160.73000000","0.00000000"],["94160.74000000","0.00000000"],["94162.02000000","0.00011000"],["94164.34000000","0.00000000"],["94170.96000000","0.00000000"],["94231.19000000","0.00000000"],["94233.20000000","0.00400000"],["94243.22000000","0.00035000"],["94245.31000000","0.00000000"],["94282.17000000","0.00000000"],["94287.53000000","0.00000000"],["94289.13000000","0.00000000"],["94310.63000000","6.44278000"],["95506.67000000","0.00000000"]],"b":[["94095.23000000","1.08126000"],["94095.22000000","0.00138000"],["94095.21000000","0.00018000"],["94095.13000000","0.00006000"],["94095.11000000","0.00018000"],["94095.10000000","0.02140000"],["94095.08000000","0.00066000"],["94095.07000000","0.00000000"],["94094.99000000","0.00000000"],["94094.69000000","0.00000000"],["94094.68000000","0.00063000"],["94094.60000000","0.00012000"],["94094.59000000","0.04006000"],["94094.55000000","0.12085000"],["94094.54000000","0.00000000"],["94094.53000000","0.00000000"],["94094.16000000","0.00000000"],["94094.15000000","0.00000000"],["94094.00000000","0.00000000"],["94093.90000000","0.00000000"],["94093.89000000","0.00000000"],["94093.85000000","0.00000000"],["94093.40000000","0.00000000"],["94093.36000000","0.00012000"],["94093.35000000","0.00000000"],["94093.00000000","0.00155000"],["94092.90000000","0.00000000"],["94092.52000000","0.00000000"],["94092.20000000","0.00000000"],["94092.16000000","0.00010000"],["94092.01000000","0.00000000"],["94092.00000000","0.00000000"],["94091.85000000","0.01361000"],["94091.56000000","0.00012000"],["94091.55000000","0.09592000"],["94091.34000000","0.00000000"],["94091.27000000","0.04210000"],["94091.04000000","0.00000000"],["94091.02000000","0.00006000"],["94090.90000000","0.70128000"],["94090.50000000","0.04256000"],["94090.49000000","0.08000000"],["94090.34000000","0.00000000"],["94090.22000000","0.00000000"],["94089.25000000","0.00010000"],["94088.94000000","0.01355000"],["94088.64000000","0.00000000"],["94088.14000000","0.00000000"],["94087.21000000","0.00000000"],["94087.20000000","0.00000000"],["94087.14000000","0.00000000"],["94087.13000000","0.00000000"],["94087.00000000","0.04250000"],["94086.96000000","0.00000000"],["94086.94000000","0.00000000"],["94086.75000000","0.00000000"],["94086.44000000","0.04000000"],["94086.19000000","0.00000000"],["94085.84000000","0.00000000"],["94085.61000000","0.18026000"],["94085.54000000","0.00000000"],["94084.67000000","0.00000000"],["94084.66000000","0.05329000"],["94084.65000000","0.50241000"],["94084.55000000","0.00092000"],["94084.48000000","0.00000000"],["94084.38000000","0.00095000"],["94084.36000000","0.00000000"],["94084.18000000","0.00091000"],["94084.08000000","0.00418000"],["94083.76000000","0.00000000"],["94083.44000000","0.00000000"],["94083.43000000","0.00000000"],["94082.50000000","0.00000000"],["94082.45000000","0.00000000"],["94082.44000000","0.00000000"],["94081.95000000","0.21394000"],["94081.94000000","0.16000000"],["94081.91000000","0.32011000"],["94081.74000000","0.00000000"],["94081.57000000","0.00000000"],["94080.59000000","0.00000000"],["94079.65000000","0.00000000"],["94079.55000000","0.74046000"],["94078.94000000","0.00000000"],["94078.39000000","0.00000000"],["94078.21000000","0.00000000"],["94077.96000000","0.00000000"],["94077.41000000","0.21381000"],["94076.89000000","0.00000000"],["94076.83000000","0.00000000"],["94076.58000000","0.00000000"],["94076.02000000","0.00000000"],["94075.77000000","0.00000000"],["94075.69000000","0.00000000"],["94075.49000000","0.00000000"],["94075.33000000","0.00000000"],["94075.23000000","0.00000000"],["94075.22000000","0.00000000"],["94075.19000000","0.00000000"],["94075.10000000","0.00000000"],["94075.05000000","0.21381000"],["94074.89000000","0.00000000"],["94074.84000000","0.36687000"],["94073.53000000","1.00000000"],["94073.29000000","0.00000000"],["94072.81000000","0.00212000"],["94072.23000000","0.00000000"],["94072.21000000","0.00000000"],["94071.45000000","0.00000000"],["94071.22000000","0.05760000"],["94070.55000000","0.00000000"],["94070.53000000","0.00300000"],["94070.43000000","0.00000000"],["94070.17000000","0.00496000"],["94070.13000000","0.00000000"],["94069.56000000","1.71052000"],["94069.55000000","1.47683000"],["94069.54000000","0.00000000"],["94068.84000000","0.79715000"],["94068.69000000","0.00000000"],["94068.54000000","0.31886000"],["94068.42000000","0.00000000"],["94068.08000000","0.06349000"],["94067.77000000","0.00000000"],["94066.99000000","0.10306000"],["94066.74000000","0.00000000"],["94066.41000000","0.00531000"],["94064.97000000","1.47426000"],["94064.61000000","0.00000000"],["94064.45000000","0.00000000"],["94062.28000000","0.10994000"],["94062.27000000","0.00000000"],["94061.98000000","0.00000000"],["94061.87000000","1.71052000"],["94061.55000000","0.00000000"],["94060.74000000","0.00000000"],["94059.13000000","0.00000000"],["94058.55000000","0.00000000"],["94058.43000000","0.00000000"],["94055.80000000","0.00000000"],["94055.74000000","0.00000000"],["94055.43000000","0.00000000"],["94055.23000000","0.00000000"],["94055.15000000","0.00000000"],["94054.88000000","0.76526000"],["94053.89000000","0.00000000"],["94053.87000000","0.00000000"],["94051.83000000","2.00000000"],["94051.35000000","0.00000000"],["94049.23000000","0.00000000"],["94048.74000000","0.44875000"],["94048.16000000","0.02973000"],["94047.99000000","1.03644000"],["94047.87000000","0.00000000"],["94047.82000000","0.00000000"],["94046.85000000","0.00000000"],["94046.66000000","0.10560000"],["94046.10000000","0.00000000"],["94045.83000000","0.00000000"],["94045.63000000","0.00000000"],["94045.53000000","0.05697000"],["94045.03000000","0.00000000"],["94042.18000000","0.00000000"],["94042.15000000","0.00000000"],["94040.82000000","0.79715000"],["94039.59000000","0.00054000"],["94039.01000000","0.00000000"],["94035.84000000","0.94824000"],["94035.83000000","0.76542000"],["94035.01000000","0.00000000"],["94033.49000000","0.00000000"],["94031.70000000","0.00000000"],["94030.90000000","0.31886000"],["94029.61000000","0.00000000"],["94029.20000000","0.00000000"],["94029.08000000","0.07128000"],["94028.57000000","0.00265000"],["94028.56000000","0.00766000"],["94026.66000000","0.63746000"],["94025.23000000","1.52452000"],["94023.65000000","0.00000000"],["94022.86000000","1.99512000"],["94021.60000000","0.00000000"],["94020.01000000","0.00000000"],["94017.54000000","0.00000000"],["94008.79000000","0.00000000"],["94004.91000000","0.03422000"],["94004.05000000","0.07212000"],["94003.29000000","0.00000000"],["93999.69000000","0.05760000"],["93996.01000000","0.04144000"],["93994.01000000","0.18237000"],["93991.48000000","0.09984000"],["93989.81000000","0.00000000"],["93989.55000000","0.00000000"],["93976.29000000","0.16492000"],["93976.18000000","0.05497000"],["93974.93000000","0.05737000"],["93974.47000000","0.05497000"],["93972.03000000","0.05497000"],["93968.41000000","0.05497000"],["93967.09000000","0.11194000"],["93962.92000000","0.05497000"],["93962.87000000","0.11499000"],["93961.94000000","0.11499000"],["93894.92000000","6.50705000"],["93876.95000000","0.00000000"],["93549.48000000","0.00000000"],["93543.72000000","0.00000000"],["92683.80000000","0.00100000"],["92646.95000000","0.04105000"],["92577.49000000","0.00000000"],["92529.99000000","0.02106000"],["88032.54000000","0.00000000"],["84685.00000000","0.00000000"],["75276.19000000","0.00052000"],["33000.00000000","2.70601000"]],"s":"BTCUSDT","e":"depthUpdate","E":1745777413014,"U":67663543421,"u":67663544231}
Received message: {"p":"94095.24000000","a":3551019215,"q":"0.02125000","s":"BTCUSDT","T":1745777413405,"e":"aggTrade","E":1745777413406,"f":4855242540,"l":4855242543,"m":false,"M":true}
Received message: {"p":"94095.24000000","a":3551019215,"q":"0.02125000","s":"BTCUSDT","T":1745777413405,"e":"aggTrade","E":1745777413406,"f":4855242540,"l":4855242543,"m":false,"M":true}
Received message: {"a":[["94095.24000000","4.46448000"],["94095.38000000","0.00006000"],["94096.04000000","0.00012000"],["94096.05000000","0.09659000"],["94096.06000000","0.22916000"],["94096.07000000","0.00006000"],["94096.91000000","0.00000000"],["94097.23000000","0.00000000"],["94097.47000000","0.00012000"],["94097.50000000","0.04250000"],["94099.01000000","0.00000000"],["94099.33000000","0.00000000"],["94099.36000000","0.00000000"],["94099.37000000","0.00000000"],["94099.48000000","0.00012000"],["94099.49000000","0.41527000"],["94099.50000000","0.70116000"],["94099.54000000","0.00000000"],["94099.72000000","0.00000000"],["94099.98000000","0.00000000"],["94099.99000000","0.00010000"],["94100.95000000","0.00382000"],["94100.96000000","0.00382000"],["94101.16000000","0.00010000"],["94101.37000000","0.21381000"],["94101.38000000","0.21381000"],["94101.47000000","0.01355000"],["94101.58000000","0.02295000"],["94102.35000000","0.00000000"],["94102.58000000","0.00000000"],["94102.66000000","0.00000000"],["94102.75000000","0.00000000"],["94102.78000000","0.00000000"],["94102.81000000","0.00000000"],["94103.06000000","0.00000000"],["94103.28000000","0.00000000"],["94103.45000000","0.00000000"],["94103.59000000","0.00000000"],["94104.83000000","0.00010000"],["94105.19000000","0.00000000"],["94105.25000000","0.21381000"],["94105.26000000","1.71052000"],["94105.60000000","0.21381000"],["94106.36000000","0.00095000"],["94106.37000000","0.00000000"],["94106.46000000","0.00090000"],["94106.71000000","0.00000000"],["94107.34000000","0.00000000"],["94107.85000000","0.00000000"],["94109.06000000","0.21394000"],["94109.07000000","0.00000000"],["94109.09000000","1.57675000"],["94109.10000000","0.00000000"],["94109.11000000","0.00000000"],["94109.35000000","0.00011000"],["94110.39000000","0.00000000"],["94110.97000000","0.21381000"],["94111.14000000","0.00000000"],["94111.29000000","0.07680000"],["94111.55000000","1.00000000"],["94111.71000000","0.00000000"],["94111.83000000","0.00531000"],["94112.07000000","0.00000000"],["94112.45000000","1.71052000"],["94113.03000000","0.00000000"],["94113.04000000","1.14048000"],["94113.05000000","0.42514000"],["94113.11000000","0.00000000"],["94113.45000000","0.21381000"],["94114.34000000","0.04000000"],["94114.68000000","0.00000000"],["94114.74000000","0.21381000"],["94114.77000000","0.00000000"],["94115.20000000","0.53151000"],["94115.69000000","0.00000000"],["94116.03000000","0.00000000"],["94116.75000000","0.00000000"],["94116.77000000","0.00000000"],["94117.23000000","0.21381000"],["94118.56000000","0.00000000"],["94119.47000000","0.00000000"],["94120.30000000","0.00531000"],["94120.46000000","0.00000000"],["94121.11000000","0.00000000"],["94122.33000000","0.21381000"],["94123.13000000","0.00000000"],["94123.43000000","1.48202000"],["94123.46000000","0.00000000"],["94123.47000000","0.05377000"],["94124.18000000","0.00000000"],["94125.35000000","0.00000000"],["94127.86000000","2.00000000"],["94128.90000000","0.00000000"],["94130.44000000","0.17753000"],["94130.98000000","0.00000000"],["94131.43000000","0.00000000"],["94134.12000000","0.00000000"],["94134.51000000","0.04716000"],["94135.16000000","0.00000000"],["94138.30000000","0.00000000"],["94138.99000000","0.30600000"],["94139.65000000","0.04243000"],["94149.74000000","0.05000000"],["94150.75000000","1.06315000"],["94152.36000000","0.76447000"],["94159.60000000","0.53143000"],["94165.93000000","0.00174000"],["94165.94000000","0.04800000"],["94168.93000000","0.00000000"],["94174.33000000","0.00000000"],["94179.16000000","0.00149000"],["94223.78000000","0.00000000"],["94233.20000000","0.00000000"],["94259.56000000","0.00000000"],["94260.10000000","0.00000000"],["94265.22000000","0.00000000"],["94265.32000000","0.00400000"],["94304.60000000","6.60093000"],["94310.63000000","0.00000000"],["95506.67000000","0.00100000"]],"b":[["94095.23000000","2.73478000"],["94095.22000000","0.00186000"],["94094.65000000","0.00010000"],["94094.56000000","0.00012000"],["94094.55000000","0.12085000"],["94094.34000000","0.01361000"],["94094.00000000","0.04256000"],["94093.63000000","0.00006000"],["94093.62000000","0.39144000"],["94093.61000000","0.70126000"],["94093.36000000","0.00000000"],["94092.90000000","0.00006000"],["94092.16000000","0.00000000"],["94092.00000000","0.04256000"],["94091.85000000","0.00000000"],["94091.79000000","0.31444000"],["94091.56000000","0.00000000"],["94091.55000000","0.09586000"],["94091.27000000","0.04204000"],["94091.02000000","0.00000000"],["94090.90000000","0.00000000"],["94090.50000000","0.04250000"],["94089.25000000","0.00000000"],["94089.13000000","0.14862000"],["94088.91000000","0.00000000"],["94085.63000000","0.41003000"],["94085.62000000","0.45148000"],["94085.61000000","0.00000000"],["94085.58000000","0.00000000"],["94084.38000000","0.00000000"],["94084.18000000","0.00000000"],["94081.02000000","0.00560000"],["94079.91000000","0.02000000"],["94079.56000000","0.21381000"],["94079.55000000","1.62823000"],["94078.96000000","0.05280000"],["94078.89000000","0.10080000"],["94078.86000000","0.01587000"],["94078.33000000","0.36761000"],["94077.42000000","0.00000000"],["94077.41000000","1.92433000"],["94076.81000000","1.00000000"],["94076.56000000","0.08015000"],["94075.25000000","0.00013000"],["94075.23000000","0.05280000"],["94075.21000000","0.04800000"],["94075.04000000","0.71181000"],["94074.84000000","0.00000000"],["94074.25000000","0.09600000"],["94073.53000000","0.00000000"],["94071.51000000","0.00000000"],["94071.34000000","0.00000000"],["94070.42000000","0.63637000"],["94069.28000000","0.04800000"],["94067.09000000","0.00000000"],["94066.45000000","0.00000000"],["94065.71000000","0.00000000"],["94065.65000000","0.00000000"],["94064.76000000","0.00000000"],["94063.77000000","0.15900000"],["94061.75000000","0.00000000"],["94061.01000000","0.00000000"],["94058.39000000","2.00000000"],["94055.27000000","0.00000000"],["94051.83000000","0.00000000"],["94037.65000000","0.63740000"],["94026.66000000","0.00000000"],["94025.27000000","0.03422000"],["94023.30000000","0.00000000"],["94018.42000000","0.02000000"],["94018.41000000","0.10080000"],["94013.77000000","0.09600000"],["94013.72000000","0.00000000"],["94004.91000000","0.00000000"],["94003.65000000","0.02949000"],["93999.69000000","0.00000000"],["93995.10000000","0.00000000"],["93991.25000000","0.00000000"],["93990.15000000","0.00000000"],["93968.65000000","0.05997000"],["93967.09000000","0.53888000"],["93966.00000000","0.05997000"],["93962.48000000","0.05997000"],["93957.64000000","0.05997000"],["93953.19000000","0.05997000"],["93950.29000000","0.05997000"],["93894.92000000","0.00000000"],["93886.84000000","6.62467000"],["93868.22000000","0.00000000"],["93851.04000000","0.00553000"],["93546.84000000","0.10632000"],["92683.80000000","0.00000000"],["92646.95000000","0.00000000"],["89300.00000000","0.68201000"],["84685.00000000","0.00000000"],["76500.00000000","47.47523000"],["75276.19000000","0.00052000"],["33000.00000000","2.70601000"],["20002.00000000","0.00000000"],["20001.00000000","0.03474000"]],"s":"BTCUSDT","e":"depthUpdate","E":1745777414014,"U":67663544232,"u":67663544693}
Received message: {"a":[["94095.24000000","4.46448000"],["94095.38000000","0.00006000"],["94096.04000000","0.00012000"],["94096.05000000","0.09659000"],["94096.06000000","0.22916000"],["94096.07000000","0.00006000"],["94096.91000000","0.00000000"],["94097.23000000","0.00000000"],["94097.47000000","0.00012000"],["94097.50000000","0.04250000"],["94099.01000000","0.00000000"],["94099.33000000","0.00000000"],["94099.36000000","0.00000000"],["94099.37000000","0.00000000"],["94099.48000000","0.00012000"],["94099.49000000","0.41527000"],["94099.50000000","0.70116000"],["94099.54000000","0.00000000"],["94099.72000000","0.00000000"],["94099.98000000","0.00000000"],["94099.99000000","0.00010000"],["94100.95000000","0.00382000"],["94100.96000000","0.00382000"],["94101.16000000","0.00010000"],["94101.37000000","0.21381000"],["94101.38000000","0.21381000"],["94101.47000000","0.01355000"],["94101.58000000","0.02295000"],["94102.35000000","0.00000000"],["94102.58000000","0.00000000"],["94102.66000000","0.00000000"],["94102.75000000","0.00000000"],["94102.78000000","0.00000000"],["94102.81000000","0.00000000"],["94103.06000000","0.00000000"],["94103.28000000","0.00000000"],["94103.45000000","0.00000000"],["94103.59000000","0.00000000"],["94104.83000000","0.00010000"],["94105.19000000","0.00000000"],["94105.25000000","0.21381000"],["94105.26000000","1.71052000"],["94105.60000000","0.21381000"],["94106.36000000","0.00095000"],["94106.37000000","0.00000000"],["94106.46000000","0.00090000"],["94106.71000000","0.00000000"],["94107.34000000","0.00000000"],["94107.85000000","0.00000000"],["94109.06000000","0.21394000"],["94109.07000000","0.00000000"],["94109.09000000","1.57675000"],["94109.10000000","0.00000000"],["94109.11000000","0.00000000"],["94109.35000000","0.00011000"],["94110.39000000","0.00000000"],["94110.97000000","0.21381000"],["94111.14000000","0.00000000"],["94111.29000000","0.07680000"],["94111.55000000","1.00000000"],["94111.71000000","0.00000000"],["94111.83000000","0.00531000"],["94112.07000000","0.00000000"],["94112.45000000","1.71052000"],["94113.03000000","0.00000000"],["94113.04000000","1.14048000"],["94113.05000000","0.42514000"],["94113.11000000","0.00000000"],["94113.45000000","0.21381000"],["94114.34000000","0.04000000"],["94114.68000000","0.00000000"],["94114.74000000","0.21381000"],["94114.77000000","0.00000000"],["94115.20000000","0.53151000"],["94115.69000000","0.00000000"],["94116.03000000","0.00000000"],["94116.75000000","0.00000000"],["94116.77000000","0.00000000"],["94117.23000000","0.21381000"],["94118.56000000","0.00000000"],["94119.47000000","0.00000000"],["94120.30000000","0.00531000"],["94120.46000000","0.00000000"],["94121.11000000","0.00000000"],["94122.33000000","0.21381000"],["94123.13000000","0.00000000"],["94123.43000000","1.48202000"],["94123.46000000","0.00000000"],["94123.47000000","0.05377000"],["94124.18000000","0.00000000"],["94125.35000000","0.00000000"],["94127.86000000","2.00000000"],["94128.90000000","0.00000000"],["94130.44000000","0.17753000"],["94130.98000000","0.00000000"],["94131.43000000","0.00000000"],["94134.12000000","0.00000000"],["94134.51000000","0.04716000"],["94135.16000000","0.00000000"],["94138.30000000","0.00000000"],["94138.99000000","0.30600000"],["94139.65000000","0.04243000"],["94149.74000000","0.05000000"],["94150.75000000","1.06315000"],["94152.36000000","0.76447000"],["94159.60000000","0.53143000"],["94165.93000000","0.00174000"],["94165.94000000","0.04800000"],["94168.93000000","0.00000000"],["94174.33000000","0.00000000"],["94179.16000000","0.00149000"],["94223.78000000","0.00000000"],["94233.20000000","0.00000000"],["94259.56000000","0.00000000"],["94260.10000000","0.00000000"],["94265.22000000","0.00000000"],["94265.32000000","0.00400000"],["94304.60000000","6.60093000"],["94310.63000000","0.00000000"],["95506.67000000","0.00100000"]],"b":[["94095.23000000","2.73478000"],["94095.22000000","0.00186000"],["94094.65000000","0.00010000"],["94094.56000000","0.00012000"],["94094.55000000","0.12085000"],["94094.34000000","0.01361000"],["94094.00000000","0.04256000"],["94093.63000000","0.00006000"],["94093.62000000","0.39144000"],["94093.61000000","0.70126000"],["94093.36000000","0.00000000"],["94092.90000000","0.00006000"],["94092.16000000","0.00000000"],["94092.00000000","0.04256000"],["94091.85000000","0.00000000"],["94091.79000000","0.31444000"],["94091.56000000","0.00000000"],["94091.55000000","0.09586000"],["94091.27000000","0.04204000"],["94091.02000000","0.00000000"],["94090.90000000","0.00000000"],["94090.50000000","0.04250000"],["94089.25000000","0.00000000"],["94089.13000000","0.14862000"],["94088.91000000","0.00000000"],["94085.63000000","0.41003000"],["94085.62000000","0.45148000"],["94085.61000000","0.00000000"],["94085.58000000","0.00000000"],["94084.38000000","0.00000000"],["94084.18000000","0.00000000"],["94081.02000000","0.00560000"],["94079.91000000","0.02000000"],["94079.56000000","0.21381000"],["94079.55000000","1.62823000"],["94078.96000000","0.05280000"],["94078.89000000","0.10080000"],["94078.86000000","0.01587000"],["94078.33000000","0.36761000"],["94077.42000000","0.00000000"],["94077.41000000","1.92433000"],["94076.81000000","1.00000000"],["94076.56000000","0.08015000"],["94075.25000000","0.00013000"],["94075.23000000","0.05280000"],["94075.21000000","0.04800000"],["94075.04000000","0.71181000"],["94074.84000000","0.00000000"],["94074.25000000","0.09600000"],["94073.53000000","0.00000000"],["94071.51000000","0.00000000"],["94071.34000000","0.00000000"],["94070.42000000","0.63637000"],["94069.28000000","0.04800000"],["94067.09000000","0.00000000"],["94066.45000000","0.00000000"],["94065.71000000","0.00000000"],["94065.65000000","0.00000000"],["94064.76000000","0.00000000"],["94063.77000000","0.15900000"],["94061.75000000","0.00000000"],["94061.01000000","0.00000000"],["94058.39000000","2.00000000"],["94055.27000000","0.00000000"],["94051.83000000","0.00000000"],["94037.65000000","0.63740000"],["94026.66000000","0.00000000"],["94025.27000000","0.03422000"],["94023.30000000","0.00000000"],["94018.42000000","0.02000000"],["94018.41000000","0.10080000"],["94013.77000000","0.09600000"],["94013.72000000","0.00000000"],["94004.91000000","0.00000000"],["94003.65000000","0.02949000"],["93999.69000000","0.00000000"],["93995.10000000","0.00000000"],["93991.25000000","0.00000000"],["93990.15000000","0.00000000"],["93968.65000000","0.05997000"],["93967.09000000","0.53888000"],["93966.00000000","0.05997000"],["93962.48000000","0.05997000"],["93957.64000000","0.05997000"],["93953.19000000","0.05997000"],["93950.29000000","0.05997000"],["93894.92000000","0.00000000"],["93886.84000000","6.62467000"],["93868.22000000","0.00000000"],["93851.04000000","0.00553000"],["93546.84000000","0.10632000"],["92683.80000000","0.00000000"],["92646.95000000","0.00000000"],["89300.00000000","0.68201000"],["84685.00000000","0.00000000"],["76500.00000000","47.47523000"],["75276.19000000","0.00052000"],["33000.00000000","2.70601000"],["20002.00000000","0.00000000"],["20001.00000000","0.03474000"]],"s":"BTCUSDT","e":"depthUpdate","E":1745777414014,"U":67663544232,"u":67663544693}
Received message: {"p":"94095.23000000","a":3551019216,"q":"0.00034000","s":"BTCUSDT","T":1745777414597,"e":"aggTrade","E":1745777414597,"f":4855242544,"l":4855242544,"m":true,"M":true}
Received message: {"p":"94095.23000000","a":3551019216,"q":"0.00034000","s":"BTCUSDT","T":1745777414597,"e":"aggTrade","E":1745777414597,"f":4855242544,"l":4855242544,"m":true,"M":true}
Received message: {"p":"94095.23000000","a":3551019217,"q":"0.00009000","s":"BTCUSDT","T":1745777414769,"e":"aggTrade","E":1745777414769,"f":4855242545,"l":4855242545,"m":true,"M":true}
Received message: {"p":"94095.23000000","a":3551019217,"q":"0.00009000","s":"BTCUSDT","T":1745777414769,"e":"aggTrade","E":1745777414769,"f":4855242545,"l":4855242545,"m":true,"M":true}
Received message: {"p":"94095.24000000","a":3551019218,"q":"0.00160000","s":"BTCUSDT","T":1745777414835,"e":"aggTrade","E":1745777414835,"f":4855242546,"l":4855242547,"m":false,"M":true}
Received message: {"p":"94095.24000000","a":3551019218,"q":"0.00160000","s":"BTCUSDT","T":1745777414835,"e":"aggTrade","E":1745777414835,"f":4855242546,"l":4855242547,"m":false,"M":true}
Received message: {"a":[["94095.24000000","4.46324000"],["94099.14000000","0.00000000"],["94101.03000000","0.01587000"],["94109.71000000","0.00106000"],["94112.56000000","0.00000000"],["94126.99000000","2.17621000"],["94133.54000000","0.05000000"],["94149.74000000","0.00000000"],["94157.30000000","0.59029000"],["94166.91000000","0.00000000"],["95506.67000000","0.00000000"]],"b":[["94095.23000000","2.73441000"],["94095.22000000","0.00180000"],["94093.43000000","0.00007000"],["94080.78000000","0.01587000"],["94078.86000000","0.00000000"],["94076.49000000","0.76117000"],["94070.42000000","0.00000000"],["94063.77000000","0.00000000"],["94061.57000000","0.00000000"],["94059.92000000","0.00000000"],["94059.91000000","0.15900000"],["94058.90000000","0.00000000"],["94051.57000000","0.11139000"],["94046.66000000","0.00000000"],["94037.65000000","0.00000000"],["94034.40000000","0.63741000"],["94026.45000000","1.05337000"],["94025.27000000","0.00000000"],["94023.30000000","0.00560000"],["94014.30000000","0.03422000"],["94013.72000000","0.04800000"],["93995.10000000","0.05280000"],["93961.35000000","0.92619000"],["93959.82000000","1.75894000"],["92683.80000000","0.00100000"],["88032.54000000","0.00083000"],["84685.00000000","0.00000000"],["75276.19000000","0.00052000"],["33000.00000000","2.70601000"]],"s":"BTCUSDT","e":"depthUpdate","E":1745777415014,"U":67663544694,"u":67663544756}
Received message: {"a":[["94095.24000000","4.46324000"],["94099.14000000","0.00000000"],["94101.03000000","0.01587000"],["94109.71000000","0.00106000"],["94112.56000000","0.00000000"],["94126.99000000","2.17621000"],["94133.54000000","0.05000000"],["94149.74000000","0.00000000"],["94157.30000000","0.59029000"],["94166.91000000","0.00000000"],["95506.67000000","0.00000000"]],"b":[["94095.23000000","2.73441000"],["94095.22000000","0.00180000"],["94093.43000000","0.00007000"],["94080.78000000","0.01587000"],["94078.86000000","0.00000000"],["94076.49000000","0.76117000"],["94070.42000000","0.00000000"],["94063.77000000","0.00000000"],["94061.57000000","0.00000000"],["94059.92000000","0.00000000"],["94059.91000000","0.15900000"],["94058.90000000","0.00000000"],["94051.57000000","0.11139000"],["94046.66000000","0.00000000"],["94037.65000000","0.00000000"],["94034.40000000","0.63741000"],["94026.45000000","1.05337000"],["94025.27000000","0.00000000"],["94023.30000000","0.00560000"],["94014.30000000","0.03422000"],["94013.72000000","0.04800000"],["93995.10000000","0.05280000"],["93961.35000000","0.92619000"],["93959.82000000","1.75894000"],["92683.80000000","0.00100000"],["88032.54000000","0.00083000"],["84685.00000000","0.00000000"],["75276.19000000","0.00052000"],["33000.00000000","2.70601000"]],"s":"BTCUSDT","e":"depthUpdate","E":1745777415014,"U":67663544694,"u":67663544756}
Received message: {"p":"94095.24000000","a":3551019219,"q":"0.06401000","s":"BTCUSDT","T":1745777415486,"e":"aggTrade","E":1745777415486,"f":4855242548,"l":4855242548,"m":false,"M":true}
Received message: {"p":"94095.24000000","a":3551019219,"q":"0.06401000","s":"BTCUSDT","T":1745777415486,"e":"aggTrade","E":1745777415486,"f":4855242548,"l":4855242548,"m":false,"M":true}
Received message: {"p":"94095.23000000","a":3551019220,"q":"0.00010000","s":"BTCUSDT","T":1745777415688,"e":"aggTrade","E":1745777415688,"f":4855242549,"l":4855242549,"m":true,"M":true}
Received message: {"p":"94095.23000000","a":3551019220,"q":"0.00010000","s":"BTCUSDT","T":1745777415688,"e":"aggTrade","E":1745777415688,"f":4855242549,"l":4855242549,"m":true,"M":true}
Received message: {"p":"94095.24000000","a":3551019221,"q":"0.12747000","s":"BTCUSDT","T":1745777415951,"e":"aggTrade","E":1745777415951,"f":4855242550,"l":4855242550,"m":false,"M":true}
Received message: {"p":"94095.24000000","a":3551019221,"q":"0.12747000","s":"BTCUSDT","T":1745777415951,"e":"aggTrade","E":1745777415951,"f":4855242550,"l":4855242550,"m":false,"M":true}
Received message: {"a":[["94095.24000000","4.27236000"],["94095.25000000","0.00694000"],["94101.58000000","0.00000000"],["94103.43000000","0.45148000"],["94104.20000000","0.00000000"],["94107.86000000","0.00000000"],["94108.90000000","0.00765000"],["94111.55000000","0.00000000"],["94111.66000000","1.00000000"],["94113.22000000","0.00000000"],["94113.61000000","0.01530000"],["94127.86000000","0.00000000"],["94128.08000000","2.00000000"],["94131.20000000","0.00000000"],["94146.28000000","0.57927000"],["95506.67000000","0.00100000"]],"b":[["94095.23000000","2.74187000"],["94089.33000000","0.00000000"],["94089.13000000","0.00000000"],["94086.99000000","0.00000000"],["94085.32000000","0.03190000"],["94076.92000000","1.00000000"],["94076.81000000","0.00000000"],["94075.37000000","0.00013000"],["94075.36000000","0.00000000"],["94075.25000000","0.00000000"],["94074.06000000","0.00000000"],["94070.40000000","0.00803000"],["94061.60000000","0.00000000"],["94060.46000000","0.00000000"],["94059.91000000","0.00000000"],["94059.29000000","0.00000000"],["94058.61000000","2.00000000"],["94058.39000000","0.00000000"],["94055.79000000","0.15900000"],["94055.49000000","0.00000000"],["94023.23000000","1.22182000"],["94003.65000000","0.00000000"],["93958.17000000","0.02643000"],["93924.40000000","0.00000000"],["92683.80000000","0.00000000"],["92577.49000000","0.00000000"],["92529.99000000","0.00000000"],["86557.89000000","0.00000000"],["84685.00000000","0.00000000"],["76500.00000000","47.47528000"],["75276.19000000","0.00052000"],["33000.00000000","2.70601000"]],"s":"BTCUSDT","e":"depthUpdate","E":1745777416014,"U":67663544757,"u":67663544847}
Received message: {"a":[["94095.24000000","4.27236000"],["94095.25000000","0.00694000"],["94101.58000000","0.00000000"],["94103.43000000","0.45148000"],["94104.20000000","0.00000000"],["94107.86000000","0.00000000"],["94108.90000000","0.00765000"],["94111.55000000","0.00000000"],["94111.66000000","1.00000000"],["94113.22000000","0.00000000"],["94113.61000000","0.01530000"],["94127.86000000","0.00000000"],["94128.08000000","2.00000000"],["94131.20000000","0.00000000"],["94146.28000000","0.57927000"],["95506.67000000","0.00100000"]],"b":[["94095.23000000","2.74187000"],["94089.33000000","0.00000000"],["94089.13000000","0.00000000"],["94086.99000000","0.00000000"],["94085.32000000","0.03190000"],["94076.92000000","1.00000000"],["94076.81000000","0.00000000"],["94075.37000000","0.00013000"],["94075.36000000","0.00000000"],["94075.25000000","0.00000000"],["94074.06000000","0.00000000"],["94070.40000000","0.00803000"],["94061.60000000","0.00000000"],["94060.46000000","0.00000000"],["94059.91000000","0.00000000"],["94059.29000000","0.00000000"],["94058.61000000","2.00000000"],["94058.39000000","0.00000000"],["94055.79000000","0.15900000"],["94055.49000000","0.00000000"],["94023.23000000","1.22182000"],["94003.65000000","0.00000000"],["93958.17000000","0.02643000"],["93924.40000000","0.00000000"],["92683.80000000","0.00000000"],["92577.49000000","0.00000000"],["92529.99000000","0.00000000"],["86557.89000000","0.00000000"],["84685.00000000","0.00000000"],["76500.00000000","47.47528000"],["75276.19000000","0.00052000"],["33000.00000000","2.70601000"]],"s":"BTCUSDT","e":"depthUpdate","E":1745777416014,"U":67663544757,"u":67663544847}
Received message: {"p":"94095.24000000","a":3551019222,"q":"0.00032000","s":"BTCUSDT","T":1745777416306,"e":"aggTrade","E":1745777416307,"f":4855242551,"l":4855242551,"m":false,"M":true}
Received message: {"p":"94095.24000000","a":3551019222,"q":"0.00032000","s":"BTCUSDT","T":1745777416306,"e":"aggTrade","E":1745777416307,"f":4855242551,"l":4855242551,"m":false,"M":true}
Received message: {"p":"94095.24000000","a":3551019223,"q":"0.00009000","s":"BTCUSDT","T":1745777416481,"e":"aggTrade","E":1745777416481,"f":4855242552,"l":4855242552,"m":false,"M":true}
Received message: {"p":"94095.24000000","a":3551019223,"q":"0.00009000","s":"BTCUSDT","T":1745777416481,"e":"aggTrade","E":1745777416481,"f":4855242552,"l":4855242552,"m":false,"M":true}
Received message: {"p":"94095.24000000","a":3551019224,"q":"0.00010000","s":"BTCUSDT","T":1745777416842,"e":"aggTrade","E":1745777416842,"f":4855242553,"l":4855242553,"m":false,"M":true}
Received message: {"p":"94095.24000000","a":3551019224,"q":"0.00010000","s":"BTCUSDT","T":1745777416842,"e":"aggTrade","E":1745777416842,"f":4855242553,"l":4855242553,"m":false,"M":true}
Received message: {"a":[["94095.24000000","4.27790000"],["94095.25000000","0.00776000"],["94099.46000000","0.00012000"],["94099.47000000","1.06100000"],["94099.48000000","1.71052000"],["94099.49000000","0.00000000"],["94099.85000000","0.00010000"],["94101.03000000","0.00000000"],["94101.16000000","0.00000000"],["94102.99000000","0.01587000"],["94106.36000000","0.00000000"],["94106.46000000","0.00000000"],["94161.92000000","0.55648000"],["94232.72000000","1.31347000"],["94238.93000000","0.00000000"],["95506.67000000","0.00000000"]],"b":[["94095.23000000","2.24739000"],["94093.61000000","0.70126000"],["94092.00000000","0.00000000"],["94091.79000000","0.31450000"],["94091.02000000","0.00006000"],["94090.18000000","0.14766000"],["94085.33000000","0.03190000"],["94085.32000000","0.00000000"],["94084.66000000","0.00000000"],["94076.92000000","1.00000000"],["94075.36000000","0.00000000"],["94059.46000000","0.00000000"],["94058.61000000","2.00000000"],["94057.76000000","0.00000000"],["94055.92000000","0.00000000"],["94055.79000000","0.00000000"],["94055.49000000","0.00000000"],["93991.72000000","0.00000000"],["93855.84000000","0.00553000"],["93851.04000000","0.00000000"],["92683.80000000","0.00100000"],["92575.00000000","0.00085000"],["84685.00000000","0.00000000"],["75276.19000000","0.00052000"],["42000.00000000","3.70683000"],["33874.28000000","0.00306000"],["33000.00000000","2.70601000"]],"s":"BTCUSDT","e":"depthUpdate","E":1745777417014,"U":67663544848,"u":67663544938}
Received message: {"a":[["94095.24000000","4.27790000"],["94095.25000000","0.00776000"],["94099.46000000","0.00012000"],["94099.47000000","1.06100000"],["94099.48000000","1.71052000"],["94099.49000000","0.00000000"],["94099.85000000","0.00010000"],["94101.03000000","0.00000000"],["94101.16000000","0.00000000"],["94102.99000000","0.01587000"],["94106.36000000","0.00000000"],["94106.46000000","0.00000000"],["94161.92000000","0.55648000"],["94232.72000000","1.31347000"],["94238.93000000","0.00000000"],["95506.67000000","0.00000000"]],"b":[["94095.23000000","2.24739000"],["94093.61000000","0.70126000"],["94092.00000000","0.00000000"],["94091.79000000","0.31450000"],["94091.02000000","0.00006000"],["94090.18000000","0.14766000"],["94085.33000000","0.03190000"],["94085.32000000","0.00000000"],["94084.66000000","0.00000000"],["94076.92000000","1.00000000"],["94075.36000000","0.00000000"],["94059.46000000","0.00000000"],["94058.61000000","2.00000000"],["94057.76000000","0.00000000"],["94055.92000000","0.00000000"],["94055.79000000","0.00000000"],["94055.49000000","0.00000000"],["93991.72000000","0.00000000"],["93855.84000000","0.00553000"],["93851.04000000","0.00000000"],["92683.80000000","0.00100000"],["92575.00000000","0.00085000"],["84685.00000000","0.00000000"],["75276.19000000","0.00052000"],["42000.00000000","3.70683000"],["33874.28000000","0.00306000"],["33000.00000000","2.70601000"]],"s":"BTCUSDT","e":"depthUpdate","E":1745777417014,"U":67663544848,"u":67663544938}
Received message: {"p":"94095.23000000","a":3551019225,"q":"0.00008000","s":"BTCUSDT","T":1745777417014,"e":"aggTrade","E":1745777417015,"f":4855242554,"l":4855242554,"m":true,"M":true}
Received message: {"p":"94095.23000000","a":3551019225,"q":"0.00008000","s":"BTCUSDT","T":1745777417014,"e":"aggTrade","E":1745777417015,"f":4855242554,"l":4855242554,"m":true,"M":true}
Received message: {"p":"94095.23000000","a":3551019226,"q":"0.00009000","s":"BTCUSDT","T":1745777418002,"e":"aggTrade","E":1745777418002,"f":4855242555,"l":4855242555,"m":true,"M":true}
Received message: {"p":"94095.23000000","a":3551019226,"q":"0.00009000","s":"BTCUSDT","T":1745777418002,"e":"aggTrade","E":1745777418002,"f":4855242555,"l":4855242555,"m":true,"M":true}
Received message: {"p":"94095.24000000","a":3551019227,"q":"0.00010000","s":"BTCUSDT","T":1745777418012,"e":"aggTrade","E":1745777418012,"f":4855242556,"l":4855242556,"m":false,"M":true}
Received message: {"p":"94095.24000000","a":3551019227,"q":"0.00010000","s":"BTCUSDT","T":1745777418012,"e":"aggTrade","E":1745777418012,"f":4855242556,"l":4855242556,"m":false,"M":true}
Received message: {"a":[["94095.24000000","4.27463000"],["94095.25000000","0.00782000"],["94099.78000000","0.00764000"],["94100.12000000","0.01355000"],["94100.95000000","0.00000000"],["94100.96000000","0.00000000"],["94101.47000000","0.00000000"],["94103.18000000","0.00000000"],["94104.96000000","0.00000000"],["94105.41000000","0.00000000"],["94105.76000000","0.00000000"],["94105.88000000","0.00000000"],["94106.00000000","0.00007000"],["94243.22000000","0.00035000"],["95506.67000000","0.00100000"]],"b":[["94095.23000000","2.13240000"],["94085.34000000","0.03190000"],["94085.33000000","0.00000000"],["94082.72000000","0.01587000"],["94080.78000000","0.00000000"],["92683.80000000","0.00000000"],["92577.49000000","0.02106000"],["84685.00000000","0.00000000"],["76500.00000000","47.47539000"],["75276.19000000","0.00052000"],["33000.00000000","2.70601000"]],"s":"BTCUSDT","e":"depthUpdate","E":1745777418014,"U":67663544939,"u":67663544998}
Received message: {"a":[["94095.24000000","4.27463000"],["94095.25000000","0.00782000"],["94099.78000000","0.00764000"],["94100.12000000","0.01355000"],["94100.95000000","0.00000000"],["94100.96000000","0.00000000"],["94101.47000000","0.00000000"],["94103.18000000","0.00000000"],["94104.96000000","0.00000000"],["94105.41000000","0.00000000"],["94105.76000000","0.00000000"],["94105.88000000","0.00000000"],["94106.00000000","0.00007000"],["94243.22000000","0.00035000"],["95506.67000000","0.00100000"]],"b":[["94095.23000000","2.13240000"],["94085.34000000","0.03190000"],["94085.33000000","0.00000000"],["94082.72000000","0.01587000"],["94080.78000000","0.00000000"],["92683.80000000","0.00000000"],["92577.49000000","0.02106000"],["84685.00000000","0.00000000"],["76500.00000000","47.47539000"],["75276.19000000","0.00052000"],["33000.00000000","2.70601000"]],"s":"BTCUSDT","e":"depthUpdate","E":1745777418014,"U":67663544939,"u":67663544998}
Received message: {"p":"94095.23000000","a":3551019228,"q":"0.00009000","s":"BTCUSDT","T":1745777418563,"e":"aggTrade","E":1745777418563,"f":4855242557,"l":4855242557,"m":true,"M":true}
Received message: {"p":"94095.23000000","a":3551019228,"q":"0.00009000","s":"BTCUSDT","T":1745777418563,"e":"aggTrade","E":1745777418563,"f":4855242557,"l":4855242557,"m":true,"M":true}
Received message: {"a":[["94095.24000000","4.27277000"],["94105.81000000","0.00095000"],["94105.88000000","0.00000000"],["94105.94000000","0.00089000"],["94111.66000000","0.00000000"],["94111.76000000","1.00011000"],["94113.32000000","0.00000000"],["94124.36000000","0.01661000"],["94128.08000000","0.00000000"],["94128.28000000","2.87805000"],["94131.40000000","0.00000000"],["94133.42000000","0.00045000"],["94223.35000000","0.99471000"],["94226.50000000","0.00000000"],["95506.67000000","0.00000000"]],"b":[["94095.23000000","2.68858000"],["94093.61000000","0.70126000"],["94091.79000000","0.00000000"],["94091.55000000","0.09592000"],["94055.55000000","0.00000000"],["94055.41000000","0.15900000"],["94009.98000000","0.01661000"],["93958.18000000","0.14874000"],["93945.98000000","0.00000000"],["92683.80000000","0.00100000"],["89390.47000000","0.00000000"],["84685.00000000","0.00000000"],["75276.19000000","0.00052000"],["70000.00000000","191.78681000"],["42000.00000000","3.70583000"],["33000.00000000","2.70601000"],["20002.00000000","0.00000000"],["20001.00000000","0.03474000"]],"s":"BTCUSDT","e":"depthUpdate","E":1745777419014,"U":67663544999,"u":67663545054}
Received message: {"a":[["94095.24000000","4.27277000"],["94105.81000000","0.00095000"],["94105.88000000","0.00000000"],["94105.94000000","0.00089000"],["94111.66000000","0.00000000"],["94111.76000000","1.00011000"],["94113.32000000","0.00000000"],["94124.36000000","0.01661000"],["94128.08000000","0.00000000"],["94128.28000000","2.87805000"],["94131.40000000","0.00000000"],["94133.42000000","0.00045000"],["94223.35000000","0.99471000"],["94226.50000000","0.00000000"],["95506.67000000","0.00000000"]],"b":[["94095.23000000","2.68858000"],["94093.61000000","0.70126000"],["94091.79000000","0.00000000"],["94091.55000000","0.09592000"],["94055.55000000","0.00000000"],["94055.41000000","0.15900000"],["94009.98000000","0.01661000"],["93958.18000000","0.14874000"],["93945.98000000","0.00000000"],["92683.80000000","0.00100000"],["89390.47000000","0.00000000"],["84685.00000000","0.00000000"],["75276.19000000","0.00052000"],["70000.00000000","191.78681000"],["42000.00000000","3.70583000"],["33000.00000000","2.70601000"],["20002.00000000","0.00000000"],["20001.00000000","0.03474000"]],"s":"BTCUSDT","e":"depthUpdate","E":1745777419014,"U":67663544999,"u":67663545054}
WebSocket connection opened: wss://stream.binance.com:9443/ws/bnbusdt@trade
Received message: {"p":"602.69000000","q":"0.03300000","s":"BNBUSDT","t":1041895753,"T":1745777419391,"e":"trade","E":1745777419392,"m":false,"M":true}
Received trade message: {"p":"602.69000000","q":"0.03300000","s":"BNBUSDT","t":1041895753,"T":1745777419391,"e":"trade","E":1745777419392,"m":false,"M":true}
Received message: {"p":"94095.24000000","a":3551019229,"q":"0.00195000","s":"BTCUSDT","T":1745777419420,"e":"aggTrade","E":1745777419420,"f":4855242558,"l":4855242558,"m":false,"M":true}
Received message: {"p":"94095.24000000","a":3551019229,"q":"0.00195000","s":"BTCUSDT","T":1745777419420,"e":"aggTrade","E":1745777419420,"f":4855242558,"l":4855242558,"m":false,"M":true}
Received message: {"p":"94095.24000000","a":3551019230,"q":"0.00009000","s":"BTCUSDT","T":1745777419549,"e":"aggTrade","E":1745777419550,"f":4855242559,"l":4855242559,"m":false,"M":true}
Received message: {"p":"94095.24000000","a":3551019230,"q":"0.00009000","s":"BTCUSDT","T":1745777419549,"e":"aggTrade","E":1745777419550,"f":4855242559,"l":4855242559,"m":false,"M":true}
Received message: {"p":"94095.23000000","a":3551019231,"q":"0.00008000","s":"BTCUSDT","T":1745777419563,"e":"aggTrade","E":1745777419563,"f":4855242560,"l":4855242560,"m":true,"M":true}
Received message: {"p":"94095.23000000","a":3551019231,"q":"0.00008000","s":"BTCUSDT","T":1745777419563,"e":"aggTrade","E":1745777419563,"f":4855242560,"l":4855242560,"m":true,"M":true}
Received message: {"p":"94095.23000000","a":3551019232,"q":"0.02585000","s":"BTCUSDT","T":1745777419620,"e":"aggTrade","E":1745777419620,"f":4855242561,"l":4855242561,"m":true,"M":true}
Received message: {"p":"94095.23000000","a":3551019232,"q":"0.02585000","s":"BTCUSDT","T":1745777419620,"e":"aggTrade","E":1745777419620,"f":4855242561,"l":4855242561,"m":true,"M":true}
Received message: {"a":[["94095.24000000","4.27073000"],["94124.36000000","0.00000000"],["94133.42000000","0.00000000"],["94194.02000000","0.00008000"],["94265.32000000","0.00000000"],["94270.57000000","0.00400000"],["95506.67000000","0.00100000"]],"b":[["94095.23000000","2.97661000"],["94060.34000000","0.15900000"],["94059.30000000","0.00000000"],["94056.65000000","0.00000000"],["94055.41000000","0.00000000"],["94034.78000000","0.00000000"],["94009.98000000","0.00000000"],["94001.81000000","0.02949000"],["93959.82000000","1.75894000"],["92683.80000000","0.00000000"],["89300.00000000","0.68201000"],["84685.00000000","0.00000000"],["75276.19000000","0.00052000"],["60000.00000000","88.75209000"],["33000.00000000","2.70601000"]],"s":"BTCUSDT","e":"depthUpdate","E":1745777420014,"U":67663545055,"u":67663545106}
Received message: {"a":[["94095.24000000","4.27073000"],["94124.36000000","0.00000000"],["94133.42000000","0.00000000"],["94194.02000000","0.00008000"],["94265.32000000","0.00000000"],["94270.57000000","0.00400000"],["95506.67000000","0.00100000"]],"b":[["94095.23000000","2.97661000"],["94060.34000000","0.15900000"],["94059.30000000","0.00000000"],["94056.65000000","0.00000000"],["94055.41000000","0.00000000"],["94034.78000000","0.00000000"],["94009.98000000","0.00000000"],["94001.81000000","0.02949000"],["93959.82000000","1.75894000"],["92683.80000000","0.00000000"],["89300.00000000","0.68201000"],["84685.00000000","0.00000000"],["75276.19000000","0.00052000"],["60000.00000000","88.75209000"],["33000.00000000","2.70601000"]],"s":"BTCUSDT","e":"depthUpdate","E":1745777420014,"U":67663545055,"u":67663545106}
Received message: {"p":"602.69000000","q":"0.35500000","s":"BNBUSDT","t":1041895754,"T":1745777420203,"e":"trade","E":1745777420204,"m":false,"M":true}
Received trade message: {"p":"602.69000000","q":"0.35500000","s":"BNBUSDT","t":1041895754,"T":1745777420203,"e":"trade","E":1745777420204,"m":false,"M":true}
Received message: {"p":"94095.24000000","a":3551019233,"q":"0.00010000","s":"BTCUSDT","T":1745777420517,"e":"aggTrade","E":1745777420517,"f":4855242562,"l":4855242562,"m":false,"M":true}
Received message: {"p":"94095.24000000","a":3551019233,"q":"0.00010000","s":"BTCUSDT","T":1745777420517,"e":"aggTrade","E":1745777420517,"f":4855242562,"l":4855242562,"m":false,"M":true}
Received message: {"a":[["94095.24000000","4.27063000"],["94100.00000000","0.61103000"],["94110.44000000","0.08015000"],["94111.76000000","0.00011000"],["94113.54000000","1.00000000"],["94125.98000000","1.64483000"],["94126.99000000","1.09577000"],["94128.28000000","0.87805000"],["94130.76000000","0.00000000"],["94131.83000000","0.94835000"],["94131.84000000","2.00000000"],["94132.83000000","0.00000000"],["95506.67000000","0.00000000"]],"b":[["94095.23000000","2.53561000"],["94079.55000000","1.12483000"],["94077.40000000","0.00000000"],["94077.24000000","1.00000000"],["94076.92000000","0.00000000"],["94075.16000000","0.79350000"],["94075.15000000","0.00000000"],["94075.04000000","0.00000000"],["94069.20000000","1.63366000"],["94064.70000000","0.00000000"],["94061.46000000","0.00000000"],["94060.34000000","0.00000000"],["94059.25000000","2.00000000"],["94058.61000000","0.00000000"],["94058.06000000","0.15900000"],["94055.07000000","0.00000000"],["93941.03000000","0.00000000"],["93855.84000000","0.00000000"],["93855.72000000","0.00553000"],["92683.80000000","0.00100000"],["84685.00000000","0.00000000"],["75276.19000000","0.00052000"],["33000.00000000","2.70601000"]],"s":"BTCUSDT","e":"depthUpdate","E":1745777421014,"U":67663545107,"u":67663545161}
Received message: {"a":[["94095.24000000","4.27063000"],["94100.00000000","0.61103000"],["94110.44000000","0.08015000"],["94111.76000000","0.00011000"],["94113.54000000","1.00000000"],["94125.98000000","1.64483000"],["94126.99000000","1.09577000"],["94128.28000000","0.87805000"],["94130.76000000","0.00000000"],["94131.83000000","0.94835000"],["94131.84000000","2.00000000"],["94132.83000000","0.00000000"],["95506.67000000","0.00000000"]],"b":[["94095.23000000","2.53561000"],["94079.55000000","1.12483000"],["94077.40000000","0.00000000"],["94077.24000000","1.00000000"],["94076.92000000","0.00000000"],["94075.16000000","0.79350000"],["94075.15000000","0.00000000"],["94075.04000000","0.00000000"],["94069.20000000","1.63366000"],["94064.70000000","0.00000000"],["94061.46000000","0.00000000"],["94060.34000000","0.00000000"],["94059.25000000","2.00000000"],["94058.61000000","0.00000000"],["94058.06000000","0.15900000"],["94055.07000000","0.00000000"],["93941.03000000","0.00000000"],["93855.84000000","0.00000000"],["93855.72000000","0.00553000"],["92683.80000000","0.00100000"],["84685.00000000","0.00000000"],["75276.19000000","0.00052000"],["33000.00000000","2.70601000"]],"s":"BTCUSDT","e":"depthUpdate","E":1745777421014,"U":67663545107,"u":67663545161}
Received message: {"p":"94095.23000000","a":3551019234,"q":"0.00058000","s":"BTCUSDT","T":1745777421122,"e":"aggTrade","E":1745777421123,"f":4855242563,"l":4855242563,"m":true,"M":true}
Received message: {"p":"94095.23000000","a":3551019234,"q":"0.00058000","s":"BTCUSDT","T":1745777421122,"e":"aggTrade","E":1745777421123,"f":4855242563,"l":4855242563,"m":true,"M":true}
Received message: {"p":"602.69000000","q":"0.00900000","s":"BNBUSDT","t":1041895755,"T":1745777421220,"e":"trade","E":1745777421221,"m":false,"M":true}
Received trade message: {"p":"602.69000000","q":"0.00900000","s":"BNBUSDT","t":1041895755,"T":1745777421220,"e":"trade","E":1745777421221,"m":false,"M":true}
Received message: {"p":"94095.23000000","a":3551019235,"q":"0.00009000","s":"BTCUSDT","T":1745777421333,"e":"aggTrade","E":1745777421334,"f":4855242564,"l":4855242564,"m":true,"M":true}
Received message: {"p":"94095.23000000","a":3551019235,"q":"0.00009000","s":"BTCUSDT","T":1745777421333,"e":"aggTrade","E":1745777421334,"f":4855242564,"l":4855242564,"m":true,"M":true}
Received message: {"p":"94095.24000000","a":3551019236,"q":"0.00396000","s":"BTCUSDT","T":1745777421801,"e":"aggTrade","E":1745777421802,"f":4855242565,"l":4855242565,"m":false,"M":true}
Received message: {"p":"94095.24000000","a":3551019236,"q":"0.00396000","s":"BTCUSDT","T":1745777421801,"e":"aggTrade","E":1745777421802,"f":4855242565,"l":4855242565,"m":false,"M":true}
Received message: {"a":[["94095.24000000","4.79518000"],["94095.25000000","0.00734000"],["94096.05000000","0.17674000"],["94096.07000000","0.00000000"],["94096.80000000","0.00010000"],["94097.11000000","0.01355000"],["94097.23000000","0.00764000"],["94098.34000000","0.00000000"],["94098.65000000","0.00000000"],["94099.85000000","0.00000000"],["94101.37000000","0.29396000"],["94105.81000000","0.00000000"],["94105.94000000","0.00000000"],["94106.08000000","0.00000000"],["94106.90000000","0.02000000"],["94107.58000000","0.00000000"],["94107.70000000","0.00000000"],["94108.18000000","1.00000000"],["94108.89000000","0.00000000"],["94110.24000000","0.00531000"],["94110.96000000","0.00000000"],["94111.48000000","0.00000000"],["94111.60000000","0.05280000"],["94111.83000000","0.00000000"],["94113.04000000","1.84974000"],["94113.54000000","0.00000000"],["94116.25000000","0.00531000"],["94116.92000000","0.00000000"],["94117.37000000","0.00000000"],["94119.92000000","0.00000000"],["94120.30000000","0.00000000"],["94121.12000000","2.00000000"],["94122.08000000","0.00000000"],["94127.72000000","0.00000000"],["94131.83000000","0.00000000"],["94131.84000000","0.00000000"],["94157.30000000","0.00000000"],["94159.60000000","0.00000000"],["94166.92000000","0.00000000"],["94201.43000000","0.00178000"],["94210.82000000","0.00000000"],["94213.08000000","0.00357000"],["94223.01000000","0.00000000"],["94245.23000000","0.00400000"],["94250.28000000","0.00000000"],["94260.02000000","0.00000000"],["94270.57000000","0.00000000"],["95506.67000000","0.00100000"]],"b":[["94095.23000000","1.34273000"],["94095.22000000","0.00186000"],["94094.34000000","0.01361000"],["94094.00000000","0.00000000"],["94093.63000000","0.00000000"],["94093.62000000","0.00006000"],["94091.27000000","0.04210000"],["94090.50000000","0.04256000"],["94086.36000000","0.00000000"],["94086.06000000","0.31444000"],["94084.09000000","0.00212000"],["94077.24000000","0.00000000"],["94076.56000000","0.00000000"],["94076.52000000","0.00000000"],["94074.79000000","0.00000000"],["94073.44000000","1.00000000"],["94073.01000000","0.00531000"],["94072.84000000","0.00000000"],["94072.81000000","0.00000000"],["94071.34000000","0.00000000"],["94066.41000000","0.00000000"],["94059.25000000","0.00000000"],["94058.06000000","0.00000000"],["94057.87000000","0.00000000"],["94056.75000000","0.00000000"],["94055.97000000","0.18370000"],["94053.35000000","0.00017000"],["94051.65000000","2.00000000"],["94050.45000000","0.00000000"],["94049.55000000","1.39111000"],["94047.45000000","0.06417000"],["94041.07000000","0.00000000"],["94034.40000000","0.00000000"],["94029.20000000","0.63743000"],["94017.54000000","0.00264000"],["94015.67000000","0.00011000"],["94014.83000000","0.00000000"],["94010.67000000","0.00178000"],["94006.26000000","0.04357000"],["93999.37000000","0.00357000"],["93991.40000000","0.00262000"],["93988.36000000","0.00000000"],["93959.82000000","1.75894000"],["93933.62000000","0.00106000"],["93923.93000000","0.00106000"],["93923.92000000","0.00000000"],["93913.37000000","0.00000000"],["93546.84000000","0.00000000"],["93538.96000000","0.10632000"],["92683.80000000","0.00000000"],["86557.89000000","0.00000000"],["84685.00000000","0.00050000"],["75276.19000000","0.00052000"],["33000.00000000","2.70601000"]],"s":"BTCUSDT","e":"depthUpdate","E":1745777422014,"U":67663545162,"u":67663545322}
Received message: {"a":[["94095.24000000","4.79518000"],["94095.25000000","0.00734000"],["94096.05000000","0.17674000"],["94096.07000000","0.00000000"],["94096.80000000","0.00010000"],["94097.11000000","0.01355000"],["94097.23000000","0.00764000"],["94098.34000000","0.00000000"],["94098.65000000","0.00000000"],["94099.85000000","0.00000000"],["94101.37000000","0.29396000"],["94105.81000000","0.00000000"],["94105.94000000","0.00000000"],["94106.08000000","0.00000000"],["94106.90000000","0.02000000"],["94107.58000000","0.00000000"],["94107.70000000","0.00000000"],["94108.18000000","1.00000000"],["94108.89000000","0.00000000"],["94110.24000000","0.00531000"],["94110.96000000","0.00000000"],["94111.48000000","0.00000000"],["94111.60000000","0.05280000"],["94111.83000000","0.00000000"],["94113.04000000","1.84974000"],["94113.54000000","0.00000000"],["94116.25000000","0.00531000"],["94116.92000000","0.00000000"],["94117.37000000","0.00000000"],["94119.92000000","0.00000000"],["94120.30000000","0.00000000"],["94121.12000000","2.00000000"],["94122.08000000","0.00000000"],["94127.72000000","0.00000000"],["94131.83000000","0.00000000"],["94131.84000000","0.00000000"],["94157.30000000","0.00000000"],["94159.60000000","0.00000000"],["94166.92000000","0.00000000"],["94201.43000000","0.00178000"],["94210.82000000","0.00000000"],["94213.08000000","0.00357000"],["94223.01000000","0.00000000"],["94245.23000000","0.00400000"],["94250.28000000","0.00000000"],["94260.02000000","0.00000000"],["94270.57000000","0.00000000"],["95506.67000000","0.00100000"]],"b":[["94095.23000000","1.34273000"],["94095.22000000","0.00186000"],["94094.34000000","0.01361000"],["94094.00000000","0.00000000"],["94093.63000000","0.00000000"],["94093.62000000","0.00006000"],["94091.27000000","0.04210000"],["94090.50000000","0.04256000"],["94086.36000000","0.00000000"],["94086.06000000","0.31444000"],["94084.09000000","0.00212000"],["94077.24000000","0.00000000"],["94076.56000000","0.00000000"],["94076.52000000","0.00000000"],["94074.79000000","0.00000000"],["94073.44000000","1.00000000"],["94073.01000000","0.00531000"],["94072.84000000","0.00000000"],["94072.81000000","0.00000000"],["94071.34000000","0.00000000"],["94066.41000000","0.00000000"],["94059.25000000","0.00000000"],["94058.06000000","0.00000000"],["94057.87000000","0.00000000"],["94056.75000000","0.00000000"],["94055.97000000","0.18370000"],["94053.35000000","0.00017000"],["94051.65000000","2.00000000"],["94050.45000000","0.00000000"],["94049.55000000","1.39111000"],["94047.45000000","0.06417000"],["94041.07000000","0.00000000"],["94034.40000000","0.00000000"],["94029.20000000","0.63743000"],["94017.54000000","0.00264000"],["94015.67000000","0.00011000"],["94014.83000000","0.00000000"],["94010.67000000","0.00178000"],["94006.26000000","0.04357000"],["93999.37000000","0.00357000"],["93991.40000000","0.00262000"],["93988.36000000","0.00000000"],["93959.82000000","1.75894000"],["93933.62000000","0.00106000"],["93923.93000000","0.00106000"],["93923.92000000","0.00000000"],["93913.37000000","0.00000000"],["93546.84000000","0.00000000"],["93538.96000000","0.10632000"],["92683.80000000","0.00000000"],["86557.89000000","0.00000000"],["84685.00000000","0.00050000"],["75276.19000000","0.00052000"],["33000.00000000","2.70601000"]],"s":"BTCUSDT","e":"depthUpdate","E":1745777422014,"U":67663545162,"u":67663545322}
Received message: {"p":"94095.24000000","a":3551019237,"q":"0.00012000","s":"BTCUSDT","T":1745777422447,"e":"aggTrade","E":1745777422448,"f":4855242566,"l":4855242566,"m":false,"M":true}
Received message: {"p":"94095.24000000","a":3551019237,"q":"0.00012000","s":"BTCUSDT","T":1745777422447,"e":"aggTrade","E":1745777422448,"f":4855242566,"l":4855242566,"m":false,"M":true}
Received message: {"p":"94095.24000000","a":3551019238,"q":"0.00234000","s":"BTCUSDT","T":1745777422492,"e":"aggTrade","E":1745777422493,"f":4855242567,"l":4855242567,"m":false,"M":true}
Received message: {"p":"94095.24000000","a":3551019238,"q":"0.00234000","s":"BTCUSDT","T":1745777422492,"e":"aggTrade","E":1745777422493,"f":4855242567,"l":4855242567,"m":false,"M":true}
Received message: {"p":"94095.24000000","a":3551019239,"q":"0.00007000","s":"BTCUSDT","T":1745777422519,"e":"aggTrade","E":1745777422519,"f":4855242568,"l":4855242568,"m":false,"M":true}
Received message: {"p":"94095.24000000","a":3551019239,"q":"0.00007000","s":"BTCUSDT","T":1745777422519,"e":"aggTrade","E":1745777422519,"f":4855242568,"l":4855242568,"m":false,"M":true}
Received message: {"p":"94095.24000000","a":3551019240,"q":"0.00049000","s":"BTCUSDT","T":1745777422934,"e":"aggTrade","E":1745777422935,"f":4855242569,"l":4855242569,"m":false,"M":true}
Received message: {"p":"94095.24000000","a":3551019240,"q":"0.00049000","s":"BTCUSDT","T":1745777422934,"e":"aggTrade","E":1745777422935,"f":4855242569,"l":4855242569,"m":false,"M":true}
Received message: {"p":"602.69000000","q":"0.08200000","s":"BNBUSDT","t":1041895756,"T":1745777423008,"e":"trade","E":1745777423008,"m":false,"M":true}
Received trade message: {"p":"602.69000000","q":"0.08200000","s":"BNBUSDT","t":1041895756,"T":1745777423008,"e":"trade","E":1745777423008,"m":false,"M":true}
Received message: {"a":[["94095.24000000","5.31242000"],["94095.50000000","0.00006000"],["94095.51000000","0.00382000"],["94095.52000000","0.00382000"],["94095.79000000","0.00012000"],["94095.80000000","0.02117000"],["94096.05000000","0.38169000"],["94096.68000000","0.00006000"],["94096.69000000","0.70118000"],["94096.80000000","0.00000000"],["94097.11000000","0.00000000"],["94097.23000000","0.00000000"],["94099.46000000","0.00000000"],["94099.47000000","0.92703000"],["94099.50000000","0.00000000"],["94100.90000000","0.00017000"],["94101.96000000","0.44962000"],["94101.97000000","0.00000000"],["94102.34000000","0.00023000"],["94102.35000000","0.00560000"],["94102.50000000","0.00000000"],["94102.57000000","0.00000000"],["94102.99000000","0.00000000"],["94103.46000000","0.00106000"],["94104.38000000","1.00000000"],["94104.87000000","0.01587000"],["94105.35000000","0.00000000"],["94105.68000000","0.00000000"],["94106.72000000","0.00000000"],["94106.88000000","0.00000000"],["94107.85000000","0.09600000"],["94107.93000000","0.09600000"],["94107.99000000","0.00531000"],["94108.18000000","0.00000000"],["94108.38000000","0.00000000"],["94108.89000000","0.00000000"],["94109.71000000","0.00000000"],["94110.24000000","0.00000000"],["94110.96000000","0.00000000"],["94112.44000000","0.00531000"],["94112.56000000","0.11520000"],["94112.84000000","0.00000000"],["94113.00000000","0.00013000"],["94113.01000000","0.00000000"],["94113.02000000","0.00000000"],["94113.04000000","1.66163000"],["94113.52000000","2.00000000"],["94116.12000000","0.00000000"],["94116.25000000","0.00000000"],["94118.33000000","0.00000000"],["94118.34000000","0.00000000"],["94118.40000000","0.00000000"],["94118.41000000","0.00000000"],["94118.52000000","0.00000000"],["94119.62000000","0.04716000"],["94121.12000000","0.00000000"],["94121.52000000","0.00000000"],["94123.04000000","0.00000000"],["94123.05000000","0.00000000"],["94123.17000000","0.04243000"],["94131.17000000","0.76464000"],["94133.62000000","0.28138000"],["94134.51000000","0.00000000"],["94139.65000000","0.00000000"],["94148.06000000","0.00000000"],["94152.36000000","0.00000000"],["94153.01000000","0.10601000"],["94159.20000000","0.00000000"],["94166.92000000","0.05280000"],["94170.80000000","0.04800000"],["94222.82000000","0.00400000"],["94231.62000000","0.00000000"],["94245.23000000","0.00000000"],["95506.67000000","0.00000000"]],"b":[["94095.23000000","1.05092000"],["94095.22000000","0.00216000"],["94094.65000000","0.00000000"],["94094.55000000","0.12085000"],["94094.36000000","0.00010000"],["94094.34000000","0.00000000"],["94094.04000000","0.01361000"],["94093.62000000","0.00000000"],["94093.61000000","0.00000000"],["94093.14000000","0.00000000"],["94093.13000000","0.00000000"],["94092.76000000","0.00010000"],["94092.45000000","0.00000000"],["94091.94000000","0.00000000"],["94091.74000000","0.00000000"],["94091.73000000","0.00000000"],["94091.56000000","0.00006000"],["94091.27000000","0.04210000"],["94091.24000000","0.00382000"],["94091.23000000","0.00382000"],["94090.81000000","0.70128000"],["94090.50000000","0.04256000"],["94090.49000000","0.08000000"],["94090.18000000","0.00000000"],["94088.95000000","0.00000000"],["94087.01000000","0.00212000"],["94086.07000000","0.00000000"],["94086.06000000","0.00000000"],["94085.63000000","0.30960000"],["94084.96000000","0.00000000"],["94084.95000000","0.00000000"],["94084.71000000","0.00000000"],["94084.64000000","0.00106000"],["94084.20000000","0.31444000"],["94084.09000000","0.00000000"],["94081.96000000","0.43997000"],["94081.91000000","0.00000000"],["94079.56000000","0.21381000"],["94079.55000000","1.09436000"],["94078.33000000","0.00000000"],["94077.51000000","0.00531000"],["94077.41000000","0.21381000"],["94075.24000000","1.75059000"],["94073.64000000","0.00000000"],["94073.44000000","0.00000000"],["94073.01000000","0.00000000"],["94072.14000000","0.00000000"],["94071.08000000","0.44332000"],["94070.94000000","0.00000000"],["94070.93000000","0.00531000"],["94070.40000000","0.00000000"],["94069.64000000","1.00000000"],["94064.10000000","0.00000000"],["94062.28000000","0.05497000"],["94054.56000000","0.05280000"],["94053.35000000","0.00000000"],["94052.05000000","0.00000000"],["94051.65000000","0.00000000"],["94049.55000000","0.00000000"],["94049.05000000","0.00000000"],["94048.75000000","0.86634000"],["94046.65000000","0.00000000"],["94044.05000000","2.00000000"],["94029.20000000","0.00000000"],["94024.60000000","0.63747000"],["94014.30000000","0.00000000"],["94003.45000000","0.03422000"],["94001.81000000","0.00000000"],["93995.10000000","0.00000000"],["93971.44000000","0.05597000"],["93959.82000000","0.00000000"],["93956.72000000","1.75894000"],["92683.80000000","0.00100000"],["92646.95000000","0.04105000"],["92577.49000000","0.00000000"],["92529.99000000","0.02106000"],["84685.00000000","0.00000000"],["75276.19000000","0.00052000"],["33000.00000000","2.70601000"]],"s":"BTCUSDT","e":"depthUpdate","E":1745777423014,"U":67663545323,"u":67663545582}
Received message: {"a":[["94095.24000000","5.31242000"],["94095.50000000","0.00006000"],["94095.51000000","0.00382000"],["94095.52000000","0.00382000"],["94095.79000000","0.00012000"],["94095.80000000","0.02117000"],["94096.05000000","0.38169000"],["94096.68000000","0.00006000"],["94096.69000000","0.70118000"],["94096.80000000","0.00000000"],["94097.11000000","0.00000000"],["94097.23000000","0.00000000"],["94099.46000000","0.00000000"],["94099.47000000","0.92703000"],["94099.50000000","0.00000000"],["94100.90000000","0.00017000"],["94101.96000000","0.44962000"],["94101.97000000","0.00000000"],["94102.34000000","0.00023000"],["94102.35000000","0.00560000"],["94102.50000000","0.00000000"],["94102.57000000","0.00000000"],["94102.99000000","0.00000000"],["94103.46000000","0.00106000"],["94104.38000000","1.00000000"],["94104.87000000","0.01587000"],["94105.35000000","0.00000000"],["94105.68000000","0.00000000"],["94106.72000000","0.00000000"],["94106.88000000","0.00000000"],["94107.85000000","0.09600000"],["94107.93000000","0.09600000"],["94107.99000000","0.00531000"],["94108.18000000","0.00000000"],["94108.38000000","0.00000000"],["94108.89000000","0.00000000"],["94109.71000000","0.00000000"],["94110.24000000","0.00000000"],["94110.96000000","0.00000000"],["94112.44000000","0.00531000"],["94112.56000000","0.11520000"],["94112.84000000","0.00000000"],["94113.00000000","0.00013000"],["94113.01000000","0.00000000"],["94113.02000000","0.00000000"],["94113.04000000","1.66163000"],["94113.52000000","2.00000000"],["94116.12000000","0.00000000"],["94116.25000000","0.00000000"],["94118.33000000","0.00000000"],["94118.34000000","0.00000000"],["94118.40000000","0.00000000"],["94118.41000000","0.00000000"],["94118.52000000","0.00000000"],["94119.62000000","0.04716000"],["94121.12000000","0.00000000"],["94121.52000000","0.00000000"],["94123.04000000","0.00000000"],["94123.05000000","0.00000000"],["94123.17000000","0.04243000"],["94131.17000000","0.76464000"],["94133.62000000","0.28138000"],["94134.51000000","0.00000000"],["94139.65000000","0.00000000"],["94148.06000000","0.00000000"],["94152.36000000","0.00000000"],["94153.01000000","0.10601000"],["94159.20000000","0.00000000"],["94166.92000000","0.05280000"],["94170.80000000","0.04800000"],["94222.82000000","0.00400000"],["94231.62000000","0.00000000"],["94245.23000000","0.00000000"],["95506.67000000","0.00000000"]],"b":[["94095.23000000","1.05092000"],["94095.22000000","0.00216000"],["94094.65000000","0.00000000"],["94094.55000000","0.12085000"],["94094.36000000","0.00010000"],["94094.34000000","0.00000000"],["94094.04000000","0.01361000"],["94093.62000000","0.00000000"],["94093.61000000","0.00000000"],["94093.14000000","0.00000000"],["94093.13000000","0.00000000"],["94092.76000000","0.00010000"],["94092.45000000","0.00000000"],["94091.94000000","0.00000000"],["94091.74000000","0.00000000"],["94091.73000000","0.00000000"],["94091.56000000","0.00006000"],["94091.27000000","0.04210000"],["94091.24000000","0.00382000"],["94091.23000000","0.00382000"],["94090.81000000","0.70128000"],["94090.50000000","0.04256000"],["94090.49000000","0.08000000"],["94090.18000000","0.00000000"],["94088.95000000","0.00000000"],["94087.01000000","0.00212000"],["94086.07000000","0.00000000"],["94086.06000000","0.00000000"],["94085.63000000","0.30960000"],["94084.96000000","0.00000000"],["94084.95000000","0.00000000"],["94084.71000000","0.00000000"],["94084.64000000","0.00106000"],["94084.20000000","0.31444000"],["94084.09000000","0.00000000"],["94081.96000000","0.43997000"],["94081.91000000","0.00000000"],["94079.56000000","0.21381000"],["94079.55000000","1.09436000"],["94078.33000000","0.00000000"],["94077.51000000","0.00531000"],["94077.41000000","0.21381000"],["94075.24000000","1.75059000"],["94073.64000000","0.00000000"],["94073.44000000","0.00000000"],["94073.01000000","0.00000000"],["94072.14000000","0.00000000"],["94071.08000000","0.44332000"],["94070.94000000","0.00000000"],["94070.93000000","0.00531000"],["94070.40000000","0.00000000"],["94069.64000000","1.00000000"],["94064.10000000","0.00000000"],["94062.28000000","0.05497000"],["94054.56000000","0.05280000"],["94053.35000000","0.00000000"],["94052.05000000","0.00000000"],["94051.65000000","0.00000000"],["94049.55000000","0.00000000"],["94049.05000000","0.00000000"],["94048.75000000","0.86634000"],["94046.65000000","0.00000000"],["94044.05000000","2.00000000"],["94029.20000000","0.00000000"],["94024.60000000","0.63747000"],["94014.30000000","0.00000000"],["94003.45000000","0.03422000"],["94001.81000000","0.00000000"],["93995.10000000","0.00000000"],["93971.44000000","0.05597000"],["93959.82000000","0.00000000"],["93956.72000000","1.75894000"],["92683.80000000","0.00100000"],["92646.95000000","0.04105000"],["92577.49000000","0.00000000"],["92529.99000000","0.02106000"],["84685.00000000","0.00000000"],["75276.19000000","0.00052000"],["33000.00000000","2.70601000"]],"s":"BTCUSDT","e":"depthUpdate","E":1745777423014,"U":67663545323,"u":67663545582}
Received message: {"p":"94095.24000000","a":3551019241,"q":"0.00061000","s":"BTCUSDT","T":1745777423330,"e":"aggTrade","E":1745777423330,"f":4855242570,"l":4855242570,"m":false,"M":true}
Received message: {"p":"94095.24000000","a":3551019241,"q":"0.00061000","s":"BTCUSDT","T":1745777423330,"e":"aggTrade","E":1745777423330,"f":4855242570,"l":4855242570,"m":false,"M":true}
Received message: {"p":"94095.24000000","a":3551019242,"q":"0.00009000","s":"BTCUSDT","T":1745777423803,"e":"aggTrade","E":1745777423804,"f":4855242571,"l":4855242571,"m":false,"M":true}
Received message: {"p":"94095.24000000","a":3551019242,"q":"0.00009000","s":"BTCUSDT","T":1745777423803,"e":"aggTrade","E":1745777423804,"f":4855242571,"l":4855242571,"m":false,"M":true}
Received message: {"a":[["94095.24000000","5.31172000"],["94113.05000000","0.00000000"],["94115.20000000","0.00008000"],["94124.84000000","1.67969000"],["94125.98000000","0.00000000"],["94157.30000000","0.43086000"],["94158.84000000","0.53143000"],["94159.19000000","0.42514000"],["94170.80000000","0.09600000"],["94243.22000000","0.00035000"],["95506.67000000","0.00100000"]],"b":[["94095.23000000","1.05108000"],["94095.22000000","0.00228000"],["94095.20000000","0.02018000"],["94095.19000000","0.00018000"],["94095.18000000","0.14778000"],["94095.11000000","0.00006000"],["94095.10000000","0.02134000"],["94095.08000000","0.00060000"],["94094.60000000","0.00000000"],["94094.39000000","0.00010000"],["94094.36000000","0.00000000"],["94091.56000000","0.00000000"],["94090.82000000","0.00012000"],["94090.50000000","0.04250000"],["94084.87000000","0.00000000"],["94081.97000000","0.00013000"],["94081.95000000","0.21381000"],["94076.49000000","0.00000000"],["94069.20000000","0.00000000"],["94068.34000000","0.00007000"],["94063.41000000","1.67620000"],["94058.51000000","0.30598000"],["94047.89000000","0.00000000"],["94046.38000000","1.51911000"],["93961.35000000","0.37222000"],["92683.80000000","0.00000000"],["92646.95000000","0.00000000"],["84685.00000000","0.00000000"],["75276.19000000","0.00052000"],["33000.00000000","2.70601000"],["20002.00000000","0.00000000"],["20001.00000000","0.03474000"]],"s":"BTCUSDT","e":"depthUpdate","E":1745777424014,"U":67663545583,"u":67663545670}
Received message: {"a":[["94095.24000000","5.31172000"],["94113.05000000","0.00000000"],["94115.20000000","0.00008000"],["94124.84000000","1.67969000"],["94125.98000000","0.00000000"],["94157.30000000","0.43086000"],["94158.84000000","0.53143000"],["94159.19000000","0.42514000"],["94170.80000000","0.09600000"],["94243.22000000","0.00035000"],["95506.67000000","0.00100000"]],"b":[["94095.23000000","1.05108000"],["94095.22000000","0.00228000"],["94095.20000000","0.02018000"],["94095.19000000","0.00018000"],["94095.18000000","0.14778000"],["94095.11000000","0.00006000"],["94095.10000000","0.02134000"],["94095.08000000","0.00060000"],["94094.60000000","0.00000000"],["94094.39000000","0.00010000"],["94094.36000000","0.00000000"],["94091.56000000","0.00000000"],["94090.82000000","0.00012000"],["94090.50000000","0.04250000"],["94084.87000000","0.00000000"],["94081.97000000","0.00013000"],["94081.95000000","0.21381000"],["94076.49000000","0.00000000"],["94069.20000000","0.00000000"],["94068.34000000","0.00007000"],["94063.41000000","1.67620000"],["94058.51000000","0.30598000"],["94047.89000000","0.00000000"],["94046.38000000","1.51911000"],["93961.35000000","0.37222000"],["92683.80000000","0.00000000"],["92646.95000000","0.00000000"],["84685.00000000","0.00000000"],["75276.19000000","0.00052000"],["33000.00000000","2.70601000"],["20002.00000000","0.00000000"],["20001.00000000","0.03474000"]],"s":"BTCUSDT","e":"depthUpdate","E":1745777424014,"U":67663545583,"u":67663545670}
Received message: {"p":"94095.23000000","a":3551019243,"q":"0.05519000","s":"BTCUSDT","T":1745777424483,"e":"aggTrade","E":1745777424483,"f":4855242572,"l":4855242572,"m":true,"M":true}
Received message: {"p":"94095.23000000","a":3551019243,"q":"0.05519000","s":"BTCUSDT","T":1745777424483,"e":"aggTrade","E":1745777424483,"f":4855242572,"l":4855242572,"m":true,"M":true}
Received message: {"p":"94095.23000000","a":3551019244,"q":"0.00105000","s":"BTCUSDT","T":1745777424497,"e":"aggTrade","E":1745777424497,"f":4855242573,"l":4855242573,"m":true,"M":true}
Received message: {"p":"94095.23000000","a":3551019244,"q":"0.00105000","s":"BTCUSDT","T":1745777424497,"e":"aggTrade","E":1745777424497,"f":4855242573,"l":4855242573,"m":true,"M":true}
Received message: {"p":"94095.23000000","a":3551019245,"q":"0.00010000","s":"BTCUSDT","T":1745777424575,"e":"aggTrade","E":1745777424575,"f":4855242574,"l":4855242574,"m":true,"M":true}
Received message: {"p":"94095.23000000","a":3551019245,"q":"0.00010000","s":"BTCUSDT","T":1745777424575,"e":"aggTrade","E":1745777424575,"f":4855242574,"l":4855242574,"m":true,"M":true}
Received message: {"a":[["94095.24000000","4.89187000"],["94097.69000000","0.00038000"],["94114.09000000","0.42514000"],["94123.47000000","0.05377000"],["94158.84000000","0.00000000"],["94159.77000000","0.53143000"],["94166.91000000","0.00006000"],["94222.82000000","0.00000000"],["94228.65000000","0.00408000"],["94229.62000000","1.31347000"],["94232.72000000","0.00000000"],["94302.15000000","6.68303000"],["94304.60000000","0.00000000"],["95506.67000000","0.00000000"]],"b":[["94095.23000000","0.99365000"],["94069.92000000","0.00000000"],["93886.84000000","0.00000000"],["93886.39000000","6.41940000"],["92683.80000000","0.00100000"],["84685.00000000","0.00000000"],["75276.19000000","0.00052000"],["33000.00000000","2.70601000"]],"s":"BTCUSDT","e":"depthUpdate","E":1745777425014,"U":67663545671,"u":67663545714}
Received message: {"a":[["94095.24000000","4.89187000"],["94097.69000000","0.00038000"],["94114.09000000","0.42514000"],["94123.47000000","0.05377000"],["94158.84000000","0.00000000"],["94159.77000000","0.53143000"],["94166.91000000","0.00006000"],["94222.82000000","0.00000000"],["94228.65000000","0.00408000"],["94229.62000000","1.31347000"],["94232.72000000","0.00000000"],["94302.15000000","6.68303000"],["94304.60000000","0.00000000"],["95506.67000000","0.00000000"]],"b":[["94095.23000000","0.99365000"],["94069.92000000","0.00000000"],["93886.84000000","0.00000000"],["93886.39000000","6.41940000"],["92683.80000000","0.00100000"],["84685.00000000","0.00000000"],["75276.19000000","0.00052000"],["33000.00000000","2.70601000"]],"s":"BTCUSDT","e":"depthUpdate","E":1745777425014,"U":67663545671,"u":67663545714}
Received message: {"p":"94095.24000000","a":3551019246,"q":"0.00021000","s":"BTCUSDT","T":1745777425527,"e":"aggTrade","E":1745777425528,"f":4855242575,"l":4855242575,"m":false,"M":true}
Received message: {"p":"94095.24000000","a":3551019246,"q":"0.00021000","s":"BTCUSDT","T":1745777425527,"e":"aggTrade","E":1745777425528,"f":4855242575,"l":4855242575,"m":false,"M":true}
Received message: {"a":[["94095.24000000","4.87811000"],["94096.84000000","0.01355000"],["94114.71000000","0.50854000"],["94117.75000000","0.95203000"],["94118.98000000","0.00000000"],["94301.70000000","6.39039000"],["94302.15000000","0.00000000"],["95506.67000000","0.00100000"]],"b":[["94095.23000000","0.99371000"],["94094.75000000","0.00010000"],["94094.39000000","0.00000000"],["94091.56000000","0.00212000"],["94087.01000000","0.00000000"],["94074.76000000","0.85468000"],["94069.56000000","1.71844000"],["93886.39000000","0.00000000"],["93886.38000000","6.48473000"],["92683.80000000","0.00000000"],["89300.00000000","0.68201000"],["84685.71000000","0.00038000"],["84685.00000000","0.00000000"],["75276.19000000","0.00052000"],["33000.00000000","2.70601000"]],"s":"BTCUSDT","e":"depthUpdate","E":1745777426014,"U":67663545715,"u":67663545753}
Received message: {"a":[["94095.24000000","4.87811000"],["94096.84000000","0.01355000"],["94114.71000000","0.50854000"],["94117.75000000","0.95203000"],["94118.98000000","0.00000000"],["94301.70000000","6.39039000"],["94302.15000000","0.00000000"],["95506.67000000","0.00100000"]],"b":[["94095.23000000","0.99371000"],["94094.75000000","0.00010000"],["94094.39000000","0.00000000"],["94091.56000000","0.00212000"],["94087.01000000","0.00000000"],["94074.76000000","0.85468000"],["94069.56000000","1.71844000"],["93886.39000000","0.00000000"],["93886.38000000","6.48473000"],["92683.80000000","0.00000000"],["89300.00000000","0.68201000"],["84685.71000000","0.00038000"],["84685.00000000","0.00000000"],["75276.19000000","0.00052000"],["33000.00000000","2.70601000"]],"s":"BTCUSDT","e":"depthUpdate","E":1745777426014,"U":67663545715,"u":67663545753}
Received message: {"p":"94095.23000000","a":3551019247,"q":"0.00009000","s":"BTCUSDT","T":1745777426202,"e":"aggTrade","E":1745777426203,"f":4855242576,"l":4855242576,"m":true,"M":true}
Received message: {"p":"94095.23000000","a":3551019247,"q":"0.00009000","s":"BTCUSDT","T":1745777426202,"e":"aggTrade","E":1745777426203,"f":4855242576,"l":4855242576,"m":true,"M":true}
Received message: {"p":"94095.24000000","a":3551019248,"q":"0.00034000","s":"BTCUSDT","T":1745777426339,"e":"aggTrade","E":1745777426339,"f":4855242577,"l":4855242577,"m":false,"M":true}
Received message: {"p":"94095.24000000","a":3551019248,"q":"0.00034000","s":"BTCUSDT","T":1745777426339,"e":"aggTrade","E":1745777426339,"f":4855242577,"l":4855242577,"m":false,"M":true}
Received message: {"p":"94095.24000000","a":3551019249,"q":"0.00186000","s":"BTCUSDT","T":1745777426522,"e":"aggTrade","E":1745777426523,"f":4855242578,"l":4855242578,"m":false,"M":true}
Received message: {"p":"94095.24000000","a":3551019249,"q":"0.00186000","s":"BTCUSDT","T":1745777426522,"e":"aggTrade","E":1745777426523,"f":4855242578,"l":4855242578,"m":false,"M":true}
Received message: {"p":"94095.24000000","a":3551019250,"q":"0.00132000","s":"BTCUSDT","T":1745777426523,"e":"aggTrade","E":1745777426523,"f":4855242579,"l":4855242579,"m":false,"M":true}
Received message: {"p":"94095.24000000","a":3551019250,"q":"0.00132000","s":"BTCUSDT","T":1745777426523,"e":"aggTrade","E":1745777426523,"f":4855242579,"l":4855242579,"m":false,"M":true}
Received message: {"p":"94095.24000000","a":3551019251,"q":"0.00011000","s":"BTCUSDT","T":1745777426952,"e":"aggTrade","E":1745777426952,"f":4855242580,"l":4855242580,"m":false,"M":true}
Received message: {"p":"94095.24000000","a":3551019251,"q":"0.00011000","s":"BTCUSDT","T":1745777426952,"e":"aggTrade","E":1745777426952,"f":4855242580,"l":4855242580,"m":false,"M":true}
Received message: {"a":[["94095.24000000","4.87508000"],["94095.25000000","0.00776000"],["94095.79000000","0.00000000"],["94095.80000000","0.00000000"],["94096.05000000","0.09659000"],["94096.68000000","0.00000000"],["94096.69000000","0.00000000"],["94099.27000000","0.00012000"],["94099.28000000","0.70116000"],["94099.46000000","0.00000000"],["94103.46000000","0.00000000"],["94104.38000000","0.00000000"],["94107.99000000","0.00000000"],["94108.81000000","0.00106000"],["94109.04000000","0.00013000"],["94109.05000000","0.00531000"],["94109.06000000","0.21381000"],["94110.28000000","1.00000000"],["94112.03000000","0.00000000"],["94113.00000000","0.00013000"],["94113.52000000","0.00000000"],["94115.09000000","0.00000000"],["94123.43000000","2.56010000"],["94123.47000000","0.58520000"],["94125.32000000","2.00000000"],["94130.76000000","0.00000000"],["94134.94000000","0.00000000"],["94159.77000000","0.00000000"],["94228.65000000","0.00008000"],["94242.70000000","0.00400000"],["95506.67000000","0.00000000"]],"b":[["94095.23000000","0.99375000"],["94095.22000000","0.00234000"],["94094.75000000","0.00000000"],["94094.04000000","0.01361000"],["94094.00000000","0.04256000"],["94093.87000000","0.00012000"],["94093.86000000","0.70126000"],["94091.56000000","0.00000000"],["94091.27000000","0.04204000"],["94090.82000000","0.00000000"],["94090.81000000","0.00000000"],["94090.50000000","0.04250000"],["94089.99000000","0.00106000"],["94088.95000000","0.00212000"],["94084.64000000","0.00000000"],["94084.61000000","0.01587000"],["94082.72000000","0.00000000"],["94075.54000000","1.00000000"],["94074.47000000","0.46031000"],["94071.08000000","0.00000000"],["94069.64000000","0.00000000"],["94068.34000000","0.00000000"],["94055.85000000","2.00000000"],["94046.38000000","0.76532000"],["94044.05000000","0.00000000"],["92683.80000000","0.00100000"],["86567.62000000","0.00012000"],["84685.71000000","0.00015000"],["84685.00000000","0.00000000"],["75276.19000000","0.00052000"],["42000.00000000","3.70683000"],["33000.00000000","2.70601000"]],"s":"BTCUSDT","e":"depthUpdate","E":1745777427014,"U":67663545754,"u":67663545870}
Received message: {"a":[["94095.24000000","4.87508000"],["94095.25000000","0.00776000"],["94095.79000000","0.00000000"],["94095.80000000","0.00000000"],["94096.05000000","0.09659000"],["94096.68000000","0.00000000"],["94096.69000000","0.00000000"],["94099.27000000","0.00012000"],["94099.28000000","0.70116000"],["94099.46000000","0.00000000"],["94103.46000000","0.00000000"],["94104.38000000","0.00000000"],["94107.99000000","0.00000000"],["94108.81000000","0.00106000"],["94109.04000000","0.00013000"],["94109.05000000","0.00531000"],["94109.06000000","0.21381000"],["94110.28000000","1.00000000"],["94112.03000000","0.00000000"],["94113.00000000","0.00013000"],["94113.52000000","0.00000000"],["94115.09000000","0.00000000"],["94123.43000000","2.56010000"],["94123.47000000","0.58520000"],["94125.32000000","2.00000000"],["94130.76000000","0.00000000"],["94134.94000000","0.00000000"],["94159.77000000","0.00000000"],["94228.65000000","0.00008000"],["94242.70000000","0.00400000"],["95506.67000000","0.00000000"]],"b":[["94095.23000000","0.99375000"],["94095.22000000","0.00234000"],["94094.75000000","0.00000000"],["94094.04000000","0.01361000"],["94094.00000000","0.04256000"],["94093.87000000","0.00012000"],["94093.86000000","0.70126000"],["94091.56000000","0.00000000"],["94091.27000000","0.04204000"],["94090.82000000","0.00000000"],["94090.81000000","0.00000000"],["94090.50000000","0.04250000"],["94089.99000000","0.00106000"],["94088.95000000","0.00212000"],["94084.64000000","0.00000000"],["94084.61000000","0.01587000"],["94082.72000000","0.00000000"],["94075.54000000","1.00000000"],["94074.47000000","0.46031000"],["94071.08000000","0.00000000"],["94069.64000000","0.00000000"],["94068.34000000","0.00000000"],["94055.85000000","2.00000000"],["94046.38000000","0.76532000"],["94044.05000000","0.00000000"],["92683.80000000","0.00100000"],["86567.62000000","0.00012000"],["84685.71000000","0.00015000"],["84685.00000000","0.00000000"],["75276.19000000","0.00052000"],["42000.00000000","3.70683000"],["33000.00000000","2.70601000"]],"s":"BTCUSDT","e":"depthUpdate","E":1745777427014,"U":67663545754,"u":67663545870}
Received message: {"p":"602.69000000","q":"0.56700000","s":"BNBUSDT","t":1041895757,"T":1745777427070,"e":"trade","E":1745777427070,"m":false,"M":true}
Received trade message: {"p":"602.69000000","q":"0.56700000","s":"BNBUSDT","t":1041895757,"T":1745777427070,"e":"trade","E":1745777427070,"m":false,"M":true}
Received message: {"p":"602.68000000","q":"0.01300000","s":"BNBUSDT","t":1041895758,"T":1745777427302,"e":"trade","E":1745777427302,"m":true,"M":true}
Received trade message: {"p":"602.68000000","q":"0.01300000","s":"BNBUSDT","t":1041895758,"T":1745777427302,"e":"trade","E":1745777427302,"m":true,"M":true}
Received message: {"p":"602.69000000","q":"0.03000000","s":"BNBUSDT","t":1041895759,"T":1745777427841,"e":"trade","E":1745777427842,"m":false,"M":true}
Received trade message: {"p":"602.69000000","q":"0.03000000","s":"BNBUSDT","t":1041895759,"T":1745777427841,"e":"trade","E":1745777427842,"m":false,"M":true}
Received message: {"p":"94095.24000000","a":3551019252,"q":"0.00009000","s":"BTCUSDT","T":1745777427657,"e":"aggTrade","E":1745777427658,"f":4855242581,"l":4855242581,"m":false,"M":true}
Received message: {"p":"94095.24000000","a":3551019252,"q":"0.00009000","s":"BTCUSDT","T":1745777427657,"e":"aggTrade","E":1745777427658,"f":4855242581,"l":4855242581,"m":false,"M":true}
Received message: {"p":"94095.24000000","a":3551019253,"q":"0.00010000","s":"BTCUSDT","T":1745777427664,"e":"aggTrade","E":1745777427664,"f":4855242582,"l":4855242582,"m":false,"M":true}
Received message: {"p":"94095.24000000","a":3551019253,"q":"0.00010000","s":"BTCUSDT","T":1745777427664,"e":"aggTrade","E":1745777427664,"f":4855242582,"l":4855242582,"m":false,"M":true}
Received message: {"p":"602.68000000","q":"0.00900000","s":"BNBUSDT","t":1041895760,"T":1745777427976,"e":"trade","E":1745777427977,"m":true,"M":true}
Received trade message: {"p":"602.68000000","q":"0.00900000","s":"BNBUSDT","t":1041895760,"T":1745777427976,"e":"trade","E":1745777427977,"m":true,"M":true}
Received message: {"p":"602.68000000","q":"0.00900000","s":"BNBUSDT","t":1041895761,"T":1745777427976,"e":"trade","E":1745777427977,"m":true,"M":true}
Received trade message: {"p":"602.68000000","q":"0.00900000","s":"BNBUSDT","t":1041895761,"T":1745777427976,"e":"trade","E":1745777427977,"m":true,"M":true}
Received message: {"p":"602.68000000","q":"0.00900000","s":"BNBUSDT","t":1041895762,"T":1745777427976,"e":"trade","E":1745777427977,"m":true,"M":true}
Received trade message: {"p":"602.68000000","q":"0.00900000","s":"BNBUSDT","t":1041895762,"T":1745777427976,"e":"trade","E":1745777427977,"m":true,"M":true}
Received message: {"p":"602.68000000","q":"0.00900000","s":"BNBUSDT","t":1041895763,"T":1745777427976,"e":"trade","E":1745777427977,"m":true,"M":true}
Received trade message: {"p":"602.68000000","q":"0.00900000","s":"BNBUSDT","t":1041895763,"T":1745777427976,"e":"trade","E":1745777427977,"m":true,"M":true}
Received message: {"p":"602.68000000","q":"0.00900000","s":"BNBUSDT","t":1041895764,"T":1745777427976,"e":"trade","E":1745777427977,"m":true,"M":true}
Received trade message: {"p":"602.68000000","q":"0.00900000","s":"BNBUSDT","t":1041895764,"T":1745777427976,"e":"trade","E":1745777427977,"m":true,"M":true}
Received message: {"p":"602.68000000","q":"0.00900000","s":"BNBUSDT","t":1041895765,"T":1745777427976,"e":"trade","E":1745777427977,"m":true,"M":true}
Received trade message: {"p":"602.68000000","q":"0.00900000","s":"BNBUSDT","t":1041895765,"T":1745777427976,"e":"trade","E":1745777427977,"m":true,"M":true}
Received message: {"p":"602.68000000","q":"0.04200000","s":"BNBUSDT","t":1041895766,"T":1745777427976,"e":"trade","E":1745777427977,"m":true,"M":true}
Received trade message: {"p":"602.68000000","q":"0.04200000","s":"BNBUSDT","t":1041895766,"T":1745777427976,"e":"trade","E":1745777427977,"m":true,"M":true}
Received message: {"p":"602.68000000","q":"0.03700000","s":"BNBUSDT","t":1041895767,"T":1745777427976,"e":"trade","E":1745777427977,"m":true,"M":true}
Received trade message: {"p":"602.68000000","q":"0.03700000","s":"BNBUSDT","t":1041895767,"T":1745777427976,"e":"trade","E":1745777427977,"m":true,"M":true}
Received message: {"p":"602.68000000","q":"0.05000000","s":"BNBUSDT","t":1041895768,"T":1745777427976,"e":"trade","E":1745777427977,"m":true,"M":true}
Received trade message: {"p":"602.68000000","q":"0.05000000","s":"BNBUSDT","t":1041895768,"T":1745777427976,"e":"trade","E":1745777427977,"m":true,"M":true}
Received message: {"p":"602.68000000","q":"1.12900000","s":"BNBUSDT","t":1041895769,"T":1745777427976,"e":"trade","E":1745777427977,"m":true,"M":true}
Received trade message: {"p":"602.68000000","q":"1.12900000","s":"BNBUSDT","t":1041895769,"T":1745777427976,"e":"trade","E":1745777427977,"m":true,"M":true}
Received message: {"p":"602.68000000","q":"0.60000000","s":"BNBUSDT","t":1041895770,"T":1745777427981,"e":"trade","E":1745777427981,"m":true,"M":true}
Received trade message: {"p":"602.68000000","q":"0.60000000","s":"BNBUSDT","t":1041895770,"T":1745777427981,"e":"trade","E":1745777427981,"m":true,"M":true}
Received message: {"p":"602.68000000","q":"0.00900000","s":"BNBUSDT","t":1041895771,"T":1745777427981,"e":"trade","E":1745777427981,"m":true,"M":true}
Received trade message: {"p":"602.68000000","q":"0.00900000","s":"BNBUSDT","t":1041895771,"T":1745777427981,"e":"trade","E":1745777427981,"m":true,"M":true}
Received message: {"p":"602.68000000","q":"0.00900000","s":"BNBUSDT","t":1041895772,"T":1745777427981,"e":"trade","E":1745777427981,"m":true,"M":true}
Received trade message: {"p":"602.68000000","q":"0.00900000","s":"BNBUSDT","t":1041895772,"T":1745777427981,"e":"trade","E":1745777427981,"m":true,"M":true}
Received message: {"p":"602.68000000","q":"0.00900000","s":"BNBUSDT","t":1041895773,"T":1745777427981,"e":"trade","E":1745777427981,"m":true,"M":true}
Received trade message: {"p":"602.68000000","q":"0.00900000","s":"BNBUSDT","t":1041895773,"T":1745777427981,"e":"trade","E":1745777427981,"m":true,"M":true}
Received message: {"p":"602.68000000","q":"0.00900000","s":"BNBUSDT","t":1041895774,"T":1745777427981,"e":"trade","E":1745777427981,"m":true,"M":true}
Received trade message: {"p":"602.68000000","q":"0.00900000","s":"BNBUSDT","t":1041895774,"T":1745777427981,"e":"trade","E":1745777427981,"m":true,"M":true}
Received message: {"p":"602.68000000","q":"0.00900000","s":"BNBUSDT","t":1041895775,"T":1745777427981,"e":"trade","E":1745777427981,"m":true,"M":true}
Received trade message: {"p":"602.68000000","q":"0.00900000","s":"BNBUSDT","t":1041895775,"T":1745777427981,"e":"trade","E":1745777427981,"m":true,"M":true}
Received message: {"p":"602.68000000","q":"0.00900000","s":"BNBUSDT","t":1041895776,"T":1745777427981,"e":"trade","E":1745777427981,"m":true,"M":true}
Received trade message: {"p":"602.68000000","q":"0.00900000","s":"BNBUSDT","t":1041895776,"T":1745777427981,"e":"trade","E":1745777427981,"m":true,"M":true}
Received message: {"p":"602.68000000","q":"0.00900000","s":"BNBUSDT","t":1041895777,"T":1745777427981,"e":"trade","E":1745777427981,"m":true,"M":true}
Received trade message: {"p":"602.68000000","q":"0.00900000","s":"BNBUSDT","t":1041895777,"T":1745777427981,"e":"trade","E":1745777427981,"m":true,"M":true}
Received message: {"p":"602.68000000","q":"0.00900000","s":"BNBUSDT","t":1041895778,"T":1745777427981,"e":"trade","E":1745777427981,"m":true,"M":true}
Received trade message: {"p":"602.68000000","q":"0.00900000","s":"BNBUSDT","t":1041895778,"T":1745777427981,"e":"trade","E":1745777427981,"m":true,"M":true}
Received message: {"p":"602.67000000","q":"0.00900000","s":"BNBUSDT","t":1041895779,"T":1745777428052,"e":"trade","E":1745777428053,"m":true,"M":true}
Received trade message: {"p":"602.67000000","q":"0.00900000","s":"BNBUSDT","t":1041895779,"T":1745777428052,"e":"trade","E":1745777428053,"m":true,"M":true}
Received message: {"p":"602.67000000","q":"0.00900000","s":"BNBUSDT","t":1041895780,"T":1745777428052,"e":"trade","E":1745777428053,"m":true,"M":true}
Received trade message: {"p":"602.67000000","q":"0.00900000","s":"BNBUSDT","t":1041895780,"T":1745777428052,"e":"trade","E":1745777428053,"m":true,"M":true}
Received message: {"p":"602.67000000","q":"0.00900000","s":"BNBUSDT","t":1041895781,"T":1745777428052,"e":"trade","E":1745777428053,"m":true,"M":true}
Received trade message: {"p":"602.67000000","q":"0.00900000","s":"BNBUSDT","t":1041895781,"T":1745777428052,"e":"trade","E":1745777428053,"m":true,"M":true}
Received message: {"p":"602.67000000","q":"0.00900000","s":"BNBUSDT","t":1041895782,"T":1745777428052,"e":"trade","E":1745777428053,"m":true,"M":true}
Received trade message: {"p":"602.67000000","q":"0.00900000","s":"BNBUSDT","t":1041895782,"T":1745777428052,"e":"trade","E":1745777428053,"m":true,"M":true}
Received message: {"p":"602.67000000","q":"0.00900000","s":"BNBUSDT","t":1041895783,"T":1745777428052,"e":"trade","E":1745777428053,"m":true,"M":true}
Received trade message: {"p":"602.67000000","q":"0.00900000","s":"BNBUSDT","t":1041895783,"T":1745777428052,"e":"trade","E":1745777428053,"m":true,"M":true}
Received message: {"p":"602.67000000","q":"0.00900000","s":"BNBUSDT","t":1041895784,"T":1745777428052,"e":"trade","E":1745777428053,"m":true,"M":true}
Received trade message: {"p":"602.67000000","q":"0.00900000","s":"BNBUSDT","t":1041895784,"T":1745777428052,"e":"trade","E":1745777428053,"m":true,"M":true}
Received message: {"a":[["94095.24000000","4.33819000"],["94095.25000000","0.00788000"],["94095.50000000","0.00006000"],["94095.51000000","0.00000000"],["94095.52000000","0.00000000"],["94096.69000000","0.00010000"],["94097.48000000","0.00382000"],["94098.02000000","0.00382000"],["94109.05000000","0.00000000"],["94110.24000000","0.00531000"],["94112.44000000","0.00000000"],["94113.99000000","0.00531000"],["94114.47000000","0.53143000"],["94123.47000000","0.05377000"],["94124.40000000","1.61624000"],["94124.84000000","0.00000000"],["94132.87000000","0.00774000"],["94147.06000000","0.00194000"],["94160.20000000","0.53995000"],["94228.59000000","0.00000000"],["94242.70000000","0.00000000"],["94250.35000000","0.00406000"],["95506.67000000","0.00100000"]],"b":[["94095.23000000","1.01595000"],["94094.90000000","0.00010000"],["94085.63000000","0.31404000"],["94082.95000000","0.00000000"],["94069.57000000","2.22759000"],["94069.55000000","0.00000000"],["94066.10000000","1.69791000"],["94063.41000000","0.00000000"],["94056.42000000","0.00017000"],["93890.74000000","0.00555000"],["93870.80000000","0.00000000"],["92683.80000000","0.00000000"],["86567.62000000","0.00000000"],["84685.71000000","0.00038000"],["84685.00000000","0.00000000"],["75276.19000000","0.00052000"],["33000.00000000","2.70601000"]],"s":"BTCUSDT","e":"depthUpdate","E":1745777428014,"U":67663545871,"u":67663545939}
Received message: {"a":[["94095.24000000","4.33819000"],["94095.25000000","0.00788000"],["94095.50000000","0.00006000"],["94095.51000000","0.00000000"],["94095.52000000","0.00000000"],["94096.69000000","0.00010000"],["94097.48000000","0.00382000"],["94098.02000000","0.00382000"],["94109.05000000","0.00000000"],["94110.24000000","0.00531000"],["94112.44000000","0.00000000"],["94113.99000000","0.00531000"],["94114.47000000","0.53143000"],["94123.47000000","0.05377000"],["94124.40000000","1.61624000"],["94124.84000000","0.00000000"],["94132.87000000","0.00774000"],["94147.06000000","0.00194000"],["94160.20000000","0.53995000"],["94228.59000000","0.00000000"],["94242.70000000","0.00000000"],["94250.35000000","0.00406000"],["95506.67000000","0.00100000"]],"b":[["94095.23000000","1.01595000"],["94094.90000000","0.00010000"],["94085.63000000","0.31404000"],["94082.95000000","0.00000000"],["94069.57000000","2.22759000"],["94069.55000000","0.00000000"],["94066.10000000","1.69791000"],["94063.41000000","0.00000000"],["94056.42000000","0.00017000"],["93890.74000000","0.00555000"],["93870.80000000","0.00000000"],["92683.80000000","0.00000000"],["86567.62000000","0.00000000"],["84685.71000000","0.00038000"],["84685.00000000","0.00000000"],["75276.19000000","0.00052000"],["33000.00000000","2.70601000"]],"s":"BTCUSDT","e":"depthUpdate","E":1745777428014,"U":67663545871,"u":67663545939}
Received message: {"p":"94095.23000000","a":3551019254,"q":"0.00021000","s":"BTCUSDT","T":1745777428050,"e":"aggTrade","E":1745777428050,"f":4855242583,"l":4855242583,"m":true,"M":true}
Received message: {"p":"94095.23000000","a":3551019254,"q":"0.00021000","s":"BTCUSDT","T":1745777428050,"e":"aggTrade","E":1745777428050,"f":4855242583,"l":4855242583,"m":true,"M":true}
Received message: {"p":"94095.23000000","a":3551019255,"q":"0.00049000","s":"BTCUSDT","T":1745777428072,"e":"aggTrade","E":1745777428073,"f":4855242584,"l":4855242584,"m":true,"M":true}
Received message: {"p":"94095.23000000","a":3551019255,"q":"0.00049000","s":"BTCUSDT","T":1745777428072,"e":"aggTrade","E":1745777428073,"f":4855242584,"l":4855242584,"m":true,"M":true}
Received message: {"a":[["94095.24000000","4.34348000"],["94099.27000000","0.00000000"],["94099.28000000","0.00000000"],["94099.46000000","0.00012000"],["94100.90000000","0.00000000"],["94102.34000000","0.00023000"],["94103.10000000","0.00024000"],["94103.14000000","0.70113000"],["94104.96000000","0.00106000"],["94108.81000000","0.00000000"],["94124.33000000","0.01661000"],["94131.17000000","0.00000000"],["94151.97000000","0.76447000"],["94239.33000000","0.14874000"],["94243.22000000","0.00035000"],["95506.67000000","0.00000000"]],"b":[["94095.23000000","1.01493000"],["94094.04000000","0.01361000"],["94094.00000000","0.00000000"],["94091.27000000","0.04210000"],["94089.99000000","0.00000000"],["94086.14000000","0.00106000"],["94066.90000000","0.00000000"],["94065.79000000","0.15900000"],["94064.75000000","0.00000000"],["94060.97000000","0.76521000"],["94049.82000000","0.01661000"],["94035.84000000","0.69698000"],["94035.83000000","0.00000000"],["93988.01000000","0.00000000"],["93985.01000000","0.19989000"],["93981.26000000","0.00000000"],["93981.20000000","0.00000000"],["93949.26000000","0.03798000"],["92683.80000000","0.00100000"],["88032.54000000","0.00000000"],["84685.71000000","0.00015000"],["84685.00000000","0.00000000"],["75276.19000000","0.00052000"],["42000.00000000","3.70583000"],["33000.00000000","2.70601000"],["20002.00000000","0.00000000"],["20001.00000000","0.03474000"]],"s":"BTCUSDT","e":"depthUpdate","E":1745777429014,"U":67663545940,"u":67663546016}
Received message: {"a":[["94095.24000000","4.34348000"],["94099.27000000","0.00000000"],["94099.28000000","0.00000000"],["94099.46000000","0.00012000"],["94100.90000000","0.00000000"],["94102.34000000","0.00023000"],["94103.10000000","0.00024000"],["94103.14000000","0.70113000"],["94104.96000000","0.00106000"],["94108.81000000","0.00000000"],["94124.33000000","0.01661000"],["94131.17000000","0.00000000"],["94151.97000000","0.76447000"],["94239.33000000","0.14874000"],["94243.22000000","0.00035000"],["95506.67000000","0.00000000"]],"b":[["94095.23000000","1.01493000"],["94094.04000000","0.01361000"],["94094.00000000","0.00000000"],["94091.27000000","0.04210000"],["94089.99000000","0.00000000"],["94086.14000000","0.00106000"],["94066.90000000","0.00000000"],["94065.79000000","0.15900000"],["94064.75000000","0.00000000"],["94060.97000000","0.76521000"],["94049.82000000","0.01661000"],["94035.84000000","0.69698000"],["94035.83000000","0.00000000"],["93988.01000000","0.00000000"],["93985.01000000","0.19989000"],["93981.26000000","0.00000000"],["93981.20000000","0.00000000"],["93949.26000000","0.03798000"],["92683.80000000","0.00100000"],["88032.54000000","0.00000000"],["84685.71000000","0.00015000"],["84685.00000000","0.00000000"],["75276.19000000","0.00052000"],["42000.00000000","3.70583000"],["33000.00000000","2.70601000"],["20002.00000000","0.00000000"],["20001.00000000","0.03474000"]],"s":"BTCUSDT","e":"depthUpdate","E":1745777429014,"U":67663545940,"u":67663546016}
Received message: {"p":"94095.24000000","a":3551019256,"q":"0.00149000","s":"BTCUSDT","T":1745777429210,"e":"aggTrade","E":1745777429211,"f":4855242585,"l":4855242585,"m":false,"M":true}
Received message: {"p":"94095.24000000","a":3551019256,"q":"0.00149000","s":"BTCUSDT","T":1745777429210,"e":"aggTrade","E":1745777429211,"f":4855242585,"l":4855242585,"m":false,"M":true}
Received message: {"p":"602.66000000","q":"0.00900000","s":"BNBUSDT","t":1041895785,"T":1745777429274,"e":"trade","E":1745777429275,"m":true,"M":true}
Received trade message: {"p":"602.66000000","q":"0.00900000","s":"BNBUSDT","t":1041895785,"T":1745777429274,"e":"trade","E":1745777429275,"m":true,"M":true}
Received message: {"p":"602.66000000","q":"0.00900000","s":"BNBUSDT","t":1041895786,"T":1745777429274,"e":"trade","E":1745777429275,"m":true,"M":true}
Received trade message: {"p":"602.66000000","q":"0.00900000","s":"BNBUSDT","t":1041895786,"T":1745777429274,"e":"trade","E":1745777429275,"m":true,"M":true}
Received message: {"p":"94095.23000000","a":3551019257,"q":"0.00151000","s":"BTCUSDT","T":1745777429390,"e":"aggTrade","E":1745777429391,"f":4855242586,"l":4855242586,"m":true,"M":true}
Received message: {"p":"94095.23000000","a":3551019257,"q":"0.00151000","s":"BTCUSDT","T":1745777429390,"e":"aggTrade","E":1745777429391,"f":4855242586,"l":4855242586,"m":true,"M":true}
Received message: {"p":"94095.23000000","a":3551019258,"q":"0.00006000","s":"BTCUSDT","T":1745777429458,"e":"aggTrade","E":1745777429459,"f":4855242587,"l":4855242587,"m":true,"M":true}
Received message: {"p":"94095.23000000","a":3551019258,"q":"0.00006000","s":"BTCUSDT","T":1745777429458,"e":"aggTrade","E":1745777429459,"f":4855242587,"l":4855242587,"m":true,"M":true}
Received message: {"p":"602.67000000","q":"0.03000000","s":"BNBUSDT","t":1041895787,"T":1745777429577,"e":"trade","E":1745777429578,"m":false,"M":true}
Received trade message: {"p":"602.67000000","q":"0.03000000","s":"BNBUSDT","t":1041895787,"T":1745777429577,"e":"trade","E":1745777429578,"m":false,"M":true}
Received message: {"p":"94095.23000000","a":3551019259,"q":"0.00019000","s":"BTCUSDT","T":1745777429566,"e":"aggTrade","E":1745777429567,"f":4855242588,"l":4855242588,"m":true,"M":true}
Received message: {"p":"94095.23000000","a":3551019259,"q":"0.00019000","s":"BTCUSDT","T":1745777429566,"e":"aggTrade","E":1745777429567,"f":4855242588,"l":4855242588,"m":true,"M":true}
Received message: {"a":[["94095.24000000","4.31918000"],["94095.25000000","0.00794000"],["94098.42000000","0.02082000"],["94109.26000000","1.00000000"],["94110.28000000","0.00000000"],["94113.08000000","0.00000000"],["94123.28000000","2.00000000"],["94124.33000000","0.00000000"],["94125.32000000","0.00000000"],["94126.99000000","1.09577000"],["94130.92000000","0.00000000"],["94160.25000000","0.00599000"],["94166.91000000","0.00000000"],["94173.95000000","0.00599000"],["94187.25000000","0.00599000"],["94256.36000000","0.00000000"],["95506.67000000","0.00100000"]],"b":[["94095.23000000","1.12809000"],["94089.85000000","0.00007000"],["94065.79000000","0.00000000"],["94064.29000000","0.15900000"],["94063.17000000","0.00000000"],["94059.00000000","0.00000000"],["94049.82000000","0.00000000"],["94037.52000000","0.00000000"],["94030.53000000","0.00000000"],["93961.58000000","0.03998000"],["93959.01000000","0.03998000"],["93954.78000000","0.03998000"],["93912.14000000","0.00000000"],["92683.80000000","0.00000000"],["89390.47000000","0.00010000"],["84685.00000000","0.00000000"],["75276.19000000","0.00052000"],["60000.00000000","88.75209000"],["33811.76000000","0.00036000"],["33806.18000000","0.03060000"],["33803.19000000","0.00072000"],["33799.45000000","0.00018000"],["33796.85000000","0.00162000"],["33796.74000000","0.00036000"],["33793.87000000","0.00018000"],["33793.04000000","0.01944000"],["33000.00000000","2.70601000"]],"s":"BTCUSDT","e":"depthUpdate","E":1745777430014,"U":67663546017,"u":67663546090}
Received message: {"a":[["94095.24000000","4.31918000"],["94095.25000000","0.00794000"],["94098.42000000","0.02082000"],["94109.26000000","1.00000000"],["94110.28000000","0.00000000"],["94113.08000000","0.00000000"],["94123.28000000","2.00000000"],["94124.33000000","0.00000000"],["94125.32000000","0.00000000"],["94126.99000000","1.09577000"],["94130.92000000","0.00000000"],["94160.25000000","0.00599000"],["94166.91000000","0.00000000"],["94173.95000000","0.00599000"],["94187.25000000","0.00599000"],["94256.36000000","0.00000000"],["95506.67000000","0.00100000"]],"b":[["94095.23000000","1.12809000"],["94089.85000000","0.00007000"],["94065.79000000","0.00000000"],["94064.29000000","0.15900000"],["94063.17000000","0.00000000"],["94059.00000000","0.00000000"],["94049.82000000","0.00000000"],["94037.52000000","0.00000000"],["94030.53000000","0.00000000"],["93961.58000000","0.03998000"],["93959.01000000","0.03998000"],["93954.78000000","0.03998000"],["93912.14000000","0.00000000"],["92683.80000000","0.00000000"],["89390.47000000","0.00010000"],["84685.00000000","0.00000000"],["75276.19000000","0.00052000"],["60000.00000000","88.75209000"],["33811.76000000","0.00036000"],["33806.18000000","0.03060000"],["33803.19000000","0.00072000"],["33799.45000000","0.00018000"],["33796.85000000","0.00162000"],["33796.74000000","0.00036000"],["33793.87000000","0.00018000"],["33793.04000000","0.01944000"],["33000.00000000","2.70601000"]],"s":"BTCUSDT","e":"depthUpdate","E":1745777430014,"U":67663546017,"u":67663546090}
Received message: {"p":"602.67000000","q":"0.00800000","s":"BNBUSDT","t":1041895788,"T":1745777430102,"e":"trade","E":1745777430102,"m":false,"M":true}
Received trade message: {"p":"602.67000000","q":"0.00800000","s":"BNBUSDT","t":1041895788,"T":1745777430102,"e":"trade","E":1745777430102,"m":false,"M":true}
Received message: {"p":"94095.24000000","a":3551019260,"q":"0.08391000","s":"BTCUSDT","T":1745777430485,"e":"aggTrade","E":1745777430485,"f":4855242589,"l":4855242589,"m":false,"M":true}
Received message: {"p":"94095.24000000","a":3551019260,"q":"0.08391000","s":"BTCUSDT","T":1745777430485,"e":"aggTrade","E":1745777430485,"f":4855242589,"l":4855242589,"m":false,"M":true}
Received message: {"p":"94095.24000000","a":3551019261,"q":"0.00069000","s":"BTCUSDT","T":1745777430537,"e":"aggTrade","E":1745777430538,"f":4855242590,"l":4855242590,"m":false,"M":true}
Received message: {"p":"94095.24000000","a":3551019261,"q":"0.00069000","s":"BTCUSDT","T":1745777430537,"e":"aggTrade","E":1745777430538,"f":4855242590,"l":4855242590,"m":false,"M":true}
Received message: {"p":"94095.23000000","a":3551019262,"q":"0.00027000","s":"BTCUSDT","T":1745777430543,"e":"aggTrade","E":1745777430543,"f":4855242591,"l":4855242591,"m":true,"M":true}
Received message: {"p":"94095.23000000","a":3551019262,"q":"0.00027000","s":"BTCUSDT","T":1745777430543,"e":"aggTrade","E":1745777430543,"f":4855242591,"l":4855242591,"m":true,"M":true}
Received message: {"p":"94095.23000000","a":3551019263,"q":"0.00218000","s":"BTCUSDT","T":1745777430650,"e":"aggTrade","E":1745777430651,"f":4855242592,"l":4855242592,"m":true,"M":true}
Received message: {"p":"94095.23000000","a":3551019263,"q":"0.00218000","s":"BTCUSDT","T":1745777430650,"e":"aggTrade","E":1745777430651,"f":4855242592,"l":4855242592,"m":true,"M":true}
Received message: {"p":"94095.23000000","a":3551019264,"q":"0.00218000","s":"BTCUSDT","T":1745777430650,"e":"aggTrade","E":1745777430651,"f":4855242593,"l":4855242593,"m":true,"M":true}
Received message: {"p":"94095.23000000","a":3551019264,"q":"0.00218000","s":"BTCUSDT","T":1745777430650,"e":"aggTrade","E":1745777430651,"f":4855242593,"l":4855242593,"m":true,"M":true}
Received message: {"p":"94095.23000000","a":3551019265,"q":"0.00090000","s":"BTCUSDT","T":1745777430650,"e":"aggTrade","E":1745777430651,"f":4855242594,"l":4855242594,"m":true,"M":true}
Received message: {"p":"94095.23000000","a":3551019265,"q":"0.00090000","s":"BTCUSDT","T":1745777430650,"e":"aggTrade","E":1745777430651,"f":4855242594,"l":4855242594,"m":true,"M":true}
Received message: {"p":"602.66000000","q":"0.00900000","s":"BNBUSDT","t":1041895789,"T":1745777430645,"e":"trade","E":1745777430645,"m":true,"M":true}
Received trade message: {"p":"602.66000000","q":"0.00900000","s":"BNBUSDT","t":1041895789,"T":1745777430645,"e":"trade","E":1745777430645,"m":true,"M":true}
Received message: {"p":"602.66000000","q":"0.02300000","s":"BNBUSDT","t":1041895790,"T":1745777430645,"e":"trade","E":1745777430645,"m":true,"M":true}
Received trade message: {"p":"602.66000000","q":"0.02300000","s":"BNBUSDT","t":1041895790,"T":1745777430645,"e":"trade","E":1745777430645,"m":true,"M":true}
Received message: {"p":"602.66000000","q":"0.24800000","s":"BNBUSDT","t":1041895791,"T":1745777430645,"e":"trade","E":1745777430645,"m":true,"M":true}
Received trade message: {"p":"602.66000000","q":"0.24800000","s":"BNBUSDT","t":1041895791,"T":1745777430645,"e":"trade","E":1745777430645,"m":true,"M":true}
Received message: {"p":"602.66000000","q":"0.01500000","s":"BNBUSDT","t":1041895792,"T":1745777430645,"e":"trade","E":1745777430645,"m":true,"M":true}
Received trade message: {"p":"602.66000000","q":"0.01500000","s":"BNBUSDT","t":1041895792,"T":1745777430645,"e":"trade","E":1745777430645,"m":true,"M":true}
Received message: {"p":"602.66000000","q":"0.00900000","s":"BNBUSDT","t":1041895793,"T":1745777430645,"e":"trade","E":1745777430645,"m":true,"M":true}
Received trade message: {"p":"602.66000000","q":"0.00900000","s":"BNBUSDT","t":1041895793,"T":1745777430645,"e":"trade","E":1745777430645,"m":true,"M":true}
Received message: {"p":"602.66000000","q":"0.00900000","s":"BNBUSDT","t":1041895794,"T":1745777430645,"e":"trade","E":1745777430645,"m":true,"M":true}
Received trade message: {"p":"602.66000000","q":"0.00900000","s":"BNBUSDT","t":1041895794,"T":1745777430645,"e":"trade","E":1745777430645,"m":true,"M":true}
Received message: {"p":"602.66000000","q":"0.00900000","s":"BNBUSDT","t":1041895795,"T":1745777430645,"e":"trade","E":1745777430645,"m":true,"M":true}
Received trade message: {"p":"602.66000000","q":"0.00900000","s":"BNBUSDT","t":1041895795,"T":1745777430645,"e":"trade","E":1745777430645,"m":true,"M":true}
Received message: {"p":"602.66000000","q":"0.00900000","s":"BNBUSDT","t":1041895796,"T":1745777430645,"e":"trade","E":1745777430645,"m":true,"M":true}
Received trade message: {"p":"602.66000000","q":"0.00900000","s":"BNBUSDT","t":1041895796,"T":1745777430645,"e":"trade","E":1745777430645,"m":true,"M":true}
Received message: {"p":"602.66000000","q":"0.00900000","s":"BNBUSDT","t":1041895797,"T":1745777430645,"e":"trade","E":1745777430645,"m":true,"M":true}
Received trade message: {"p":"602.66000000","q":"0.00900000","s":"BNBUSDT","t":1041895797,"T":1745777430645,"e":"trade","E":1745777430645,"m":true,"M":true}
Received message: {"p":"602.66000000","q":"0.00900000","s":"BNBUSDT","t":1041895798,"T":1745777430645,"e":"trade","E":1745777430645,"m":true,"M":true}
Received trade message: {"p":"602.66000000","q":"0.00900000","s":"BNBUSDT","t":1041895798,"T":1745777430645,"e":"trade","E":1745777430645,"m":true,"M":true}
Received message: {"p":"602.66000000","q":"1.72900000","s":"BNBUSDT","t":1041895799,"T":1745777430645,"e":"trade","E":1745777430645,"m":true,"M":true}
Received trade message: {"p":"602.66000000","q":"1.72900000","s":"BNBUSDT","t":1041895799,"T":1745777430645,"e":"trade","E":1745777430645,"m":true,"M":true}
Received message: {"p":"602.66000000","q":"0.00900000","s":"BNBUSDT","t":1041895800,"T":1745777430645,"e":"trade","E":1745777430646,"m":true,"M":true}
Received trade message: {"p":"602.66000000","q":"0.00900000","s":"BNBUSDT","t":1041895800,"T":1745777430645,"e":"trade","E":1745777430646,"m":true,"M":true}
Received message: {"p":"602.66000000","q":"0.00900000","s":"BNBUSDT","t":1041895801,"T":1745777430645,"e":"trade","E":1745777430646,"m":true,"M":true}
Received trade message: {"p":"602.66000000","q":"0.00900000","s":"BNBUSDT","t":1041895801,"T":1745777430645,"e":"trade","E":1745777430646,"m":true,"M":true}
Received message: {"p":"602.66000000","q":"0.00900000","s":"BNBUSDT","t":1041895802,"T":1745777430645,"e":"trade","E":1745777430646,"m":true,"M":true}
Received trade message: {"p":"602.66000000","q":"0.00900000","s":"BNBUSDT","t":1041895802,"T":1745777430645,"e":"trade","E":1745777430646,"m":true,"M":true}
Received message: {"p":"602.66000000","q":"0.00900000","s":"BNBUSDT","t":1041895803,"T":1745777430645,"e":"trade","E":1745777430646,"m":true,"M":true}
Received trade message: {"p":"602.66000000","q":"0.00900000","s":"BNBUSDT","t":1041895803,"T":1745777430645,"e":"trade","E":1745777430646,"m":true,"M":true}
Received message: {"p":"602.65000000","q":"0.00900000","s":"BNBUSDT","t":1041895804,"T":1745777430645,"e":"trade","E":1745777430646,"m":true,"M":true}
Received trade message: {"p":"602.65000000","q":"0.00900000","s":"BNBUSDT","t":1041895804,"T":1745777430645,"e":"trade","E":1745777430646,"m":true,"M":true}
Received message: {"p":"602.65000000","q":"0.00900000","s":"BNBUSDT","t":1041895805,"T":1745777430645,"e":"trade","E":1745777430646,"m":true,"M":true}
Received trade message: {"p":"602.65000000","q":"0.00900000","s":"BNBUSDT","t":1041895805,"T":1745777430645,"e":"trade","E":1745777430646,"m":true,"M":true}
Received message: {"p":"602.65000000","q":"0.00900000","s":"BNBUSDT","t":1041895806,"T":1745777430645,"e":"trade","E":1745777430646,"m":true,"M":true}
Received trade message: {"p":"602.65000000","q":"0.00900000","s":"BNBUSDT","t":1041895806,"T":1745777430645,"e":"trade","E":1745777430646,"m":true,"M":true}
Received message: {"p":"602.65000000","q":"0.00900000","s":"BNBUSDT","t":1041895807,"T":1745777430645,"e":"trade","E":1745777430646,"m":true,"M":true}
Received trade message: {"p":"602.65000000","q":"0.00900000","s":"BNBUSDT","t":1041895807,"T":1745777430645,"e":"trade","E":1745777430646,"m":true,"M":true}
Received message: {"p":"602.65000000","q":"0.01600000","s":"BNBUSDT","t":1041895808,"T":1745777430645,"e":"trade","E":1745777430646,"m":true,"M":true}
Received trade message: {"p":"602.65000000","q":"0.01600000","s":"BNBUSDT","t":1041895808,"T":1745777430645,"e":"trade","E":1745777430646,"m":true,"M":true}
Received message: {"p":"602.65000000","q":"0.00900000","s":"BNBUSDT","t":1041895809,"T":1745777430645,"e":"trade","E":1745777430646,"m":true,"M":true}
Received trade message: {"p":"602.65000000","q":"0.00900000","s":"BNBUSDT","t":1041895809,"T":1745777430645,"e":"trade","E":1745777430646,"m":true,"M":true}
Received message: {"p":"602.65000000","q":"0.00900000","s":"BNBUSDT","t":1041895810,"T":1745777430645,"e":"trade","E":1745777430646,"m":true,"M":true}
Received trade message: {"p":"602.65000000","q":"0.00900000","s":"BNBUSDT","t":1041895810,"T":1745777430645,"e":"trade","E":1745777430646,"m":true,"M":true}
Received message: {"p":"602.65000000","q":"0.30000000","s":"BNBUSDT","t":1041895811,"T":1745777430645,"e":"trade","E":1745777430646,"m":true,"M":true}
Received trade message: {"p":"602.65000000","q":"0.30000000","s":"BNBUSDT","t":1041895811,"T":1745777430645,"e":"trade","E":1745777430646,"m":true,"M":true}
Received message: {"p":"602.65000000","q":"0.00900000","s":"BNBUSDT","t":1041895812,"T":1745777430645,"e":"trade","E":1745777430646,"m":true,"M":true}
Received trade message: {"p":"602.65000000","q":"0.00900000","s":"BNBUSDT","t":1041895812,"T":1745777430645,"e":"trade","E":1745777430646,"m":true,"M":true}
Received message: {"p":"602.65000000","q":"0.00900000","s":"BNBUSDT","t":1041895813,"T":1745777430645,"e":"trade","E":1745777430646,"m":true,"M":true}
Received trade message: {"p":"602.65000000","q":"0.00900000","s":"BNBUSDT","t":1041895813,"T":1745777430645,"e":"trade","E":1745777430646,"m":true,"M":true}
Received message: {"p":"602.64000000","q":"0.00900000","s":"BNBUSDT","t":1041895814,"T":1745777430645,"e":"trade","E":1745777430646,"m":true,"M":true}
Received trade message: {"p":"602.64000000","q":"0.00900000","s":"BNBUSDT","t":1041895814,"T":1745777430645,"e":"trade","E":1745777430646,"m":true,"M":true}
Received message: {"p":"602.64000000","q":"1.65700000","s":"BNBUSDT","t":1041895815,"T":1745777430645,"e":"trade","E":1745777430646,"m":true,"M":true}
Received trade message: {"p":"602.64000000","q":"1.65700000","s":"BNBUSDT","t":1041895815,"T":1745777430645,"e":"trade","E":1745777430646,"m":true,"M":true}
Received message: {"p":"602.64000000","q":"0.00900000","s":"BNBUSDT","t":1041895816,"T":1745777430645,"e":"trade","E":1745777430646,"m":true,"M":true}
Received trade message: {"p":"602.64000000","q":"0.00900000","s":"BNBUSDT","t":1041895816,"T":1745777430645,"e":"trade","E":1745777430646,"m":true,"M":true}
Received message: {"p":"602.64000000","q":"0.00900000","s":"BNBUSDT","t":1041895817,"T":1745777430645,"e":"trade","E":1745777430646,"m":true,"M":true}
Received trade message: {"p":"602.64000000","q":"0.00900000","s":"BNBUSDT","t":1041895817,"T":1745777430645,"e":"trade","E":1745777430646,"m":true,"M":true}
Received message: {"p":"602.64000000","q":"0.00900000","s":"BNBUSDT","t":1041895818,"T":1745777430645,"e":"trade","E":1745777430646,"m":true,"M":true}
Received trade message: {"p":"602.64000000","q":"0.00900000","s":"BNBUSDT","t":1041895818,"T":1745777430645,"e":"trade","E":1745777430646,"m":true,"M":true}
Received message: {"p":"602.64000000","q":"0.01000000","s":"BNBUSDT","t":1041895819,"T":1745777430645,"e":"trade","E":1745777430646,"m":true,"M":true}
Received trade message: {"p":"602.64000000","q":"0.01000000","s":"BNBUSDT","t":1041895819,"T":1745777430645,"e":"trade","E":1745777430646,"m":true,"M":true}
Received message: {"p":"602.64000000","q":"0.00900000","s":"BNBUSDT","t":1041895820,"T":1745777430645,"e":"trade","E":1745777430646,"m":true,"M":true}
Received trade message: {"p":"602.64000000","q":"0.00900000","s":"BNBUSDT","t":1041895820,"T":1745777430645,"e":"trade","E":1745777430646,"m":true,"M":true}
Received message: {"p":"602.64000000","q":"0.00900000","s":"BNBUSDT","t":1041895821,"T":1745777430645,"e":"trade","E":1745777430646,"m":true,"M":true}
Received trade message: {"p":"602.64000000","q":"0.00900000","s":"BNBUSDT","t":1041895821,"T":1745777430645,"e":"trade","E":1745777430646,"m":true,"M":true}
Received message: {"p":"602.64000000","q":"0.00900000","s":"BNBUSDT","t":1041895822,"T":1745777430645,"e":"trade","E":1745777430646,"m":true,"M":true}
Received trade message: {"p":"602.64000000","q":"0.00900000","s":"BNBUSDT","t":1041895822,"T":1745777430645,"e":"trade","E":1745777430646,"m":true,"M":true}
Received message: {"p":"602.64000000","q":"0.00900000","s":"BNBUSDT","t":1041895823,"T":1745777430645,"e":"trade","E":1745777430646,"m":true,"M":true}
Received trade message: {"p":"602.64000000","q":"0.00900000","s":"BNBUSDT","t":1041895823,"T":1745777430645,"e":"trade","E":1745777430646,"m":true,"M":true}
Received message: {"p":"602.64000000","q":"0.00900000","s":"BNBUSDT","t":1041895824,"T":1745777430645,"e":"trade","E":1745777430646,"m":true,"M":true}
Received trade message: {"p":"602.64000000","q":"0.00900000","s":"BNBUSDT","t":1041895824,"T":1745777430645,"e":"trade","E":1745777430646,"m":true,"M":true}
Received message: {"p":"602.63000000","q":"0.00900000","s":"BNBUSDT","t":1041895825,"T":1745777430645,"e":"trade","E":1745777430646,"m":true,"M":true}
Received trade message: {"p":"602.63000000","q":"0.00900000","s":"BNBUSDT","t":1041895825,"T":1745777430645,"e":"trade","E":1745777430646,"m":true,"M":true}
Received message: {"p":"602.63000000","q":"0.00900000","s":"BNBUSDT","t":1041895826,"T":1745777430645,"e":"trade","E":1745777430646,"m":true,"M":true}
Received trade message: {"p":"602.63000000","q":"0.00900000","s":"BNBUSDT","t":1041895826,"T":1745777430645,"e":"trade","E":1745777430646,"m":true,"M":true}
Received message: {"p":"602.63000000","q":"0.00900000","s":"BNBUSDT","t":1041895827,"T":1745777430645,"e":"trade","E":1745777430646,"m":true,"M":true}
Received trade message: {"p":"602.63000000","q":"0.00900000","s":"BNBUSDT","t":1041895827,"T":1745777430645,"e":"trade","E":1745777430646,"m":true,"M":true}
Received message: {"p":"602.63000000","q":"0.41400000","s":"BNBUSDT","t":1041895828,"T":1745777430645,"e":"trade","E":1745777430646,"m":true,"M":true}
Received trade message: {"p":"602.63000000","q":"0.41400000","s":"BNBUSDT","t":1041895828,"T":1745777430645,"e":"trade","E":1745777430646,"m":true,"M":true}
Received message: {"p":"602.63000000","q":"0.00900000","s":"BNBUSDT","t":1041895829,"T":1745777430645,"e":"trade","E":1745777430646,"m":true,"M":true}
Received trade message: {"p":"602.63000000","q":"0.00900000","s":"BNBUSDT","t":1041895829,"T":1745777430645,"e":"trade","E":1745777430646,"m":true,"M":true}
Received message: {"p":"602.63000000","q":"0.00900000","s":"BNBUSDT","t":1041895830,"T":1745777430645,"e":"trade","E":1745777430646,"m":true,"M":true}
Received trade message: {"p":"602.63000000","q":"0.00900000","s":"BNBUSDT","t":1041895830,"T":1745777430645,"e":"trade","E":1745777430646,"m":true,"M":true}
Received message: {"p":"602.62000000","q":"0.00900000","s":"BNBUSDT","t":1041895831,"T":1745777430647,"e":"trade","E":1745777430648,"m":true,"M":true}
Received trade message: {"p":"602.62000000","q":"0.00900000","s":"BNBUSDT","t":1041895831,"T":1745777430647,"e":"trade","E":1745777430648,"m":true,"M":true}
Received message: {"p":"602.61000000","q":"0.00900000","s":"BNBUSDT","t":1041895832,"T":1745777430669,"e":"trade","E":1745777430670,"m":true,"M":true}
Received trade message: {"p":"602.61000000","q":"0.00900000","s":"BNBUSDT","t":1041895832,"T":1745777430669,"e":"trade","E":1745777430670,"m":true,"M":true}
Received message: {"p":"602.61000000","q":"0.00900000","s":"BNBUSDT","t":1041895833,"T":1745777430669,"e":"trade","E":1745777430670,"m":true,"M":true}
Received trade message: {"p":"602.61000000","q":"0.00900000","s":"BNBUSDT","t":1041895833,"T":1745777430669,"e":"trade","E":1745777430670,"m":true,"M":true}
Received message: {"p":"602.61000000","q":"0.00900000","s":"BNBUSDT","t":1041895834,"T":1745777430669,"e":"trade","E":1745777430670,"m":true,"M":true}
Received trade message: {"p":"602.61000000","q":"0.00900000","s":"BNBUSDT","t":1041895834,"T":1745777430669,"e":"trade","E":1745777430670,"m":true,"M":true}
Received message: {"p":"602.61000000","q":"0.00900000","s":"BNBUSDT","t":1041895835,"T":1745777430669,"e":"trade","E":1745777430670,"m":true,"M":true}
Received trade message: {"p":"602.61000000","q":"0.00900000","s":"BNBUSDT","t":1041895835,"T":1745777430669,"e":"trade","E":1745777430670,"m":true,"M":true}
Received message: {"p":"602.61000000","q":"0.00900000","s":"BNBUSDT","t":1041895836,"T":1745777430669,"e":"trade","E":1745777430670,"m":true,"M":true}
Received trade message: {"p":"602.61000000","q":"0.00900000","s":"BNBUSDT","t":1041895836,"T":1745777430669,"e":"trade","E":1745777430670,"m":true,"M":true}
Received message: {"p":"602.61000000","q":"0.00900000","s":"BNBUSDT","t":1041895837,"T":1745777430669,"e":"trade","E":1745777430670,"m":true,"M":true}
Received trade message: {"p":"602.61000000","q":"0.00900000","s":"BNBUSDT","t":1041895837,"T":1745777430669,"e":"trade","E":1745777430670,"m":true,"M":true}
Received message: {"p":"602.61000000","q":"0.00900000","s":"BNBUSDT","t":1041895838,"T":1745777430669,"e":"trade","E":1745777430670,"m":true,"M":true}
Received trade message: {"p":"602.61000000","q":"0.00900000","s":"BNBUSDT","t":1041895838,"T":1745777430669,"e":"trade","E":1745777430670,"m":true,"M":true}
Received message: {"p":"602.61000000","q":"0.00900000","s":"BNBUSDT","t":1041895839,"T":1745777430669,"e":"trade","E":1745777430670,"m":true,"M":true}
Received trade message: {"p":"602.61000000","q":"0.00900000","s":"BNBUSDT","t":1041895839,"T":1745777430669,"e":"trade","E":1745777430670,"m":true,"M":true}
Received message: {"p":"602.61000000","q":"0.41400000","s":"BNBUSDT","t":1041895840,"T":1745777430669,"e":"trade","E":1745777430670,"m":true,"M":true}
Received trade message: {"p":"602.61000000","q":"0.41400000","s":"BNBUSDT","t":1041895840,"T":1745777430669,"e":"trade","E":1745777430670,"m":true,"M":true}
Received message: {"p":"602.61000000","q":"0.00900000","s":"BNBUSDT","t":1041895841,"T":1745777430677,"e":"trade","E":1745777430678,"m":true,"M":true}
Received trade message: {"p":"602.61000000","q":"0.00900000","s":"BNBUSDT","t":1041895841,"T":1745777430677,"e":"trade","E":1745777430678,"m":true,"M":true}
Received message: {"p":"602.61000000","q":"0.00900000","s":"BNBUSDT","t":1041895842,"T":1745777430677,"e":"trade","E":1745777430678,"m":true,"M":true}
Received trade message: {"p":"602.61000000","q":"0.00900000","s":"BNBUSDT","t":1041895842,"T":1745777430677,"e":"trade","E":1745777430678,"m":true,"M":true}
Received message: {"p":"602.61000000","q":"0.00900000","s":"BNBUSDT","t":1041895843,"T":1745777430677,"e":"trade","E":1745777430678,"m":true,"M":true}
Received trade message: {"p":"602.61000000","q":"0.00900000","s":"BNBUSDT","t":1041895843,"T":1745777430677,"e":"trade","E":1745777430678,"m":true,"M":true}
Received message: {"p":"602.61000000","q":"0.00900000","s":"BNBUSDT","t":1041895844,"T":1745777430677,"e":"trade","E":1745777430678,"m":true,"M":true}
Received trade message: {"p":"602.61000000","q":"0.00900000","s":"BNBUSDT","t":1041895844,"T":1745777430677,"e":"trade","E":1745777430678,"m":true,"M":true}
Received message: {"p":"602.61000000","q":"0.00900000","s":"BNBUSDT","t":1041895845,"T":1745777430718,"e":"trade","E":1745777430719,"m":true,"M":true}
Received trade message: {"p":"602.61000000","q":"0.00900000","s":"BNBUSDT","t":1041895845,"T":1745777430718,"e":"trade","E":1745777430719,"m":true,"M":true}
Received message: {"p":"602.61000000","q":"0.00900000","s":"BNBUSDT","t":1041895846,"T":1745777430718,"e":"trade","E":1745777430719,"m":true,"M":true}
Received trade message: {"p":"602.61000000","q":"0.00900000","s":"BNBUSDT","t":1041895846,"T":1745777430718,"e":"trade","E":1745777430719,"m":true,"M":true}
Received message: {"p":"602.61000000","q":"0.00900000","s":"BNBUSDT","t":1041895847,"T":1745777430718,"e":"trade","E":1745777430719,"m":true,"M":true}
Received trade message: {"p":"602.61000000","q":"0.00900000","s":"BNBUSDT","t":1041895847,"T":1745777430718,"e":"trade","E":1745777430719,"m":true,"M":true}
Received message: {"p":"602.61000000","q":"0.00900000","s":"BNBUSDT","t":1041895848,"T":1745777430718,"e":"trade","E":1745777430719,"m":true,"M":true}
Received trade message: {"p":"602.61000000","q":"0.00900000","s":"BNBUSDT","t":1041895848,"T":1745777430718,"e":"trade","E":1745777430719,"m":true,"M":true}
Received message: {"p":"602.61000000","q":"0.00900000","s":"BNBUSDT","t":1041895849,"T":1745777430718,"e":"trade","E":1745777430719,"m":true,"M":true}
Received trade message: {"p":"602.61000000","q":"0.00900000","s":"BNBUSDT","t":1041895849,"T":1745777430718,"e":"trade","E":1745777430719,"m":true,"M":true}
Received message: {"p":"602.61000000","q":"0.00900000","s":"BNBUSDT","t":1041895850,"T":1745777430718,"e":"trade","E":1745777430719,"m":true,"M":true}
Received trade message: {"p":"602.61000000","q":"0.00900000","s":"BNBUSDT","t":1041895850,"T":1745777430718,"e":"trade","E":1745777430719,"m":true,"M":true}
Received message: {"p":"602.61000000","q":"0.00900000","s":"BNBUSDT","t":1041895851,"T":1745777430718,"e":"trade","E":1745777430719,"m":true,"M":true}
Received trade message: {"p":"602.61000000","q":"0.00900000","s":"BNBUSDT","t":1041895851,"T":1745777430718,"e":"trade","E":1745777430719,"m":true,"M":true}
Received message: {"p":"602.60000000","q":"0.82900000","s":"BNBUSDT","t":1041895852,"T":1745777430718,"e":"trade","E":1745777430719,"m":true,"M":true}
Received trade message: {"p":"602.60000000","q":"0.82900000","s":"BNBUSDT","t":1041895852,"T":1745777430718,"e":"trade","E":1745777430719,"m":true,"M":true}
Received message: {"p":"602.60000000","q":"0.17100000","s":"BNBUSDT","t":1041895853,"T":1745777430718,"e":"trade","E":1745777430719,"m":true,"M":true}
Received trade message: {"p":"602.60000000","q":"0.17100000","s":"BNBUSDT","t":1041895853,"T":1745777430718,"e":"trade","E":1745777430719,"m":true,"M":true}
Received message: {"p":"602.60000000","q":"0.24300000","s":"BNBUSDT","t":1041895854,"T":1745777430718,"e":"trade","E":1745777430719,"m":true,"M":true}
Received trade message: {"p":"602.60000000","q":"0.24300000","s":"BNBUSDT","t":1041895854,"T":1745777430718,"e":"trade","E":1745777430719,"m":true,"M":true}
Received message: {"p":"602.60000000","q":"0.02700000","s":"BNBUSDT","t":1041895855,"T":1745777430718,"e":"trade","E":1745777430719,"m":true,"M":true}
Received trade message: {"p":"602.60000000","q":"0.02700000","s":"BNBUSDT","t":1041895855,"T":1745777430718,"e":"trade","E":1745777430719,"m":true,"M":true}
Received message: {"p":"602.60000000","q":"0.00900000","s":"BNBUSDT","t":1041895856,"T":1745777430718,"e":"trade","E":1745777430719,"m":true,"M":true}
Received trade message: {"p":"602.60000000","q":"0.00900000","s":"BNBUSDT","t":1041895856,"T":1745777430718,"e":"trade","E":1745777430719,"m":true,"M":true}
Received message: {"p":"602.60000000","q":"0.00900000","s":"BNBUSDT","t":1041895857,"T":1745777430718,"e":"trade","E":1745777430719,"m":true,"M":true}
Received trade message: {"p":"602.60000000","q":"0.00900000","s":"BNBUSDT","t":1041895857,"T":1745777430718,"e":"trade","E":1745777430719,"m":true,"M":true}
Received message: {"p":"602.60000000","q":"0.00900000","s":"BNBUSDT","t":1041895858,"T":1745777430718,"e":"trade","E":1745777430719,"m":true,"M":true}
Received trade message: {"p":"602.60000000","q":"0.00900000","s":"BNBUSDT","t":1041895858,"T":1745777430718,"e":"trade","E":1745777430719,"m":true,"M":true}
Received message: {"p":"602.60000000","q":"0.00900000","s":"BNBUSDT","t":1041895859,"T":1745777430718,"e":"trade","E":1745777430719,"m":true,"M":true}
Received trade message: {"p":"602.60000000","q":"0.00900000","s":"BNBUSDT","t":1041895859,"T":1745777430718,"e":"trade","E":1745777430719,"m":true,"M":true}
Received message: {"p":"602.60000000","q":"0.00900000","s":"BNBUSDT","t":1041895860,"T":1745777430718,"e":"trade","E":1745777430719,"m":true,"M":true}
Received trade message: {"p":"602.60000000","q":"0.00900000","s":"BNBUSDT","t":1041895860,"T":1745777430718,"e":"trade","E":1745777430719,"m":true,"M":true}
Received message: {"p":"602.60000000","q":"0.00900000","s":"BNBUSDT","t":1041895861,"T":1745777430718,"e":"trade","E":1745777430719,"m":true,"M":true}
Received trade message: {"p":"602.60000000","q":"0.00900000","s":"BNBUSDT","t":1041895861,"T":1745777430718,"e":"trade","E":1745777430719,"m":true,"M":true}
Received message: {"p":"602.59000000","q":"0.01700000","s":"BNBUSDT","t":1041895862,"T":1745777430721,"e":"trade","E":1745777430722,"m":true,"M":true}
Received trade message: {"p":"602.59000000","q":"0.01700000","s":"BNBUSDT","t":1041895862,"T":1745777430721,"e":"trade","E":1745777430722,"m":true,"M":true}
Received message: {"p":"602.59000000","q":"0.00900000","s":"BNBUSDT","t":1041895863,"T":1745777430721,"e":"trade","E":1745777430722,"m":true,"M":true}
Received trade message: {"p":"602.59000000","q":"0.00900000","s":"BNBUSDT","t":1041895863,"T":1745777430721,"e":"trade","E":1745777430722,"m":true,"M":true}
Received message: {"p":"602.59000000","q":"0.00900000","s":"BNBUSDT","t":1041895864,"T":1745777430721,"e":"trade","E":1745777430722,"m":true,"M":true}
Received trade message: {"p":"602.59000000","q":"0.00900000","s":"BNBUSDT","t":1041895864,"T":1745777430721,"e":"trade","E":1745777430722,"m":true,"M":true}
Received message: {"p":"602.59000000","q":"0.00900000","s":"BNBUSDT","t":1041895865,"T":1745777430721,"e":"trade","E":1745777430722,"m":true,"M":true}
Received trade message: {"p":"602.59000000","q":"0.00900000","s":"BNBUSDT","t":1041895865,"T":1745777430721,"e":"trade","E":1745777430722,"m":true,"M":true}
Received message: {"p":"602.59000000","q":"1.65800000","s":"BNBUSDT","t":1041895866,"T":1745777430721,"e":"trade","E":1745777430722,"m":true,"M":true}
Received trade message: {"p":"602.59000000","q":"1.65800000","s":"BNBUSDT","t":1041895866,"T":1745777430721,"e":"trade","E":1745777430722,"m":true,"M":true}
Received message: {"p":"602.59000000","q":"0.00900000","s":"BNBUSDT","t":1041895867,"T":1745777430721,"e":"trade","E":1745777430722,"m":true,"M":true}
Received trade message: {"p":"602.59000000","q":"0.00900000","s":"BNBUSDT","t":1041895867,"T":1745777430721,"e":"trade","E":1745777430722,"m":true,"M":true}
Received message: {"p":"602.59000000","q":"0.00900000","s":"BNBUSDT","t":1041895868,"T":1745777430721,"e":"trade","E":1745777430722,"m":true,"M":true}
Received trade message: {"p":"602.59000000","q":"0.00900000","s":"BNBUSDT","t":1041895868,"T":1745777430721,"e":"trade","E":1745777430722,"m":true,"M":true}
Received message: {"p":"602.59000000","q":"0.00900000","s":"BNBUSDT","t":1041895869,"T":1745777430721,"e":"trade","E":1745777430722,"m":true,"M":true}
Received trade message: {"p":"602.59000000","q":"0.00900000","s":"BNBUSDT","t":1041895869,"T":1745777430721,"e":"trade","E":1745777430722,"m":true,"M":true}
Received message: {"p":"602.59000000","q":"0.00900000","s":"BNBUSDT","t":1041895870,"T":1745777430721,"e":"trade","E":1745777430722,"m":true,"M":true}
Received trade message: {"p":"602.59000000","q":"0.00900000","s":"BNBUSDT","t":1041895870,"T":1745777430721,"e":"trade","E":1745777430722,"m":true,"M":true}
Received message: {"p":"602.58000000","q":"0.00900000","s":"BNBUSDT","t":1041895871,"T":1745777430721,"e":"trade","E":1745777430722,"m":true,"M":true}
Received trade message: {"p":"602.58000000","q":"0.00900000","s":"BNBUSDT","t":1041895871,"T":1745777430721,"e":"trade","E":1745777430722,"m":true,"M":true}
Received message: {"p":"602.58000000","q":"0.01600000","s":"BNBUSDT","t":1041895872,"T":1745777430721,"e":"trade","E":1745777430722,"m":true,"M":true}
Received trade message: {"p":"602.58000000","q":"0.01600000","s":"BNBUSDT","t":1041895872,"T":1745777430721,"e":"trade","E":1745777430722,"m":true,"M":true}
Received message: {"p":"602.58000000","q":"0.01700000","s":"BNBUSDT","t":1041895873,"T":1745777430721,"e":"trade","E":1745777430722,"m":true,"M":true}
Received trade message: {"p":"602.58000000","q":"0.01700000","s":"BNBUSDT","t":1041895873,"T":1745777430721,"e":"trade","E":1745777430722,"m":true,"M":true}
Received message: {"p":"602.58000000","q":"0.00900000","s":"BNBUSDT","t":1041895874,"T":1745777430721,"e":"trade","E":1745777430722,"m":true,"M":true}
Received trade message: {"p":"602.58000000","q":"0.00900000","s":"BNBUSDT","t":1041895874,"T":1745777430721,"e":"trade","E":1745777430722,"m":true,"M":true}
Received message: {"p":"602.58000000","q":"0.00900000","s":"BNBUSDT","t":1041895875,"T":1745777430721,"e":"trade","E":1745777430722,"m":true,"M":true}
Received trade message: {"p":"602.58000000","q":"0.00900000","s":"BNBUSDT","t":1041895875,"T":1745777430721,"e":"trade","E":1745777430722,"m":true,"M":true}
Received message: {"p":"602.58000000","q":"0.00900000","s":"BNBUSDT","t":1041895876,"T":1745777430721,"e":"trade","E":1745777430722,"m":true,"M":true}
Received trade message: {"p":"602.58000000","q":"0.00900000","s":"BNBUSDT","t":1041895876,"T":1745777430721,"e":"trade","E":1745777430722,"m":true,"M":true}
Received message: {"p":"602.58000000","q":"0.00900000","s":"BNBUSDT","t":1041895877,"T":1745777430721,"e":"trade","E":1745777430722,"m":true,"M":true}
Received trade message: {"p":"602.58000000","q":"0.00900000","s":"BNBUSDT","t":1041895877,"T":1745777430721,"e":"trade","E":1745777430722,"m":true,"M":true}
Received message: {"p":"602.58000000","q":"0.00900000","s":"BNBUSDT","t":1041895878,"T":1745777430721,"e":"trade","E":1745777430722,"m":true,"M":true}
Received trade message: {"p":"602.58000000","q":"0.00900000","s":"BNBUSDT","t":1041895878,"T":1745777430721,"e":"trade","E":1745777430722,"m":true,"M":true}
Received message: {"p":"602.57000000","q":"0.05400000","s":"BNBUSDT","t":1041895879,"T":1745777430726,"e":"trade","E":1745777430726,"m":true,"M":true}
Received trade message: {"p":"602.57000000","q":"0.05400000","s":"BNBUSDT","t":1041895879,"T":1745777430726,"e":"trade","E":1745777430726,"m":true,"M":true}
Received message: {"p":"602.57000000","q":"0.00900000","s":"BNBUSDT","t":1041895880,"T":1745777430728,"e":"trade","E":1745777430729,"m":true,"M":true}
Received trade message: {"p":"602.57000000","q":"0.00900000","s":"BNBUSDT","t":1041895880,"T":1745777430728,"e":"trade","E":1745777430729,"m":true,"M":true}
Received message: {"p":"602.57000000","q":"0.00900000","s":"BNBUSDT","t":1041895881,"T":1745777430728,"e":"trade","E":1745777430729,"m":true,"M":true}
Received trade message: {"p":"602.57000000","q":"0.00900000","s":"BNBUSDT","t":1041895881,"T":1745777430728,"e":"trade","E":1745777430729,"m":true,"M":true}
Received message: {"p":"602.57000000","q":"0.00900000","s":"BNBUSDT","t":1041895882,"T":1745777430728,"e":"trade","E":1745777430729,"m":true,"M":true}
Received trade message: {"p":"602.57000000","q":"0.00900000","s":"BNBUSDT","t":1041895882,"T":1745777430728,"e":"trade","E":1745777430729,"m":true,"M":true}
Received message: {"p":"602.57000000","q":"0.00900000","s":"BNBUSDT","t":1041895883,"T":1745777430728,"e":"trade","E":1745777430729,"m":true,"M":true}
Received trade message: {"p":"602.57000000","q":"0.00900000","s":"BNBUSDT","t":1041895883,"T":1745777430728,"e":"trade","E":1745777430729,"m":true,"M":true}
Received message: {"p":"602.57000000","q":"0.00900000","s":"BNBUSDT","t":1041895884,"T":1745777430728,"e":"trade","E":1745777430729,"m":true,"M":true}
Received trade message: {"p":"602.57000000","q":"0.00900000","s":"BNBUSDT","t":1041895884,"T":1745777430728,"e":"trade","E":1745777430729,"m":true,"M":true}
Received message: {"p":"602.57000000","q":"0.00900000","s":"BNBUSDT","t":1041895885,"T":1745777430728,"e":"trade","E":1745777430729,"m":true,"M":true}
Received trade message: {"p":"602.57000000","q":"0.00900000","s":"BNBUSDT","t":1041895885,"T":1745777430728,"e":"trade","E":1745777430729,"m":true,"M":true}
Received message: {"p":"602.57000000","q":"0.00900000","s":"BNBUSDT","t":1041895886,"T":1745777430728,"e":"trade","E":1745777430729,"m":true,"M":true}
Received trade message: {"p":"602.57000000","q":"0.00900000","s":"BNBUSDT","t":1041895886,"T":1745777430728,"e":"trade","E":1745777430729,"m":true,"M":true}
Received message: {"p":"602.57000000","q":"0.00900000","s":"BNBUSDT","t":1041895887,"T":1745777430728,"e":"trade","E":1745777430729,"m":true,"M":true}
Received trade message: {"p":"602.57000000","q":"0.00900000","s":"BNBUSDT","t":1041895887,"T":1745777430728,"e":"trade","E":1745777430729,"m":true,"M":true}
Received message: {"p":"602.56000000","q":"0.00900000","s":"BNBUSDT","t":1041895888,"T":1745777430807,"e":"trade","E":1745777430808,"m":true,"M":true}
Received trade message: {"p":"602.56000000","q":"0.00900000","s":"BNBUSDT","t":1041895888,"T":1745777430807,"e":"trade","E":1745777430808,"m":true,"M":true}
Received message: {"p":"602.56000000","q":"0.00900000","s":"BNBUSDT","t":1041895889,"T":1745777430807,"e":"trade","E":1745777430808,"m":true,"M":true}
Received trade message: {"p":"602.56000000","q":"0.00900000","s":"BNBUSDT","t":1041895889,"T":1745777430807,"e":"trade","E":1745777430808,"m":true,"M":true}
Received message: {"p":"602.56000000","q":"0.00900000","s":"BNBUSDT","t":1041895890,"T":1745777430807,"e":"trade","E":1745777430808,"m":true,"M":true}
Received trade message: {"p":"602.56000000","q":"0.00900000","s":"BNBUSDT","t":1041895890,"T":1745777430807,"e":"trade","E":1745777430808,"m":true,"M":true}
Received message: {"p":"602.56000000","q":"0.00900000","s":"BNBUSDT","t":1041895891,"T":1745777430807,"e":"trade","E":1745777430808,"m":true,"M":true}
Received trade message: {"p":"602.56000000","q":"0.00900000","s":"BNBUSDT","t":1041895891,"T":1745777430807,"e":"trade","E":1745777430808,"m":true,"M":true}
Received message: {"p":"602.56000000","q":"0.00900000","s":"BNBUSDT","t":1041895892,"T":1745777430807,"e":"trade","E":1745777430808,"m":true,"M":true}
Received trade message: {"p":"602.56000000","q":"0.00900000","s":"BNBUSDT","t":1041895892,"T":1745777430807,"e":"trade","E":1745777430808,"m":true,"M":true}
Received message: {"p":"602.56000000","q":"0.00900000","s":"BNBUSDT","t":1041895893,"T":1745777430807,"e":"trade","E":1745777430808,"m":true,"M":true}
Received trade message: {"p":"602.56000000","q":"0.00900000","s":"BNBUSDT","t":1041895893,"T":1745777430807,"e":"trade","E":1745777430808,"m":true,"M":true}
Received message: {"p":"602.56000000","q":"0.00900000","s":"BNBUSDT","t":1041895894,"T":1745777430807,"e":"trade","E":1745777430808,"m":true,"M":true}
Received trade message: {"p":"602.56000000","q":"0.00900000","s":"BNBUSDT","t":1041895894,"T":1745777430807,"e":"trade","E":1745777430808,"m":true,"M":true}
Received message: {"p":"602.56000000","q":"0.00900000","s":"BNBUSDT","t":1041895895,"T":1745777430807,"e":"trade","E":1745777430808,"m":true,"M":true}
Received trade message: {"p":"602.56000000","q":"0.00900000","s":"BNBUSDT","t":1041895895,"T":1745777430807,"e":"trade","E":1745777430808,"m":true,"M":true}
Received message: {"p":"602.56000000","q":"0.00900000","s":"BNBUSDT","t":1041895896,"T":1745777430807,"e":"trade","E":1745777430808,"m":true,"M":true}
Received trade message: {"p":"602.56000000","q":"0.00900000","s":"BNBUSDT","t":1041895896,"T":1745777430807,"e":"trade","E":1745777430808,"m":true,"M":true}
Received message: {"p":"602.55000000","q":"0.00900000","s":"BNBUSDT","t":1041895897,"T":1745777430807,"e":"trade","E":1745777430808,"m":true,"M":true}
Received trade message: {"p":"602.55000000","q":"0.00900000","s":"BNBUSDT","t":1041895897,"T":1745777430807,"e":"trade","E":1745777430808,"m":true,"M":true}
Received message: {"p":"602.55000000","q":"0.41400000","s":"BNBUSDT","t":1041895898,"T":1745777430807,"e":"trade","E":1745777430808,"m":true,"M":true}
Received trade message: {"p":"602.55000000","q":"0.41400000","s":"BNBUSDT","t":1041895898,"T":1745777430807,"e":"trade","E":1745777430808,"m":true,"M":true}
Received message: {"p":"602.55000000","q":"0.00900000","s":"BNBUSDT","t":1041895899,"T":1745777430807,"e":"trade","E":1745777430808,"m":true,"M":true}
Received trade message: {"p":"602.55000000","q":"0.00900000","s":"BNBUSDT","t":1041895899,"T":1745777430807,"e":"trade","E":1745777430808,"m":true,"M":true}
Received message: {"p":"602.55000000","q":"0.00900000","s":"BNBUSDT","t":1041895900,"T":1745777430807,"e":"trade","E":1745777430808,"m":true,"M":true}
Received trade message: {"p":"602.55000000","q":"0.00900000","s":"BNBUSDT","t":1041895900,"T":1745777430807,"e":"trade","E":1745777430808,"m":true,"M":true}
Received message: {"p":"602.55000000","q":"0.00900000","s":"BNBUSDT","t":1041895901,"T":1745777430807,"e":"trade","E":1745777430808,"m":true,"M":true}
Received trade message: {"p":"602.55000000","q":"0.00900000","s":"BNBUSDT","t":1041895901,"T":1745777430807,"e":"trade","E":1745777430808,"m":true,"M":true}
Received message: {"p":"602.55000000","q":"0.00900000","s":"BNBUSDT","t":1041895902,"T":1745777430807,"e":"trade","E":1745777430808,"m":true,"M":true}
Received trade message: {"p":"602.55000000","q":"0.00900000","s":"BNBUSDT","t":1041895902,"T":1745777430807,"e":"trade","E":1745777430808,"m":true,"M":true}
Received message: {"p":"602.55000000","q":"0.00900000","s":"BNBUSDT","t":1041895903,"T":1745777430807,"e":"trade","E":1745777430808,"m":true,"M":true}
Received trade message: {"p":"602.55000000","q":"0.00900000","s":"BNBUSDT","t":1041895903,"T":1745777430807,"e":"trade","E":1745777430808,"m":true,"M":true}
Received message: {"p":"602.55000000","q":"0.00900000","s":"BNBUSDT","t":1041895904,"T":1745777430807,"e":"trade","E":1745777430808,"m":true,"M":true}
Received trade message: {"p":"602.55000000","q":"0.00900000","s":"BNBUSDT","t":1041895904,"T":1745777430807,"e":"trade","E":1745777430808,"m":true,"M":true}
Received message: {"p":"602.54000000","q":"0.00900000","s":"BNBUSDT","t":1041895905,"T":1745777430809,"e":"trade","E":1745777430809,"m":true,"M":true}
Received trade message: {"p":"602.54000000","q":"0.00900000","s":"BNBUSDT","t":1041895905,"T":1745777430809,"e":"trade","E":1745777430809,"m":true,"M":true}
Received message: {"p":"602.53000000","q":"0.01700000","s":"BNBUSDT","t":1041895906,"T":1745777430815,"e":"trade","E":1745777430815,"m":true,"M":true}
Received trade message: {"p":"602.53000000","q":"0.01700000","s":"BNBUSDT","t":1041895906,"T":1745777430815,"e":"trade","E":1745777430815,"m":true,"M":true}
Received message: {"p":"602.53000000","q":"0.41400000","s":"BNBUSDT","t":1041895907,"T":1745777430815,"e":"trade","E":1745777430815,"m":true,"M":true}
Received trade message: {"p":"602.53000000","q":"0.41400000","s":"BNBUSDT","t":1041895907,"T":1745777430815,"e":"trade","E":1745777430815,"m":true,"M":true}
Received message: {"p":"602.53000000","q":"0.00900000","s":"BNBUSDT","t":1041895908,"T":1745777430815,"e":"trade","E":1745777430815,"m":true,"M":true}
Received trade message: {"p":"602.53000000","q":"0.00900000","s":"BNBUSDT","t":1041895908,"T":1745777430815,"e":"trade","E":1745777430815,"m":true,"M":true}
Received message: {"p":"602.53000000","q":"0.00900000","s":"BNBUSDT","t":1041895909,"T":1745777430815,"e":"trade","E":1745777430815,"m":true,"M":true}
Received trade message: {"p":"602.53000000","q":"0.00900000","s":"BNBUSDT","t":1041895909,"T":1745777430815,"e":"trade","E":1745777430815,"m":true,"M":true}
Received message: {"p":"602.53000000","q":"0.00900000","s":"BNBUSDT","t":1041895910,"T":1745777430815,"e":"trade","E":1745777430815,"m":true,"M":true}
Received trade message: {"p":"602.53000000","q":"0.00900000","s":"BNBUSDT","t":1041895910,"T":1745777430815,"e":"trade","E":1745777430815,"m":true,"M":true}
Received message: {"p":"602.53000000","q":"0.00900000","s":"BNBUSDT","t":1041895911,"T":1745777430815,"e":"trade","E":1745777430815,"m":true,"M":true}
Received trade message: {"p":"602.53000000","q":"0.00900000","s":"BNBUSDT","t":1041895911,"T":1745777430815,"e":"trade","E":1745777430815,"m":true,"M":true}
Received message: {"p":"602.53000000","q":"0.00900000","s":"BNBUSDT","t":1041895912,"T":1745777430815,"e":"trade","E":1745777430815,"m":true,"M":true}
Received trade message: {"p":"602.53000000","q":"0.00900000","s":"BNBUSDT","t":1041895912,"T":1745777430815,"e":"trade","E":1745777430815,"m":true,"M":true}
Received message: {"p":"602.53000000","q":"1.67000000","s":"BNBUSDT","t":1041895913,"T":1745777430815,"e":"trade","E":1745777430815,"m":true,"M":true}
Received trade message: {"p":"602.53000000","q":"1.67000000","s":"BNBUSDT","t":1041895913,"T":1745777430815,"e":"trade","E":1745777430815,"m":true,"M":true}
Received message: {"p":"602.53000000","q":"0.00900000","s":"BNBUSDT","t":1041895914,"T":1745777430815,"e":"trade","E":1745777430815,"m":true,"M":true}
Received trade message: {"p":"602.53000000","q":"0.00900000","s":"BNBUSDT","t":1041895914,"T":1745777430815,"e":"trade","E":1745777430815,"m":true,"M":true}
Received message: {"p":"602.53000000","q":"0.00900000","s":"BNBUSDT","t":1041895915,"T":1745777430815,"e":"trade","E":1745777430815,"m":true,"M":true}
Received trade message: {"p":"602.53000000","q":"0.00900000","s":"BNBUSDT","t":1041895915,"T":1745777430815,"e":"trade","E":1745777430815,"m":true,"M":true}
Received message: {"p":"602.53000000","q":"0.00900000","s":"BNBUSDT","t":1041895916,"T":1745777430815,"e":"trade","E":1745777430815,"m":true,"M":true}
Received trade message: {"p":"602.53000000","q":"0.00900000","s":"BNBUSDT","t":1041895916,"T":1745777430815,"e":"trade","E":1745777430815,"m":true,"M":true}
Received message: {"p":"602.53000000","q":"0.00900000","s":"BNBUSDT","t":1041895917,"T":1745777430815,"e":"trade","E":1745777430815,"m":true,"M":true}
Received trade message: {"p":"602.53000000","q":"0.00900000","s":"BNBUSDT","t":1041895917,"T":1745777430815,"e":"trade","E":1745777430815,"m":true,"M":true}
Received message: {"p":"602.52000000","q":"0.00900000","s":"BNBUSDT","t":1041895918,"T":1745777430815,"e":"trade","E":1745777430815,"m":true,"M":true}
Received trade message: {"p":"602.52000000","q":"0.00900000","s":"BNBUSDT","t":1041895918,"T":1745777430815,"e":"trade","E":1745777430815,"m":true,"M":true}
Received message: {"p":"602.52000000","q":"0.00900000","s":"BNBUSDT","t":1041895919,"T":1745777430815,"e":"trade","E":1745777430815,"m":true,"M":true}
Received trade message: {"p":"602.52000000","q":"0.00900000","s":"BNBUSDT","t":1041895919,"T":1745777430815,"e":"trade","E":1745777430815,"m":true,"M":true}
Received message: {"p":"602.52000000","q":"0.00900000","s":"BNBUSDT","t":1041895920,"T":1745777430815,"e":"trade","E":1745777430815,"m":true,"M":true}
Received trade message: {"p":"602.52000000","q":"0.00900000","s":"BNBUSDT","t":1041895920,"T":1745777430815,"e":"trade","E":1745777430815,"m":true,"M":true}
Received message: {"p":"602.52000000","q":"0.00900000","s":"BNBUSDT","t":1041895921,"T":1745777430815,"e":"trade","E":1745777430815,"m":true,"M":true}
Received trade message: {"p":"602.52000000","q":"0.00900000","s":"BNBUSDT","t":1041895921,"T":1745777430815,"e":"trade","E":1745777430815,"m":true,"M":true}
Received message: {"p":"602.51000000","q":"0.00900000","s":"BNBUSDT","t":1041895922,"T":1745777430815,"e":"trade","E":1745777430815,"m":true,"M":true}
Received trade message: {"p":"602.51000000","q":"0.00900000","s":"BNBUSDT","t":1041895922,"T":1745777430815,"e":"trade","E":1745777430815,"m":true,"M":true}
Received message: {"p":"602.51000000","q":"0.00900000","s":"BNBUSDT","t":1041895923,"T":1745777430815,"e":"trade","E":1745777430815,"m":true,"M":true}
Received trade message: {"p":"602.51000000","q":"0.00900000","s":"BNBUSDT","t":1041895923,"T":1745777430815,"e":"trade","E":1745777430815,"m":true,"M":true}
Received message: {"p":"602.51000000","q":"0.00900000","s":"BNBUSDT","t":1041895924,"T":1745777430815,"e":"trade","E":1745777430815,"m":true,"M":true}
Received trade message: {"p":"602.51000000","q":"0.00900000","s":"BNBUSDT","t":1041895924,"T":1745777430815,"e":"trade","E":1745777430815,"m":true,"M":true}
Received message: {"p":"602.50000000","q":"0.01800000","s":"BNBUSDT","t":1041895925,"T":1745777430815,"e":"trade","E":1745777430815,"m":true,"M":true}
Received trade message: {"p":"602.50000000","q":"0.01800000","s":"BNBUSDT","t":1041895925,"T":1745777430815,"e":"trade","E":1745777430815,"m":true,"M":true}
Received message: {"p":"602.50000000","q":"0.01800000","s":"BNBUSDT","t":1041895926,"T":1745777430815,"e":"trade","E":1745777430815,"m":true,"M":true}
Received trade message: {"p":"602.50000000","q":"0.01800000","s":"BNBUSDT","t":1041895926,"T":1745777430815,"e":"trade","E":1745777430815,"m":true,"M":true}
Received message: {"p":"602.50000000","q":"1.00000000","s":"BNBUSDT","t":1041895927,"T":1745777430815,"e":"trade","E":1745777430815,"m":true,"M":true}
Received trade message: {"p":"602.50000000","q":"1.00000000","s":"BNBUSDT","t":1041895927,"T":1745777430815,"e":"trade","E":1745777430815,"m":true,"M":true}
Received message: {"p":"602.50000000","q":"0.00900000","s":"BNBUSDT","t":1041895928,"T":1745777430815,"e":"trade","E":1745777430815,"m":true,"M":true}
Received trade message: {"p":"602.50000000","q":"0.00900000","s":"BNBUSDT","t":1041895928,"T":1745777430815,"e":"trade","E":1745777430815,"m":true,"M":true}
Received message: {"p":"602.50000000","q":"0.31200000","s":"BNBUSDT","t":1041895929,"T":1745777430815,"e":"trade","E":1745777430815,"m":true,"M":true}
Received trade message: {"p":"602.50000000","q":"0.31200000","s":"BNBUSDT","t":1041895929,"T":1745777430815,"e":"trade","E":1745777430815,"m":true,"M":true}
Received message: {"p":"602.50000000","q":"0.10200000","s":"BNBUSDT","t":1041895930,"T":1745777430815,"e":"trade","E":1745777430815,"m":true,"M":true}
Received trade message: {"p":"602.50000000","q":"0.10200000","s":"BNBUSDT","t":1041895930,"T":1745777430815,"e":"trade","E":1745777430815,"m":true,"M":true}
Received message: {"p":"602.50000000","q":"0.00900000","s":"BNBUSDT","t":1041895931,"T":1745777430815,"e":"trade","E":1745777430815,"m":true,"M":true}
Received trade message: {"p":"602.50000000","q":"0.00900000","s":"BNBUSDT","t":1041895931,"T":1745777430815,"e":"trade","E":1745777430815,"m":true,"M":true}
Received message: {"p":"602.50000000","q":"0.00900000","s":"BNBUSDT","t":1041895932,"T":1745777430815,"e":"trade","E":1745777430815,"m":true,"M":true}
Received trade message: {"p":"602.50000000","q":"0.00900000","s":"BNBUSDT","t":1041895932,"T":1745777430815,"e":"trade","E":1745777430815,"m":true,"M":true}
Received message: {"p":"602.50000000","q":"0.00900000","s":"BNBUSDT","t":1041895933,"T":1745777430815,"e":"trade","E":1745777430815,"m":true,"M":true}
Received trade message: {"p":"602.50000000","q":"0.00900000","s":"BNBUSDT","t":1041895933,"T":1745777430815,"e":"trade","E":1745777430815,"m":true,"M":true}
Received message: {"p":"602.50000000","q":"0.00900000","s":"BNBUSDT","t":1041895934,"T":1745777430815,"e":"trade","E":1745777430815,"m":true,"M":true}
Received trade message: {"p":"602.50000000","q":"0.00900000","s":"BNBUSDT","t":1041895934,"T":1745777430815,"e":"trade","E":1745777430815,"m":true,"M":true}
Received message: {"p":"602.49000000","q":"0.00900000","s":"BNBUSDT","t":1041895935,"T":1745777430815,"e":"trade","E":1745777430816,"m":true,"M":true}
Received trade message: {"p":"602.49000000","q":"0.00900000","s":"BNBUSDT","t":1041895935,"T":1745777430815,"e":"trade","E":1745777430816,"m":true,"M":true}
Received message: {"p":"602.49000000","q":"0.01300000","s":"BNBUSDT","t":1041895936,"T":1745777430815,"e":"trade","E":1745777430816,"m":true,"M":true}
Received trade message: {"p":"602.49000000","q":"0.01300000","s":"BNBUSDT","t":1041895936,"T":1745777430815,"e":"trade","E":1745777430816,"m":true,"M":true}
Received message: {"p":"602.49000000","q":"0.00900000","s":"BNBUSDT","t":1041895937,"T":1745777430815,"e":"trade","E":1745777430816,"m":true,"M":true}
Received trade message: {"p":"602.49000000","q":"0.00900000","s":"BNBUSDT","t":1041895937,"T":1745777430815,"e":"trade","E":1745777430816,"m":true,"M":true}
Received message: {"p":"602.49000000","q":"0.82900000","s":"BNBUSDT","t":1041895938,"T":1745777430815,"e":"trade","E":1745777430816,"m":true,"M":true}
Received trade message: {"p":"602.49000000","q":"0.82900000","s":"BNBUSDT","t":1041895938,"T":1745777430815,"e":"trade","E":1745777430816,"m":true,"M":true}
Received message: {"p":"602.49000000","q":"0.41400000","s":"BNBUSDT","t":1041895939,"T":1745777430815,"e":"trade","E":1745777430816,"m":true,"M":true}
Received trade message: {"p":"602.49000000","q":"0.41400000","s":"BNBUSDT","t":1041895939,"T":1745777430815,"e":"trade","E":1745777430816,"m":true,"M":true}
Received message: {"p":"602.49000000","q":"0.41400000","s":"BNBUSDT","t":1041895940,"T":1745777430815,"e":"trade","E":1745777430816,"m":true,"M":true}
Received trade message: {"p":"602.49000000","q":"0.41400000","s":"BNBUSDT","t":1041895940,"T":1745777430815,"e":"trade","E":1745777430816,"m":true,"M":true}
Received message: {"p":"602.49000000","q":"0.00900000","s":"BNBUSDT","t":1041895941,"T":1745777430815,"e":"trade","E":1745777430816,"m":true,"M":true}
Received trade message: {"p":"602.49000000","q":"0.00900000","s":"BNBUSDT","t":1041895941,"T":1745777430815,"e":"trade","E":1745777430816,"m":true,"M":true}
Received message: {"p":"602.48000000","q":"0.00900000","s":"BNBUSDT","t":1041895942,"T":1745777430815,"e":"trade","E":1745777430816,"m":true,"M":true}
Received trade message: {"p":"602.48000000","q":"0.00900000","s":"BNBUSDT","t":1041895942,"T":1745777430815,"e":"trade","E":1745777430816,"m":true,"M":true}
Received message: {"p":"602.47000000","q":"0.00900000","s":"BNBUSDT","t":1041895943,"T":1745777430815,"e":"trade","E":1745777430816,"m":true,"M":true}
Received trade message: {"p":"602.47000000","q":"0.00900000","s":"BNBUSDT","t":1041895943,"T":1745777430815,"e":"trade","E":1745777430816,"m":true,"M":true}
Received message: {"p":"602.46000000","q":"0.00900000","s":"BNBUSDT","t":1041895944,"T":1745777430815,"e":"trade","E":1745777430816,"m":true,"M":true}
Received trade message: {"p":"602.46000000","q":"0.00900000","s":"BNBUSDT","t":1041895944,"T":1745777430815,"e":"trade","E":1745777430816,"m":true,"M":true}
Received message: {"p":"602.46000000","q":"0.00900000","s":"BNBUSDT","t":1041895945,"T":1745777430815,"e":"trade","E":1745777430816,"m":true,"M":true}
Received trade message: {"p":"602.46000000","q":"0.00900000","s":"BNBUSDT","t":1041895945,"T":1745777430815,"e":"trade","E":1745777430816,"m":true,"M":true}
Received message: {"p":"602.46000000","q":"4.47800000","s":"BNBUSDT","t":1041895946,"T":1745777430815,"e":"trade","E":1745777430816,"m":true,"M":true}
Received trade message: {"p":"602.46000000","q":"4.47800000","s":"BNBUSDT","t":1041895946,"T":1745777430815,"e":"trade","E":1745777430816,"m":true,"M":true}
Received message: {"p":"602.46000000","q":"0.00900000","s":"BNBUSDT","t":1041895947,"T":1745777430815,"e":"trade","E":1745777430816,"m":true,"M":true}
Received trade message: {"p":"602.46000000","q":"0.00900000","s":"BNBUSDT","t":1041895947,"T":1745777430815,"e":"trade","E":1745777430816,"m":true,"M":true}
Received message: {"p":"602.46000000","q":"0.00900000","s":"BNBUSDT","t":1041895948,"T":1745777430815,"e":"trade","E":1745777430816,"m":true,"M":true}
Received trade message: {"p":"602.46000000","q":"0.00900000","s":"BNBUSDT","t":1041895948,"T":1745777430815,"e":"trade","E":1745777430816,"m":true,"M":true}
Received message: {"p":"602.46000000","q":"0.00900000","s":"BNBUSDT","t":1041895949,"T":1745777430815,"e":"trade","E":1745777430816,"m":true,"M":true}
Received trade message: {"p":"602.46000000","q":"0.00900000","s":"BNBUSDT","t":1041895949,"T":1745777430815,"e":"trade","E":1745777430816,"m":true,"M":true}
Received message: {"p":"602.46000000","q":"0.00900000","s":"BNBUSDT","t":1041895950,"T":1745777430815,"e":"trade","E":1745777430816,"m":true,"M":true}
Received trade message: {"p":"602.46000000","q":"0.00900000","s":"BNBUSDT","t":1041895950,"T":1745777430815,"e":"trade","E":1745777430816,"m":true,"M":true}
Received message: {"p":"602.46000000","q":"0.00900000","s":"BNBUSDT","t":1041895951,"T":1745777430815,"e":"trade","E":1745777430816,"m":true,"M":true}
Received trade message: {"p":"602.46000000","q":"0.00900000","s":"BNBUSDT","t":1041895951,"T":1745777430815,"e":"trade","E":1745777430816,"m":true,"M":true}
Received message: {"p":"602.45000000","q":"0.01000000","s":"BNBUSDT","t":1041895952,"T":1745777430821,"e":"trade","E":1745777430821,"m":true,"M":true}
Received trade message: {"p":"602.45000000","q":"0.01000000","s":"BNBUSDT","t":1041895952,"T":1745777430821,"e":"trade","E":1745777430821,"m":true,"M":true}
Received message: {"p":"602.45000000","q":"0.01700000","s":"BNBUSDT","t":1041895953,"T":1745777430821,"e":"trade","E":1745777430821,"m":true,"M":true}
Received trade message: {"p":"602.45000000","q":"0.01700000","s":"BNBUSDT","t":1041895953,"T":1745777430821,"e":"trade","E":1745777430821,"m":true,"M":true}
Received message: {"p":"602.45000000","q":"0.00900000","s":"BNBUSDT","t":1041895954,"T":1745777430821,"e":"trade","E":1745777430821,"m":true,"M":true}
Received trade message: {"p":"602.45000000","q":"0.00900000","s":"BNBUSDT","t":1041895954,"T":1745777430821,"e":"trade","E":1745777430821,"m":true,"M":true}
Received message: {"p":"602.45000000","q":"0.82900000","s":"BNBUSDT","t":1041895955,"T":1745777430821,"e":"trade","E":1745777430821,"m":true,"M":true}
Received trade message: {"p":"602.45000000","q":"0.82900000","s":"BNBUSDT","t":1041895955,"T":1745777430821,"e":"trade","E":1745777430821,"m":true,"M":true}
Received message: {"p":"602.45000000","q":"0.82900000","s":"BNBUSDT","t":1041895956,"T":1745777430821,"e":"trade","E":1745777430821,"m":true,"M":true}
Received trade message: {"p":"602.45000000","q":"0.82900000","s":"BNBUSDT","t":1041895956,"T":1745777430821,"e":"trade","E":1745777430821,"m":true,"M":true}
Received message: {"p":"602.45000000","q":"0.14400000","s":"BNBUSDT","t":1041895957,"T":1745777430821,"e":"trade","E":1745777430821,"m":true,"M":true}
Received trade message: {"p":"602.45000000","q":"0.14400000","s":"BNBUSDT","t":1041895957,"T":1745777430821,"e":"trade","E":1745777430821,"m":true,"M":true}
Received message: {"p":"602.45000000","q":"0.27000000","s":"BNBUSDT","t":1041895958,"T":1745777430823,"e":"trade","E":1745777430824,"m":true,"M":true}
Received trade message: {"p":"602.45000000","q":"0.27000000","s":"BNBUSDT","t":1041895958,"T":1745777430823,"e":"trade","E":1745777430824,"m":true,"M":true}
Received message: {"p":"602.45000000","q":"0.00900000","s":"BNBUSDT","t":1041895959,"T":1745777430823,"e":"trade","E":1745777430824,"m":true,"M":true}
Received trade message: {"p":"602.45000000","q":"0.00900000","s":"BNBUSDT","t":1041895959,"T":1745777430823,"e":"trade","E":1745777430824,"m":true,"M":true}
Received message: {"p":"602.45000000","q":"0.00900000","s":"BNBUSDT","t":1041895960,"T":1745777430823,"e":"trade","E":1745777430824,"m":true,"M":true}
Received trade message: {"p":"602.45000000","q":"0.00900000","s":"BNBUSDT","t":1041895960,"T":1745777430823,"e":"trade","E":1745777430824,"m":true,"M":true}
Received message: {"p":"602.45000000","q":"0.00900000","s":"BNBUSDT","t":1041895961,"T":1745777430823,"e":"trade","E":1745777430824,"m":true,"M":true}
Received trade message: {"p":"602.45000000","q":"0.00900000","s":"BNBUSDT","t":1041895961,"T":1745777430823,"e":"trade","E":1745777430824,"m":true,"M":true}
Received message: {"p":"602.45000000","q":"0.00900000","s":"BNBUSDT","t":1041895962,"T":1745777430823,"e":"trade","E":1745777430824,"m":true,"M":true}
Received trade message: {"p":"602.45000000","q":"0.00900000","s":"BNBUSDT","t":1041895962,"T":1745777430823,"e":"trade","E":1745777430824,"m":true,"M":true}
Received message: {"p":"602.45000000","q":"0.00900000","s":"BNBUSDT","t":1041895963,"T":1745777430823,"e":"trade","E":1745777430824,"m":true,"M":true}
Received trade message: {"p":"602.45000000","q":"0.00900000","s":"BNBUSDT","t":1041895963,"T":1745777430823,"e":"trade","E":1745777430824,"m":true,"M":true}
Received message: {"p":"602.45000000","q":"0.00900000","s":"BNBUSDT","t":1041895964,"T":1745777430823,"e":"trade","E":1745777430824,"m":true,"M":true}
Received trade message: {"p":"602.45000000","q":"0.00900000","s":"BNBUSDT","t":1041895964,"T":1745777430823,"e":"trade","E":1745777430824,"m":true,"M":true}
Received message: {"p":"602.45000000","q":"2.96100000","s":"BNBUSDT","t":1041895965,"T":1745777430823,"e":"trade","E":1745777430824,"m":true,"M":true}
Received trade message: {"p":"602.45000000","q":"2.96100000","s":"BNBUSDT","t":1041895965,"T":1745777430823,"e":"trade","E":1745777430824,"m":true,"M":true}
Received message: {"p":"602.45000000","q":"1.87000000","s":"BNBUSDT","t":1041895966,"T":1745777430823,"e":"trade","E":1745777430824,"m":true,"M":true}
Received trade message: {"p":"602.45000000","q":"1.87000000","s":"BNBUSDT","t":1041895966,"T":1745777430823,"e":"trade","E":1745777430824,"m":true,"M":true}
Received message: {"p":"602.45000000","q":"0.01700000","s":"BNBUSDT","t":1041895967,"T":1745777430823,"e":"trade","E":1745777430824,"m":true,"M":true}
Received trade message: {"p":"602.45000000","q":"0.01700000","s":"BNBUSDT","t":1041895967,"T":1745777430823,"e":"trade","E":1745777430824,"m":true,"M":true}
Received message: {"p":"602.45000000","q":"0.00900000","s":"BNBUSDT","t":1041895968,"T":1745777430824,"e":"trade","E":1745777430825,"m":true,"M":true}
Received trade message: {"p":"602.45000000","q":"0.00900000","s":"BNBUSDT","t":1041895968,"T":1745777430824,"e":"trade","E":1745777430825,"m":true,"M":true}
Received message: {"p":"602.45000000","q":"0.00900000","s":"BNBUSDT","t":1041895969,"T":1745777430824,"e":"trade","E":1745777430825,"m":true,"M":true}
Received trade message: {"p":"602.45000000","q":"0.00900000","s":"BNBUSDT","t":1041895969,"T":1745777430824,"e":"trade","E":1745777430825,"m":true,"M":true}
Received message: {"p":"602.45000000","q":"0.00900000","s":"BNBUSDT","t":1041895970,"T":1745777430824,"e":"trade","E":1745777430825,"m":true,"M":true}
Received trade message: {"p":"602.45000000","q":"0.00900000","s":"BNBUSDT","t":1041895970,"T":1745777430824,"e":"trade","E":1745777430825,"m":true,"M":true}
Received message: {"p":"602.45000000","q":"0.00900000","s":"BNBUSDT","t":1041895971,"T":1745777430824,"e":"trade","E":1745777430825,"m":true,"M":true}
Received trade message: {"p":"602.45000000","q":"0.00900000","s":"BNBUSDT","t":1041895971,"T":1745777430824,"e":"trade","E":1745777430825,"m":true,"M":true}
Received message: {"p":"602.45000000","q":"0.00900000","s":"BNBUSDT","t":1041895972,"T":1745777430824,"e":"trade","E":1745777430825,"m":true,"M":true}
Received trade message: {"p":"602.45000000","q":"0.00900000","s":"BNBUSDT","t":1041895972,"T":1745777430824,"e":"trade","E":1745777430825,"m":true,"M":true}
Received message: {"p":"602.44000000","q":"0.00900000","s":"BNBUSDT","t":1041895973,"T":1745777430825,"e":"trade","E":1745777430825,"m":true,"M":true}
Received trade message: {"p":"602.44000000","q":"0.00900000","s":"BNBUSDT","t":1041895973,"T":1745777430825,"e":"trade","E":1745777430825,"m":true,"M":true}
Received message: {"p":"602.44000000","q":"0.26100000","s":"BNBUSDT","t":1041895974,"T":1745777430825,"e":"trade","E":1745777430825,"m":true,"M":true}
Received trade message: {"p":"602.44000000","q":"0.26100000","s":"BNBUSDT","t":1041895974,"T":1745777430825,"e":"trade","E":1745777430825,"m":true,"M":true}
Received message: {"p":"602.44000000","q":"4.90200000","s":"BNBUSDT","t":1041895975,"T":1745777430825,"e":"trade","E":1745777430826,"m":true,"M":true}
Received trade message: {"p":"602.44000000","q":"4.90200000","s":"BNBUSDT","t":1041895975,"T":1745777430825,"e":"trade","E":1745777430826,"m":true,"M":true}
Received message: {"p":"602.44000000","q":"0.27000000","s":"BNBUSDT","t":1041895976,"T":1745777430827,"e":"trade","E":1745777430827,"m":true,"M":true}
Received trade message: {"p":"602.44000000","q":"0.27000000","s":"BNBUSDT","t":1041895976,"T":1745777430827,"e":"trade","E":1745777430827,"m":true,"M":true}
Received message: {"p":"602.44000000","q":"0.54600000","s":"BNBUSDT","t":1041895977,"T":1745777430827,"e":"trade","E":1745777430828,"m":true,"M":true}
Received trade message: {"p":"602.44000000","q":"0.54600000","s":"BNBUSDT","t":1041895977,"T":1745777430827,"e":"trade","E":1745777430828,"m":true,"M":true}
Received message: {"p":"602.44000000","q":"0.00900000","s":"BNBUSDT","t":1041895978,"T":1745777430827,"e":"trade","E":1745777430828,"m":true,"M":true}
Received trade message: {"p":"602.44000000","q":"0.00900000","s":"BNBUSDT","t":1041895978,"T":1745777430827,"e":"trade","E":1745777430828,"m":true,"M":true}
Received message: {"p":"602.44000000","q":"0.41400000","s":"BNBUSDT","t":1041895979,"T":1745777430827,"e":"trade","E":1745777430828,"m":true,"M":true}
Received trade message: {"p":"602.44000000","q":"0.41400000","s":"BNBUSDT","t":1041895979,"T":1745777430827,"e":"trade","E":1745777430828,"m":true,"M":true}
Received message: {"p":"602.44000000","q":"0.07000000","s":"BNBUSDT","t":1041895980,"T":1745777430827,"e":"trade","E":1745777430828,"m":true,"M":true}
Received trade message: {"p":"602.44000000","q":"0.07000000","s":"BNBUSDT","t":1041895980,"T":1745777430827,"e":"trade","E":1745777430828,"m":true,"M":true}
Received message: {"p":"602.44000000","q":"0.75900000","s":"BNBUSDT","t":1041895981,"T":1745777430827,"e":"trade","E":1745777430828,"m":true,"M":true}
Received trade message: {"p":"602.44000000","q":"0.75900000","s":"BNBUSDT","t":1041895981,"T":1745777430827,"e":"trade","E":1745777430828,"m":true,"M":true}
Received message: {"p":"602.44000000","q":"0.00900000","s":"BNBUSDT","t":1041895982,"T":1745777430827,"e":"trade","E":1745777430828,"m":true,"M":true}
Received trade message: {"p":"602.44000000","q":"0.00900000","s":"BNBUSDT","t":1041895982,"T":1745777430827,"e":"trade","E":1745777430828,"m":true,"M":true}
Received message: {"p":"602.44000000","q":"0.00900000","s":"BNBUSDT","t":1041895983,"T":1745777430827,"e":"trade","E":1745777430828,"m":true,"M":true}
Received trade message: {"p":"602.44000000","q":"0.00900000","s":"BNBUSDT","t":1041895983,"T":1745777430827,"e":"trade","E":1745777430828,"m":true,"M":true}
Received message: {"p":"602.44000000","q":"0.00900000","s":"BNBUSDT","t":1041895984,"T":1745777430827,"e":"trade","E":1745777430828,"m":true,"M":true}
Received trade message: {"p":"602.44000000","q":"0.00900000","s":"BNBUSDT","t":1041895984,"T":1745777430827,"e":"trade","E":1745777430828,"m":true,"M":true}
Received message: {"p":"602.44000000","q":"0.00900000","s":"BNBUSDT","t":1041895985,"T":1745777430827,"e":"trade","E":1745777430828,"m":true,"M":true}
Received trade message: {"p":"602.44000000","q":"0.00900000","s":"BNBUSDT","t":1041895985,"T":1745777430827,"e":"trade","E":1745777430828,"m":true,"M":true}
Received message: {"p":"602.44000000","q":"0.41400000","s":"BNBUSDT","t":1041895986,"T":1745777430827,"e":"trade","E":1745777430828,"m":true,"M":true}
Received trade message: {"p":"602.44000000","q":"0.41400000","s":"BNBUSDT","t":1041895986,"T":1745777430827,"e":"trade","E":1745777430828,"m":true,"M":true}
Received message: {"p":"602.44000000","q":"0.00900000","s":"BNBUSDT","t":1041895987,"T":1745777430827,"e":"trade","E":1745777430828,"m":true,"M":true}
Received trade message: {"p":"602.44000000","q":"0.00900000","s":"BNBUSDT","t":1041895987,"T":1745777430827,"e":"trade","E":1745777430828,"m":true,"M":true}
Received message: {"p":"602.44000000","q":"0.00900000","s":"BNBUSDT","t":1041895988,"T":1745777430827,"e":"trade","E":1745777430828,"m":true,"M":true}
Received trade message: {"p":"602.44000000","q":"0.00900000","s":"BNBUSDT","t":1041895988,"T":1745777430827,"e":"trade","E":1745777430828,"m":true,"M":true}
Received message: {"p":"602.44000000","q":"0.00900000","s":"BNBUSDT","t":1041895989,"T":1745777430827,"e":"trade","E":1745777430828,"m":true,"M":true}
Received trade message: {"p":"602.44000000","q":"0.00900000","s":"BNBUSDT","t":1041895989,"T":1745777430827,"e":"trade","E":1745777430828,"m":true,"M":true}
Received message: {"p":"602.44000000","q":"0.00900000","s":"BNBUSDT","t":1041895990,"T":1745777430827,"e":"trade","E":1745777430828,"m":true,"M":true}
Received trade message: {"p":"602.44000000","q":"0.00900000","s":"BNBUSDT","t":1041895990,"T":1745777430827,"e":"trade","E":1745777430828,"m":true,"M":true}
Received message: {"p":"602.44000000","q":"0.00900000","s":"BNBUSDT","t":1041895991,"T":1745777430827,"e":"trade","E":1745777430828,"m":true,"M":true}
Received trade message: {"p":"602.44000000","q":"0.00900000","s":"BNBUSDT","t":1041895991,"T":1745777430827,"e":"trade","E":1745777430828,"m":true,"M":true}
Received message: {"p":"602.43000000","q":"0.01300000","s":"BNBUSDT","t":1041895992,"T":1745777430828,"e":"trade","E":1745777430828,"m":true,"M":true}
Received trade message: {"p":"602.43000000","q":"0.01300000","s":"BNBUSDT","t":1041895992,"T":1745777430828,"e":"trade","E":1745777430828,"m":true,"M":true}
Received message: {"p":"602.43000000","q":"0.00900000","s":"BNBUSDT","t":1041895993,"T":1745777430828,"e":"trade","E":1745777430828,"m":true,"M":true}
Received trade message: {"p":"602.43000000","q":"0.00900000","s":"BNBUSDT","t":1041895993,"T":1745777430828,"e":"trade","E":1745777430828,"m":true,"M":true}
Received message: {"p":"602.43000000","q":"0.23800000","s":"BNBUSDT","t":1041895994,"T":1745777430828,"e":"trade","E":1745777430828,"m":true,"M":true}
Received trade message: {"p":"602.43000000","q":"0.23800000","s":"BNBUSDT","t":1041895994,"T":1745777430828,"e":"trade","E":1745777430828,"m":true,"M":true}
Received message: {"p":"602.43000000","q":"4.90200000","s":"BNBUSDT","t":1041895995,"T":1745777430828,"e":"trade","E":1745777430829,"m":true,"M":true}
Received trade message: {"p":"602.43000000","q":"4.90200000","s":"BNBUSDT","t":1041895995,"T":1745777430828,"e":"trade","E":1745777430829,"m":true,"M":true}
Received message: {"p":"602.43000000","q":"0.27000000","s":"BNBUSDT","t":1041895996,"T":1745777430829,"e":"trade","E":1745777430829,"m":true,"M":true}
Received trade message: {"p":"602.43000000","q":"0.27000000","s":"BNBUSDT","t":1041895996,"T":1745777430829,"e":"trade","E":1745777430829,"m":true,"M":true}
Received message: {"p":"602.43000000","q":"0.43000000","s":"BNBUSDT","t":1041895997,"T":1745777430829,"e":"trade","E":1745777430830,"m":true,"M":true}
Received trade message: {"p":"602.43000000","q":"0.43000000","s":"BNBUSDT","t":1041895997,"T":1745777430829,"e":"trade","E":1745777430830,"m":true,"M":true}
Received message: {"p":"602.43000000","q":"0.39900000","s":"BNBUSDT","t":1041895998,"T":1745777430829,"e":"trade","E":1745777430830,"m":true,"M":true}
Received trade message: {"p":"602.43000000","q":"0.39900000","s":"BNBUSDT","t":1041895998,"T":1745777430829,"e":"trade","E":1745777430830,"m":true,"M":true}
Received message: {"p":"602.43000000","q":"0.00900000","s":"BNBUSDT","t":1041895999,"T":1745777430829,"e":"trade","E":1745777430830,"m":true,"M":true}
Received trade message: {"p":"602.43000000","q":"0.00900000","s":"BNBUSDT","t":1041895999,"T":1745777430829,"e":"trade","E":1745777430830,"m":true,"M":true}
Received message: {"p":"602.43000000","q":"0.00900000","s":"BNBUSDT","t":1041896000,"T":1745777430829,"e":"trade","E":1745777430830,"m":true,"M":true}
Received trade message: {"p":"602.43000000","q":"0.00900000","s":"BNBUSDT","t":1041896000,"T":1745777430829,"e":"trade","E":1745777430830,"m":true,"M":true}
Received message: {"p":"602.43000000","q":"0.00900000","s":"BNBUSDT","t":1041896001,"T":1745777430829,"e":"trade","E":1745777430830,"m":true,"M":true}
Received trade message: {"p":"602.43000000","q":"0.00900000","s":"BNBUSDT","t":1041896001,"T":1745777430829,"e":"trade","E":1745777430830,"m":true,"M":true}
Received message: {"p":"602.43000000","q":"0.00900000","s":"BNBUSDT","t":1041896002,"T":1745777430829,"e":"trade","E":1745777430830,"m":true,"M":true}
Received trade message: {"p":"602.43000000","q":"0.00900000","s":"BNBUSDT","t":1041896002,"T":1745777430829,"e":"trade","E":1745777430830,"m":true,"M":true}
Received message: {"p":"602.43000000","q":"0.00900000","s":"BNBUSDT","t":1041896003,"T":1745777430829,"e":"trade","E":1745777430830,"m":true,"M":true}
Received trade message: {"p":"602.43000000","q":"0.00900000","s":"BNBUSDT","t":1041896003,"T":1745777430829,"e":"trade","E":1745777430830,"m":true,"M":true}
Received message: {"p":"602.43000000","q":"0.00900000","s":"BNBUSDT","t":1041896004,"T":1745777430829,"e":"trade","E":1745777430830,"m":true,"M":true}
Received trade message: {"p":"602.43000000","q":"0.00900000","s":"BNBUSDT","t":1041896004,"T":1745777430829,"e":"trade","E":1745777430830,"m":true,"M":true}
Received message: {"p":"602.43000000","q":"0.00900000","s":"BNBUSDT","t":1041896005,"T":1745777430829,"e":"trade","E":1745777430830,"m":true,"M":true}
Received trade message: {"p":"602.43000000","q":"0.00900000","s":"BNBUSDT","t":1041896005,"T":1745777430829,"e":"trade","E":1745777430830,"m":true,"M":true}
Received message: {"p":"602.43000000","q":"0.00900000","s":"BNBUSDT","t":1041896006,"T":1745777430829,"e":"trade","E":1745777430830,"m":true,"M":true}
Received trade message: {"p":"602.43000000","q":"0.00900000","s":"BNBUSDT","t":1041896006,"T":1745777430829,"e":"trade","E":1745777430830,"m":true,"M":true}
Received message: {"p":"602.42000000","q":"0.00900000","s":"BNBUSDT","t":1041896007,"T":1745777430830,"e":"trade","E":1745777430831,"m":true,"M":true}
Received trade message: {"p":"602.42000000","q":"0.00900000","s":"BNBUSDT","t":1041896007,"T":1745777430830,"e":"trade","E":1745777430831,"m":true,"M":true}
Received message: {"p":"602.42000000","q":"0.82900000","s":"BNBUSDT","t":1041896008,"T":1745777430830,"e":"trade","E":1745777430831,"m":true,"M":true}
Received trade message: {"p":"602.42000000","q":"0.82900000","s":"BNBUSDT","t":1041896008,"T":1745777430830,"e":"trade","E":1745777430831,"m":true,"M":true}
Received message: {"p":"602.42000000","q":"0.41400000","s":"BNBUSDT","t":1041896009,"T":1745777430830,"e":"trade","E":1745777430831,"m":true,"M":true}
Received trade message: {"p":"602.42000000","q":"0.41400000","s":"BNBUSDT","t":1041896009,"T":1745777430830,"e":"trade","E":1745777430831,"m":true,"M":true}
Received message: {"p":"602.42000000","q":"0.82900000","s":"BNBUSDT","t":1041896010,"T":1745777430830,"e":"trade","E":1745777430831,"m":true,"M":true}
Received trade message: {"p":"602.42000000","q":"0.82900000","s":"BNBUSDT","t":1041896010,"T":1745777430830,"e":"trade","E":1745777430831,"m":true,"M":true}
Received message: {"p":"602.42000000","q":"0.82900000","s":"BNBUSDT","t":1041896011,"T":1745777430830,"e":"trade","E":1745777430831,"m":true,"M":true}
Received trade message: {"p":"602.42000000","q":"0.82900000","s":"BNBUSDT","t":1041896011,"T":1745777430830,"e":"trade","E":1745777430831,"m":true,"M":true}
Received message: {"p":"602.42000000","q":"0.00900000","s":"BNBUSDT","t":1041896012,"T":1745777430830,"e":"trade","E":1745777430831,"m":true,"M":true}
Received trade message: {"p":"602.42000000","q":"0.00900000","s":"BNBUSDT","t":1041896012,"T":1745777430830,"e":"trade","E":1745777430831,"m":true,"M":true}
Received message: {"p":"602.42000000","q":"0.00900000","s":"BNBUSDT","t":1041896013,"T":1745777430830,"e":"trade","E":1745777430831,"m":true,"M":true}
Received trade message: {"p":"602.42000000","q":"0.00900000","s":"BNBUSDT","t":1041896013,"T":1745777430830,"e":"trade","E":1745777430831,"m":true,"M":true}
Received message: {"p":"602.42000000","q":"0.00900000","s":"BNBUSDT","t":1041896014,"T":1745777430830,"e":"trade","E":1745777430831,"m":true,"M":true}
Received trade message: {"p":"602.42000000","q":"0.00900000","s":"BNBUSDT","t":1041896014,"T":1745777430830,"e":"trade","E":1745777430831,"m":true,"M":true}
Received message: {"p":"602.42000000","q":"0.00900000","s":"BNBUSDT","t":1041896015,"T":1745777430830,"e":"trade","E":1745777430831,"m":true,"M":true}
Received trade message: {"p":"602.42000000","q":"0.00900000","s":"BNBUSDT","t":1041896015,"T":1745777430830,"e":"trade","E":1745777430831,"m":true,"M":true}
Received message: {"p":"602.42000000","q":"0.00900000","s":"BNBUSDT","t":1041896016,"T":1745777430830,"e":"trade","E":1745777430831,"m":true,"M":true}
Received trade message: {"p":"602.42000000","q":"0.00900000","s":"BNBUSDT","t":1041896016,"T":1745777430830,"e":"trade","E":1745777430831,"m":true,"M":true}
Received message: {"p":"602.42000000","q":"0.00900000","s":"BNBUSDT","t":1041896017,"T":1745777430830,"e":"trade","E":1745777430831,"m":true,"M":true}
Received trade message: {"p":"602.42000000","q":"0.00900000","s":"BNBUSDT","t":1041896017,"T":1745777430830,"e":"trade","E":1745777430831,"m":true,"M":true}
Received message: {"p":"602.41000000","q":"0.00900000","s":"BNBUSDT","t":1041896018,"T":1745777430835,"e":"trade","E":1745777430836,"m":true,"M":true}
Received trade message: {"p":"602.41000000","q":"0.00900000","s":"BNBUSDT","t":1041896018,"T":1745777430835,"e":"trade","E":1745777430836,"m":true,"M":true}
Received message: {"p":"602.41000000","q":"2.00000000","s":"BNBUSDT","t":1041896019,"T":1745777430835,"e":"trade","E":1745777430836,"m":true,"M":true}
Received trade message: {"p":"602.41000000","q":"2.00000000","s":"BNBUSDT","t":1041896019,"T":1745777430835,"e":"trade","E":1745777430836,"m":true,"M":true}
Received message: {"p":"602.41000000","q":"0.00900000","s":"BNBUSDT","t":1041896020,"T":1745777430835,"e":"trade","E":1745777430836,"m":true,"M":true}
Received trade message: {"p":"602.41000000","q":"0.00900000","s":"BNBUSDT","t":1041896020,"T":1745777430835,"e":"trade","E":1745777430836,"m":true,"M":true}
Received message: {"p":"602.41000000","q":"0.00900000","s":"BNBUSDT","t":1041896021,"T":1745777430835,"e":"trade","E":1745777430836,"m":true,"M":true}
Received trade message: {"p":"602.41000000","q":"0.00900000","s":"BNBUSDT","t":1041896021,"T":1745777430835,"e":"trade","E":1745777430836,"m":true,"M":true}
Received message: {"p":"602.41000000","q":"0.82900000","s":"BNBUSDT","t":1041896022,"T":1745777430835,"e":"trade","E":1745777430836,"m":true,"M":true}
Received trade message: {"p":"602.41000000","q":"0.82900000","s":"BNBUSDT","t":1041896022,"T":1745777430835,"e":"trade","E":1745777430836,"m":true,"M":true}
Received message: {"p":"602.41000000","q":"0.00900000","s":"BNBUSDT","t":1041896023,"T":1745777430835,"e":"trade","E":1745777430836,"m":true,"M":true}
Received trade message: {"p":"602.41000000","q":"0.00900000","s":"BNBUSDT","t":1041896023,"T":1745777430835,"e":"trade","E":1745777430836,"m":true,"M":true}
Received message: {"p":"602.41000000","q":"0.00900000","s":"BNBUSDT","t":1041896024,"T":1745777430835,"e":"trade","E":1745777430836,"m":true,"M":true}
Received trade message: {"p":"602.41000000","q":"0.00900000","s":"BNBUSDT","t":1041896024,"T":1745777430835,"e":"trade","E":1745777430836,"m":true,"M":true}
Received message: {"p":"602.41000000","q":"0.00900000","s":"BNBUSDT","t":1041896025,"T":1745777430835,"e":"trade","E":1745777430836,"m":true,"M":true}
Received trade message: {"p":"602.41000000","q":"0.00900000","s":"BNBUSDT","t":1041896025,"T":1745777430835,"e":"trade","E":1745777430836,"m":true,"M":true}
Received message: {"p":"602.41000000","q":"0.00900000","s":"BNBUSDT","t":1041896026,"T":1745777430835,"e":"trade","E":1745777430836,"m":true,"M":true}
Received trade message: {"p":"602.41000000","q":"0.00900000","s":"BNBUSDT","t":1041896026,"T":1745777430835,"e":"trade","E":1745777430836,"m":true,"M":true}
Received message: {"p":"602.41000000","q":"0.00900000","s":"BNBUSDT","t":1041896027,"T":1745777430835,"e":"trade","E":1745777430836,"m":true,"M":true}
Received trade message: {"p":"602.41000000","q":"0.00900000","s":"BNBUSDT","t":1041896027,"T":1745777430835,"e":"trade","E":1745777430836,"m":true,"M":true}
Received message: {"p":"602.41000000","q":"0.00900000","s":"BNBUSDT","t":1041896028,"T":1745777430835,"e":"trade","E":1745777430836,"m":true,"M":true}
Received trade message: {"p":"602.41000000","q":"0.00900000","s":"BNBUSDT","t":1041896028,"T":1745777430835,"e":"trade","E":1745777430836,"m":true,"M":true}
Received message: {"p":"602.40000000","q":"0.01800000","s":"BNBUSDT","t":1041896029,"T":1745777430883,"e":"trade","E":1745777430884,"m":true,"M":true}
Received trade message: {"p":"602.40000000","q":"0.01800000","s":"BNBUSDT","t":1041896029,"T":1745777430883,"e":"trade","E":1745777430884,"m":true,"M":true}
Received message: {"p":"602.40000000","q":"1.00000000","s":"BNBUSDT","t":1041896030,"T":1745777430883,"e":"trade","E":1745777430884,"m":true,"M":true}
Received trade message: {"p":"602.40000000","q":"1.00000000","s":"BNBUSDT","t":1041896030,"T":1745777430883,"e":"trade","E":1745777430884,"m":true,"M":true}
Received message: {"p":"602.40000000","q":"0.05700000","s":"BNBUSDT","t":1041896031,"T":1745777430883,"e":"trade","E":1745777430884,"m":true,"M":true}
Received trade message: {"p":"602.40000000","q":"0.05700000","s":"BNBUSDT","t":1041896031,"T":1745777430883,"e":"trade","E":1745777430884,"m":true,"M":true}
Received message: {"p":"602.40000000","q":"0.00900000","s":"BNBUSDT","t":1041896032,"T":1745777430883,"e":"trade","E":1745777430884,"m":true,"M":true}
Received trade message: {"p":"602.40000000","q":"0.00900000","s":"BNBUSDT","t":1041896032,"T":1745777430883,"e":"trade","E":1745777430884,"m":true,"M":true}
Received message: {"p":"602.40000000","q":"0.00900000","s":"BNBUSDT","t":1041896033,"T":1745777430883,"e":"trade","E":1745777430884,"m":true,"M":true}
Received trade message: {"p":"602.40000000","q":"0.00900000","s":"BNBUSDT","t":1041896033,"T":1745777430883,"e":"trade","E":1745777430884,"m":true,"M":true}
Received message: {"p":"602.40000000","q":"0.00900000","s":"BNBUSDT","t":1041896034,"T":1745777430883,"e":"trade","E":1745777430884,"m":true,"M":true}
Received trade message: {"p":"602.40000000","q":"0.00900000","s":"BNBUSDT","t":1041896034,"T":1745777430883,"e":"trade","E":1745777430884,"m":true,"M":true}
Received message: {"p":"602.40000000","q":"0.41400000","s":"BNBUSDT","t":1041896035,"T":1745777430883,"e":"trade","E":1745777430884,"m":true,"M":true}
Received trade message: {"p":"602.40000000","q":"0.41400000","s":"BNBUSDT","t":1041896035,"T":1745777430883,"e":"trade","E":1745777430884,"m":true,"M":true}
Received message: {"p":"602.40000000","q":"0.00900000","s":"BNBUSDT","t":1041896036,"T":1745777430883,"e":"trade","E":1745777430884,"m":true,"M":true}
Received trade message: {"p":"602.40000000","q":"0.00900000","s":"BNBUSDT","t":1041896036,"T":1745777430883,"e":"trade","E":1745777430884,"m":true,"M":true}
Received message: {"p":"602.40000000","q":"0.00900000","s":"BNBUSDT","t":1041896037,"T":1745777430883,"e":"trade","E":1745777430884,"m":true,"M":true}
Received trade message: {"p":"602.40000000","q":"0.00900000","s":"BNBUSDT","t":1041896037,"T":1745777430883,"e":"trade","E":1745777430884,"m":true,"M":true}
Received message: {"p":"602.40000000","q":"0.00900000","s":"BNBUSDT","t":1041896038,"T":1745777430883,"e":"trade","E":1745777430884,"m":true,"M":true}
Received trade message: {"p":"602.40000000","q":"0.00900000","s":"BNBUSDT","t":1041896038,"T":1745777430883,"e":"trade","E":1745777430884,"m":true,"M":true}
Received message: {"p":"602.40000000","q":"0.00900000","s":"BNBUSDT","t":1041896039,"T":1745777430883,"e":"trade","E":1745777430884,"m":true,"M":true}
Received trade message: {"p":"602.40000000","q":"0.00900000","s":"BNBUSDT","t":1041896039,"T":1745777430883,"e":"trade","E":1745777430884,"m":true,"M":true}
Received message: {"p":"602.40000000","q":"0.00900000","s":"BNBUSDT","t":1041896040,"T":1745777430883,"e":"trade","E":1745777430884,"m":true,"M":true}
Received trade message: {"p":"602.40000000","q":"0.00900000","s":"BNBUSDT","t":1041896040,"T":1745777430883,"e":"trade","E":1745777430884,"m":true,"M":true}
Received message: {"p":"602.40000000","q":"0.00900000","s":"BNBUSDT","t":1041896041,"T":1745777430883,"e":"trade","E":1745777430884,"m":true,"M":true}
Received trade message: {"p":"602.40000000","q":"0.00900000","s":"BNBUSDT","t":1041896041,"T":1745777430883,"e":"trade","E":1745777430884,"m":true,"M":true}
Received message: {"p":"602.39000000","q":"0.83700000","s":"BNBUSDT","t":1041896042,"T":1745777430885,"e":"trade","E":1745777430886,"m":true,"M":true}
Received trade message: {"p":"602.39000000","q":"0.83700000","s":"BNBUSDT","t":1041896042,"T":1745777430885,"e":"trade","E":1745777430886,"m":true,"M":true}
Received message: {"p":"602.39000000","q":"0.09000000","s":"BNBUSDT","t":1041896043,"T":1745777430885,"e":"trade","E":1745777430886,"m":true,"M":true}
Received trade message: {"p":"602.39000000","q":"0.09000000","s":"BNBUSDT","t":1041896043,"T":1745777430885,"e":"trade","E":1745777430886,"m":true,"M":true}
Received message: {"p":"602.39000000","q":"0.00900000","s":"BNBUSDT","t":1041896044,"T":1745777430885,"e":"trade","E":1745777430886,"m":true,"M":true}
Received trade message: {"p":"602.39000000","q":"0.00900000","s":"BNBUSDT","t":1041896044,"T":1745777430885,"e":"trade","E":1745777430886,"m":true,"M":true}
Received message: {"p":"602.39000000","q":"0.41400000","s":"BNBUSDT","t":1041896045,"T":1745777430885,"e":"trade","E":1745777430886,"m":true,"M":true}
Received trade message: {"p":"602.39000000","q":"0.41400000","s":"BNBUSDT","t":1041896045,"T":1745777430885,"e":"trade","E":1745777430886,"m":true,"M":true}
Received message: {"p":"602.39000000","q":"0.00900000","s":"BNBUSDT","t":1041896046,"T":1745777430885,"e":"trade","E":1745777430886,"m":true,"M":true}
Received trade message: {"p":"602.39000000","q":"0.00900000","s":"BNBUSDT","t":1041896046,"T":1745777430885,"e":"trade","E":1745777430886,"m":true,"M":true}
Received message: {"p":"602.39000000","q":"0.00900000","s":"BNBUSDT","t":1041896047,"T":1745777430885,"e":"trade","E":1745777430886,"m":true,"M":true}
Received trade message: {"p":"602.39000000","q":"0.00900000","s":"BNBUSDT","t":1041896047,"T":1745777430885,"e":"trade","E":1745777430886,"m":true,"M":true}
Received message: {"p":"602.39000000","q":"0.00900000","s":"BNBUSDT","t":1041896048,"T":1745777430885,"e":"trade","E":1745777430886,"m":true,"M":true}
Received trade message: {"p":"602.39000000","q":"0.00900000","s":"BNBUSDT","t":1041896048,"T":1745777430885,"e":"trade","E":1745777430886,"m":true,"M":true}
Received message: {"p":"602.39000000","q":"0.00900000","s":"BNBUSDT","t":1041896049,"T":1745777430885,"e":"trade","E":1745777430886,"m":true,"M":true}
Received trade message: {"p":"602.39000000","q":"0.00900000","s":"BNBUSDT","t":1041896049,"T":1745777430885,"e":"trade","E":1745777430886,"m":true,"M":true}
Received message: {"p":"602.39000000","q":"0.00900000","s":"BNBUSDT","t":1041896050,"T":1745777430885,"e":"trade","E":1745777430886,"m":true,"M":true}
Received trade message: {"p":"602.39000000","q":"0.00900000","s":"BNBUSDT","t":1041896050,"T":1745777430885,"e":"trade","E":1745777430886,"m":true,"M":true}
Received message: {"p":"602.39000000","q":"0.00900000","s":"BNBUSDT","t":1041896051,"T":1745777430885,"e":"trade","E":1745777430886,"m":true,"M":true}
Received trade message: {"p":"602.39000000","q":"0.00900000","s":"BNBUSDT","t":1041896051,"T":1745777430885,"e":"trade","E":1745777430886,"m":true,"M":true}
Received message: {"p":"602.38000000","q":"8.07400000","s":"BNBUSDT","t":1041896052,"T":1745777430893,"e":"trade","E":1745777430894,"m":true,"M":true}
Received trade message: {"p":"602.38000000","q":"8.07400000","s":"BNBUSDT","t":1041896052,"T":1745777430893,"e":"trade","E":1745777430894,"m":true,"M":true}
Received message: {"p":"602.38000000","q":"0.00900000","s":"BNBUSDT","t":1041896053,"T":1745777430893,"e":"trade","E":1745777430894,"m":true,"M":true}
Received trade message: {"p":"602.38000000","q":"0.00900000","s":"BNBUSDT","t":1041896053,"T":1745777430893,"e":"trade","E":1745777430894,"m":true,"M":true}
Received message: {"p":"602.38000000","q":"0.00900000","s":"BNBUSDT","t":1041896054,"T":1745777430893,"e":"trade","E":1745777430894,"m":true,"M":true}
Received trade message: {"p":"602.38000000","q":"0.00900000","s":"BNBUSDT","t":1041896054,"T":1745777430893,"e":"trade","E":1745777430894,"m":true,"M":true}
Received message: {"p":"602.38000000","q":"0.00900000","s":"BNBUSDT","t":1041896055,"T":1745777430893,"e":"trade","E":1745777430894,"m":true,"M":true}
Received trade message: {"p":"602.38000000","q":"0.00900000","s":"BNBUSDT","t":1041896055,"T":1745777430893,"e":"trade","E":1745777430894,"m":true,"M":true}
Received message: {"p":"602.38000000","q":"0.00900000","s":"BNBUSDT","t":1041896056,"T":1745777430893,"e":"trade","E":1745777430894,"m":true,"M":true}
Received trade message: {"p":"602.38000000","q":"0.00900000","s":"BNBUSDT","t":1041896056,"T":1745777430893,"e":"trade","E":1745777430894,"m":true,"M":true}
Received message: {"p":"602.38000000","q":"0.00900000","s":"BNBUSDT","t":1041896057,"T":1745777430893,"e":"trade","E":1745777430894,"m":true,"M":true}
Received trade message: {"p":"602.38000000","q":"0.00900000","s":"BNBUSDT","t":1041896057,"T":1745777430893,"e":"trade","E":1745777430894,"m":true,"M":true}
Received message: {"p":"602.38000000","q":"0.00900000","s":"BNBUSDT","t":1041896058,"T":1745777430893,"e":"trade","E":1745777430894,"m":true,"M":true}
Received trade message: {"p":"602.38000000","q":"0.00900000","s":"BNBUSDT","t":1041896058,"T":1745777430893,"e":"trade","E":1745777430894,"m":true,"M":true}
Received message: {"p":"602.38000000","q":"0.00900000","s":"BNBUSDT","t":1041896059,"T":1745777430893,"e":"trade","E":1745777430894,"m":true,"M":true}
Received trade message: {"p":"602.38000000","q":"0.00900000","s":"BNBUSDT","t":1041896059,"T":1745777430893,"e":"trade","E":1745777430894,"m":true,"M":true}
Received message: {"p":"602.38000000","q":"0.00900000","s":"BNBUSDT","t":1041896060,"T":1745777430893,"e":"trade","E":1745777430894,"m":true,"M":true}
Received trade message: {"p":"602.38000000","q":"0.00900000","s":"BNBUSDT","t":1041896060,"T":1745777430893,"e":"trade","E":1745777430894,"m":true,"M":true}
Received message: {"p":"602.38000000","q":"0.00900000","s":"BNBUSDT","t":1041896061,"T":1745777430893,"e":"trade","E":1745777430894,"m":true,"M":true}
Received trade message: {"p":"602.38000000","q":"0.00900000","s":"BNBUSDT","t":1041896061,"T":1745777430893,"e":"trade","E":1745777430894,"m":true,"M":true}
Received message: {"p":"602.37000000","q":"0.00900000","s":"BNBUSDT","t":1041896062,"T":1745777430897,"e":"trade","E":1745777430897,"m":true,"M":true}
Received trade message: {"p":"602.37000000","q":"0.00900000","s":"BNBUSDT","t":1041896062,"T":1745777430897,"e":"trade","E":1745777430897,"m":true,"M":true}
Received message: {"p":"602.37000000","q":"0.00900000","s":"BNBUSDT","t":1041896063,"T":1745777430897,"e":"trade","E":1745777430897,"m":true,"M":true}
Received trade message: {"p":"602.37000000","q":"0.00900000","s":"BNBUSDT","t":1041896063,"T":1745777430897,"e":"trade","E":1745777430897,"m":true,"M":true}
Received message: {"p":"602.37000000","q":"0.00900000","s":"BNBUSDT","t":1041896064,"T":1745777430897,"e":"trade","E":1745777430897,"m":true,"M":true}
Received trade message: {"p":"602.37000000","q":"0.00900000","s":"BNBUSDT","t":1041896064,"T":1745777430897,"e":"trade","E":1745777430897,"m":true,"M":true}
Received message: {"p":"602.37000000","q":"0.00900000","s":"BNBUSDT","t":1041896065,"T":1745777430897,"e":"trade","E":1745777430897,"m":true,"M":true}
Received trade message: {"p":"602.37000000","q":"0.00900000","s":"BNBUSDT","t":1041896065,"T":1745777430897,"e":"trade","E":1745777430897,"m":true,"M":true}
Received message: {"p":"602.37000000","q":"0.00900000","s":"BNBUSDT","t":1041896066,"T":1745777430897,"e":"trade","E":1745777430897,"m":true,"M":true}
Received trade message: {"p":"602.37000000","q":"0.00900000","s":"BNBUSDT","t":1041896066,"T":1745777430897,"e":"trade","E":1745777430897,"m":true,"M":true}
Received message: {"p":"602.37000000","q":"0.00900000","s":"BNBUSDT","t":1041896067,"T":1745777430897,"e":"trade","E":1745777430897,"m":true,"M":true}
Received trade message: {"p":"602.37000000","q":"0.00900000","s":"BNBUSDT","t":1041896067,"T":1745777430897,"e":"trade","E":1745777430897,"m":true,"M":true}
Received message: {"p":"602.37000000","q":"0.00900000","s":"BNBUSDT","t":1041896068,"T":1745777430897,"e":"trade","E":1745777430897,"m":true,"M":true}
Received trade message: {"p":"602.37000000","q":"0.00900000","s":"BNBUSDT","t":1041896068,"T":1745777430897,"e":"trade","E":1745777430897,"m":true,"M":true}
Received message: {"p":"602.37000000","q":"0.00900000","s":"BNBUSDT","t":1041896069,"T":1745777430897,"e":"trade","E":1745777430897,"m":true,"M":true}
Received trade message: {"p":"602.37000000","q":"0.00900000","s":"BNBUSDT","t":1041896069,"T":1745777430897,"e":"trade","E":1745777430897,"m":true,"M":true}
Received message: {"p":"602.36000000","q":"0.00900000","s":"BNBUSDT","t":1041896070,"T":1745777430924,"e":"trade","E":1745777430924,"m":true,"M":true}
Received trade message: {"p":"602.36000000","q":"0.00900000","s":"BNBUSDT","t":1041896070,"T":1745777430924,"e":"trade","E":1745777430924,"m":true,"M":true}
Received message: {"p":"602.36000000","q":"0.00900000","s":"BNBUSDT","t":1041896071,"T":1745777430924,"e":"trade","E":1745777430924,"m":true,"M":true}
Received trade message: {"p":"602.36000000","q":"0.00900000","s":"BNBUSDT","t":1041896071,"T":1745777430924,"e":"trade","E":1745777430924,"m":true,"M":true}
Received message: {"p":"602.36000000","q":"0.00900000","s":"BNBUSDT","t":1041896072,"T":1745777430924,"e":"trade","E":1745777430924,"m":true,"M":true}
Received trade message: {"p":"602.36000000","q":"0.00900000","s":"BNBUSDT","t":1041896072,"T":1745777430924,"e":"trade","E":1745777430924,"m":true,"M":true}
Received message: {"p":"602.36000000","q":"0.00900000","s":"BNBUSDT","t":1041896073,"T":1745777430924,"e":"trade","E":1745777430924,"m":true,"M":true}
Received trade message: {"p":"602.36000000","q":"0.00900000","s":"BNBUSDT","t":1041896073,"T":1745777430924,"e":"trade","E":1745777430924,"m":true,"M":true}
Received message: {"p":"602.36000000","q":"0.00900000","s":"BNBUSDT","t":1041896074,"T":1745777430924,"e":"trade","E":1745777430924,"m":true,"M":true}
Received trade message: {"p":"602.36000000","q":"0.00900000","s":"BNBUSDT","t":1041896074,"T":1745777430924,"e":"trade","E":1745777430924,"m":true,"M":true}
Received message: {"p":"602.36000000","q":"0.00900000","s":"BNBUSDT","t":1041896075,"T":1745777430924,"e":"trade","E":1745777430924,"m":true,"M":true}
Received trade message: {"p":"602.36000000","q":"0.00900000","s":"BNBUSDT","t":1041896075,"T":1745777430924,"e":"trade","E":1745777430924,"m":true,"M":true}
Received message: {"p":"602.36000000","q":"0.00900000","s":"BNBUSDT","t":1041896076,"T":1745777430926,"e":"trade","E":1745777430926,"m":true,"M":true}
Received trade message: {"p":"602.36000000","q":"0.00900000","s":"BNBUSDT","t":1041896076,"T":1745777430926,"e":"trade","E":1745777430926,"m":true,"M":true}
Received message: {"p":"602.36000000","q":"0.00900000","s":"BNBUSDT","t":1041896077,"T":1745777430926,"e":"trade","E":1745777430926,"m":true,"M":true}
Received trade message: {"p":"602.36000000","q":"0.00900000","s":"BNBUSDT","t":1041896077,"T":1745777430926,"e":"trade","E":1745777430926,"m":true,"M":true}
Received message: {"p":"602.36000000","q":"0.00900000","s":"BNBUSDT","t":1041896078,"T":1745777430926,"e":"trade","E":1745777430926,"m":true,"M":true}
Received trade message: {"p":"602.36000000","q":"0.00900000","s":"BNBUSDT","t":1041896078,"T":1745777430926,"e":"trade","E":1745777430926,"m":true,"M":true}
Received message: {"p":"602.36000000","q":"0.00900000","s":"BNBUSDT","t":1041896079,"T":1745777430926,"e":"trade","E":1745777430926,"m":true,"M":true}
Received trade message: {"p":"602.36000000","q":"0.00900000","s":"BNBUSDT","t":1041896079,"T":1745777430926,"e":"trade","E":1745777430926,"m":true,"M":true}
Received message: {"p":"602.35000000","q":"0.00900000","s":"BNBUSDT","t":1041896080,"T":1745777430926,"e":"trade","E":1745777430926,"m":true,"M":true}
Received trade message: {"p":"602.35000000","q":"0.00900000","s":"BNBUSDT","t":1041896080,"T":1745777430926,"e":"trade","E":1745777430926,"m":true,"M":true}
Received message: {"p":"602.35000000","q":"0.00900000","s":"BNBUSDT","t":1041896081,"T":1745777430926,"e":"trade","E":1745777430926,"m":true,"M":true}
Received trade message: {"p":"602.35000000","q":"0.00900000","s":"BNBUSDT","t":1041896081,"T":1745777430926,"e":"trade","E":1745777430926,"m":true,"M":true}
Received message: {"p":"602.35000000","q":"0.00900000","s":"BNBUSDT","t":1041896082,"T":1745777430926,"e":"trade","E":1745777430926,"m":true,"M":true}
Received trade message: {"p":"602.35000000","q":"0.00900000","s":"BNBUSDT","t":1041896082,"T":1745777430926,"e":"trade","E":1745777430926,"m":true,"M":true}
Received message: {"p":"602.35000000","q":"0.00900000","s":"BNBUSDT","t":1041896083,"T":1745777430926,"e":"trade","E":1745777430926,"m":true,"M":true}
Received trade message: {"p":"602.35000000","q":"0.00900000","s":"BNBUSDT","t":1041896083,"T":1745777430926,"e":"trade","E":1745777430926,"m":true,"M":true}
Received message: {"p":"602.35000000","q":"0.00900000","s":"BNBUSDT","t":1041896084,"T":1745777430926,"e":"trade","E":1745777430926,"m":true,"M":true}
Received trade message: {"p":"602.35000000","q":"0.00900000","s":"BNBUSDT","t":1041896084,"T":1745777430926,"e":"trade","E":1745777430926,"m":true,"M":true}
Received message: {"p":"602.34000000","q":"0.00900000","s":"BNBUSDT","t":1041896085,"T":1745777430928,"e":"trade","E":1745777430928,"m":true,"M":true}
Received trade message: {"p":"602.34000000","q":"0.00900000","s":"BNBUSDT","t":1041896085,"T":1745777430928,"e":"trade","E":1745777430928,"m":true,"M":true}
Received message: {"p":"602.33000000","q":"0.00900000","s":"BNBUSDT","t":1041896086,"T":1745777430928,"e":"trade","E":1745777430928,"m":true,"M":true}
Received trade message: {"p":"602.33000000","q":"0.00900000","s":"BNBUSDT","t":1041896086,"T":1745777430928,"e":"trade","E":1745777430928,"m":true,"M":true}
Received message: {"p":"602.32000000","q":"0.00900000","s":"BNBUSDT","t":1041896087,"T":1745777430928,"e":"trade","E":1745777430928,"m":true,"M":true}
Received trade message: {"p":"602.32000000","q":"0.00900000","s":"BNBUSDT","t":1041896087,"T":1745777430928,"e":"trade","E":1745777430928,"m":true,"M":true}
Received message: {"p":"602.32000000","q":"0.03900000","s":"BNBUSDT","t":1041896088,"T":1745777430944,"e":"trade","E":1745777430944,"m":false,"M":true}
Received trade message: {"p":"602.32000000","q":"0.03900000","s":"BNBUSDT","t":1041896088,"T":1745777430944,"e":"trade","E":1745777430944,"m":false,"M":true}
Received message: {"p":"602.32000000","q":"0.02400000","s":"BNBUSDT","t":1041896089,"T":1745777430953,"e":"trade","E":1745777430953,"m":false,"M":true}
Received trade message: {"p":"602.32000000","q":"0.02400000","s":"BNBUSDT","t":1041896089,"T":1745777430953,"e":"trade","E":1745777430953,"m":false,"M":true}
Received message: {"p":"602.32000000","q":"0.03500000","s":"BNBUSDT","t":1041896090,"T":1745777430973,"e":"trade","E":1745777430974,"m":false,"M":true}
Received trade message: {"p":"602.32000000","q":"0.03500000","s":"BNBUSDT","t":1041896090,"T":1745777430973,"e":"trade","E":1745777430974,"m":false,"M":true}
Received message: {"a":[["94095.24000000","4.78754000"],["94095.25000000","0.00734000"],["94095.98000000","0.00012000"],["94095.99000000","0.08125000"],["94098.42000000","0.02128000"],["94100.65000000","0.70115000"],["94103.10000000","0.00000000"],["94103.14000000","0.00000000"],["94104.46000000","1.00000000"],["94108.72000000","0.00013000"],["94109.04000000","0.00000000"],["94109.26000000","0.00000000"],["94113.68000000","2.00000000"],["94114.47000000","0.00000000"],["94123.28000000","0.00000000"],["94159.69000000","0.53143000"],["94160.20000000","0.00852000"],["94168.48000000","0.00620000"],["95506.67000000","0.00000000"]],"b":[["94095.23000000","1.12256000"],["94075.54000000","0.00000000"],["94069.72000000","1.00000000"],["94064.29000000","0.00000000"],["94056.28000000","0.00000000"],["94055.85000000","0.00000000"],["94055.13000000","0.00000000"],["94046.38000000","1.51911000"],["94044.21000000","2.00000000"],["94004.40000000","0.12646000"],["94002.23000000","0.08502000"],["94000.48000000","0.42067000"],["93998.51000000","0.08608000"],["93964.90000000","0.09644000"],["93961.34000000","0.12759000"],["93959.06000000","0.19600000"],["93958.70000000","0.14290000"],["93957.15000000","0.19381000"],["93956.34000000","0.11494000"],["93954.20000000","0.04040000"],["93953.01000000","0.39261000"],["93951.51000000","0.21038000"],["93950.76000000","0.08718000"],["93949.31000000","0.13777000"],["93248.37000000","0.00008000"],["92683.80000000","0.00100000"],["89300.00000000","0.68201000"],["84685.00000000","0.00000000"],["75276.19000000","0.00052000"],["33000.00000000","2.70601000"]],"s":"BTCUSDT","e":"depthUpdate","E":1745777431014,"U":67663546091,"u":67663546186}
Received message: {"a":[["94095.24000000","4.78754000"],["94095.25000000","0.00734000"],["94095.98000000","0.00012000"],["94095.99000000","0.08125000"],["94098.42000000","0.02128000"],["94100.65000000","0.70115000"],["94103.10000000","0.00000000"],["94103.14000000","0.00000000"],["94104.46000000","1.00000000"],["94108.72000000","0.00013000"],["94109.04000000","0.00000000"],["94109.26000000","0.00000000"],["94113.68000000","2.00000000"],["94114.47000000","0.00000000"],["94123.28000000","0.00000000"],["94159.69000000","0.53143000"],["94160.20000000","0.00852000"],["94168.48000000","0.00620000"],["95506.67000000","0.00000000"]],"b":[["94095.23000000","1.12256000"],["94075.54000000","0.00000000"],["94069.72000000","1.00000000"],["94064.29000000","0.00000000"],["94056.28000000","0.00000000"],["94055.85000000","0.00000000"],["94055.13000000","0.00000000"],["94046.38000000","1.51911000"],["94044.21000000","2.00000000"],["94004.40000000","0.12646000"],["94002.23000000","0.08502000"],["94000.48000000","0.42067000"],["93998.51000000","0.08608000"],["93964.90000000","0.09644000"],["93961.34000000","0.12759000"],["93959.06000000","0.19600000"],["93958.70000000","0.14290000"],["93957.15000000","0.19381000"],["93956.34000000","0.11494000"],["93954.20000000","0.04040000"],["93953.01000000","0.39261000"],["93951.51000000","0.21038000"],["93950.76000000","0.08718000"],["93949.31000000","0.13777000"],["93248.37000000","0.00008000"],["92683.80000000","0.00100000"],["89300.00000000","0.68201000"],["84685.00000000","0.00000000"],["75276.19000000","0.00052000"],["33000.00000000","2.70601000"]],"s":"BTCUSDT","e":"depthUpdate","E":1745777431014,"U":67663546091,"u":67663546186}
Received message: {"p":"602.32000000","q":"0.01700000","s":"BNBUSDT","t":1041896091,"T":1745777431202,"e":"trade","E":1745777431202,"m":false,"M":true}
Received trade message: {"p":"602.32000000","q":"0.01700000","s":"BNBUSDT","t":1041896091,"T":1745777431202,"e":"trade","E":1745777431202,"m":false,"M":true}
Received message: {"p":"94095.23000000","a":3551019266,"q":"0.00034000","s":"BTCUSDT","T":1745777431378,"e":"aggTrade","E":1745777431378,"f":4855242595,"l":4855242595,"m":true,"M":true}
Received message: {"p":"94095.23000000","a":3551019266,"q":"0.00034000","s":"BTCUSDT","T":1745777431378,"e":"aggTrade","E":1745777431378,"f":4855242595,"l":4855242595,"m":true,"M":true}
Received message: {"p":"602.32000000","q":"0.00900000","s":"BNBUSDT","t":1041896092,"T":1745777431536,"e":"trade","E":1745777431537,"m":false,"M":true}
Received trade message: {"p":"602.32000000","q":"0.00900000","s":"BNBUSDT","t":1041896092,"T":1745777431536,"e":"trade","E":1745777431537,"m":false,"M":true}
Received message: {"p":"602.32000000","q":"0.01700000","s":"BNBUSDT","t":1041896093,"T":1745777431636,"e":"trade","E":1745777431636,"m":false,"M":true}
Received trade message: {"p":"602.32000000","q":"0.01700000","s":"BNBUSDT","t":1041896093,"T":1745777431636,"e":"trade","E":1745777431636,"m":false,"M":true}
Received message: {"p":"602.32000000","q":"0.01700000","s":"BNBUSDT","t":1041896094,"T":1745777431683,"e":"trade","E":1745777431683,"m":false,"M":true}
Received trade message: {"p":"602.32000000","q":"0.01700000","s":"BNBUSDT","t":1041896094,"T":1745777431683,"e":"trade","E":1745777431683,"m":false,"M":true}
Received message: {"p":"94095.23000000","a":3551019267,"q":"0.00010000","s":"BTCUSDT","T":1745777431705,"e":"aggTrade","E":1745777431706,"f":4855242596,"l":4855242596,"m":true,"M":true}
Received message: {"p":"94095.23000000","a":3551019267,"q":"0.00010000","s":"BTCUSDT","T":1745777431705,"e":"aggTrade","E":1745777431706,"f":4855242596,"l":4855242596,"m":true,"M":true}
Received message: {"p":"602.31000000","q":"0.02000000","s":"BNBUSDT","t":1041896095,"T":1745777431811,"e":"trade","E":1745777431811,"m":true,"M":true}
Received trade message: {"p":"602.31000000","q":"0.02000000","s":"BNBUSDT","t":1041896095,"T":1745777431811,"e":"trade","E":1745777431811,"m":true,"M":true}
Received message: {"p":"94095.23000000","a":3551019268,"q":"0.00009000","s":"BTCUSDT","T":1745777431907,"e":"aggTrade","E":1745777431908,"f":4855242597,"l":4855242597,"m":true,"M":true}
Received message: {"p":"94095.23000000","a":3551019268,"q":"0.00009000","s":"BTCUSDT","T":1745777431907,"e":"aggTrade","E":1745777431908,"f":4855242597,"l":4855242597,"m":true,"M":true}
Received message: {"p":"602.31000000","q":"0.20800000","s":"BNBUSDT","t":1041896096,"T":1745777432010,"e":"trade","E":1745777432011,"m":true,"M":true}
Received trade message: {"p":"602.31000000","q":"0.20800000","s":"BNBUSDT","t":1041896096,"T":1745777432010,"e":"trade","E":1745777432011,"m":true,"M":true}
Received message: {"a":[["94095.24000000","4.25611000"],["94096.22000000","0.00382000"],["94098.02000000","0.00000000"],["94112.44000000","0.00013000"],["94113.00000000","0.00000000"],["94113.66000000","0.53143000"],["94123.43000000","1.68697000"],["94124.40000000","0.00000000"],["94124.44000000","1.60992000"],["95506.67000000","0.00100000"]],"b":[["94095.23000000","1.12191000"],["94094.90000000","0.00000000"],["94077.51000000","0.01062000"],["94076.51000000","0.01062000"],["94075.51000000","0.01062000"],["94075.16000000","1.09136000"],["94074.51000000","0.01062000"],["94073.51000000","0.01062000"],["94066.10000000","0.00000000"],["94065.61000000","1.66908000"],["94012.01000000","0.04144000"],["94010.89000000","0.04144000"],["94008.70000000","0.09641000"],["94004.40000000","0.16790000"],["94003.48000000","0.08076000"],["94003.47000000","0.37621000"],["94002.23000000","0.12646000"],["94001.01000000","0.12433000"],["94000.48000000","0.46211000"],["93999.65000000","1.02513000"],["93998.51000000","0.12752000"],["93996.59000000","0.08289000"],["93996.01000000","0.08182000"],["93994.01000000","0.22275000"],["93993.31000000","0.18131000"],["93992.01000000","0.08076000"],["93988.01000000","0.04038000"],["93957.15000000","0.15341000"],["93956.90000000","0.04359000"],["93954.93000000","0.00000000"],["93954.20000000","0.00000000"],["93953.01000000","0.35221000"],["93950.01000000","0.15734000"],["93949.31000000","0.09737000"],["93948.83000000","0.00000000"],["93946.15000000","0.35926000"],["93944.40000000","0.51137000"],["93944.01000000","0.00000000"],["93943.31000000","0.25571000"],["93248.37000000","0.00016000"],["93154.28000000","0.00016000"],["93060.18000000","0.00008000"],["92683.80000000","0.00000000"],["88032.54000000","0.00096000"],["84685.00000000","0.00000000"],["75276.19000000","0.00052000"],["33000.00000000","2.70601000"]],"s":"BTCUSDT","e":"depthUpdate","E":1745777432014,"U":67663546187,"u":67663546264}
Received message: {"a":[["94095.24000000","4.25611000"],["94096.22000000","0.00382000"],["94098.02000000","0.00000000"],["94112.44000000","0.00013000"],["94113.00000000","0.00000000"],["94113.66000000","0.53143000"],["94123.43000000","1.68697000"],["94124.40000000","0.00000000"],["94124.44000000","1.60992000"],["95506.67000000","0.00100000"]],"b":[["94095.23000000","1.12191000"],["94094.90000000","0.00000000"],["94077.51000000","0.01062000"],["94076.51000000","0.01062000"],["94075.51000000","0.01062000"],["94075.16000000","1.09136000"],["94074.51000000","0.01062000"],["94073.51000000","0.01062000"],["94066.10000000","0.00000000"],["94065.61000000","1.66908000"],["94012.01000000","0.04144000"],["94010.89000000","0.04144000"],["94008.70000000","0.09641000"],["94004.40000000","0.16790000"],["94003.48000000","0.08076000"],["94003.47000000","0.37621000"],["94002.23000000","0.12646000"],["94001.01000000","0.12433000"],["94000.48000000","0.46211000"],["93999.65000000","1.02513000"],["93998.51000000","0.12752000"],["93996.59000000","0.08289000"],["93996.01000000","0.08182000"],["93994.01000000","0.22275000"],["93993.31000000","0.18131000"],["93992.01000000","0.08076000"],["93988.01000000","0.04038000"],["93957.15000000","0.15341000"],["93956.90000000","0.04359000"],["93954.93000000","0.00000000"],["93954.20000000","0.00000000"],["93953.01000000","0.35221000"],["93950.01000000","0.15734000"],["93949.31000000","0.09737000"],["93948.83000000","0.00000000"],["93946.15000000","0.35926000"],["93944.40000000","0.51137000"],["93944.01000000","0.00000000"],["93943.31000000","0.25571000"],["93248.37000000","0.00016000"],["93154.28000000","0.00016000"],["93060.18000000","0.00008000"],["92683.80000000","0.00000000"],["88032.54000000","0.00096000"],["84685.00000000","0.00000000"],["75276.19000000","0.00052000"],["33000.00000000","2.70601000"]],"s":"BTCUSDT","e":"depthUpdate","E":1745777432014,"U":67663546187,"u":67663546264}
Received message: {"p":"94095.24000000","a":3551019269,"q":"0.00016000","s":"BTCUSDT","T":1745777432370,"e":"aggTrade","E":1745777432370,"f":4855242598,"l":4855242598,"m":false,"M":true}
Received message: {"p":"94095.24000000","a":3551019269,"q":"0.00016000","s":"BTCUSDT","T":1745777432370,"e":"aggTrade","E":1745777432370,"f":4855242598,"l":4855242598,"m":false,"M":true}
Received message: {"p":"602.32000000","q":"0.01300000","s":"BNBUSDT","t":1041896097,"T":1745777432568,"e":"trade","E":1745777432569,"m":false,"M":true}
Received trade message: {"p":"602.32000000","q":"0.01300000","s":"BNBUSDT","t":1041896097,"T":1745777432568,"e":"trade","E":1745777432569,"m":false,"M":true}
Received message: {"p":"94095.24000000","a":3551019270,"q":"0.00021000","s":"BTCUSDT","T":1745777432589,"e":"aggTrade","E":1745777432589,"f":4855242599,"l":4855242599,"m":false,"M":true}
Received message: {"p":"94095.24000000","a":3551019270,"q":"0.00021000","s":"BTCUSDT","T":1745777432589,"e":"aggTrade","E":1745777432589,"f":4855242599,"l":4855242599,"m":false,"M":true}
Received message: {"p":"94095.24000000","a":3551019271,"q":"0.00133000","s":"BTCUSDT","T":1745777432597,"e":"aggTrade","E":1745777432598,"f":4855242600,"l":4855242600,"m":false,"M":true}
Received message: {"p":"94095.24000000","a":3551019271,"q":"0.00133000","s":"BTCUSDT","T":1745777432597,"e":"aggTrade","E":1745777432598,"f":4855242600,"l":4855242600,"m":false,"M":true}
Received message: {"p":"602.31000000","q":"0.01000000","s":"BNBUSDT","t":1041896098,"T":1745777432730,"e":"trade","E":1745777432730,"m":true,"M":true}
Received trade message: {"p":"602.31000000","q":"0.01000000","s":"BNBUSDT","t":1041896098,"T":1745777432730,"e":"trade","E":1745777432730,"m":true,"M":true}
Received message: {"p":"94095.24000000","a":3551019272,"q":"0.00011000","s":"BTCUSDT","T":1745777432961,"e":"aggTrade","E":1745777432961,"f":4855242601,"l":4855242601,"m":false,"M":true}
Received message: {"p":"94095.24000000","a":3551019272,"q":"0.00011000","s":"BTCUSDT","T":1745777432961,"e":"aggTrade","E":1745777432961,"f":4855242601,"l":4855242601,"m":false,"M":true}
Received message: {"p":"94095.24000000","a":3551019273,"q":"0.00013000","s":"BTCUSDT","T":1745777433001,"e":"aggTrade","E":1745777433002,"f":4855242602,"l":4855242602,"m":false,"M":true}
Received message: {"p":"94095.24000000","a":3551019273,"q":"0.00013000","s":"BTCUSDT","T":1745777433001,"e":"aggTrade","E":1745777433002,"f":4855242602,"l":4855242602,"m":false,"M":true}
Received message: {"a":[["94095.24000000","4.25417000"],["94113.13000000","0.09405000"],["94122.10000000","0.00000000"],["94138.65000000","0.10406000"],["94153.01000000","0.00000000"],["95506.67000000","0.00000000"]],"b":[["94095.23000000","1.12202000"],["94015.56000000","0.10354000"],["94013.37000000","0.13646000"],["94012.01000000","0.08501000"],["94011.48000000","0.08249000"],["94011.40000000","0.04038000"],["94010.68000000","0.04957000"],["94010.12000000","0.08249000"],["94008.70000000","0.13679000"],["94007.45000000","0.04251000"],["94007.04000000","0.04357000"],["94006.26000000","0.08395000"],["94004.40000000","0.21041000"],["94004.06000000","0.04357000"],["94003.48000000","0.12114000"],["94002.23000000","0.21254000"],["94001.01000000","0.16471000"],["94000.01000000","0.04357000"],["93999.65000000","1.06551000"],["93999.37000000","0.04608000"],["93997.84000000","0.15231000"],["93996.59000000","0.12327000"],["93996.01000000","0.12539000"],["93993.31000000","0.26526000"],["93992.01000000","0.16471000"],["93990.62000000","0.10154000"],["93987.43000000","0.04038000"],["93968.50000000","0.00000000"],["93968.01000000","0.04252000"],["93966.40000000","0.00000000"],["93964.90000000","0.05497000"],["93964.01000000","0.11194000"],["93963.06000000","0.17291000"],["93961.34000000","0.00000000"],["93960.72000000","0.00000000"],["93960.01000000","0.11294000"],["93959.06000000","0.11094000"],["93958.70000000","0.05997000"],["93957.15000000","0.11194000"],["93956.90000000","0.00000000"],["93956.53000000","0.00014000"],["93955.79000000","0.49500000"],["93954.62000000","0.00000000"],["93953.01000000","0.26928000"],["93952.01000000","0.05997000"],["93951.51000000","0.16891000"],["93950.76000000","0.00000000"],["93950.01000000","0.11694000"],["93948.84000000","0.00000000"],["93948.54000000","0.11465000"],["93947.70000000","0.30907000"],["93946.15000000","0.31886000"],["93945.78000000","0.00000000"],["93943.31000000","0.21531000"],["93942.15000000","0.00000000"],["93940.23000000","0.11394000"],["93937.93000000","0.00000000"],["93935.23000000","0.00000000"],["93932.28000000","0.00000000"],["92966.09000000","0.00008000"],["92871.99000000","0.00008000"],["92777.90000000","0.00008000"],["92683.80000000","0.00108000"],["92646.95000000","0.04105000"],["92589.71000000","0.00008000"],["86567.62000000","0.00000000"],["84685.00000000","0.00000000"],["75276.19000000","0.00052000"],["33000.00000000","2.70601000"]],"s":"BTCUSDT","e":"depthUpdate","E":1745777433014,"U":67663546265,"u":67663546372}
Received message: {"a":[["94095.24000000","4.25417000"],["94113.13000000","0.09405000"],["94122.10000000","0.00000000"],["94138.65000000","0.10406000"],["94153.01000000","0.00000000"],["95506.67000000","0.00000000"]],"b":[["94095.23000000","1.12202000"],["94015.56000000","0.10354000"],["94013.37000000","0.13646000"],["94012.01000000","0.08501000"],["94011.48000000","0.08249000"],["94011.40000000","0.04038000"],["94010.68000000","0.04957000"],["94010.12000000","0.08249000"],["94008.70000000","0.13679000"],["94007.45000000","0.04251000"],["94007.04000000","0.04357000"],["94006.26000000","0.08395000"],["94004.40000000","0.21041000"],["94004.06000000","0.04357000"],["94003.48000000","0.12114000"],["94002.23000000","0.21254000"],["94001.01000000","0.16471000"],["94000.01000000","0.04357000"],["93999.65000000","1.06551000"],["93999.37000000","0.04608000"],["93997.84000000","0.15231000"],["93996.59000000","0.12327000"],["93996.01000000","0.12539000"],["93993.31000000","0.26526000"],["93992.01000000","0.16471000"],["93990.62000000","0.10154000"],["93987.43000000","0.04038000"],["93968.50000000","0.00000000"],["93968.01000000","0.04252000"],["93966.40000000","0.00000000"],["93964.90000000","0.05497000"],["93964.01000000","0.11194000"],["93963.06000000","0.17291000"],["93961.34000000","0.00000000"],["93960.72000000","0.00000000"],["93960.01000000","0.11294000"],["93959.06000000","0.11094000"],["93958.70000000","0.05997000"],["93957.15000000","0.11194000"],["93956.90000000","0.00000000"],["93956.53000000","0.00014000"],["93955.79000000","0.49500000"],["93954.62000000","0.00000000"],["93953.01000000","0.26928000"],["93952.01000000","0.05997000"],["93951.51000000","0.16891000"],["93950.76000000","0.00000000"],["93950.01000000","0.11694000"],["93948.84000000","0.00000000"],["93948.54000000","0.11465000"],["93947.70000000","0.30907000"],["93946.15000000","0.31886000"],["93945.78000000","0.00000000"],["93943.31000000","0.21531000"],["93942.15000000","0.00000000"],["93940.23000000","0.11394000"],["93937.93000000","0.00000000"],["93935.23000000","0.00000000"],["93932.28000000","0.00000000"],["92966.09000000","0.00008000"],["92871.99000000","0.00008000"],["92777.90000000","0.00008000"],["92683.80000000","0.00108000"],["92646.95000000","0.04105000"],["92589.71000000","0.00008000"],["86567.62000000","0.00000000"],["84685.00000000","0.00000000"],["75276.19000000","0.00052000"],["33000.00000000","2.70601000"]],"s":"BTCUSDT","e":"depthUpdate","E":1745777433014,"U":67663546265,"u":67663546372}
Received message: {"p":"602.31000000","q":"0.01600000","s":"BNBUSDT","t":1041896099,"T":1745777433047,"e":"trade","E":1745777433047,"m":true,"M":true}
Received trade message: {"p":"602.31000000","q":"0.01600000","s":"BNBUSDT","t":1041896099,"T":1745777433047,"e":"trade","E":1745777433047,"m":true,"M":true}
Received message: {"p":"94095.23000000","a":3551019274,"q":"0.00052000","s":"BTCUSDT","T":1745777433218,"e":"aggTrade","E":1745777433219,"f":4855242603,"l":4855242603,"m":true,"M":true}
Received message: {"p":"94095.23000000","a":3551019274,"q":"0.00052000","s":"BTCUSDT","T":1745777433218,"e":"aggTrade","E":1745777433219,"f":4855242603,"l":4855242603,"m":true,"M":true}
Received message: {"p":"94095.24000000","a":3551019275,"q":"0.00235000","s":"BTCUSDT","T":1745777433545,"e":"aggTrade","E":1745777433546,"f":4855242604,"l":4855242604,"m":false,"M":true}
Received message: {"p":"94095.24000000","a":3551019275,"q":"0.00235000","s":"BTCUSDT","T":1745777433545,"e":"aggTrade","E":1745777433546,"f":4855242604,"l":4855242604,"m":false,"M":true}
Received message: {"p":"602.32000000","q":"0.31000000","s":"BNBUSDT","t":1041896100,"T":1745777433554,"e":"trade","E":1745777433554,"m":false,"M":true}
Received trade message: {"p":"602.32000000","q":"0.31000000","s":"BNBUSDT","t":1041896100,"T":1745777433554,"e":"trade","E":1745777433554,"m":false,"M":true}
Received message: {"p":"602.32000000","q":"0.18600000","s":"BNBUSDT","t":1041896101,"T":1745777433554,"e":"trade","E":1745777433554,"m":false,"M":true}
Received trade message: {"p":"602.32000000","q":"0.18600000","s":"BNBUSDT","t":1041896101,"T":1745777433554,"e":"trade","E":1745777433554,"m":false,"M":true}
Received message: {"p":"602.31000000","q":"0.01700000","s":"BNBUSDT","t":1041896102,"T":1745777433575,"e":"trade","E":1745777433575,"m":true,"M":true}
Received trade message: {"p":"602.31000000","q":"0.01700000","s":"BNBUSDT","t":1041896102,"T":1745777433575,"e":"trade","E":1745777433575,"m":true,"M":true}
Received message: {"p":"94095.24000000","a":3551019276,"q":"0.00010000","s":"BTCUSDT","T":1745777433775,"e":"aggTrade","E":1745777433775,"f":4855242605,"l":4855242605,"m":false,"M":true}
Received message: {"p":"94095.24000000","a":3551019276,"q":"0.00010000","s":"BTCUSDT","T":1745777433775,"e":"aggTrade","E":1745777433775,"f":4855242605,"l":4855242605,"m":false,"M":true}
Received message: {"p":"602.32000000","q":"0.01700000","s":"BNBUSDT","t":1041896103,"T":1745777433867,"e":"trade","E":1745777433867,"m":false,"M":true}
Received trade message: {"p":"602.32000000","q":"0.01700000","s":"BNBUSDT","t":1041896103,"T":1745777433867,"e":"trade","E":1745777433867,"m":false,"M":true}
Received message: {"p":"94095.24000000","a":3551019277,"q":"0.00009000","s":"BTCUSDT","T":1745777433977,"e":"aggTrade","E":1745777433977,"f":4855242606,"l":4855242606,"m":false,"M":true}
Received message: {"p":"94095.24000000","a":3551019277,"q":"0.00009000","s":"BTCUSDT","T":1745777433977,"e":"aggTrade","E":1745777433977,"f":4855242606,"l":4855242606,"m":false,"M":true}
Received message: {"a":[["94095.24000000","4.23004000"],["94095.25000000","0.00746000"],["94098.42000000","0.00000000"],["94100.65000000","0.00000000"],["94100.89000000","0.00052000"],["94101.32000000","0.00052000"],["94103.08000000","0.00024000"],["94103.09000000","0.70113000"],["94104.46000000","0.00000000"],["94104.65000000","0.00527000"],["94109.53000000","1.00000000"],["94113.57000000","0.00000000"],["94113.68000000","0.00000000"],["94123.82000000","2.00000000"],["94131.89000000","0.00000000"],["94131.90000000","0.00000000"],["94133.62000000","0.00000000"],["94215.18000000","0.05797000"],["94219.59000000","0.05797000"],["94231.41000000","0.01586000"],["94239.51000000","0.00000000"],["94240.62000000","0.00000000"],["94243.22000000","0.00070000"],["95506.67000000","0.00100000"]],"b":[["94095.23000000","1.12159000"],["94094.04000000","0.01361000"],["94094.00000000","0.04256000"],["94091.27000000","0.04204000"],["94090.20000000","0.00095000"],["94074.79000000","1.00000000"],["94069.72000000","0.00000000"],["94054.35000000","2.00000000"],["94046.38000000","0.76532000"],["94044.21000000","0.00000000"],["94015.56000000","0.14498000"],["94012.01000000","0.12645000"],["94010.90000000","0.04144000"],["94008.70000000","0.17823000"],["94004.06000000","0.08501000"],["94001.01000000","0.20615000"],["94000.01000000","0.08501000"],["93997.84000000","0.19375000"],["93996.01000000","0.16577000"],["93994.01000000","0.26313000"],["93992.01000000","0.20828000"],["93991.84000000","0.08076000"],["93990.62000000","0.14511000"],["93987.43000000","0.08076000"],["93970.37000000","0.05797000"],["93969.02000000","0.05797000"],["93966.64000000","0.05797000"],["93962.11000000","0.05797000"],["93953.01000000","0.22888000"],["93949.31000000","0.05697000"],["93944.40000000","0.47097000"],["93943.31000000","0.17491000"],["92683.80000000","0.00008000"],["92646.95000000","0.00000000"],["92495.61000000","0.00008000"],["92401.52000000","0.00008000"],["92307.42000000","0.00008000"],["92213.33000000","0.00008000"],["84685.00000000","0.00000000"],["75276.19000000","0.00052000"],["33000.00000000","2.70601000"],["20002.00000000","0.00000000"],["20001.00000000","0.03474000"]],"s":"BTCUSDT","e":"depthUpdate","E":1745777434014,"U":67663546373,"u":67663546472}
Received message: {"a":[["94095.24000000","4.23004000"],["94095.25000000","0.00746000"],["94098.42000000","0.00000000"],["94100.65000000","0.00000000"],["94100.89000000","0.00052000"],["94101.32000000","0.00052000"],["94103.08000000","0.00024000"],["94103.09000000","0.70113000"],["94104.46000000","0.00000000"],["94104.65000000","0.00527000"],["94109.53000000","1.00000000"],["94113.57000000","0.00000000"],["94113.68000000","0.00000000"],["94123.82000000","2.00000000"],["94131.89000000","0.00000000"],["94131.90000000","0.00000000"],["94133.62000000","0.00000000"],["94215.18000000","0.05797000"],["94219.59000000","0.05797000"],["94231.41000000","0.01586000"],["94239.51000000","0.00000000"],["94240.62000000","0.00000000"],["94243.22000000","0.00070000"],["95506.67000000","0.00100000"]],"b":[["94095.23000000","1.12159000"],["94094.04000000","0.01361000"],["94094.00000000","0.04256000"],["94091.27000000","0.04204000"],["94090.20000000","0.00095000"],["94074.79000000","1.00000000"],["94069.72000000","0.00000000"],["94054.35000000","2.00000000"],["94046.38000000","0.76532000"],["94044.21000000","0.00000000"],["94015.56000000","0.14498000"],["94012.01000000","0.12645000"],["94010.90000000","0.04144000"],["94008.70000000","0.17823000"],["94004.06000000","0.08501000"],["94001.01000000","0.20615000"],["94000.01000000","0.08501000"],["93997.84000000","0.19375000"],["93996.01000000","0.16577000"],["93994.01000000","0.26313000"],["93992.01000000","0.20828000"],["93991.84000000","0.08076000"],["93990.62000000","0.14511000"],["93987.43000000","0.08076000"],["93970.37000000","0.05797000"],["93969.02000000","0.05797000"],["93966.64000000","0.05797000"],["93962.11000000","0.05797000"],["93953.01000000","0.22888000"],["93949.31000000","0.05697000"],["93944.40000000","0.47097000"],["93943.31000000","0.17491000"],["92683.80000000","0.00008000"],["92646.95000000","0.00000000"],["92495.61000000","0.00008000"],["92401.52000000","0.00008000"],["92307.42000000","0.00008000"],["92213.33000000","0.00008000"],["84685.00000000","0.00000000"],["75276.19000000","0.00052000"],["33000.00000000","2.70601000"],["20002.00000000","0.00000000"],["20001.00000000","0.03474000"]],"s":"BTCUSDT","e":"depthUpdate","E":1745777434014,"U":67663546373,"u":67663546472}
Received message: {"p":"94095.24000000","a":3551019278,"q":"0.00016000","s":"BTCUSDT","T":1745777434259,"e":"aggTrade","E":1745777434259,"f":4855242607,"l":4855242607,"m":false,"M":true}
Received message: {"p":"94095.24000000","a":3551019278,"q":"0.00016000","s":"BTCUSDT","T":1745777434259,"e":"aggTrade","E":1745777434259,"f":4855242607,"l":4855242607,"m":false,"M":true}
Received message: {"p":"602.32000000","q":"0.82000000","s":"BNBUSDT","t":1041896104,"T":1745777434320,"e":"trade","E":1745777434320,"m":false,"M":true}
Received trade message: {"p":"602.32000000","q":"0.82000000","s":"BNBUSDT","t":1041896104,"T":1745777434320,"e":"trade","E":1745777434320,"m":false,"M":true}
Received message: {"p":"602.32000000","q":"0.46100000","s":"BNBUSDT","t":1041896105,"T":1745777434321,"e":"trade","E":1745777434322,"m":false,"M":true}
Received trade message: {"p":"602.32000000","q":"0.46100000","s":"BNBUSDT","t":1041896105,"T":1745777434321,"e":"trade","E":1745777434322,"m":false,"M":true}
Received message: {"p":"94095.23000000","a":3551019279,"q":"0.04642000","s":"BTCUSDT","T":1745777434483,"e":"aggTrade","E":1745777434483,"f":4855242608,"l":4855242608,"m":true,"M":true}
Received message: {"p":"94095.23000000","a":3551019279,"q":"0.04642000","s":"BTCUSDT","T":1745777434483,"e":"aggTrade","E":1745777434483,"f":4855242608,"l":4855242608,"m":true,"M":true}
Received message: {"p":"94095.24000000","a":3551019280,"q":"0.00009000","s":"BTCUSDT","T":1745777434690,"e":"aggTrade","E":1745777434690,"f":4855242609,"l":4855242609,"m":false,"M":true}
Received message: {"p":"94095.24000000","a":3551019280,"q":"0.00009000","s":"BTCUSDT","T":1745777434690,"e":"aggTrade","E":1745777434690,"f":4855242609,"l":4855242609,"m":false,"M":true}
Received message: {"p":"602.32000000","q":"0.97700000","s":"BNBUSDT","t":1041896106,"T":1745777434699,"e":"trade","E":1745777434699,"m":false,"M":true}
Received trade message: {"p":"602.32000000","q":"0.97700000","s":"BNBUSDT","t":1041896106,"T":1745777434699,"e":"trade","E":1745777434699,"m":false,"M":true}
Received message: {"p":"602.32000000","q":"4.75500000","s":"BNBUSDT","t":1041896107,"T":1745777434699,"e":"trade","E":1745777434699,"m":false,"M":true}
Received trade message: {"p":"602.32000000","q":"4.75500000","s":"BNBUSDT","t":1041896107,"T":1745777434699,"e":"trade","E":1745777434699,"m":false,"M":true}
Received message: {"p":"602.32000000","q":"0.01900000","s":"BNBUSDT","t":1041896108,"T":1745777434699,"e":"trade","E":1745777434699,"m":false,"M":true}
Received trade message: {"p":"602.32000000","q":"0.01900000","s":"BNBUSDT","t":1041896108,"T":1745777434699,"e":"trade","E":1745777434699,"m":false,"M":true}
Received message: {"p":"602.32000000","q":"2.97000000","s":"BNBUSDT","t":1041896109,"T":1745777434699,"e":"trade","E":1745777434699,"m":false,"M":true}
Received trade message: {"p":"602.32000000","q":"2.97000000","s":"BNBUSDT","t":1041896109,"T":1745777434699,"e":"trade","E":1745777434699,"m":false,"M":true}
Received message: {"p":"602.32000000","q":"3.38900000","s":"BNBUSDT","t":1041896110,"T":1745777434699,"e":"trade","E":1745777434699,"m":false,"M":true}
Received trade message: {"p":"602.32000000","q":"3.38900000","s":"BNBUSDT","t":1041896110,"T":1745777434699,"e":"trade","E":1745777434699,"m":false,"M":true}
Received message: {"p":"94095.23000000","a":3551019281,"q":"0.01853000","s":"BTCUSDT","T":1745777434769,"e":"aggTrade","E":1745777434770,"f":4855242610,"l":4855242610,"m":true,"M":true}
Received message: {"p":"94095.23000000","a":3551019281,"q":"0.01853000","s":"BTCUSDT","T":1745777434769,"e":"aggTrade","E":1745777434770,"f":4855242610,"l":4855242610,"m":true,"M":true}
Received message: {"p":"94095.24000000","a":3551019282,"q":"0.00069000","s":"BTCUSDT","T":1745777434770,"e":"aggTrade","E":1745777434770,"f":4855242611,"l":4855242611,"m":false,"M":true}
Received message: {"p":"94095.24000000","a":3551019282,"q":"0.00069000","s":"BTCUSDT","T":1745777434770,"e":"aggTrade","E":1745777434770,"f":4855242611,"l":4855242611,"m":false,"M":true}
Received message: {"p":"94095.24000000","a":3551019283,"q":"0.00020000","s":"BTCUSDT","T":1745777434871,"e":"aggTrade","E":1745777434872,"f":4855242612,"l":4855242612,"m":false,"M":true}
Received message: {"p":"94095.24000000","a":3551019283,"q":"0.00020000","s":"BTCUSDT","T":1745777434871,"e":"aggTrade","E":1745777434872,"f":4855242612,"l":4855242612,"m":false,"M":true}
Received message: {"p":"602.31000000","q":"0.28500000","s":"BNBUSDT","t":1041896111,"T":1745777434969,"e":"trade","E":1745777434969,"m":true,"M":true}
Received trade message: {"p":"602.31000000","q":"0.28500000","s":"BNBUSDT","t":1041896111,"T":1745777434969,"e":"trade","E":1745777434969,"m":true,"M":true}
Received message: {"p":"602.31000000","q":"0.13500000","s":"BNBUSDT","t":1041896112,"T":1745777434970,"e":"trade","E":1745777434971,"m":true,"M":true}
Received trade message: {"p":"602.31000000","q":"0.13500000","s":"BNBUSDT","t":1041896112,"T":1745777434970,"e":"trade","E":1745777434971,"m":true,"M":true}
Received message: {"p":"602.31000000","q":"0.00900000","s":"BNBUSDT","t":1041896113,"T":1745777434970,"e":"trade","E":1745777434971,"m":true,"M":true}
Received trade message: {"p":"602.31000000","q":"0.00900000","s":"BNBUSDT","t":1041896113,"T":1745777434970,"e":"trade","E":1745777434971,"m":true,"M":true}
Received message: {"p":"602.31000000","q":"0.00900000","s":"BNBUSDT","t":1041896114,"T":1745777434970,"e":"trade","E":1745777434971,"m":true,"M":true}
Received trade message: {"p":"602.31000000","q":"0.00900000","s":"BNBUSDT","t":1041896114,"T":1745777434970,"e":"trade","E":1745777434971,"m":true,"M":true}
Received message: {"p":"602.31000000","q":"0.00900000","s":"BNBUSDT","t":1041896115,"T":1745777434970,"e":"trade","E":1745777434971,"m":true,"M":true}
Received trade message: {"p":"602.31000000","q":"0.00900000","s":"BNBUSDT","t":1041896115,"T":1745777434970,"e":"trade","E":1745777434971,"m":true,"M":true}
Received message: {"p":"602.31000000","q":"0.00900000","s":"BNBUSDT","t":1041896116,"T":1745777434970,"e":"trade","E":1745777434971,"m":true,"M":true}
Received trade message: {"p":"602.31000000","q":"0.00900000","s":"BNBUSDT","t":1041896116,"T":1745777434970,"e":"trade","E":1745777434971,"m":true,"M":true}
Received message: {"p":"602.31000000","q":"0.00900000","s":"BNBUSDT","t":1041896117,"T":1745777434970,"e":"trade","E":1745777434971,"m":true,"M":true}
Received trade message: {"p":"602.31000000","q":"0.00900000","s":"BNBUSDT","t":1041896117,"T":1745777434970,"e":"trade","E":1745777434971,"m":true,"M":true}
Received message: {"p":"602.31000000","q":"0.00900000","s":"BNBUSDT","t":1041896118,"T":1745777434970,"e":"trade","E":1745777434971,"m":true,"M":true}
Received trade message: {"p":"602.31000000","q":"0.00900000","s":"BNBUSDT","t":1041896118,"T":1745777434970,"e":"trade","E":1745777434971,"m":true,"M":true}
Received message: {"p":"602.31000000","q":"0.00900000","s":"BNBUSDT","t":1041896119,"T":1745777434970,"e":"trade","E":1745777434971,"m":true,"M":true}
Received trade message: {"p":"602.31000000","q":"0.00900000","s":"BNBUSDT","t":1041896119,"T":1745777434970,"e":"trade","E":1745777434971,"m":true,"M":true}
Received message: {"p":"602.31000000","q":"0.00900000","s":"BNBUSDT","t":1041896120,"T":1745777434970,"e":"trade","E":1745777434971,"m":true,"M":true}
Received trade message: {"p":"602.31000000","q":"0.00900000","s":"BNBUSDT","t":1041896120,"T":1745777434970,"e":"trade","E":1745777434971,"m":true,"M":true}
Received message: {"a":[["94095.24000000","4.22890000"],["94095.25000000","0.00752000"],["94095.98000000","0.00000000"],["94095.99000000","0.00110000"],["94096.68000000","0.02321000"],["94099.68000000","0.00000000"],["94104.96000000","0.00000000"],["94108.40000000","0.00013000"],["94108.41000000","0.00106000"],["94108.72000000","0.00000000"],["94109.53000000","1.00000000"],["94113.05000000","0.00000000"],["94114.62000000","0.00000000"],["94123.82000000","2.00000000"],["94123.96000000","1.62859000"],["94124.44000000","0.00000000"],["94130.86000000","0.00000000"],["94134.00000000","0.00008000"],["94243.22000000","0.00035000"],["95506.67000000","0.00000000"]],"b":[["94095.23000000","1.05670000"],["94095.22000000","0.00240000"],["94095.18000000","0.14778000"],["94095.15000000","0.00016000"],["94095.13000000","0.00006000"],["94095.11000000","0.00000000"],["94093.86000000","0.70126000"],["94092.66000000","0.02105000"],["94091.55000000","0.09586000"],["94089.59000000","0.00106000"],["94086.14000000","0.00000000"],["94066.27000000","1.64390000"],["94065.61000000","0.00000000"],["94057.06000000","0.00000000"],["93932.29000000","0.03998000"],["93929.93000000","0.00000000"],["93929.18000000","0.48593000"],["93927.49000000","0.00000000"],["93925.70000000","0.00000000"],["93923.91000000","0.00000000"],["93921.14000000","0.00000000"],["93918.68000000","0.00000000"],["92683.80000000","0.00108000"],["92119.23000000","0.00008000"],["84685.00000000","0.00000000"],["75276.19000000","0.00052000"],["33000.00000000","2.70601000"]],"s":"BTCUSDT","e":"depthUpdate","E":1745777435014,"U":67663546473,"u":67663546546}
Received message: {"a":[["94095.24000000","4.22890000"],["94095.25000000","0.00752000"],["94095.98000000","0.00000000"],["94095.99000000","0.00110000"],["94096.68000000","0.02321000"],["94099.68000000","0.00000000"],["94104.96000000","0.00000000"],["94108.40000000","0.00013000"],["94108.41000000","0.00106000"],["94108.72000000","0.00000000"],["94109.53000000","1.00000000"],["94113.05000000","0.00000000"],["94114.62000000","0.00000000"],["94123.82000000","2.00000000"],["94123.96000000","1.62859000"],["94124.44000000","0.00000000"],["94130.86000000","0.00000000"],["94134.00000000","0.00008000"],["94243.22000000","0.00035000"],["95506.67000000","0.00000000"]],"b":[["94095.23000000","1.05670000"],["94095.22000000","0.00240000"],["94095.18000000","0.14778000"],["94095.15000000","0.00016000"],["94095.13000000","0.00006000"],["94095.11000000","0.00000000"],["94093.86000000","0.70126000"],["94092.66000000","0.02105000"],["94091.55000000","0.09586000"],["94089.59000000","0.00106000"],["94086.14000000","0.00000000"],["94066.27000000","1.64390000"],["94065.61000000","0.00000000"],["94057.06000000","0.00000000"],["93932.29000000","0.03998000"],["93929.93000000","0.00000000"],["93929.18000000","0.48593000"],["93927.49000000","0.00000000"],["93925.70000000","0.00000000"],["93923.91000000","0.00000000"],["93921.14000000","0.00000000"],["93918.68000000","0.00000000"],["92683.80000000","0.00108000"],["92119.23000000","0.00008000"],["84685.00000000","0.00000000"],["75276.19000000","0.00052000"],["33000.00000000","2.70601000"]],"s":"BTCUSDT","e":"depthUpdate","E":1745777435014,"U":67663546473,"u":67663546546}
Received message: {"p":"94095.24000000","a":3551019284,"q":"0.00023000","s":"BTCUSDT","T":1745777435072,"e":"aggTrade","E":1745777435072,"f":4855242613,"l":4855242613,"m":false,"M":true}
Received message: {"p":"94095.24000000","a":3551019284,"q":"0.00023000","s":"BTCUSDT","T":1745777435072,"e":"aggTrade","E":1745777435072,"f":4855242613,"l":4855242613,"m":false,"M":true}
Received message: {"p":"94095.24000000","a":3551019285,"q":"0.00014000","s":"BTCUSDT","T":1745777435296,"e":"aggTrade","E":1745777435296,"f":4855242614,"l":4855242614,"m":false,"M":true}
Received message: {"p":"94095.24000000","a":3551019285,"q":"0.00014000","s":"BTCUSDT","T":1745777435296,"e":"aggTrade","E":1745777435296,"f":4855242614,"l":4855242614,"m":false,"M":true}
Received message: {"p":"602.30000000","q":"1.00000000","s":"BNBUSDT","t":1041896121,"T":1745777435930,"e":"trade","E":1745777435930,"m":true,"M":true}
Received trade message: {"p":"602.30000000","q":"1.00000000","s":"BNBUSDT","t":1041896121,"T":1745777435930,"e":"trade","E":1745777435930,"m":true,"M":true}
Received message: {"p":"602.30000000","q":"0.00900000","s":"BNBUSDT","t":1041896122,"T":1745777435930,"e":"trade","E":1745777435930,"m":true,"M":true}
Received trade message: {"p":"602.30000000","q":"0.00900000","s":"BNBUSDT","t":1041896122,"T":1745777435930,"e":"trade","E":1745777435930,"m":true,"M":true}
Received message: {"p":"602.30000000","q":"0.00900000","s":"BNBUSDT","t":1041896123,"T":1745777435930,"e":"trade","E":1745777435930,"m":true,"M":true}
Received trade message: {"p":"602.30000000","q":"0.00900000","s":"BNBUSDT","t":1041896123,"T":1745777435930,"e":"trade","E":1745777435930,"m":true,"M":true}
Received message: {"p":"602.30000000","q":"0.00900000","s":"BNBUSDT","t":1041896124,"T":1745777435930,"e":"trade","E":1745777435930,"m":true,"M":true}
Received trade message: {"p":"602.30000000","q":"0.00900000","s":"BNBUSDT","t":1041896124,"T":1745777435930,"e":"trade","E":1745777435930,"m":true,"M":true}
Received message: {"p":"602.30000000","q":"0.00900000","s":"BNBUSDT","t":1041896125,"T":1745777435930,"e":"trade","E":1745777435930,"m":true,"M":true}
Received trade message: {"p":"602.30000000","q":"0.00900000","s":"BNBUSDT","t":1041896125,"T":1745777435930,"e":"trade","E":1745777435930,"m":true,"M":true}
Received message: {"p":"602.30000000","q":"0.00900000","s":"BNBUSDT","t":1041896126,"T":1745777435930,"e":"trade","E":1745777435930,"m":true,"M":true}
Received trade message: {"p":"602.30000000","q":"0.00900000","s":"BNBUSDT","t":1041896126,"T":1745777435930,"e":"trade","E":1745777435930,"m":true,"M":true}
Received message: {"p":"602.30000000","q":"0.00900000","s":"BNBUSDT","t":1041896127,"T":1745777435930,"e":"trade","E":1745777435930,"m":true,"M":true}
Received trade message: {"p":"602.30000000","q":"0.00900000","s":"BNBUSDT","t":1041896127,"T":1745777435930,"e":"trade","E":1745777435930,"m":true,"M":true}
Received message: {"p":"602.30000000","q":"0.00900000","s":"BNBUSDT","t":1041896128,"T":1745777435930,"e":"trade","E":1745777435930,"m":true,"M":true}
Received trade message: {"p":"602.30000000","q":"0.00900000","s":"BNBUSDT","t":1041896128,"T":1745777435930,"e":"trade","E":1745777435930,"m":true,"M":true}
Received message: {"p":"602.30000000","q":"0.00900000","s":"BNBUSDT","t":1041896129,"T":1745777435930,"e":"trade","E":1745777435930,"m":true,"M":true}
Received trade message: {"p":"602.30000000","q":"0.00900000","s":"BNBUSDT","t":1041896129,"T":1745777435930,"e":"trade","E":1745777435930,"m":true,"M":true}
Received message: {"p":"602.30000000","q":"0.00900000","s":"BNBUSDT","t":1041896130,"T":1745777435930,"e":"trade","E":1745777435930,"m":true,"M":true}
Received trade message: {"p":"602.30000000","q":"0.00900000","s":"BNBUSDT","t":1041896130,"T":1745777435930,"e":"trade","E":1745777435930,"m":true,"M":true}
Received message: {"p":"602.30000000","q":"0.00900000","s":"BNBUSDT","t":1041896131,"T":1745777435930,"e":"trade","E":1745777435930,"m":true,"M":true}
Received trade message: {"p":"602.30000000","q":"0.00900000","s":"BNBUSDT","t":1041896131,"T":1745777435930,"e":"trade","E":1745777435930,"m":true,"M":true}
Received message: {"p":"602.30000000","q":"0.00900000","s":"BNBUSDT","t":1041896132,"T":1745777435930,"e":"trade","E":1745777435930,"m":true,"M":true}
Received trade message: {"p":"602.30000000","q":"0.00900000","s":"BNBUSDT","t":1041896132,"T":1745777435930,"e":"trade","E":1745777435930,"m":true,"M":true}
Received message: {"p":"602.29000000","q":"0.00900000","s":"BNBUSDT","t":1041896133,"T":1745777435930,"e":"trade","E":1745777435930,"m":true,"M":true}
Received trade message: {"p":"602.29000000","q":"0.00900000","s":"BNBUSDT","t":1041896133,"T":1745777435930,"e":"trade","E":1745777435930,"m":true,"M":true}
Received message: {"p":"602.29000000","q":"0.00900000","s":"BNBUSDT","t":1041896134,"T":1745777435930,"e":"trade","E":1745777435930,"m":true,"M":true}
Received trade message: {"p":"602.29000000","q":"0.00900000","s":"BNBUSDT","t":1041896134,"T":1745777435930,"e":"trade","E":1745777435930,"m":true,"M":true}
Received message: {"p":"602.29000000","q":"0.00900000","s":"BNBUSDT","t":1041896135,"T":1745777435930,"e":"trade","E":1745777435930,"m":true,"M":true}
Received trade message: {"p":"602.29000000","q":"0.00900000","s":"BNBUSDT","t":1041896135,"T":1745777435930,"e":"trade","E":1745777435930,"m":true,"M":true}
Received message: {"p":"602.29000000","q":"1.66000000","s":"BNBUSDT","t":1041896136,"T":1745777435930,"e":"trade","E":1745777435930,"m":true,"M":true}
Received trade message: {"p":"602.29000000","q":"1.66000000","s":"BNBUSDT","t":1041896136,"T":1745777435930,"e":"trade","E":1745777435930,"m":true,"M":true}
Received message: {"p":"602.29000000","q":"0.00900000","s":"BNBUSDT","t":1041896137,"T":1745777435930,"e":"trade","E":1745777435930,"m":true,"M":true}
Received trade message: {"p":"602.29000000","q":"0.00900000","s":"BNBUSDT","t":1041896137,"T":1745777435930,"e":"trade","E":1745777435930,"m":true,"M":true}
Received message: {"p":"602.29000000","q":"0.00900000","s":"BNBUSDT","t":1041896138,"T":1745777435930,"e":"trade","E":1745777435930,"m":true,"M":true}
Received trade message: {"p":"602.29000000","q":"0.00900000","s":"BNBUSDT","t":1041896138,"T":1745777435930,"e":"trade","E":1745777435930,"m":true,"M":true}
Received message: {"p":"602.29000000","q":"0.29100000","s":"BNBUSDT","t":1041896139,"T":1745777435930,"e":"trade","E":1745777435930,"m":true,"M":true}
Received trade message: {"p":"602.29000000","q":"0.29100000","s":"BNBUSDT","t":1041896139,"T":1745777435930,"e":"trade","E":1745777435930,"m":true,"M":true}
Received message: {"p":"602.29000000","q":"0.00900000","s":"BNBUSDT","t":1041896140,"T":1745777435930,"e":"trade","E":1745777435930,"m":true,"M":true}
Received trade message: {"p":"602.29000000","q":"0.00900000","s":"BNBUSDT","t":1041896140,"T":1745777435930,"e":"trade","E":1745777435930,"m":true,"M":true}
Received message: {"p":"602.29000000","q":"0.00900000","s":"BNBUSDT","t":1041896141,"T":1745777435930,"e":"trade","E":1745777435930,"m":true,"M":true}
Received trade message: {"p":"602.29000000","q":"0.00900000","s":"BNBUSDT","t":1041896141,"T":1745777435930,"e":"trade","E":1745777435930,"m":true,"M":true}
Received message: {"p":"602.29000000","q":"0.00900000","s":"BNBUSDT","t":1041896142,"T":1745777435930,"e":"trade","E":1745777435930,"m":true,"M":true}
Received trade message: {"p":"602.29000000","q":"0.00900000","s":"BNBUSDT","t":1041896142,"T":1745777435930,"e":"trade","E":1745777435930,"m":true,"M":true}
Received message: {"p":"602.29000000","q":"0.00900000","s":"BNBUSDT","t":1041896143,"T":1745777435930,"e":"trade","E":1745777435930,"m":true,"M":true}
Received trade message: {"p":"602.29000000","q":"0.00900000","s":"BNBUSDT","t":1041896143,"T":1745777435930,"e":"trade","E":1745777435930,"m":true,"M":true}
Received message: {"p":"602.29000000","q":"0.00900000","s":"BNBUSDT","t":1041896144,"T":1745777435930,"e":"trade","E":1745777435930,"m":true,"M":true}
Received trade message: {"p":"602.29000000","q":"0.00900000","s":"BNBUSDT","t":1041896144,"T":1745777435930,"e":"trade","E":1745777435930,"m":true,"M":true}
Received message: {"p":"602.28000000","q":"0.00900000","s":"BNBUSDT","t":1041896145,"T":1745777435930,"e":"trade","E":1745777435930,"m":true,"M":true}
Received trade message: {"p":"602.28000000","q":"0.00900000","s":"BNBUSDT","t":1041896145,"T":1745777435930,"e":"trade","E":1745777435930,"m":true,"M":true}
Received message: {"p":"602.28000000","q":"0.00900000","s":"BNBUSDT","t":1041896146,"T":1745777435930,"e":"trade","E":1745777435930,"m":true,"M":true}
Received trade message: {"p":"602.28000000","q":"0.00900000","s":"BNBUSDT","t":1041896146,"T":1745777435930,"e":"trade","E":1745777435930,"m":true,"M":true}
Received message: {"p":"602.28000000","q":"0.00900000","s":"BNBUSDT","t":1041896147,"T":1745777435930,"e":"trade","E":1745777435930,"m":true,"M":true}
Received trade message: {"p":"602.28000000","q":"0.00900000","s":"BNBUSDT","t":1041896147,"T":1745777435930,"e":"trade","E":1745777435930,"m":true,"M":true}
Received message: {"p":"602.28000000","q":"0.00900000","s":"BNBUSDT","t":1041896148,"T":1745777435930,"e":"trade","E":1745777435930,"m":true,"M":true}
Received trade message: {"p":"602.28000000","q":"0.00900000","s":"BNBUSDT","t":1041896148,"T":1745777435930,"e":"trade","E":1745777435930,"m":true,"M":true}
Received message: {"p":"602.27000000","q":"0.01700000","s":"BNBUSDT","t":1041896149,"T":1745777435934,"e":"trade","E":1745777435934,"m":true,"M":true}
Received trade message: {"p":"602.27000000","q":"0.01700000","s":"BNBUSDT","t":1041896149,"T":1745777435934,"e":"trade","E":1745777435934,"m":true,"M":true}
Received message: {"p":"602.27000000","q":"0.00900000","s":"BNBUSDT","t":1041896150,"T":1745777435934,"e":"trade","E":1745777435934,"m":true,"M":true}
Received trade message: {"p":"602.27000000","q":"0.00900000","s":"BNBUSDT","t":1041896150,"T":1745777435934,"e":"trade","E":1745777435934,"m":true,"M":true}
Received message: {"p":"602.27000000","q":"0.00900000","s":"BNBUSDT","t":1041896151,"T":1745777435934,"e":"trade","E":1745777435934,"m":true,"M":true}
Received trade message: {"p":"602.27000000","q":"0.00900000","s":"BNBUSDT","t":1041896151,"T":1745777435934,"e":"trade","E":1745777435934,"m":true,"M":true}
Received message: {"p":"602.27000000","q":"0.00900000","s":"BNBUSDT","t":1041896152,"T":1745777435934,"e":"trade","E":1745777435934,"m":true,"M":true}
Received trade message: {"p":"602.27000000","q":"0.00900000","s":"BNBUSDT","t":1041896152,"T":1745777435934,"e":"trade","E":1745777435934,"m":true,"M":true}
Received message: {"p":"602.27000000","q":"0.00900000","s":"BNBUSDT","t":1041896153,"T":1745777435934,"e":"trade","E":1745777435934,"m":true,"M":true}
Received trade message: {"p":"602.27000000","q":"0.00900000","s":"BNBUSDT","t":1041896153,"T":1745777435934,"e":"trade","E":1745777435934,"m":true,"M":true}
Received message: {"p":"602.27000000","q":"0.00900000","s":"BNBUSDT","t":1041896154,"T":1745777435934,"e":"trade","E":1745777435934,"m":true,"M":true}
Received trade message: {"p":"602.27000000","q":"0.00900000","s":"BNBUSDT","t":1041896154,"T":1745777435934,"e":"trade","E":1745777435934,"m":true,"M":true}
Received message: {"p":"602.27000000","q":"0.00900000","s":"BNBUSDT","t":1041896155,"T":1745777435934,"e":"trade","E":1745777435934,"m":true,"M":true}
Received trade message: {"p":"602.27000000","q":"0.00900000","s":"BNBUSDT","t":1041896155,"T":1745777435934,"e":"trade","E":1745777435934,"m":true,"M":true}
Received message: {"p":"602.27000000","q":"0.00900000","s":"BNBUSDT","t":1041896156,"T":1745777435934,"e":"trade","E":1745777435934,"m":true,"M":true}
Received trade message: {"p":"602.27000000","q":"0.00900000","s":"BNBUSDT","t":1041896156,"T":1745777435934,"e":"trade","E":1745777435934,"m":true,"M":true}
Received message: {"p":"602.27000000","q":"0.00900000","s":"BNBUSDT","t":1041896157,"T":1745777435934,"e":"trade","E":1745777435934,"m":true,"M":true}
Received trade message: {"p":"602.27000000","q":"0.00900000","s":"BNBUSDT","t":1041896157,"T":1745777435934,"e":"trade","E":1745777435934,"m":true,"M":true}
Received message: {"p":"94095.23000000","a":3551019286,"q":"0.00009000","s":"BTCUSDT","T":1745777436000,"e":"aggTrade","E":1745777436000,"f":4855242615,"l":4855242615,"m":true,"M":true}
Received message: {"p":"94095.23000000","a":3551019286,"q":"0.00009000","s":"BTCUSDT","T":1745777436000,"e":"aggTrade","E":1745777436000,"f":4855242615,"l":4855242615,"m":true,"M":true}
Received message: {"a":[["94095.24000000","4.22853000"],["94100.09000000","0.02072000"],["94109.45000000","0.00000000"],["94109.53000000","0.00000000"],["94109.55000000","0.00000000"],["94110.65000000","0.00000000"],["94112.97000000","1.00000000"],["94123.43000000","2.35973000"],["94123.66000000","0.00000000"],["94123.82000000","0.00000000"],["94123.86000000","0.00000000"],["94126.06000000","0.00000000"],["94130.70000000","2.00000000"],["95506.67000000","0.00100000"]],"b":[["94095.23000000","1.17635000"],["94095.10000000","0.02006000"],["94094.59000000","0.00000000"],["94091.55000000","0.09592000"],["94090.49000000","0.00000000"],["94084.65000000","0.50091000"],["94084.41000000","0.00000000"],["94083.54000000","0.00000000"],["94081.39000000","0.00000000"],["94069.56000000","1.71052000"],["94069.52000000","0.00794000"],["93994.01000000","0.31910000"],["93991.48000000","0.15581000"],["93991.39000000","0.00000000"],["93989.01000000","0.00421000"],["93989.00000000","0.00480000"],["93988.36000000","0.05597000"],["93987.96000000","0.00000000"],["93987.42000000","0.00000000"],["93984.43000000","0.17498000"],["93981.65000000","0.05597000"],["93978.00000000","0.05597000"],["93974.28000000","0.05597000"],["93968.01000000","0.09849000"],["93965.53000000","0.05597000"],["93963.58000000","0.03798000"],["93963.06000000","0.11694000"],["93961.48000000","0.17191000"],["93960.73000000","0.00000000"],["93959.06000000","0.05497000"],["93958.97000000","0.03798000"],["93958.44000000","0.05597000"],["93956.01000000","0.00000000"],["93954.89000000","0.03798000"],["93953.01000000","0.17291000"],["93951.51000000","0.11294000"],["93950.35000000","0.03798000"],["93948.54000000","0.05868000"],["93939.40000000","0.46108000"],["93936.86000000","0.00000000"],["93932.29000000","0.00000000"],["93929.18000000","0.39098000"],["93928.35000000","0.00000000"],["93926.43000000","0.00000000"],["93925.79000000","0.00000000"],["93922.65000000","0.00000000"],["93921.08000000","0.00000000"],["93855.72000000","0.00000000"],["93849.20000000","0.00553000"],["92683.80000000","0.00008000"],["84685.00000000","0.00000000"],["75276.19000000","0.00052000"],["33000.00000000","2.70601000"]],"s":"BTCUSDT","e":"depthUpdate","E":1745777436014,"U":67663546547,"u":67663546648}
Received message: {"a":[["94095.24000000","4.22853000"],["94100.09000000","0.02072000"],["94109.45000000","0.00000000"],["94109.53000000","0.00000000"],["94109.55000000","0.00000000"],["94110.65000000","0.00000000"],["94112.97000000","1.00000000"],["94123.43000000","2.35973000"],["94123.66000000","0.00000000"],["94123.82000000","0.00000000"],["94123.86000000","0.00000000"],["94126.06000000","0.00000000"],["94130.70000000","2.00000000"],["95506.67000000","0.00100000"]],"b":[["94095.23000000","1.17635000"],["94095.10000000","0.02006000"],["94094.59000000","0.00000000"],["94091.55000000","0.09592000"],["94090.49000000","0.00000000"],["94084.65000000","0.50091000"],["94084.41000000","0.00000000"],["94083.54000000","0.00000000"],["94081.39000000","0.00000000"],["94069.56000000","1.71052000"],["94069.52000000","0.00794000"],["93994.01000000","0.31910000"],["93991.48000000","0.15581000"],["93991.39000000","0.00000000"],["93989.01000000","0.00421000"],["93989.00000000","0.00480000"],["93988.36000000","0.05597000"],["93987.96000000","0.00000000"],["93987.42000000","0.00000000"],["93984.43000000","0.17498000"],["93981.65000000","0.05597000"],["93978.00000000","0.05597000"],["93974.28000000","0.05597000"],["93968.01000000","0.09849000"],["93965.53000000","0.05597000"],["93963.58000000","0.03798000"],["93963.06000000","0.11694000"],["93961.48000000","0.17191000"],["93960.73000000","0.00000000"],["93959.06000000","0.05497000"],["93958.97000000","0.03798000"],["93958.44000000","0.05597000"],["93956.01000000","0.00000000"],["93954.89000000","0.03798000"],["93953.01000000","0.17291000"],["93951.51000000","0.11294000"],["93950.35000000","0.03798000"],["93948.54000000","0.05868000"],["93939.40000000","0.46108000"],["93936.86000000","0.00000000"],["93932.29000000","0.00000000"],["93929.18000000","0.39098000"],["93928.35000000","0.00000000"],["93926.43000000","0.00000000"],["93925.79000000","0.00000000"],["93922.65000000","0.00000000"],["93921.08000000","0.00000000"],["93855.72000000","0.00000000"],["93849.20000000","0.00553000"],["92683.80000000","0.00008000"],["84685.00000000","0.00000000"],["75276.19000000","0.00052000"],["33000.00000000","2.70601000"]],"s":"BTCUSDT","e":"depthUpdate","E":1745777436014,"U":67663546547,"u":67663546648}
Received message: {"p":"602.26000000","q":"0.00900000","s":"BNBUSDT","t":1041896158,"T":1745777436095,"e":"trade","E":1745777436095,"m":true,"M":true}
Received trade message: {"p":"602.26000000","q":"0.00900000","s":"BNBUSDT","t":1041896158,"T":1745777436095,"e":"trade","E":1745777436095,"m":true,"M":true}
Received message: {"p":"602.26000000","q":"0.00900000","s":"BNBUSDT","t":1041896159,"T":1745777436095,"e":"trade","E":1745777436095,"m":true,"M":true}
Received trade message: {"p":"602.26000000","q":"0.00900000","s":"BNBUSDT","t":1041896159,"T":1745777436095,"e":"trade","E":1745777436095,"m":true,"M":true}
Received message: {"p":"602.26000000","q":"0.00900000","s":"BNBUSDT","t":1041896160,"T":1745777436095,"e":"trade","E":1745777436095,"m":true,"M":true}
Received trade message: {"p":"602.26000000","q":"0.00900000","s":"BNBUSDT","t":1041896160,"T":1745777436095,"e":"trade","E":1745777436095,"m":true,"M":true}
Received message: {"p":"602.26000000","q":"0.00900000","s":"BNBUSDT","t":1041896161,"T":1745777436095,"e":"trade","E":1745777436095,"m":true,"M":true}
Received trade message: {"p":"602.26000000","q":"0.00900000","s":"BNBUSDT","t":1041896161,"T":1745777436095,"e":"trade","E":1745777436095,"m":true,"M":true}
Received message: {"p":"602.26000000","q":"0.00900000","s":"BNBUSDT","t":1041896162,"T":1745777436095,"e":"trade","E":1745777436095,"m":true,"M":true}
Received trade message: {"p":"602.26000000","q":"0.00900000","s":"BNBUSDT","t":1041896162,"T":1745777436095,"e":"trade","E":1745777436095,"m":true,"M":true}
Received message: {"p":"602.26000000","q":"0.00900000","s":"BNBUSDT","t":1041896163,"T":1745777436095,"e":"trade","E":1745777436095,"m":true,"M":true}
Received trade message: {"p":"602.26000000","q":"0.00900000","s":"BNBUSDT","t":1041896163,"T":1745777436095,"e":"trade","E":1745777436095,"m":true,"M":true}
Received message: {"p":"602.26000000","q":"0.00900000","s":"BNBUSDT","t":1041896164,"T":1745777436095,"e":"trade","E":1745777436095,"m":true,"M":true}
Received trade message: {"p":"602.26000000","q":"0.00900000","s":"BNBUSDT","t":1041896164,"T":1745777436095,"e":"trade","E":1745777436095,"m":true,"M":true}
Received message: {"p":"602.26000000","q":"0.00900000","s":"BNBUSDT","t":1041896165,"T":1745777436095,"e":"trade","E":1745777436095,"m":true,"M":true}
Received trade message: {"p":"602.26000000","q":"0.00900000","s":"BNBUSDT","t":1041896165,"T":1745777436095,"e":"trade","E":1745777436095,"m":true,"M":true}
Received message: {"p":"602.26000000","q":"0.00900000","s":"BNBUSDT","t":1041896166,"T":1745777436095,"e":"trade","E":1745777436095,"m":true,"M":true}
Received trade message: {"p":"602.26000000","q":"0.00900000","s":"BNBUSDT","t":1041896166,"T":1745777436095,"e":"trade","E":1745777436095,"m":true,"M":true}
Received message: {"p":"602.26000000","q":"0.00900000","s":"BNBUSDT","t":1041896167,"T":1745777436095,"e":"trade","E":1745777436095,"m":true,"M":true}
Received trade message: {"p":"602.26000000","q":"0.00900000","s":"BNBUSDT","t":1041896167,"T":1745777436095,"e":"trade","E":1745777436095,"m":true,"M":true}
Received message: {"p":"602.26000000","q":"0.00900000","s":"BNBUSDT","t":1041896168,"T":1745777436095,"e":"trade","E":1745777436095,"m":true,"M":true}
Received trade message: {"p":"602.26000000","q":"0.00900000","s":"BNBUSDT","t":1041896168,"T":1745777436095,"e":"trade","E":1745777436095,"m":true,"M":true}
Received message: {"p":"602.25000000","q":"0.00900000","s":"BNBUSDT","t":1041896169,"T":1745777436096,"e":"trade","E":1745777436097,"m":true,"M":true}
Received trade message: {"p":"602.25000000","q":"0.00900000","s":"BNBUSDT","t":1041896169,"T":1745777436096,"e":"trade","E":1745777436097,"m":true,"M":true}
Received message: {"p":"602.25000000","q":"0.00900000","s":"BNBUSDT","t":1041896170,"T":1745777436096,"e":"trade","E":1745777436097,"m":true,"M":true}
Received trade message: {"p":"602.25000000","q":"0.00900000","s":"BNBUSDT","t":1041896170,"T":1745777436096,"e":"trade","E":1745777436097,"m":true,"M":true}
Received message: {"p":"602.25000000","q":"0.00900000","s":"BNBUSDT","t":1041896171,"T":1745777436096,"e":"trade","E":1745777436097,"m":true,"M":true}
Received trade message: {"p":"602.25000000","q":"0.00900000","s":"BNBUSDT","t":1041896171,"T":1745777436096,"e":"trade","E":1745777436097,"m":true,"M":true}
Received message: {"p":"602.24000000","q":"1.66000000","s":"BNBUSDT","t":1041896172,"T":1745777436099,"e":"trade","E":1745777436099,"m":true,"M":true}
Received trade message: {"p":"602.24000000","q":"1.66000000","s":"BNBUSDT","t":1041896172,"T":1745777436099,"e":"trade","E":1745777436099,"m":true,"M":true}
Received message: {"p":"602.24000000","q":"0.01700000","s":"BNBUSDT","t":1041896173,"T":1745777436099,"e":"trade","E":1745777436099,"m":true,"M":true}
Received trade message: {"p":"602.24000000","q":"0.01700000","s":"BNBUSDT","t":1041896173,"T":1745777436099,"e":"trade","E":1745777436099,"m":true,"M":true}
Received message: {"p":"602.24000000","q":"0.01000000","s":"BNBUSDT","t":1041896174,"T":1745777436099,"e":"trade","E":1745777436099,"m":true,"M":true}
Received trade message: {"p":"602.24000000","q":"0.01000000","s":"BNBUSDT","t":1041896174,"T":1745777436099,"e":"trade","E":1745777436099,"m":true,"M":true}
Received message: {"p":"602.24000000","q":"0.00900000","s":"BNBUSDT","t":1041896175,"T":1745777436099,"e":"trade","E":1745777436099,"m":true,"M":true}
Received trade message: {"p":"602.24000000","q":"0.00900000","s":"BNBUSDT","t":1041896175,"T":1745777436099,"e":"trade","E":1745777436099,"m":true,"M":true}
Received message: {"p":"602.24000000","q":"0.00900000","s":"BNBUSDT","t":1041896176,"T":1745777436099,"e":"trade","E":1745777436099,"m":true,"M":true}
Received trade message: {"p":"602.24000000","q":"0.00900000","s":"BNBUSDT","t":1041896176,"T":1745777436099,"e":"trade","E":1745777436099,"m":true,"M":true}
Received message: {"p":"602.24000000","q":"0.00900000","s":"BNBUSDT","t":1041896177,"T":1745777436099,"e":"trade","E":1745777436099,"m":true,"M":true}
Received trade message: {"p":"602.24000000","q":"0.00900000","s":"BNBUSDT","t":1041896177,"T":1745777436099,"e":"trade","E":1745777436099,"m":true,"M":true}
Received message: {"p":"602.24000000","q":"0.00900000","s":"BNBUSDT","t":1041896178,"T":1745777436099,"e":"trade","E":1745777436099,"m":true,"M":true}
Received trade message: {"p":"602.24000000","q":"0.00900000","s":"BNBUSDT","t":1041896178,"T":1745777436099,"e":"trade","E":1745777436099,"m":true,"M":true}
Received message: {"p":"602.24000000","q":"0.00900000","s":"BNBUSDT","t":1041896179,"T":1745777436099,"e":"trade","E":1745777436099,"m":true,"M":true}
Received trade message: {"p":"602.24000000","q":"0.00900000","s":"BNBUSDT","t":1041896179,"T":1745777436099,"e":"trade","E":1745777436099,"m":true,"M":true}
Received message: {"p":"602.24000000","q":"0.00900000","s":"BNBUSDT","t":1041896180,"T":1745777436099,"e":"trade","E":1745777436099,"m":true,"M":true}
Received trade message: {"p":"602.24000000","q":"0.00900000","s":"BNBUSDT","t":1041896180,"T":1745777436099,"e":"trade","E":1745777436099,"m":true,"M":true}
Received message: {"p":"602.24000000","q":"0.00900000","s":"BNBUSDT","t":1041896181,"T":1745777436099,"e":"trade","E":1745777436099,"m":true,"M":true}
Received trade message: {"p":"602.24000000","q":"0.00900000","s":"BNBUSDT","t":1041896181,"T":1745777436099,"e":"trade","E":1745777436099,"m":true,"M":true}
Received message: {"p":"602.24000000","q":"0.00900000","s":"BNBUSDT","t":1041896182,"T":1745777436099,"e":"trade","E":1745777436099,"m":true,"M":true}
Received trade message: {"p":"602.24000000","q":"0.00900000","s":"BNBUSDT","t":1041896182,"T":1745777436099,"e":"trade","E":1745777436099,"m":true,"M":true}
Received message: {"p":"602.24000000","q":"0.00900000","s":"BNBUSDT","t":1041896183,"T":1745777436099,"e":"trade","E":1745777436099,"m":true,"M":true}
Received trade message: {"p":"602.24000000","q":"0.00900000","s":"BNBUSDT","t":1041896183,"T":1745777436099,"e":"trade","E":1745777436099,"m":true,"M":true}
Received message: {"p":"602.23000000","q":"0.00900000","s":"BNBUSDT","t":1041896184,"T":1745777436099,"e":"trade","E":1745777436099,"m":true,"M":true}
Received trade message: {"p":"602.23000000","q":"0.00900000","s":"BNBUSDT","t":1041896184,"T":1745777436099,"e":"trade","E":1745777436099,"m":true,"M":true}
Received message: {"p":"602.23000000","q":"3.32000000","s":"BNBUSDT","t":1041896185,"T":1745777436099,"e":"trade","E":1745777436099,"m":true,"M":true}
Received trade message: {"p":"602.23000000","q":"3.32000000","s":"BNBUSDT","t":1041896185,"T":1745777436099,"e":"trade","E":1745777436099,"m":true,"M":true}
Received message: {"p":"602.23000000","q":"0.00900000","s":"BNBUSDT","t":1041896186,"T":1745777436099,"e":"trade","E":1745777436099,"m":true,"M":true}
Received trade message: {"p":"602.23000000","q":"0.00900000","s":"BNBUSDT","t":1041896186,"T":1745777436099,"e":"trade","E":1745777436099,"m":true,"M":true}
Received message: {"p":"602.23000000","q":"0.00900000","s":"BNBUSDT","t":1041896187,"T":1745777436099,"e":"trade","E":1745777436099,"m":true,"M":true}
Received trade message: {"p":"602.23000000","q":"0.00900000","s":"BNBUSDT","t":1041896187,"T":1745777436099,"e":"trade","E":1745777436099,"m":true,"M":true}
Received message: {"p":"602.23000000","q":"0.00900000","s":"BNBUSDT","t":1041896188,"T":1745777436099,"e":"trade","E":1745777436099,"m":true,"M":true}
Received trade message: {"p":"602.23000000","q":"0.00900000","s":"BNBUSDT","t":1041896188,"T":1745777436099,"e":"trade","E":1745777436099,"m":true,"M":true}
Received message: {"p":"602.23000000","q":"0.00900000","s":"BNBUSDT","t":1041896189,"T":1745777436099,"e":"trade","E":1745777436099,"m":true,"M":true}
Received trade message: {"p":"602.23000000","q":"0.00900000","s":"BNBUSDT","t":1041896189,"T":1745777436099,"e":"trade","E":1745777436099,"m":true,"M":true}
Received message: {"p":"602.23000000","q":"0.00900000","s":"BNBUSDT","t":1041896190,"T":1745777436099,"e":"trade","E":1745777436099,"m":true,"M":true}
Received trade message: {"p":"602.23000000","q":"0.00900000","s":"BNBUSDT","t":1041896190,"T":1745777436099,"e":"trade","E":1745777436099,"m":true,"M":true}
Received message: {"p":"602.23000000","q":"0.00900000","s":"BNBUSDT","t":1041896191,"T":1745777436099,"e":"trade","E":1745777436099,"m":true,"M":true}
Received trade message: {"p":"602.23000000","q":"0.00900000","s":"BNBUSDT","t":1041896191,"T":1745777436099,"e":"trade","E":1745777436099,"m":true,"M":true}
Received message: {"p":"602.23000000","q":"0.00900000","s":"BNBUSDT","t":1041896192,"T":1745777436099,"e":"trade","E":1745777436099,"m":true,"M":true}
Received trade message: {"p":"602.23000000","q":"0.00900000","s":"BNBUSDT","t":1041896192,"T":1745777436099,"e":"trade","E":1745777436099,"m":true,"M":true}
Received message: {"p":"602.22000000","q":"3.31800000","s":"BNBUSDT","t":1041896193,"T":1745777436102,"e":"trade","E":1745777436103,"m":true,"M":true}
Received trade message: {"p":"602.22000000","q":"3.31800000","s":"BNBUSDT","t":1041896193,"T":1745777436102,"e":"trade","E":1745777436103,"m":true,"M":true}
Received message: {"p":"602.22000000","q":"0.01700000","s":"BNBUSDT","t":1041896194,"T":1745777436102,"e":"trade","E":1745777436103,"m":true,"M":true}
Received trade message: {"p":"602.22000000","q":"0.01700000","s":"BNBUSDT","t":1041896194,"T":1745777436102,"e":"trade","E":1745777436103,"m":true,"M":true}
Received message: {"p":"602.22000000","q":"0.00900000","s":"BNBUSDT","t":1041896195,"T":1745777436102,"e":"trade","E":1745777436103,"m":true,"M":true}
Received trade message: {"p":"602.22000000","q":"0.00900000","s":"BNBUSDT","t":1041896195,"T":1745777436102,"e":"trade","E":1745777436103,"m":true,"M":true}
Received message: {"p":"602.22000000","q":"0.00900000","s":"BNBUSDT","t":1041896196,"T":1745777436102,"e":"trade","E":1745777436103,"m":true,"M":true}
Received trade message: {"p":"602.22000000","q":"0.00900000","s":"BNBUSDT","t":1041896196,"T":1745777436102,"e":"trade","E":1745777436103,"m":true,"M":true}
Received message: {"p":"602.22000000","q":"0.00900000","s":"BNBUSDT","t":1041896197,"T":1745777436102,"e":"trade","E":1745777436103,"m":true,"M":true}
Received trade message: {"p":"602.22000000","q":"0.00900000","s":"BNBUSDT","t":1041896197,"T":1745777436102,"e":"trade","E":1745777436103,"m":true,"M":true}
Received message: {"p":"602.22000000","q":"0.00900000","s":"BNBUSDT","t":1041896198,"T":1745777436102,"e":"trade","E":1745777436103,"m":true,"M":true}
Received trade message: {"p":"602.22000000","q":"0.00900000","s":"BNBUSDT","t":1041896198,"T":1745777436102,"e":"trade","E":1745777436103,"m":true,"M":true}
Received message: {"p":"602.22000000","q":"0.00900000","s":"BNBUSDT","t":1041896199,"T":1745777436103,"e":"trade","E":1745777436103,"m":true,"M":true}
Received trade message: {"p":"602.22000000","q":"0.00900000","s":"BNBUSDT","t":1041896199,"T":1745777436103,"e":"trade","E":1745777436103,"m":true,"M":true}
Received message: {"p":"602.22000000","q":"0.00900000","s":"BNBUSDT","t":1041896200,"T":1745777436103,"e":"trade","E":1745777436103,"m":true,"M":true}
Received trade message: {"p":"602.22000000","q":"0.00900000","s":"BNBUSDT","t":1041896200,"T":1745777436103,"e":"trade","E":1745777436103,"m":true,"M":true}
Received message: {"p":"602.22000000","q":"0.00900000","s":"BNBUSDT","t":1041896201,"T":1745777436103,"e":"trade","E":1745777436103,"m":true,"M":true}
Received trade message: {"p":"602.22000000","q":"0.00900000","s":"BNBUSDT","t":1041896201,"T":1745777436103,"e":"trade","E":1745777436103,"m":true,"M":true}
Received message: {"p":"602.22000000","q":"0.00900000","s":"BNBUSDT","t":1041896202,"T":1745777436103,"e":"trade","E":1745777436103,"m":true,"M":true}
Received trade message: {"p":"602.22000000","q":"0.00900000","s":"BNBUSDT","t":1041896202,"T":1745777436103,"e":"trade","E":1745777436103,"m":true,"M":true}
Received message: {"p":"602.22000000","q":"0.00900000","s":"BNBUSDT","t":1041896203,"T":1745777436103,"e":"trade","E":1745777436103,"m":true,"M":true}
Received trade message: {"p":"602.22000000","q":"0.00900000","s":"BNBUSDT","t":1041896203,"T":1745777436103,"e":"trade","E":1745777436103,"m":true,"M":true}
Received message: {"p":"602.22000000","q":"0.00900000","s":"BNBUSDT","t":1041896204,"T":1745777436103,"e":"trade","E":1745777436103,"m":true,"M":true}
Received trade message: {"p":"602.22000000","q":"0.00900000","s":"BNBUSDT","t":1041896204,"T":1745777436103,"e":"trade","E":1745777436103,"m":true,"M":true}
Received message: {"p":"602.22000000","q":"0.00900000","s":"BNBUSDT","t":1041896205,"T":1745777436103,"e":"trade","E":1745777436103,"m":true,"M":true}
Received trade message: {"p":"602.22000000","q":"0.00900000","s":"BNBUSDT","t":1041896205,"T":1745777436103,"e":"trade","E":1745777436103,"m":true,"M":true}
Received message: {"p":"602.21000000","q":"0.00900000","s":"BNBUSDT","t":1041896206,"T":1745777436104,"e":"trade","E":1745777436104,"m":true,"M":true}
Received trade message: {"p":"602.21000000","q":"0.00900000","s":"BNBUSDT","t":1041896206,"T":1745777436104,"e":"trade","E":1745777436104,"m":true,"M":true}
Received message: {"p":"602.21000000","q":"0.00900000","s":"BNBUSDT","t":1041896207,"T":1745777436104,"e":"trade","E":1745777436104,"m":true,"M":true}
Received trade message: {"p":"602.21000000","q":"0.00900000","s":"BNBUSDT","t":1041896207,"T":1745777436104,"e":"trade","E":1745777436104,"m":true,"M":true}
Received message: {"p":"602.21000000","q":"0.00900000","s":"BNBUSDT","t":1041896208,"T":1745777436104,"e":"trade","E":1745777436104,"m":true,"M":true}
Received trade message: {"p":"602.21000000","q":"0.00900000","s":"BNBUSDT","t":1041896208,"T":1745777436104,"e":"trade","E":1745777436104,"m":true,"M":true}
Received message: {"p":"602.20000000","q":"0.01500000","s":"BNBUSDT","t":1041896209,"T":1745777436323,"e":"trade","E":1745777436323,"m":true,"M":true}
Received trade message: {"p":"602.20000000","q":"0.01500000","s":"BNBUSDT","t":1041896209,"T":1745777436323,"e":"trade","E":1745777436323,"m":true,"M":true}
Received message: {"p":"602.20000000","q":"0.00300000","s":"BNBUSDT","t":1041896210,"T":1745777436477,"e":"trade","E":1745777436478,"m":true,"M":true}
Received trade message: {"p":"602.20000000","q":"0.00300000","s":"BNBUSDT","t":1041896210,"T":1745777436477,"e":"trade","E":1745777436478,"m":true,"M":true}
Received message: {"p":"602.20000000","q":"0.01000000","s":"BNBUSDT","t":1041896211,"T":1745777436477,"e":"trade","E":1745777436478,"m":true,"M":true}
Received trade message: {"p":"602.20000000","q":"0.01000000","s":"BNBUSDT","t":1041896211,"T":1745777436477,"e":"trade","E":1745777436478,"m":true,"M":true}
Received message: {"p":"602.20000000","q":"0.01300000","s":"BNBUSDT","t":1041896212,"T":1745777436478,"e":"trade","E":1745777436478,"m":true,"M":true}
Received trade message: {"p":"602.20000000","q":"0.01300000","s":"BNBUSDT","t":1041896212,"T":1745777436478,"e":"trade","E":1745777436478,"m":true,"M":true}
Received message: {"p":"94095.24000000","a":3551019287,"q":"0.00249000","s":"BTCUSDT","T":1745777436481,"e":"aggTrade","E":1745777436481,"f":4855242616,"l":4855242616,"m":false,"M":true}
Received message: {"p":"94095.24000000","a":3551019287,"q":"0.00249000","s":"BTCUSDT","T":1745777436481,"e":"aggTrade","E":1745777436481,"f":4855242616,"l":4855242616,"m":false,"M":true}
Received message: {"p":"602.20000000","q":"0.01300000","s":"BNBUSDT","t":1041896213,"T":1745777436530,"e":"trade","E":1745777436530,"m":true,"M":true}
Received trade message: {"p":"602.20000000","q":"0.01300000","s":"BNBUSDT","t":1041896213,"T":1745777436530,"e":"trade","E":1745777436530,"m":true,"M":true}
Received message: {"p":"602.20000000","q":"0.01300000","s":"BNBUSDT","t":1041896214,"T":1745777436530,"e":"trade","E":1745777436531,"m":true,"M":true}
Received trade message: {"p":"602.20000000","q":"0.01300000","s":"BNBUSDT","t":1041896214,"T":1745777436530,"e":"trade","E":1745777436531,"m":true,"M":true}
Received message: {"p":"602.20000000","q":"0.01300000","s":"BNBUSDT","t":1041896215,"T":1745777436581,"e":"trade","E":1745777436581,"m":true,"M":true}
Received trade message: {"p":"602.20000000","q":"0.01300000","s":"BNBUSDT","t":1041896215,"T":1745777436581,"e":"trade","E":1745777436581,"m":true,"M":true}
Received message: {"p":"602.20000000","q":"0.01300000","s":"BNBUSDT","t":1041896216,"T":1745777436581,"e":"trade","E":1745777436582,"m":true,"M":true}
Received trade message: {"p":"602.20000000","q":"0.01300000","s":"BNBUSDT","t":1041896216,"T":1745777436581,"e":"trade","E":1745777436582,"m":true,"M":true}
Received message: {"p":"602.20000000","q":"0.01300000","s":"BNBUSDT","t":1041896217,"T":1745777436622,"e":"trade","E":1745777436622,"m":true,"M":true}
Received trade message: {"p":"602.20000000","q":"0.01300000","s":"BNBUSDT","t":1041896217,"T":1745777436622,"e":"trade","E":1745777436622,"m":true,"M":true}
Received message: {"p":"602.20000000","q":"0.01300000","s":"BNBUSDT","t":1041896218,"T":1745777436634,"e":"trade","E":1745777436635,"m":true,"M":true}
Received trade message: {"p":"602.20000000","q":"0.01300000","s":"BNBUSDT","t":1041896218,"T":1745777436634,"e":"trade","E":1745777436635,"m":true,"M":true}
Received message: {"p":"602.20000000","q":"0.01300000","s":"BNBUSDT","t":1041896219,"T":1745777436635,"e":"trade","E":1745777436636,"m":true,"M":true}
Received trade message: {"p":"602.20000000","q":"0.01300000","s":"BNBUSDT","t":1041896219,"T":1745777436635,"e":"trade","E":1745777436636,"m":true,"M":true}
Received message: {"p":"602.20000000","q":"0.01300000","s":"BNBUSDT","t":1041896220,"T":1745777436686,"e":"trade","E":1745777436687,"m":true,"M":true}
Received trade message: {"p":"602.20000000","q":"0.01300000","s":"BNBUSDT","t":1041896220,"T":1745777436686,"e":"trade","E":1745777436687,"m":true,"M":true}
Received message: {"p":"602.20000000","q":"0.01300000","s":"BNBUSDT","t":1041896221,"T":1745777436687,"e":"trade","E":1745777436687,"m":true,"M":true}
Received trade message: {"p":"602.20000000","q":"0.01300000","s":"BNBUSDT","t":1041896221,"T":1745777436687,"e":"trade","E":1745777436687,"m":true,"M":true}
Received message: {"p":"602.20000000","q":"0.01300000","s":"BNBUSDT","t":1041896222,"T":1745777436694,"e":"trade","E":1745777436694,"m":true,"M":true}
Received trade message: {"p":"602.20000000","q":"0.01300000","s":"BNBUSDT","t":1041896222,"T":1745777436694,"e":"trade","E":1745777436694,"m":true,"M":true}
Received message: {"p":"602.20000000","q":"0.01300000","s":"BNBUSDT","t":1041896223,"T":1745777436721,"e":"trade","E":1745777436722,"m":true,"M":true}
Received trade message: {"p":"602.20000000","q":"0.01300000","s":"BNBUSDT","t":1041896223,"T":1745777436721,"e":"trade","E":1745777436722,"m":true,"M":true}
Received message: {"p":"602.20000000","q":"0.01300000","s":"BNBUSDT","t":1041896224,"T":1745777436722,"e":"trade","E":1745777436722,"m":true,"M":true}
Received trade message: {"p":"602.20000000","q":"0.01300000","s":"BNBUSDT","t":1041896224,"T":1745777436722,"e":"trade","E":1745777436722,"m":true,"M":true}
Received message: {"p":"602.20000000","q":"0.01300000","s":"BNBUSDT","t":1041896225,"T":1745777436737,"e":"trade","E":1745777436737,"m":true,"M":true}
Received trade message: {"p":"602.20000000","q":"0.01300000","s":"BNBUSDT","t":1041896225,"T":1745777436737,"e":"trade","E":1745777436737,"m":true,"M":true}
Received message: {"p":"602.20000000","q":"0.01300000","s":"BNBUSDT","t":1041896226,"T":1745777436747,"e":"trade","E":1745777436747,"m":true,"M":true}
Received trade message: {"p":"602.20000000","q":"0.01300000","s":"BNBUSDT","t":1041896226,"T":1745777436747,"e":"trade","E":1745777436747,"m":true,"M":true}
Received message: {"p":"602.20000000","q":"0.01300000","s":"BNBUSDT","t":1041896227,"T":1745777436747,"e":"trade","E":1745777436747,"m":true,"M":true}
Received trade message: {"p":"602.20000000","q":"0.01300000","s":"BNBUSDT","t":1041896227,"T":1745777436747,"e":"trade","E":1745777436747,"m":true,"M":true}
Received message: {"p":"602.20000000","q":"0.01300000","s":"BNBUSDT","t":1041896228,"T":1745777436791,"e":"trade","E":1745777436791,"m":true,"M":true}
Received trade message: {"p":"602.20000000","q":"0.01300000","s":"BNBUSDT","t":1041896228,"T":1745777436791,"e":"trade","E":1745777436791,"m":true,"M":true}
Received message: {"p":"602.20000000","q":"0.01300000","s":"BNBUSDT","t":1041896229,"T":1745777436825,"e":"trade","E":1745777436825,"m":true,"M":true}
Received trade message: {"p":"602.20000000","q":"0.01300000","s":"BNBUSDT","t":1041896229,"T":1745777436825,"e":"trade","E":1745777436825,"m":true,"M":true}
Received message: {"p":"602.20000000","q":"0.01300000","s":"BNBUSDT","t":1041896230,"T":1745777436825,"e":"trade","E":1745777436826,"m":true,"M":true}
Received trade message: {"p":"602.20000000","q":"0.01300000","s":"BNBUSDT","t":1041896230,"T":1745777436825,"e":"trade","E":1745777436826,"m":true,"M":true}
Received message: {"p":"602.20000000","q":"0.01300000","s":"BNBUSDT","t":1041896231,"T":1745777436842,"e":"trade","E":1745777436843,"m":true,"M":true}
Received trade message: {"p":"602.20000000","q":"0.01300000","s":"BNBUSDT","t":1041896231,"T":1745777436842,"e":"trade","E":1745777436843,"m":true,"M":true}
Received message: {"p":"602.20000000","q":"0.01300000","s":"BNBUSDT","t":1041896232,"T":1745777436843,"e":"trade","E":1745777436844,"m":true,"M":true}
Received trade message: {"p":"602.20000000","q":"0.01300000","s":"BNBUSDT","t":1041896232,"T":1745777436843,"e":"trade","E":1745777436844,"m":true,"M":true}
Received message: {"p":"602.20000000","q":"0.01300000","s":"BNBUSDT","t":1041896233,"T":1745777436896,"e":"trade","E":1745777436896,"m":true,"M":true}
Received trade message: {"p":"602.20000000","q":"0.01300000","s":"BNBUSDT","t":1041896233,"T":1745777436896,"e":"trade","E":1745777436896,"m":true,"M":true}
Received message: {"p":"602.20000000","q":"0.01300000","s":"BNBUSDT","t":1041896234,"T":1745777436897,"e":"trade","E":1745777436897,"m":true,"M":true}
Received trade message: {"p":"602.20000000","q":"0.01300000","s":"BNBUSDT","t":1041896234,"T":1745777436897,"e":"trade","E":1745777436897,"m":true,"M":true}
Received message: {"p":"602.20000000","q":"0.01300000","s":"BNBUSDT","t":1041896235,"T":1745777436923,"e":"trade","E":1745777436923,"m":true,"M":true}
Received trade message: {"p":"602.20000000","q":"0.01300000","s":"BNBUSDT","t":1041896235,"T":1745777436923,"e":"trade","E":1745777436923,"m":true,"M":true}
Received message: {"p":"602.20000000","q":"0.01300000","s":"BNBUSDT","t":1041896236,"T":1745777436923,"e":"trade","E":1745777436924,"m":true,"M":true}
Received trade message: {"p":"602.20000000","q":"0.01300000","s":"BNBUSDT","t":1041896236,"T":1745777436923,"e":"trade","E":1745777436924,"m":true,"M":true}
Received message: {"p":"94095.23000000","a":3551019288,"q":"0.00010000","s":"BTCUSDT","T":1745777436927,"e":"aggTrade","E":1745777436928,"f":4855242617,"l":4855242617,"m":true,"M":true}
Received message: {"p":"94095.23000000","a":3551019288,"q":"0.00010000","s":"BTCUSDT","T":1745777436927,"e":"aggTrade","E":1745777436928,"f":4855242617,"l":4855242617,"m":true,"M":true}
Received message: {"p":"602.20000000","q":"0.01300000","s":"BNBUSDT","t":1041896237,"T":1745777436949,"e":"trade","E":1745777436949,"m":true,"M":true}
Received trade message: {"p":"602.20000000","q":"0.01300000","s":"BNBUSDT","t":1041896237,"T":1745777436949,"e":"trade","E":1745777436949,"m":true,"M":true}
Received message: {"p":"602.20000000","q":"0.01300000","s":"BNBUSDT","t":1041896238,"T":1745777437001,"e":"trade","E":1745777437001,"m":true,"M":true}
Received trade message: {"p":"602.20000000","q":"0.01300000","s":"BNBUSDT","t":1041896238,"T":1745777437001,"e":"trade","E":1745777437001,"m":true,"M":true}
Received message: {"p":"602.20000000","q":"0.01300000","s":"BNBUSDT","t":1041896239,"T":1745777437002,"e":"trade","E":1745777437002,"m":true,"M":true}
Received trade message: {"p":"602.20000000","q":"0.01300000","s":"BNBUSDT","t":1041896239,"T":1745777437002,"e":"trade","E":1745777437002,"m":true,"M":true}
Received message: {"a":[["94095.24000000","4.22604000"],["94100.89000000","0.00000000"],["94109.45000000","1.00000000"],["94112.97000000","0.00000000"],["94123.66000000","2.00000000"],["94130.70000000","0.00000000"],["94133.42000000","0.00059000"],["94133.62000000","0.28138000"],["94193.82000000","0.00007000"],["94196.98000000","0.00178000"],["94201.43000000","0.00000000"],["94208.37000000","0.00357000"],["94213.08000000","0.00000000"],["94466.92000000","0.00043000"],["95506.67000000","0.00000000"]],"b":[["94095.23000000","1.17634000"],["94093.86000000","0.70126000"],["94092.66000000","0.00000000"],["94091.27000000","0.04210000"],["94084.65000000","0.49535000"],["94077.51000000","0.00531000"],["94076.51000000","0.00531000"],["94075.51000000","0.00531000"],["94074.51000000","0.00531000"],["94073.51000000","0.00531000"],["94055.83000000","0.00000000"],["94055.81000000","0.00000000"],["94011.67000000","0.00178000"],["94010.67000000","0.00000000"],["94002.27000000","0.00357000"],["93999.37000000","0.04251000"],["93978.63000000","0.05797000"],["93976.38000000","0.05797000"],["93974.33000000","0.05797000"],["93971.70000000","0.05797000"],["93968.81000000","0.05797000"],["93944.40000000","0.41400000"],["93943.31000000","0.11794000"],["93940.23000000","0.05697000"],["93937.34000000","0.00240000"],["93934.51000000","0.00000000"],["93714.20000000","0.00068000"],["93237.89000000","0.00016000"],["93143.80000000","0.00024000"],["92683.80000000","0.00108000"],["89500.00000000","38.63235000"],["89300.00000000","0.68201000"],["87614.00000000","0.02482000"],["84685.00000000","0.00000000"],["75276.19000000","0.00052000"],["42000.00000000","3.70683000"],["33000.00000000","2.70601000"]],"s":"BTCUSDT","e":"depthUpdate","E":1745777437014,"U":67663546649,"u":67663546722}
Received message: {"a":[["94095.24000000","4.22604000"],["94100.89000000","0.00000000"],["94109.45000000","1.00000000"],["94112.97000000","0.00000000"],["94123.66000000","2.00000000"],["94130.70000000","0.00000000"],["94133.42000000","0.00059000"],["94133.62000000","0.28138000"],["94193.82000000","0.00007000"],["94196.98000000","0.00178000"],["94201.43000000","0.00000000"],["94208.37000000","0.00357000"],["94213.08000000","0.00000000"],["94466.92000000","0.00043000"],["95506.67000000","0.00000000"]],"b":[["94095.23000000","1.17634000"],["94093.86000000","0.70126000"],["94092.66000000","0.00000000"],["94091.27000000","0.04210000"],["94084.65000000","0.49535000"],["94077.51000000","0.00531000"],["94076.51000000","0.00531000"],["94075.51000000","0.00531000"],["94074.51000000","0.00531000"],["94073.51000000","0.00531000"],["94055.83000000","0.00000000"],["94055.81000000","0.00000000"],["94011.67000000","0.00178000"],["94010.67000000","0.00000000"],["94002.27000000","0.00357000"],["93999.37000000","0.04251000"],["93978.63000000","0.05797000"],["93976.38000000","0.05797000"],["93974.33000000","0.05797000"],["93971.70000000","0.05797000"],["93968.81000000","0.05797000"],["93944.40000000","0.41400000"],["93943.31000000","0.11794000"],["93940.23000000","0.05697000"],["93937.34000000","0.00240000"],["93934.51000000","0.00000000"],["93714.20000000","0.00068000"],["93237.89000000","0.00016000"],["93143.80000000","0.00024000"],["92683.80000000","0.00108000"],["89500.00000000","38.63235000"],["89300.00000000","0.68201000"],["87614.00000000","0.02482000"],["84685.00000000","0.00000000"],["75276.19000000","0.00052000"],["42000.00000000","3.70683000"],["33000.00000000","2.70601000"]],"s":"BTCUSDT","e":"depthUpdate","E":1745777437014,"U":67663546649,"u":67663546722}
Received message: {"p":"602.20000000","q":"0.01300000","s":"BNBUSDT","t":1041896240,"T":1745777437021,"e":"trade","E":1745777437021,"m":true,"M":true}
Received trade message: {"p":"602.20000000","q":"0.01300000","s":"BNBUSDT","t":1041896240,"T":1745777437021,"e":"trade","E":1745777437021,"m":true,"M":true}
Received message: {"p":"602.20000000","q":"0.01300000","s":"BNBUSDT","t":1041896241,"T":1745777437022,"e":"trade","E":1745777437023,"m":true,"M":true}
Received trade message: {"p":"602.20000000","q":"0.01300000","s":"BNBUSDT","t":1041896241,"T":1745777437022,"e":"trade","E":1745777437023,"m":true,"M":true}
Received message: {"p":"94095.24000000","a":3551019289,"q":"0.00011000","s":"BTCUSDT","T":1745777437039,"e":"aggTrade","E":1745777437040,"f":4855242618,"l":4855242618,"m":false,"M":true}
Received message: {"p":"94095.24000000","a":3551019289,"q":"0.00011000","s":"BTCUSDT","T":1745777437039,"e":"aggTrade","E":1745777437040,"f":4855242618,"l":4855242618,"m":false,"M":true}
Received message: {"p":"94095.23000000","a":3551019290,"q":"0.00028000","s":"BTCUSDT","T":1745777437118,"e":"aggTrade","E":1745777437119,"f":4855242619,"l":4855242619,"m":true,"M":true}
Received message: {"p":"94095.23000000","a":3551019290,"q":"0.00028000","s":"BTCUSDT","T":1745777437118,"e":"aggTrade","E":1745777437119,"f":4855242619,"l":4855242619,"m":true,"M":true}
Received message: {"p":"602.20000000","q":"0.01300000","s":"BNBUSDT","t":1041896242,"T":1745777437288,"e":"trade","E":1745777437288,"m":true,"M":true}
Received trade message: {"p":"602.20000000","q":"0.01300000","s":"BNBUSDT","t":1041896242,"T":1745777437288,"e":"trade","E":1745777437288,"m":true,"M":true}
Received message: {"p":"602.20000000","q":"0.01300000","s":"BNBUSDT","t":1041896243,"T":1745777437288,"e":"trade","E":1745777437289,"m":true,"M":true}
Received trade message: {"p":"602.20000000","q":"0.01300000","s":"BNBUSDT","t":1041896243,"T":1745777437288,"e":"trade","E":1745777437289,"m":true,"M":true}
Received message: {"p":"602.20000000","q":"0.01300000","s":"BNBUSDT","t":1041896244,"T":1745777437317,"e":"trade","E":1745777437317,"m":true,"M":true}
Received trade message: {"p":"602.20000000","q":"0.01300000","s":"BNBUSDT","t":1041896244,"T":1745777437317,"e":"trade","E":1745777437317,"m":true,"M":true}
Received message: {"p":"602.20000000","q":"0.01300000","s":"BNBUSDT","t":1041896245,"T":1745777437320,"e":"trade","E":1745777437320,"m":true,"M":true}
Received trade message: {"p":"602.20000000","q":"0.01300000","s":"BNBUSDT","t":1041896245,"T":1745777437320,"e":"trade","E":1745777437320,"m":true,"M":true}
Received message: {"p":"602.21000000","q":"0.01000000","s":"BNBUSDT","t":1041896246,"T":1745777437324,"e":"trade","E":1745777437324,"m":false,"M":true}
Received trade message: {"p":"602.21000000","q":"0.01000000","s":"BNBUSDT","t":1041896246,"T":1745777437324,"e":"trade","E":1745777437324,"m":false,"M":true}
Received message: {"p":"602.20000000","q":"0.01300000","s":"BNBUSDT","t":1041896247,"T":1745777437368,"e":"trade","E":1745777437368,"m":true,"M":true}
Received trade message: {"p":"602.20000000","q":"0.01300000","s":"BNBUSDT","t":1041896247,"T":1745777437368,"e":"trade","E":1745777437368,"m":true,"M":true}
Received message: {"p":"602.20000000","q":"0.01300000","s":"BNBUSDT","t":1041896248,"T":1745777437368,"e":"trade","E":1745777437369,"m":true,"M":true}
Received trade message: {"p":"602.20000000","q":"0.01300000","s":"BNBUSDT","t":1041896248,"T":1745777437368,"e":"trade","E":1745777437369,"m":true,"M":true}
Received message: {"p":"94095.24000000","a":3551019291,"q":"0.00116000","s":"BTCUSDT","T":1745777437368,"e":"aggTrade","E":1745777437369,"f":4855242620,"l":4855242620,"m":false,"M":true}
Received message: {"p":"94095.24000000","a":3551019291,"q":"0.00116000","s":"BTCUSDT","T":1745777437368,"e":"aggTrade","E":1745777437369,"f":4855242620,"l":4855242620,"m":false,"M":true}
Received message: {"p":"602.20000000","q":"0.01300000","s":"BNBUSDT","t":1041896249,"T":1745777437377,"e":"trade","E":1745777437377,"m":true,"M":true}
Received trade message: {"p":"602.20000000","q":"0.01300000","s":"BNBUSDT","t":1041896249,"T":1745777437377,"e":"trade","E":1745777437377,"m":true,"M":true}
Received message: {"p":"602.20000000","q":"0.01300000","s":"BNBUSDT","t":1041896250,"T":1745777437418,"e":"trade","E":1745777437418,"m":true,"M":true}
Received trade message: {"p":"602.20000000","q":"0.01300000","s":"BNBUSDT","t":1041896250,"T":1745777437418,"e":"trade","E":1745777437418,"m":true,"M":true}
Received message: {"p":"602.20000000","q":"0.01300000","s":"BNBUSDT","t":1041896251,"T":1745777437419,"e":"trade","E":1745777437420,"m":true,"M":true}
Received trade message: {"p":"602.20000000","q":"0.01300000","s":"BNBUSDT","t":1041896251,"T":1745777437419,"e":"trade","E":1745777437420,"m":true,"M":true}
Received message: {"p":"602.20000000","q":"0.01300000","s":"BNBUSDT","t":1041896252,"T":1745777437426,"e":"trade","E":1745777437426,"m":true,"M":true}
Received trade message: {"p":"602.20000000","q":"0.01300000","s":"BNBUSDT","t":1041896252,"T":1745777437426,"e":"trade","E":1745777437426,"m":true,"M":true}
Received message: {"p":"602.20000000","q":"0.01300000","s":"BNBUSDT","t":1041896253,"T":1745777437427,"e":"trade","E":1745777437428,"m":true,"M":true}
Received trade message: {"p":"602.20000000","q":"0.01300000","s":"BNBUSDT","t":1041896253,"T":1745777437427,"e":"trade","E":1745777437428,"m":true,"M":true}
Received message: {"p":"602.20000000","q":"0.01300000","s":"BNBUSDT","t":1041896254,"T":1745777437472,"e":"trade","E":1745777437472,"m":true,"M":true}
Received trade message: {"p":"602.20000000","q":"0.01300000","s":"BNBUSDT","t":1041896254,"T":1745777437472,"e":"trade","E":1745777437472,"m":true,"M":true}
Received message: {"p":"602.20000000","q":"0.01300000","s":"BNBUSDT","t":1041896255,"T":1745777437473,"e":"trade","E":1745777437473,"m":true,"M":true}
Received trade message: {"p":"602.20000000","q":"0.01300000","s":"BNBUSDT","t":1041896255,"T":1745777437473,"e":"trade","E":1745777437473,"m":true,"M":true}
Received message: {"p":"602.20000000","q":"0.43100000","s":"BNBUSDT","t":1041896256,"T":1745777437482,"e":"trade","E":1745777437483,"m":true,"M":true}
Received trade message: {"p":"602.20000000","q":"0.43100000","s":"BNBUSDT","t":1041896256,"T":1745777437482,"e":"trade","E":1745777437483,"m":true,"M":true}
Received message: {"p":"602.20000000","q":"1.32600000","s":"BNBUSDT","t":1041896257,"T":1745777437482,"e":"trade","E":1745777437483,"m":true,"M":true}
Received trade message: {"p":"602.20000000","q":"1.32600000","s":"BNBUSDT","t":1041896257,"T":1745777437482,"e":"trade","E":1745777437483,"m":true,"M":true}
Received message: {"p":"94095.23000000","a":3551019292,"q":"0.00167000","s":"BTCUSDT","T":1745777437736,"e":"aggTrade","E":1745777437736,"f":4855242621,"l":4855242621,"m":true,"M":true}
Received message: {"p":"94095.23000000","a":3551019292,"q":"0.00167000","s":"BTCUSDT","T":1745777437736,"e":"aggTrade","E":1745777437736,"f":4855242621,"l":4855242621,"m":true,"M":true}
Received message: {"a":[["94095.24000000","4.22477000"],["94099.44000000","0.00000000"],["94102.34000000","0.00000000"],["94103.08000000","0.00000000"],["94301.70000000","0.00000000"],["94471.61000000","0.00020000"],["95506.67000000","0.00100000"]],"b":[["94095.23000000","1.17362000"],["94095.21000000","0.00006000"],["94095.20000000","0.00006000"],["94095.18000000","0.14778000"],["94095.13000000","0.00006000"],["94095.10000000","0.00000000"],["94093.86000000","0.70126000"],["94091.55000000","0.00177000"],["94090.50000000","0.04256000"],["94088.94000000","0.01361000"],["94087.00000000","0.04256000"],["94083.43000000","0.09405000"],["93886.38000000","0.00000000"],["93718.85000000","0.00020000"],["93143.80000000","0.00016000"],["93049.72000000","0.00008000"],["92683.80000000","0.00008000"],["88032.54000000","0.00000000"],["86567.62000000","0.00012000"],["84685.00000000","0.00000000"],["75276.19000000","0.00052000"],["33000.00000000","2.70601000"]],"s":"BTCUSDT","e":"depthUpdate","E":1745777438015,"U":67663546723,"u":67663546789}
Received message: {"a":[["94095.24000000","4.22477000"],["94099.44000000","0.00000000"],["94102.34000000","0.00000000"],["94103.08000000","0.00000000"],["94301.70000000","0.00000000"],["94471.61000000","0.00020000"],["95506.67000000","0.00100000"]],"b":[["94095.23000000","1.17362000"],["94095.21000000","0.00006000"],["94095.20000000","0.00006000"],["94095.18000000","0.14778000"],["94095.13000000","0.00006000"],["94095.10000000","0.00000000"],["94093.86000000","0.70126000"],["94091.55000000","0.00177000"],["94090.50000000","0.04256000"],["94088.94000000","0.01361000"],["94087.00000000","0.04256000"],["94083.43000000","0.09405000"],["93886.38000000","0.00000000"],["93718.85000000","0.00020000"],["93143.80000000","0.00016000"],["93049.72000000","0.00008000"],["92683.80000000","0.00008000"],["88032.54000000","0.00000000"],["86567.62000000","0.00012000"],["84685.00000000","0.00000000"],["75276.19000000","0.00052000"],["33000.00000000","2.70601000"]],"s":"BTCUSDT","e":"depthUpdate","E":1745777438015,"U":67663546723,"u":67663546789}
Received message: {"p":"602.20000000","q":"5.80400000","s":"BNBUSDT","t":1041896258,"T":1745777438310,"e":"trade","E":1745777438310,"m":true,"M":true}
Received trade message: {"p":"602.20000000","q":"5.80400000","s":"BNBUSDT","t":1041896258,"T":1745777438310,"e":"trade","E":1745777438310,"m":true,"M":true}
Received message: {"p":"602.20000000","q":"0.00900000","s":"BNBUSDT","t":1041896259,"T":1745777438310,"e":"trade","E":1745777438310,"m":true,"M":true}
Received trade message: {"p":"602.20000000","q":"0.00900000","s":"BNBUSDT","t":1041896259,"T":1745777438310,"e":"trade","E":1745777438310,"m":true,"M":true}
Received message: {"p":"602.20000000","q":"0.00900000","s":"BNBUSDT","t":1041896260,"T":1745777438310,"e":"trade","E":1745777438310,"m":true,"M":true}
Received trade message: {"p":"602.20000000","q":"0.00900000","s":"BNBUSDT","t":1041896260,"T":1745777438310,"e":"trade","E":1745777438310,"m":true,"M":true}
Received message: {"p":"602.20000000","q":"0.00900000","s":"BNBUSDT","t":1041896261,"T":1745777438310,"e":"trade","E":1745777438310,"m":true,"M":true}
Received trade message: {"p":"602.20000000","q":"0.00900000","s":"BNBUSDT","t":1041896261,"T":1745777438310,"e":"trade","E":1745777438310,"m":true,"M":true}
Received message: {"p":"602.20000000","q":"0.00900000","s":"BNBUSDT","t":1041896262,"T":1745777438310,"e":"trade","E":1745777438310,"m":true,"M":true}
Received trade message: {"p":"602.20000000","q":"0.00900000","s":"BNBUSDT","t":1041896262,"T":1745777438310,"e":"trade","E":1745777438310,"m":true,"M":true}
Received message: {"p":"602.20000000","q":"0.00900000","s":"BNBUSDT","t":1041896263,"T":1745777438310,"e":"trade","E":1745777438310,"m":true,"M":true}
Received trade message: {"p":"602.20000000","q":"0.00900000","s":"BNBUSDT","t":1041896263,"T":1745777438310,"e":"trade","E":1745777438310,"m":true,"M":true}
Received message: {"p":"602.20000000","q":"0.00900000","s":"BNBUSDT","t":1041896264,"T":1745777438310,"e":"trade","E":1745777438310,"m":true,"M":true}
Received trade message: {"p":"602.20000000","q":"0.00900000","s":"BNBUSDT","t":1041896264,"T":1745777438310,"e":"trade","E":1745777438310,"m":true,"M":true}
Received message: {"p":"602.20000000","q":"0.00900000","s":"BNBUSDT","t":1041896265,"T":1745777438310,"e":"trade","E":1745777438310,"m":true,"M":true}
Received trade message: {"p":"602.20000000","q":"0.00900000","s":"BNBUSDT","t":1041896265,"T":1745777438310,"e":"trade","E":1745777438310,"m":true,"M":true}
Received message: {"p":"602.20000000","q":"0.00900000","s":"BNBUSDT","t":1041896266,"T":1745777438310,"e":"trade","E":1745777438310,"m":true,"M":true}
Received trade message: {"p":"602.20000000","q":"0.00900000","s":"BNBUSDT","t":1041896266,"T":1745777438310,"e":"trade","E":1745777438310,"m":true,"M":true}
Received message: {"p":"602.20000000","q":"0.00900000","s":"BNBUSDT","t":1041896267,"T":1745777438310,"e":"trade","E":1745777438310,"m":true,"M":true}
Received trade message: {"p":"602.20000000","q":"0.00900000","s":"BNBUSDT","t":1041896267,"T":1745777438310,"e":"trade","E":1745777438310,"m":true,"M":true}
Received message: {"p":"602.20000000","q":"0.00900000","s":"BNBUSDT","t":1041896268,"T":1745777438310,"e":"trade","E":1745777438310,"m":true,"M":true}
Received trade message: {"p":"602.20000000","q":"0.00900000","s":"BNBUSDT","t":1041896268,"T":1745777438310,"e":"trade","E":1745777438310,"m":true,"M":true}
Received message: {"p":"602.20000000","q":"0.00900000","s":"BNBUSDT","t":1041896269,"T":1745777438310,"e":"trade","E":1745777438310,"m":true,"M":true}
Received trade message: {"p":"602.20000000","q":"0.00900000","s":"BNBUSDT","t":1041896269,"T":1745777438310,"e":"trade","E":1745777438310,"m":true,"M":true}
Received message: {"p":"602.19000000","q":"0.00900000","s":"BNBUSDT","t":1041896270,"T":1745777438311,"e":"trade","E":1745777438312,"m":true,"M":true}
Received trade message: {"p":"602.19000000","q":"0.00900000","s":"BNBUSDT","t":1041896270,"T":1745777438311,"e":"trade","E":1745777438312,"m":true,"M":true}
Received message: {"p":"602.19000000","q":"0.00900000","s":"BNBUSDT","t":1041896271,"T":1745777438311,"e":"trade","E":1745777438312,"m":true,"M":true}
Received trade message: {"p":"602.19000000","q":"0.00900000","s":"BNBUSDT","t":1041896271,"T":1745777438311,"e":"trade","E":1745777438312,"m":true,"M":true}
Received message: {"p":"602.19000000","q":"0.00900000","s":"BNBUSDT","t":1041896272,"T":1745777438311,"e":"trade","E":1745777438312,"m":true,"M":true}
Received trade message: {"p":"602.19000000","q":"0.00900000","s":"BNBUSDT","t":1041896272,"T":1745777438311,"e":"trade","E":1745777438312,"m":true,"M":true}
Received message: {"p":"602.19000000","q":"0.00900000","s":"BNBUSDT","t":1041896273,"T":1745777438311,"e":"trade","E":1745777438312,"m":true,"M":true}
Received trade message: {"p":"602.19000000","q":"0.00900000","s":"BNBUSDT","t":1041896273,"T":1745777438311,"e":"trade","E":1745777438312,"m":true,"M":true}
Received message: {"p":"602.19000000","q":"0.00900000","s":"BNBUSDT","t":1041896274,"T":1745777438311,"e":"trade","E":1745777438312,"m":true,"M":true}
Received trade message: {"p":"602.19000000","q":"0.00900000","s":"BNBUSDT","t":1041896274,"T":1745777438311,"e":"trade","E":1745777438312,"m":true,"M":true}
Received message: {"p":"602.19000000","q":"0.00900000","s":"BNBUSDT","t":1041896275,"T":1745777438311,"e":"trade","E":1745777438312,"m":true,"M":true}
Received trade message: {"p":"602.19000000","q":"0.00900000","s":"BNBUSDT","t":1041896275,"T":1745777438311,"e":"trade","E":1745777438312,"m":true,"M":true}
Received message: {"p":"602.19000000","q":"0.00900000","s":"BNBUSDT","t":1041896276,"T":1745777438311,"e":"trade","E":1745777438312,"m":true,"M":true}
Received trade message: {"p":"602.19000000","q":"0.00900000","s":"BNBUSDT","t":1041896276,"T":1745777438311,"e":"trade","E":1745777438312,"m":true,"M":true}
Received message: {"p":"602.19000000","q":"0.00900000","s":"BNBUSDT","t":1041896277,"T":1745777438311,"e":"trade","E":1745777438312,"m":true,"M":true}
Received trade message: {"p":"602.19000000","q":"0.00900000","s":"BNBUSDT","t":1041896277,"T":1745777438311,"e":"trade","E":1745777438312,"m":true,"M":true}
Received message: {"p":"602.19000000","q":"0.00900000","s":"BNBUSDT","t":1041896278,"T":1745777438311,"e":"trade","E":1745777438312,"m":true,"M":true}
Received trade message: {"p":"602.19000000","q":"0.00900000","s":"BNBUSDT","t":1041896278,"T":1745777438311,"e":"trade","E":1745777438312,"m":true,"M":true}
Received message: {"p":"602.18000000","q":"0.00900000","s":"BNBUSDT","t":1041896279,"T":1745777438316,"e":"trade","E":1745777438316,"m":true,"M":true}
Received trade message: {"p":"602.18000000","q":"0.00900000","s":"BNBUSDT","t":1041896279,"T":1745777438316,"e":"trade","E":1745777438316,"m":true,"M":true}
Received message: {"p":"602.18000000","q":"0.00900000","s":"BNBUSDT","t":1041896280,"T":1745777438316,"e":"trade","E":1745777438316,"m":true,"M":true}
Received trade message: {"p":"602.18000000","q":"0.00900000","s":"BNBUSDT","t":1041896280,"T":1745777438316,"e":"trade","E":1745777438316,"m":true,"M":true}
Received message: {"p":"602.18000000","q":"0.00900000","s":"BNBUSDT","t":1041896281,"T":1745777438316,"e":"trade","E":1745777438316,"m":true,"M":true}
Received trade message: {"p":"602.18000000","q":"0.00900000","s":"BNBUSDT","t":1041896281,"T":1745777438316,"e":"trade","E":1745777438316,"m":true,"M":true}
Received message: {"p":"602.18000000","q":"1.66000000","s":"BNBUSDT","t":1041896282,"T":1745777438316,"e":"trade","E":1745777438316,"m":true,"M":true}
Received trade message: {"p":"602.18000000","q":"1.66000000","s":"BNBUSDT","t":1041896282,"T":1745777438316,"e":"trade","E":1745777438316,"m":true,"M":true}
Received message: {"p":"602.18000000","q":"0.00900000","s":"BNBUSDT","t":1041896283,"T":1745777438316,"e":"trade","E":1745777438316,"m":true,"M":true}
Received trade message: {"p":"602.18000000","q":"0.00900000","s":"BNBUSDT","t":1041896283,"T":1745777438316,"e":"trade","E":1745777438316,"m":true,"M":true}
Received message: {"p":"602.18000000","q":"0.00900000","s":"BNBUSDT","t":1041896284,"T":1745777438316,"e":"trade","E":1745777438316,"m":true,"M":true}
Received trade message: {"p":"602.18000000","q":"0.00900000","s":"BNBUSDT","t":1041896284,"T":1745777438316,"e":"trade","E":1745777438316,"m":true,"M":true}
Received message: {"p":"602.18000000","q":"0.00900000","s":"BNBUSDT","t":1041896285,"T":1745777438316,"e":"trade","E":1745777438316,"m":true,"M":true}
Received trade message: {"p":"602.18000000","q":"0.00900000","s":"BNBUSDT","t":1041896285,"T":1745777438316,"e":"trade","E":1745777438316,"m":true,"M":true}
Received message: {"p":"602.18000000","q":"0.00900000","s":"BNBUSDT","t":1041896286,"T":1745777438316,"e":"trade","E":1745777438316,"m":true,"M":true}
Received trade message: {"p":"602.18000000","q":"0.00900000","s":"BNBUSDT","t":1041896286,"T":1745777438316,"e":"trade","E":1745777438316,"m":true,"M":true}
Received message: {"p":"602.18000000","q":"0.00900000","s":"BNBUSDT","t":1041896287,"T":1745777438316,"e":"trade","E":1745777438316,"m":true,"M":true}
Received trade message: {"p":"602.18000000","q":"0.00900000","s":"BNBUSDT","t":1041896287,"T":1745777438316,"e":"trade","E":1745777438316,"m":true,"M":true}
Received message: {"p":"602.18000000","q":"0.00900000","s":"BNBUSDT","t":1041896288,"T":1745777438316,"e":"trade","E":1745777438316,"m":true,"M":true}
Received trade message: {"p":"602.18000000","q":"0.00900000","s":"BNBUSDT","t":1041896288,"T":1745777438316,"e":"trade","E":1745777438316,"m":true,"M":true}
Received message: {"p":"602.18000000","q":"0.00900000","s":"BNBUSDT","t":1041896289,"T":1745777438316,"e":"trade","E":1745777438316,"m":true,"M":true}
Received trade message: {"p":"602.18000000","q":"0.00900000","s":"BNBUSDT","t":1041896289,"T":1745777438316,"e":"trade","E":1745777438316,"m":true,"M":true}
Received message: {"p":"602.18000000","q":"0.00900000","s":"BNBUSDT","t":1041896290,"T":1745777438316,"e":"trade","E":1745777438316,"m":true,"M":true}
Received trade message: {"p":"602.18000000","q":"0.00900000","s":"BNBUSDT","t":1041896290,"T":1745777438316,"e":"trade","E":1745777438316,"m":true,"M":true}
Received message: {"p":"602.17000000","q":"0.00900000","s":"BNBUSDT","t":1041896291,"T":1745777438316,"e":"trade","E":1745777438317,"m":true,"M":true}
Received trade message: {"p":"602.17000000","q":"0.00900000","s":"BNBUSDT","t":1041896291,"T":1745777438316,"e":"trade","E":1745777438317,"m":true,"M":true}
Received message: {"p":"602.17000000","q":"0.00900000","s":"BNBUSDT","t":1041896292,"T":1745777438316,"e":"trade","E":1745777438317,"m":true,"M":true}
Received trade message: {"p":"602.17000000","q":"0.00900000","s":"BNBUSDT","t":1041896292,"T":1745777438316,"e":"trade","E":1745777438317,"m":true,"M":true}
Received message: {"p":"602.17000000","q":"0.00900000","s":"BNBUSDT","t":1041896293,"T":1745777438316,"e":"trade","E":1745777438317,"m":true,"M":true}
Received trade message: {"p":"602.17000000","q":"0.00900000","s":"BNBUSDT","t":1041896293,"T":1745777438316,"e":"trade","E":1745777438317,"m":true,"M":true}
Received message: {"p":"602.17000000","q":"0.00900000","s":"BNBUSDT","t":1041896294,"T":1745777438316,"e":"trade","E":1745777438317,"m":true,"M":true}
Received trade message: {"p":"602.17000000","q":"0.00900000","s":"BNBUSDT","t":1041896294,"T":1745777438316,"e":"trade","E":1745777438317,"m":true,"M":true}
Received message: {"p":"602.17000000","q":"0.00600000","s":"BNBUSDT","t":1041896295,"T":1745777438316,"e":"trade","E":1745777438317,"m":true,"M":true}
Received trade message: {"p":"602.17000000","q":"0.00600000","s":"BNBUSDT","t":1041896295,"T":1745777438316,"e":"trade","E":1745777438317,"m":true,"M":true}
Received message: {"p":"602.17000000","q":"0.00900000","s":"BNBUSDT","t":1041896296,"T":1745777438317,"e":"trade","E":1745777438318,"m":true,"M":true}
Received trade message: {"p":"602.17000000","q":"0.00900000","s":"BNBUSDT","t":1041896296,"T":1745777438317,"e":"trade","E":1745777438318,"m":true,"M":true}
Received message: {"p":"602.17000000","q":"0.00900000","s":"BNBUSDT","t":1041896297,"T":1745777438317,"e":"trade","E":1745777438318,"m":true,"M":true}
Received trade message: {"p":"602.17000000","q":"0.00900000","s":"BNBUSDT","t":1041896297,"T":1745777438317,"e":"trade","E":1745777438318,"m":true,"M":true}
Received message: {"p":"602.17000000","q":"0.00900000","s":"BNBUSDT","t":1041896298,"T":1745777438317,"e":"trade","E":1745777438318,"m":true,"M":true}
Received trade message: {"p":"602.17000000","q":"0.00900000","s":"BNBUSDT","t":1041896298,"T":1745777438317,"e":"trade","E":1745777438318,"m":true,"M":true}
Received message: {"p":"602.17000000","q":"0.00900000","s":"BNBUSDT","t":1041896299,"T":1745777438317,"e":"trade","E":1745777438318,"m":true,"M":true}
Received trade message: {"p":"602.17000000","q":"0.00900000","s":"BNBUSDT","t":1041896299,"T":1745777438317,"e":"trade","E":1745777438318,"m":true,"M":true}
Received message: {"p":"94095.24000000","a":3551019293,"q":"0.00271000","s":"BTCUSDT","T":1745777438566,"e":"aggTrade","E":1745777438567,"f":4855242622,"l":4855242622,"m":false,"M":true}
Received message: {"p":"94095.24000000","a":3551019293,"q":"0.00271000","s":"BTCUSDT","T":1745777438566,"e":"aggTrade","E":1745777438567,"f":4855242622,"l":4855242622,"m":false,"M":true}
Received message: {"p":"602.16000000","q":"0.01700000","s":"BNBUSDT","t":1041896300,"T":1745777438577,"e":"trade","E":1745777438577,"m":true,"M":true}
Received trade message: {"p":"602.16000000","q":"0.01700000","s":"BNBUSDT","t":1041896300,"T":1745777438577,"e":"trade","E":1745777438577,"m":true,"M":true}
Received message: {"p":"602.16000000","q":"0.18300000","s":"BNBUSDT","t":1041896301,"T":1745777438577,"e":"trade","E":1745777438577,"m":true,"M":true}
Received trade message: {"p":"602.16000000","q":"0.18300000","s":"BNBUSDT","t":1041896301,"T":1745777438577,"e":"trade","E":1745777438577,"m":true,"M":true}
Received message: {"p":"602.16000000","q":"0.61300000","s":"BNBUSDT","t":1041896302,"T":1745777438585,"e":"trade","E":1745777438585,"m":true,"M":true}
Received trade message: {"p":"602.16000000","q":"0.61300000","s":"BNBUSDT","t":1041896302,"T":1745777438585,"e":"trade","E":1745777438585,"m":true,"M":true}
Received message: {"p":"602.16000000","q":"0.00900000","s":"BNBUSDT","t":1041896303,"T":1745777438585,"e":"trade","E":1745777438585,"m":true,"M":true}
Received trade message: {"p":"602.16000000","q":"0.00900000","s":"BNBUSDT","t":1041896303,"T":1745777438585,"e":"trade","E":1745777438585,"m":true,"M":true}
Received message: {"p":"602.16000000","q":"0.00900000","s":"BNBUSDT","t":1041896304,"T":1745777438585,"e":"trade","E":1745777438585,"m":true,"M":true}
Received trade message: {"p":"602.16000000","q":"0.00900000","s":"BNBUSDT","t":1041896304,"T":1745777438585,"e":"trade","E":1745777438585,"m":true,"M":true}
Received message: {"p":"602.16000000","q":"0.00900000","s":"BNBUSDT","t":1041896305,"T":1745777438585,"e":"trade","E":1745777438585,"m":true,"M":true}
Received trade message: {"p":"602.16000000","q":"0.00900000","s":"BNBUSDT","t":1041896305,"T":1745777438585,"e":"trade","E":1745777438585,"m":true,"M":true}
Received message: {"p":"602.16000000","q":"0.00900000","s":"BNBUSDT","t":1041896306,"T":1745777438585,"e":"trade","E":1745777438585,"m":true,"M":true}
Received trade message: {"p":"602.16000000","q":"0.00900000","s":"BNBUSDT","t":1041896306,"T":1745777438585,"e":"trade","E":1745777438585,"m":true,"M":true}
Received message: {"p":"602.16000000","q":"0.00900000","s":"BNBUSDT","t":1041896307,"T":1745777438585,"e":"trade","E":1745777438585,"m":true,"M":true}
Received trade message: {"p":"602.16000000","q":"0.00900000","s":"BNBUSDT","t":1041896307,"T":1745777438585,"e":"trade","E":1745777438585,"m":true,"M":true}
Received message: {"p":"602.16000000","q":"0.00900000","s":"BNBUSDT","t":1041896308,"T":1745777438585,"e":"trade","E":1745777438585,"m":true,"M":true}
Received trade message: {"p":"602.16000000","q":"0.00900000","s":"BNBUSDT","t":1041896308,"T":1745777438585,"e":"trade","E":1745777438585,"m":true,"M":true}
Received message: {"p":"602.16000000","q":"0.00900000","s":"BNBUSDT","t":1041896309,"T":1745777438585,"e":"trade","E":1745777438585,"m":true,"M":true}
Received trade message: {"p":"602.16000000","q":"0.00900000","s":"BNBUSDT","t":1041896309,"T":1745777438585,"e":"trade","E":1745777438585,"m":true,"M":true}
Received message: {"p":"602.16000000","q":"0.00900000","s":"BNBUSDT","t":1041896310,"T":1745777438598,"e":"trade","E":1745777438598,"m":true,"M":true}
Received trade message: {"p":"602.16000000","q":"0.00900000","s":"BNBUSDT","t":1041896310,"T":1745777438598,"e":"trade","E":1745777438598,"m":true,"M":true}
Received message: {"p":"602.16000000","q":"0.00900000","s":"BNBUSDT","t":1041896311,"T":1745777438598,"e":"trade","E":1745777438598,"m":true,"M":true}
Received trade message: {"p":"602.16000000","q":"0.00900000","s":"BNBUSDT","t":1041896311,"T":1745777438598,"e":"trade","E":1745777438598,"m":true,"M":true}
Received message: {"p":"602.16000000","q":"0.00900000","s":"BNBUSDT","t":1041896312,"T":1745777438598,"e":"trade","E":1745777438598,"m":true,"M":true}
Received trade message: {"p":"602.16000000","q":"0.00900000","s":"BNBUSDT","t":1041896312,"T":1745777438598,"e":"trade","E":1745777438598,"m":true,"M":true}
Received message: {"p":"602.16000000","q":"0.00900000","s":"BNBUSDT","t":1041896313,"T":1745777438598,"e":"trade","E":1745777438598,"m":true,"M":true}
Received trade message: {"p":"602.16000000","q":"0.00900000","s":"BNBUSDT","t":1041896313,"T":1745777438598,"e":"trade","E":1745777438598,"m":true,"M":true}
Received message: {"p":"602.16000000","q":"0.00900000","s":"BNBUSDT","t":1041896314,"T":1745777438598,"e":"trade","E":1745777438598,"m":true,"M":true}
Received trade message: {"p":"602.16000000","q":"0.00900000","s":"BNBUSDT","t":1041896314,"T":1745777438598,"e":"trade","E":1745777438598,"m":true,"M":true}
Received message: {"p":"602.16000000","q":"0.00900000","s":"BNBUSDT","t":1041896315,"T":1745777438598,"e":"trade","E":1745777438598,"m":true,"M":true}
Received trade message: {"p":"602.16000000","q":"0.00900000","s":"BNBUSDT","t":1041896315,"T":1745777438598,"e":"trade","E":1745777438598,"m":true,"M":true}
Received message: {"p":"602.16000000","q":"0.00900000","s":"BNBUSDT","t":1041896316,"T":1745777438607,"e":"trade","E":1745777438608,"m":true,"M":true}
Received trade message: {"p":"602.16000000","q":"0.00900000","s":"BNBUSDT","t":1041896316,"T":1745777438607,"e":"trade","E":1745777438608,"m":true,"M":true}
Received message: {"p":"602.16000000","q":"0.00900000","s":"BNBUSDT","t":1041896317,"T":1745777438607,"e":"trade","E":1745777438608,"m":true,"M":true}
Received trade message: {"p":"602.16000000","q":"0.00900000","s":"BNBUSDT","t":1041896317,"T":1745777438607,"e":"trade","E":1745777438608,"m":true,"M":true}
Received message: {"p":"602.16000000","q":"0.00900000","s":"BNBUSDT","t":1041896318,"T":1745777438607,"e":"trade","E":1745777438608,"m":true,"M":true}
Received trade message: {"p":"602.16000000","q":"0.00900000","s":"BNBUSDT","t":1041896318,"T":1745777438607,"e":"trade","E":1745777438608,"m":true,"M":true}
Received message: {"p":"602.16000000","q":"0.00900000","s":"BNBUSDT","t":1041896319,"T":1745777438615,"e":"trade","E":1745777438616,"m":true,"M":true}
Received trade message: {"p":"602.16000000","q":"0.00900000","s":"BNBUSDT","t":1041896319,"T":1745777438615,"e":"trade","E":1745777438616,"m":true,"M":true}
Received message: {"p":"602.16000000","q":"0.00900000","s":"BNBUSDT","t":1041896320,"T":1745777438615,"e":"trade","E":1745777438616,"m":true,"M":true}
Received trade message: {"p":"602.16000000","q":"0.00900000","s":"BNBUSDT","t":1041896320,"T":1745777438615,"e":"trade","E":1745777438616,"m":true,"M":true}
Received message: {"p":"602.16000000","q":"0.00900000","s":"BNBUSDT","t":1041896321,"T":1745777438615,"e":"trade","E":1745777438616,"m":true,"M":true}
Received trade message: {"p":"602.16000000","q":"0.00900000","s":"BNBUSDT","t":1041896321,"T":1745777438615,"e":"trade","E":1745777438616,"m":true,"M":true}
Received message: {"p":"602.16000000","q":"0.00900000","s":"BNBUSDT","t":1041896322,"T":1745777438615,"e":"trade","E":1745777438616,"m":true,"M":true}
Received trade message: {"p":"602.16000000","q":"0.00900000","s":"BNBUSDT","t":1041896322,"T":1745777438615,"e":"trade","E":1745777438616,"m":true,"M":true}
Received message: {"p":"602.16000000","q":"0.00900000","s":"BNBUSDT","t":1041896323,"T":1745777438615,"e":"trade","E":1745777438616,"m":true,"M":true}
Received trade message: {"p":"602.16000000","q":"0.00900000","s":"BNBUSDT","t":1041896323,"T":1745777438615,"e":"trade","E":1745777438616,"m":true,"M":true}
Received message: {"p":"602.16000000","q":"0.00900000","s":"BNBUSDT","t":1041896324,"T":1745777438615,"e":"trade","E":1745777438616,"m":true,"M":true}
Received trade message: {"p":"602.16000000","q":"0.00900000","s":"BNBUSDT","t":1041896324,"T":1745777438615,"e":"trade","E":1745777438616,"m":true,"M":true}
Received message: {"p":"602.16000000","q":"0.00900000","s":"BNBUSDT","t":1041896325,"T":1745777438623,"e":"trade","E":1745777438623,"m":true,"M":true}
Received trade message: {"p":"602.16000000","q":"0.00900000","s":"BNBUSDT","t":1041896325,"T":1745777438623,"e":"trade","E":1745777438623,"m":true,"M":true}
Received message: {"p":"602.16000000","q":"0.00900000","s":"BNBUSDT","t":1041896326,"T":1745777438623,"e":"trade","E":1745777438623,"m":true,"M":true}
Received trade message: {"p":"602.16000000","q":"0.00900000","s":"BNBUSDT","t":1041896326,"T":1745777438623,"e":"trade","E":1745777438623,"m":true,"M":true}
Received message: {"p":"602.16000000","q":"0.00900000","s":"BNBUSDT","t":1041896327,"T":1745777438623,"e":"trade","E":1745777438623,"m":true,"M":true}
Received trade message: {"p":"602.16000000","q":"0.00900000","s":"BNBUSDT","t":1041896327,"T":1745777438623,"e":"trade","E":1745777438623,"m":true,"M":true}
Received message: {"p":"602.16000000","q":"0.00900000","s":"BNBUSDT","t":1041896328,"T":1745777438630,"e":"trade","E":1745777438631,"m":true,"M":true}
Received trade message: {"p":"602.16000000","q":"0.00900000","s":"BNBUSDT","t":1041896328,"T":1745777438630,"e":"trade","E":1745777438631,"m":true,"M":true}
Received message: {"p":"602.16000000","q":"0.00900000","s":"BNBUSDT","t":1041896329,"T":1745777438630,"e":"trade","E":1745777438631,"m":true,"M":true}
Received trade message: {"p":"602.16000000","q":"0.00900000","s":"BNBUSDT","t":1041896329,"T":1745777438630,"e":"trade","E":1745777438631,"m":true,"M":true}
Received message: {"p":"602.16000000","q":"0.00900000","s":"BNBUSDT","t":1041896330,"T":1745777438630,"e":"trade","E":1745777438631,"m":true,"M":true}
Received trade message: {"p":"602.16000000","q":"0.00900000","s":"BNBUSDT","t":1041896330,"T":1745777438630,"e":"trade","E":1745777438631,"m":true,"M":true}
Received message: {"p":"602.16000000","q":"0.00900000","s":"BNBUSDT","t":1041896331,"T":1745777438630,"e":"trade","E":1745777438631,"m":true,"M":true}
Received trade message: {"p":"602.16000000","q":"0.00900000","s":"BNBUSDT","t":1041896331,"T":1745777438630,"e":"trade","E":1745777438631,"m":true,"M":true}
Received message: {"p":"602.16000000","q":"0.00900000","s":"BNBUSDT","t":1041896332,"T":1745777438638,"e":"trade","E":1745777438639,"m":true,"M":true}
Received trade message: {"p":"602.16000000","q":"0.00900000","s":"BNBUSDT","t":1041896332,"T":1745777438638,"e":"trade","E":1745777438639,"m":true,"M":true}
Received message: {"p":"602.16000000","q":"0.00900000","s":"BNBUSDT","t":1041896333,"T":1745777438638,"e":"trade","E":1745777438639,"m":true,"M":true}
Received trade message: {"p":"602.16000000","q":"0.00900000","s":"BNBUSDT","t":1041896333,"T":1745777438638,"e":"trade","E":1745777438639,"m":true,"M":true}
Received message: {"p":"602.16000000","q":"0.00900000","s":"BNBUSDT","t":1041896334,"T":1745777438638,"e":"trade","E":1745777438639,"m":true,"M":true}
Received trade message: {"p":"602.16000000","q":"0.00900000","s":"BNBUSDT","t":1041896334,"T":1745777438638,"e":"trade","E":1745777438639,"m":true,"M":true}
Received message: {"p":"602.16000000","q":"0.00900000","s":"BNBUSDT","t":1041896335,"T":1745777438646,"e":"trade","E":1745777438647,"m":true,"M":true}
Received trade message: {"p":"602.16000000","q":"0.00900000","s":"BNBUSDT","t":1041896335,"T":1745777438646,"e":"trade","E":1745777438647,"m":true,"M":true}
Received message: {"p":"602.16000000","q":"0.00900000","s":"BNBUSDT","t":1041896336,"T":1745777438646,"e":"trade","E":1745777438647,"m":true,"M":true}
Received trade message: {"p":"602.16000000","q":"0.00900000","s":"BNBUSDT","t":1041896336,"T":1745777438646,"e":"trade","E":1745777438647,"m":true,"M":true}
Received message: {"p":"602.16000000","q":"0.00900000","s":"BNBUSDT","t":1041896337,"T":1745777438646,"e":"trade","E":1745777438647,"m":true,"M":true}
Received trade message: {"p":"602.16000000","q":"0.00900000","s":"BNBUSDT","t":1041896337,"T":1745777438646,"e":"trade","E":1745777438647,"m":true,"M":true}
Received message: {"p":"602.16000000","q":"0.00900000","s":"BNBUSDT","t":1041896338,"T":1745777438646,"e":"trade","E":1745777438647,"m":true,"M":true}
Received trade message: {"p":"602.16000000","q":"0.00900000","s":"BNBUSDT","t":1041896338,"T":1745777438646,"e":"trade","E":1745777438647,"m":true,"M":true}
Received message: {"p":"602.16000000","q":"0.00900000","s":"BNBUSDT","t":1041896339,"T":1745777438646,"e":"trade","E":1745777438647,"m":true,"M":true}
Received trade message: {"p":"602.16000000","q":"0.00900000","s":"BNBUSDT","t":1041896339,"T":1745777438646,"e":"trade","E":1745777438647,"m":true,"M":true}
Received message: {"p":"602.16000000","q":"0.00900000","s":"BNBUSDT","t":1041896340,"T":1745777438656,"e":"trade","E":1745777438656,"m":true,"M":true}
Received trade message: {"p":"602.16000000","q":"0.00900000","s":"BNBUSDT","t":1041896340,"T":1745777438656,"e":"trade","E":1745777438656,"m":true,"M":true}
Received message: {"p":"602.16000000","q":"0.00900000","s":"BNBUSDT","t":1041896341,"T":1745777438656,"e":"trade","E":1745777438656,"m":true,"M":true}
Received trade message: {"p":"602.16000000","q":"0.00900000","s":"BNBUSDT","t":1041896341,"T":1745777438656,"e":"trade","E":1745777438656,"m":true,"M":true}
Received message: {"p":"94095.24000000","a":3551019294,"q":"0.00266000","s":"BTCUSDT","T":1745777438657,"e":"aggTrade","E":1745777438657,"f":4855242623,"l":4855242623,"m":false,"M":true}
Received message: {"p":"94095.24000000","a":3551019294,"q":"0.00266000","s":"BTCUSDT","T":1745777438657,"e":"aggTrade","E":1745777438657,"f":4855242623,"l":4855242623,"m":false,"M":true}
Received message: {"p":"602.16000000","q":"0.00900000","s":"BNBUSDT","t":1041896342,"T":1745777438664,"e":"trade","E":1745777438664,"m":true,"M":true}
Received trade message: {"p":"602.16000000","q":"0.00900000","s":"BNBUSDT","t":1041896342,"T":1745777438664,"e":"trade","E":1745777438664,"m":true,"M":true}
Received message: {"p":"602.16000000","q":"0.00900000","s":"BNBUSDT","t":1041896343,"T":1745777438664,"e":"trade","E":1745777438664,"m":true,"M":true}
Received trade message: {"p":"602.16000000","q":"0.00900000","s":"BNBUSDT","t":1041896343,"T":1745777438664,"e":"trade","E":1745777438664,"m":true,"M":true}
Received message: {"p":"602.16000000","q":"0.00900000","s":"BNBUSDT","t":1041896344,"T":1745777438664,"e":"trade","E":1745777438664,"m":true,"M":true}
Received trade message: {"p":"602.16000000","q":"0.00900000","s":"BNBUSDT","t":1041896344,"T":1745777438664,"e":"trade","E":1745777438664,"m":true,"M":true}
Received message: {"p":"602.16000000","q":"0.00900000","s":"BNBUSDT","t":1041896345,"T":1745777438664,"e":"trade","E":1745777438664,"m":true,"M":true}
Received trade message: {"p":"602.16000000","q":"0.00900000","s":"BNBUSDT","t":1041896345,"T":1745777438664,"e":"trade","E":1745777438664,"m":true,"M":true}
Received message: {"p":"602.16000000","q":"0.00900000","s":"BNBUSDT","t":1041896346,"T":1745777438664,"e":"trade","E":1745777438664,"m":true,"M":true}
Received trade message: {"p":"602.16000000","q":"0.00900000","s":"BNBUSDT","t":1041896346,"T":1745777438664,"e":"trade","E":1745777438664,"m":true,"M":true}
Received message: {"p":"602.16000000","q":"0.00900000","s":"BNBUSDT","t":1041896347,"T":1745777438672,"e":"trade","E":1745777438672,"m":true,"M":true}
Received trade message: {"p":"602.16000000","q":"0.00900000","s":"BNBUSDT","t":1041896347,"T":1745777438672,"e":"trade","E":1745777438672,"m":true,"M":true}
Received message: {"p":"602.16000000","q":"0.00900000","s":"BNBUSDT","t":1041896348,"T":1745777438672,"e":"trade","E":1745777438672,"m":true,"M":true}
Received trade message: {"p":"602.16000000","q":"0.00900000","s":"BNBUSDT","t":1041896348,"T":1745777438672,"e":"trade","E":1745777438672,"m":true,"M":true}
Received message: {"p":"602.16000000","q":"0.00900000","s":"BNBUSDT","t":1041896349,"T":1745777438679,"e":"trade","E":1745777438680,"m":true,"M":true}
Received trade message: {"p":"602.16000000","q":"0.00900000","s":"BNBUSDT","t":1041896349,"T":1745777438679,"e":"trade","E":1745777438680,"m":true,"M":true}
Received message: {"p":"602.16000000","q":"0.00900000","s":"BNBUSDT","t":1041896350,"T":1745777438679,"e":"trade","E":1745777438680,"m":true,"M":true}
Received trade message: {"p":"602.16000000","q":"0.00900000","s":"BNBUSDT","t":1041896350,"T":1745777438679,"e":"trade","E":1745777438680,"m":true,"M":true}
Received message: {"p":"602.16000000","q":"0.00900000","s":"BNBUSDT","t":1041896351,"T":1745777438679,"e":"trade","E":1745777438680,"m":true,"M":true}
Received trade message: {"p":"602.16000000","q":"0.00900000","s":"BNBUSDT","t":1041896351,"T":1745777438679,"e":"trade","E":1745777438680,"m":true,"M":true}
Received message: {"p":"602.16000000","q":"0.00900000","s":"BNBUSDT","t":1041896352,"T":1745777438679,"e":"trade","E":1745777438680,"m":true,"M":true}
Received trade message: {"p":"602.16000000","q":"0.00900000","s":"BNBUSDT","t":1041896352,"T":1745777438679,"e":"trade","E":1745777438680,"m":true,"M":true}
Received message: {"p":"602.16000000","q":"0.00900000","s":"BNBUSDT","t":1041896353,"T":1745777438679,"e":"trade","E":1745777438680,"m":true,"M":true}
Received trade message: {"p":"602.16000000","q":"0.00900000","s":"BNBUSDT","t":1041896353,"T":1745777438679,"e":"trade","E":1745777438680,"m":true,"M":true}
Received message: {"p":"602.16000000","q":"0.00900000","s":"BNBUSDT","t":1041896354,"T":1745777438688,"e":"trade","E":1745777438688,"m":true,"M":true}
Received trade message: {"p":"602.16000000","q":"0.00900000","s":"BNBUSDT","t":1041896354,"T":1745777438688,"e":"trade","E":1745777438688,"m":true,"M":true}
Received message: {"p":"602.16000000","q":"0.00900000","s":"BNBUSDT","t":1041896355,"T":1745777438688,"e":"trade","E":1745777438688,"m":true,"M":true}
Received trade message: {"p":"602.16000000","q":"0.00900000","s":"BNBUSDT","t":1041896355,"T":1745777438688,"e":"trade","E":1745777438688,"m":true,"M":true}
Received message: {"p":"602.16000000","q":"0.00900000","s":"BNBUSDT","t":1041896356,"T":1745777438696,"e":"trade","E":1745777438697,"m":true,"M":true}
Received trade message: {"p":"602.16000000","q":"0.00900000","s":"BNBUSDT","t":1041896356,"T":1745777438696,"e":"trade","E":1745777438697,"m":true,"M":true}
Received message: {"p":"602.16000000","q":"0.00900000","s":"BNBUSDT","t":1041896357,"T":1745777438696,"e":"trade","E":1745777438697,"m":true,"M":true}
Received trade message: {"p":"602.16000000","q":"0.00900000","s":"BNBUSDT","t":1041896357,"T":1745777438696,"e":"trade","E":1745777438697,"m":true,"M":true}
Received message: {"p":"602.16000000","q":"0.00900000","s":"BNBUSDT","t":1041896358,"T":1745777438696,"e":"trade","E":1745777438697,"m":true,"M":true}
Received trade message: {"p":"602.16000000","q":"0.00900000","s":"BNBUSDT","t":1041896358,"T":1745777438696,"e":"trade","E":1745777438697,"m":true,"M":true}
Received message: {"p":"602.16000000","q":"0.00900000","s":"BNBUSDT","t":1041896359,"T":1745777438696,"e":"trade","E":1745777438697,"m":true,"M":true}
Received trade message: {"p":"602.16000000","q":"0.00900000","s":"BNBUSDT","t":1041896359,"T":1745777438696,"e":"trade","E":1745777438697,"m":true,"M":true}
Received message: {"p":"602.16000000","q":"0.00900000","s":"BNBUSDT","t":1041896360,"T":1745777438696,"e":"trade","E":1745777438697,"m":true,"M":true}
Received trade message: {"p":"602.16000000","q":"0.00900000","s":"BNBUSDT","t":1041896360,"T":1745777438696,"e":"trade","E":1745777438697,"m":true,"M":true}
Received message: {"p":"602.16000000","q":"0.00900000","s":"BNBUSDT","t":1041896361,"T":1745777438703,"e":"trade","E":1745777438704,"m":true,"M":true}
Received trade message: {"p":"602.16000000","q":"0.00900000","s":"BNBUSDT","t":1041896361,"T":1745777438703,"e":"trade","E":1745777438704,"m":true,"M":true}
Received message: {"p":"602.16000000","q":"0.00900000","s":"BNBUSDT","t":1041896362,"T":1745777438703,"e":"trade","E":1745777438704,"m":true,"M":true}
Received trade message: {"p":"602.16000000","q":"0.00900000","s":"BNBUSDT","t":1041896362,"T":1745777438703,"e":"trade","E":1745777438704,"m":true,"M":true}
Received message: {"p":"602.16000000","q":"0.00900000","s":"BNBUSDT","t":1041896363,"T":1745777438711,"e":"trade","E":1745777438711,"m":true,"M":true}
Received trade message: {"p":"602.16000000","q":"0.00900000","s":"BNBUSDT","t":1041896363,"T":1745777438711,"e":"trade","E":1745777438711,"m":true,"M":true}
Received message: {"p":"602.16000000","q":"0.00900000","s":"BNBUSDT","t":1041896364,"T":1745777438711,"e":"trade","E":1745777438711,"m":true,"M":true}
Received trade message: {"p":"602.16000000","q":"0.00900000","s":"BNBUSDT","t":1041896364,"T":1745777438711,"e":"trade","E":1745777438711,"m":true,"M":true}
Received message: {"p":"602.16000000","q":"0.00900000","s":"BNBUSDT","t":1041896365,"T":1745777438711,"e":"trade","E":1745777438711,"m":true,"M":true}
Received trade message: {"p":"602.16000000","q":"0.00900000","s":"BNBUSDT","t":1041896365,"T":1745777438711,"e":"trade","E":1745777438711,"m":true,"M":true}
Received message: {"p":"602.16000000","q":"0.00900000","s":"BNBUSDT","t":1041896366,"T":1745777438711,"e":"trade","E":1745777438711,"m":true,"M":true}
Received trade message: {"p":"602.16000000","q":"0.00900000","s":"BNBUSDT","t":1041896366,"T":1745777438711,"e":"trade","E":1745777438711,"m":true,"M":true}
Received message: {"p":"602.16000000","q":"0.00900000","s":"BNBUSDT","t":1041896367,"T":1745777438719,"e":"trade","E":1745777438720,"m":true,"M":true}
Received trade message: {"p":"602.16000000","q":"0.00900000","s":"BNBUSDT","t":1041896367,"T":1745777438719,"e":"trade","E":1745777438720,"m":true,"M":true}
Received message: {"p":"602.16000000","q":"0.00900000","s":"BNBUSDT","t":1041896368,"T":1745777438719,"e":"trade","E":1745777438720,"m":true,"M":true}
Received trade message: {"p":"602.16000000","q":"0.00900000","s":"BNBUSDT","t":1041896368,"T":1745777438719,"e":"trade","E":1745777438720,"m":true,"M":true}
Received message: {"p":"602.16000000","q":"0.00900000","s":"BNBUSDT","t":1041896369,"T":1745777438719,"e":"trade","E":1745777438720,"m":true,"M":true}
Received trade message: {"p":"602.16000000","q":"0.00900000","s":"BNBUSDT","t":1041896369,"T":1745777438719,"e":"trade","E":1745777438720,"m":true,"M":true}
Received message: {"p":"602.16000000","q":"0.00900000","s":"BNBUSDT","t":1041896370,"T":1745777438719,"e":"trade","E":1745777438720,"m":true,"M":true}
Received trade message: {"p":"602.16000000","q":"0.00900000","s":"BNBUSDT","t":1041896370,"T":1745777438719,"e":"trade","E":1745777438720,"m":true,"M":true}
Received message: {"p":"602.16000000","q":"0.00900000","s":"BNBUSDT","t":1041896371,"T":1745777438726,"e":"trade","E":1745777438727,"m":true,"M":true}
Received trade message: {"p":"602.16000000","q":"0.00900000","s":"BNBUSDT","t":1041896371,"T":1745777438726,"e":"trade","E":1745777438727,"m":true,"M":true}
Received message: {"p":"602.16000000","q":"0.00900000","s":"BNBUSDT","t":1041896372,"T":1745777438726,"e":"trade","E":1745777438727,"m":true,"M":true}
Received trade message: {"p":"602.16000000","q":"0.00900000","s":"BNBUSDT","t":1041896372,"T":1745777438726,"e":"trade","E":1745777438727,"m":true,"M":true}
Received message: {"p":"602.16000000","q":"0.00900000","s":"BNBUSDT","t":1041896373,"T":1745777438726,"e":"trade","E":1745777438727,"m":true,"M":true}
Received trade message: {"p":"602.16000000","q":"0.00900000","s":"BNBUSDT","t":1041896373,"T":1745777438726,"e":"trade","E":1745777438727,"m":true,"M":true}
Received message: {"p":"602.16000000","q":"0.00900000","s":"BNBUSDT","t":1041896374,"T":1745777438726,"e":"trade","E":1745777438727,"m":true,"M":true}
Received trade message: {"p":"602.16000000","q":"0.00900000","s":"BNBUSDT","t":1041896374,"T":1745777438726,"e":"trade","E":1745777438727,"m":true,"M":true}
Received message: {"p":"602.16000000","q":"0.00900000","s":"BNBUSDT","t":1041896375,"T":1745777438734,"e":"trade","E":1745777438735,"m":true,"M":true}
Received trade message: {"p":"602.16000000","q":"0.00900000","s":"BNBUSDT","t":1041896375,"T":1745777438734,"e":"trade","E":1745777438735,"m":true,"M":true}
Received message: {"p":"602.16000000","q":"0.00900000","s":"BNBUSDT","t":1041896376,"T":1745777438734,"e":"trade","E":1745777438735,"m":true,"M":true}
Received trade message: {"p":"602.16000000","q":"0.00900000","s":"BNBUSDT","t":1041896376,"T":1745777438734,"e":"trade","E":1745777438735,"m":true,"M":true}
Received message: {"p":"602.16000000","q":"0.00900000","s":"BNBUSDT","t":1041896377,"T":1745777438734,"e":"trade","E":1745777438735,"m":true,"M":true}
Received trade message: {"p":"602.16000000","q":"0.00900000","s":"BNBUSDT","t":1041896377,"T":1745777438734,"e":"trade","E":1745777438735,"m":true,"M":true}
Received message: {"p":"602.16000000","q":"0.00900000","s":"BNBUSDT","t":1041896378,"T":1745777438734,"e":"trade","E":1745777438735,"m":true,"M":true}
Received trade message: {"p":"602.16000000","q":"0.00900000","s":"BNBUSDT","t":1041896378,"T":1745777438734,"e":"trade","E":1745777438735,"m":true,"M":true}
Received message: {"p":"602.16000000","q":"0.00900000","s":"BNBUSDT","t":1041896379,"T":1745777438734,"e":"trade","E":1745777438735,"m":true,"M":true}
Received trade message: {"p":"602.16000000","q":"0.00900000","s":"BNBUSDT","t":1041896379,"T":1745777438734,"e":"trade","E":1745777438735,"m":true,"M":true}
Received message: {"p":"602.16000000","q":"0.00900000","s":"BNBUSDT","t":1041896380,"T":1745777438742,"e":"trade","E":1745777438743,"m":true,"M":true}
Received trade message: {"p":"602.16000000","q":"0.00900000","s":"BNBUSDT","t":1041896380,"T":1745777438742,"e":"trade","E":1745777438743,"m":true,"M":true}
Received message: {"p":"602.16000000","q":"0.00900000","s":"BNBUSDT","t":1041896381,"T":1745777438742,"e":"trade","E":1745777438743,"m":true,"M":true}
Received trade message: {"p":"602.16000000","q":"0.00900000","s":"BNBUSDT","t":1041896381,"T":1745777438742,"e":"trade","E":1745777438743,"m":true,"M":true}
Received message: {"p":"602.16000000","q":"0.00900000","s":"BNBUSDT","t":1041896382,"T":1745777438742,"e":"trade","E":1745777438743,"m":true,"M":true}
Received trade message: {"p":"602.16000000","q":"0.00900000","s":"BNBUSDT","t":1041896382,"T":1745777438742,"e":"trade","E":1745777438743,"m":true,"M":true}
Received message: {"p":"602.16000000","q":"0.00900000","s":"BNBUSDT","t":1041896383,"T":1745777438742,"e":"trade","E":1745777438743,"m":true,"M":true}
Received trade message: {"p":"602.16000000","q":"0.00900000","s":"BNBUSDT","t":1041896383,"T":1745777438742,"e":"trade","E":1745777438743,"m":true,"M":true}
Received message: {"p":"602.16000000","q":"0.00900000","s":"BNBUSDT","t":1041896384,"T":1745777438751,"e":"trade","E":1745777438751,"m":true,"M":true}
Received trade message: {"p":"602.16000000","q":"0.00900000","s":"BNBUSDT","t":1041896384,"T":1745777438751,"e":"trade","E":1745777438751,"m":true,"M":true}
Received message: {"p":"602.16000000","q":"0.00900000","s":"BNBUSDT","t":1041896385,"T":1745777438751,"e":"trade","E":1745777438751,"m":true,"M":true}
Received trade message: {"p":"602.16000000","q":"0.00900000","s":"BNBUSDT","t":1041896385,"T":1745777438751,"e":"trade","E":1745777438751,"m":true,"M":true}
Received message: {"p":"602.16000000","q":"0.00900000","s":"BNBUSDT","t":1041896386,"T":1745777438751,"e":"trade","E":1745777438751,"m":true,"M":true}
Received trade message: {"p":"602.16000000","q":"0.00900000","s":"BNBUSDT","t":1041896386,"T":1745777438751,"e":"trade","E":1745777438751,"m":true,"M":true}
Received message: {"p":"602.16000000","q":"0.00900000","s":"BNBUSDT","t":1041896387,"T":1745777438759,"e":"trade","E":1745777438759,"m":true,"M":true}
Received trade message: {"p":"602.16000000","q":"0.00900000","s":"BNBUSDT","t":1041896387,"T":1745777438759,"e":"trade","E":1745777438759,"m":true,"M":true}
Received message: {"p":"602.16000000","q":"0.00900000","s":"BNBUSDT","t":1041896388,"T":1745777438759,"e":"trade","E":1745777438759,"m":true,"M":true}
Received trade message: {"p":"602.16000000","q":"0.00900000","s":"BNBUSDT","t":1041896388,"T":1745777438759,"e":"trade","E":1745777438759,"m":true,"M":true}
Received message: {"p":"602.16000000","q":"0.00900000","s":"BNBUSDT","t":1041896389,"T":1745777438759,"e":"trade","E":1745777438759,"m":true,"M":true}
Received trade message: {"p":"602.16000000","q":"0.00900000","s":"BNBUSDT","t":1041896389,"T":1745777438759,"e":"trade","E":1745777438759,"m":true,"M":true}
Received message: {"p":"602.16000000","q":"0.00900000","s":"BNBUSDT","t":1041896390,"T":1745777438767,"e":"trade","E":1745777438768,"m":true,"M":true}
Received trade message: {"p":"602.16000000","q":"0.00900000","s":"BNBUSDT","t":1041896390,"T":1745777438767,"e":"trade","E":1745777438768,"m":true,"M":true}
Received message: {"p":"602.16000000","q":"0.00900000","s":"BNBUSDT","t":1041896391,"T":1745777438767,"e":"trade","E":1745777438768,"m":true,"M":true}
Received trade message: {"p":"602.16000000","q":"0.00900000","s":"BNBUSDT","t":1041896391,"T":1745777438767,"e":"trade","E":1745777438768,"m":true,"M":true}
Received message: {"p":"602.16000000","q":"0.00900000","s":"BNBUSDT","t":1041896392,"T":1745777438767,"e":"trade","E":1745777438768,"m":true,"M":true}
Received trade message: {"p":"602.16000000","q":"0.00900000","s":"BNBUSDT","t":1041896392,"T":1745777438767,"e":"trade","E":1745777438768,"m":true,"M":true}
Received message: {"p":"602.16000000","q":"0.00900000","s":"BNBUSDT","t":1041896393,"T":1745777438767,"e":"trade","E":1745777438768,"m":true,"M":true}
Received trade message: {"p":"602.16000000","q":"0.00900000","s":"BNBUSDT","t":1041896393,"T":1745777438767,"e":"trade","E":1745777438768,"m":true,"M":true}
Received message: {"p":"602.16000000","q":"0.00900000","s":"BNBUSDT","t":1041896394,"T":1745777438767,"e":"trade","E":1745777438768,"m":true,"M":true}
Received trade message: {"p":"602.16000000","q":"0.00900000","s":"BNBUSDT","t":1041896394,"T":1745777438767,"e":"trade","E":1745777438768,"m":true,"M":true}
Received message: {"p":"602.16000000","q":"0.00900000","s":"BNBUSDT","t":1041896395,"T":1745777438776,"e":"trade","E":1745777438776,"m":true,"M":true}
Received trade message: {"p":"602.16000000","q":"0.00900000","s":"BNBUSDT","t":1041896395,"T":1745777438776,"e":"trade","E":1745777438776,"m":true,"M":true}
Received message: {"p":"602.16000000","q":"0.00900000","s":"BNBUSDT","t":1041896396,"T":1745777438776,"e":"trade","E":1745777438776,"m":true,"M":true}
Received trade message: {"p":"602.16000000","q":"0.00900000","s":"BNBUSDT","t":1041896396,"T":1745777438776,"e":"trade","E":1745777438776,"m":true,"M":true}
Received message: {"p":"602.16000000","q":"0.00900000","s":"BNBUSDT","t":1041896397,"T":1745777438784,"e":"trade","E":1745777438784,"m":true,"M":true}
Received trade message: {"p":"602.16000000","q":"0.00900000","s":"BNBUSDT","t":1041896397,"T":1745777438784,"e":"trade","E":1745777438784,"m":true,"M":true}
Received message: {"p":"602.16000000","q":"0.00900000","s":"BNBUSDT","t":1041896398,"T":1745777438784,"e":"trade","E":1745777438784,"m":true,"M":true}
Received trade message: {"p":"602.16000000","q":"0.00900000","s":"BNBUSDT","t":1041896398,"T":1745777438784,"e":"trade","E":1745777438784,"m":true,"M":true}
Received message: {"p":"602.16000000","q":"0.00900000","s":"BNBUSDT","t":1041896399,"T":1745777438784,"e":"trade","E":1745777438784,"m":true,"M":true}
Received trade message: {"p":"602.16000000","q":"0.00900000","s":"BNBUSDT","t":1041896399,"T":1745777438784,"e":"trade","E":1745777438784,"m":true,"M":true}
Received message: {"p":"602.16000000","q":"0.00900000","s":"BNBUSDT","t":1041896400,"T":1745777438784,"e":"trade","E":1745777438784,"m":true,"M":true}
Received trade message: {"p":"602.16000000","q":"0.00900000","s":"BNBUSDT","t":1041896400,"T":1745777438784,"e":"trade","E":1745777438784,"m":true,"M":true}
Received message: {"p":"602.16000000","q":"0.00900000","s":"BNBUSDT","t":1041896401,"T":1745777438784,"e":"trade","E":1745777438784,"m":true,"M":true}
Received trade message: {"p":"602.16000000","q":"0.00900000","s":"BNBUSDT","t":1041896401,"T":1745777438784,"e":"trade","E":1745777438784,"m":true,"M":true}
Received message: {"p":"602.16000000","q":"0.00900000","s":"BNBUSDT","t":1041896402,"T":1745777438792,"e":"trade","E":1745777438792,"m":true,"M":true}
Received trade message: {"p":"602.16000000","q":"0.00900000","s":"BNBUSDT","t":1041896402,"T":1745777438792,"e":"trade","E":1745777438792,"m":true,"M":true}
Received message: {"p":"602.16000000","q":"0.00900000","s":"BNBUSDT","t":1041896403,"T":1745777438792,"e":"trade","E":1745777438792,"m":true,"M":true}
Received trade message: {"p":"602.16000000","q":"0.00900000","s":"BNBUSDT","t":1041896403,"T":1745777438792,"e":"trade","E":1745777438792,"m":true,"M":true}
Received message: {"p":"602.16000000","q":"0.00900000","s":"BNBUSDT","t":1041896404,"T":1745777438799,"e":"trade","E":1745777438799,"m":true,"M":true}
Received trade message: {"p":"602.16000000","q":"0.00900000","s":"BNBUSDT","t":1041896404,"T":1745777438799,"e":"trade","E":1745777438799,"m":true,"M":true}
Received message: {"p":"602.16000000","q":"0.00900000","s":"BNBUSDT","t":1041896405,"T":1745777438799,"e":"trade","E":1745777438799,"m":true,"M":true}
Received trade message: {"p":"602.16000000","q":"0.00900000","s":"BNBUSDT","t":1041896405,"T":1745777438799,"e":"trade","E":1745777438799,"m":true,"M":true}
Received message: {"p":"602.16000000","q":"0.00900000","s":"BNBUSDT","t":1041896406,"T":1745777438799,"e":"trade","E":1745777438799,"m":true,"M":true}
Received trade message: {"p":"602.16000000","q":"0.00900000","s":"BNBUSDT","t":1041896406,"T":1745777438799,"e":"trade","E":1745777438799,"m":true,"M":true}
Received message: {"p":"602.16000000","q":"0.00900000","s":"BNBUSDT","t":1041896407,"T":1745777438799,"e":"trade","E":1745777438799,"m":true,"M":true}
Received trade message: {"p":"602.16000000","q":"0.00900000","s":"BNBUSDT","t":1041896407,"T":1745777438799,"e":"trade","E":1745777438799,"m":true,"M":true}
Received message: {"p":"602.16000000","q":"0.00900000","s":"BNBUSDT","t":1041896408,"T":1745777438799,"e":"trade","E":1745777438799,"m":true,"M":true}
Received trade message: {"p":"602.16000000","q":"0.00900000","s":"BNBUSDT","t":1041896408,"T":1745777438799,"e":"trade","E":1745777438799,"m":true,"M":true}
Received message: {"p":"602.16000000","q":"0.00900000","s":"BNBUSDT","t":1041896409,"T":1745777438807,"e":"trade","E":1745777438808,"m":true,"M":true}
Received trade message: {"p":"602.16000000","q":"0.00900000","s":"BNBUSDT","t":1041896409,"T":1745777438807,"e":"trade","E":1745777438808,"m":true,"M":true}
Received message: {"p":"602.16000000","q":"0.00900000","s":"BNBUSDT","t":1041896410,"T":1745777438807,"e":"trade","E":1745777438808,"m":true,"M":true}
Received trade message: {"p":"602.16000000","q":"0.00900000","s":"BNBUSDT","t":1041896410,"T":1745777438807,"e":"trade","E":1745777438808,"m":true,"M":true}
Received message: {"p":"602.16000000","q":"0.00900000","s":"BNBUSDT","t":1041896411,"T":1745777438816,"e":"trade","E":1745777438816,"m":true,"M":true}
Received trade message: {"p":"602.16000000","q":"0.00900000","s":"BNBUSDT","t":1041896411,"T":1745777438816,"e":"trade","E":1745777438816,"m":true,"M":true}
Received message: {"p":"602.16000000","q":"0.00900000","s":"BNBUSDT","t":1041896412,"T":1745777438816,"e":"trade","E":1745777438816,"m":true,"M":true}
Received trade message: {"p":"602.16000000","q":"0.00900000","s":"BNBUSDT","t":1041896412,"T":1745777438816,"e":"trade","E":1745777438816,"m":true,"M":true}
Received message: {"p":"602.16000000","q":"0.00900000","s":"BNBUSDT","t":1041896413,"T":1745777438816,"e":"trade","E":1745777438816,"m":true,"M":true}
Received trade message: {"p":"602.16000000","q":"0.00900000","s":"BNBUSDT","t":1041896413,"T":1745777438816,"e":"trade","E":1745777438816,"m":true,"M":true}
Received message: {"p":"602.16000000","q":"0.00900000","s":"BNBUSDT","t":1041896414,"T":1745777438816,"e":"trade","E":1745777438816,"m":true,"M":true}
Received trade message: {"p":"602.16000000","q":"0.00900000","s":"BNBUSDT","t":1041896414,"T":1745777438816,"e":"trade","E":1745777438816,"m":true,"M":true}
Received message: {"p":"602.16000000","q":"0.00900000","s":"BNBUSDT","t":1041896415,"T":1745777438816,"e":"trade","E":1745777438816,"m":true,"M":true}
Received trade message: {"p":"602.16000000","q":"0.00900000","s":"BNBUSDT","t":1041896415,"T":1745777438816,"e":"trade","E":1745777438816,"m":true,"M":true}
Received message: {"p":"602.16000000","q":"0.00900000","s":"BNBUSDT","t":1041896416,"T":1745777438824,"e":"trade","E":1745777438825,"m":true,"M":true}
Received trade message: {"p":"602.16000000","q":"0.00900000","s":"BNBUSDT","t":1041896416,"T":1745777438824,"e":"trade","E":1745777438825,"m":true,"M":true}
Received message: {"p":"602.16000000","q":"0.00900000","s":"BNBUSDT","t":1041896417,"T":1745777438824,"e":"trade","E":1745777438825,"m":true,"M":true}
Received trade message: {"p":"602.16000000","q":"0.00900000","s":"BNBUSDT","t":1041896417,"T":1745777438824,"e":"trade","E":1745777438825,"m":true,"M":true}
Received message: {"p":"602.16000000","q":"0.00900000","s":"BNBUSDT","t":1041896418,"T":1745777438824,"e":"trade","E":1745777438825,"m":true,"M":true}
Received trade message: {"p":"602.16000000","q":"0.00900000","s":"BNBUSDT","t":1041896418,"T":1745777438824,"e":"trade","E":1745777438825,"m":true,"M":true}
Received message: {"p":"602.16000000","q":"0.00900000","s":"BNBUSDT","t":1041896419,"T":1745777438840,"e":"trade","E":1745777438841,"m":true,"M":true}
Received trade message: {"p":"602.16000000","q":"0.00900000","s":"BNBUSDT","t":1041896419,"T":1745777438840,"e":"trade","E":1745777438841,"m":true,"M":true}
Received message: {"p":"602.16000000","q":"0.00900000","s":"BNBUSDT","t":1041896420,"T":1745777438840,"e":"trade","E":1745777438841,"m":true,"M":true}
Received trade message: {"p":"602.16000000","q":"0.00900000","s":"BNBUSDT","t":1041896420,"T":1745777438840,"e":"trade","E":1745777438841,"m":true,"M":true}
Received message: {"p":"602.16000000","q":"0.00900000","s":"BNBUSDT","t":1041896421,"T":1745777438840,"e":"trade","E":1745777438841,"m":true,"M":true}
Received trade message: {"p":"602.16000000","q":"0.00900000","s":"BNBUSDT","t":1041896421,"T":1745777438840,"e":"trade","E":1745777438841,"m":true,"M":true}
Received message: {"p":"602.16000000","q":"0.00900000","s":"BNBUSDT","t":1041896422,"T":1745777438840,"e":"trade","E":1745777438841,"m":true,"M":true}
Received trade message: {"p":"602.16000000","q":"0.00900000","s":"BNBUSDT","t":1041896422,"T":1745777438840,"e":"trade","E":1745777438841,"m":true,"M":true}
Received message: {"p":"602.16000000","q":"0.00900000","s":"BNBUSDT","t":1041896423,"T":1745777438840,"e":"trade","E":1745777438841,"m":true,"M":true}
Received trade message: {"p":"602.16000000","q":"0.00900000","s":"BNBUSDT","t":1041896423,"T":1745777438840,"e":"trade","E":1745777438841,"m":true,"M":true}
Received message: {"p":"602.16000000","q":"0.00900000","s":"BNBUSDT","t":1041896424,"T":1745777438840,"e":"trade","E":1745777438841,"m":true,"M":true}
Received trade message: {"p":"602.16000000","q":"0.00900000","s":"BNBUSDT","t":1041896424,"T":1745777438840,"e":"trade","E":1745777438841,"m":true,"M":true}
Received message: {"p":"602.16000000","q":"0.00900000","s":"BNBUSDT","t":1041896425,"T":1745777438849,"e":"trade","E":1745777438850,"m":true,"M":true}
Received trade message: {"p":"602.16000000","q":"0.00900000","s":"BNBUSDT","t":1041896425,"T":1745777438849,"e":"trade","E":1745777438850,"m":true,"M":true}
Received message: {"p":"602.16000000","q":"0.00900000","s":"BNBUSDT","t":1041896426,"T":1745777438849,"e":"trade","E":1745777438850,"m":true,"M":true}
Received trade message: {"p":"602.16000000","q":"0.00900000","s":"BNBUSDT","t":1041896426,"T":1745777438849,"e":"trade","E":1745777438850,"m":true,"M":true}
]]></system-out>
  <system-err><![CDATA[]]></system-err>
</testsuite>
