<?xml version="1.0" encoding="UTF-8"?>
<testsuite name="rest.testWebSocketDepth" tests="1" skipped="0" failures="0" errors="0" timestamp="2025-04-27T18:10:40" hostname="Tio-Hizbullah.local" time="30.024">
  <properties/>
  <testcase name="testSubscribeToOrderBookStream" classname="rest.testWebSocketDepth" time="30.024"/>
  <system-out><![CDATA[Subscribed to Order Book stream: wss://stream.binance.com:9443/ws/bnbusdt@depth
Received message: {"p":"94095.23000000","a":3551019304,"q":"0.00014000","s":"BTCUSDT","T":1745777440774,"e":"aggTrade","E":1745777440774,"f":4855242633,"l":4855242633,"m":true,"M":true}
Received message: {"p":"94095.23000000","a":3551019304,"q":"0.00014000","s":"BTCUSDT","T":1745777440774,"e":"aggTrade","E":1745777440774,"f":4855242633,"l":4855242633,"m":true,"M":true}
Received message: {"a":[["94095.24000000","4.21475000"],["94095.25000000","0.00862000"],["94095.49000000","0.00085000"],["94096.68000000","0.00000000"],["94096.69000000","0.00000000"],["94096.84000000","0.00000000"],["94098.18000000","0.00010000"],["94098.49000000","0.01355000"],["94100.09000000","0.02122000"],["94109.45000000","0.00000000"],["94111.51000000","1.00000000"],["94123.66000000","0.00000000"],["94126.99000000","1.69495000"],["94127.78000000","2.00000000"],["95506.67000000","0.00000000"]],"b":[["94095.23000000","1.17227000"],["94093.86000000","0.70126000"],["94092.66000000","0.02131000"],["94087.00000000","0.04250000"],["94076.77000000","1.00000000"],["94074.79000000","0.00000000"],["94069.31000000","0.00000000"],["94060.77000000","1.35194000"],["94058.31000000","2.00000000"],["94054.35000000","0.00000000"],["92683.80000000","0.00116000"],["92589.71000000","0.00016000"],["92495.61000000","0.00016000"],["92401.52000000","0.00016000"],["92202.96000000","0.00008000"],["92108.87000000","0.00008000"],["89390.47000000","0.00000000"],["88000.00000000","59.53765000"],["84685.00000000","0.00000000"],["75276.19000000","0.00052000"],["33874.28000000","0.00324000"],["33000.00000000","2.70601000"]],"s":"BTCUSDT","e":"depthUpdate","E":1745777441014,"U":67663546945,"u":67663547008}
Received message: {"a":[["94095.24000000","4.21475000"],["94095.25000000","0.00862000"],["94095.49000000","0.00085000"],["94096.68000000","0.00000000"],["94096.69000000","0.00000000"],["94096.84000000","0.00000000"],["94098.18000000","0.00010000"],["94098.49000000","0.01355000"],["94100.09000000","0.02122000"],["94109.45000000","0.00000000"],["94111.51000000","1.00000000"],["94123.66000000","0.00000000"],["94126.99000000","1.69495000"],["94127.78000000","2.00000000"],["95506.67000000","0.00000000"]],"b":[["94095.23000000","1.17227000"],["94093.86000000","0.70126000"],["94092.66000000","0.02131000"],["94087.00000000","0.04250000"],["94076.77000000","1.00000000"],["94074.79000000","0.00000000"],["94069.31000000","0.00000000"],["94060.77000000","1.35194000"],["94058.31000000","2.00000000"],["94054.35000000","0.00000000"],["92683.80000000","0.00116000"],["92589.71000000","0.00016000"],["92495.61000000","0.00016000"],["92401.52000000","0.00016000"],["92202.96000000","0.00008000"],["92108.87000000","0.00008000"],["89390.47000000","0.00000000"],["88000.00000000","59.53765000"],["84685.00000000","0.00000000"],["75276.19000000","0.00052000"],["33874.28000000","0.00324000"],["33000.00000000","2.70601000"]],"s":"BTCUSDT","e":"depthUpdate","E":1745777441014,"U":67663546945,"u":67663547008}
Received message: {"p":"602.19000000","q":"0.20700000","s":"BNBUSDT","t":1041896654,"T":1745777441198,"e":"trade","E":1745777441198,"m":false,"M":true}
Received trade message: {"p":"602.19000000","q":"0.20700000","s":"BNBUSDT","t":1041896654,"T":1745777441198,"e":"trade","E":1745777441198,"m":false,"M":true}
Received message: {"p":"602.19000000","q":"0.54700000","s":"BNBUSDT","t":1041896655,"T":1745777441261,"e":"trade","E":1745777441262,"m":false,"M":true}
Received trade message: {"p":"602.19000000","q":"0.54700000","s":"BNBUSDT","t":1041896655,"T":1745777441261,"e":"trade","E":1745777441262,"m":false,"M":true}
Received message: {"p":"94095.24000000","a":3551019305,"q":"0.00009000","s":"BTCUSDT","T":1745777441481,"e":"aggTrade","E":1745777441482,"f":4855242634,"l":4855242634,"m":false,"M":true}
Received message: {"p":"94095.24000000","a":3551019305,"q":"0.00009000","s":"BTCUSDT","T":1745777441481,"e":"aggTrade","E":1745777441482,"f":4855242634,"l":4855242634,"m":false,"M":true}
Received message: {"p":"94095.24000000","a":3551019306,"q":"0.00007000","s":"BTCUSDT","T":1745777441483,"e":"aggTrade","E":1745777441483,"f":4855242635,"l":4855242635,"m":false,"M":true}
Received message: {"p":"94095.24000000","a":3551019306,"q":"0.00007000","s":"BTCUSDT","T":1745777441483,"e":"aggTrade","E":1745777441483,"f":4855242635,"l":4855242635,"m":false,"M":true}
Received message: {"p":"94095.23000000","a":3551019307,"q":"0.01124000","s":"BTCUSDT","T":1745777441857,"e":"aggTrade","E":1745777441857,"f":4855242636,"l":4855242636,"m":true,"M":true}
Received message: {"p":"94095.23000000","a":3551019307,"q":"0.01124000","s":"BTCUSDT","T":1745777441857,"e":"aggTrade","E":1745777441857,"f":4855242636,"l":4855242636,"m":true,"M":true}
Received message: {"a":[["94095.24000000","4.21470000"],["94095.25000000","0.00927000"],["94096.80000000","0.02245000"],["94100.09000000","0.00000000"],["94110.26000000","0.00000000"],["94110.86000000","1.00000000"],["94111.51000000","0.00000000"],["94112.58000000","0.00000000"],["94114.15000000","0.00000000"],["94125.28000000","0.00000000"],["94126.48000000","2.00000000"],["94126.99000000","1.14115000"],["94127.78000000","0.00000000"],["94129.92000000","0.00000000"],["94133.06000000","0.00000000"],["94133.42000000","0.00060000"],["94250.35000000","0.00006000"],["94256.20000000","0.00400000"],["95506.67000000","0.00100000"]],"b":[["94095.23000000","1.44510000"],["93969.60000000","0.05597000"],["93968.20000000","0.05597000"],["93965.77000000","0.05597000"],["93961.88000000","0.05597000"],["93958.62000000","0.05597000"],["93928.14000000","0.00000000"],["93925.47000000","0.00000000"],["93922.04000000","0.00000000"],["93919.44000000","0.00000000"],["93917.31000000","0.00000000"],["93915.25000000","0.00000000"],["92683.80000000","0.00016000"],["92307.42000000","0.00016000"],["92213.33000000","0.00016000"],["92119.23000000","0.00016000"],["84685.00000000","0.00000000"],["75276.19000000","0.00052000"],["33000.00000000","2.70601000"]],"s":"BTCUSDT","e":"depthUpdate","E":1745777442014,"U":67663547009,"u":67663547068}
Received message: {"a":[["94095.24000000","4.21470000"],["94095.25000000","0.00927000"],["94096.80000000","0.02245000"],["94100.09000000","0.00000000"],["94110.26000000","0.00000000"],["94110.86000000","1.00000000"],["94111.51000000","0.00000000"],["94112.58000000","0.00000000"],["94114.15000000","0.00000000"],["94125.28000000","0.00000000"],["94126.48000000","2.00000000"],["94126.99000000","1.14115000"],["94127.78000000","0.00000000"],["94129.92000000","0.00000000"],["94133.06000000","0.00000000"],["94133.42000000","0.00060000"],["94250.35000000","0.00006000"],["94256.20000000","0.00400000"],["95506.67000000","0.00100000"]],"b":[["94095.23000000","1.44510000"],["93969.60000000","0.05597000"],["93968.20000000","0.05597000"],["93965.77000000","0.05597000"],["93961.88000000","0.05597000"],["93958.62000000","0.05597000"],["93928.14000000","0.00000000"],["93925.47000000","0.00000000"],["93922.04000000","0.00000000"],["93919.44000000","0.00000000"],["93917.31000000","0.00000000"],["93915.25000000","0.00000000"],["92683.80000000","0.00016000"],["92307.42000000","0.00016000"],["92213.33000000","0.00016000"],["92119.23000000","0.00016000"],["84685.00000000","0.00000000"],["75276.19000000","0.00052000"],["33000.00000000","2.70601000"]],"s":"BTCUSDT","e":"depthUpdate","E":1745777442014,"U":67663547009,"u":67663547068}
Received message: {"p":"94095.23000000","a":3551019308,"q":"0.00106000","s":"BTCUSDT","T":1745777442821,"e":"aggTrade","E":1745777442822,"f":4855242637,"l":4855242637,"m":true,"M":true}
Received message: {"p":"94095.23000000","a":3551019308,"q":"0.00106000","s":"BTCUSDT","T":1745777442821,"e":"aggTrade","E":1745777442822,"f":4855242637,"l":4855242637,"m":true,"M":true}
Received message: {"a":[["94095.24000000","4.21862000"],["94095.25000000","0.00933000"],["94096.80000000","0.00000000"],["94098.49000000","0.00000000"],["94098.65000000","0.00764000"],["94098.67000000","0.01355000"],["94099.78000000","0.00000000"],["94100.12000000","0.00000000"],["94109.05000000","0.00531000"],["94110.24000000","0.00000000"],["94110.86000000","0.00000000"],["94110.96000000","1.00000000"],["94112.58000000","0.00000000"],["94113.99000000","0.00000000"],["94114.33000000","0.00531000"],["94124.27000000","0.00000000"],["94124.30000000","1.63673000"],["94126.48000000","0.00000000"],["94126.68000000","2.00000000"],["94126.99000000","0.07421000"],["94129.92000000","0.00000000"],["94137.74000000","0.30598000"],["94138.99000000","0.00000000"],["94310.32000000","0.00007000"],["95506.67000000","0.00000000"]],"b":[["94095.23000000","1.44413000"],["94088.95000000","0.00000000"],["94087.01000000","0.00212000"],["94074.52000000","0.00531000"],["94070.93000000","0.00000000"],["94066.23000000","0.00000000"],["94066.20000000","1.68895000"],["93991.40000000","0.00000000"],["93991.10000000","0.00230000"],["93968.43000000","0.03998000"],["93966.30000000","0.03998000"],["93963.98000000","0.03998000"],["93960.96000000","0.03998000"],["93958.98000000","0.03998000"],["93954.63000000","0.03998000"],["93923.93000000","0.00000000"],["93923.11000000","0.00106000"],["93855.72000000","0.00553000"],["93849.20000000","0.00000000"],["92683.80000000","0.00116000"],["92646.95000000","0.04105000"],["89300.00000000","0.68201000"],["84685.00000000","0.00000000"],["75276.19000000","0.00052000"],["33000.00000000","2.70601000"]],"s":"BTCUSDT","e":"depthUpdate","E":1745777443014,"U":67663547069,"u":67663547141}
Received message: {"a":[["94095.24000000","4.21862000"],["94095.25000000","0.00933000"],["94096.80000000","0.00000000"],["94098.49000000","0.00000000"],["94098.65000000","0.00764000"],["94098.67000000","0.01355000"],["94099.78000000","0.00000000"],["94100.12000000","0.00000000"],["94109.05000000","0.00531000"],["94110.24000000","0.00000000"],["94110.86000000","0.00000000"],["94110.96000000","1.00000000"],["94112.58000000","0.00000000"],["94113.99000000","0.00000000"],["94114.33000000","0.00531000"],["94124.27000000","0.00000000"],["94124.30000000","1.63673000"],["94126.48000000","0.00000000"],["94126.68000000","2.00000000"],["94126.99000000","0.07421000"],["94129.92000000","0.00000000"],["94137.74000000","0.30598000"],["94138.99000000","0.00000000"],["94310.32000000","0.00007000"],["95506.67000000","0.00000000"]],"b":[["94095.23000000","1.44413000"],["94088.95000000","0.00000000"],["94087.01000000","0.00212000"],["94074.52000000","0.00531000"],["94070.93000000","0.00000000"],["94066.23000000","0.00000000"],["94066.20000000","1.68895000"],["93991.40000000","0.00000000"],["93991.10000000","0.00230000"],["93968.43000000","0.03998000"],["93966.30000000","0.03998000"],["93963.98000000","0.03998000"],["93960.96000000","0.03998000"],["93958.98000000","0.03998000"],["93954.63000000","0.03998000"],["93923.93000000","0.00000000"],["93923.11000000","0.00106000"],["93855.72000000","0.00553000"],["93849.20000000","0.00000000"],["92683.80000000","0.00116000"],["92646.95000000","0.04105000"],["89300.00000000","0.68201000"],["84685.00000000","0.00000000"],["75276.19000000","0.00052000"],["33000.00000000","2.70601000"]],"s":"BTCUSDT","e":"depthUpdate","E":1745777443014,"U":67663547069,"u":67663547141}
Received message: {"p":"602.18000000","q":"0.09100000","s":"BNBUSDT","t":1041896656,"T":1745777443075,"e":"trade","E":1745777443075,"m":true,"M":true}
Received trade message: {"p":"602.18000000","q":"0.09100000","s":"BNBUSDT","t":1041896656,"T":1745777443075,"e":"trade","E":1745777443075,"m":true,"M":true}
Received message: {"p":"94095.23000000","a":3551019309,"q":"0.00108000","s":"BTCUSDT","T":1745777443322,"e":"aggTrade","E":1745777443323,"f":4855242638,"l":4855242638,"m":true,"M":true}
Received message: {"p":"94095.23000000","a":3551019309,"q":"0.00108000","s":"BTCUSDT","T":1745777443322,"e":"aggTrade","E":1745777443323,"f":4855242638,"l":4855242638,"m":true,"M":true}
Received message: {"p":"602.18000000","q":"0.10000000","s":"BNBUSDT","t":1041896657,"T":1745777443414,"e":"trade","E":1745777443415,"m":true,"M":true}
Received trade message: {"p":"602.18000000","q":"0.10000000","s":"BNBUSDT","t":1041896657,"T":1745777443414,"e":"trade","E":1745777443415,"m":true,"M":true}
Received message: {"p":"602.18000000","q":"1.01700000","s":"BNBUSDT","t":1041896658,"T":1745777443556,"e":"trade","E":1745777443557,"m":true,"M":true}
Received trade message: {"p":"602.18000000","q":"1.01700000","s":"BNBUSDT","t":1041896658,"T":1745777443556,"e":"trade","E":1745777443557,"m":true,"M":true}
Received message: {"p":"94095.23000000","a":3551019310,"q":"0.00010000","s":"BTCUSDT","T":1745777443576,"e":"aggTrade","E":1745777443577,"f":4855242639,"l":4855242639,"m":true,"M":true}
Received message: {"p":"94095.23000000","a":3551019310,"q":"0.00010000","s":"BTCUSDT","T":1745777443576,"e":"aggTrade","E":1745777443577,"f":4855242639,"l":4855242639,"m":true,"M":true}
Received message: {"a":[["94095.24000000","4.21871000"],["94100.47000000","0.02136000"],["95506.67000000","0.00100000"]],"b":[["94095.23000000","1.54887000"],["94093.86000000","0.70126000"],["94092.66000000","0.02154000"],["94087.00000000","0.04250000"],["94076.77000000","0.00000000"],["94075.16000000","2.09136000"],["94060.77000000","0.97879000"],["94058.31000000","0.00000000"],["94056.89000000","0.15900000"],["94055.09000000","2.00000000"],["93708.31000000","0.00000000"],["92683.80000000","0.00016000"],["92646.95000000","0.00000000"],["84685.00000000","0.00000000"],["75276.19000000","0.00052000"],["33000.00000000","2.70601000"],["20002.00000000","0.00000000"],["20001.00000000","0.03474000"]],"s":"BTCUSDT","e":"depthUpdate","E":1745777444014,"U":67663547142,"u":67663547187}
Received message: {"a":[["94095.24000000","4.21871000"],["94100.47000000","0.02136000"],["95506.67000000","0.00100000"]],"b":[["94095.23000000","1.54887000"],["94093.86000000","0.70126000"],["94092.66000000","0.02154000"],["94087.00000000","0.04250000"],["94076.77000000","0.00000000"],["94075.16000000","2.09136000"],["94060.77000000","0.97879000"],["94058.31000000","0.00000000"],["94056.89000000","0.15900000"],["94055.09000000","2.00000000"],["93708.31000000","0.00000000"],["92683.80000000","0.00016000"],["92646.95000000","0.00000000"],["84685.00000000","0.00000000"],["75276.19000000","0.00052000"],["33000.00000000","2.70601000"],["20002.00000000","0.00000000"],["20001.00000000","0.03474000"]],"s":"BTCUSDT","e":"depthUpdate","E":1745777444014,"U":67663547142,"u":67663547187}
Received message: {"p":"602.18000000","q":"0.35000000","s":"BNBUSDT","t":1041896659,"T":1745777444484,"e":"trade","E":1745777444484,"m":true,"M":true}
Received trade message: {"p":"602.18000000","q":"0.35000000","s":"BNBUSDT","t":1041896659,"T":1745777444484,"e":"trade","E":1745777444484,"m":true,"M":true}
Received message: {"p":"94095.23000000","a":3551019311,"q":"0.01674000","s":"BTCUSDT","T":1745777444491,"e":"aggTrade","E":1745777444491,"f":4855242640,"l":4855242640,"m":true,"M":true}
Received message: {"p":"94095.23000000","a":3551019311,"q":"0.01674000","s":"BTCUSDT","T":1745777444491,"e":"aggTrade","E":1745777444491,"f":4855242640,"l":4855242640,"m":true,"M":true}
Received message: {"p":"602.18000000","q":"1.63300000","s":"BNBUSDT","t":1041896660,"T":1745777444944,"e":"trade","E":1745777444944,"m":true,"M":true}
Received trade message: {"p":"602.18000000","q":"1.63300000","s":"BNBUSDT","t":1041896660,"T":1745777444944,"e":"trade","E":1745777444944,"m":true,"M":true}
Received message: {"p":"602.18000000","q":"1.55900000","s":"BNBUSDT","t":1041896661,"T":1745777444944,"e":"trade","E":1745777444944,"m":true,"M":true}
Received trade message: {"p":"602.18000000","q":"1.55900000","s":"BNBUSDT","t":1041896661,"T":1745777444944,"e":"trade","E":1745777444944,"m":true,"M":true}
Received message: {"p":"602.18000000","q":"4.98000000","s":"BNBUSDT","t":1041896662,"T":1745777444944,"e":"trade","E":1745777444944,"m":true,"M":true}
Received trade message: {"p":"602.18000000","q":"4.98000000","s":"BNBUSDT","t":1041896662,"T":1745777444944,"e":"trade","E":1745777444944,"m":true,"M":true}
Received message: {"p":"602.18000000","q":"3.54200000","s":"BNBUSDT","t":1041896663,"T":1745777444944,"e":"trade","E":1745777444944,"m":true,"M":true}
Received trade message: {"p":"602.18000000","q":"3.54200000","s":"BNBUSDT","t":1041896663,"T":1745777444944,"e":"trade","E":1745777444944,"m":true,"M":true}
Received message: {"p":"602.18000000","q":"2.97000000","s":"BNBUSDT","t":1041896664,"T":1745777444944,"e":"trade","E":1745777444944,"m":true,"M":true}
Received trade message: {"p":"602.18000000","q":"2.97000000","s":"BNBUSDT","t":1041896664,"T":1745777444944,"e":"trade","E":1745777444944,"m":true,"M":true}
Received message: {"p":"602.18000000","q":"2.97000000","s":"BNBUSDT","t":1041896665,"T":1745777444944,"e":"trade","E":1745777444944,"m":true,"M":true}
Received trade message: {"p":"602.18000000","q":"2.97000000","s":"BNBUSDT","t":1041896665,"T":1745777444944,"e":"trade","E":1745777444944,"m":true,"M":true}
Received message: {"p":"602.18000000","q":"0.00900000","s":"BNBUSDT","t":1041896666,"T":1745777444944,"e":"trade","E":1745777444944,"m":true,"M":true}
Received trade message: {"p":"602.18000000","q":"0.00900000","s":"BNBUSDT","t":1041896666,"T":1745777444944,"e":"trade","E":1745777444944,"m":true,"M":true}
Received message: {"p":"602.18000000","q":"0.00900000","s":"BNBUSDT","t":1041896667,"T":1745777444944,"e":"trade","E":1745777444944,"m":true,"M":true}
Received trade message: {"p":"602.18000000","q":"0.00900000","s":"BNBUSDT","t":1041896667,"T":1745777444944,"e":"trade","E":1745777444944,"m":true,"M":true}
Received message: {"p":"602.18000000","q":"0.00900000","s":"BNBUSDT","t":1041896668,"T":1745777444944,"e":"trade","E":1745777444944,"m":true,"M":true}
Received trade message: {"p":"602.18000000","q":"0.00900000","s":"BNBUSDT","t":1041896668,"T":1745777444944,"e":"trade","E":1745777444944,"m":true,"M":true}
Received message: {"p":"602.18000000","q":"0.00900000","s":"BNBUSDT","t":1041896669,"T":1745777444944,"e":"trade","E":1745777444944,"m":true,"M":true}
Received trade message: {"p":"602.18000000","q":"0.00900000","s":"BNBUSDT","t":1041896669,"T":1745777444944,"e":"trade","E":1745777444944,"m":true,"M":true}
Received message: {"p":"602.18000000","q":"0.00900000","s":"BNBUSDT","t":1041896670,"T":1745777444944,"e":"trade","E":1745777444944,"m":true,"M":true}
Received trade message: {"p":"602.18000000","q":"0.00900000","s":"BNBUSDT","t":1041896670,"T":1745777444944,"e":"trade","E":1745777444944,"m":true,"M":true}
Received message: {"p":"602.18000000","q":"0.00900000","s":"BNBUSDT","t":1041896671,"T":1745777444944,"e":"trade","E":1745777444944,"m":true,"M":true}
Received trade message: {"p":"602.18000000","q":"0.00900000","s":"BNBUSDT","t":1041896671,"T":1745777444944,"e":"trade","E":1745777444944,"m":true,"M":true}
Received message: {"p":"602.18000000","q":"0.00900000","s":"BNBUSDT","t":1041896672,"T":1745777444944,"e":"trade","E":1745777444944,"m":true,"M":true}
Received trade message: {"p":"602.18000000","q":"0.00900000","s":"BNBUSDT","t":1041896672,"T":1745777444944,"e":"trade","E":1745777444944,"m":true,"M":true}
Received message: {"p":"602.18000000","q":"0.00900000","s":"BNBUSDT","t":1041896673,"T":1745777444944,"e":"trade","E":1745777444944,"m":true,"M":true}
Received trade message: {"p":"602.18000000","q":"0.00900000","s":"BNBUSDT","t":1041896673,"T":1745777444944,"e":"trade","E":1745777444944,"m":true,"M":true}
Received message: {"p":"602.18000000","q":"0.41500000","s":"BNBUSDT","t":1041896674,"T":1745777444944,"e":"trade","E":1745777444944,"m":true,"M":true}
Received trade message: {"p":"602.18000000","q":"0.41500000","s":"BNBUSDT","t":1041896674,"T":1745777444944,"e":"trade","E":1745777444944,"m":true,"M":true}
Received message: {"p":"602.18000000","q":"0.41500000","s":"BNBUSDT","t":1041896675,"T":1745777444944,"e":"trade","E":1745777444944,"m":true,"M":true}
Received trade message: {"p":"602.18000000","q":"0.41500000","s":"BNBUSDT","t":1041896675,"T":1745777444944,"e":"trade","E":1745777444944,"m":true,"M":true}
Received message: {"p":"602.18000000","q":"0.41500000","s":"BNBUSDT","t":1041896676,"T":1745777444944,"e":"trade","E":1745777444944,"m":true,"M":true}
Received trade message: {"p":"602.18000000","q":"0.41500000","s":"BNBUSDT","t":1041896676,"T":1745777444944,"e":"trade","E":1745777444944,"m":true,"M":true}
Received message: {"p":"602.18000000","q":"0.41500000","s":"BNBUSDT","t":1041896677,"T":1745777444944,"e":"trade","E":1745777444944,"m":true,"M":true}
Received trade message: {"p":"602.18000000","q":"0.41500000","s":"BNBUSDT","t":1041896677,"T":1745777444944,"e":"trade","E":1745777444944,"m":true,"M":true}
Received message: {"p":"602.18000000","q":"0.50200000","s":"BNBUSDT","t":1041896678,"T":1745777444944,"e":"trade","E":1745777444944,"m":true,"M":true}
Received trade message: {"p":"602.18000000","q":"0.50200000","s":"BNBUSDT","t":1041896678,"T":1745777444944,"e":"trade","E":1745777444944,"m":true,"M":true}
Received message: {"p":"602.18000000","q":"0.01300000","s":"BNBUSDT","t":1041896679,"T":1745777444944,"e":"trade","E":1745777444944,"m":true,"M":true}
Received trade message: {"p":"602.18000000","q":"0.01300000","s":"BNBUSDT","t":1041896679,"T":1745777444944,"e":"trade","E":1745777444944,"m":true,"M":true}
Received message: {"p":"602.18000000","q":"0.02300000","s":"BNBUSDT","t":1041896680,"T":1745777444944,"e":"trade","E":1745777444944,"m":true,"M":true}
Received trade message: {"p":"602.18000000","q":"0.02300000","s":"BNBUSDT","t":1041896680,"T":1745777444944,"e":"trade","E":1745777444944,"m":true,"M":true}
Received message: {"p":"602.18000000","q":"0.00900000","s":"BNBUSDT","t":1041896681,"T":1745777444944,"e":"trade","E":1745777444944,"m":true,"M":true}
Received trade message: {"p":"602.18000000","q":"0.00900000","s":"BNBUSDT","t":1041896681,"T":1745777444944,"e":"trade","E":1745777444944,"m":true,"M":true}
Received message: {"p":"602.18000000","q":"0.00900000","s":"BNBUSDT","t":1041896682,"T":1745777444944,"e":"trade","E":1745777444944,"m":true,"M":true}
Received trade message: {"p":"602.18000000","q":"0.00900000","s":"BNBUSDT","t":1041896682,"T":1745777444944,"e":"trade","E":1745777444944,"m":true,"M":true}
Received message: {"p":"602.18000000","q":"0.00900000","s":"BNBUSDT","t":1041896683,"T":1745777444944,"e":"trade","E":1745777444944,"m":true,"M":true}
Received trade message: {"p":"602.18000000","q":"0.00900000","s":"BNBUSDT","t":1041896683,"T":1745777444944,"e":"trade","E":1745777444944,"m":true,"M":true}
Received message: {"p":"602.18000000","q":"0.00900000","s":"BNBUSDT","t":1041896684,"T":1745777444944,"e":"trade","E":1745777444944,"m":true,"M":true}
Received trade message: {"p":"602.18000000","q":"0.00900000","s":"BNBUSDT","t":1041896684,"T":1745777444944,"e":"trade","E":1745777444944,"m":true,"M":true}
Received message: {"p":"602.18000000","q":"0.00900000","s":"BNBUSDT","t":1041896685,"T":1745777444944,"e":"trade","E":1745777444944,"m":true,"M":true}
Received trade message: {"p":"602.18000000","q":"0.00900000","s":"BNBUSDT","t":1041896685,"T":1745777444944,"e":"trade","E":1745777444944,"m":true,"M":true}
Received message: {"p":"602.18000000","q":"0.00900000","s":"BNBUSDT","t":1041896686,"T":1745777444944,"e":"trade","E":1745777444944,"m":true,"M":true}
Received trade message: {"p":"602.18000000","q":"0.00900000","s":"BNBUSDT","t":1041896686,"T":1745777444944,"e":"trade","E":1745777444944,"m":true,"M":true}
Received message: {"p":"602.17000000","q":"0.99800000","s":"BNBUSDT","t":1041896687,"T":1745777444944,"e":"trade","E":1745777444944,"m":true,"M":true}
Received trade message: {"p":"602.17000000","q":"0.99800000","s":"BNBUSDT","t":1041896687,"T":1745777444944,"e":"trade","E":1745777444944,"m":true,"M":true}
Received message: {"p":"602.17000000","q":"0.00900000","s":"BNBUSDT","t":1041896688,"T":1745777444944,"e":"trade","E":1745777444944,"m":true,"M":true}
Received trade message: {"p":"602.17000000","q":"0.00900000","s":"BNBUSDT","t":1041896688,"T":1745777444944,"e":"trade","E":1745777444944,"m":true,"M":true}
Received message: {"p":"602.17000000","q":"0.00900000","s":"BNBUSDT","t":1041896689,"T":1745777444944,"e":"trade","E":1745777444944,"m":true,"M":true}
Received trade message: {"p":"602.17000000","q":"0.00900000","s":"BNBUSDT","t":1041896689,"T":1745777444944,"e":"trade","E":1745777444944,"m":true,"M":true}
Received message: {"p":"602.17000000","q":"0.66400000","s":"BNBUSDT","t":1041896690,"T":1745777444944,"e":"trade","E":1745777444944,"m":true,"M":true}
Received trade message: {"p":"602.17000000","q":"0.66400000","s":"BNBUSDT","t":1041896690,"T":1745777444944,"e":"trade","E":1745777444944,"m":true,"M":true}
Received message: {"p":"602.17000000","q":"0.00900000","s":"BNBUSDT","t":1041896691,"T":1745777444944,"e":"trade","E":1745777444944,"m":true,"M":true}
Received trade message: {"p":"602.17000000","q":"0.00900000","s":"BNBUSDT","t":1041896691,"T":1745777444944,"e":"trade","E":1745777444944,"m":true,"M":true}
Received message: {"p":"602.17000000","q":"0.00900000","s":"BNBUSDT","t":1041896692,"T":1745777444944,"e":"trade","E":1745777444944,"m":true,"M":true}
Received trade message: {"p":"602.17000000","q":"0.00900000","s":"BNBUSDT","t":1041896692,"T":1745777444944,"e":"trade","E":1745777444944,"m":true,"M":true}
Received message: {"p":"602.17000000","q":"0.00900000","s":"BNBUSDT","t":1041896693,"T":1745777444944,"e":"trade","E":1745777444944,"m":true,"M":true}
Received trade message: {"p":"602.17000000","q":"0.00900000","s":"BNBUSDT","t":1041896693,"T":1745777444944,"e":"trade","E":1745777444944,"m":true,"M":true}
Received message: {"p":"602.17000000","q":"0.30000000","s":"BNBUSDT","t":1041896694,"T":1745777444944,"e":"trade","E":1745777444944,"m":true,"M":true}
Received trade message: {"p":"602.17000000","q":"0.30000000","s":"BNBUSDT","t":1041896694,"T":1745777444944,"e":"trade","E":1745777444944,"m":true,"M":true}
Received message: {"p":"602.17000000","q":"0.49700000","s":"BNBUSDT","t":1041896695,"T":1745777444944,"e":"trade","E":1745777444944,"m":true,"M":true}
Received trade message: {"p":"602.17000000","q":"0.49700000","s":"BNBUSDT","t":1041896695,"T":1745777444944,"e":"trade","E":1745777444944,"m":true,"M":true}
Received message: {"p":"602.17000000","q":"0.33300000","s":"BNBUSDT","t":1041896696,"T":1745777444944,"e":"trade","E":1745777444944,"m":true,"M":true}
Received trade message: {"p":"602.17000000","q":"0.33300000","s":"BNBUSDT","t":1041896696,"T":1745777444944,"e":"trade","E":1745777444944,"m":true,"M":true}
Received message: {"p":"602.17000000","q":"0.41500000","s":"BNBUSDT","t":1041896697,"T":1745777444944,"e":"trade","E":1745777444944,"m":true,"M":true}
Received trade message: {"p":"602.17000000","q":"0.41500000","s":"BNBUSDT","t":1041896697,"T":1745777444944,"e":"trade","E":1745777444944,"m":true,"M":true}
Received message: {"p":"602.17000000","q":"0.00900000","s":"BNBUSDT","t":1041896698,"T":1745777444944,"e":"trade","E":1745777444944,"m":true,"M":true}
Received trade message: {"p":"602.17000000","q":"0.00900000","s":"BNBUSDT","t":1041896698,"T":1745777444944,"e":"trade","E":1745777444944,"m":true,"M":true}
Received message: {"p":"602.17000000","q":"0.05900000","s":"BNBUSDT","t":1041896699,"T":1745777444944,"e":"trade","E":1745777444944,"m":true,"M":true}
Received trade message: {"p":"602.17000000","q":"0.05900000","s":"BNBUSDT","t":1041896699,"T":1745777444944,"e":"trade","E":1745777444944,"m":true,"M":true}
Received message: {"p":"602.17000000","q":"0.00900000","s":"BNBUSDT","t":1041896700,"T":1745777444944,"e":"trade","E":1745777444944,"m":true,"M":true}
Received trade message: {"p":"602.17000000","q":"0.00900000","s":"BNBUSDT","t":1041896700,"T":1745777444944,"e":"trade","E":1745777444944,"m":true,"M":true}
Received message: {"p":"602.17000000","q":"0.00900000","s":"BNBUSDT","t":1041896701,"T":1745777444944,"e":"trade","E":1745777444944,"m":true,"M":true}
Received trade message: {"p":"602.17000000","q":"0.00900000","s":"BNBUSDT","t":1041896701,"T":1745777444944,"e":"trade","E":1745777444944,"m":true,"M":true}
Received message: {"p":"602.17000000","q":"0.00900000","s":"BNBUSDT","t":1041896702,"T":1745777444944,"e":"trade","E":1745777444944,"m":true,"M":true}
Received trade message: {"p":"602.17000000","q":"0.00900000","s":"BNBUSDT","t":1041896702,"T":1745777444944,"e":"trade","E":1745777444944,"m":true,"M":true}
Received message: {"p":"602.17000000","q":"0.00900000","s":"BNBUSDT","t":1041896703,"T":1745777444944,"e":"trade","E":1745777444944,"m":true,"M":true}
Received trade message: {"p":"602.17000000","q":"0.00900000","s":"BNBUSDT","t":1041896703,"T":1745777444944,"e":"trade","E":1745777444944,"m":true,"M":true}
Received message: {"p":"602.16000000","q":"0.00900000","s":"BNBUSDT","t":1041896704,"T":1745777444945,"e":"trade","E":1745777444945,"m":true,"M":true}
Received trade message: {"p":"602.16000000","q":"0.00900000","s":"BNBUSDT","t":1041896704,"T":1745777444945,"e":"trade","E":1745777444945,"m":true,"M":true}
Received message: {"p":"602.16000000","q":"0.00900000","s":"BNBUSDT","t":1041896705,"T":1745777444945,"e":"trade","E":1745777444945,"m":true,"M":true}
Received trade message: {"p":"602.16000000","q":"0.00900000","s":"BNBUSDT","t":1041896705,"T":1745777444945,"e":"trade","E":1745777444945,"m":true,"M":true}
Received message: {"p":"602.16000000","q":"0.00900000","s":"BNBUSDT","t":1041896706,"T":1745777444945,"e":"trade","E":1745777444945,"m":true,"M":true}
Received trade message: {"p":"602.16000000","q":"0.00900000","s":"BNBUSDT","t":1041896706,"T":1745777444945,"e":"trade","E":1745777444945,"m":true,"M":true}
Received message: {"p":"602.16000000","q":"0.00900000","s":"BNBUSDT","t":1041896707,"T":1745777444945,"e":"trade","E":1745777444945,"m":true,"M":true}
Received trade message: {"p":"602.16000000","q":"0.00900000","s":"BNBUSDT","t":1041896707,"T":1745777444945,"e":"trade","E":1745777444945,"m":true,"M":true}
Received message: {"p":"602.16000000","q":"0.00900000","s":"BNBUSDT","t":1041896708,"T":1745777444945,"e":"trade","E":1745777444945,"m":true,"M":true}
Received trade message: {"p":"602.16000000","q":"0.00900000","s":"BNBUSDT","t":1041896708,"T":1745777444945,"e":"trade","E":1745777444945,"m":true,"M":true}
Received message: {"p":"602.16000000","q":"0.00900000","s":"BNBUSDT","t":1041896709,"T":1745777444945,"e":"trade","E":1745777444945,"m":true,"M":true}
Received trade message: {"p":"602.16000000","q":"0.00900000","s":"BNBUSDT","t":1041896709,"T":1745777444945,"e":"trade","E":1745777444945,"m":true,"M":true}
Received message: {"p":"602.16000000","q":"0.00900000","s":"BNBUSDT","t":1041896710,"T":1745777444945,"e":"trade","E":1745777444945,"m":true,"M":true}
Received trade message: {"p":"602.16000000","q":"0.00900000","s":"BNBUSDT","t":1041896710,"T":1745777444945,"e":"trade","E":1745777444945,"m":true,"M":true}
Received message: {"p":"602.15000000","q":"0.00900000","s":"BNBUSDT","t":1041896711,"T":1745777444945,"e":"trade","E":1745777444945,"m":true,"M":true}
Received trade message: {"p":"602.15000000","q":"0.00900000","s":"BNBUSDT","t":1041896711,"T":1745777444945,"e":"trade","E":1745777444945,"m":true,"M":true}
Received message: {"p":"602.15000000","q":"0.00900000","s":"BNBUSDT","t":1041896712,"T":1745777444945,"e":"trade","E":1745777444945,"m":true,"M":true}
Received trade message: {"p":"602.15000000","q":"0.00900000","s":"BNBUSDT","t":1041896712,"T":1745777444945,"e":"trade","E":1745777444945,"m":true,"M":true}
Received message: {"p":"602.15000000","q":"0.00900000","s":"BNBUSDT","t":1041896713,"T":1745777444945,"e":"trade","E":1745777444945,"m":true,"M":true}
Received trade message: {"p":"602.15000000","q":"0.00900000","s":"BNBUSDT","t":1041896713,"T":1745777444945,"e":"trade","E":1745777444945,"m":true,"M":true}
Received message: {"p":"602.15000000","q":"0.00900000","s":"BNBUSDT","t":1041896714,"T":1745777444945,"e":"trade","E":1745777444945,"m":true,"M":true}
Received trade message: {"p":"602.15000000","q":"0.00900000","s":"BNBUSDT","t":1041896714,"T":1745777444945,"e":"trade","E":1745777444945,"m":true,"M":true}
Received message: {"p":"602.15000000","q":"0.00900000","s":"BNBUSDT","t":1041896715,"T":1745777444945,"e":"trade","E":1745777444945,"m":true,"M":true}
Received trade message: {"p":"602.15000000","q":"0.00900000","s":"BNBUSDT","t":1041896715,"T":1745777444945,"e":"trade","E":1745777444945,"m":true,"M":true}
Received message: {"p":"602.15000000","q":"0.00900000","s":"BNBUSDT","t":1041896716,"T":1745777444945,"e":"trade","E":1745777444945,"m":true,"M":true}
Received trade message: {"p":"602.15000000","q":"0.00900000","s":"BNBUSDT","t":1041896716,"T":1745777444945,"e":"trade","E":1745777444945,"m":true,"M":true}
Received message: {"p":"602.15000000","q":"0.00900000","s":"BNBUSDT","t":1041896717,"T":1745777444945,"e":"trade","E":1745777444945,"m":true,"M":true}
Received trade message: {"p":"602.15000000","q":"0.00900000","s":"BNBUSDT","t":1041896717,"T":1745777444945,"e":"trade","E":1745777444945,"m":true,"M":true}
Received message: {"p":"602.14000000","q":"0.00900000","s":"BNBUSDT","t":1041896718,"T":1745777444947,"e":"trade","E":1745777444947,"m":true,"M":true}
Received trade message: {"p":"602.14000000","q":"0.00900000","s":"BNBUSDT","t":1041896718,"T":1745777444947,"e":"trade","E":1745777444947,"m":true,"M":true}
Received message: {"p":"602.14000000","q":"0.00900000","s":"BNBUSDT","t":1041896719,"T":1745777444947,"e":"trade","E":1745777444947,"m":true,"M":true}
Received trade message: {"p":"602.14000000","q":"0.00900000","s":"BNBUSDT","t":1041896719,"T":1745777444947,"e":"trade","E":1745777444947,"m":true,"M":true}
Received message: {"p":"602.14000000","q":"0.01000000","s":"BNBUSDT","t":1041896720,"T":1745777444947,"e":"trade","E":1745777444947,"m":true,"M":true}
Received trade message: {"p":"602.14000000","q":"0.01000000","s":"BNBUSDT","t":1041896720,"T":1745777444947,"e":"trade","E":1745777444947,"m":true,"M":true}
Received message: {"p":"602.14000000","q":"0.83000000","s":"BNBUSDT","t":1041896721,"T":1745777444947,"e":"trade","E":1745777444947,"m":true,"M":true}
Received trade message: {"p":"602.14000000","q":"0.83000000","s":"BNBUSDT","t":1041896721,"T":1745777444947,"e":"trade","E":1745777444947,"m":true,"M":true}
Received message: {"p":"602.14000000","q":"0.00900000","s":"BNBUSDT","t":1041896722,"T":1745777444947,"e":"trade","E":1745777444947,"m":true,"M":true}
Received trade message: {"p":"602.14000000","q":"0.00900000","s":"BNBUSDT","t":1041896722,"T":1745777444947,"e":"trade","E":1745777444947,"m":true,"M":true}
Received message: {"p":"602.14000000","q":"0.00900000","s":"BNBUSDT","t":1041896723,"T":1745777444947,"e":"trade","E":1745777444947,"m":true,"M":true}
Received trade message: {"p":"602.14000000","q":"0.00900000","s":"BNBUSDT","t":1041896723,"T":1745777444947,"e":"trade","E":1745777444947,"m":true,"M":true}
Received message: {"p":"602.13000000","q":"0.00900000","s":"BNBUSDT","t":1041896724,"T":1745777444951,"e":"trade","E":1745777444951,"m":true,"M":true}
Received trade message: {"p":"602.13000000","q":"0.00900000","s":"BNBUSDT","t":1041896724,"T":1745777444951,"e":"trade","E":1745777444951,"m":true,"M":true}
Received message: {"p":"602.13000000","q":"0.00900000","s":"BNBUSDT","t":1041896725,"T":1745777444951,"e":"trade","E":1745777444951,"m":true,"M":true}
Received trade message: {"p":"602.13000000","q":"0.00900000","s":"BNBUSDT","t":1041896725,"T":1745777444951,"e":"trade","E":1745777444951,"m":true,"M":true}
Received message: {"p":"602.13000000","q":"0.00900000","s":"BNBUSDT","t":1041896726,"T":1745777444951,"e":"trade","E":1745777444951,"m":true,"M":true}
Received trade message: {"p":"602.13000000","q":"0.00900000","s":"BNBUSDT","t":1041896726,"T":1745777444951,"e":"trade","E":1745777444951,"m":true,"M":true}
Received message: {"p":"602.13000000","q":"0.00900000","s":"BNBUSDT","t":1041896727,"T":1745777444951,"e":"trade","E":1745777444951,"m":true,"M":true}
Received trade message: {"p":"602.13000000","q":"0.00900000","s":"BNBUSDT","t":1041896727,"T":1745777444951,"e":"trade","E":1745777444951,"m":true,"M":true}
Received message: {"p":"602.13000000","q":"0.00900000","s":"BNBUSDT","t":1041896728,"T":1745777444951,"e":"trade","E":1745777444951,"m":true,"M":true}
Received trade message: {"p":"602.13000000","q":"0.00900000","s":"BNBUSDT","t":1041896728,"T":1745777444951,"e":"trade","E":1745777444951,"m":true,"M":true}
Received message: {"p":"602.13000000","q":"0.00900000","s":"BNBUSDT","t":1041896729,"T":1745777444951,"e":"trade","E":1745777444951,"m":true,"M":true}
Received trade message: {"p":"602.13000000","q":"0.00900000","s":"BNBUSDT","t":1041896729,"T":1745777444951,"e":"trade","E":1745777444951,"m":true,"M":true}
Received message: {"p":"602.13000000","q":"0.00900000","s":"BNBUSDT","t":1041896730,"T":1745777444951,"e":"trade","E":1745777444951,"m":true,"M":true}
Received trade message: {"p":"602.13000000","q":"0.00900000","s":"BNBUSDT","t":1041896730,"T":1745777444951,"e":"trade","E":1745777444951,"m":true,"M":true}
Received message: {"p":"602.13000000","q":"0.00900000","s":"BNBUSDT","t":1041896731,"T":1745777444951,"e":"trade","E":1745777444951,"m":true,"M":true}
Received trade message: {"p":"602.13000000","q":"0.00900000","s":"BNBUSDT","t":1041896731,"T":1745777444951,"e":"trade","E":1745777444951,"m":true,"M":true}
Received message: {"p":"602.13000000","q":"0.00900000","s":"BNBUSDT","t":1041896732,"T":1745777444951,"e":"trade","E":1745777444951,"m":true,"M":true}
Received trade message: {"p":"602.13000000","q":"0.00900000","s":"BNBUSDT","t":1041896732,"T":1745777444951,"e":"trade","E":1745777444951,"m":true,"M":true}
Received message: {"p":"602.13000000","q":"0.00900000","s":"BNBUSDT","t":1041896733,"T":1745777444951,"e":"trade","E":1745777444951,"m":true,"M":true}
Received trade message: {"p":"602.13000000","q":"0.00900000","s":"BNBUSDT","t":1041896733,"T":1745777444951,"e":"trade","E":1745777444951,"m":true,"M":true}
Received message: {"p":"602.13000000","q":"0.00900000","s":"BNBUSDT","t":1041896734,"T":1745777444951,"e":"trade","E":1745777444951,"m":true,"M":true}
Received trade message: {"p":"602.13000000","q":"0.00900000","s":"BNBUSDT","t":1041896734,"T":1745777444951,"e":"trade","E":1745777444951,"m":true,"M":true}
Received message: {"p":"602.12000000","q":"0.00900000","s":"BNBUSDT","t":1041896735,"T":1745777444951,"e":"trade","E":1745777444951,"m":true,"M":true}
Received trade message: {"p":"602.12000000","q":"0.00900000","s":"BNBUSDT","t":1041896735,"T":1745777444951,"e":"trade","E":1745777444951,"m":true,"M":true}
Received message: {"p":"602.12000000","q":"0.41500000","s":"BNBUSDT","t":1041896736,"T":1745777444951,"e":"trade","E":1745777444951,"m":true,"M":true}
Received trade message: {"p":"602.12000000","q":"0.41500000","s":"BNBUSDT","t":1041896736,"T":1745777444951,"e":"trade","E":1745777444951,"m":true,"M":true}
Received message: {"p":"602.12000000","q":"0.00900000","s":"BNBUSDT","t":1041896737,"T":1745777444951,"e":"trade","E":1745777444951,"m":true,"M":true}
Received trade message: {"p":"602.12000000","q":"0.00900000","s":"BNBUSDT","t":1041896737,"T":1745777444951,"e":"trade","E":1745777444951,"m":true,"M":true}
Received message: {"p":"602.12000000","q":"0.00900000","s":"BNBUSDT","t":1041896738,"T":1745777444951,"e":"trade","E":1745777444951,"m":true,"M":true}
Received trade message: {"p":"602.12000000","q":"0.00900000","s":"BNBUSDT","t":1041896738,"T":1745777444951,"e":"trade","E":1745777444951,"m":true,"M":true}
Received message: {"p":"602.12000000","q":"0.00900000","s":"BNBUSDT","t":1041896739,"T":1745777444951,"e":"trade","E":1745777444951,"m":true,"M":true}
Received trade message: {"p":"602.12000000","q":"0.00900000","s":"BNBUSDT","t":1041896739,"T":1745777444951,"e":"trade","E":1745777444951,"m":true,"M":true}
Received message: {"p":"602.12000000","q":"0.00900000","s":"BNBUSDT","t":1041896740,"T":1745777444951,"e":"trade","E":1745777444951,"m":true,"M":true}
Received trade message: {"p":"602.12000000","q":"0.00900000","s":"BNBUSDT","t":1041896740,"T":1745777444951,"e":"trade","E":1745777444951,"m":true,"M":true}
Received message: {"p":"602.12000000","q":"0.00900000","s":"BNBUSDT","t":1041896741,"T":1745777444951,"e":"trade","E":1745777444951,"m":true,"M":true}
Received trade message: {"p":"602.12000000","q":"0.00900000","s":"BNBUSDT","t":1041896741,"T":1745777444951,"e":"trade","E":1745777444951,"m":true,"M":true}
Received message: {"p":"602.12000000","q":"0.00900000","s":"BNBUSDT","t":1041896742,"T":1745777444951,"e":"trade","E":1745777444951,"m":true,"M":true}
Received trade message: {"p":"602.12000000","q":"0.00900000","s":"BNBUSDT","t":1041896742,"T":1745777444951,"e":"trade","E":1745777444951,"m":true,"M":true}
Received message: {"p":"602.12000000","q":"0.00900000","s":"BNBUSDT","t":1041896743,"T":1745777444951,"e":"trade","E":1745777444951,"m":true,"M":true}
Received trade message: {"p":"602.12000000","q":"0.00900000","s":"BNBUSDT","t":1041896743,"T":1745777444951,"e":"trade","E":1745777444951,"m":true,"M":true}
Received message: {"p":"602.12000000","q":"0.00900000","s":"BNBUSDT","t":1041896744,"T":1745777444951,"e":"trade","E":1745777444951,"m":true,"M":true}
Received trade message: {"p":"602.12000000","q":"0.00900000","s":"BNBUSDT","t":1041896744,"T":1745777444951,"e":"trade","E":1745777444951,"m":true,"M":true}
Received message: {"p":"602.11000000","q":"0.00900000","s":"BNBUSDT","t":1041896745,"T":1745777444952,"e":"trade","E":1745777444953,"m":true,"M":true}
Received trade message: {"p":"602.11000000","q":"0.00900000","s":"BNBUSDT","t":1041896745,"T":1745777444952,"e":"trade","E":1745777444953,"m":true,"M":true}
Received message: {"p":"602.11000000","q":"0.00900000","s":"BNBUSDT","t":1041896746,"T":1745777444952,"e":"trade","E":1745777444953,"m":true,"M":true}
Received trade message: {"p":"602.11000000","q":"0.00900000","s":"BNBUSDT","t":1041896746,"T":1745777444952,"e":"trade","E":1745777444953,"m":true,"M":true}
Received message: {"p":"602.11000000","q":"0.00900000","s":"BNBUSDT","t":1041896747,"T":1745777444952,"e":"trade","E":1745777444953,"m":true,"M":true}
Received trade message: {"p":"602.11000000","q":"0.00900000","s":"BNBUSDT","t":1041896747,"T":1745777444952,"e":"trade","E":1745777444953,"m":true,"M":true}
Received message: {"p":"602.11000000","q":"0.00900000","s":"BNBUSDT","t":1041896748,"T":1745777444952,"e":"trade","E":1745777444953,"m":true,"M":true}
Received trade message: {"p":"602.11000000","q":"0.00900000","s":"BNBUSDT","t":1041896748,"T":1745777444952,"e":"trade","E":1745777444953,"m":true,"M":true}
Received message: {"p":"602.11000000","q":"0.16700000","s":"BNBUSDT","t":1041896749,"T":1745777444995,"e":"trade","E":1745777444996,"m":false,"M":true}
Received trade message: {"p":"602.11000000","q":"0.16700000","s":"BNBUSDT","t":1041896749,"T":1745777444995,"e":"trade","E":1745777444996,"m":false,"M":true}
Received message: {"a":[["94095.24000000","4.21859000"],["94108.40000000","0.00544000"],["94109.05000000","0.00000000"],["94109.20000000","1.00000000"],["94110.96000000","0.00000000"],["94123.16000000","2.00000000"],["94126.68000000","0.00000000"],["94133.42000000","0.00000000"],["94137.90000000","1.47851000"],["94140.15000000","0.00000000"],["94141.40000000","0.00000000"],["95506.67000000","0.00000000"]],"b":[["94095.23000000","1.42621000"],["94056.89000000","0.00000000"],["94055.74000000","0.00000000"],["94055.54000000","0.15900000"],["94042.64000000","0.00000000"],["93718.85000000","0.00080000"],["93237.89000000","0.00000000"],["93143.80000000","0.00000000"],["93049.72000000","0.00000000"],["92683.80000000","0.00116000"],["86567.62000000","0.00012000"],["84685.00000000","0.00000000"],["75276.19000000","0.00052000"],["33000.00000000","2.70601000"]],"s":"BTCUSDT","e":"depthUpdate","E":1745777445014,"U":67663547188,"u":67663547228}
Received message: {"a":[["94095.24000000","4.21859000"],["94108.40000000","0.00544000"],["94109.05000000","0.00000000"],["94109.20000000","1.00000000"],["94110.96000000","0.00000000"],["94123.16000000","2.00000000"],["94126.68000000","0.00000000"],["94133.42000000","0.00000000"],["94137.90000000","1.47851000"],["94140.15000000","0.00000000"],["94141.40000000","0.00000000"],["95506.67000000","0.00000000"]],"b":[["94095.23000000","1.42621000"],["94056.89000000","0.00000000"],["94055.74000000","0.00000000"],["94055.54000000","0.15900000"],["94042.64000000","0.00000000"],["93718.85000000","0.00080000"],["93237.89000000","0.00000000"],["93143.80000000","0.00000000"],["93049.72000000","0.00000000"],["92683.80000000","0.00116000"],["86567.62000000","0.00012000"],["84685.00000000","0.00000000"],["75276.19000000","0.00052000"],["33000.00000000","2.70601000"]],"s":"BTCUSDT","e":"depthUpdate","E":1745777445014,"U":67663547188,"u":67663547228}
Received message: {"p":"94095.24000000","a":3551019312,"q":"0.07344000","s":"BTCUSDT","T":1745777445485,"e":"aggTrade","E":1745777445485,"f":4855242641,"l":4855242641,"m":false,"M":true}
Received message: {"p":"94095.24000000","a":3551019312,"q":"0.07344000","s":"BTCUSDT","T":1745777445485,"e":"aggTrade","E":1745777445485,"f":4855242641,"l":4855242641,"m":false,"M":true}
Received message: {"p":"94095.23000000","a":3551019313,"q":"0.00009000","s":"BTCUSDT","T":1745777445814,"e":"aggTrade","E":1745777445815,"f":4855242642,"l":4855242642,"m":true,"M":true}
Received message: {"p":"94095.23000000","a":3551019313,"q":"0.00009000","s":"BTCUSDT","T":1745777445814,"e":"aggTrade","E":1745777445815,"f":4855242642,"l":4855242642,"m":true,"M":true}
Received message: {"p":"602.10000000","q":"0.44400000","s":"BNBUSDT","t":1041896750,"T":1745777445887,"e":"trade","E":1745777445887,"m":true,"M":true}
Received trade message: {"p":"602.10000000","q":"0.44400000","s":"BNBUSDT","t":1041896750,"T":1745777445887,"e":"trade","E":1745777445887,"m":true,"M":true}
Received message: {"p":"602.10000000","q":"0.02500000","s":"BNBUSDT","t":1041896751,"T":1745777445894,"e":"trade","E":1745777445895,"m":true,"M":true}
Received trade message: {"p":"602.10000000","q":"0.02500000","s":"BNBUSDT","t":1041896751,"T":1745777445894,"e":"trade","E":1745777445895,"m":true,"M":true}
Received message: {"p":"602.11000000","q":"0.01500000","s":"BNBUSDT","t":1041896752,"T":1745777445998,"e":"trade","E":1745777445998,"m":false,"M":true}
Received trade message: {"p":"602.11000000","q":"0.01500000","s":"BNBUSDT","t":1041896752,"T":1745777445998,"e":"trade","E":1745777445998,"m":false,"M":true}
Received message: {"a":[["94095.24000000","4.16954000"],["94108.40000000","0.00013000"],["94110.96000000","0.00531000"],["94113.52000000","0.00531000"],["94114.33000000","0.00000000"],["94124.30000000","0.00000000"],["94126.99000000","1.22265000"],["94141.41000000","0.00106000"],["94243.22000000","0.00035000"],["95071.25000000","0.10532000"],["95095.00000000","0.00348000"],["95506.67000000","0.00100000"]],"b":[["94095.23000000","1.42601000"],["94089.85000000","0.00000000"],["94074.52000000","0.00000000"],["94073.52000000","0.00531000"],["94069.31000000","0.00813000"],["94066.20000000","0.00000000"],["94056.51000000","0.15900000"],["94055.54000000","0.00000000"],["94055.50000000","0.00006000"],["94047.31000000","0.00105000"],["92955.63000000","0.00000000"],["92861.55000000","0.00000000"],["92767.46000000","0.00000000"],["92683.80000000","0.00016000"],["92673.38000000","0.00000000"],["86567.62000000","0.00000000"],["84685.00000000","0.00000000"],["75276.19000000","0.00052000"],["33000.00000000","2.70601000"]],"s":"BTCUSDT","e":"depthUpdate","E":1745777446014,"U":67663547229,"u":67663547278}
Received message: {"a":[["94095.24000000","4.16954000"],["94108.40000000","0.00013000"],["94110.96000000","0.00531000"],["94113.52000000","0.00531000"],["94114.33000000","0.00000000"],["94124.30000000","0.00000000"],["94126.99000000","1.22265000"],["94141.41000000","0.00106000"],["94243.22000000","0.00035000"],["95071.25000000","0.10532000"],["95095.00000000","0.00348000"],["95506.67000000","0.00100000"]],"b":[["94095.23000000","1.42601000"],["94089.85000000","0.00000000"],["94074.52000000","0.00000000"],["94073.52000000","0.00531000"],["94069.31000000","0.00813000"],["94066.20000000","0.00000000"],["94056.51000000","0.15900000"],["94055.54000000","0.00000000"],["94055.50000000","0.00006000"],["94047.31000000","0.00105000"],["92955.63000000","0.00000000"],["92861.55000000","0.00000000"],["92767.46000000","0.00000000"],["92683.80000000","0.00016000"],["92673.38000000","0.00000000"],["86567.62000000","0.00000000"],["84685.00000000","0.00000000"],["75276.19000000","0.00052000"],["33000.00000000","2.70601000"]],"s":"BTCUSDT","e":"depthUpdate","E":1745777446014,"U":67663547229,"u":67663547278}
Received message: {"p":"602.11000000","q":"0.16100000","s":"BNBUSDT","t":1041896753,"T":1745777446286,"e":"trade","E":1745777446286,"m":false,"M":true}
Received trade message: {"p":"602.11000000","q":"0.16100000","s":"BNBUSDT","t":1041896753,"T":1745777446286,"e":"trade","E":1745777446286,"m":false,"M":true}
Received message: {"p":"602.10000000","q":"0.44300000","s":"BNBUSDT","t":1041896754,"T":1745777446372,"e":"trade","E":1745777446372,"m":true,"M":true}
Received trade message: {"p":"602.10000000","q":"0.44300000","s":"BNBUSDT","t":1041896754,"T":1745777446372,"e":"trade","E":1745777446372,"m":true,"M":true}
Received message: {"p":"602.10000000","q":"0.05800000","s":"BNBUSDT","t":1041896755,"T":1745777446390,"e":"trade","E":1745777446390,"m":true,"M":true}
Received trade message: {"p":"602.10000000","q":"0.05800000","s":"BNBUSDT","t":1041896755,"T":1745777446390,"e":"trade","E":1745777446390,"m":true,"M":true}
Received message: {"p":"602.10000000","q":"0.03000000","s":"BNBUSDT","t":1041896756,"T":1745777446408,"e":"trade","E":1745777446408,"m":true,"M":true}
Received trade message: {"p":"602.10000000","q":"0.03000000","s":"BNBUSDT","t":1041896756,"T":1745777446408,"e":"trade","E":1745777446408,"m":true,"M":true}
Received message: {"p":"602.10000000","q":"0.00900000","s":"BNBUSDT","t":1041896757,"T":1745777446491,"e":"trade","E":1745777446492,"m":true,"M":true}
Received trade message: {"p":"602.10000000","q":"0.00900000","s":"BNBUSDT","t":1041896757,"T":1745777446491,"e":"trade","E":1745777446492,"m":true,"M":true}
Received message: {"p":"602.10000000","q":"0.00900000","s":"BNBUSDT","t":1041896758,"T":1745777446491,"e":"trade","E":1745777446492,"m":true,"M":true}
Received trade message: {"p":"602.10000000","q":"0.00900000","s":"BNBUSDT","t":1041896758,"T":1745777446491,"e":"trade","E":1745777446492,"m":true,"M":true}
Received message: {"p":"602.10000000","q":"0.00900000","s":"BNBUSDT","t":1041896759,"T":1745777446491,"e":"trade","E":1745777446492,"m":true,"M":true}
Received trade message: {"p":"602.10000000","q":"0.00900000","s":"BNBUSDT","t":1041896759,"T":1745777446491,"e":"trade","E":1745777446492,"m":true,"M":true}
Received message: {"p":"602.10000000","q":"0.00900000","s":"BNBUSDT","t":1041896760,"T":1745777446491,"e":"trade","E":1745777446492,"m":true,"M":true}
Received trade message: {"p":"602.10000000","q":"0.00900000","s":"BNBUSDT","t":1041896760,"T":1745777446491,"e":"trade","E":1745777446492,"m":true,"M":true}
Received message: {"p":"602.10000000","q":"0.00900000","s":"BNBUSDT","t":1041896761,"T":1745777446491,"e":"trade","E":1745777446492,"m":true,"M":true}
Received trade message: {"p":"602.10000000","q":"0.00900000","s":"BNBUSDT","t":1041896761,"T":1745777446491,"e":"trade","E":1745777446492,"m":true,"M":true}
Received message: {"p":"602.10000000","q":"0.00900000","s":"BNBUSDT","t":1041896762,"T":1745777446491,"e":"trade","E":1745777446492,"m":true,"M":true}
Received trade message: {"p":"602.10000000","q":"0.00900000","s":"BNBUSDT","t":1041896762,"T":1745777446491,"e":"trade","E":1745777446492,"m":true,"M":true}
Received message: {"p":"602.10000000","q":"0.00900000","s":"BNBUSDT","t":1041896763,"T":1745777446491,"e":"trade","E":1745777446492,"m":true,"M":true}
Received trade message: {"p":"602.10000000","q":"0.00900000","s":"BNBUSDT","t":1041896763,"T":1745777446491,"e":"trade","E":1745777446492,"m":true,"M":true}
Received message: {"p":"602.10000000","q":"0.00900000","s":"BNBUSDT","t":1041896764,"T":1745777446491,"e":"trade","E":1745777446492,"m":true,"M":true}
Received trade message: {"p":"602.10000000","q":"0.00900000","s":"BNBUSDT","t":1041896764,"T":1745777446491,"e":"trade","E":1745777446492,"m":true,"M":true}
Received message: {"p":"602.10000000","q":"0.00900000","s":"BNBUSDT","t":1041896765,"T":1745777446491,"e":"trade","E":1745777446492,"m":true,"M":true}
Received trade message: {"p":"602.10000000","q":"0.00900000","s":"BNBUSDT","t":1041896765,"T":1745777446491,"e":"trade","E":1745777446492,"m":true,"M":true}
Received message: {"p":"602.10000000","q":"0.00900000","s":"BNBUSDT","t":1041896766,"T":1745777446491,"e":"trade","E":1745777446492,"m":true,"M":true}
Received trade message: {"p":"602.10000000","q":"0.00900000","s":"BNBUSDT","t":1041896766,"T":1745777446491,"e":"trade","E":1745777446492,"m":true,"M":true}
Received message: {"p":"602.10000000","q":"0.00900000","s":"BNBUSDT","t":1041896767,"T":1745777446491,"e":"trade","E":1745777446492,"m":true,"M":true}
Received trade message: {"p":"602.10000000","q":"0.00900000","s":"BNBUSDT","t":1041896767,"T":1745777446491,"e":"trade","E":1745777446492,"m":true,"M":true}
Received message: {"p":"602.09000000","q":"0.00900000","s":"BNBUSDT","t":1041896768,"T":1745777446493,"e":"trade","E":1745777446494,"m":true,"M":true}
Received trade message: {"p":"602.09000000","q":"0.00900000","s":"BNBUSDT","t":1041896768,"T":1745777446493,"e":"trade","E":1745777446494,"m":true,"M":true}
Received message: {"p":"602.09000000","q":"0.00900000","s":"BNBUSDT","t":1041896769,"T":1745777446493,"e":"trade","E":1745777446494,"m":true,"M":true}
Received trade message: {"p":"602.09000000","q":"0.00900000","s":"BNBUSDT","t":1041896769,"T":1745777446493,"e":"trade","E":1745777446494,"m":true,"M":true}
Received message: {"p":"602.09000000","q":"0.00900000","s":"BNBUSDT","t":1041896770,"T":1745777446493,"e":"trade","E":1745777446494,"m":true,"M":true}
Received trade message: {"p":"602.09000000","q":"0.00900000","s":"BNBUSDT","t":1041896770,"T":1745777446493,"e":"trade","E":1745777446494,"m":true,"M":true}
Received message: {"p":"602.08000000","q":"0.01000000","s":"BNBUSDT","t":1041896771,"T":1745777446493,"e":"trade","E":1745777446494,"m":true,"M":true}
Received trade message: {"p":"602.08000000","q":"0.01000000","s":"BNBUSDT","t":1041896771,"T":1745777446493,"e":"trade","E":1745777446494,"m":true,"M":true}
Received message: {"p":"602.08000000","q":"0.00900000","s":"BNBUSDT","t":1041896772,"T":1745777446493,"e":"trade","E":1745777446494,"m":true,"M":true}
Received trade message: {"p":"602.08000000","q":"0.00900000","s":"BNBUSDT","t":1041896772,"T":1745777446493,"e":"trade","E":1745777446494,"m":true,"M":true}
Received message: {"p":"602.07000000","q":"0.00900000","s":"BNBUSDT","t":1041896773,"T":1745777446493,"e":"trade","E":1745777446494,"m":true,"M":true}
Received trade message: {"p":"602.07000000","q":"0.00900000","s":"BNBUSDT","t":1041896773,"T":1745777446493,"e":"trade","E":1745777446494,"m":true,"M":true}
Received message: {"p":"602.06000000","q":"0.00900000","s":"BNBUSDT","t":1041896774,"T":1745777446493,"e":"trade","E":1745777446494,"m":true,"M":true}
Received trade message: {"p":"602.06000000","q":"0.00900000","s":"BNBUSDT","t":1041896774,"T":1745777446493,"e":"trade","E":1745777446494,"m":true,"M":true}
Received message: {"p":"602.06000000","q":"0.00900000","s":"BNBUSDT","t":1041896775,"T":1745777446493,"e":"trade","E":1745777446494,"m":true,"M":true}
Received trade message: {"p":"602.06000000","q":"0.00900000","s":"BNBUSDT","t":1041896775,"T":1745777446493,"e":"trade","E":1745777446494,"m":true,"M":true}
Received message: {"p":"602.04000000","q":"0.00900000","s":"BNBUSDT","t":1041896776,"T":1745777446493,"e":"trade","E":1745777446494,"m":true,"M":true}
Received trade message: {"p":"602.04000000","q":"0.00900000","s":"BNBUSDT","t":1041896776,"T":1745777446493,"e":"trade","E":1745777446494,"m":true,"M":true}
Received message: {"p":"602.03000000","q":"0.01500000","s":"BNBUSDT","t":1041896777,"T":1745777446493,"e":"trade","E":1745777446494,"m":true,"M":true}
Received trade message: {"p":"602.03000000","q":"0.01500000","s":"BNBUSDT","t":1041896777,"T":1745777446493,"e":"trade","E":1745777446494,"m":true,"M":true}
Received message: {"p":"602.02000000","q":"0.00900000","s":"BNBUSDT","t":1041896778,"T":1745777446493,"e":"trade","E":1745777446494,"m":true,"M":true}
Received trade message: {"p":"602.02000000","q":"0.00900000","s":"BNBUSDT","t":1041896778,"T":1745777446493,"e":"trade","E":1745777446494,"m":true,"M":true}
Received message: {"p":"602.02000000","q":"0.01700000","s":"BNBUSDT","t":1041896779,"T":1745777446493,"e":"trade","E":1745777446494,"m":true,"M":true}
Received trade message: {"p":"602.02000000","q":"0.01700000","s":"BNBUSDT","t":1041896779,"T":1745777446493,"e":"trade","E":1745777446494,"m":true,"M":true}
Received message: {"p":"602.00000000","q":"0.01800000","s":"BNBUSDT","t":1041896780,"T":1745777446768,"e":"trade","E":1745777446768,"m":true,"M":true}
Received trade message: {"p":"602.00000000","q":"0.01800000","s":"BNBUSDT","t":1041896780,"T":1745777446768,"e":"trade","E":1745777446768,"m":true,"M":true}
Received message: {"p":"602.00000000","q":"0.01100000","s":"BNBUSDT","t":1041896781,"T":1745777446768,"e":"trade","E":1745777446768,"m":true,"M":true}
Received trade message: {"p":"602.00000000","q":"0.01100000","s":"BNBUSDT","t":1041896781,"T":1745777446768,"e":"trade","E":1745777446768,"m":true,"M":true}
Received message: {"p":"602.00000000","q":"0.01400000","s":"BNBUSDT","t":1041896782,"T":1745777446768,"e":"trade","E":1745777446768,"m":true,"M":true}
Received trade message: {"p":"602.00000000","q":"0.01400000","s":"BNBUSDT","t":1041896782,"T":1745777446768,"e":"trade","E":1745777446768,"m":true,"M":true}
Received message: {"a":[["94095.24000000","4.17472000"],["94103.36000000","0.00106000"],["94108.41000000","0.00000000"],["94109.20000000","0.00000000"],["94109.65000000","1.00000000"],["94112.47000000","0.00000000"],["94113.51000000","0.00000000"],["94123.16000000","0.00000000"],["94123.43000000","1.93698000"],["94124.06000000","2.00000000"],["94124.34000000","1.60193000"],["94126.99000000","1.13390000"],["94129.70000000","0.00000000"],["94131.78000000","0.00000000"],["95506.67000000","0.00000000"]],"b":[["94095.23000000","1.42556000"],["94093.86000000","0.70126000"],["94092.66000000","0.00000000"],["94089.59000000","0.00000000"],["94087.00000000","0.04256000"],["94084.54000000","0.00106000"],["94065.68000000","1.64853000"],["94059.72000000","0.15900000"],["94058.56000000","0.00000000"],["94056.51000000","0.00000000"],["94000.00000000","0.31122000"],["92683.80000000","0.00116000"],["92579.30000000","0.00000000"],["92485.21000000","0.00000000"],["92391.13000000","0.00000000"],["92297.04000000","0.00000000"],["92202.96000000","0.00000000"],["84685.00000000","0.00000000"],["75276.19000000","0.00052000"],["75231.99000000","0.00000000"],["42000.00000000","3.70683000"],["33000.00000000","2.70601000"]],"s":"BTCUSDT","e":"depthUpdate","E":1745777447015,"U":67663547279,"u":67663547340}
Received message: {"a":[["94095.24000000","4.17472000"],["94103.36000000","0.00106000"],["94108.41000000","0.00000000"],["94109.20000000","0.00000000"],["94109.65000000","1.00000000"],["94112.47000000","0.00000000"],["94113.51000000","0.00000000"],["94123.16000000","0.00000000"],["94123.43000000","1.93698000"],["94124.06000000","2.00000000"],["94124.34000000","1.60193000"],["94126.99000000","1.13390000"],["94129.70000000","0.00000000"],["94131.78000000","0.00000000"],["95506.67000000","0.00000000"]],"b":[["94095.23000000","1.42556000"],["94093.86000000","0.70126000"],["94092.66000000","0.00000000"],["94089.59000000","0.00000000"],["94087.00000000","0.04256000"],["94084.54000000","0.00106000"],["94065.68000000","1.64853000"],["94059.72000000","0.15900000"],["94058.56000000","0.00000000"],["94056.51000000","0.00000000"],["94000.00000000","0.31122000"],["92683.80000000","0.00116000"],["92579.30000000","0.00000000"],["92485.21000000","0.00000000"],["92391.13000000","0.00000000"],["92297.04000000","0.00000000"],["92202.96000000","0.00000000"],["84685.00000000","0.00000000"],["75276.19000000","0.00052000"],["75231.99000000","0.00000000"],["42000.00000000","3.70683000"],["33000.00000000","2.70601000"]],"s":"BTCUSDT","e":"depthUpdate","E":1745777447015,"U":67663547279,"u":67663547340}
Received message: {"p":"94095.24000000","a":3551019314,"q":"0.02657000","s":"BTCUSDT","T":1745777447076,"e":"aggTrade","E":1745777447076,"f":4855242643,"l":4855242643,"m":false,"M":true}
Received message: {"p":"94095.24000000","a":3551019314,"q":"0.02657000","s":"BTCUSDT","T":1745777447076,"e":"aggTrade","E":1745777447076,"f":4855242643,"l":4855242643,"m":false,"M":true}
Received message: {"p":"94095.24000000","a":3551019315,"q":"0.00011000","s":"BTCUSDT","T":1745777447160,"e":"aggTrade","E":1745777447160,"f":4855242644,"l":4855242644,"m":false,"M":true}
Received message: {"p":"94095.24000000","a":3551019315,"q":"0.00011000","s":"BTCUSDT","T":1745777447160,"e":"aggTrade","E":1745777447160,"f":4855242644,"l":4855242644,"m":false,"M":true}
Received message: {"p":"602.01000000","q":"2.77400000","s":"BNBUSDT","t":1041896783,"T":1745777447477,"e":"trade","E":1745777447478,"m":false,"M":true}
Received trade message: {"p":"602.01000000","q":"2.77400000","s":"BNBUSDT","t":1041896783,"T":1745777447477,"e":"trade","E":1745777447478,"m":false,"M":true}
Received message: {"p":"602.01000000","q":"0.74800000","s":"BNBUSDT","t":1041896784,"T":1745777447480,"e":"trade","E":1745777447481,"m":false,"M":true}
Received trade message: {"p":"602.01000000","q":"0.74800000","s":"BNBUSDT","t":1041896784,"T":1745777447480,"e":"trade","E":1745777447481,"m":false,"M":true}
Received message: {"p":"602.01000000","q":"0.99800000","s":"BNBUSDT","t":1041896785,"T":1745777447480,"e":"trade","E":1745777447481,"m":false,"M":true}
Received trade message: {"p":"602.01000000","q":"0.99800000","s":"BNBUSDT","t":1041896785,"T":1745777447480,"e":"trade","E":1745777447481,"m":false,"M":true}
Received message: {"p":"602.01000000","q":"0.31200000","s":"BNBUSDT","t":1041896786,"T":1745777447480,"e":"trade","E":1745777447481,"m":false,"M":true}
Received trade message: {"p":"602.01000000","q":"0.31200000","s":"BNBUSDT","t":1041896786,"T":1745777447480,"e":"trade","E":1745777447481,"m":false,"M":true}
Received message: {"p":"602.01000000","q":"1.97100000","s":"BNBUSDT","t":1041896787,"T":1745777447480,"e":"trade","E":1745777447482,"m":false,"M":true}
Received trade message: {"p":"602.01000000","q":"1.97100000","s":"BNBUSDT","t":1041896787,"T":1745777447480,"e":"trade","E":1745777447482,"m":false,"M":true}
Received message: {"p":"602.01000000","q":"1.25700000","s":"BNBUSDT","t":1041896788,"T":1745777447482,"e":"trade","E":1745777447485,"m":false,"M":true}
Received message: {"p":"94095.24000000","a":3551019316,"q":"0.03253000","s":"BTCUSDT","T":1745777447495,"e":"aggTrade","E":1745777447502,"f":4855242645,"l":4855242676,"m":false,"M":true}
Received trade message: {"p":"602.01000000","q":"1.25700000","s":"BNBUSDT","t":1041896788,"T":1745777447482,"e":"trade","E":1745777447485,"m":false,"M":true}
Received message: {"p":"94095.24000000","a":3551019316,"q":"0.03253000","s":"BTCUSDT","T":1745777447495,"e":"aggTrade","E":1745777447502,"f":4855242645,"l":4855242676,"m":false,"M":true}
Received message: {"p":"602.00000000","q":"0.12100000","s":"BNBUSDT","t":1041896789,"T":1745777447483,"e":"trade","E":1745777447486,"m":true,"M":true}
Received trade message: {"p":"602.00000000","q":"0.12100000","s":"BNBUSDT","t":1041896789,"T":1745777447483,"e":"trade","E":1745777447486,"m":true,"M":true}
Received message: {"p":"602.00000000","q":"1.00000000","s":"BNBUSDT","t":1041896790,"T":1745777447483,"e":"trade","E":1745777447486,"m":true,"M":true}
Received trade message: {"p":"602.00000000","q":"1.00000000","s":"BNBUSDT","t":1041896790,"T":1745777447483,"e":"trade","E":1745777447486,"m":true,"M":true}
Received message: {"p":"602.00000000","q":"0.00900000","s":"BNBUSDT","t":1041896791,"T":1745777447483,"e":"trade","E":1745777447486,"m":true,"M":true}
Received trade message: {"p":"602.00000000","q":"0.00900000","s":"BNBUSDT","t":1041896791,"T":1745777447483,"e":"trade","E":1745777447486,"m":true,"M":true}
Received message: {"p":"602.00000000","q":"0.00900000","s":"BNBUSDT","t":1041896792,"T":1745777447483,"e":"trade","E":1745777447486,"m":true,"M":true}
Received trade message: {"p":"602.00000000","q":"0.00900000","s":"BNBUSDT","t":1041896792,"T":1745777447483,"e":"trade","E":1745777447486,"m":true,"M":true}
Received message: {"p":"602.00000000","q":"1.72900000","s":"BNBUSDT","t":1041896793,"T":1745777447483,"e":"trade","E":1745777447486,"m":true,"M":true}
Received trade message: {"p":"602.00000000","q":"1.72900000","s":"BNBUSDT","t":1041896793,"T":1745777447483,"e":"trade","E":1745777447486,"m":true,"M":true}
Received message: {"p":"602.00000000","q":"1.08400000","s":"BNBUSDT","t":1041896794,"T":1745777447483,"e":"trade","E":1745777447486,"m":true,"M":true}
Received trade message: {"p":"602.00000000","q":"1.08400000","s":"BNBUSDT","t":1041896794,"T":1745777447483,"e":"trade","E":1745777447486,"m":true,"M":true}
Received message: {"p":"602.01000000","q":"1.25200000","s":"BNBUSDT","t":1041896795,"T":1745777447483,"e":"trade","E":1745777447487,"m":false,"M":true}
Received trade message: {"p":"602.01000000","q":"1.25200000","s":"BNBUSDT","t":1041896795,"T":1745777447483,"e":"trade","E":1745777447487,"m":false,"M":true}
Received message: {"p":"602.01000000","q":"0.47700000","s":"BNBUSDT","t":1041896796,"T":1745777447483,"e":"trade","E":1745777447487,"m":false,"M":true}
Received trade message: {"p":"602.01000000","q":"0.47700000","s":"BNBUSDT","t":1041896796,"T":1745777447483,"e":"trade","E":1745777447487,"m":false,"M":true}
Received message: {"p":"602.01000000","q":"0.15600000","s":"BNBUSDT","t":1041896797,"T":1745777447484,"e":"trade","E":1745777447488,"m":false,"M":true}
Received trade message: {"p":"602.01000000","q":"0.15600000","s":"BNBUSDT","t":1041896797,"T":1745777447484,"e":"trade","E":1745777447488,"m":false,"M":true}
Received message: {"p":"602.01000000","q":"0.00900000","s":"BNBUSDT","t":1041896798,"T":1745777447484,"e":"trade","E":1745777447488,"m":false,"M":true}
Received trade message: {"p":"602.01000000","q":"0.00900000","s":"BNBUSDT","t":1041896798,"T":1745777447484,"e":"trade","E":1745777447488,"m":false,"M":true}
Received message: {"p":"602.01000000","q":"0.02300000","s":"BNBUSDT","t":1041896799,"T":1745777447484,"e":"trade","E":1745777447488,"m":false,"M":true}
Received trade message: {"p":"602.01000000","q":"0.02300000","s":"BNBUSDT","t":1041896799,"T":1745777447484,"e":"trade","E":1745777447488,"m":false,"M":true}
Received message: {"p":"602.01000000","q":"0.00900000","s":"BNBUSDT","t":1041896800,"T":1745777447484,"e":"trade","E":1745777447488,"m":false,"M":true}
Received trade message: {"p":"602.01000000","q":"0.00900000","s":"BNBUSDT","t":1041896800,"T":1745777447484,"e":"trade","E":1745777447488,"m":false,"M":true}
Received message: {"p":"602.01000000","q":"0.00900000","s":"BNBUSDT","t":1041896801,"T":1745777447484,"e":"trade","E":1745777447488,"m":false,"M":true}
Received trade message: {"p":"602.01000000","q":"0.00900000","s":"BNBUSDT","t":1041896801,"T":1745777447484,"e":"trade","E":1745777447488,"m":false,"M":true}
Received message: {"p":"602.01000000","q":"0.00900000","s":"BNBUSDT","t":1041896802,"T":1745777447484,"e":"trade","E":1745777447488,"m":false,"M":true}
Received trade message: {"p":"602.01000000","q":"0.00900000","s":"BNBUSDT","t":1041896802,"T":1745777447484,"e":"trade","E":1745777447488,"m":false,"M":true}
Received message: {"p":"602.01000000","q":"0.00900000","s":"BNBUSDT","t":1041896803,"T":1745777447484,"e":"trade","E":1745777447488,"m":false,"M":true}
Received trade message: {"p":"602.01000000","q":"0.00900000","s":"BNBUSDT","t":1041896803,"T":1745777447484,"e":"trade","E":1745777447488,"m":false,"M":true}
Received message: {"p":"602.01000000","q":"0.00900000","s":"BNBUSDT","t":1041896804,"T":1745777447484,"e":"trade","E":1745777447488,"m":false,"M":true}
Received trade message: {"p":"602.01000000","q":"0.00900000","s":"BNBUSDT","t":1041896804,"T":1745777447484,"e":"trade","E":1745777447488,"m":false,"M":true}
Received message: {"p":"602.01000000","q":"1.49900000","s":"BNBUSDT","t":1041896805,"T":1745777447484,"e":"trade","E":1745777447488,"m":false,"M":true}
Received trade message: {"p":"602.01000000","q":"1.49900000","s":"BNBUSDT","t":1041896805,"T":1745777447484,"e":"trade","E":1745777447488,"m":false,"M":true}
Received message: {"p":"602.01000000","q":"0.00900000","s":"BNBUSDT","t":1041896806,"T":1745777447484,"e":"trade","E":1745777447488,"m":false,"M":true}
Received trade message: {"p":"602.01000000","q":"0.00900000","s":"BNBUSDT","t":1041896806,"T":1745777447484,"e":"trade","E":1745777447488,"m":false,"M":true}
Received message: {"p":"602.01000000","q":"0.05700000","s":"BNBUSDT","t":1041896807,"T":1745777447484,"e":"trade","E":1745777447488,"m":false,"M":true}
Received trade message: {"p":"602.01000000","q":"0.05700000","s":"BNBUSDT","t":1041896807,"T":1745777447484,"e":"trade","E":1745777447488,"m":false,"M":true}
Received message: {"p":"602.01000000","q":"0.00900000","s":"BNBUSDT","t":1041896808,"T":1745777447484,"e":"trade","E":1745777447488,"m":false,"M":true}
Received trade message: {"p":"602.01000000","q":"0.00900000","s":"BNBUSDT","t":1041896808,"T":1745777447484,"e":"trade","E":1745777447488,"m":false,"M":true}
Received message: {"p":"602.01000000","q":"0.00900000","s":"BNBUSDT","t":1041896809,"T":1745777447484,"e":"trade","E":1745777447488,"m":false,"M":true}
Received trade message: {"p":"602.01000000","q":"0.00900000","s":"BNBUSDT","t":1041896809,"T":1745777447484,"e":"trade","E":1745777447488,"m":false,"M":true}
Received message: {"p":"602.01000000","q":"0.00900000","s":"BNBUSDT","t":1041896810,"T":1745777447484,"e":"trade","E":1745777447488,"m":false,"M":true}
Received trade message: {"p":"602.01000000","q":"0.00900000","s":"BNBUSDT","t":1041896810,"T":1745777447484,"e":"trade","E":1745777447488,"m":false,"M":true}
Received message: {"p":"602.01000000","q":"0.00900000","s":"BNBUSDT","t":1041896811,"T":1745777447484,"e":"trade","E":1745777447488,"m":false,"M":true}
Received trade message: {"p":"602.01000000","q":"0.00900000","s":"BNBUSDT","t":1041896811,"T":1745777447484,"e":"trade","E":1745777447488,"m":false,"M":true}
Received message: {"p":"602.01000000","q":"0.00900000","s":"BNBUSDT","t":1041896812,"T":1745777447484,"e":"trade","E":1745777447488,"m":false,"M":true}
Received trade message: {"p":"602.01000000","q":"0.00900000","s":"BNBUSDT","t":1041896812,"T":1745777447484,"e":"trade","E":1745777447488,"m":false,"M":true}
Received message: {"p":"602.01000000","q":"0.00900000","s":"BNBUSDT","t":1041896813,"T":1745777447484,"e":"trade","E":1745777447488,"m":false,"M":true}
Received trade message: {"p":"602.01000000","q":"0.00900000","s":"BNBUSDT","t":1041896813,"T":1745777447484,"e":"trade","E":1745777447488,"m":false,"M":true}
Received message: {"p":"602.01000000","q":"0.00900000","s":"BNBUSDT","t":1041896814,"T":1745777447484,"e":"trade","E":1745777447488,"m":false,"M":true}
Received trade message: {"p":"602.01000000","q":"0.00900000","s":"BNBUSDT","t":1041896814,"T":1745777447484,"e":"trade","E":1745777447488,"m":false,"M":true}
Received message: {"p":"94095.24000000","a":3551019317,"q":"0.00010000","s":"BTCUSDT","T":1745777447532,"e":"aggTrade","E":1745777447533,"f":4855242677,"l":4855242677,"m":false,"M":true}
Received message: {"p":"94095.24000000","a":3551019317,"q":"0.00010000","s":"BTCUSDT","T":1745777447532,"e":"aggTrade","E":1745777447533,"f":4855242677,"l":4855242677,"m":false,"M":true}
Received message: {"p":"94095.24000000","a":3551019318,"q":"0.09717000","s":"BTCUSDT","T":1745777447533,"e":"aggTrade","E":1745777447534,"f":4855242678,"l":4855242717,"m":false,"M":true}
Received message: {"p":"94095.24000000","a":3551019318,"q":"0.09717000","s":"BTCUSDT","T":1745777447533,"e":"aggTrade","E":1745777447534,"f":4855242678,"l":4855242717,"m":false,"M":true}
Received message: {"p":"94095.25000000","a":3551019319,"q":"0.00975000","s":"BTCUSDT","T":1745777447533,"e":"aggTrade","E":1745777447534,"f":4855242718,"l":4855242738,"m":false,"M":true}
Received message: {"p":"94095.25000000","a":3551019319,"q":"0.00975000","s":"BTCUSDT","T":1745777447533,"e":"aggTrade","E":1745777447534,"f":4855242718,"l":4855242738,"m":false,"M":true}
Received message: {"p":"94095.27000000","a":3551019320,"q":"0.00030000","s":"BTCUSDT","T":1745777447533,"e":"aggTrade","E":1745777447534,"f":4855242739,"l":4855242742,"m":false,"M":true}
Received message: {"p":"94095.27000000","a":3551019320,"q":"0.00030000","s":"BTCUSDT","T":1745777447533,"e":"aggTrade","E":1745777447534,"f":4855242739,"l":4855242742,"m":false,"M":true}
Received message: {"p":"94095.30000000","a":3551019321,"q":"0.00006000","s":"BTCUSDT","T":1745777447533,"e":"aggTrade","E":1745777447534,"f":4855242743,"l":4855242743,"m":false,"M":true}
Received message: {"p":"94095.30000000","a":3551019321,"q":"0.00006000","s":"BTCUSDT","T":1745777447533,"e":"aggTrade","E":1745777447534,"f":4855242743,"l":4855242743,"m":false,"M":true}
Received message: {"p":"94095.38000000","a":3551019322,"q":"0.00006000","s":"BTCUSDT","T":1745777447533,"e":"aggTrade","E":1745777447534,"f":4855242744,"l":4855242744,"m":false,"M":true}
Received message: {"p":"94095.38000000","a":3551019322,"q":"0.00006000","s":"BTCUSDT","T":1745777447533,"e":"aggTrade","E":1745777447534,"f":4855242744,"l":4855242744,"m":false,"M":true}
Received message: {"p":"94095.42000000","a":3551019323,"q":"0.00013000","s":"BTCUSDT","T":1745777447533,"e":"aggTrade","E":1745777447534,"f":4855242745,"l":4855242746,"m":false,"M":true}
Received message: {"p":"94095.42000000","a":3551019323,"q":"0.00013000","s":"BTCUSDT","T":1745777447533,"e":"aggTrade","E":1745777447534,"f":4855242745,"l":4855242746,"m":false,"M":true}
Received message: {"p":"94095.49000000","a":3551019324,"q":"0.00085000","s":"BTCUSDT","T":1745777447533,"e":"aggTrade","E":1745777447534,"f":4855242747,"l":4855242748,"m":false,"M":true}
Received message: {"p":"94095.49000000","a":3551019324,"q":"0.00085000","s":"BTCUSDT","T":1745777447533,"e":"aggTrade","E":1745777447534,"f":4855242747,"l":4855242748,"m":false,"M":true}
Received message: {"p":"94095.50000000","a":3551019325,"q":"0.00006000","s":"BTCUSDT","T":1745777447533,"e":"aggTrade","E":1745777447534,"f":4855242749,"l":4855242749,"m":false,"M":true}
Received message: {"p":"94095.50000000","a":3551019325,"q":"0.00006000","s":"BTCUSDT","T":1745777447533,"e":"aggTrade","E":1745777447534,"f":4855242749,"l":4855242749,"m":false,"M":true}
Received message: {"p":"94096.00000000","a":3551019326,"q":"0.00210000","s":"BTCUSDT","T":1745777447533,"e":"aggTrade","E":1745777447534,"f":4855242750,"l":4855242751,"m":false,"M":true}
Received message: {"p":"94096.00000000","a":3551019326,"q":"0.00210000","s":"BTCUSDT","T":1745777447533,"e":"aggTrade","E":1745777447534,"f":4855242750,"l":4855242751,"m":false,"M":true}
Received message: {"p":"94097.04000000","a":3551019327,"q":"0.00007000","s":"BTCUSDT","T":1745777447533,"e":"aggTrade","E":1745777447534,"f":4855242752,"l":4855242752,"m":false,"M":true}
Received message: {"p":"94097.04000000","a":3551019327,"q":"0.00007000","s":"BTCUSDT","T":1745777447533,"e":"aggTrade","E":1745777447534,"f":4855242752,"l":4855242752,"m":false,"M":true}
Received message: {"p":"94097.47000000","a":3551019328,"q":"0.00012000","s":"BTCUSDT","T":1745777447533,"e":"aggTrade","E":1745777447534,"f":4855242753,"l":4855242753,"m":false,"M":true}
Received message: {"p":"94097.47000000","a":3551019328,"q":"0.00012000","s":"BTCUSDT","T":1745777447533,"e":"aggTrade","E":1745777447534,"f":4855242753,"l":4855242753,"m":false,"M":true}
Received message: {"p":"94097.69000000","a":3551019329,"q":"0.00038000","s":"BTCUSDT","T":1745777447533,"e":"aggTrade","E":1745777447534,"f":4855242754,"l":4855242754,"m":false,"M":true}
Received message: {"p":"94097.69000000","a":3551019329,"q":"0.00038000","s":"BTCUSDT","T":1745777447533,"e":"aggTrade","E":1745777447534,"f":4855242754,"l":4855242754,"m":false,"M":true}
Received message: {"p":"94097.92000000","a":3551019330,"q":"0.00006000","s":"BTCUSDT","T":1745777447533,"e":"aggTrade","E":1745777447534,"f":4855242755,"l":4855242755,"m":false,"M":true}
Received message: {"p":"94097.92000000","a":3551019330,"q":"0.00006000","s":"BTCUSDT","T":1745777447533,"e":"aggTrade","E":1745777447534,"f":4855242755,"l":4855242755,"m":false,"M":true}
Received message: {"p":"94099.45000000","a":3551019331,"q":"0.00008000","s":"BTCUSDT","T":1745777447533,"e":"aggTrade","E":1745777447534,"f":4855242756,"l":4855242756,"m":false,"M":true}
Received message: {"p":"94099.45000000","a":3551019331,"q":"0.00008000","s":"BTCUSDT","T":1745777447533,"e":"aggTrade","E":1745777447534,"f":4855242756,"l":4855242756,"m":false,"M":true}
Received message: {"p":"94099.94000000","a":3551019332,"q":"0.00526000","s":"BTCUSDT","T":1745777447533,"e":"aggTrade","E":1745777447534,"f":4855242757,"l":4855242757,"m":false,"M":true}
Received message: {"p":"94099.94000000","a":3551019332,"q":"0.00526000","s":"BTCUSDT","T":1745777447533,"e":"aggTrade","E":1745777447534,"f":4855242757,"l":4855242757,"m":false,"M":true}
Received message: {"p":"94099.95000000","a":3551019333,"q":"0.00044000","s":"BTCUSDT","T":1745777447533,"e":"aggTrade","E":1745777447534,"f":4855242758,"l":4855242758,"m":false,"M":true}
Received message: {"p":"94099.95000000","a":3551019333,"q":"0.00044000","s":"BTCUSDT","T":1745777447533,"e":"aggTrade","E":1745777447534,"f":4855242758,"l":4855242758,"m":false,"M":true}
Received message: {"p":"94099.99000000","a":3551019334,"q":"0.00041000","s":"BTCUSDT","T":1745777447533,"e":"aggTrade","E":1745777447534,"f":4855242759,"l":4855242763,"m":false,"M":true}
Received message: {"p":"94099.99000000","a":3551019334,"q":"0.00041000","s":"BTCUSDT","T":1745777447533,"e":"aggTrade","E":1745777447534,"f":4855242759,"l":4855242763,"m":false,"M":true}
Received message: {"p":"94099.99000000","a":3551019335,"q":"0.00306000","s":"BTCUSDT","T":1745777447568,"e":"aggTrade","E":1745777447569,"f":4855242764,"l":4855242764,"m":true,"M":true}
Received message: {"p":"94099.99000000","a":3551019335,"q":"0.00306000","s":"BTCUSDT","T":1745777447568,"e":"aggTrade","E":1745777447569,"f":4855242764,"l":4855242764,"m":true,"M":true}
Received message: {"p":"94100.00000000","a":3551019336,"q":"0.18197000","s":"BTCUSDT","T":1745777447616,"e":"aggTrade","E":1745777447617,"f":4855242765,"l":4855242773,"m":false,"M":true}
Received message: {"p":"94100.00000000","a":3551019336,"q":"0.18197000","s":"BTCUSDT","T":1745777447616,"e":"aggTrade","E":1745777447617,"f":4855242765,"l":4855242773,"m":false,"M":true}
Received message: {"p":"94100.00000000","a":3551019337,"q":"0.00110000","s":"BTCUSDT","T":1745777447690,"e":"aggTrade","E":1745777447691,"f":4855242774,"l":4855242774,"m":false,"M":true}
Received message: {"p":"94100.00000000","a":3551019337,"q":"0.00110000","s":"BTCUSDT","T":1745777447690,"e":"aggTrade","E":1745777447691,"f":4855242774,"l":4855242774,"m":false,"M":true}
Received message: {"p":"94100.00000000","a":3551019338,"q":"0.00044000","s":"BTCUSDT","T":1745777447716,"e":"aggTrade","E":1745777447717,"f":4855242775,"l":4855242775,"m":false,"M":true}
Received message: {"p":"94100.00000000","a":3551019338,"q":"0.00044000","s":"BTCUSDT","T":1745777447716,"e":"aggTrade","E":1745777447717,"f":4855242775,"l":4855242775,"m":false,"M":true}
Received message: {"p":"94100.00000000","a":3551019339,"q":"0.43052000","s":"BTCUSDT","T":1745777447874,"e":"aggTrade","E":1745777447874,"f":4855242776,"l":4855242800,"m":false,"M":true}
Received message: {"p":"94100.00000000","a":3551019339,"q":"0.43052000","s":"BTCUSDT","T":1745777447874,"e":"aggTrade","E":1745777447874,"f":4855242776,"l":4855242800,"m":false,"M":true}
Received message: {"p":"94100.01000000","a":3551019340,"q":"0.00174000","s":"BTCUSDT","T":1745777447874,"e":"aggTrade","E":1745777447874,"f":4855242801,"l":4855242829,"m":false,"M":true}
Received message: {"p":"94100.01000000","a":3551019340,"q":"0.00174000","s":"BTCUSDT","T":1745777447874,"e":"aggTrade","E":1745777447874,"f":4855242801,"l":4855242829,"m":false,"M":true}
Received message: {"p":"94100.03000000","a":3551019341,"q":"0.00029000","s":"BTCUSDT","T":1745777447874,"e":"aggTrade","E":1745777447874,"f":4855242830,"l":4855242831,"m":false,"M":true}
Received message: {"p":"94100.03000000","a":3551019341,"q":"0.00029000","s":"BTCUSDT","T":1745777447874,"e":"aggTrade","E":1745777447874,"f":4855242830,"l":4855242831,"m":false,"M":true}
Received message: {"p":"94100.20000000","a":3551019342,"q":"0.00045000","s":"BTCUSDT","T":1745777447874,"e":"aggTrade","E":1745777447874,"f":4855242832,"l":4855242833,"m":false,"M":true}
Received message: {"p":"94100.20000000","a":3551019342,"q":"0.00045000","s":"BTCUSDT","T":1745777447874,"e":"aggTrade","E":1745777447874,"f":4855242832,"l":4855242833,"m":false,"M":true}
Received message: {"p":"94100.44000000","a":3551019343,"q":"0.00012000","s":"BTCUSDT","T":1745777447874,"e":"aggTrade","E":1745777447874,"f":4855242834,"l":4855242835,"m":false,"M":true}
Received message: {"p":"94100.44000000","a":3551019343,"q":"0.00012000","s":"BTCUSDT","T":1745777447874,"e":"aggTrade","E":1745777447874,"f":4855242834,"l":4855242835,"m":false,"M":true}
Received message: {"p":"94101.40000000","a":3551019344,"q":"0.00028000","s":"BTCUSDT","T":1745777447874,"e":"aggTrade","E":1745777447874,"f":4855242836,"l":4855242837,"m":false,"M":true}
Received message: {"p":"94101.40000000","a":3551019344,"q":"0.00028000","s":"BTCUSDT","T":1745777447874,"e":"aggTrade","E":1745777447874,"f":4855242836,"l":4855242837,"m":false,"M":true}
Received message: {"p":"94101.49000000","a":3551019345,"q":"0.00095000","s":"BTCUSDT","T":1745777447874,"e":"aggTrade","E":1745777447874,"f":4855242838,"l":4855242841,"m":false,"M":true}
Received message: {"p":"94101.49000000","a":3551019345,"q":"0.00095000","s":"BTCUSDT","T":1745777447874,"e":"aggTrade","E":1745777447874,"f":4855242838,"l":4855242841,"m":false,"M":true}
Received message: {"p":"94101.50000000","a":3551019346,"q":"0.00013000","s":"BTCUSDT","T":1745777447874,"e":"aggTrade","E":1745777447874,"f":4855242842,"l":4855242843,"m":false,"M":true}
Received message: {"p":"94101.50000000","a":3551019346,"q":"0.00013000","s":"BTCUSDT","T":1745777447874,"e":"aggTrade","E":1745777447874,"f":4855242842,"l":4855242843,"m":false,"M":true}
Received message: {"p":"94101.65000000","a":3551019347,"q":"0.00037000","s":"BTCUSDT","T":1745777447876,"e":"aggTrade","E":1745777447876,"f":4855242844,"l":4855242849,"m":false,"M":true}
Received message: {"p":"94101.65000000","a":3551019347,"q":"0.00037000","s":"BTCUSDT","T":1745777447876,"e":"aggTrade","E":1745777447876,"f":4855242844,"l":4855242849,"m":false,"M":true}
Received message: {"p":"94102.34000000","a":3551019348,"q":"0.00019000","s":"BTCUSDT","T":1745777447876,"e":"aggTrade","E":1745777447876,"f":4855242850,"l":4855242851,"m":false,"M":true}
Received message: {"p":"94102.34000000","a":3551019348,"q":"0.00019000","s":"BTCUSDT","T":1745777447876,"e":"aggTrade","E":1745777447876,"f":4855242850,"l":4855242851,"m":false,"M":true}
Received message: {"p":"94103.36000000","a":3551019349,"q":"0.00106000","s":"BTCUSDT","T":1745777447876,"e":"aggTrade","E":1745777447876,"f":4855242852,"l":4855242852,"m":false,"M":true}
Received message: {"p":"94103.36000000","a":3551019349,"q":"0.00106000","s":"BTCUSDT","T":1745777447876,"e":"aggTrade","E":1745777447876,"f":4855242852,"l":4855242852,"m":false,"M":true}
Received message: {"p":"94104.00000000","a":3551019350,"q":"0.00220000","s":"BTCUSDT","T":1745777447876,"e":"aggTrade","E":1745777447876,"f":4855242853,"l":4855242855,"m":false,"M":true}
Received message: {"p":"94104.00000000","a":3551019350,"q":"0.00220000","s":"BTCUSDT","T":1745777447876,"e":"aggTrade","E":1745777447876,"f":4855242853,"l":4855242855,"m":false,"M":true}
Received message: {"p":"94104.06000000","a":3551019351,"q":"0.00008000","s":"BTCUSDT","T":1745777447876,"e":"aggTrade","E":1745777447876,"f":4855242856,"l":4855242856,"m":false,"M":true}
Received message: {"p":"94104.06000000","a":3551019351,"q":"0.00008000","s":"BTCUSDT","T":1745777447876,"e":"aggTrade","E":1745777447876,"f":4855242856,"l":4855242856,"m":false,"M":true}
Received message: {"p":"94104.07000000","a":3551019352,"q":"0.02817000","s":"BTCUSDT","T":1745777447910,"e":"aggTrade","E":1745777447910,"f":4855242857,"l":4855242872,"m":false,"M":true}
Received message: {"p":"94104.07000000","a":3551019352,"q":"0.02817000","s":"BTCUSDT","T":1745777447910,"e":"aggTrade","E":1745777447910,"f":4855242857,"l":4855242872,"m":false,"M":true}
Received message: {"p":"94104.08000000","a":3551019353,"q":"0.00084000","s":"BTCUSDT","T":1745777447910,"e":"aggTrade","E":1745777447910,"f":4855242873,"l":4855242886,"m":false,"M":true}
Received message: {"p":"94104.08000000","a":3551019353,"q":"0.00084000","s":"BTCUSDT","T":1745777447910,"e":"aggTrade","E":1745777447910,"f":4855242873,"l":4855242886,"m":false,"M":true}
Received message: {"p":"94104.09000000","a":3551019354,"q":"0.00032000","s":"BTCUSDT","T":1745777447910,"e":"aggTrade","E":1745777447910,"f":4855242887,"l":4855242889,"m":false,"M":true}
Received message: {"p":"94104.09000000","a":3551019354,"q":"0.00032000","s":"BTCUSDT","T":1745777447910,"e":"aggTrade","E":1745777447910,"f":4855242887,"l":4855242889,"m":false,"M":true}
Received message: {"p":"94104.10000000","a":3551019355,"q":"0.00149000","s":"BTCUSDT","T":1745777447910,"e":"aggTrade","E":1745777447910,"f":4855242890,"l":4855242890,"m":false,"M":true}
Received message: {"p":"94104.10000000","a":3551019355,"q":"0.00149000","s":"BTCUSDT","T":1745777447910,"e":"aggTrade","E":1745777447910,"f":4855242890,"l":4855242890,"m":false,"M":true}
Received message: {"p":"94104.10000000","a":3551019356,"q":"0.00006000","s":"BTCUSDT","T":1745777447910,"e":"aggTrade","E":1745777447910,"f":4855242891,"l":4855242891,"m":false,"M":true}
Received message: {"p":"94104.10000000","a":3551019356,"q":"0.00006000","s":"BTCUSDT","T":1745777447910,"e":"aggTrade","E":1745777447910,"f":4855242891,"l":4855242891,"m":false,"M":true}
Received message: {"p":"94104.10000000","a":3551019357,"q":"0.00137000","s":"BTCUSDT","T":1745777447911,"e":"aggTrade","E":1745777447912,"f":4855242892,"l":4855242894,"m":false,"M":true}
Received message: {"p":"94104.10000000","a":3551019357,"q":"0.00137000","s":"BTCUSDT","T":1745777447911,"e":"aggTrade","E":1745777447912,"f":4855242892,"l":4855242894,"m":false,"M":true}
Received message: {"p":"94104.31000000","a":3551019358,"q":"0.00020000","s":"BTCUSDT","T":1745777447911,"e":"aggTrade","E":1745777447912,"f":4855242895,"l":4855242897,"m":false,"M":true}
Received message: {"p":"94104.31000000","a":3551019358,"q":"0.00020000","s":"BTCUSDT","T":1745777447911,"e":"aggTrade","E":1745777447912,"f":4855242895,"l":4855242897,"m":false,"M":true}
Received message: {"p":"94104.71000000","a":3551019359,"q":"0.00006000","s":"BTCUSDT","T":1745777447911,"e":"aggTrade","E":1745777447912,"f":4855242898,"l":4855242898,"m":false,"M":true}
Received message: {"p":"94104.71000000","a":3551019359,"q":"0.00006000","s":"BTCUSDT","T":1745777447911,"e":"aggTrade","E":1745777447912,"f":4855242898,"l":4855242898,"m":false,"M":true}
Received message: {"p":"94105.62000000","a":3551019360,"q":"0.00023000","s":"BTCUSDT","T":1745777447911,"e":"aggTrade","E":1745777447912,"f":4855242899,"l":4855242900,"m":false,"M":true}
Received message: {"p":"94105.62000000","a":3551019360,"q":"0.00023000","s":"BTCUSDT","T":1745777447911,"e":"aggTrade","E":1745777447912,"f":4855242899,"l":4855242900,"m":false,"M":true}
Received message: {"p":"94105.63000000","a":3551019361,"q":"0.00012000","s":"BTCUSDT","T":1745777447911,"e":"aggTrade","E":1745777447912,"f":4855242901,"l":4855242902,"m":false,"M":true}
Received message: {"p":"94105.63000000","a":3551019361,"q":"0.00012000","s":"BTCUSDT","T":1745777447911,"e":"aggTrade","E":1745777447912,"f":4855242901,"l":4855242902,"m":false,"M":true}
Received message: {"p":"94106.00000000","a":3551019362,"q":"0.00007000","s":"BTCUSDT","T":1745777447911,"e":"aggTrade","E":1745777447912,"f":4855242903,"l":4855242903,"m":false,"M":true}
Received message: {"p":"94106.00000000","a":3551019362,"q":"0.00007000","s":"BTCUSDT","T":1745777447911,"e":"aggTrade","E":1745777447912,"f":4855242903,"l":4855242903,"m":false,"M":true}
Received message: {"p":"94106.70000000","a":3551019363,"q":"0.00011000","s":"BTCUSDT","T":1745777447911,"e":"aggTrade","E":1745777447912,"f":4855242904,"l":4855242904,"m":false,"M":true}
Received message: {"p":"94106.70000000","a":3551019363,"q":"0.00011000","s":"BTCUSDT","T":1745777447911,"e":"aggTrade","E":1745777447912,"f":4855242904,"l":4855242904,"m":false,"M":true}
Received message: {"p":"94106.71000000","a":3551019364,"q":"0.00007000","s":"BTCUSDT","T":1745777447911,"e":"aggTrade","E":1745777447912,"f":4855242905,"l":4855242905,"m":false,"M":true}
Received message: {"p":"94106.71000000","a":3551019364,"q":"0.00007000","s":"BTCUSDT","T":1745777447911,"e":"aggTrade","E":1745777447912,"f":4855242905,"l":4855242905,"m":false,"M":true}
Received message: {"p":"94106.72000000","a":3551019365,"q":"0.00012000","s":"BTCUSDT","T":1745777447911,"e":"aggTrade","E":1745777447912,"f":4855242906,"l":4855242906,"m":false,"M":true}
Received message: {"p":"94106.72000000","a":3551019365,"q":"0.00012000","s":"BTCUSDT","T":1745777447911,"e":"aggTrade","E":1745777447912,"f":4855242906,"l":4855242906,"m":false,"M":true}
Received message: {"p":"94106.89000000","a":3551019366,"q":"0.00010000","s":"BTCUSDT","T":1745777447911,"e":"aggTrade","E":1745777447912,"f":4855242907,"l":4855242907,"m":false,"M":true}
Received message: {"p":"94106.89000000","a":3551019366,"q":"0.00010000","s":"BTCUSDT","T":1745777447911,"e":"aggTrade","E":1745777447912,"f":4855242907,"l":4855242907,"m":false,"M":true}
Received message: {"p":"94106.98000000","a":3551019367,"q":"0.00011000","s":"BTCUSDT","T":1745777447911,"e":"aggTrade","E":1745777447912,"f":4855242908,"l":4855242908,"m":false,"M":true}
Received message: {"p":"94106.98000000","a":3551019367,"q":"0.00011000","s":"BTCUSDT","T":1745777447911,"e":"aggTrade","E":1745777447912,"f":4855242908,"l":4855242908,"m":false,"M":true}
Received message: {"p":"94107.05000000","a":3551019368,"q":"0.00012000","s":"BTCUSDT","T":1745777447911,"e":"aggTrade","E":1745777447912,"f":4855242909,"l":4855242909,"m":false,"M":true}
Received message: {"p":"94107.05000000","a":3551019368,"q":"0.00012000","s":"BTCUSDT","T":1745777447911,"e":"aggTrade","E":1745777447912,"f":4855242909,"l":4855242909,"m":false,"M":true}
Received message: {"p":"94108.00000000","a":3551019369,"q":"0.00220000","s":"BTCUSDT","T":1745777447911,"e":"aggTrade","E":1745777447912,"f":4855242910,"l":4855242912,"m":false,"M":true}
Received message: {"p":"94108.00000000","a":3551019369,"q":"0.00220000","s":"BTCUSDT","T":1745777447911,"e":"aggTrade","E":1745777447912,"f":4855242910,"l":4855242912,"m":false,"M":true}
Received message: {"p":"94108.73000000","a":3551019370,"q":"0.00010000","s":"BTCUSDT","T":1745777447911,"e":"aggTrade","E":1745777447912,"f":4855242913,"l":4855242913,"m":false,"M":true}
Received message: {"p":"94108.73000000","a":3551019370,"q":"0.00010000","s":"BTCUSDT","T":1745777447911,"e":"aggTrade","E":1745777447912,"f":4855242913,"l":4855242913,"m":false,"M":true}
Received message: {"p":"94109.35000000","a":3551019371,"q":"0.00011000","s":"BTCUSDT","T":1745777447911,"e":"aggTrade","E":1745777447912,"f":4855242914,"l":4855242914,"m":false,"M":true}
Received message: {"p":"94109.35000000","a":3551019371,"q":"0.00011000","s":"BTCUSDT","T":1745777447911,"e":"aggTrade","E":1745777447912,"f":4855242914,"l":4855242914,"m":false,"M":true}
Received message: {"p":"94109.49000000","a":3551019372,"q":"0.00006000","s":"BTCUSDT","T":1745777447911,"e":"aggTrade","E":1745777447912,"f":4855242915,"l":4855242915,"m":false,"M":true}
Received message: {"p":"94109.49000000","a":3551019372,"q":"0.00006000","s":"BTCUSDT","T":1745777447911,"e":"aggTrade","E":1745777447912,"f":4855242915,"l":4855242915,"m":false,"M":true}
Received message: {"p":"94109.80000000","a":3551019373,"q":"0.00011000","s":"BTCUSDT","T":1745777447911,"e":"aggTrade","E":1745777447912,"f":4855242916,"l":4855242916,"m":false,"M":true}
Received message: {"p":"94109.80000000","a":3551019373,"q":"0.00011000","s":"BTCUSDT","T":1745777447911,"e":"aggTrade","E":1745777447912,"f":4855242916,"l":4855242916,"m":false,"M":true}
Received message: {"p":"94110.25000000","a":3551019374,"q":"0.00482000","s":"BTCUSDT","T":1745777447929,"e":"aggTrade","E":1745777447930,"f":4855242917,"l":4855242932,"m":false,"M":true}
Received message: {"p":"94110.25000000","a":3551019374,"q":"0.00482000","s":"BTCUSDT","T":1745777447929,"e":"aggTrade","E":1745777447930,"f":4855242917,"l":4855242932,"m":false,"M":true}
Received message: {"p":"94110.26000000","a":3551019375,"q":"0.00144000","s":"BTCUSDT","T":1745777447929,"e":"aggTrade","E":1745777447930,"f":4855242933,"l":4855242956,"m":false,"M":true}
Received message: {"p":"94110.26000000","a":3551019375,"q":"0.00144000","s":"BTCUSDT","T":1745777447929,"e":"aggTrade","E":1745777447930,"f":4855242933,"l":4855242956,"m":false,"M":true}
Received message: {"p":"94110.28000000","a":3551019376,"q":"0.00037000","s":"BTCUSDT","T":1745777447929,"e":"aggTrade","E":1745777447930,"f":4855242957,"l":4855242958,"m":false,"M":true}
Received message: {"p":"94110.28000000","a":3551019376,"q":"0.00037000","s":"BTCUSDT","T":1745777447929,"e":"aggTrade","E":1745777447930,"f":4855242957,"l":4855242958,"m":false,"M":true}
Received message: {"p":"94111.70000000","a":3551019377,"q":"0.00045000","s":"BTCUSDT","T":1745777447929,"e":"aggTrade","E":1745777447930,"f":4855242959,"l":4855242960,"m":false,"M":true}
Received message: {"p":"94111.70000000","a":3551019377,"q":"0.00045000","s":"BTCUSDT","T":1745777447929,"e":"aggTrade","E":1745777447930,"f":4855242959,"l":4855242960,"m":false,"M":true}
Received message: {"p":"94111.76000000","a":3551019378,"q":"0.00017000","s":"BTCUSDT","T":1745777447929,"e":"aggTrade","E":1745777447930,"f":4855242961,"l":4855242962,"m":false,"M":true}
Received message: {"p":"94111.76000000","a":3551019378,"q":"0.00017000","s":"BTCUSDT","T":1745777447929,"e":"aggTrade","E":1745777447930,"f":4855242961,"l":4855242962,"m":false,"M":true}
Received message: {"p":"94111.77000000","a":3551019379,"q":"0.00182000","s":"BTCUSDT","T":1745777447929,"e":"aggTrade","E":1745777447930,"f":4855242963,"l":4855242970,"m":false,"M":true}
Received message: {"p":"94111.77000000","a":3551019379,"q":"0.00182000","s":"BTCUSDT","T":1745777447929,"e":"aggTrade","E":1745777447930,"f":4855242963,"l":4855242970,"m":false,"M":true}
Received message: {"p":"94111.78000000","a":3551019380,"q":"0.00080000","s":"BTCUSDT","T":1745777447931,"e":"aggTrade","E":1745777447932,"f":4855242971,"l":4855242977,"m":false,"M":true}
Received message: {"p":"94111.78000000","a":3551019380,"q":"0.00080000","s":"BTCUSDT","T":1745777447931,"e":"aggTrade","E":1745777447932,"f":4855242971,"l":4855242977,"m":false,"M":true}
Received message: {"p":"94111.84000000","a":3551019381,"q":"0.00306000","s":"BTCUSDT","T":1745777447931,"e":"aggTrade","E":1745777447932,"f":4855242978,"l":4855242979,"m":false,"M":true}
Received message: {"p":"94111.84000000","a":3551019381,"q":"0.00306000","s":"BTCUSDT","T":1745777447931,"e":"aggTrade","E":1745777447932,"f":4855242978,"l":4855242979,"m":false,"M":true}
Received message: {"p":"94112.00000000","a":3551019382,"q":"0.00220000","s":"BTCUSDT","T":1745777447931,"e":"aggTrade","E":1745777447932,"f":4855242980,"l":4855242982,"m":false,"M":true}
Received message: {"p":"94112.00000000","a":3551019382,"q":"0.00220000","s":"BTCUSDT","T":1745777447931,"e":"aggTrade","E":1745777447932,"f":4855242980,"l":4855242982,"m":false,"M":true}
Received message: {"p":"94112.76000000","a":3551019383,"q":"0.00011000","s":"BTCUSDT","T":1745777447931,"e":"aggTrade","E":1745777447932,"f":4855242983,"l":4855242983,"m":false,"M":true}
Received message: {"p":"94112.76000000","a":3551019383,"q":"0.00011000","s":"BTCUSDT","T":1745777447931,"e":"aggTrade","E":1745777447932,"f":4855242983,"l":4855242983,"m":false,"M":true}
Received message: {"p":"94112.77000000","a":3551019384,"q":"0.00008000","s":"BTCUSDT","T":1745777447931,"e":"aggTrade","E":1745777447932,"f":4855242984,"l":4855242984,"m":false,"M":true}
Received message: {"p":"94112.77000000","a":3551019384,"q":"0.00008000","s":"BTCUSDT","T":1745777447931,"e":"aggTrade","E":1745777447932,"f":4855242984,"l":4855242984,"m":false,"M":true}
Received message: {"p":"94112.85000000","a":3551019385,"q":"0.00007000","s":"BTCUSDT","T":1745777447931,"e":"aggTrade","E":1745777447932,"f":4855242985,"l":4855242985,"m":false,"M":true}
Received message: {"p":"94112.85000000","a":3551019385,"q":"0.00007000","s":"BTCUSDT","T":1745777447931,"e":"aggTrade","E":1745777447932,"f":4855242985,"l":4855242985,"m":false,"M":true}
Received message: {"p":"94113.35000000","a":3551019386,"q":"0.00006000","s":"BTCUSDT","T":1745777447931,"e":"aggTrade","E":1745777447932,"f":4855242986,"l":4855242986,"m":false,"M":true}
Received message: {"p":"94113.35000000","a":3551019386,"q":"0.00006000","s":"BTCUSDT","T":1745777447931,"e":"aggTrade","E":1745777447932,"f":4855242986,"l":4855242986,"m":false,"M":true}
Received message: {"p":"94113.51000000","a":3551019387,"q":"0.13649000","s":"BTCUSDT","T":1745777447931,"e":"aggTrade","E":1745777447932,"f":4855242987,"l":4855242987,"m":false,"M":true}
Received message: {"p":"94113.51000000","a":3551019387,"q":"0.13649000","s":"BTCUSDT","T":1745777447931,"e":"aggTrade","E":1745777447932,"f":4855242987,"l":4855242987,"m":false,"M":true}
Received message: {"a":[["94095.24000000","0.00000000"],["94095.25000000","0.00000000"],["94095.27000000","0.00000000"],["94095.30000000","0.00000000"],["94095.38000000","0.00000000"],["94095.42000000","0.00000000"],["94095.49000000","0.00000000"],["94095.50000000","0.00000000"],["94095.85000000","0.00000000"],["94095.99000000","0.00000000"],["94096.00000000","0.00000000"],["94096.04000000","0.00000000"],["94096.05000000","0.00000000"],["94096.06000000","0.00000000"],["94096.79000000","0.00000000"],["94097.04000000","0.00000000"],["94097.14000000","0.00000000"],["94097.47000000","0.00000000"],["94097.50000000","0.00000000"],["94097.61000000","0.00000000"],["94097.69000000","0.00000000"],["94097.92000000","0.00000000"],["94098.18000000","0.00000000"],["94098.40000000","0.00000000"],["94098.65000000","0.00000000"],["94098.67000000","0.00000000"],["94098.72000000","0.00000000"],["94098.73000000","0.00000000"],["94099.45000000","0.00000000"],["94099.46000000","0.00000000"],["94099.47000000","0.00000000"],["94099.48000000","0.00000000"],["94099.87000000","0.00000000"],["94099.94000000","0.00000000"],["94099.95000000","0.00000000"],["94099.98000000","0.00000000"],["94099.99000000","0.00000000"],["94100.00000000","0.00000000"],["94100.01000000","0.00000000"],["94100.03000000","0.00000000"],["94100.20000000","0.00000000"],["94100.44000000","0.00000000"],["94100.47000000","0.00000000"],["94101.00000000","0.00000000"],["94101.37000000","0.00000000"],["94101.38000000","0.00000000"],["94101.40000000","0.00000000"],["94101.49000000","0.00000000"],["94101.50000000","0.00000000"],["94101.65000000","0.00000000"],["94101.77000000","0.00000000"],["94101.96000000","0.00000000"],["94102.15000000","0.00000000"],["94102.34000000","0.00000000"],["94102.35000000","0.00000000"],["94103.09000000","0.00000000"],["94103.12000000","0.00000000"],["94103.36000000","0.00000000"],["94103.43000000","0.00000000"],["94103.44000000","0.00000000"],["94103.98000000","0.00000000"],["94104.00000000","0.00000000"],["94104.06000000","0.00000000"],["94104.07000000","0.00000000"],["94104.08000000","0.00000000"],["94104.09000000","0.00000000"],["94104.10000000","0.00000000"],["94104.25000000","0.00000000"],["94104.26000000","0.00000000"],["94104.31000000","0.00000000"],["94104.49000000","0.00000000"],["94104.50000000","0.00000000"],["94104.65000000","0.00000000"],["94104.71000000","0.00000000"],["94104.72000000","0.00000000"],["94104.80000000","0.00000000"],["94104.82000000","0.00000000"],["94104.83000000","0.00000000"],["94104.87000000","0.00000000"],["94105.24000000","0.00000000"],["94105.25000000","0.00000000"],["94105.26000000","0.00000000"],["94105.27000000","0.00000000"],["94105.28000000","0.00000000"],["94105.31000000","0.00000000"],["94105.35000000","0.00000000"],["94105.46000000","0.00000000"],["94105.60000000","0.00000000"],["94105.62000000","0.00000000"],["94105.63000000","0.00000000"],["94105.64000000","0.00000000"],["94105.68000000","0.00000000"],["94105.80000000","0.00000000"],["94105.83000000","0.00000000"],["94105.88000000","0.00000000"],["94105.97000000","0.00000000"],["94106.00000000","0.00000000"],["94106.05000000","0.00000000"],["94106.24000000","0.00000000"],["94106.33000000","0.00000000"],["94106.34000000","0.00000000"],["94106.70000000","0.00000000"],["94106.71000000","0.00000000"],["94106.72000000","0.00000000"],["94106.73000000","0.00000000"],["94106.89000000","0.00000000"],["94106.90000000","0.00000000"],["94106.98000000","0.00000000"],["94107.00000000","0.00000000"],["94107.05000000","0.00000000"],["94107.10000000","0.00000000"],["94107.35000000","0.00000000"],["94107.42000000","0.00000000"],["94107.48000000","0.00000000"],["94107.72000000","0.00000000"],["94107.73000000","0.00000000"],["94107.85000000","0.00000000"],["94107.93000000","0.00000000"],["94108.00000000","0.00000000"],["94108.10000000","0.00000000"],["94108.40000000","0.00000000"],["94108.67000000","0.00000000"],["94108.73000000","0.00000000"],["94108.90000000","0.00000000"],["94109.06000000","0.00000000"],["94109.09000000","0.00000000"],["94109.13000000","0.00000000"],["94109.33000000","0.00000000"],["94109.35000000","0.00000000"],["94109.49000000","0.00000000"],["94109.65000000","0.00000000"],["94109.80000000","0.00000000"],["94109.87000000","0.00000000"],["94109.94000000","0.00000000"],["94110.01000000","0.00000000"],["94110.03000000","0.00000000"],["94110.08000000","0.00000000"],["94110.09000000","0.00000000"],["94110.18000000","0.00000000"],["94110.25000000","0.00000000"],["94110.26000000","0.00000000"],["94110.28000000","0.00000000"],["94110.40000000","0.00000000"],["94110.44000000","0.00000000"],["94110.96000000","0.00000000"],["94110.97000000","0.00000000"],["94111.20000000","0.00000000"],["94111.29000000","0.00000000"],["94111.50000000","0.00000000"],["94111.55000000","0.00000000"],["94111.60000000","0.00000000"],["94111.70000000","0.00000000"],["94111.76000000","0.00000000"],["94111.77000000","0.00000000"],["94111.78000000","0.00000000"],["94111.79000000","0.00000000"],["94111.84000000","0.00000000"],["94112.00000000","0.00000000"],["94112.41000000","0.00000000"],["94112.44000000","0.00000000"],["94112.45000000","0.00000000"],["94112.46000000","0.00000000"],["94112.56000000","0.00000000"],["94112.75000000","0.00000000"],["94112.76000000","0.00000000"],["94112.77000000","0.00000000"],["94112.81000000","0.00000000"],["94112.85000000","0.00000000"],["94113.02000000","0.00000000"],["94113.03000000","0.00000000"],["94113.04000000","0.00000000"],["94113.09000000","0.00000000"],["94113.13000000","0.00000000"],["94113.19000000","0.00000000"],["94113.35000000","0.00000000"],["94113.40000000","0.00000000"],["94113.45000000","0.00000000"],["94113.51000000","1.70912000"],["94113.52000000","0.00084000"],["94113.53000000","0.00000000"],["94113.54000000","0.00022000"],["94113.61000000","0.00000000"],["94113.63000000","0.00000000"],["94113.66000000","0.00000000"],["94113.94000000","0.00000000"],["94113.98000000","0.00018000"],["94113.99000000","0.06116000"],["94114.00000000","0.10645000"],["94114.06000000","0.00000000"],["94114.09000000","0.00000000"],["94114.34000000","0.00000000"],["94114.45000000","0.00000000"],["94114.65000000","0.00000000"],["94114.69000000","0.00000000"],["94114.70000000","0.00000000"],["94114.71000000","0.00000000"],["94114.72000000","0.00013000"],["94114.73000000","0.00000000"],["94114.74000000","0.00000000"],["94114.80000000","0.00000000"],["94114.81000000","0.00000000"],["94114.99000000","0.00006000"],["94115.00000000","0.00000000"],["94115.13000000","0.00000000"],["94115.14000000","0.00000000"],["94115.18000000","0.00007000"],["94115.20000000","0.00000000"],["94115.25000000","0.00000000"],["94115.29000000","0.00000000"],["94115.69000000","0.00000000"],["94115.70000000","0.00000000"],["94115.84000000","0.00000000"],["94115.91000000","0.00000000"],["94115.93000000","0.00000000"],["94115.94000000","0.00026000"],["94116.00000000","0.00220000"],["94116.23000000","0.00000000"],["94116.24000000","0.00000000"],["94116.26000000","0.00011000"],["94116.31000000","0.00000000"],["94116.54000000","0.00000000"],["94116.66000000","0.00000000"],["94116.93000000","0.01595000"],["94116.99000000","0.00000000"],["94117.11000000","0.00000000"],["94117.14000000","0.00000000"],["94117.21000000","0.00000000"],["94117.22000000","0.00000000"],["94117.23000000","0.00000000"],["94117.30000000","0.02006000"],["94117.58000000","0.00020000"],["94117.59000000","0.00000000"],["94117.60000000","0.00000000"],["94117.71000000","0.00000000"],["94117.74000000","0.00028000"],["94117.75000000","0.34899000"],["94117.81000000","0.00000000"],["94118.01000000","0.00000000"],["94118.11000000","0.00000000"],["94118.21000000","0.00097000"],["94118.49000000","0.00000000"],["94118.50000000","0.00000000"],["94118.81000000","0.00000000"],["94118.88000000","0.00000000"],["94119.00000000","0.00012000"],["94119.03000000","0.00000000"],["94119.19000000","0.00000000"],["94119.21000000","0.00000000"],["94119.41000000","0.00000000"],["94119.44000000","0.00000000"],["94119.59000000","0.00000000"],["94119.62000000","0.00000000"],["94119.66000000","0.00265000"],["94119.88000000","0.00000000"],["94119.99000000","0.00000000"],["94120.15000000","0.00000000"],["94120.31000000","0.00000000"],["94120.51000000","0.00000000"],["94120.71000000","0.00000000"],["94121.08000000","0.00000000"],["94121.09000000","0.00000000"],["94121.12000000","0.00000000"],["94121.44000000","0.00000000"],["94121.49000000","0.00000000"],["94121.84000000","0.00091000"],["94121.99000000","0.00000000"],["94122.11000000","0.00000000"],["94122.32000000","0.32327000"],["94122.50000000","0.00000000"],["94122.82000000","0.00006000"],["94122.89000000","0.00000000"],["94122.90000000","0.00000000"],["94122.91000000","0.00000000"],["94122.97000000","0.00000000"],["94122.98000000","0.00000000"],["94123.00000000","0.00000000"],["94123.10000000","0.00000000"],["94123.17000000","0.00000000"],["94123.19000000","0.00000000"],["94123.29000000","0.00000000"],["94123.31000000","0.00000000"],["94123.35000000","0.00000000"],["94123.36000000","0.00000000"],["94123.43000000","1.62974000"],["94123.44000000","0.00000000"],["94123.45000000","0.00000000"],["94123.47000000","0.05324000"],["94123.76000000","0.00000000"],["94124.06000000","0.00000000"],["94124.15000000","0.05280000"],["94124.34000000","0.31886000"],["94124.58000000","0.79715000"],["94124.59000000","0.00000000"],["94124.68000000","0.00000000"],["94124.77000000","0.00000000"],["94124.82000000","0.02000000"],["94125.11000000","0.00000000"],["94125.17000000","0.00000000"],["94125.42000000","0.04000000"],["94125.43000000","0.00000000"],["94125.50000000","0.00101000"],["94125.69000000","0.00000000"],["94125.87000000","0.00000000"],["94126.00000000","0.00000000"],["94126.16000000","0.00000000"],["94126.23000000","0.99644000"],["94126.41000000","0.00000000"],["94126.99000000","2.96391000"],["94127.22000000","0.08000000"],["94127.29000000","0.00000000"],["94127.34000000","0.06349000"],["94127.40000000","0.00000000"],["94127.41000000","0.00000000"],["94127.43000000","0.00000000"],["94127.71000000","0.41325000"],["94127.83000000","0.00000000"],["94127.86000000","0.00000000"],["94127.89000000","0.00000000"],["94127.99000000","0.00000000"],["94128.03000000","0.99644000"],["94128.22000000","0.00000000"],["94128.28000000","0.00000000"],["94128.61000000","0.04800000"],["94129.06000000","0.00000000"],["94129.07000000","0.00053000"],["94129.19000000","0.00000000"],["94129.51000000","0.04000000"],["94129.60000000","0.09405000"],["94129.70000000","0.00010000"],["94129.71000000","0.00000000"],["94130.07000000","0.00000000"],["94130.12000000","0.00000000"],["94130.26000000","0.00000000"],["94130.94000000","0.00000000"],["94131.03000000","0.99644000"],["94131.08000000","0.00000000"],["94131.09000000","0.00000000"],["94131.14000000","0.00000000"],["94131.20000000","0.99644000"],["94131.42000000","0.00000000"],["94131.72000000","0.00000000"],["94131.75000000","0.00000000"],["94131.78000000","0.00000000"],["94131.79000000","0.00000000"],["94131.80000000","0.00000000"],["94131.81000000","0.00000000"],["94132.02000000","0.53143000"],["94132.16000000","0.00000000"],["94132.25000000","0.00000000"],["94132.29000000","0.67410000"],["94132.30000000","0.00000000"],["94132.43000000","0.00000000"],["94132.46000000","0.00000000"],["94132.57000000","0.00000000"],["94133.01000000","0.00000000"],["94133.28000000","0.42514000"],["94133.54000000","0.00000000"],["94133.56000000","0.79715000"],["94133.62000000","0.00000000"],["94133.72000000","0.00057000"],["94133.73000000","0.00000000"],["94133.82000000","0.00000000"],["94134.14000000","0.00000000"],["94134.55000000","0.00531000"],["94135.17000000","0.16000000"],["94135.26000000","0.00000000"],["94135.57000000","0.02295000"],["94135.69000000","0.00000000"],["94136.14000000","0.00000000"],["94136.27000000","0.00000000"],["94136.28000000","0.00000000"],["94136.53000000","0.00016000"],["94137.29000000","1.00000000"],["94137.81000000","0.79715000"],["94137.88000000","0.00000000"],["94137.90000000","0.00000000"],["94137.91000000","0.00000000"],["94138.18000000","0.00000000"],["94138.36000000","0.30838000"],["94138.48000000","0.00053000"],["94138.65000000","0.00000000"],["94138.98000000","0.00000000"],["94139.55000000","0.99644000"],["94139.90000000","1.59874000"],["94139.91000000","1.69465000"],["94139.94000000","0.00000000"],["94140.00000000","0.04713000"],["94140.16000000","0.99644000"],["94140.57000000","0.00000000"],["94140.61000000","0.00000000"],["94140.94000000","0.42762000"],["94141.40000000","0.00531000"],["94141.41000000","0.00000000"],["94141.57000000","0.39857000"],["94141.67000000","0.00000000"],["94141.74000000","0.05314000"],["94142.24000000","0.00000000"],["94142.29000000","0.00000000"],["94142.41000000","0.00000000"],["94142.60000000","0.19191000"],["94142.74000000","0.00000000"],["94142.84000000","0.00000000"],["94142.88000000","0.00000000"],["94142.94000000","0.00000000"],["94143.04000000","0.00000000"],["94143.14000000","0.00000000"],["94143.94000000","0.00000000"],["94144.49000000","0.00000000"],["94144.57000000","0.00000000"],["94145.67000000","0.11033000"],["94146.12000000","0.00000000"],["94146.28000000","0.94219000"],["94146.74000000","0.05000000"],["94147.74000000","0.00000000"],["94147.75000000","0.79715000"],["94147.85000000","0.00000000"],["94148.50000000","0.79715000"],["94148.57000000","0.00000000"],["94150.13000000","0.00317000"],["94150.62000000","0.00000000"],["94150.75000000","0.00000000"],["94151.14000000","0.00000000"],["94151.38000000","0.00000000"],["94151.96000000","0.11520000"],["94151.97000000","0.00000000"],["94152.23000000","1.12763000"],["94152.95000000","0.00011000"],["94153.25000000","0.00000000"],["94154.31000000","0.00000000"],["94154.33000000","0.00000000"],["94154.58000000","0.00000000"],["94154.74000000","0.00000000"],["94154.83000000","0.00000000"],["94155.97000000","0.00000000"],["94156.36000000","0.00000000"],["94156.43000000","0.00106000"],["94156.87000000","0.44259000"],["94156.93000000","0.03159000"],["94157.08000000","0.00000000"],["94157.20000000","0.54317000"],["94157.21000000","0.00000000"],["94157.30000000","0.00000000"],["94157.31000000","0.49500000"],["94158.01000000","0.00000000"],["94158.02000000","0.00000000"],["94158.31000000","0.00000000"],["94158.72000000","0.00000000"],["94158.73000000","0.00000000"],["94158.82000000","0.00187000"],["94158.91000000","0.00000000"],["94159.37000000","0.05000000"],["94160.20000000","0.00000000"],["94160.25000000","0.00000000"],["94160.54000000","0.00000000"],["94161.07000000","2.00000000"],["94161.13000000","0.00000000"],["94161.32000000","0.00000000"],["94161.93000000","0.00000000"],["94162.01000000","0.00041000"],["94162.18000000","0.00000000"],["94162.38000000","0.06909000"],["94163.44000000","0.00000000"],["94164.30000000","0.00000000"],["94164.64000000","1.07483000"],["94164.65000000","0.76437000"],["94164.68000000","0.00000000"],["94164.69000000","0.00000000"],["94165.19000000","0.00212000"],["94165.39000000","0.52197000"],["94165.73000000","0.00000000"],["94166.17000000","0.00000000"],["94166.18000000","0.00000000"],["94167.37000000","0.05000000"],["94167.50000000","0.76435000"],["94167.71000000","0.00000000"],["94167.99000000","0.12744000"],["94168.29000000","0.00000000"],["94168.48000000","0.00000000"],["94169.28000000","0.02899000"],["94169.46000000","0.00000000"],["94169.99000000","0.00000000"],["94170.00000000","0.02091000"],["94170.47000000","0.76432000"],["94170.61000000","0.00000000"],["94170.82000000","0.00828000"],["94171.38000000","0.00000000"],["94171.57000000","0.00000000"],["94171.82000000","0.00000000"],["94172.25000000","0.00023000"],["94172.62000000","0.00847000"],["94172.86000000","0.00000000"],["94172.87000000","0.00000000"],["94172.92000000","0.00000000"],["94173.10000000","0.00000000"],["94173.12000000","0.00016000"],["94173.26000000","0.00000000"],["94173.62000000","0.00000000"],["94173.73000000","0.00000000"],["94173.74000000","0.00000000"],["94173.91000000","0.00013000"],["94173.95000000","0.00000000"],["94174.66000000","0.00000000"],["94174.81000000","0.97760000"],["94175.58000000","0.00000000"],["94175.61000000","0.00000000"],["94175.63000000","0.00000000"],["94175.83000000","0.00000000"],["94175.96000000","0.00000000"],["94176.15000000","0.00000000"],["94176.38000000","0.04357000"],["94176.41000000","0.04243000"],["94176.65000000","0.00000000"],["94176.84000000","0.00000000"],["94177.71000000","0.05309000"],["94177.88000000","0.00000000"],["94178.06000000","0.00000000"],["94178.72000000","0.00000000"],["94179.16000000","0.00000000"],["94179.18000000","0.00000000"],["94179.98000000","0.00000000"],["94180.20000000","0.00000000"],["94181.11000000","0.00000000"],["94182.26000000","0.00531000"],["94183.10000000","0.00000000"],["94184.33000000","0.00000000"],["94184.99000000","0.00000000"],["94186.16000000","0.00000000"],["94186.71000000","0.04038000"],["94186.87000000","0.04038000"],["94187.25000000","0.00000000"],["94187.78000000","0.00317000"],["94188.90000000","0.00000000"],["94189.01000000","0.04038000"],["94189.06000000","0.04038000"],["94189.27000000","0.08015000"],["94189.49000000","0.04800000"],["94189.60000000","0.00000000"],["94190.23000000","0.00000000"],["94190.31000000","0.00000000"],["94190.36000000","0.00000000"],["94190.47000000","0.00109000"],["94190.59000000","0.00000000"],["94191.21000000","0.04038000"],["94191.42000000","0.00000000"],["94191.45000000","0.04038000"],["94191.58000000","0.00000000"],["94191.93000000","0.00000000"],["94193.85000000","0.00000000"],["94193.95000000","0.04038000"],["94194.39000000","0.04038000"],["94195.27000000","0.00264000"],["94195.28000000","0.03196000"],["94195.31000000","0.00000000"],["94196.14000000","0.00146000"],["94196.47000000","0.00000000"],["94196.49000000","0.00000000"],["94197.31000000","0.04038000"],["94197.41000000","1.77329000"],["94198.09000000","0.08076000"],["94198.10000000","0.04038000"],["94198.14000000","0.00000000"],["94199.58000000","0.04038000"],["94199.71000000","0.34396000"],["94199.74000000","0.04038000"],["94199.77000000","0.00000000"],["94202.44000000","0.00000000"],["94202.53000000","0.53578000"],["94202.54000000","0.34394000"],["94203.21000000","0.04038000"],["94203.34000000","0.04038000"],["94204.44000000","0.00000000"],["94204.74000000","0.04038000"],["94205.80000000","0.00008000"],["94206.94000000","0.08076000"],["94207.11000000","0.04144000"],["94208.96000000","0.00000000"],["94209.05000000","0.04144000"],["94209.07000000","0.00264000"],["94209.86000000","0.00006000"],["94209.88000000","0.00000000"],["94211.22000000","0.04144000"],["94217.82000000","0.04250000"],["94218.22000000","0.00000000"],["94218.54000000","0.09199000"],["94218.60000000","0.00008000"],["94220.00000000","0.05344000"],["94222.74000000","0.04250000"],["94223.10000000","0.00000000"],["94223.35000000","0.00000000"],["94223.51000000","0.04250000"],["94226.64000000","0.11499000"],["94228.11000000","0.20386000"],["94228.87000000","0.11499000"],["94229.62000000","0.00000000"],["94231.41000000","0.00000000"],["94232.72000000","0.00000000"],["94234.48000000","0.00000000"],["94239.48000000","0.05797000"],["94241.13000000","0.05798000"],["94242.16000000","0.05597000"],["94245.38000000","0.00008000"],["94256.20000000","0.00000000"],["94274.49000000","0.00000000"],["94282.26000000","0.00000000"],["94285.21000000","0.00000000"],["94286.87000000","0.00000000"],["94289.90000000","0.00022000"],["94293.48000000","0.00106000"],["94294.34000000","0.00000000"],["94304.02000000","0.00000000"],["94305.29000000","0.00106000"],["94310.22000000","0.00000000"],["94341.80000000","0.00018000"],["94371.18000000","0.49500000"],["94394.60000000","0.00011000"],["94394.66000000","0.00000000"],["94394.91000000","0.00008000"],["94399.30000000","0.00011000"],["94400.30000000","0.00000000"],["94402.56000000","0.00011000"],["94407.26000000","0.00011000"],["94415.63000000","0.00000000"],["94450.58000000","1.04995000"],["94491.65000000","0.00400000"],["94565.72000000","0.00000000"],["94570.50000000","0.00045000"],["95071.25000000","0.00000000"],["95095.00000000","0.00348000"],["95213.75000000","0.00000000"],["95237.50000000","0.05259000"],["95511.50000000","0.00106000"]],"b":[["94113.50000000","5.97823000"],["94113.34000000","0.00000000"],["94113.09000000","0.00000000"],["94112.85000000","0.00006000"],["94112.84000000","0.00012000"],["94112.76000000","0.00000000"],["94112.75000000","0.00000000"],["94112.71000000","0.00006000"],["94112.00000000","0.00018000"],["94111.99000000","0.14593000"],["94111.86000000","0.00000000"],["94111.83000000","0.00000000"],["94111.81000000","0.00006000"],["94111.80000000","0.00006000"],["94111.78000000","0.00012000"],["94111.77000000","2.29425000"],["94111.76000000","0.00000000"],["94111.75000000","0.00000000"],["94111.69000000","0.00000000"],["94111.50000000","0.04262000"],["94111.49000000","0.00000000"],["94111.20000000","0.04262000"],["94110.83000000","0.00000000"],["94110.72000000","0.04248000"],["94110.27000000","0.00000000"],["94110.25000000","0.00000000"],["94110.24000000","0.62188000"],["94109.88000000","0.00000000"],["94109.48000000","0.00000000"],["94109.35000000","0.45160000"],["94109.34000000","0.00006000"],["94109.09000000","0.00000000"],["94109.08000000","0.08027000"],["94108.94000000","0.00000000"],["94108.00000000","0.04262000"],["94107.99000000","0.00000000"],["94107.64000000","0.00000000"],["94107.47000000","0.00000000"],["94107.26000000","0.00000000"],["94107.04000000","0.00000000"],["94106.97000000","0.00000000"],["94106.72000000","0.00000000"],["94106.71000000","0.00000000"],["94106.69000000","0.00000000"],["94106.16000000","0.00000000"],["94106.11000000","0.00000000"],["94105.99000000","0.00000000"],["94105.62000000","0.00000000"],["94105.61000000","0.00000000"],["94105.53000000","0.00531000"],["94104.80000000","0.04250000"],["94104.70000000","0.00000000"],["94104.30000000","0.00000000"],["94104.11000000","4.85475000"],["94104.10000000","0.00000000"],["94104.09000000","0.24265000"],["94104.08000000","0.00000000"],["94104.07000000","0.00000000"],["94104.06000000","0.04496000"],["94104.05000000","0.00000000"],["94103.99000000","0.00000000"],["94103.77000000","0.48841000"],["94103.35000000","0.00000000"],["94103.28000000","0.00000000"],["94103.04000000","0.00000000"],["94102.55000000","1.00000000"],["94102.33000000","0.00000000"],["94101.75000000","0.00011000"],["94101.65000000","0.00531000"],["94101.64000000","0.05322000"],["94101.51000000","0.00000000"],["94101.50000000","0.00000000"],["94101.49000000","0.00000000"],["94101.48000000","0.00000000"],["94101.42000000","0.00000000"],["94101.39000000","0.04000000"],["94101.00000000","0.04250000"],["94100.95000000","0.00000000"],["94100.46000000","0.00000000"],["94100.45000000","0.00000000"],["94100.43000000","0.00000000"],["94100.28000000","0.24220000"],["94100.27000000","0.00000000"],["94100.22000000","0.00000000"],["94100.19000000","0.00000000"],["94100.03000000","0.21381000"],["94100.02000000","0.00000000"],["94100.00000000","0.00006000"],["94099.99000000","0.48265000"],["94099.98000000","0.00000000"],["94099.97000000","0.00000000"],["94099.94000000","0.00000000"],["94099.93000000","0.00000000"],["94099.51000000","0.00000000"],["94099.49000000","0.00000000"],["94099.44000000","0.00000000"],["94099.35000000","0.00575000"],["94098.72000000","0.00000000"],["94098.64000000","0.00000000"],["94098.56000000","0.00000000"],["94098.48000000","0.00000000"],["94098.40000000","0.04250000"],["94097.91000000","0.00000000"],["94097.80000000","0.00011000"],["94097.77000000","0.00000000"],["94097.68000000","0.00000000"],["94097.50000000","0.04250000"],["94097.49000000","0.00000000"],["94097.46000000","0.00000000"],["94097.36000000","0.00000000"],["94097.13000000","0.09405000"],["94097.03000000","0.00000000"],["94096.79000000","0.00000000"],["94096.67000000","0.00000000"],["94096.39000000","0.00008000"],["94096.21000000","0.00000000"],["94096.05000000","0.00000000"],["94096.04000000","0.00000000"],["94096.03000000","0.10143000"],["94095.99000000","0.00000000"],["94095.73000000","0.21381000"],["94095.72000000","0.79626000"],["94095.71000000","0.00000000"],["94095.68000000","0.00011000"],["94095.49000000","0.00000000"],["94095.48000000","0.00000000"],["94095.41000000","0.00000000"],["94095.37000000","0.00000000"],["94095.29000000","0.00000000"],["94095.28000000","0.00000000"],["94095.26000000","0.00000000"],["94095.25000000","0.21381000"],["94095.24000000","0.45148000"],["94095.23000000","0.56597000"],["94095.22000000","0.00000000"],["94095.21000000","0.00000000"],["94095.20000000","0.00000000"],["94095.19000000","0.00000000"],["94095.18000000","0.00000000"],["94095.15000000","0.00000000"],["94095.13000000","0.00000000"],["94094.88000000","0.04224000"],["94094.68000000","0.00000000"],["94094.64000000","0.15900000"],["94094.58000000","0.00000000"],["94094.57000000","0.00000000"],["94094.56000000","0.00000000"],["94094.55000000","0.00000000"],["94094.45000000","0.00000000"],["94094.07000000","0.00006000"],["94094.04000000","0.00000000"],["94094.00000000","0.04250000"],["94093.90000000","0.00212000"],["94093.89000000","0.08015000"],["94093.87000000","0.00000000"],["94093.86000000","0.00000000"],["94093.44000000","0.00000000"],["94093.10000000","0.00011000"],["94092.90000000","0.00000000"],["94092.76000000","0.00000000"],["94092.67000000","0.44979000"],["94092.66000000","0.02152000"],["94092.52000000","0.39857000"],["94092.34000000","0.00000000"],["94092.00000000","0.04250000"],["94091.66000000","0.00000000"],["94091.60000000","2.00000000"],["94091.56000000","0.00000000"],["94091.51000000","0.99644000"],["94091.42000000","0.00053000"],["94091.27000000","0.00000000"],["94091.24000000","0.00000000"],["94091.23000000","0.00000000"],["94091.02000000","0.00000000"],["94090.87000000","0.00000000"],["94090.69000000","0.99644000"],["94090.56000000","0.00000000"],["94090.52000000","0.00000000"],["94090.50000000","0.04250000"],["94090.28000000","0.05760000"],["94090.25000000","0.79715000"],["94089.96000000","0.21381000"],["94089.83000000","0.31886000"],["94089.54000000","0.21381000"],["94089.27000000","0.00000000"],["94088.94000000","0.00000000"],["94088.25000000","1.77825000"],["94088.24000000","1.71063000"],["94088.18000000","0.00000000"],["94087.59000000","0.00000000"],["94087.23000000","0.53143000"],["94087.01000000","0.00000000"],["94087.00000000","0.04250000"],["94086.99000000","0.00008000"],["94086.74000000","0.08015000"],["94086.68000000","0.00000000"],["94086.67000000","0.00000000"],["94086.66000000","0.04800000"],["94086.44000000","0.00000000"],["94086.09000000","0.05313000"],["94085.86000000","0.21381000"],["94085.77000000","0.00000000"],["94085.64000000","0.21381000"],["94085.63000000","0.00000000"],["94085.27000000","0.00000000"],["94085.21000000","0.44528000"],["94085.10000000","0.00041000"],["94084.86000000","0.00000000"],["94084.85000000","0.00000000"],["94084.84000000","0.00000000"],["94084.66000000","0.00000000"],["94084.61000000","0.00000000"],["94084.25000000","0.00026000"],["94084.20000000","0.00000000"],["94084.16000000","0.79715000"],["94084.08000000","0.00000000"],["94083.43000000","0.00000000"],["94083.40000000","0.00000000"],["94083.17000000","0.00000000"],["94082.86000000","0.00000000"],["94082.85000000","0.00007000"],["94082.45000000","0.00000000"],["94082.39000000","0.00500000"],["94082.02000000","0.00053000"],["94082.00000000","1.72573000"],["94081.99000000","1.71052000"],["94081.98000000","0.00000000"],["94081.97000000","0.00000000"],["94081.96000000","0.00000000"],["94081.95000000","0.32008000"],["94081.94000000","0.00000000"],["94081.88000000","0.33934000"],["94081.75000000","0.00000000"],["94081.59000000","0.76504000"],["94081.51000000","0.99644000"],["94081.25000000","0.00000000"],["94081.15000000","0.00000000"],["94081.10000000","0.00000000"],["94080.88000000","0.00000000"],["94080.51000000","0.00000000"],["94080.48000000","0.08214000"],["94080.00000000","0.06381000"],["94079.94000000","0.00000000"],["94079.57000000","0.00000000"],["94079.13000000","0.31886000"],["94078.62000000","0.02125000"],["94078.50000000","0.00000000"],["94078.45000000","0.00000000"],["94078.42000000","0.06349000"],["94078.35000000","0.00000000"],["94077.62000000","0.02656000"],["94076.81000000","0.00000000"],["94076.73000000","0.84736000"],["94076.63000000","0.00000000"],["94076.41000000","0.00020000"],["94076.02000000","0.00000000"],["94075.87000000","0.08015000"],["94075.82000000","0.00000000"],["94075.41000000","0.00358000"],["94075.21000000","0.00000000"],["94075.19000000","0.05315000"],["94075.16000000","0.00000000"],["94075.05000000","0.26694000"],["94075.04000000","1.22963000"],["94074.99000000","0.02378000"],["94074.76000000","0.00000000"],["94074.47000000","0.00000000"],["94073.83000000","0.99644000"],["94073.52000000","0.76511000"],["94073.13000000","0.18237000"],["94073.00000000","0.00000000"],["94071.92000000","0.00000000"],["94071.87000000","0.00317000"],["94071.76000000","0.00000000"],["94071.44000000","0.00000000"],["94071.04000000","0.00000000"],["94070.64000000","0.10651000"],["94070.47000000","0.00000000"],["94070.17000000","0.00000000"],["94070.10000000","0.00531000"],["94069.57000000","1.28417000"],["94069.50000000","0.00000000"],["94068.84000000","0.00000000"],["94068.54000000","0.00000000"],["94068.08000000","0.00000000"],["94067.27000000","0.00000000"],["94067.01000000","0.00000000"],["94066.99000000","0.00000000"],["94066.95000000","0.00000000"],["94066.86000000","0.76516000"],["94066.61000000","0.00000000"],["94065.90000000","0.00000000"],["94065.83000000","0.00000000"],["94065.80000000","2.41603000"],["94065.79000000","0.00000000"],["94065.68000000","0.00000000"],["94065.66000000","0.05000000"],["94065.10000000","0.00000000"],["94064.97000000","0.00000000"],["94063.82000000","0.00000000"],["94063.40000000","0.02656000"],["94063.05000000","0.02973000"],["94063.04000000","0.00000000"],["94062.31000000","0.00106000"],["94062.20000000","0.00000000"],["94062.19000000","1.08850000"],["94061.67000000","0.00000000"],["94060.83000000","0.00000000"],["94060.77000000","0.66151000"],["94060.71000000","0.00000000"],["94060.70000000","0.00000000"],["94060.46000000","0.00000000"],["94059.98000000","0.00000000"],["94059.72000000","0.00000000"],["94059.51000000","0.00000000"],["94059.39000000","0.05313000"],["94058.99000000","0.00000000"],["94058.39000000","0.00000000"],["94058.03000000","0.00000000"],["94057.90000000","0.09019000"],["94057.84000000","0.32475000"],["94057.66000000","0.05000000"],["94057.29000000","0.05597000"],["94057.28000000","0.00000000"],["94056.80000000","0.00000000"],["94056.38000000","0.05315000"],["94055.97000000","0.00000000"],["94055.69000000","0.00000000"],["94055.09000000","0.00000000"],["94054.88000000","0.00000000"],["94054.66000000","0.00000000"],["94054.42000000","0.00000000"],["94054.12000000","0.00000000"],["94053.68000000","1.51047000"],["94052.80000000","0.63730000"],["94052.70000000","0.00000000"],["94052.37000000","0.00000000"],["94052.35000000","0.49760000"],["94052.06000000","0.00000000"],["94051.57000000","0.00000000"],["94051.56000000","1.97968000"],["94051.13000000","0.00000000"],["94050.02000000","0.20226000"],["94049.98000000","0.04251000"],["94049.60000000","0.00000000"],["94049.18000000","0.02889000"],["94048.86000000","0.00000000"],["94048.75000000","0.00000000"],["94048.74000000","0.00000000"],["94048.59000000","0.00106000"],["94048.57000000","0.00000000"],["94048.16000000","0.00000000"],["94047.99000000","0.00000000"],["94047.31000000","0.00000000"],["94047.20000000","0.00000000"],["94046.78000000","0.00265000"],["94045.99000000","0.00000000"],["94044.76000000","0.02297000"],["94043.53000000","0.00000000"],["94042.86000000","0.02949000"],["94042.45000000","0.00000000"],["94042.34000000","0.00000000"],["94041.53000000","0.00000000"],["94040.82000000","0.00000000"],["94040.52000000","0.00000000"],["94039.53000000","0.00000000"],["94039.15000000","0.00000000"],["94039.11000000","0.07234000"],["94039.08000000","0.00000000"],["94038.35000000","0.00000000"],["94037.97000000","0.00000000"],["94037.60000000","0.00000000"],["94036.55000000","0.00000000"],["94035.85000000","0.00264000"],["94035.48000000","0.72980000"],["94035.44000000","0.00000000"],["94034.22000000","0.00317000"],["94033.78000000","0.42514000"],["94033.04000000","0.00000000"],["94032.73000000","0.00000000"],["94031.70000000","0.00000000"],["94031.09000000","0.64454000"],["94031.08000000","0.00000000"],["94030.90000000","0.00000000"],["94029.20000000","0.00000000"],["94029.08000000","0.05597000"],["94028.87000000","0.00000000"],["94028.76000000","0.00000000"],["94028.57000000","0.00000000"],["94028.56000000","0.00000000"],["94027.90000000","0.00000000"],["94026.45000000","0.56689000"],["94025.78000000","0.34459000"],["94025.23000000","0.00000000"],["94025.10000000","0.00000000"],["94023.23000000","0.69814000"],["94022.96000000","0.34460000"],["94022.86000000","0.00000000"],["94022.84000000","0.00000000"],["94021.42000000","0.05317000"],["94020.00000000","0.02127000"],["94017.54000000","0.00000000"],["94016.17000000","0.05160000"],["94015.07000000","0.00000000"],["94014.27000000","0.00000000"],["94014.12000000","0.00000000"],["94013.72000000","0.00000000"],["94013.14000000","0.00143000"],["94011.39000000","0.00000000"],["94010.68000000","0.04357000"],["94007.90000000","0.00000000"],["94007.66000000","0.00000000"],["94006.27000000","0.00219000"],["94004.05000000","0.00000000"],["94003.45000000","0.00000000"],["94002.22000000","0.00000000"],["93998.50000000","0.00122000"],["93997.84000000","0.14092000"],["93997.83000000","1.09515000"],["93996.02000000","0.00000000"],["93995.01000000","0.11499000"],["93994.66000000","0.11499000"],["93991.48000000","0.15438000"],["93991.10000000","0.00000000"],["93986.11000000","0.00000000"],["93983.72000000","0.11672000"],["93982.26000000","0.00000000"],["93981.15000000","0.00000000"],["93978.17000000","0.00008000"],["93976.28000000","0.00000000"],["93974.93000000","0.05497000"],["93971.62000000","0.00000000"],["93971.36000000","0.00000000"],["93970.03000000","0.00000000"],["93968.60000000","0.00000000"],["93967.09000000","0.11194000"],["93962.92000000","0.00000000"],["93962.87000000","0.00000000"],["93961.94000000","0.00000000"],["93961.35000000","0.00000000"],["93959.06000000","0.00000000"],["93958.18000000","0.00000000"],["93957.43000000","0.00000000"],["93957.15000000","0.20571000"],["93957.14000000","0.00000000"],["93957.13000000","0.00000000"],["93956.72000000","0.00000000"],["93955.06000000","0.05997000"],["93951.51000000","0.05797000"],["93951.50000000","0.00000000"],["93951.49000000","0.00000000"],["93951.09000000","0.00000000"],["93948.01000000","0.00000000"],["93947.70000000","0.00000000"],["93943.31000000","0.05797000"],["93943.05000000","0.00000000"],["93942.81000000","0.00000000"],["93941.38000000","0.00000000"],["93940.56000000","0.00000000"],["93939.84000000","0.00000000"],["93939.06000000","0.00106000"],["93938.12000000","0.00000000"],["93938.06000000","0.00000000"],["93937.34000000","0.00000000"],["93935.68000000","0.00000000"],["93935.03000000","0.00000000"],["93933.62000000","0.00000000"],["93931.06000000","0.00000000"],["93929.18000000","0.00000000"],["93928.61000000","0.00106000"],["93923.11000000","0.00000000"],["93922.66000000","0.01064000"],["93915.30000000","0.00247000"],["93908.39000000","0.00000000"],["93900.12000000","0.00000000"],["93898.99000000","0.00000000"],["93897.22000000","0.00000000"],["93896.39000000","0.99302000"],["93886.53000000","0.00000000"],["93880.67000000","0.00000000"],["93840.58000000","1.00848000"],["93827.69000000","0.00000000"],["93824.98000000","0.00000000"],["93822.41000000","0.00000000"],["93811.81000000","0.00000000"],["93806.19000000","0.10630000"],["93794.54000000","0.00000000"],["93756.82000000","0.00000000"],["93750.96000000","0.03671000"],["93745.84000000","0.03654000"],["93676.94000000","0.00000000"],["93670.87000000","0.00000000"],["93547.82000000","0.10632000"],["93538.96000000","0.00000000"],["93100.00000000","17.32510000"],["92683.80000000","0.00016000"],["92529.99000000","0.00000000"],["92108.87000000","0.00000000"],["84689.00000000","0.00000000"],["84685.00000000","0.00000000"],["75290.80000000","0.00052000"],["75276.19000000","0.00000000"],["75276.18000000","0.00013000"],["33874.28000000","0.00342000"],["33000.00000000","2.70601000"]],"s":"BTCUSDT","e":"depthUpdate","E":1745777448014,"U":67663547341,"u":67663551180}
Received message: {"a":[["94095.24000000","0.00000000"],["94095.25000000","0.00000000"],["94095.27000000","0.00000000"],["94095.30000000","0.00000000"],["94095.38000000","0.00000000"],["94095.42000000","0.00000000"],["94095.49000000","0.00000000"],["94095.50000000","0.00000000"],["94095.85000000","0.00000000"],["94095.99000000","0.00000000"],["94096.00000000","0.00000000"],["94096.04000000","0.00000000"],["94096.05000000","0.00000000"],["94096.06000000","0.00000000"],["94096.79000000","0.00000000"],["94097.04000000","0.00000000"],["94097.14000000","0.00000000"],["94097.47000000","0.00000000"],["94097.50000000","0.00000000"],["94097.61000000","0.00000000"],["94097.69000000","0.00000000"],["94097.92000000","0.00000000"],["94098.18000000","0.00000000"],["94098.40000000","0.00000000"],["94098.65000000","0.00000000"],["94098.67000000","0.00000000"],["94098.72000000","0.00000000"],["94098.73000000","0.00000000"],["94099.45000000","0.00000000"],["94099.46000000","0.00000000"],["94099.47000000","0.00000000"],["94099.48000000","0.00000000"],["94099.87000000","0.00000000"],["94099.94000000","0.00000000"],["94099.95000000","0.00000000"],["94099.98000000","0.00000000"],["94099.99000000","0.00000000"],["94100.00000000","0.00000000"],["94100.01000000","0.00000000"],["94100.03000000","0.00000000"],["94100.20000000","0.00000000"],["94100.44000000","0.00000000"],["94100.47000000","0.00000000"],["94101.00000000","0.00000000"],["94101.37000000","0.00000000"],["94101.38000000","0.00000000"],["94101.40000000","0.00000000"],["94101.49000000","0.00000000"],["94101.50000000","0.00000000"],["94101.65000000","0.00000000"],["94101.77000000","0.00000000"],["94101.96000000","0.00000000"],["94102.15000000","0.00000000"],["94102.34000000","0.00000000"],["94102.35000000","0.00000000"],["94103.09000000","0.00000000"],["94103.12000000","0.00000000"],["94103.36000000","0.00000000"],["94103.43000000","0.00000000"],["94103.44000000","0.00000000"],["94103.98000000","0.00000000"],["94104.00000000","0.00000000"],["94104.06000000","0.00000000"],["94104.07000000","0.00000000"],["94104.08000000","0.00000000"],["94104.09000000","0.00000000"],["94104.10000000","0.00000000"],["94104.25000000","0.00000000"],["94104.26000000","0.00000000"],["94104.31000000","0.00000000"],["94104.49000000","0.00000000"],["94104.50000000","0.00000000"],["94104.65000000","0.00000000"],["94104.71000000","0.00000000"],["94104.72000000","0.00000000"],["94104.80000000","0.00000000"],["94104.82000000","0.00000000"],["94104.83000000","0.00000000"],["94104.87000000","0.00000000"],["94105.24000000","0.00000000"],["94105.25000000","0.00000000"],["94105.26000000","0.00000000"],["94105.27000000","0.00000000"],["94105.28000000","0.00000000"],["94105.31000000","0.00000000"],["94105.35000000","0.00000000"],["94105.46000000","0.00000000"],["94105.60000000","0.00000000"],["94105.62000000","0.00000000"],["94105.63000000","0.00000000"],["94105.64000000","0.00000000"],["94105.68000000","0.00000000"],["94105.80000000","0.00000000"],["94105.83000000","0.00000000"],["94105.88000000","0.00000000"],["94105.97000000","0.00000000"],["94106.00000000","0.00000000"],["94106.05000000","0.00000000"],["94106.24000000","0.00000000"],["94106.33000000","0.00000000"],["94106.34000000","0.00000000"],["94106.70000000","0.00000000"],["94106.71000000","0.00000000"],["94106.72000000","0.00000000"],["94106.73000000","0.00000000"],["94106.89000000","0.00000000"],["94106.90000000","0.00000000"],["94106.98000000","0.00000000"],["94107.00000000","0.00000000"],["94107.05000000","0.00000000"],["94107.10000000","0.00000000"],["94107.35000000","0.00000000"],["94107.42000000","0.00000000"],["94107.48000000","0.00000000"],["94107.72000000","0.00000000"],["94107.73000000","0.00000000"],["94107.85000000","0.00000000"],["94107.93000000","0.00000000"],["94108.00000000","0.00000000"],["94108.10000000","0.00000000"],["94108.40000000","0.00000000"],["94108.67000000","0.00000000"],["94108.73000000","0.00000000"],["94108.90000000","0.00000000"],["94109.06000000","0.00000000"],["94109.09000000","0.00000000"],["94109.13000000","0.00000000"],["94109.33000000","0.00000000"],["94109.35000000","0.00000000"],["94109.49000000","0.00000000"],["94109.65000000","0.00000000"],["94109.80000000","0.00000000"],["94109.87000000","0.00000000"],["94109.94000000","0.00000000"],["94110.01000000","0.00000000"],["94110.03000000","0.00000000"],["94110.08000000","0.00000000"],["94110.09000000","0.00000000"],["94110.18000000","0.00000000"],["94110.25000000","0.00000000"],["94110.26000000","0.00000000"],["94110.28000000","0.00000000"],["94110.40000000","0.00000000"],["94110.44000000","0.00000000"],["94110.96000000","0.00000000"],["94110.97000000","0.00000000"],["94111.20000000","0.00000000"],["94111.29000000","0.00000000"],["94111.50000000","0.00000000"],["94111.55000000","0.00000000"],["94111.60000000","0.00000000"],["94111.70000000","0.00000000"],["94111.76000000","0.00000000"],["94111.77000000","0.00000000"],["94111.78000000","0.00000000"],["94111.79000000","0.00000000"],["94111.84000000","0.00000000"],["94112.00000000","0.00000000"],["94112.41000000","0.00000000"],["94112.44000000","0.00000000"],["94112.45000000","0.00000000"],["94112.46000000","0.00000000"],["94112.56000000","0.00000000"],["94112.75000000","0.00000000"],["94112.76000000","0.00000000"],["94112.77000000","0.00000000"],["94112.81000000","0.00000000"],["94112.85000000","0.00000000"],["94113.02000000","0.00000000"],["94113.03000000","0.00000000"],["94113.04000000","0.00000000"],["94113.09000000","0.00000000"],["94113.13000000","0.00000000"],["94113.19000000","0.00000000"],["94113.35000000","0.00000000"],["94113.40000000","0.00000000"],["94113.45000000","0.00000000"],["94113.51000000","1.70912000"],["94113.52000000","0.00084000"],["94113.53000000","0.00000000"],["94113.54000000","0.00022000"],["94113.61000000","0.00000000"],["94113.63000000","0.00000000"],["94113.66000000","0.00000000"],["94113.94000000","0.00000000"],["94113.98000000","0.00018000"],["94113.99000000","0.06116000"],["94114.00000000","0.10645000"],["94114.06000000","0.00000000"],["94114.09000000","0.00000000"],["94114.34000000","0.00000000"],["94114.45000000","0.00000000"],["94114.65000000","0.00000000"],["94114.69000000","0.00000000"],["94114.70000000","0.00000000"],["94114.71000000","0.00000000"],["94114.72000000","0.00013000"],["94114.73000000","0.00000000"],["94114.74000000","0.00000000"],["94114.80000000","0.00000000"],["94114.81000000","0.00000000"],["94114.99000000","0.00006000"],["94115.00000000","0.00000000"],["94115.13000000","0.00000000"],["94115.14000000","0.00000000"],["94115.18000000","0.00007000"],["94115.20000000","0.00000000"],["94115.25000000","0.00000000"],["94115.29000000","0.00000000"],["94115.69000000","0.00000000"],["94115.70000000","0.00000000"],["94115.84000000","0.00000000"],["94115.91000000","0.00000000"],["94115.93000000","0.00000000"],["94115.94000000","0.00026000"],["94116.00000000","0.00220000"],["94116.23000000","0.00000000"],["94116.24000000","0.00000000"],["94116.26000000","0.00011000"],["94116.31000000","0.00000000"],["94116.54000000","0.00000000"],["94116.66000000","0.00000000"],["94116.93000000","0.01595000"],["94116.99000000","0.00000000"],["94117.11000000","0.00000000"],["94117.14000000","0.00000000"],["94117.21000000","0.00000000"],["94117.22000000","0.00000000"],["94117.23000000","0.00000000"],["94117.30000000","0.02006000"],["94117.58000000","0.00020000"],["94117.59000000","0.00000000"],["94117.60000000","0.00000000"],["94117.71000000","0.00000000"],["94117.74000000","0.00028000"],["94117.75000000","0.34899000"],["94117.81000000","0.00000000"],["94118.01000000","0.00000000"],["94118.11000000","0.00000000"],["94118.21000000","0.00097000"],["94118.49000000","0.00000000"],["94118.50000000","0.00000000"],["94118.81000000","0.00000000"],["94118.88000000","0.00000000"],["94119.00000000","0.00012000"],["94119.03000000","0.00000000"],["94119.19000000","0.00000000"],["94119.21000000","0.00000000"],["94119.41000000","0.00000000"],["94119.44000000","0.00000000"],["94119.59000000","0.00000000"],["94119.62000000","0.00000000"],["94119.66000000","0.00265000"],["94119.88000000","0.00000000"],["94119.99000000","0.00000000"],["94120.15000000","0.00000000"],["94120.31000000","0.00000000"],["94120.51000000","0.00000000"],["94120.71000000","0.00000000"],["94121.08000000","0.00000000"],["94121.09000000","0.00000000"],["94121.12000000","0.00000000"],["94121.44000000","0.00000000"],["94121.49000000","0.00000000"],["94121.84000000","0.00091000"],["94121.99000000","0.00000000"],["94122.11000000","0.00000000"],["94122.32000000","0.32327000"],["94122.50000000","0.00000000"],["94122.82000000","0.00006000"],["94122.89000000","0.00000000"],["94122.90000000","0.00000000"],["94122.91000000","0.00000000"],["94122.97000000","0.00000000"],["94122.98000000","0.00000000"],["94123.00000000","0.00000000"],["94123.10000000","0.00000000"],["94123.17000000","0.00000000"],["94123.19000000","0.00000000"],["94123.29000000","0.00000000"],["94123.31000000","0.00000000"],["94123.35000000","0.00000000"],["94123.36000000","0.00000000"],["94123.43000000","1.62974000"],["94123.44000000","0.00000000"],["94123.45000000","0.00000000"],["94123.47000000","0.05324000"],["94123.76000000","0.00000000"],["94124.06000000","0.00000000"],["94124.15000000","0.05280000"],["94124.34000000","0.31886000"],["94124.58000000","0.79715000"],["94124.59000000","0.00000000"],["94124.68000000","0.00000000"],["94124.77000000","0.00000000"],["94124.82000000","0.02000000"],["94125.11000000","0.00000000"],["94125.17000000","0.00000000"],["94125.42000000","0.04000000"],["94125.43000000","0.00000000"],["94125.50000000","0.00101000"],["94125.69000000","0.00000000"],["94125.87000000","0.00000000"],["94126.00000000","0.00000000"],["94126.16000000","0.00000000"],["94126.23000000","0.99644000"],["94126.41000000","0.00000000"],["94126.99000000","2.96391000"],["94127.22000000","0.08000000"],["94127.29000000","0.00000000"],["94127.34000000","0.06349000"],["94127.40000000","0.00000000"],["94127.41000000","0.00000000"],["94127.43000000","0.00000000"],["94127.71000000","0.41325000"],["94127.83000000","0.00000000"],["94127.86000000","0.00000000"],["94127.89000000","0.00000000"],["94127.99000000","0.00000000"],["94128.03000000","0.99644000"],["94128.22000000","0.00000000"],["94128.28000000","0.00000000"],["94128.61000000","0.04800000"],["94129.06000000","0.00000000"],["94129.07000000","0.00053000"],["94129.19000000","0.00000000"],["94129.51000000","0.04000000"],["94129.60000000","0.09405000"],["94129.70000000","0.00010000"],["94129.71000000","0.00000000"],["94130.07000000","0.00000000"],["94130.12000000","0.00000000"],["94130.26000000","0.00000000"],["94130.94000000","0.00000000"],["94131.03000000","0.99644000"],["94131.08000000","0.00000000"],["94131.09000000","0.00000000"],["94131.14000000","0.00000000"],["94131.20000000","0.99644000"],["94131.42000000","0.00000000"],["94131.72000000","0.00000000"],["94131.75000000","0.00000000"],["94131.78000000","0.00000000"],["94131.79000000","0.00000000"],["94131.80000000","0.00000000"],["94131.81000000","0.00000000"],["94132.02000000","0.53143000"],["94132.16000000","0.00000000"],["94132.25000000","0.00000000"],["94132.29000000","0.67410000"],["94132.30000000","0.00000000"],["94132.43000000","0.00000000"],["94132.46000000","0.00000000"],["94132.57000000","0.00000000"],["94133.01000000","0.00000000"],["94133.28000000","0.42514000"],["94133.54000000","0.00000000"],["94133.56000000","0.79715000"],["94133.62000000","0.00000000"],["94133.72000000","0.00057000"],["94133.73000000","0.00000000"],["94133.82000000","0.00000000"],["94134.14000000","0.00000000"],["94134.55000000","0.00531000"],["94135.17000000","0.16000000"],["94135.26000000","0.00000000"],["94135.57000000","0.02295000"],["94135.69000000","0.00000000"],["94136.14000000","0.00000000"],["94136.27000000","0.00000000"],["94136.28000000","0.00000000"],["94136.53000000","0.00016000"],["94137.29000000","1.00000000"],["94137.81000000","0.79715000"],["94137.88000000","0.00000000"],["94137.90000000","0.00000000"],["94137.91000000","0.00000000"],["94138.18000000","0.00000000"],["94138.36000000","0.30838000"],["94138.48000000","0.00053000"],["94138.65000000","0.00000000"],["94138.98000000","0.00000000"],["94139.55000000","0.99644000"],["94139.90000000","1.59874000"],["94139.91000000","1.69465000"],["94139.94000000","0.00000000"],["94140.00000000","0.04713000"],["94140.16000000","0.99644000"],["94140.57000000","0.00000000"],["94140.61000000","0.00000000"],["94140.94000000","0.42762000"],["94141.40000000","0.00531000"],["94141.41000000","0.00000000"],["94141.57000000","0.39857000"],["94141.67000000","0.00000000"],["94141.74000000","0.05314000"],["94142.24000000","0.00000000"],["94142.29000000","0.00000000"],["94142.41000000","0.00000000"],["94142.60000000","0.19191000"],["94142.74000000","0.00000000"],["94142.84000000","0.00000000"],["94142.88000000","0.00000000"],["94142.94000000","0.00000000"],["94143.04000000","0.00000000"],["94143.14000000","0.00000000"],["94143.94000000","0.00000000"],["94144.49000000","0.00000000"],["94144.57000000","0.00000000"],["94145.67000000","0.11033000"],["94146.12000000","0.00000000"],["94146.28000000","0.94219000"],["94146.74000000","0.05000000"],["94147.74000000","0.00000000"],["94147.75000000","0.79715000"],["94147.85000000","0.00000000"],["94148.50000000","0.79715000"],["94148.57000000","0.00000000"],["94150.13000000","0.00317000"],["94150.62000000","0.00000000"],["94150.75000000","0.00000000"],["94151.14000000","0.00000000"],["94151.38000000","0.00000000"],["94151.96000000","0.11520000"],["94151.97000000","0.00000000"],["94152.23000000","1.12763000"],["94152.95000000","0.00011000"],["94153.25000000","0.00000000"],["94154.31000000","0.00000000"],["94154.33000000","0.00000000"],["94154.58000000","0.00000000"],["94154.74000000","0.00000000"],["94154.83000000","0.00000000"],["94155.97000000","0.00000000"],["94156.36000000","0.00000000"],["94156.43000000","0.00106000"],["94156.87000000","0.44259000"],["94156.93000000","0.03159000"],["94157.08000000","0.00000000"],["94157.20000000","0.54317000"],["94157.21000000","0.00000000"],["94157.30000000","0.00000000"],["94157.31000000","0.49500000"],["94158.01000000","0.00000000"],["94158.02000000","0.00000000"],["94158.31000000","0.00000000"],["94158.72000000","0.00000000"],["94158.73000000","0.00000000"],["94158.82000000","0.00187000"],["94158.91000000","0.00000000"],["94159.37000000","0.05000000"],["94160.20000000","0.00000000"],["94160.25000000","0.00000000"],["94160.54000000","0.00000000"],["94161.07000000","2.00000000"],["94161.13000000","0.00000000"],["94161.32000000","0.00000000"],["94161.93000000","0.00000000"],["94162.01000000","0.00041000"],["94162.18000000","0.00000000"],["94162.38000000","0.06909000"],["94163.44000000","0.00000000"],["94164.30000000","0.00000000"],["94164.64000000","1.07483000"],["94164.65000000","0.76437000"],["94164.68000000","0.00000000"],["94164.69000000","0.00000000"],["94165.19000000","0.00212000"],["94165.39000000","0.52197000"],["94165.73000000","0.00000000"],["94166.17000000","0.00000000"],["94166.18000000","0.00000000"],["94167.37000000","0.05000000"],["94167.50000000","0.76435000"],["94167.71000000","0.00000000"],["94167.99000000","0.12744000"],["94168.29000000","0.00000000"],["94168.48000000","0.00000000"],["94169.28000000","0.02899000"],["94169.46000000","0.00000000"],["94169.99000000","0.00000000"],["94170.00000000","0.02091000"],["94170.47000000","0.76432000"],["94170.61000000","0.00000000"],["94170.82000000","0.00828000"],["94171.38000000","0.00000000"],["94171.57000000","0.00000000"],["94171.82000000","0.00000000"],["94172.25000000","0.00023000"],["94172.62000000","0.00847000"],["94172.86000000","0.00000000"],["94172.87000000","0.00000000"],["94172.92000000","0.00000000"],["94173.10000000","0.00000000"],["94173.12000000","0.00016000"],["94173.26000000","0.00000000"],["94173.62000000","0.00000000"],["94173.73000000","0.00000000"],["94173.74000000","0.00000000"],["94173.91000000","0.00013000"],["94173.95000000","0.00000000"],["94174.66000000","0.00000000"],["94174.81000000","0.97760000"],["94175.58000000","0.00000000"],["94175.61000000","0.00000000"],["94175.63000000","0.00000000"],["94175.83000000","0.00000000"],["94175.96000000","0.00000000"],["94176.15000000","0.00000000"],["94176.38000000","0.04357000"],["94176.41000000","0.04243000"],["94176.65000000","0.00000000"],["94176.84000000","0.00000000"],["94177.71000000","0.05309000"],["94177.88000000","0.00000000"],["94178.06000000","0.00000000"],["94178.72000000","0.00000000"],["94179.16000000","0.00000000"],["94179.18000000","0.00000000"],["94179.98000000","0.00000000"],["94180.20000000","0.00000000"],["94181.11000000","0.00000000"],["94182.26000000","0.00531000"],["94183.10000000","0.00000000"],["94184.33000000","0.00000000"],["94184.99000000","0.00000000"],["94186.16000000","0.00000000"],["94186.71000000","0.04038000"],["94186.87000000","0.04038000"],["94187.25000000","0.00000000"],["94187.78000000","0.00317000"],["94188.90000000","0.00000000"],["94189.01000000","0.04038000"],["94189.06000000","0.04038000"],["94189.27000000","0.08015000"],["94189.49000000","0.04800000"],["94189.60000000","0.00000000"],["94190.23000000","0.00000000"],["94190.31000000","0.00000000"],["94190.36000000","0.00000000"],["94190.47000000","0.00109000"],["94190.59000000","0.00000000"],["94191.21000000","0.04038000"],["94191.42000000","0.00000000"],["94191.45000000","0.04038000"],["94191.58000000","0.00000000"],["94191.93000000","0.00000000"],["94193.85000000","0.00000000"],["94193.95000000","0.04038000"],["94194.39000000","0.04038000"],["94195.27000000","0.00264000"],["94195.28000000","0.03196000"],["94195.31000000","0.00000000"],["94196.14000000","0.00146000"],["94196.47000000","0.00000000"],["94196.49000000","0.00000000"],["94197.31000000","0.04038000"],["94197.41000000","1.77329000"],["94198.09000000","0.08076000"],["94198.10000000","0.04038000"],["94198.14000000","0.00000000"],["94199.58000000","0.04038000"],["94199.71000000","0.34396000"],["94199.74000000","0.04038000"],["94199.77000000","0.00000000"],["94202.44000000","0.00000000"],["94202.53000000","0.53578000"],["94202.54000000","0.34394000"],["94203.21000000","0.04038000"],["94203.34000000","0.04038000"],["94204.44000000","0.00000000"],["94204.74000000","0.04038000"],["94205.80000000","0.00008000"],["94206.94000000","0.08076000"],["94207.11000000","0.04144000"],["94208.96000000","0.00000000"],["94209.05000000","0.04144000"],["94209.07000000","0.00264000"],["94209.86000000","0.00006000"],["94209.88000000","0.00000000"],["94211.22000000","0.04144000"],["94217.82000000","0.04250000"],["94218.22000000","0.00000000"],["94218.54000000","0.09199000"],["94218.60000000","0.00008000"],["94220.00000000","0.05344000"],["94222.74000000","0.04250000"],["94223.10000000","0.00000000"],["94223.35000000","0.00000000"],["94223.51000000","0.04250000"],["94226.64000000","0.11499000"],["94228.11000000","0.20386000"],["94228.87000000","0.11499000"],["94229.62000000","0.00000000"],["94231.41000000","0.00000000"],["94232.72000000","0.00000000"],["94234.48000000","0.00000000"],["94239.48000000","0.05797000"],["94241.13000000","0.05798000"],["94242.16000000","0.05597000"],["94245.38000000","0.00008000"],["94256.20000000","0.00000000"],["94274.49000000","0.00000000"],["94282.26000000","0.00000000"],["94285.21000000","0.00000000"],["94286.87000000","0.00000000"],["94289.90000000","0.00022000"],["94293.48000000","0.00106000"],["94294.34000000","0.00000000"],["94304.02000000","0.00000000"],["94305.29000000","0.00106000"],["94310.22000000","0.00000000"],["94341.80000000","0.00018000"],["94371.18000000","0.49500000"],["94394.60000000","0.00011000"],["94394.66000000","0.00000000"],["94394.91000000","0.00008000"],["94399.30000000","0.00011000"],["94400.30000000","0.00000000"],["94402.56000000","0.00011000"],["94407.26000000","0.00011000"],["94415.63000000","0.00000000"],["94450.58000000","1.04995000"],["94491.65000000","0.00400000"],["94565.72000000","0.00000000"],["94570.50000000","0.00045000"],["95071.25000000","0.00000000"],["95095.00000000","0.00348000"],["95213.75000000","0.00000000"],["95237.50000000","0.05259000"],["95511.50000000","0.00106000"]],"b":[["94113.50000000","5.97823000"],["94113.34000000","0.00000000"],["94113.09000000","0.00000000"],["94112.85000000","0.00006000"],["94112.84000000","0.00012000"],["94112.76000000","0.00000000"],["94112.75000000","0.00000000"],["94112.71000000","0.00006000"],["94112.00000000","0.00018000"],["94111.99000000","0.14593000"],["94111.86000000","0.00000000"],["94111.83000000","0.00000000"],["94111.81000000","0.00006000"],["94111.80000000","0.00006000"],["94111.78000000","0.00012000"],["94111.77000000","2.29425000"],["94111.76000000","0.00000000"],["94111.75000000","0.00000000"],["94111.69000000","0.00000000"],["94111.50000000","0.04262000"],["94111.49000000","0.00000000"],["94111.20000000","0.04262000"],["94110.83000000","0.00000000"],["94110.72000000","0.04248000"],["94110.27000000","0.00000000"],["94110.25000000","0.00000000"],["94110.24000000","0.62188000"],["94109.88000000","0.00000000"],["94109.48000000","0.00000000"],["94109.35000000","0.45160000"],["94109.34000000","0.00006000"],["94109.09000000","0.00000000"],["94109.08000000","0.08027000"],["94108.94000000","0.00000000"],["94108.00000000","0.04262000"],["94107.99000000","0.00000000"],["94107.64000000","0.00000000"],["94107.47000000","0.00000000"],["94107.26000000","0.00000000"],["94107.04000000","0.00000000"],["94106.97000000","0.00000000"],["94106.72000000","0.00000000"],["94106.71000000","0.00000000"],["94106.69000000","0.00000000"],["94106.16000000","0.00000000"],["94106.11000000","0.00000000"],["94105.99000000","0.00000000"],["94105.62000000","0.00000000"],["94105.61000000","0.00000000"],["94105.53000000","0.00531000"],["94104.80000000","0.04250000"],["94104.70000000","0.00000000"],["94104.30000000","0.00000000"],["94104.11000000","4.85475000"],["94104.10000000","0.00000000"],["94104.09000000","0.24265000"],["94104.08000000","0.00000000"],["94104.07000000","0.00000000"],["94104.06000000","0.04496000"],["94104.05000000","0.00000000"],["94103.99000000","0.00000000"],["94103.77000000","0.48841000"],["94103.35000000","0.00000000"],["94103.28000000","0.00000000"],["94103.04000000","0.00000000"],["94102.55000000","1.00000000"],["94102.33000000","0.00000000"],["94101.75000000","0.00011000"],["94101.65000000","0.00531000"],["94101.64000000","0.05322000"],["94101.51000000","0.00000000"],["94101.50000000","0.00000000"],["94101.49000000","0.00000000"],["94101.48000000","0.00000000"],["94101.42000000","0.00000000"],["94101.39000000","0.04000000"],["94101.00000000","0.04250000"],["94100.95000000","0.00000000"],["94100.46000000","0.00000000"],["94100.45000000","0.00000000"],["94100.43000000","0.00000000"],["94100.28000000","0.24220000"],["94100.27000000","0.00000000"],["94100.22000000","0.00000000"],["94100.19000000","0.00000000"],["94100.03000000","0.21381000"],["94100.02000000","0.00000000"],["94100.00000000","0.00006000"],["94099.99000000","0.48265000"],["94099.98000000","0.00000000"],["94099.97000000","0.00000000"],["94099.94000000","0.00000000"],["94099.93000000","0.00000000"],["94099.51000000","0.00000000"],["94099.49000000","0.00000000"],["94099.44000000","0.00000000"],["94099.35000000","0.00575000"],["94098.72000000","0.00000000"],["94098.64000000","0.00000000"],["94098.56000000","0.00000000"],["94098.48000000","0.00000000"],["94098.40000000","0.04250000"],["94097.91000000","0.00000000"],["94097.80000000","0.00011000"],["94097.77000000","0.00000000"],["94097.68000000","0.00000000"],["94097.50000000","0.04250000"],["94097.49000000","0.00000000"],["94097.46000000","0.00000000"],["94097.36000000","0.00000000"],["94097.13000000","0.09405000"],["94097.03000000","0.00000000"],["94096.79000000","0.00000000"],["94096.67000000","0.00000000"],["94096.39000000","0.00008000"],["94096.21000000","0.00000000"],["94096.05000000","0.00000000"],["94096.04000000","0.00000000"],["94096.03000000","0.10143000"],["94095.99000000","0.00000000"],["94095.73000000","0.21381000"],["94095.72000000","0.79626000"],["94095.71000000","0.00000000"],["94095.68000000","0.00011000"],["94095.49000000","0.00000000"],["94095.48000000","0.00000000"],["94095.41000000","0.00000000"],["94095.37000000","0.00000000"],["94095.29000000","0.00000000"],["94095.28000000","0.00000000"],["94095.26000000","0.00000000"],["94095.25000000","0.21381000"],["94095.24000000","0.45148000"],["94095.23000000","0.56597000"],["94095.22000000","0.00000000"],["94095.21000000","0.00000000"],["94095.20000000","0.00000000"],["94095.19000000","0.00000000"],["94095.18000000","0.00000000"],["94095.15000000","0.00000000"],["94095.13000000","0.00000000"],["94094.88000000","0.04224000"],["94094.68000000","0.00000000"],["94094.64000000","0.15900000"],["94094.58000000","0.00000000"],["94094.57000000","0.00000000"],["94094.56000000","0.00000000"],["94094.55000000","0.00000000"],["94094.45000000","0.00000000"],["94094.07000000","0.00006000"],["94094.04000000","0.00000000"],["94094.00000000","0.04250000"],["94093.90000000","0.00212000"],["94093.89000000","0.08015000"],["94093.87000000","0.00000000"],["94093.86000000","0.00000000"],["94093.44000000","0.00000000"],["94093.10000000","0.00011000"],["94092.90000000","0.00000000"],["94092.76000000","0.00000000"],["94092.67000000","0.44979000"],["94092.66000000","0.02152000"],["94092.52000000","0.39857000"],["94092.34000000","0.00000000"],["94092.00000000","0.04250000"],["94091.66000000","0.00000000"],["94091.60000000","2.00000000"],["94091.56000000","0.00000000"],["94091.51000000","0.99644000"],["94091.42000000","0.00053000"],["94091.27000000","0.00000000"],["94091.24000000","0.00000000"],["94091.23000000","0.00000000"],["94091.02000000","0.00000000"],["94090.87000000","0.00000000"],["94090.69000000","0.99644000"],["94090.56000000","0.00000000"],["94090.52000000","0.00000000"],["94090.50000000","0.04250000"],["94090.28000000","0.05760000"],["94090.25000000","0.79715000"],["94089.96000000","0.21381000"],["94089.83000000","0.31886000"],["94089.54000000","0.21381000"],["94089.27000000","0.00000000"],["94088.94000000","0.00000000"],["94088.25000000","1.77825000"],["94088.24000000","1.71063000"],["94088.18000000","0.00000000"],["94087.59000000","0.00000000"],["94087.23000000","0.53143000"],["94087.01000000","0.00000000"],["94087.00000000","0.04250000"],["94086.99000000","0.00008000"],["94086.74000000","0.08015000"],["94086.68000000","0.00000000"],["94086.67000000","0.00000000"],["94086.66000000","0.04800000"],["94086.44000000","0.00000000"],["94086.09000000","0.05313000"],["94085.86000000","0.21381000"],["94085.77000000","0.00000000"],["94085.64000000","0.21381000"],["94085.63000000","0.00000000"],["94085.27000000","0.00000000"],["94085.21000000","0.44528000"],["94085.10000000","0.00041000"],["94084.86000000","0.00000000"],["94084.85000000","0.00000000"],["94084.84000000","0.00000000"],["94084.66000000","0.00000000"],["94084.61000000","0.00000000"],["94084.25000000","0.00026000"],["94084.20000000","0.00000000"],["94084.16000000","0.79715000"],["94084.08000000","0.00000000"],["94083.43000000","0.00000000"],["94083.40000000","0.00000000"],["94083.17000000","0.00000000"],["94082.86000000","0.00000000"],["94082.85000000","0.00007000"],["94082.45000000","0.00000000"],["94082.39000000","0.00500000"],["94082.02000000","0.00053000"],["94082.00000000","1.72573000"],["94081.99000000","1.71052000"],["94081.98000000","0.00000000"],["94081.97000000","0.00000000"],["94081.96000000","0.00000000"],["94081.95000000","0.32008000"],["94081.94000000","0.00000000"],["94081.88000000","0.33934000"],["94081.75000000","0.00000000"],["94081.59000000","0.76504000"],["94081.51000000","0.99644000"],["94081.25000000","0.00000000"],["94081.15000000","0.00000000"],["94081.10000000","0.00000000"],["94080.88000000","0.00000000"],["94080.51000000","0.00000000"],["94080.48000000","0.08214000"],["94080.00000000","0.06381000"],["94079.94000000","0.00000000"],["94079.57000000","0.00000000"],["94079.13000000","0.31886000"],["94078.62000000","0.02125000"],["94078.50000000","0.00000000"],["94078.45000000","0.00000000"],["94078.42000000","0.06349000"],["94078.35000000","0.00000000"],["94077.62000000","0.02656000"],["94076.81000000","0.00000000"],["94076.73000000","0.84736000"],["94076.63000000","0.00000000"],["94076.41000000","0.00020000"],["94076.02000000","0.00000000"],["94075.87000000","0.08015000"],["94075.82000000","0.00000000"],["94075.41000000","0.00358000"],["94075.21000000","0.00000000"],["94075.19000000","0.05315000"],["94075.16000000","0.00000000"],["94075.05000000","0.26694000"],["94075.04000000","1.22963000"],["94074.99000000","0.02378000"],["94074.76000000","0.00000000"],["94074.47000000","0.00000000"],["94073.83000000","0.99644000"],["94073.52000000","0.76511000"],["94073.13000000","0.18237000"],["94073.00000000","0.00000000"],["94071.92000000","0.00000000"],["94071.87000000","0.00317000"],["94071.76000000","0.00000000"],["94071.44000000","0.00000000"],["94071.04000000","0.00000000"],["94070.64000000","0.10651000"],["94070.47000000","0.00000000"],["94070.17000000","0.00000000"],["94070.10000000","0.00531000"],["94069.57000000","1.28417000"],["94069.50000000","0.00000000"],["94068.84000000","0.00000000"],["94068.54000000","0.00000000"],["94068.08000000","0.00000000"],["94067.27000000","0.00000000"],["94067.01000000","0.00000000"],["94066.99000000","0.00000000"],["94066.95000000","0.00000000"],["94066.86000000","0.76516000"],["94066.61000000","0.00000000"],["94065.90000000","0.00000000"],["94065.83000000","0.00000000"],["94065.80000000","2.41603000"],["94065.79000000","0.00000000"],["94065.68000000","0.00000000"],["94065.66000000","0.05000000"],["94065.10000000","0.00000000"],["94064.97000000","0.00000000"],["94063.82000000","0.00000000"],["94063.40000000","0.02656000"],["94063.05000000","0.02973000"],["94063.04000000","0.00000000"],["94062.31000000","0.00106000"],["94062.20000000","0.00000000"],["94062.19000000","1.08850000"],["94061.67000000","0.00000000"],["94060.83000000","0.00000000"],["94060.77000000","0.66151000"],["94060.71000000","0.00000000"],["94060.70000000","0.00000000"],["94060.46000000","0.00000000"],["94059.98000000","0.00000000"],["94059.72000000","0.00000000"],["94059.51000000","0.00000000"],["94059.39000000","0.05313000"],["94058.99000000","0.00000000"],["94058.39000000","0.00000000"],["94058.03000000","0.00000000"],["94057.90000000","0.09019000"],["94057.84000000","0.32475000"],["94057.66000000","0.05000000"],["94057.29000000","0.05597000"],["94057.28000000","0.00000000"],["94056.80000000","0.00000000"],["94056.38000000","0.05315000"],["94055.97000000","0.00000000"],["94055.69000000","0.00000000"],["94055.09000000","0.00000000"],["94054.88000000","0.00000000"],["94054.66000000","0.00000000"],["94054.42000000","0.00000000"],["94054.12000000","0.00000000"],["94053.68000000","1.51047000"],["94052.80000000","0.63730000"],["94052.70000000","0.00000000"],["94052.37000000","0.00000000"],["94052.35000000","0.49760000"],["94052.06000000","0.00000000"],["94051.57000000","0.00000000"],["94051.56000000","1.97968000"],["94051.13000000","0.00000000"],["94050.02000000","0.20226000"],["94049.98000000","0.04251000"],["94049.60000000","0.00000000"],["94049.18000000","0.02889000"],["94048.86000000","0.00000000"],["94048.75000000","0.00000000"],["94048.74000000","0.00000000"],["94048.59000000","0.00106000"],["94048.57000000","0.00000000"],["94048.16000000","0.00000000"],["94047.99000000","0.00000000"],["94047.31000000","0.00000000"],["94047.20000000","0.00000000"],["94046.78000000","0.00265000"],["94045.99000000","0.00000000"],["94044.76000000","0.02297000"],["94043.53000000","0.00000000"],["94042.86000000","0.02949000"],["94042.45000000","0.00000000"],["94042.34000000","0.00000000"],["94041.53000000","0.00000000"],["94040.82000000","0.00000000"],["94040.52000000","0.00000000"],["94039.53000000","0.00000000"],["94039.15000000","0.00000000"],["94039.11000000","0.07234000"],["94039.08000000","0.00000000"],["94038.35000000","0.00000000"],["94037.97000000","0.00000000"],["94037.60000000","0.00000000"],["94036.55000000","0.00000000"],["94035.85000000","0.00264000"],["94035.48000000","0.72980000"],["94035.44000000","0.00000000"],["94034.22000000","0.00317000"],["94033.78000000","0.42514000"],["94033.04000000","0.00000000"],["94032.73000000","0.00000000"],["94031.70000000","0.00000000"],["94031.09000000","0.64454000"],["94031.08000000","0.00000000"],["94030.90000000","0.00000000"],["94029.20000000","0.00000000"],["94029.08000000","0.05597000"],["94028.87000000","0.00000000"],["94028.76000000","0.00000000"],["94028.57000000","0.00000000"],["94028.56000000","0.00000000"],["94027.90000000","0.00000000"],["94026.45000000","0.56689000"],["94025.78000000","0.34459000"],["94025.23000000","0.00000000"],["94025.10000000","0.00000000"],["94023.23000000","0.69814000"],["94022.96000000","0.34460000"],["94022.86000000","0.00000000"],["94022.84000000","0.00000000"],["94021.42000000","0.05317000"],["94020.00000000","0.02127000"],["94017.54000000","0.00000000"],["94016.17000000","0.05160000"],["94015.07000000","0.00000000"],["94014.27000000","0.00000000"],["94014.12000000","0.00000000"],["94013.72000000","0.00000000"],["94013.14000000","0.00143000"],["94011.39000000","0.00000000"],["94010.68000000","0.04357000"],["94007.90000000","0.00000000"],["94007.66000000","0.00000000"],["94006.27000000","0.00219000"],["94004.05000000","0.00000000"],["94003.45000000","0.00000000"],["94002.22000000","0.00000000"],["93998.50000000","0.00122000"],["93997.84000000","0.14092000"],["93997.83000000","1.09515000"],["93996.02000000","0.00000000"],["93995.01000000","0.11499000"],["93994.66000000","0.11499000"],["93991.48000000","0.15438000"],["93991.10000000","0.00000000"],["93986.11000000","0.00000000"],["93983.72000000","0.11672000"],["93982.26000000","0.00000000"],["93981.15000000","0.00000000"],["93978.17000000","0.00008000"],["93976.28000000","0.00000000"],["93974.93000000","0.05497000"],["93971.62000000","0.00000000"],["93971.36000000","0.00000000"],["93970.03000000","0.00000000"],["93968.60000000","0.00000000"],["93967.09000000","0.11194000"],["93962.92000000","0.00000000"],["93962.87000000","0.00000000"],["93961.94000000","0.00000000"],["93961.35000000","0.00000000"],["93959.06000000","0.00000000"],["93958.18000000","0.00000000"],["93957.43000000","0.00000000"],["93957.15000000","0.20571000"],["93957.14000000","0.00000000"],["93957.13000000","0.00000000"],["93956.72000000","0.00000000"],["93955.06000000","0.05997000"],["93951.51000000","0.05797000"],["93951.50000000","0.00000000"],["93951.49000000","0.00000000"],["93951.09000000","0.00000000"],["93948.01000000","0.00000000"],["93947.70000000","0.00000000"],["93943.31000000","0.05797000"],["93943.05000000","0.00000000"],["93942.81000000","0.00000000"],["93941.38000000","0.00000000"],["93940.56000000","0.00000000"],["93939.84000000","0.00000000"],["93939.06000000","0.00106000"],["93938.12000000","0.00000000"],["93938.06000000","0.00000000"],["93937.34000000","0.00000000"],["93935.68000000","0.00000000"],["93935.03000000","0.00000000"],["93933.62000000","0.00000000"],["93931.06000000","0.00000000"],["93929.18000000","0.00000000"],["93928.61000000","0.00106000"],["93923.11000000","0.00000000"],["93922.66000000","0.01064000"],["93915.30000000","0.00247000"],["93908.39000000","0.00000000"],["93900.12000000","0.00000000"],["93898.99000000","0.00000000"],["93897.22000000","0.00000000"],["93896.39000000","0.99302000"],["93886.53000000","0.00000000"],["93880.67000000","0.00000000"],["93840.58000000","1.00848000"],["93827.69000000","0.00000000"],["93824.98000000","0.00000000"],["93822.41000000","0.00000000"],["93811.81000000","0.00000000"],["93806.19000000","0.10630000"],["93794.54000000","0.00000000"],["93756.82000000","0.00000000"],["93750.96000000","0.03671000"],["93745.84000000","0.03654000"],["93676.94000000","0.00000000"],["93670.87000000","0.00000000"],["93547.82000000","0.10632000"],["93538.96000000","0.00000000"],["93100.00000000","17.32510000"],["92683.80000000","0.00016000"],["92529.99000000","0.00000000"],["92108.87000000","0.00000000"],["84689.00000000","0.00000000"],["84685.00000000","0.00000000"],["75290.80000000","0.00052000"],["75276.19000000","0.00000000"],["75276.18000000","0.00013000"],["33874.28000000","0.00342000"],["33000.00000000","2.70601000"]],"s":"BTCUSDT","e":"depthUpdate","E":1745777448014,"U":67663547341,"u":67663551180}
Received message: {"p":"94113.51000000","a":3551019388,"q":"0.02656000","s":"BTCUSDT","T":1745777448182,"e":"aggTrade","E":1745777448183,"f":4855242988,"l":4855243003,"m":false,"M":true}
Received message: {"p":"94113.51000000","a":3551019388,"q":"0.02656000","s":"BTCUSDT","T":1745777448182,"e":"aggTrade","E":1745777448183,"f":4855242988,"l":4855243003,"m":false,"M":true}
Received message: {"p":"94113.51000000","a":3551019389,"q":"0.09167000","s":"BTCUSDT","T":1745777448183,"e":"aggTrade","E":1745777448184,"f":4855243004,"l":4855243011,"m":false,"M":true}
Received message: {"p":"94113.51000000","a":3551019389,"q":"0.09167000","s":"BTCUSDT","T":1745777448183,"e":"aggTrade","E":1745777448184,"f":4855243004,"l":4855243011,"m":false,"M":true}
Received message: {"p":"94113.52000000","a":3551019390,"q":"0.00144000","s":"BTCUSDT","T":1745777448183,"e":"aggTrade","E":1745777448184,"f":4855243012,"l":4855243035,"m":false,"M":true}
Received message: {"p":"94113.52000000","a":3551019390,"q":"0.00144000","s":"BTCUSDT","T":1745777448183,"e":"aggTrade","E":1745777448184,"f":4855243012,"l":4855243035,"m":false,"M":true}
Received message: {"p":"94113.54000000","a":3551019391,"q":"0.00022000","s":"BTCUSDT","T":1745777448183,"e":"aggTrade","E":1745777448184,"f":4855243036,"l":4855243037,"m":false,"M":true}
Received message: {"p":"94113.54000000","a":3551019391,"q":"0.00022000","s":"BTCUSDT","T":1745777448183,"e":"aggTrade","E":1745777448184,"f":4855243036,"l":4855243037,"m":false,"M":true}
Received message: {"p":"94113.98000000","a":3551019392,"q":"0.00006000","s":"BTCUSDT","T":1745777448184,"e":"aggTrade","E":1745777448185,"f":4855243038,"l":4855243038,"m":false,"M":true}
Received message: {"p":"94113.98000000","a":3551019392,"q":"0.00006000","s":"BTCUSDT","T":1745777448184,"e":"aggTrade","E":1745777448185,"f":4855243038,"l":4855243038,"m":false,"M":true}
Received message: {"p":"94113.99000000","a":3551019393,"q":"0.00033000","s":"BTCUSDT","T":1745777448184,"e":"aggTrade","E":1745777448185,"f":4855243039,"l":4855243043,"m":false,"M":true}
Received message: {"p":"94113.99000000","a":3551019393,"q":"0.00033000","s":"BTCUSDT","T":1745777448184,"e":"aggTrade","E":1745777448185,"f":4855243039,"l":4855243043,"m":false,"M":true}
Received message: {"p":"94114.00000000","a":3551019394,"q":"0.10657000","s":"BTCUSDT","T":1745777448184,"e":"aggTrade","E":1745777448185,"f":4855243044,"l":4855243048,"m":false,"M":true}
Received message: {"p":"94114.00000000","a":3551019394,"q":"0.10657000","s":"BTCUSDT","T":1745777448184,"e":"aggTrade","E":1745777448185,"f":4855243044,"l":4855243048,"m":false,"M":true}
Received message: {"p":"94114.05000000","a":3551019395,"q":"0.00006000","s":"BTCUSDT","T":1745777448184,"e":"aggTrade","E":1745777448185,"f":4855243049,"l":4855243049,"m":false,"M":true}
Received message: {"p":"94114.05000000","a":3551019395,"q":"0.00006000","s":"BTCUSDT","T":1745777448184,"e":"aggTrade","E":1745777448185,"f":4855243049,"l":4855243049,"m":false,"M":true}
Received message: {"p":"94114.19000000","a":3551019396,"q":"0.00024000","s":"BTCUSDT","T":1745777448184,"e":"aggTrade","E":1745777448185,"f":4855243050,"l":4855243053,"m":false,"M":true}
Received message: {"p":"94114.19000000","a":3551019396,"q":"0.00024000","s":"BTCUSDT","T":1745777448184,"e":"aggTrade","E":1745777448185,"f":4855243050,"l":4855243053,"m":false,"M":true}
Received message: {"p":"94114.20000000","a":3551019397,"q":"0.00018000","s":"BTCUSDT","T":1745777448184,"e":"aggTrade","E":1745777448185,"f":4855243054,"l":4855243056,"m":false,"M":true}
Received message: {"p":"94114.20000000","a":3551019397,"q":"0.00018000","s":"BTCUSDT","T":1745777448184,"e":"aggTrade","E":1745777448185,"f":4855243054,"l":4855243056,"m":false,"M":true}
Received message: {"p":"94114.72000000","a":3551019398,"q":"0.00007000","s":"BTCUSDT","T":1745777448184,"e":"aggTrade","E":1745777448185,"f":4855243057,"l":4855243057,"m":false,"M":true}
Received message: {"p":"94114.72000000","a":3551019398,"q":"0.00007000","s":"BTCUSDT","T":1745777448184,"e":"aggTrade","E":1745777448185,"f":4855243057,"l":4855243057,"m":false,"M":true}
Received message: {"p":"94115.94000000","a":3551019399,"q":"0.00026000","s":"BTCUSDT","T":1745777448184,"e":"aggTrade","E":1745777448185,"f":4855243058,"l":4855243058,"m":false,"M":true}
Received message: {"p":"94115.94000000","a":3551019399,"q":"0.00026000","s":"BTCUSDT","T":1745777448184,"e":"aggTrade","E":1745777448185,"f":4855243058,"l":4855243058,"m":false,"M":true}
Received message: {"p":"94116.00000000","a":3551019400,"q":"0.00220000","s":"BTCUSDT","T":1745777448184,"e":"aggTrade","E":1745777448185,"f":4855243059,"l":4855243061,"m":false,"M":true}
Received message: {"p":"94116.00000000","a":3551019400,"q":"0.00220000","s":"BTCUSDT","T":1745777448184,"e":"aggTrade","E":1745777448185,"f":4855243059,"l":4855243061,"m":false,"M":true}
Received message: {"p":"94116.30000000","a":3551019401,"q":"0.00010000","s":"BTCUSDT","T":1745777448184,"e":"aggTrade","E":1745777448185,"f":4855243062,"l":4855243062,"m":false,"M":true}
Received message: {"p":"94116.30000000","a":3551019401,"q":"0.00010000","s":"BTCUSDT","T":1745777448184,"e":"aggTrade","E":1745777448185,"f":4855243062,"l":4855243062,"m":false,"M":true}
Received message: {"p":"94116.63000000","a":3551019402,"q":"0.00012000","s":"BTCUSDT","T":1745777448184,"e":"aggTrade","E":1745777448185,"f":4855243063,"l":4855243063,"m":false,"M":true}
Received message: {"p":"94116.63000000","a":3551019402,"q":"0.00012000","s":"BTCUSDT","T":1745777448184,"e":"aggTrade","E":1745777448185,"f":4855243063,"l":4855243063,"m":false,"M":true}
Received message: {"p":"94116.93000000","a":3551019403,"q":"0.01607000","s":"BTCUSDT","T":1745777448184,"e":"aggTrade","E":1745777448185,"f":4855243064,"l":4855243067,"m":false,"M":true}
Received message: {"p":"94116.93000000","a":3551019403,"q":"0.01607000","s":"BTCUSDT","T":1745777448184,"e":"aggTrade","E":1745777448185,"f":4855243064,"l":4855243067,"m":false,"M":true}
Received message: {"p":"94117.58000000","a":3551019404,"q":"0.00020000","s":"BTCUSDT","T":1745777448184,"e":"aggTrade","E":1745777448185,"f":4855243068,"l":4855243068,"m":false,"M":true}
Received message: {"p":"94117.58000000","a":3551019404,"q":"0.00020000","s":"BTCUSDT","T":1745777448184,"e":"aggTrade","E":1745777448185,"f":4855243068,"l":4855243068,"m":false,"M":true}
Received message: {"p":"94117.72000000","a":3551019405,"q":"0.00018000","s":"BTCUSDT","T":1745777448184,"e":"aggTrade","E":1745777448185,"f":4855243069,"l":4855243071,"m":false,"M":true}
Received message: {"p":"94117.72000000","a":3551019405,"q":"0.00018000","s":"BTCUSDT","T":1745777448184,"e":"aggTrade","E":1745777448185,"f":4855243069,"l":4855243071,"m":false,"M":true}
Received message: {"p":"94117.73000000","a":3551019406,"q":"0.00018000","s":"BTCUSDT","T":1745777448184,"e":"aggTrade","E":1745777448185,"f":4855243072,"l":4855243074,"m":false,"M":true}
Received message: {"p":"94117.73000000","a":3551019406,"q":"0.00018000","s":"BTCUSDT","T":1745777448184,"e":"aggTrade","E":1745777448185,"f":4855243072,"l":4855243074,"m":false,"M":true}
Received message: {"p":"94117.74000000","a":3551019407,"q":"0.00016000","s":"BTCUSDT","T":1745777448184,"e":"aggTrade","E":1745777448185,"f":4855243075,"l":4855243075,"m":false,"M":true}
Received message: {"p":"94117.74000000","a":3551019407,"q":"0.00016000","s":"BTCUSDT","T":1745777448184,"e":"aggTrade","E":1745777448185,"f":4855243075,"l":4855243075,"m":false,"M":true}
Received message: {"p":"94118.21000000","a":3551019408,"q":"0.00097000","s":"BTCUSDT","T":1745777448184,"e":"aggTrade","E":1745777448185,"f":4855243076,"l":4855243076,"m":false,"M":true}
Received message: {"p":"94118.21000000","a":3551019408,"q":"0.00097000","s":"BTCUSDT","T":1745777448184,"e":"aggTrade","E":1745777448185,"f":4855243076,"l":4855243076,"m":false,"M":true}
Received message: {"p":"94118.22000000","a":3551019409,"q":"0.00044000","s":"BTCUSDT","T":1745777448184,"e":"aggTrade","E":1745777448185,"f":4855243077,"l":4855243077,"m":false,"M":true}
Received message: {"p":"94118.22000000","a":3551019409,"q":"0.00044000","s":"BTCUSDT","T":1745777448184,"e":"aggTrade","E":1745777448185,"f":4855243077,"l":4855243077,"m":false,"M":true}
Received message: {"p":"94118.50000000","a":3551019410,"q":"0.00007000","s":"BTCUSDT","T":1745777448187,"e":"aggTrade","E":1745777448192,"f":4855243078,"l":4855243078,"m":false,"M":true}
Received message: {"p":"94118.50000000","a":3551019410,"q":"0.00007000","s":"BTCUSDT","T":1745777448187,"e":"aggTrade","E":1745777448192,"f":4855243078,"l":4855243078,"m":false,"M":true}
Received message: {"p":"94119.66000000","a":3551019411,"q":"0.00271000","s":"BTCUSDT","T":1745777448193,"e":"aggTrade","E":1745777448199,"f":4855243079,"l":4855243080,"m":false,"M":true}
Received message: {"p":"94119.66000000","a":3551019411,"q":"0.00271000","s":"BTCUSDT","T":1745777448193,"e":"aggTrade","E":1745777448199,"f":4855243079,"l":4855243080,"m":false,"M":true}
Received message: {"p":"602.02000000","q":"0.00900000","s":"BNBUSDT","t":1041896815,"T":1745777448211,"e":"trade","E":1745777448215,"m":false,"M":true}
Received trade message: {"p":"602.02000000","q":"0.00900000","s":"BNBUSDT","t":1041896815,"T":1745777448211,"e":"trade","E":1745777448215,"m":false,"M":true}
Received message: {"p":"602.02000000","q":"0.00900000","s":"BNBUSDT","t":1041896816,"T":1745777448211,"e":"trade","E":1745777448215,"m":false,"M":true}
Received trade message: {"p":"602.02000000","q":"0.00900000","s":"BNBUSDT","t":1041896816,"T":1745777448211,"e":"trade","E":1745777448215,"m":false,"M":true}
Received message: {"p":"602.02000000","q":"0.00600000","s":"BNBUSDT","t":1041896817,"T":1745777448211,"e":"trade","E":1745777448215,"m":false,"M":true}
Received trade message: {"p":"602.02000000","q":"0.00600000","s":"BNBUSDT","t":1041896817,"T":1745777448211,"e":"trade","E":1745777448215,"m":false,"M":true}
Received message: {"p":"94120.00000000","a":3551019412,"q":"0.00044000","s":"BTCUSDT","T":1745777448203,"e":"aggTrade","E":1745777448209,"f":4855243081,"l":4855243082,"m":false,"M":true}
Received message: {"p":"94120.00000000","a":3551019412,"q":"0.00044000","s":"BTCUSDT","T":1745777448203,"e":"aggTrade","E":1745777448209,"f":4855243081,"l":4855243082,"m":false,"M":true}
Received message: {"p":"94119.99000000","a":3551019413,"q":"0.00023000","s":"BTCUSDT","T":1745777448221,"e":"aggTrade","E":1745777448221,"f":4855243083,"l":4855243083,"m":true,"M":true}
Received message: {"p":"94119.99000000","a":3551019413,"q":"0.00023000","s":"BTCUSDT","T":1745777448221,"e":"aggTrade","E":1745777448221,"f":4855243083,"l":4855243083,"m":true,"M":true}
Received message: {"p":"94119.99000000","a":3551019414,"q":"0.00023000","s":"BTCUSDT","T":1745777448235,"e":"aggTrade","E":1745777448236,"f":4855243084,"l":4855243084,"m":true,"M":true}
Received message: {"p":"94119.99000000","a":3551019414,"q":"0.00023000","s":"BTCUSDT","T":1745777448235,"e":"aggTrade","E":1745777448236,"f":4855243084,"l":4855243084,"m":true,"M":true}
Received message: {"p":"94120.00000000","a":3551019415,"q":"0.00009000","s":"BTCUSDT","T":1745777448528,"e":"aggTrade","E":1745777448528,"f":4855243085,"l":4855243085,"m":false,"M":true}
Received message: {"p":"94120.00000000","a":3551019415,"q":"0.00009000","s":"BTCUSDT","T":1745777448528,"e":"aggTrade","E":1745777448528,"f":4855243085,"l":4855243085,"m":false,"M":true}
Received message: {"p":"94120.00000000","a":3551019416,"q":"0.00044000","s":"BTCUSDT","T":1745777448703,"e":"aggTrade","E":1745777448703,"f":4855243086,"l":4855243086,"m":false,"M":true}
Received message: {"p":"94120.00000000","a":3551019416,"q":"0.00044000","s":"BTCUSDT","T":1745777448703,"e":"aggTrade","E":1745777448703,"f":4855243086,"l":4855243086,"m":false,"M":true}
Received message: {"a":[["94113.51000000","0.00000000"],["94113.52000000","0.00000000"],["94113.54000000","0.00000000"],["94113.98000000","0.00000000"],["94113.99000000","0.00000000"],["94114.00000000","0.00000000"],["94114.05000000","0.00000000"],["94114.19000000","0.00000000"],["94114.20000000","0.00000000"],["94114.72000000","0.00000000"],["94114.99000000","0.00000000"],["94115.18000000","0.00000000"],["94115.94000000","0.00000000"],["94116.00000000","0.00000000"],["94116.26000000","0.00000000"],["94116.30000000","0.00000000"],["94116.63000000","0.00000000"],["94116.93000000","0.00000000"],["94117.30000000","0.00000000"],["94117.58000000","0.00000000"],["94117.72000000","0.00000000"],["94117.73000000","0.00000000"],["94117.74000000","0.00000000"],["94117.75000000","0.00000000"],["94118.03000000","0.00000000"],["94118.21000000","0.00000000"],["94118.22000000","0.00000000"],["94118.50000000","0.00000000"],["94118.56000000","0.00000000"],["94118.57000000","0.00000000"],["94119.00000000","0.00000000"],["94119.66000000","0.00000000"],["94119.99000000","0.00000000"],["94120.00000000","4.74287000"],["94120.01000000","0.00132000"],["94120.03000000","0.00038000"],["94120.14000000","0.00006000"],["94120.15000000","0.00006000"],["94120.43000000","0.00000000"],["94120.44000000","0.00006000"],["94120.59000000","0.00006000"],["94120.60000000","0.00006000"],["94120.96000000","0.00011000"],["94121.07000000","0.00006000"],["94121.83000000","0.00130000"],["94121.84000000","0.00000000"],["94121.99000000","0.00012000"],["94122.00000000","0.04250000"],["94122.28000000","0.00021000"],["94122.30000000","0.00000000"],["94122.31000000","0.00000000"],["94122.32000000","0.00000000"],["94122.33000000","0.00000000"],["94122.82000000","0.00000000"],["94122.83000000","0.00000000"],["94123.40000000","0.00000000"],["94123.41000000","0.00000000"],["94123.42000000","0.00024000"],["94123.43000000","0.00000000"],["94123.46000000","0.00000000"],["94123.47000000","0.00000000"],["94123.75000000","0.00000000"],["94123.92000000","0.00000000"],["94123.98000000","0.00012000"],["94123.99000000","0.09759000"],["94124.00000000","0.04527000"],["94124.01000000","0.00000000"],["94124.15000000","0.00000000"],["94124.29000000","0.00000000"],["94124.30000000","0.02149000"],["94124.34000000","0.00000000"],["94124.58000000","0.00000000"],["94124.60000000","0.00000000"],["94124.71000000","0.00045000"],["94124.82000000","0.00000000"],["94125.41000000","0.00015000"],["94125.42000000","0.00000000"],["94125.49000000","0.00000000"],["94125.50000000","0.04250000"],["94125.51000000","0.01355000"],["94125.52000000","0.00382000"],["94125.63000000","0.00000000"],["94125.75000000","0.00382000"],["94126.10000000","0.00000000"],["94126.23000000","0.00000000"],["94126.44000000","0.00010000"],["94126.82000000","0.00000000"],["94126.83000000","0.00012000"],["94126.84000000","0.21381000"],["94126.99000000","0.00000000"],["94127.15000000","0.00000000"],["94127.16000000","0.21381000"],["94127.22000000","0.00000000"],["94127.34000000","0.00000000"],["94127.52000000","0.00000000"],["94127.68000000","0.00000000"],["94127.69000000","0.00000000"],["94127.71000000","0.00006000"],["94127.72000000","1.15313000"],["94127.73000000","1.71052000"],["94127.85000000","0.00096000"],["94127.87000000","0.00000000"],["94127.89000000","0.00000000"],["94128.03000000","0.00000000"],["94128.16000000","0.00000000"],["94128.19000000","0.00000000"],["94128.20000000","0.00000000"],["94128.32000000","0.00560000"],["94128.60000000","0.00000000"],["94128.61000000","0.00000000"],["94128.76000000","0.00000000"],["94128.82000000","0.00000000"],["94128.84000000","0.00000000"],["94129.00000000","0.04250000"],["94129.07000000","0.00000000"],["94129.41000000","0.00265000"],["94129.50000000","0.00000000"],["94129.54000000","0.00000000"],["94129.60000000","0.00000000"],["94129.66000000","0.00000000"],["94129.67000000","0.00000000"],["94129.68000000","0.00000000"],["94129.69000000","0.00000000"],["94129.70000000","0.00000000"],["94129.72000000","0.00000000"],["94129.81000000","0.00000000"],["94129.83000000","0.00000000"],["94129.94000000","0.00000000"],["94129.99000000","0.00000000"],["94130.12000000","0.00000000"],["94130.16000000","0.00000000"],["94130.36000000","0.70093000"],["94130.39000000","0.00000000"],["94130.40000000","0.04250000"],["94130.42000000","0.00000000"],["94130.43000000","0.00000000"],["94130.90000000","0.00000000"],["94130.92000000","0.00000000"],["94131.03000000","0.00000000"],["94131.19000000","0.42762000"],["94131.23000000","0.00000000"],["94131.34000000","0.00000000"],["94131.35000000","0.00000000"],["94131.74000000","0.00000000"],["94131.75000000","0.00000000"],["94132.01000000","1.24392000"],["94132.29000000","0.00000000"],["94132.42000000","0.00000000"],["94132.43000000","0.00000000"],["94132.50000000","0.04250000"],["94132.69000000","0.00000000"],["94132.77000000","0.01587000"],["94133.00000000","0.01355000"],["94133.27000000","0.00013000"],["94133.56000000","0.00000000"],["94133.60000000","0.07680000"],["94133.63000000","0.00000000"],["94133.66000000","0.00000000"],["94133.72000000","0.00000000"],["94133.76000000","1.71052000"],["94134.00000000","0.00008000"],["94134.03000000","0.00000000"],["94134.04000000","0.00000000"],["94134.20000000","0.00382000"],["94134.34000000","0.00382000"],["94134.51000000","0.00091000"],["94134.52000000","0.31886000"],["94134.55000000","0.00000000"],["94134.56000000","0.00000000"],["94134.63000000","0.00000000"],["94134.72000000","0.02000000"],["94134.82000000","0.12000000"],["94135.10000000","0.00000000"],["94135.17000000","0.00000000"],["94135.25000000","0.00101000"],["94135.57000000","0.00000000"],["94135.93000000","0.48138000"],["94136.00000000","0.21616000"],["94136.17000000","0.00000000"],["94136.43000000","0.00000000"],["94136.53000000","0.00000000"],["94136.57000000","0.00000000"],["94136.75000000","0.02000000"],["94136.80000000","0.04250000"],["94136.94000000","0.00013000"],["94136.95000000","0.21381000"],["94137.14000000","0.00000000"],["94137.28000000","0.00000000"],["94137.29000000","0.00000000"],["94137.47000000","0.00000000"],["94137.55000000","0.00000000"],["94137.68000000","0.04800000"],["94137.69000000","0.04800000"],["94137.74000000","0.00000000"],["94137.77000000","0.09600000"],["94138.03000000","0.00000000"],["94138.18000000","0.02295000"],["94138.36000000","0.00000000"],["94138.48000000","0.00000000"],["94138.56000000","0.00000000"],["94138.82000000","0.00053000"],["94138.83000000","0.00000000"],["94138.88000000","0.45148000"],["94138.89000000","1.30573000"],["94138.90000000","0.00000000"],["94139.13000000","1.00000000"],["94139.50000000","0.04250000"],["94139.54000000","1.71052000"],["94139.66000000","0.00000000"],["94139.68000000","0.00006000"],["94139.73000000","0.00000000"],["94139.75000000","0.00000000"],["94139.77000000","0.00000000"],["94139.90000000","0.00000000"],["94139.91000000","0.00000000"],["94140.02000000","0.00000000"],["94140.43000000","0.00000000"],["94140.53000000","0.04800000"],["94140.71000000","0.00026000"],["94140.83000000","0.05314000"],["94140.95000000","0.00000000"],["94140.96000000","0.00000000"],["94141.17000000","0.00000000"],["94141.28000000","0.00000000"],["94141.40000000","0.00000000"],["94141.51000000","0.79715000"],["94141.55000000","0.81061000"],["94141.56000000","0.00000000"],["94141.73000000","0.00531000"],["94141.74000000","0.00000000"],["94141.99000000","0.09405000"],["94142.17000000","0.16000000"],["94142.39000000","0.11520000"],["94142.60000000","0.00000000"],["94142.61000000","0.00000000"],["94142.69000000","0.99644000"],["94143.13000000","0.06349000"],["94143.20000000","0.04250000"],["94144.53000000","0.99644000"],["94145.08000000","0.00000000"],["94145.67000000","0.00000000"],["94146.13000000","0.00000000"],["94146.26000000","2.05500000"],["94146.27000000","1.71052000"],["94146.28000000","0.00000000"],["94146.60000000","0.99644000"],["94146.67000000","0.99644000"],["94147.26000000","0.00000000"],["94147.76000000","0.00000000"],["94147.89000000","0.10634000"],["94148.01000000","0.00000000"],["94148.06000000","0.00000000"],["94148.24000000","0.00010000"],["94148.36000000","0.00531000"],["94148.37000000","0.42762000"],["94149.17000000","0.00000000"],["94149.40000000","0.04716000"],["94149.59000000","0.03188000"],["94150.13000000","0.00000000"],["94150.35000000","0.00000000"],["94150.53000000","0.99539000"],["94150.54000000","0.79715000"],["94150.86000000","0.00352000"],["94151.52000000","0.30838000"],["94151.67000000","0.00576000"],["94151.70000000","0.00000000"],["94151.96000000","0.00000000"],["94152.23000000","0.00000000"],["94152.26000000","0.00000000"],["94152.39000000","0.04243000"],["94152.74000000","0.00000000"],["94152.86000000","0.00000000"],["94153.06000000","0.00000000"],["94153.22000000","0.00016000"],["94155.87000000","0.00300000"],["94155.89000000","0.95234000"],["94155.90000000","0.42762000"],["94156.03000000","0.00011000"],["94156.06000000","0.00000000"],["94156.43000000","0.00000000"],["94156.85000000","0.00496000"],["94156.87000000","0.00000000"],["94156.93000000","0.00000000"],["94157.20000000","0.00000000"],["94158.26000000","2.00000000"],["94159.19000000","0.00000000"],["94159.46000000","0.00000000"],["94159.69000000","0.00000000"],["94161.06000000","0.00000000"],["94161.07000000","0.00000000"],["94161.92000000","0.00000000"],["94162.36000000","0.00000000"],["94162.68000000","0.00000000"],["94163.22000000","0.00000000"],["94163.28000000","0.58289000"],["94163.43000000","0.21381000"],["94163.68000000","0.00010000"],["94163.93000000","0.10781000"],["94164.64000000","0.57236000"],["94164.65000000","0.00000000"],["94165.19000000","0.00000000"],["94166.18000000","0.00107000"],["94166.31000000","0.30618000"],["94167.00000000","0.00317000"],["94167.50000000","0.00000000"],["94167.75000000","0.03159000"],["94167.99000000","0.08028000"],["94169.30000000","1.09305000"],["94169.31000000","1.81205000"],["94170.46000000","0.00000000"],["94170.47000000","0.00000000"],["94170.62000000","0.00000000"],["94170.76000000","0.00000000"],["94170.77000000","0.76432000"],["94170.79000000","0.00000000"],["94171.31000000","0.00820000"],["94171.54000000","0.00000000"],["94171.70000000","0.00212000"],["94171.73000000","0.03297000"],["94172.17000000","0.31886000"],["94172.26000000","0.00000000"],["94172.39000000","0.00000000"],["94172.62000000","0.00000000"],["94174.35000000","0.00806000"],["94174.61000000","0.00000000"],["94176.19000000","0.00000000"],["94176.20000000","0.00000000"],["94176.26000000","0.00318000"],["94176.38000000","0.00000000"],["94176.41000000","0.00000000"],["94176.47000000","0.00300000"],["94177.71000000","0.00000000"],["94177.78000000","0.00000000"],["94177.80000000","0.76426000"],["94177.90000000","0.18217000"],["94178.55000000","0.00000000"],["94178.71000000","0.00000000"],["94179.49000000","0.00000000"],["94179.72000000","0.00000000"],["94179.93000000","0.00000000"],["94179.99000000","0.43766000"],["94180.35000000","0.00000000"],["94181.80000000","0.00000000"],["94181.84000000","0.00000000"],["94182.47000000","0.00000000"],["94182.50000000","0.76422000"],["94183.99000000","0.00000000"],["94184.51000000","0.00000000"],["94185.36000000","0.00865000"],["94185.88000000","0.00000000"],["94186.01000000","0.00000000"],["94186.03000000","0.45148000"],["94186.07000000","0.76419000"],["94186.13000000","0.00000000"],["94186.30000000","0.44298000"],["94186.72000000","0.00000000"],["94186.84000000","0.00560000"],["94186.88000000","0.00000000"],["94186.91000000","0.00000000"],["94187.27000000","0.00000000"],["94187.78000000","0.00000000"],["94188.12000000","0.79010000"],["94188.13000000","0.53143000"],["94188.21000000","0.00000000"],["94189.26000000","0.04037000"],["94189.36000000","0.42514000"],["94189.44000000","0.00000000"],["94189.59000000","0.00000000"],["94189.83000000","0.00000000"],["94190.16000000","0.00420000"],["94190.30000000","0.00000000"],["94190.48000000","0.43999000"],["94191.31000000","0.00000000"],["94191.40000000","0.00599000"],["94191.47000000","0.00000000"],["94191.94000000","0.00000000"],["94191.96000000","0.08075000"],["94192.42000000","0.00000000"],["94192.51000000","0.00000000"],["94193.54000000","0.00007000"],["94193.93000000","0.00000000"],["94193.94000000","0.04037000"],["94193.96000000","0.00000000"],["94194.35000000","0.04800000"],["94194.43000000","0.00000000"],["94194.46000000","0.04037000"],["94195.10000000","0.07680000"],["94195.27000000","0.00000000"],["94195.76000000","0.04356000"],["94196.58000000","0.04037000"],["94196.59000000","0.00000000"],["94196.63000000","0.00000000"],["94196.64000000","0.00000000"],["94196.92000000","0.04037000"],["94196.98000000","0.00000000"],["94197.30000000","0.04356000"],["94197.40000000","0.45148000"],["94197.57000000","0.05307000"],["94198.20000000","0.00000000"],["94198.59000000","0.00000000"],["94198.87000000","0.00000000"],["94198.93000000","0.04037000"],["94198.95000000","0.04356000"],["94199.05000000","0.11520000"],["94199.15000000","0.04037000"],["94199.25000000","0.00000000"],["94199.32000000","0.00000000"],["94199.35000000","0.04800000"],["94199.61000000","0.00000000"],["94199.71000000","0.00000000"],["94200.15000000","0.00000000"],["94200.38000000","0.00000000"],["94200.43000000","0.00000000"],["94200.91000000","0.04356000"],["94201.10000000","0.00000000"],["94201.56000000","0.04037000"],["94201.87000000","0.04053000"],["94202.53000000","0.47881000"],["94202.54000000","0.00000000"],["94202.71000000","0.04143000"],["94203.20000000","0.00264000"],["94203.59000000","0.04037000"],["94204.17000000","0.04356000"],["94204.20000000","0.00000000"],["94204.37000000","0.00000000"],["94204.45000000","0.00000000"],["94204.55000000","0.04037000"],["94204.56000000","0.00143000"],["94204.65000000","0.00317000"],["94204.71000000","0.00010000"],["94205.32000000","0.00000000"],["94205.36000000","0.00000000"],["94205.51000000","0.00599000"],["94205.76000000","0.04037000"],["94205.86000000","0.04356000"],["94206.27000000","0.04152000"],["94206.55000000","0.05149000"],["94206.76000000","0.00009000"],["94206.83000000","0.00000000"],["94207.08000000","0.00000000"],["94207.57000000","0.00000000"],["94207.70000000","0.04037000"],["94207.84000000","0.04356000"],["94208.15000000","0.00000000"],["94208.30000000","0.00000000"],["94208.37000000","0.00000000"],["94208.51000000","0.04037000"],["94208.59000000","1.01548000"],["94209.07000000","0.00000000"],["94209.31000000","0.04143000"],["94209.73000000","0.00000000"],["94209.83000000","0.00000000"],["94209.92000000","0.00000000"],["94209.96000000","0.04356000"],["94210.22000000","0.00900000"],["94210.84000000","0.04037000"],["94210.92000000","0.00000000"],["94211.50000000","0.04143000"],["94211.90000000","0.04037000"],["94212.15000000","0.57647000"],["94212.33000000","0.04356000"],["94212.83000000","0.04356000"],["94213.04000000","0.04800000"],["94213.29000000","0.04143000"],["94213.37000000","0.05598000"],["94213.90000000","0.00000000"],["94214.58000000","0.00000000"],["94214.84000000","0.04037000"],["94214.97000000","0.00265000"],["94215.07000000","0.00178000"],["94215.08000000","0.04037000"],["94215.11000000","0.08712000"],["94215.55000000","0.36420000"],["94215.57000000","0.00000000"],["94215.74000000","0.04143000"],["94215.94000000","0.00000000"],["94217.59000000","0.00006000"],["94218.29000000","0.04037000"],["94218.32000000","0.00000000"],["94218.46000000","0.04037000"],["94218.68000000","0.00599000"],["94219.20000000","0.34388000"],["94219.62000000","0.04037000"],["94219.68000000","0.00000000"],["94220.00000000","0.07467000"],["94221.43000000","0.04037000"],["94222.19000000","0.04250000"],["94222.23000000","0.34387000"],["94222.89000000","0.00000000"],["94223.67000000","0.00000000"],["94224.45000000","0.04257000"],["94225.19000000","0.00716000"],["94226.96000000","0.04250000"],["94227.44000000","0.00000000"],["94228.00000000","0.00243000"],["94228.23000000","0.04250000"],["94228.41000000","0.00357000"],["94228.68000000","0.00000000"],["94229.59000000","0.00000000"],["94229.80000000","0.05597000"],["94230.92000000","0.05597000"],["94232.05000000","0.05597000"],["94232.47000000","0.00000000"],["94232.94000000","0.00010000"],["94233.36000000","0.05797000"],["94233.42000000","0.05819000"],["94233.86000000","0.11194000"],["94234.08000000","0.05797000"],["94234.18000000","0.00000000"],["94234.23000000","0.05597000"],["94235.58000000","0.00000000"],["94235.86000000","0.05797000"],["94235.88000000","0.00000000"],["94235.90000000","0.05797000"],["94236.05000000","0.05604000"],["94236.18000000","0.05797000"],["94236.21000000","0.05797000"],["94236.38000000","0.00000000"],["94236.63000000","0.05797000"],["94237.40000000","0.00008000"],["94238.01000000","0.03798000"],["94238.14000000","0.05597000"],["94238.78000000","0.05597000"],["94239.11000000","0.05797000"],["94239.16000000","0.05797000"],["94239.21000000","0.05797000"],["94239.25000000","0.05797000"],["94239.26000000","0.05797000"],["94239.66000000","0.05797000"],["94240.54000000","0.05797000"],["94241.09000000","0.05597000"],["94241.17000000","0.03817000"],["94242.20000000","0.05597000"],["94242.57000000","0.05797000"],["94242.62000000","1.71052000"],["94242.77000000","0.05797000"],["94243.90000000","0.11564000"],["94244.96000000","0.05597000"],["94245.02000000","0.05597000"],["94246.23000000","0.03798000"],["94246.71000000","0.05797000"],["94246.88000000","0.05797000"],["94247.20000000","0.05803000"],["94247.52000000","0.00000000"],["94247.54000000","0.05597000"],["94249.14000000","0.05797000"],["94249.71000000","1.71052000"],["94250.05000000","0.99015000"],["94250.16000000","0.05597000"],["94251.00000000","0.00158000"],["94251.01000000","0.03798000"],["94251.94000000","0.05797000"],["94253.20000000","0.54609000"],["94253.21000000","0.00000000"],["94253.68000000","0.05597000"],["94255.25000000","0.05797000"],["94255.53000000","0.03798000"],["94260.16000000","0.03798000"],["94261.18000000","0.00010000"],["94262.71000000","0.03998000"],["94265.12000000","0.00011000"],["94310.37000000","0.00400000"],["94366.13000000","0.00000000"],["94367.51000000","0.00000000"],["94373.57000000","0.00000000"],["94380.60000000","0.49500000"],["94381.05000000","0.00000000"],["94382.00000000","0.00000000"],["94403.24000000","0.00016000"],["94405.14000000","0.00011000"],["94407.26000000","0.00000000"],["94409.84000000","0.00000000"],["94424.07000000","0.21251000"],["94436.72000000","0.29033000"],["94447.99000000","0.03613000"],["94470.00000000","0.05286000"],["94480.67000000","0.00012000"],["94491.65000000","0.00000000"],["94517.00000000","0.03189000"],["94570.50000000","0.00000000"],["94584.08000000","0.00000000"],["94590.60000000","0.00090000"],["94720.00000000","0.20570000"],["94827.20000000","0.00000000"],["95511.50000000","0.00006000"],["96000.00000000","107.16203000"]],"b":[["94119.99000000","4.40077000"],["94119.98000000","0.00006000"],["94119.90000000","0.00006000"],["94119.89000000","0.00006000"],["94119.80000000","0.00006000"],["94119.71000000","0.00018000"],["94119.70000000","0.14784000"],["94119.69000000","0.00006000"],["94119.68000000","0.00012000"],["94119.67000000","0.24020000"],["94119.66000000","0.70107000"],["94119.65000000","0.00013000"],["94119.36000000","0.04249000"],["94118.57000000","0.00000000"],["94118.56000000","0.00000000"],["94118.50000000","0.04256000"],["94118.49000000","0.01361000"],["94118.39000000","0.00000000"],["94118.21000000","0.00000000"],["94117.99000000","0.00000000"],["94117.83000000","0.00000000"],["94117.76000000","0.00000000"],["94117.74000000","0.00000000"],["94117.73000000","0.00000000"],["94117.72000000","0.00000000"],["94117.60000000","0.00000000"],["94117.43000000","0.00000000"],["94117.03000000","0.00000000"],["94116.92000000","0.00000000"],["94116.49000000","0.00000000"],["94116.25000000","0.00000000"],["94115.99000000","0.00000000"],["94115.60000000","0.00000000"],["94115.54000000","0.00000000"],["94115.28000000","0.00575000"],["94115.01000000","0.01283000"],["94115.00000000","0.04256000"],["94114.71000000","0.00000000"],["94114.55000000","0.30886000"],["94114.22000000","0.00000000"],["94114.21000000","0.00000000"],["94114.20000000","0.00000000"],["94114.19000000","0.00000000"],["94114.18000000","0.00000000"],["94114.07000000","0.00000000"],["94114.04000000","0.00000000"],["94114.01000000","0.00000000"],["94114.00000000","0.00000000"],["94113.99000000","0.00000000"],["94113.98000000","0.00000000"],["94113.97000000","0.00000000"],["94113.93000000","0.00000000"],["94113.66000000","0.00000000"],["94113.54000000","0.00000000"],["94113.53000000","0.00000000"],["94113.52000000","0.00000000"],["94113.51000000","0.00000000"],["94113.50000000","0.00000000"],["94112.85000000","0.00000000"],["94112.84000000","0.00000000"],["94112.71000000","0.00000000"],["94112.00000000","0.00000000"],["94111.99000000","0.00000000"],["94111.89000000","0.01587000"],["94111.81000000","0.00000000"],["94111.80000000","0.00000000"],["94111.79000000","0.00000000"],["94111.78000000","0.00000000"],["94111.77000000","0.00000000"],["94111.50000000","0.04250000"],["94111.47000000","0.00000000"],["94111.20000000","0.04250000"],["94110.87000000","0.00000000"],["94110.72000000","0.00000000"],["94110.58000000","0.00531000"],["94110.25000000","0.30250000"],["94110.24000000","0.55675000"],["94109.80000000","0.00011000"],["94109.35000000","0.45148000"],["94109.34000000","0.00000000"],["94109.08000000","0.00000000"],["94108.79000000","0.00000000"],["94108.00000000","0.04250000"],["94107.65000000","0.66753000"],["94107.64000000","0.38897000"],["94106.81000000","0.00011000"],["94106.47000000","0.00000000"],["94106.46000000","0.00000000"],["94106.45000000","0.21381000"],["94106.21000000","0.00000000"],["94106.11000000","0.00560000"],["94105.79000000","0.00008000"],["94105.78000000","0.10491000"],["94105.64000000","0.00006000"],["94105.63000000","0.00000000"],["94105.54000000","0.00212000"],["94104.91000000","0.00000000"],["94104.81000000","0.00000000"],["94104.50000000","0.04250000"],["94104.31000000","1.00000000"],["94104.18000000","0.00000000"],["94104.11000000","0.00000000"],["94104.06000000","0.04000000"],["94103.87000000","0.00000000"],["94103.79000000","0.00106000"],["94103.77000000","0.00000000"],["94103.17000000","0.05314000"],["94102.56000000","0.81255000"],["94102.55000000","0.00000000"],["94101.77000000","0.00531000"],["94101.76000000","0.00000000"],["94101.75000000","0.00011000"],["94101.71000000","0.00000000"],["94101.65000000","0.00000000"],["94101.64000000","0.05278000"],["94101.61000000","0.00000000"],["94101.53000000","0.06349000"],["94101.47000000","0.00000000"],["94101.40000000","0.21381000"],["94101.21000000","0.02000000"],["94101.17000000","0.00053000"],["94100.82000000","0.04992000"],["94100.76000000","0.00000000"],["94100.28000000","0.00000000"],["94100.26000000","0.05280000"],["94100.18000000","0.10080000"],["94100.15000000","0.05280000"],["94099.99000000","0.36074000"],["94099.70000000","0.48886000"],["94099.69000000","0.00000000"],["94099.62000000","0.00496000"],["94099.58000000","0.31886000"],["94099.57000000","0.79715000"],["94099.38000000","0.00300000"],["94099.35000000","0.00000000"],["94099.21000000","0.00000000"],["94098.93000000","0.31560000"],["94098.15000000","0.33976000"],["94096.51000000","0.04800000"],["94096.03000000","0.00000000"],["94095.75000000","1.05127000"],["94095.74000000","1.71052000"],["94095.73000000","0.21381000"],["94095.72000000","0.00000000"],["94095.55000000","0.04800000"],["94095.45000000","0.04800000"],["94095.30000000","0.00000000"],["94095.23000000","0.54528000"],["94095.19000000","0.00000000"],["94095.09000000","0.00776000"],["94094.67000000","0.10650000"],["94094.64000000","0.00000000"],["94094.39000000","0.00000000"],["94093.90000000","0.00000000"],["94093.35000000","0.00000000"],["94092.82000000","0.00000000"],["94092.72000000","1.71916000"],["94092.67000000","1.77453000"],["94092.66000000","0.00000000"],["94092.43000000","0.00000000"],["94092.39000000","0.04800000"],["94092.33000000","0.00006000"],["94091.99000000","0.79715000"],["94091.92000000","0.00357000"],["94091.76000000","0.00000000"],["94091.75000000","0.00010000"],["94091.60000000","0.00000000"],["94091.42000000","0.00000000"],["94091.26000000","0.00000000"],["94090.50000000","0.00000000"],["94089.83000000","0.00000000"],["94088.90000000","0.00000000"],["94088.63000000","2.00000000"],["94088.25000000","1.30816000"],["94087.81000000","0.00578000"],["94087.75000000","0.00000000"],["94087.00000000","0.00000000"],["94086.97000000","0.08214000"],["94086.74000000","0.00000000"],["94086.66000000","0.00000000"],["94085.69000000","0.15900000"],["94085.23000000","0.00016000"],["94084.54000000","0.00000000"],["94083.50000000","0.00000000"],["94083.43000000","0.00000000"],["94083.42000000","0.79715000"],["94083.35000000","0.18235000"],["94083.23000000","0.00000000"],["94082.95000000","0.00000000"],["94081.88000000","0.00000000"],["94081.57000000","0.00317000"],["94080.69000000","0.00000000"],["94080.48000000","0.00000000"],["94080.38000000","0.02973000"],["94080.00000000","0.02131000"],["94079.13000000","0.00000000"],["94078.56000000","0.10195000"],["94078.46000000","0.00000000"],["94078.43000000","0.00000000"],["94078.42000000","0.00000000"],["94077.62000000","0.08253000"],["94076.50000000","0.00000000"],["94076.41000000","0.00000000"],["94076.01000000","0.48111000"],["94075.97000000","0.25400000"],["94075.41000000","0.00000000"],["94075.34000000","0.00011000"],["94075.28000000","0.00000000"],["94075.14000000","0.76510000"],["94075.04000000","0.00000000"],["94075.03000000","0.00000000"],["94074.88000000","0.79871000"],["94073.53000000","0.05597000"],["94073.50000000","0.00000000"],["94073.13000000","0.00000000"],["94072.14000000","0.00000000"],["94071.87000000","0.00000000"],["94070.72000000","0.00000000"],["94070.64000000","0.00000000"],["94070.55000000","0.00106000"],["94069.90000000","0.00000000"],["94069.57000000","0.87802000"],["94069.53000000","0.00000000"],["94069.31000000","0.00000000"],["94069.02000000","0.00000000"],["94068.49000000","0.00000000"],["94068.27000000","0.00000000"],["94068.04000000","0.76515000"],["94067.01000000","0.05597000"],["94067.00000000","0.53143000"],["94066.86000000","0.00000000"],["94066.40000000","0.00000000"],["94066.22000000","0.00000000"],["94065.80000000","0.00000000"],["94065.67000000","0.05597000"],["94065.01000000","0.00000000"],["94064.96000000","0.80428000"],["94064.66000000","0.00000000"],["94063.70000000","0.05597000"],["94063.69000000","0.00000000"],["94063.52000000","0.00010000"],["94063.06000000","0.63722000"],["94063.05000000","0.00000000"],["94062.95000000","0.00000000"],["94062.31000000","0.00000000"],["94062.19000000","0.29135000"],["94061.87000000","1.76649000"],["94061.72000000","0.00000000"],["94061.42000000","0.31886000"],["94060.97000000","0.00000000"],["94060.80000000","0.00000000"],["94060.77000000","0.00000000"],["94060.21000000","0.00000000"],["94060.00000000","0.02132000"],["94058.52000000","0.29392000"],["94058.51000000","0.36195000"],["94057.90000000","0.05597000"],["94057.84000000","0.11094000"],["94057.30000000","0.02297000"],["94057.29000000","0.11194000"],["94056.05000000","1.29561000"],["94055.63000000","0.00812000"],["94055.55000000","0.00820000"],["94055.38000000","0.00849000"],["94055.37000000","0.00000000"],["94054.60000000","0.02873000"],["94053.88000000","0.00819000"],["94053.72000000","0.00000000"],["94053.60000000","0.00000000"],["94052.80000000","0.00000000"],["94051.57000000","0.82612000"],["94050.02000000","0.00000000"],["94045.21000000","0.03422000"],["94044.76000000","0.00000000"],["94043.92000000","0.00317000"],["94043.13000000","0.00000000"],["94042.86000000","0.00000000"],["94041.56000000","0.34453000"],["94041.49000000","0.00000000"],["94038.77000000","0.00000000"],["94038.42000000","0.34454000"],["94038.06000000","0.08659000"],["94037.64000000","0.00000000"],["94037.62000000","0.11994000"],["94035.28000000","0.00010000"],["94034.22000000","0.00000000"],["94032.62000000","0.00600000"],["94032.46000000","0.00000000"],["94032.12000000","0.00000000"],["94031.65000000","0.03213000"],["94030.85000000","0.00178000"],["94025.78000000","0.00000000"],["94023.30000000","0.00000000"],["94023.23000000","0.64054000"],["94022.96000000","0.00000000"],["94022.11000000","0.00000000"],["94021.44000000","0.00357000"],["94018.65000000","0.43494000"],["94018.64000000","0.00000000"],["94018.42000000","0.00000000"],["94018.41000000","0.00000000"],["94018.32000000","0.00000000"],["94014.79000000","0.00000000"],["94013.78000000","0.00219000"],["94013.77000000","0.00000000"],["94013.71000000","0.00000000"],["94013.69000000","0.00000000"],["94011.67000000","0.00000000"],["94010.89000000","0.09941000"],["94010.88000000","0.00000000"],["94010.54000000","0.00000000"],["94008.70000000","0.23620000"],["94008.64000000","0.67620000"],["94007.05000000","0.00010000"],["94006.27000000","0.00000000"],["94006.26000000","0.14192000"],["94005.84000000","1.82346000"],["94004.40000000","0.26838000"],["94003.48000000","0.17911000"],["94002.27000000","0.00000000"],["94002.23000000","0.27051000"],["94001.01000000","0.26412000"],["93998.51000000","0.24346000"],["93997.56000000","0.09942000"],["93995.14000000","0.00010000"],["93995.01000000","0.17296000"],["93993.82000000","0.00000000"],["93991.09000000","0.09942000"],["93987.71000000","0.01661000"],["93982.32000000","0.00000000"],["93978.81000000","0.00010000"],["93976.50000000","0.00000000"],["93974.13000000","0.82859000"],["93970.38000000","0.23906000"],["93968.52000000","0.00000000"],["93968.41000000","0.00000000"],["93968.40000000","0.01894000"],["93968.01000000","0.05597000"],["93967.86000000","0.00000000"],["93967.15000000","0.20693000"],["93967.09000000","0.45050000"],["93966.43000000","0.00000000"],["93964.90000000","0.00000000"],["93964.01000000","0.05697000"],["93961.49000000","0.38683000"],["93961.25000000","0.00000000"],["93956.53000000","0.54443000"],["93954.54000000","0.21248000"],["93954.09000000","0.00000000"],["93947.73000000","0.00000000"],["93946.79000000","0.00000000"],["93944.40000000","0.29706000"],["93943.36000000","0.00000000"],["93942.97000000","0.00000000"],["93940.43000000","0.00000000"],["93940.23000000","0.00000000"],["93939.45000000","0.00000000"],["93939.05000000","0.00000000"],["93938.95000000","0.00000000"],["93938.00000000","0.00000000"],["93937.84000000","0.00000000"],["93937.23000000","0.00000000"],["93937.13000000","0.00000000"],["93935.14000000","0.00000000"],["93934.76000000","0.00000000"],["93933.61000000","0.00000000"],["93933.08000000","0.00000000"],["93930.13000000","0.00000000"],["93927.08000000","0.00000000"],["93919.19000000","0.99302000"],["93917.79000000","0.00000000"],["93912.39000000","0.00000000"],["93896.39000000","0.00000000"],["93838.95000000","0.00000000"],["93834.25000000","0.00000000"],["93831.75000000","0.00000000"],["93766.23000000","0.00007000"],["93762.37000000","0.03656000"],["93757.56000000","0.03790000"],["93688.18000000","0.00000000"],["93681.79000000","0.00000000"],["93648.73000000","0.00000000"],["92708.19000000","0.00100000"],["89400.00000000","0.61031000"],["84707.00000000","0.00000000"],["75296.00000000","0.00702000"],["75290.80000000","0.00000000"],["42000.00000000","3.70583000"],["33000.00000000","2.70601000"],["20002.00000000","0.00000000"],["20001.00000000","0.03474000"]],"s":"BTCUSDT","e":"depthUpdate","E":1745777449014,"U":67663551181,"u":67663553948}
Received message: {"a":[["94113.51000000","0.00000000"],["94113.52000000","0.00000000"],["94113.54000000","0.00000000"],["94113.98000000","0.00000000"],["94113.99000000","0.00000000"],["94114.00000000","0.00000000"],["94114.05000000","0.00000000"],["94114.19000000","0.00000000"],["94114.20000000","0.00000000"],["94114.72000000","0.00000000"],["94114.99000000","0.00000000"],["94115.18000000","0.00000000"],["94115.94000000","0.00000000"],["94116.00000000","0.00000000"],["94116.26000000","0.00000000"],["94116.30000000","0.00000000"],["94116.63000000","0.00000000"],["94116.93000000","0.00000000"],["94117.30000000","0.00000000"],["94117.58000000","0.00000000"],["94117.72000000","0.00000000"],["94117.73000000","0.00000000"],["94117.74000000","0.00000000"],["94117.75000000","0.00000000"],["94118.03000000","0.00000000"],["94118.21000000","0.00000000"],["94118.22000000","0.00000000"],["94118.50000000","0.00000000"],["94118.56000000","0.00000000"],["94118.57000000","0.00000000"],["94119.00000000","0.00000000"],["94119.66000000","0.00000000"],["94119.99000000","0.00000000"],["94120.00000000","4.74287000"],["94120.01000000","0.00132000"],["94120.03000000","0.00038000"],["94120.14000000","0.00006000"],["94120.15000000","0.00006000"],["94120.43000000","0.00000000"],["94120.44000000","0.00006000"],["94120.59000000","0.00006000"],["94120.60000000","0.00006000"],["94120.96000000","0.00011000"],["94121.07000000","0.00006000"],["94121.83000000","0.00130000"],["94121.84000000","0.00000000"],["94121.99000000","0.00012000"],["94122.00000000","0.04250000"],["94122.28000000","0.00021000"],["94122.30000000","0.00000000"],["94122.31000000","0.00000000"],["94122.32000000","0.00000000"],["94122.33000000","0.00000000"],["94122.82000000","0.00000000"],["94122.83000000","0.00000000"],["94123.40000000","0.00000000"],["94123.41000000","0.00000000"],["94123.42000000","0.00024000"],["94123.43000000","0.00000000"],["94123.46000000","0.00000000"],["94123.47000000","0.00000000"],["94123.75000000","0.00000000"],["94123.92000000","0.00000000"],["94123.98000000","0.00012000"],["94123.99000000","0.09759000"],["94124.00000000","0.04527000"],["94124.01000000","0.00000000"],["94124.15000000","0.00000000"],["94124.29000000","0.00000000"],["94124.30000000","0.02149000"],["94124.34000000","0.00000000"],["94124.58000000","0.00000000"],["94124.60000000","0.00000000"],["94124.71000000","0.00045000"],["94124.82000000","0.00000000"],["94125.41000000","0.00015000"],["94125.42000000","0.00000000"],["94125.49000000","0.00000000"],["94125.50000000","0.04250000"],["94125.51000000","0.01355000"],["94125.52000000","0.00382000"],["94125.63000000","0.00000000"],["94125.75000000","0.00382000"],["94126.10000000","0.00000000"],["94126.23000000","0.00000000"],["94126.44000000","0.00010000"],["94126.82000000","0.00000000"],["94126.83000000","0.00012000"],["94126.84000000","0.21381000"],["94126.99000000","0.00000000"],["94127.15000000","0.00000000"],["94127.16000000","0.21381000"],["94127.22000000","0.00000000"],["94127.34000000","0.00000000"],["94127.52000000","0.00000000"],["94127.68000000","0.00000000"],["94127.69000000","0.00000000"],["94127.71000000","0.00006000"],["94127.72000000","1.15313000"],["94127.73000000","1.71052000"],["94127.85000000","0.00096000"],["94127.87000000","0.00000000"],["94127.89000000","0.00000000"],["94128.03000000","0.00000000"],["94128.16000000","0.00000000"],["94128.19000000","0.00000000"],["94128.20000000","0.00000000"],["94128.32000000","0.00560000"],["94128.60000000","0.00000000"],["94128.61000000","0.00000000"],["94128.76000000","0.00000000"],["94128.82000000","0.00000000"],["94128.84000000","0.00000000"],["94129.00000000","0.04250000"],["94129.07000000","0.00000000"],["94129.41000000","0.00265000"],["94129.50000000","0.00000000"],["94129.54000000","0.00000000"],["94129.60000000","0.00000000"],["94129.66000000","0.00000000"],["94129.67000000","0.00000000"],["94129.68000000","0.00000000"],["94129.69000000","0.00000000"],["94129.70000000","0.00000000"],["94129.72000000","0.00000000"],["94129.81000000","0.00000000"],["94129.83000000","0.00000000"],["94129.94000000","0.00000000"],["94129.99000000","0.00000000"],["94130.12000000","0.00000000"],["94130.16000000","0.00000000"],["94130.36000000","0.70093000"],["94130.39000000","0.00000000"],["94130.40000000","0.04250000"],["94130.42000000","0.00000000"],["94130.43000000","0.00000000"],["94130.90000000","0.00000000"],["94130.92000000","0.00000000"],["94131.03000000","0.00000000"],["94131.19000000","0.42762000"],["94131.23000000","0.00000000"],["94131.34000000","0.00000000"],["94131.35000000","0.00000000"],["94131.74000000","0.00000000"],["94131.75000000","0.00000000"],["94132.01000000","1.24392000"],["94132.29000000","0.00000000"],["94132.42000000","0.00000000"],["94132.43000000","0.00000000"],["94132.50000000","0.04250000"],["94132.69000000","0.00000000"],["94132.77000000","0.01587000"],["94133.00000000","0.01355000"],["94133.27000000","0.00013000"],["94133.56000000","0.00000000"],["94133.60000000","0.07680000"],["94133.63000000","0.00000000"],["94133.66000000","0.00000000"],["94133.72000000","0.00000000"],["94133.76000000","1.71052000"],["94134.00000000","0.00008000"],["94134.03000000","0.00000000"],["94134.04000000","0.00000000"],["94134.20000000","0.00382000"],["94134.34000000","0.00382000"],["94134.51000000","0.00091000"],["94134.52000000","0.31886000"],["94134.55000000","0.00000000"],["94134.56000000","0.00000000"],["94134.63000000","0.00000000"],["94134.72000000","0.02000000"],["94134.82000000","0.12000000"],["94135.10000000","0.00000000"],["94135.17000000","0.00000000"],["94135.25000000","0.00101000"],["94135.57000000","0.00000000"],["94135.93000000","0.48138000"],["94136.00000000","0.21616000"],["94136.17000000","0.00000000"],["94136.43000000","0.00000000"],["94136.53000000","0.00000000"],["94136.57000000","0.00000000"],["94136.75000000","0.02000000"],["94136.80000000","0.04250000"],["94136.94000000","0.00013000"],["94136.95000000","0.21381000"],["94137.14000000","0.00000000"],["94137.28000000","0.00000000"],["94137.29000000","0.00000000"],["94137.47000000","0.00000000"],["94137.55000000","0.00000000"],["94137.68000000","0.04800000"],["94137.69000000","0.04800000"],["94137.74000000","0.00000000"],["94137.77000000","0.09600000"],["94138.03000000","0.00000000"],["94138.18000000","0.02295000"],["94138.36000000","0.00000000"],["94138.48000000","0.00000000"],["94138.56000000","0.00000000"],["94138.82000000","0.00053000"],["94138.83000000","0.00000000"],["94138.88000000","0.45148000"],["94138.89000000","1.30573000"],["94138.90000000","0.00000000"],["94139.13000000","1.00000000"],["94139.50000000","0.04250000"],["94139.54000000","1.71052000"],["94139.66000000","0.00000000"],["94139.68000000","0.00006000"],["94139.73000000","0.00000000"],["94139.75000000","0.00000000"],["94139.77000000","0.00000000"],["94139.90000000","0.00000000"],["94139.91000000","0.00000000"],["94140.02000000","0.00000000"],["94140.43000000","0.00000000"],["94140.53000000","0.04800000"],["94140.71000000","0.00026000"],["94140.83000000","0.05314000"],["94140.95000000","0.00000000"],["94140.96000000","0.00000000"],["94141.17000000","0.00000000"],["94141.28000000","0.00000000"],["94141.40000000","0.00000000"],["94141.51000000","0.79715000"],["94141.55000000","0.81061000"],["94141.56000000","0.00000000"],["94141.73000000","0.00531000"],["94141.74000000","0.00000000"],["94141.99000000","0.09405000"],["94142.17000000","0.16000000"],["94142.39000000","0.11520000"],["94142.60000000","0.00000000"],["94142.61000000","0.00000000"],["94142.69000000","0.99644000"],["94143.13000000","0.06349000"],["94143.20000000","0.04250000"],["94144.53000000","0.99644000"],["94145.08000000","0.00000000"],["94145.67000000","0.00000000"],["94146.13000000","0.00000000"],["94146.26000000","2.05500000"],["94146.27000000","1.71052000"],["94146.28000000","0.00000000"],["94146.60000000","0.99644000"],["94146.67000000","0.99644000"],["94147.26000000","0.00000000"],["94147.76000000","0.00000000"],["94147.89000000","0.10634000"],["94148.01000000","0.00000000"],["94148.06000000","0.00000000"],["94148.24000000","0.00010000"],["94148.36000000","0.00531000"],["94148.37000000","0.42762000"],["94149.17000000","0.00000000"],["94149.40000000","0.04716000"],["94149.59000000","0.03188000"],["94150.13000000","0.00000000"],["94150.35000000","0.00000000"],["94150.53000000","0.99539000"],["94150.54000000","0.79715000"],["94150.86000000","0.00352000"],["94151.52000000","0.30838000"],["94151.67000000","0.00576000"],["94151.70000000","0.00000000"],["94151.96000000","0.00000000"],["94152.23000000","0.00000000"],["94152.26000000","0.00000000"],["94152.39000000","0.04243000"],["94152.74000000","0.00000000"],["94152.86000000","0.00000000"],["94153.06000000","0.00000000"],["94153.22000000","0.00016000"],["94155.87000000","0.00300000"],["94155.89000000","0.95234000"],["94155.90000000","0.42762000"],["94156.03000000","0.00011000"],["94156.06000000","0.00000000"],["94156.43000000","0.00000000"],["94156.85000000","0.00496000"],["94156.87000000","0.00000000"],["94156.93000000","0.00000000"],["94157.20000000","0.00000000"],["94158.26000000","2.00000000"],["94159.19000000","0.00000000"],["94159.46000000","0.00000000"],["94159.69000000","0.00000000"],["94161.06000000","0.00000000"],["94161.07000000","0.00000000"],["94161.92000000","0.00000000"],["94162.36000000","0.00000000"],["94162.68000000","0.00000000"],["94163.22000000","0.00000000"],["94163.28000000","0.58289000"],["94163.43000000","0.21381000"],["94163.68000000","0.00010000"],["94163.93000000","0.10781000"],["94164.64000000","0.57236000"],["94164.65000000","0.00000000"],["94165.19000000","0.00000000"],["94166.18000000","0.00107000"],["94166.31000000","0.30618000"],["94167.00000000","0.00317000"],["94167.50000000","0.00000000"],["94167.75000000","0.03159000"],["94167.99000000","0.08028000"],["94169.30000000","1.09305000"],["94169.31000000","1.81205000"],["94170.46000000","0.00000000"],["94170.47000000","0.00000000"],["94170.62000000","0.00000000"],["94170.76000000","0.00000000"],["94170.77000000","0.76432000"],["94170.79000000","0.00000000"],["94171.31000000","0.00820000"],["94171.54000000","0.00000000"],["94171.70000000","0.00212000"],["94171.73000000","0.03297000"],["94172.17000000","0.31886000"],["94172.26000000","0.00000000"],["94172.39000000","0.00000000"],["94172.62000000","0.00000000"],["94174.35000000","0.00806000"],["94174.61000000","0.00000000"],["94176.19000000","0.00000000"],["94176.20000000","0.00000000"],["94176.26000000","0.00318000"],["94176.38000000","0.00000000"],["94176.41000000","0.00000000"],["94176.47000000","0.00300000"],["94177.71000000","0.00000000"],["94177.78000000","0.00000000"],["94177.80000000","0.76426000"],["94177.90000000","0.18217000"],["94178.55000000","0.00000000"],["94178.71000000","0.00000000"],["94179.49000000","0.00000000"],["94179.72000000","0.00000000"],["94179.93000000","0.00000000"],["94179.99000000","0.43766000"],["94180.35000000","0.00000000"],["94181.80000000","0.00000000"],["94181.84000000","0.00000000"],["94182.47000000","0.00000000"],["94182.50000000","0.76422000"],["94183.99000000","0.00000000"],["94184.51000000","0.00000000"],["94185.36000000","0.00865000"],["94185.88000000","0.00000000"],["94186.01000000","0.00000000"],["94186.03000000","0.45148000"],["94186.07000000","0.76419000"],["94186.13000000","0.00000000"],["94186.30000000","0.44298000"],["94186.72000000","0.00000000"],["94186.84000000","0.00560000"],["94186.88000000","0.00000000"],["94186.91000000","0.00000000"],["94187.27000000","0.00000000"],["94187.78000000","0.00000000"],["94188.12000000","0.79010000"],["94188.13000000","0.53143000"],["94188.21000000","0.00000000"],["94189.26000000","0.04037000"],["94189.36000000","0.42514000"],["94189.44000000","0.00000000"],["94189.59000000","0.00000000"],["94189.83000000","0.00000000"],["94190.16000000","0.00420000"],["94190.30000000","0.00000000"],["94190.48000000","0.43999000"],["94191.31000000","0.00000000"],["94191.40000000","0.00599000"],["94191.47000000","0.00000000"],["94191.94000000","0.00000000"],["94191.96000000","0.08075000"],["94192.42000000","0.00000000"],["94192.51000000","0.00000000"],["94193.54000000","0.00007000"],["94193.93000000","0.00000000"],["94193.94000000","0.04037000"],["94193.96000000","0.00000000"],["94194.35000000","0.04800000"],["94194.43000000","0.00000000"],["94194.46000000","0.04037000"],["94195.10000000","0.07680000"],["94195.27000000","0.00000000"],["94195.76000000","0.04356000"],["94196.58000000","0.04037000"],["94196.59000000","0.00000000"],["94196.63000000","0.00000000"],["94196.64000000","0.00000000"],["94196.92000000","0.04037000"],["94196.98000000","0.00000000"],["94197.30000000","0.04356000"],["94197.40000000","0.45148000"],["94197.57000000","0.05307000"],["94198.20000000","0.00000000"],["94198.59000000","0.00000000"],["94198.87000000","0.00000000"],["94198.93000000","0.04037000"],["94198.95000000","0.04356000"],["94199.05000000","0.11520000"],["94199.15000000","0.04037000"],["94199.25000000","0.00000000"],["94199.32000000","0.00000000"],["94199.35000000","0.04800000"],["94199.61000000","0.00000000"],["94199.71000000","0.00000000"],["94200.15000000","0.00000000"],["94200.38000000","0.00000000"],["94200.43000000","0.00000000"],["94200.91000000","0.04356000"],["94201.10000000","0.00000000"],["94201.56000000","0.04037000"],["94201.87000000","0.04053000"],["94202.53000000","0.47881000"],["94202.54000000","0.00000000"],["94202.71000000","0.04143000"],["94203.20000000","0.00264000"],["94203.59000000","0.04037000"],["94204.17000000","0.04356000"],["94204.20000000","0.00000000"],["94204.37000000","0.00000000"],["94204.45000000","0.00000000"],["94204.55000000","0.04037000"],["94204.56000000","0.00143000"],["94204.65000000","0.00317000"],["94204.71000000","0.00010000"],["94205.32000000","0.00000000"],["94205.36000000","0.00000000"],["94205.51000000","0.00599000"],["94205.76000000","0.04037000"],["94205.86000000","0.04356000"],["94206.27000000","0.04152000"],["94206.55000000","0.05149000"],["94206.76000000","0.00009000"],["94206.83000000","0.00000000"],["94207.08000000","0.00000000"],["94207.57000000","0.00000000"],["94207.70000000","0.04037000"],["94207.84000000","0.04356000"],["94208.15000000","0.00000000"],["94208.30000000","0.00000000"],["94208.37000000","0.00000000"],["94208.51000000","0.04037000"],["94208.59000000","1.01548000"],["94209.07000000","0.00000000"],["94209.31000000","0.04143000"],["94209.73000000","0.00000000"],["94209.83000000","0.00000000"],["94209.92000000","0.00000000"],["94209.96000000","0.04356000"],["94210.22000000","0.00900000"],["94210.84000000","0.04037000"],["94210.92000000","0.00000000"],["94211.50000000","0.04143000"],["94211.90000000","0.04037000"],["94212.15000000","0.57647000"],["94212.33000000","0.04356000"],["94212.83000000","0.04356000"],["94213.04000000","0.04800000"],["94213.29000000","0.04143000"],["94213.37000000","0.05598000"],["94213.90000000","0.00000000"],["94214.58000000","0.00000000"],["94214.84000000","0.04037000"],["94214.97000000","0.00265000"],["94215.07000000","0.00178000"],["94215.08000000","0.04037000"],["94215.11000000","0.08712000"],["94215.55000000","0.36420000"],["94215.57000000","0.00000000"],["94215.74000000","0.04143000"],["94215.94000000","0.00000000"],["94217.59000000","0.00006000"],["94218.29000000","0.04037000"],["94218.32000000","0.00000000"],["94218.46000000","0.04037000"],["94218.68000000","0.00599000"],["94219.20000000","0.34388000"],["94219.62000000","0.04037000"],["94219.68000000","0.00000000"],["94220.00000000","0.07467000"],["94221.43000000","0.04037000"],["94222.19000000","0.04250000"],["94222.23000000","0.34387000"],["94222.89000000","0.00000000"],["94223.67000000","0.00000000"],["94224.45000000","0.04257000"],["94225.19000000","0.00716000"],["94226.96000000","0.04250000"],["94227.44000000","0.00000000"],["94228.00000000","0.00243000"],["94228.23000000","0.04250000"],["94228.41000000","0.00357000"],["94228.68000000","0.00000000"],["94229.59000000","0.00000000"],["94229.80000000","0.05597000"],["94230.92000000","0.05597000"],["94232.05000000","0.05597000"],["94232.47000000","0.00000000"],["94232.94000000","0.00010000"],["94233.36000000","0.05797000"],["94233.42000000","0.05819000"],["94233.86000000","0.11194000"],["94234.08000000","0.05797000"],["94234.18000000","0.00000000"],["94234.23000000","0.05597000"],["94235.58000000","0.00000000"],["94235.86000000","0.05797000"],["94235.88000000","0.00000000"],["94235.90000000","0.05797000"],["94236.05000000","0.05604000"],["94236.18000000","0.05797000"],["94236.21000000","0.05797000"],["94236.38000000","0.00000000"],["94236.63000000","0.05797000"],["94237.40000000","0.00008000"],["94238.01000000","0.03798000"],["94238.14000000","0.05597000"],["94238.78000000","0.05597000"],["94239.11000000","0.05797000"],["94239.16000000","0.05797000"],["94239.21000000","0.05797000"],["94239.25000000","0.05797000"],["94239.26000000","0.05797000"],["94239.66000000","0.05797000"],["94240.54000000","0.05797000"],["94241.09000000","0.05597000"],["94241.17000000","0.03817000"],["94242.20000000","0.05597000"],["94242.57000000","0.05797000"],["94242.62000000","1.71052000"],["94242.77000000","0.05797000"],["94243.90000000","0.11564000"],["94244.96000000","0.05597000"],["94245.02000000","0.05597000"],["94246.23000000","0.03798000"],["94246.71000000","0.05797000"],["94246.88000000","0.05797000"],["94247.20000000","0.05803000"],["94247.52000000","0.00000000"],["94247.54000000","0.05597000"],["94249.14000000","0.05797000"],["94249.71000000","1.71052000"],["94250.05000000","0.99015000"],["94250.16000000","0.05597000"],["94251.00000000","0.00158000"],["94251.01000000","0.03798000"],["94251.94000000","0.05797000"],["94253.20000000","0.54609000"],["94253.21000000","0.00000000"],["94253.68000000","0.05597000"],["94255.25000000","0.05797000"],["94255.53000000","0.03798000"],["94260.16000000","0.03798000"],["94261.18000000","0.00010000"],["94262.71000000","0.03998000"],["94265.12000000","0.00011000"],["94310.37000000","0.00400000"],["94366.13000000","0.00000000"],["94367.51000000","0.00000000"],["94373.57000000","0.00000000"],["94380.60000000","0.49500000"],["94381.05000000","0.00000000"],["94382.00000000","0.00000000"],["94403.24000000","0.00016000"],["94405.14000000","0.00011000"],["94407.26000000","0.00000000"],["94409.84000000","0.00000000"],["94424.07000000","0.21251000"],["94436.72000000","0.29033000"],["94447.99000000","0.03613000"],["94470.00000000","0.05286000"],["94480.67000000","0.00012000"],["94491.65000000","0.00000000"],["94517.00000000","0.03189000"],["94570.50000000","0.00000000"],["94584.08000000","0.00000000"],["94590.60000000","0.00090000"],["94720.00000000","0.20570000"],["94827.20000000","0.00000000"],["95511.50000000","0.00006000"],["96000.00000000","107.16203000"]],"b":[["94119.99000000","4.40077000"],["94119.98000000","0.00006000"],["94119.90000000","0.00006000"],["94119.89000000","0.00006000"],["94119.80000000","0.00006000"],["94119.71000000","0.00018000"],["94119.70000000","0.14784000"],["94119.69000000","0.00006000"],["94119.68000000","0.00012000"],["94119.67000000","0.24020000"],["94119.66000000","0.70107000"],["94119.65000000","0.00013000"],["94119.36000000","0.04249000"],["94118.57000000","0.00000000"],["94118.56000000","0.00000000"],["94118.50000000","0.04256000"],["94118.49000000","0.01361000"],["94118.39000000","0.00000000"],["94118.21000000","0.00000000"],["94117.99000000","0.00000000"],["94117.83000000","0.00000000"],["94117.76000000","0.00000000"],["94117.74000000","0.00000000"],["94117.73000000","0.00000000"],["94117.72000000","0.00000000"],["94117.60000000","0.00000000"],["94117.43000000","0.00000000"],["94117.03000000","0.00000000"],["94116.92000000","0.00000000"],["94116.49000000","0.00000000"],["94116.25000000","0.00000000"],["94115.99000000","0.00000000"],["94115.60000000","0.00000000"],["94115.54000000","0.00000000"],["94115.28000000","0.00575000"],["94115.01000000","0.01283000"],["94115.00000000","0.04256000"],["94114.71000000","0.00000000"],["94114.55000000","0.30886000"],["94114.22000000","0.00000000"],["94114.21000000","0.00000000"],["94114.20000000","0.00000000"],["94114.19000000","0.00000000"],["94114.18000000","0.00000000"],["94114.07000000","0.00000000"],["94114.04000000","0.00000000"],["94114.01000000","0.00000000"],["94114.00000000","0.00000000"],["94113.99000000","0.00000000"],["94113.98000000","0.00000000"],["94113.97000000","0.00000000"],["94113.93000000","0.00000000"],["94113.66000000","0.00000000"],["94113.54000000","0.00000000"],["94113.53000000","0.00000000"],["94113.52000000","0.00000000"],["94113.51000000","0.00000000"],["94113.50000000","0.00000000"],["94112.85000000","0.00000000"],["94112.84000000","0.00000000"],["94112.71000000","0.00000000"],["94112.00000000","0.00000000"],["94111.99000000","0.00000000"],["94111.89000000","0.01587000"],["94111.81000000","0.00000000"],["94111.80000000","0.00000000"],["94111.79000000","0.00000000"],["94111.78000000","0.00000000"],["94111.77000000","0.00000000"],["94111.50000000","0.04250000"],["94111.47000000","0.00000000"],["94111.20000000","0.04250000"],["94110.87000000","0.00000000"],["94110.72000000","0.00000000"],["94110.58000000","0.00531000"],["94110.25000000","0.30250000"],["94110.24000000","0.55675000"],["94109.80000000","0.00011000"],["94109.35000000","0.45148000"],["94109.34000000","0.00000000"],["94109.08000000","0.00000000"],["94108.79000000","0.00000000"],["94108.00000000","0.04250000"],["94107.65000000","0.66753000"],["94107.64000000","0.38897000"],["94106.81000000","0.00011000"],["94106.47000000","0.00000000"],["94106.46000000","0.00000000"],["94106.45000000","0.21381000"],["94106.21000000","0.00000000"],["94106.11000000","0.00560000"],["94105.79000000","0.00008000"],["94105.78000000","0.10491000"],["94105.64000000","0.00006000"],["94105.63000000","0.00000000"],["94105.54000000","0.00212000"],["94104.91000000","0.00000000"],["94104.81000000","0.00000000"],["94104.50000000","0.04250000"],["94104.31000000","1.00000000"],["94104.18000000","0.00000000"],["94104.11000000","0.00000000"],["94104.06000000","0.04000000"],["94103.87000000","0.00000000"],["94103.79000000","0.00106000"],["94103.77000000","0.00000000"],["94103.17000000","0.05314000"],["94102.56000000","0.81255000"],["94102.55000000","0.00000000"],["94101.77000000","0.00531000"],["94101.76000000","0.00000000"],["94101.75000000","0.00011000"],["94101.71000000","0.00000000"],["94101.65000000","0.00000000"],["94101.64000000","0.05278000"],["94101.61000000","0.00000000"],["94101.53000000","0.06349000"],["94101.47000000","0.00000000"],["94101.40000000","0.21381000"],["94101.21000000","0.02000000"],["94101.17000000","0.00053000"],["94100.82000000","0.04992000"],["94100.76000000","0.00000000"],["94100.28000000","0.00000000"],["94100.26000000","0.05280000"],["94100.18000000","0.10080000"],["94100.15000000","0.05280000"],["94099.99000000","0.36074000"],["94099.70000000","0.48886000"],["94099.69000000","0.00000000"],["94099.62000000","0.00496000"],["94099.58000000","0.31886000"],["94099.57000000","0.79715000"],["94099.38000000","0.00300000"],["94099.35000000","0.00000000"],["94099.21000000","0.00000000"],["94098.93000000","0.31560000"],["94098.15000000","0.33976000"],["94096.51000000","0.04800000"],["94096.03000000","0.00000000"],["94095.75000000","1.05127000"],["94095.74000000","1.71052000"],["94095.73000000","0.21381000"],["94095.72000000","0.00000000"],["94095.55000000","0.04800000"],["94095.45000000","0.04800000"],["94095.30000000","0.00000000"],["94095.23000000","0.54528000"],["94095.19000000","0.00000000"],["94095.09000000","0.00776000"],["94094.67000000","0.10650000"],["94094.64000000","0.00000000"],["94094.39000000","0.00000000"],["94093.90000000","0.00000000"],["94093.35000000","0.00000000"],["94092.82000000","0.00000000"],["94092.72000000","1.71916000"],["94092.67000000","1.77453000"],["94092.66000000","0.00000000"],["94092.43000000","0.00000000"],["94092.39000000","0.04800000"],["94092.33000000","0.00006000"],["94091.99000000","0.79715000"],["94091.92000000","0.00357000"],["94091.76000000","0.00000000"],["94091.75000000","0.00010000"],["94091.60000000","0.00000000"],["94091.42000000","0.00000000"],["94091.26000000","0.00000000"],["94090.50000000","0.00000000"],["94089.83000000","0.00000000"],["94088.90000000","0.00000000"],["94088.63000000","2.00000000"],["94088.25000000","1.30816000"],["94087.81000000","0.00578000"],["94087.75000000","0.00000000"],["94087.00000000","0.00000000"],["94086.97000000","0.08214000"],["94086.74000000","0.00000000"],["94086.66000000","0.00000000"],["94085.69000000","0.15900000"],["94085.23000000","0.00016000"],["94084.54000000","0.00000000"],["94083.50000000","0.00000000"],["94083.43000000","0.00000000"],["94083.42000000","0.79715000"],["94083.35000000","0.18235000"],["94083.23000000","0.00000000"],["94082.95000000","0.00000000"],["94081.88000000","0.00000000"],["94081.57000000","0.00317000"],["94080.69000000","0.00000000"],["94080.48000000","0.00000000"],["94080.38000000","0.02973000"],["94080.00000000","0.02131000"],["94079.13000000","0.00000000"],["94078.56000000","0.10195000"],["94078.46000000","0.00000000"],["94078.43000000","0.00000000"],["94078.42000000","0.00000000"],["94077.62000000","0.08253000"],["94076.50000000","0.00000000"],["94076.41000000","0.00000000"],["94076.01000000","0.48111000"],["94075.97000000","0.25400000"],["94075.41000000","0.00000000"],["94075.34000000","0.00011000"],["94075.28000000","0.00000000"],["94075.14000000","0.76510000"],["94075.04000000","0.00000000"],["94075.03000000","0.00000000"],["94074.88000000","0.79871000"],["94073.53000000","0.05597000"],["94073.50000000","0.00000000"],["94073.13000000","0.00000000"],["94072.14000000","0.00000000"],["94071.87000000","0.00000000"],["94070.72000000","0.00000000"],["94070.64000000","0.00000000"],["94070.55000000","0.00106000"],["94069.90000000","0.00000000"],["94069.57000000","0.87802000"],["94069.53000000","0.00000000"],["94069.31000000","0.00000000"],["94069.02000000","0.00000000"],["94068.49000000","0.00000000"],["94068.27000000","0.00000000"],["94068.04000000","0.76515000"],["94067.01000000","0.05597000"],["94067.00000000","0.53143000"],["94066.86000000","0.00000000"],["94066.40000000","0.00000000"],["94066.22000000","0.00000000"],["94065.80000000","0.00000000"],["94065.67000000","0.05597000"],["94065.01000000","0.00000000"],["94064.96000000","0.80428000"],["94064.66000000","0.00000000"],["94063.70000000","0.05597000"],["94063.69000000","0.00000000"],["94063.52000000","0.00010000"],["94063.06000000","0.63722000"],["94063.05000000","0.00000000"],["94062.95000000","0.00000000"],["94062.31000000","0.00000000"],["94062.19000000","0.29135000"],["94061.87000000","1.76649000"],["94061.72000000","0.00000000"],["94061.42000000","0.31886000"],["94060.97000000","0.00000000"],["94060.80000000","0.00000000"],["94060.77000000","0.00000000"],["94060.21000000","0.00000000"],["94060.00000000","0.02132000"],["94058.52000000","0.29392000"],["94058.51000000","0.36195000"],["94057.90000000","0.05597000"],["94057.84000000","0.11094000"],["94057.30000000","0.02297000"],["94057.29000000","0.11194000"],["94056.05000000","1.29561000"],["94055.63000000","0.00812000"],["94055.55000000","0.00820000"],["94055.38000000","0.00849000"],["94055.37000000","0.00000000"],["94054.60000000","0.02873000"],["94053.88000000","0.00819000"],["94053.72000000","0.00000000"],["94053.60000000","0.00000000"],["94052.80000000","0.00000000"],["94051.57000000","0.82612000"],["94050.02000000","0.00000000"],["94045.21000000","0.03422000"],["94044.76000000","0.00000000"],["94043.92000000","0.00317000"],["94043.13000000","0.00000000"],["94042.86000000","0.00000000"],["94041.56000000","0.34453000"],["94041.49000000","0.00000000"],["94038.77000000","0.00000000"],["94038.42000000","0.34454000"],["94038.06000000","0.08659000"],["94037.64000000","0.00000000"],["94037.62000000","0.11994000"],["94035.28000000","0.00010000"],["94034.22000000","0.00000000"],["94032.62000000","0.00600000"],["94032.46000000","0.00000000"],["94032.12000000","0.00000000"],["94031.65000000","0.03213000"],["94030.85000000","0.00178000"],["94025.78000000","0.00000000"],["94023.30000000","0.00000000"],["94023.23000000","0.64054000"],["94022.96000000","0.00000000"],["94022.11000000","0.00000000"],["94021.44000000","0.00357000"],["94018.65000000","0.43494000"],["94018.64000000","0.00000000"],["94018.42000000","0.00000000"],["94018.41000000","0.00000000"],["94018.32000000","0.00000000"],["94014.79000000","0.00000000"],["94013.78000000","0.00219000"],["94013.77000000","0.00000000"],["94013.71000000","0.00000000"],["94013.69000000","0.00000000"],["94011.67000000","0.00000000"],["94010.89000000","0.09941000"],["94010.88000000","0.00000000"],["94010.54000000","0.00000000"],["94008.70000000","0.23620000"],["94008.64000000","0.67620000"],["94007.05000000","0.00010000"],["94006.27000000","0.00000000"],["94006.26000000","0.14192000"],["94005.84000000","1.82346000"],["94004.40000000","0.26838000"],["94003.48000000","0.17911000"],["94002.27000000","0.00000000"],["94002.23000000","0.27051000"],["94001.01000000","0.26412000"],["93998.51000000","0.24346000"],["93997.56000000","0.09942000"],["93995.14000000","0.00010000"],["93995.01000000","0.17296000"],["93993.82000000","0.00000000"],["93991.09000000","0.09942000"],["93987.71000000","0.01661000"],["93982.32000000","0.00000000"],["93978.81000000","0.00010000"],["93976.50000000","0.00000000"],["93974.13000000","0.82859000"],["93970.38000000","0.23906000"],["93968.52000000","0.00000000"],["93968.41000000","0.00000000"],["93968.40000000","0.01894000"],["93968.01000000","0.05597000"],["93967.86000000","0.00000000"],["93967.15000000","0.20693000"],["93967.09000000","0.45050000"],["93966.43000000","0.00000000"],["93964.90000000","0.00000000"],["93964.01000000","0.05697000"],["93961.49000000","0.38683000"],["93961.25000000","0.00000000"],["93956.53000000","0.54443000"],["93954.54000000","0.21248000"],["93954.09000000","0.00000000"],["93947.73000000","0.00000000"],["93946.79000000","0.00000000"],["93944.40000000","0.29706000"],["93943.36000000","0.00000000"],["93942.97000000","0.00000000"],["93940.43000000","0.00000000"],["93940.23000000","0.00000000"],["93939.45000000","0.00000000"],["93939.05000000","0.00000000"],["93938.95000000","0.00000000"],["93938.00000000","0.00000000"],["93937.84000000","0.00000000"],["93937.23000000","0.00000000"],["93937.13000000","0.00000000"],["93935.14000000","0.00000000"],["93934.76000000","0.00000000"],["93933.61000000","0.00000000"],["93933.08000000","0.00000000"],["93930.13000000","0.00000000"],["93927.08000000","0.00000000"],["93919.19000000","0.99302000"],["93917.79000000","0.00000000"],["93912.39000000","0.00000000"],["93896.39000000","0.00000000"],["93838.95000000","0.00000000"],["93834.25000000","0.00000000"],["93831.75000000","0.00000000"],["93766.23000000","0.00007000"],["93762.37000000","0.03656000"],["93757.56000000","0.03790000"],["93688.18000000","0.00000000"],["93681.79000000","0.00000000"],["93648.73000000","0.00000000"],["92708.19000000","0.00100000"],["89400.00000000","0.61031000"],["84707.00000000","0.00000000"],["75296.00000000","0.00702000"],["75290.80000000","0.00000000"],["42000.00000000","3.70583000"],["33000.00000000","2.70601000"],["20002.00000000","0.00000000"],["20001.00000000","0.03474000"]],"s":"BTCUSDT","e":"depthUpdate","E":1745777449014,"U":67663551181,"u":67663553948}
Received message: {"p":"602.02000000","q":"0.00300000","s":"BNBUSDT","t":1041896818,"T":1745777449158,"e":"trade","E":1745777449159,"m":false,"M":true}
Received trade message: {"p":"602.02000000","q":"0.00300000","s":"BNBUSDT","t":1041896818,"T":1745777449158,"e":"trade","E":1745777449159,"m":false,"M":true}
Received message: {"p":"602.02000000","q":"0.00900000","s":"BNBUSDT","t":1041896819,"T":1745777449158,"e":"trade","E":1745777449159,"m":false,"M":true}
Received trade message: {"p":"602.02000000","q":"0.00900000","s":"BNBUSDT","t":1041896819,"T":1745777449158,"e":"trade","E":1745777449159,"m":false,"M":true}
Received message: {"p":"602.02000000","q":"0.00900000","s":"BNBUSDT","t":1041896820,"T":1745777449158,"e":"trade","E":1745777449159,"m":false,"M":true}
Received trade message: {"p":"602.02000000","q":"0.00900000","s":"BNBUSDT","t":1041896820,"T":1745777449158,"e":"trade","E":1745777449159,"m":false,"M":true}
Received message: {"p":"602.02000000","q":"0.00900000","s":"BNBUSDT","t":1041896821,"T":1745777449158,"e":"trade","E":1745777449159,"m":false,"M":true}
Received trade message: {"p":"602.02000000","q":"0.00900000","s":"BNBUSDT","t":1041896821,"T":1745777449158,"e":"trade","E":1745777449159,"m":false,"M":true}
Received message: {"p":"602.02000000","q":"0.06100000","s":"BNBUSDT","t":1041896822,"T":1745777449158,"e":"trade","E":1745777449159,"m":false,"M":true}
Received trade message: {"p":"602.02000000","q":"0.06100000","s":"BNBUSDT","t":1041896822,"T":1745777449158,"e":"trade","E":1745777449159,"m":false,"M":true}
Received message: {"p":"94119.99000000","a":3551019417,"q":"0.02227000","s":"BTCUSDT","T":1745777449925,"e":"aggTrade","E":1745777449925,"f":4855243087,"l":4855243087,"m":true,"M":true}
Received message: {"p":"94119.99000000","a":3551019417,"q":"0.02227000","s":"BTCUSDT","T":1745777449925,"e":"aggTrade","E":1745777449925,"f":4855243087,"l":4855243087,"m":true,"M":true}
Received message: {"a":[["94120.00000000","4.25266000"],["94120.01000000","0.00186000"],["94120.14000000","0.00006000"],["94120.15000000","0.00000000"],["94120.36000000","0.00013000"],["94120.59000000","0.00006000"],["94120.60000000","0.00000000"],["94120.96000000","0.00017000"],["94122.61000000","0.00106000"],["94122.68000000","0.00000000"],["94122.69000000","0.00000000"],["94123.99000000","0.18856000"],["94124.30000000","0.00000000"],["94124.35000000","0.00012000"],["94124.36000000","0.32327000"],["94125.51000000","0.00000000"],["94125.52000000","0.00000000"],["94125.75000000","0.00000000"],["94126.24000000","0.00000000"],["94126.44000000","0.00000000"],["94126.83000000","0.00000000"],["94127.00000000","0.00000000"],["94127.63000000","0.70095000"],["94127.71000000","0.00000000"],["94127.72000000","1.05244000"],["94127.74000000","0.01355000"],["94127.97000000","0.00382000"],["94127.99000000","0.00382000"],["94128.46000000","0.00010000"],["94130.36000000","0.00000000"],["94136.00000000","0.25866000"],["94139.13000000","0.00000000"],["94140.20000000","1.00000000"],["94141.55000000","1.11618000"],["94141.77000000","0.00000000"],["94142.29000000","0.00000000"],["94143.33000000","0.00000000"],["94143.86000000","0.00000000"],["94145.43000000","0.00000000"],["94149.40000000","0.00000000"],["94149.59000000","0.00000000"],["94149.60000000","0.03189000"],["94152.39000000","0.00000000"],["94155.89000000","0.41181000"],["94158.26000000","0.00000000"],["94160.39000000","1.28923000"],["94160.40000000","2.00000000"],["94161.03000000","0.04716000"],["94161.71000000","1.78586000"],["94162.00000000","0.08000000"],["94162.36000000","0.00300000"],["94163.05000000","0.04243000"],["94163.28000000","0.00000000"],["94163.54000000","0.00000000"],["94164.32000000","0.00000000"],["94164.58000000","0.00000000"],["94166.66000000","0.00054000"],["94167.72000000","0.00000000"],["94169.30000000","0.54944000"],["94169.31000000","0.00000000"],["94170.86000000","0.00011000"],["94177.11000000","0.00000000"],["94194.35000000","0.09600000"],["94204.56000000","0.10362000"],["94213.04000000","0.00000000"],["94215.72000000","0.00637000"],["94217.77000000","0.04143000"],["94220.46000000","0.04249000"],["94223.42000000","0.04249000"],["94226.17000000","0.04249000"],["94228.81000000","0.04249000"],["94229.46000000","0.04249000"],["94252.70000000","0.05597000"],["94258.10000000","0.03998000"],["94274.44000000","0.12006000"],["94292.40000000","0.21248000"],["94307.83000000","0.00000000"],["94310.37000000","0.00000000"],["94312.95000000","0.00400000"],["94316.54000000","0.00000000"],["94328.06000000","0.00000000"],["94424.07000000","0.00000000"],["94490.24000000","0.00012000"],["94864.80000000","0.05315000"],["95118.75000000","0.10537000"],["95531.80000000","0.00118000"]],"b":[["94119.99000000","4.20108000"],["94119.70000000","0.14784000"],["94119.69000000","0.00006000"],["94119.68000000","0.00012000"],["94119.67000000","0.24020000"],["94118.50000000","0.04256000"],["94118.49000000","0.00000000"],["94115.32000000","0.00000000"],["94115.31000000","0.00000000"],["94115.30000000","0.06484000"],["94115.29000000","0.16763000"],["94115.01000000","0.00000000"],["94115.00000000","0.04256000"],["94114.55000000","0.00000000"],["94111.89000000","0.01593000"],["94111.50000000","0.04250000"],["94111.20000000","0.04250000"],["94110.26000000","0.00000000"],["94109.50000000","0.00006000"],["94107.65000000","1.05662000"],["94106.82000000","0.00013000"],["94104.82000000","1.00000000"],["94104.32000000","1.71052000"],["94104.31000000","0.00000000"],["94103.26000000","0.00000000"],["94102.56000000","1.15792000"],["94101.78000000","0.00006000"],["94101.16000000","0.00022000"],["94100.64000000","0.00000000"],["94100.19000000","0.00013000"],["94094.88000000","0.00000000"],["94094.67000000","0.10628000"],["94092.74000000","1.71884000"],["94092.72000000","0.00000000"],["94091.75000000","0.00310000"],["94090.11000000","0.00000000"],["94089.65000000","2.00000000"],["94089.17000000","0.15900000"],["94088.88000000","0.00000000"],["94088.63000000","0.00000000"],["94087.97000000","0.00000000"],["94086.53000000","0.00000000"],["94085.69000000","0.00000000"],["94082.00000000","1.72560000"],["94081.29000000","0.00000000"],["94075.37000000","0.00000000"],["94070.53000000","0.00000000"],["94063.06000000","0.00000000"],["94059.41000000","0.50797000"],["94059.40000000","0.63724000"],["94058.52000000","0.00000000"],["94057.30000000","0.02297000"],["94051.70000000","0.00637000"],["94050.80000000","0.00012000"],["94042.15000000","0.00000000"],["94041.23000000","0.00012000"],["94039.59000000","0.00000000"],["94035.84000000","1.01475000"],["94034.90000000","0.19461000"],["94032.34000000","0.00000000"],["94030.37000000","0.04349000"],["94026.03000000","0.00000000"],["94013.71000000","0.04800000"],["94009.90000000","0.00000000"],["94003.49000000","0.56454000"],["94003.48000000","0.23508000"],["94003.47000000","0.00000000"],["94000.00000000","0.31132000"],["93996.00000000","0.00220000"],["93993.31000000","0.32123000"],["93992.00000000","0.00220000"],["93990.44000000","0.05608000"],["93988.35000000","1.10683000"],["93988.00000000","0.00220000"],["93987.73000000","1.75848000"],["93987.71000000","0.00000000"],["93987.46000000","0.05597000"],["93986.12000000","0.12000000"],["93949.38000000","0.00000000"],["93931.12000000","0.01661000"],["93919.37000000","0.00010000"],["93877.61000000","0.00553000"],["93855.72000000","0.00000000"],["93667.87000000","0.00000000"],["93658.30000000","0.00000000"],["92708.19000000","0.00000000"],["92577.49000000","0.02106000"],["84707.00000000","0.00000000"],["75296.00000000","0.00702000"],["60000.00000000","88.75209000"],["33883.20000000","0.00846000"],["33000.00000000","2.70601000"]],"s":"BTCUSDT","e":"depthUpdate","E":1745777450014,"U":67663553949,"u":67663554279}
Received message: {"a":[["94120.00000000","4.25266000"],["94120.01000000","0.00186000"],["94120.14000000","0.00006000"],["94120.15000000","0.00000000"],["94120.36000000","0.00013000"],["94120.59000000","0.00006000"],["94120.60000000","0.00000000"],["94120.96000000","0.00017000"],["94122.61000000","0.00106000"],["94122.68000000","0.00000000"],["94122.69000000","0.00000000"],["94123.99000000","0.18856000"],["94124.30000000","0.00000000"],["94124.35000000","0.00012000"],["94124.36000000","0.32327000"],["94125.51000000","0.00000000"],["94125.52000000","0.00000000"],["94125.75000000","0.00000000"],["94126.24000000","0.00000000"],["94126.44000000","0.00000000"],["94126.83000000","0.00000000"],["94127.00000000","0.00000000"],["94127.63000000","0.70095000"],["94127.71000000","0.00000000"],["94127.72000000","1.05244000"],["94127.74000000","0.01355000"],["94127.97000000","0.00382000"],["94127.99000000","0.00382000"],["94128.46000000","0.00010000"],["94130.36000000","0.00000000"],["94136.00000000","0.25866000"],["94139.13000000","0.00000000"],["94140.20000000","1.00000000"],["94141.55000000","1.11618000"],["94141.77000000","0.00000000"],["94142.29000000","0.00000000"],["94143.33000000","0.00000000"],["94143.86000000","0.00000000"],["94145.43000000","0.00000000"],["94149.40000000","0.00000000"],["94149.59000000","0.00000000"],["94149.60000000","0.03189000"],["94152.39000000","0.00000000"],["94155.89000000","0.41181000"],["94158.26000000","0.00000000"],["94160.39000000","1.28923000"],["94160.40000000","2.00000000"],["94161.03000000","0.04716000"],["94161.71000000","1.78586000"],["94162.00000000","0.08000000"],["94162.36000000","0.00300000"],["94163.05000000","0.04243000"],["94163.28000000","0.00000000"],["94163.54000000","0.00000000"],["94164.32000000","0.00000000"],["94164.58000000","0.00000000"],["94166.66000000","0.00054000"],["94167.72000000","0.00000000"],["94169.30000000","0.54944000"],["94169.31000000","0.00000000"],["94170.86000000","0.00011000"],["94177.11000000","0.00000000"],["94194.35000000","0.09600000"],["94204.56000000","0.10362000"],["94213.04000000","0.00000000"],["94215.72000000","0.00637000"],["94217.77000000","0.04143000"],["94220.46000000","0.04249000"],["94223.42000000","0.04249000"],["94226.17000000","0.04249000"],["94228.81000000","0.04249000"],["94229.46000000","0.04249000"],["94252.70000000","0.05597000"],["94258.10000000","0.03998000"],["94274.44000000","0.12006000"],["94292.40000000","0.21248000"],["94307.83000000","0.00000000"],["94310.37000000","0.00000000"],["94312.95000000","0.00400000"],["94316.54000000","0.00000000"],["94328.06000000","0.00000000"],["94424.07000000","0.00000000"],["94490.24000000","0.00012000"],["94864.80000000","0.05315000"],["95118.75000000","0.10537000"],["95531.80000000","0.00118000"]],"b":[["94119.99000000","4.20108000"],["94119.70000000","0.14784000"],["94119.69000000","0.00006000"],["94119.68000000","0.00012000"],["94119.67000000","0.24020000"],["94118.50000000","0.04256000"],["94118.49000000","0.00000000"],["94115.32000000","0.00000000"],["94115.31000000","0.00000000"],["94115.30000000","0.06484000"],["94115.29000000","0.16763000"],["94115.01000000","0.00000000"],["94115.00000000","0.04256000"],["94114.55000000","0.00000000"],["94111.89000000","0.01593000"],["94111.50000000","0.04250000"],["94111.20000000","0.04250000"],["94110.26000000","0.00000000"],["94109.50000000","0.00006000"],["94107.65000000","1.05662000"],["94106.82000000","0.00013000"],["94104.82000000","1.00000000"],["94104.32000000","1.71052000"],["94104.31000000","0.00000000"],["94103.26000000","0.00000000"],["94102.56000000","1.15792000"],["94101.78000000","0.00006000"],["94101.16000000","0.00022000"],["94100.64000000","0.00000000"],["94100.19000000","0.00013000"],["94094.88000000","0.00000000"],["94094.67000000","0.10628000"],["94092.74000000","1.71884000"],["94092.72000000","0.00000000"],["94091.75000000","0.00310000"],["94090.11000000","0.00000000"],["94089.65000000","2.00000000"],["94089.17000000","0.15900000"],["94088.88000000","0.00000000"],["94088.63000000","0.00000000"],["94087.97000000","0.00000000"],["94086.53000000","0.00000000"],["94085.69000000","0.00000000"],["94082.00000000","1.72560000"],["94081.29000000","0.00000000"],["94075.37000000","0.00000000"],["94070.53000000","0.00000000"],["94063.06000000","0.00000000"],["94059.41000000","0.50797000"],["94059.40000000","0.63724000"],["94058.52000000","0.00000000"],["94057.30000000","0.02297000"],["94051.70000000","0.00637000"],["94050.80000000","0.00012000"],["94042.15000000","0.00000000"],["94041.23000000","0.00012000"],["94039.59000000","0.00000000"],["94035.84000000","1.01475000"],["94034.90000000","0.19461000"],["94032.34000000","0.00000000"],["94030.37000000","0.04349000"],["94026.03000000","0.00000000"],["94013.71000000","0.04800000"],["94009.90000000","0.00000000"],["94003.49000000","0.56454000"],["94003.48000000","0.23508000"],["94003.47000000","0.00000000"],["94000.00000000","0.31132000"],["93996.00000000","0.00220000"],["93993.31000000","0.32123000"],["93992.00000000","0.00220000"],["93990.44000000","0.05608000"],["93988.35000000","1.10683000"],["93988.00000000","0.00220000"],["93987.73000000","1.75848000"],["93987.71000000","0.00000000"],["93987.46000000","0.05597000"],["93986.12000000","0.12000000"],["93949.38000000","0.00000000"],["93931.12000000","0.01661000"],["93919.37000000","0.00010000"],["93877.61000000","0.00553000"],["93855.72000000","0.00000000"],["93667.87000000","0.00000000"],["93658.30000000","0.00000000"],["92708.19000000","0.00000000"],["92577.49000000","0.02106000"],["84707.00000000","0.00000000"],["75296.00000000","0.00702000"],["60000.00000000","88.75209000"],["33883.20000000","0.00846000"],["33000.00000000","2.70601000"]],"s":"BTCUSDT","e":"depthUpdate","E":1745777450014,"U":67663553949,"u":67663554279}
Received message: {"p":"94119.99000000","a":3551019418,"q":"0.00010000","s":"BTCUSDT","T":1745777450421,"e":"aggTrade","E":1745777450421,"f":4855243088,"l":4855243088,"m":true,"M":true}
Received message: {"p":"94119.99000000","a":3551019418,"q":"0.00010000","s":"BTCUSDT","T":1745777450421,"e":"aggTrade","E":1745777450421,"f":4855243088,"l":4855243088,"m":true,"M":true}
Received message: {"p":"94119.99000000","a":3551019419,"q":"0.00145000","s":"BTCUSDT","T":1745777450524,"e":"aggTrade","E":1745777450525,"f":4855243089,"l":4855243089,"m":true,"M":true}
Received message: {"p":"94119.99000000","a":3551019419,"q":"0.00145000","s":"BTCUSDT","T":1745777450524,"e":"aggTrade","E":1745777450525,"f":4855243089,"l":4855243089,"m":true,"M":true}
Received message: {"p":"94119.99000000","a":3551019420,"q":"0.00007000","s":"BTCUSDT","T":1745777450558,"e":"aggTrade","E":1745777450558,"f":4855243090,"l":4855243090,"m":true,"M":true}
Received message: {"p":"94119.99000000","a":3551019420,"q":"0.00007000","s":"BTCUSDT","T":1745777450558,"e":"aggTrade","E":1745777450558,"f":4855243090,"l":4855243090,"m":true,"M":true}
Received message: {"p":"94119.99000000","a":3551019421,"q":"0.00009000","s":"BTCUSDT","T":1745777450639,"e":"aggTrade","E":1745777450640,"f":4855243091,"l":4855243091,"m":true,"M":true}
Received message: {"p":"94119.99000000","a":3551019421,"q":"0.00009000","s":"BTCUSDT","T":1745777450639,"e":"aggTrade","E":1745777450640,"f":4855243091,"l":4855243091,"m":true,"M":true}
WebSocket connection opened: wss://stream.binance.com:9443/ws/bnbusdt@depth
Received message: {"p":"94120.00000000","a":3551019422,"q":"0.05684000","s":"BTCUSDT","T":1745777450869,"e":"aggTrade","E":1745777450869,"f":4855243092,"l":4855243095,"m":false,"M":true}
Received message: {"p":"94120.00000000","a":3551019422,"q":"0.05684000","s":"BTCUSDT","T":1745777450869,"e":"aggTrade","E":1745777450869,"f":4855243092,"l":4855243095,"m":false,"M":true}
Received message: {"a":[["94120.00000000","4.69082000"],["94122.68000000","0.00012000"],["94122.69000000","0.02221000"],["94126.24000000","0.02139000"],["94146.91000000","0.30249000"],["94148.24000000","0.00063000"],["94160.39000000","1.87900000"],["94161.03000000","0.00000000"],["94164.30000000","0.76437000"],["94173.81000000","0.04716000"],["94186.07000000","0.00000000"],["94300.94000000","0.00000000"],["94302.26000000","0.00000000"],["94307.93000000","0.00410000"],["94312.95000000","0.00000000"],["94332.26000000","6.97636000"],["94335.49000000","0.02000000"],["94499.82000000","0.00012000"],["95531.80000000","0.00018000"]],"b":[["94119.99000000","4.19937000"],["94113.36000000","0.00006000"],["94103.17000000","0.00000000"],["94100.00000000","0.02131000"],["94097.93000000","0.00006000"],["94091.76000000","0.00053000"],["94091.41000000","0.05314000"],["94089.17000000","0.00000000"],["94088.95000000","0.00000000"],["94087.85000000","0.00000000"],["94086.22000000","0.00000000"],["94084.74000000","0.15900000"],["94082.02000000","0.00000000"],["94040.00000000","0.02342000"],["94036.00000000","0.00210000"],["94032.00000000","0.00210000"],["94028.00000000","0.00210000"],["94024.00000000","0.00210000"],["94020.00000000","0.02337000"],["94016.84000000","0.00106000"],["94010.12000000","0.14246000"],["94008.01000000","0.05997000"],["94006.84000000","0.00106000"],["94004.40000000","0.32835000"],["94003.48000000","0.29505000"],["94001.01000000","0.32409000"],["94000.01000000","0.14498000"],["93997.84000000","0.20089000"],["93996.84000000","0.00106000"],["93995.01000000","0.23293000"],["93991.21000000","0.05997000"],["93986.70000000","0.05997000"],["93986.56000000","0.03998000"],["93983.44000000","0.05997000"],["93981.42000000","0.03998000"],["93913.25000000","7.03872000"],["93888.53000000","0.00000000"],["93573.88000000","0.10629000"],["93547.82000000","0.00000000"],["92708.19000000","0.00100000"],["86567.62000000","0.00012000"],["84707.00000000","0.00000000"],["75296.00000000","0.00702000"],["33000.00000000","2.70601000"]],"s":"BTCUSDT","e":"depthUpdate","E":1745777451014,"U":67663554280,"u":67663554373}
Received message: {"a":[["94120.00000000","4.69082000"],["94122.68000000","0.00012000"],["94122.69000000","0.02221000"],["94126.24000000","0.02139000"],["94146.91000000","0.30249000"],["94148.24000000","0.00063000"],["94160.39000000","1.87900000"],["94161.03000000","0.00000000"],["94164.30000000","0.76437000"],["94173.81000000","0.04716000"],["94186.07000000","0.00000000"],["94300.94000000","0.00000000"],["94302.26000000","0.00000000"],["94307.93000000","0.00410000"],["94312.95000000","0.00000000"],["94332.26000000","6.97636000"],["94335.49000000","0.02000000"],["94499.82000000","0.00012000"],["95531.80000000","0.00018000"]],"b":[["94119.99000000","4.19937000"],["94113.36000000","0.00006000"],["94103.17000000","0.00000000"],["94100.00000000","0.02131000"],["94097.93000000","0.00006000"],["94091.76000000","0.00053000"],["94091.41000000","0.05314000"],["94089.17000000","0.00000000"],["94088.95000000","0.00000000"],["94087.85000000","0.00000000"],["94086.22000000","0.00000000"],["94084.74000000","0.15900000"],["94082.02000000","0.00000000"],["94040.00000000","0.02342000"],["94036.00000000","0.00210000"],["94032.00000000","0.00210000"],["94028.00000000","0.00210000"],["94024.00000000","0.00210000"],["94020.00000000","0.02337000"],["94016.84000000","0.00106000"],["94010.12000000","0.14246000"],["94008.01000000","0.05997000"],["94006.84000000","0.00106000"],["94004.40000000","0.32835000"],["94003.48000000","0.29505000"],["94001.01000000","0.32409000"],["94000.01000000","0.14498000"],["93997.84000000","0.20089000"],["93996.84000000","0.00106000"],["93995.01000000","0.23293000"],["93991.21000000","0.05997000"],["93986.70000000","0.05997000"],["93986.56000000","0.03998000"],["93983.44000000","0.05997000"],["93981.42000000","0.03998000"],["93913.25000000","7.03872000"],["93888.53000000","0.00000000"],["93573.88000000","0.10629000"],["93547.82000000","0.00000000"],["92708.19000000","0.00100000"],["86567.62000000","0.00012000"],["84707.00000000","0.00000000"],["75296.00000000","0.00702000"],["33000.00000000","2.70601000"]],"s":"BTCUSDT","e":"depthUpdate","E":1745777451014,"U":67663554280,"u":67663554373}
Received message: {"a":[["602.02000000","28.40600000"],["602.06000000","1.69600000"],["602.08000000","6.67900000"],["602.12000000","18.30100000"],["602.20000000","6.20700000"],["602.24000000","0.00900000"],["602.25000000","36.29800000"],["602.42000000","9.43400000"],["602.92000000","22.11900000"],["602.98000000","0.07900000"]],"b":[["602.01000000","29.50200000"],["601.94000000","3.29200000"],["601.93000000","0.66400000"],["601.84000000","14.98400000"],["601.78000000","9.16900000"],["601.50000000","17.39000000"],["601.48000000","20.37300000"],["601.46000000","0.93200000"],["601.45000000","0.08800000"],["601.44000000","7.91400000"],["601.37000000","10.72700000"],["601.30000000","74.42700000"],["601.11000000","8.83300000"],["601.09000000","7.18200000"],["601.01000000","6.63300000"],["599.95000000","0.89500000"],["599.82000000","0.00000000"]],"s":"BNBUSDT","e":"depthUpdate","E":1745777451106,"U":13738692933,"u":13738692966}
Received order book message: {"a":[["602.02000000","28.40600000"],["602.06000000","1.69600000"],["602.08000000","6.67900000"],["602.12000000","18.30100000"],["602.20000000","6.20700000"],["602.24000000","0.00900000"],["602.25000000","36.29800000"],["602.42000000","9.43400000"],["602.92000000","22.11900000"],["602.98000000","0.07900000"]],"b":[["602.01000000","29.50200000"],["601.94000000","3.29200000"],["601.93000000","0.66400000"],["601.84000000","14.98400000"],["601.78000000","9.16900000"],["601.50000000","17.39000000"],["601.48000000","20.37300000"],["601.46000000","0.93200000"],["601.45000000","0.08800000"],["601.44000000","7.91400000"],["601.37000000","10.72700000"],["601.30000000","74.42700000"],["601.11000000","8.83300000"],["601.09000000","7.18200000"],["601.01000000","6.63300000"],["599.95000000","0.89500000"],["599.82000000","0.00000000"]],"s":"BNBUSDT","e":"depthUpdate","E":1745777451106,"U":13738692933,"u":13738692966}
Received message: {"p":"94119.99000000","a":3551019423,"q":"0.00244000","s":"BTCUSDT","T":1745777451388,"e":"aggTrade","E":1745777451389,"f":4855243096,"l":4855243096,"m":true,"M":true}
Received message: {"p":"94119.99000000","a":3551019423,"q":"0.00244000","s":"BTCUSDT","T":1745777451388,"e":"aggTrade","E":1745777451389,"f":4855243096,"l":4855243096,"m":true,"M":true}
Received message: {"p":"94119.99000000","a":3551019424,"q":"0.00083000","s":"BTCUSDT","T":1745777451618,"e":"aggTrade","E":1745777451618,"f":4855243097,"l":4855243097,"m":true,"M":true}
Received message: {"p":"94119.99000000","a":3551019424,"q":"0.00083000","s":"BTCUSDT","T":1745777451618,"e":"aggTrade","E":1745777451618,"f":4855243097,"l":4855243097,"m":true,"M":true}
Received message: {"p":"94119.99000000","a":3551019425,"q":"0.02052000","s":"BTCUSDT","T":1745777451733,"e":"aggTrade","E":1745777451733,"f":4855243098,"l":4855243098,"m":true,"M":true}
Received message: {"p":"94119.99000000","a":3551019425,"q":"0.02052000","s":"BTCUSDT","T":1745777451733,"e":"aggTrade","E":1745777451733,"f":4855243098,"l":4855243098,"m":true,"M":true}
Received message: {"p":"602.01000000","q":"0.00900000","s":"BNBUSDT","t":1041896823,"T":1745777451868,"e":"trade","E":1745777451869,"m":true,"M":true}
Received trade message: {"p":"602.01000000","q":"0.00900000","s":"BNBUSDT","t":1041896823,"T":1745777451868,"e":"trade","E":1745777451869,"m":true,"M":true}
Received message: {"p":"602.01000000","q":"0.00900000","s":"BNBUSDT","t":1041896824,"T":1745777451868,"e":"trade","E":1745777451869,"m":true,"M":true}
Received trade message: {"p":"602.01000000","q":"0.00900000","s":"BNBUSDT","t":1041896824,"T":1745777451868,"e":"trade","E":1745777451869,"m":true,"M":true}
Received message: {"p":"602.01000000","q":"0.00900000","s":"BNBUSDT","t":1041896825,"T":1745777451868,"e":"trade","E":1745777451869,"m":true,"M":true}
Received trade message: {"p":"602.01000000","q":"0.00900000","s":"BNBUSDT","t":1041896825,"T":1745777451868,"e":"trade","E":1745777451869,"m":true,"M":true}
Received message: {"p":"602.01000000","q":"0.00900000","s":"BNBUSDT","t":1041896826,"T":1745777451868,"e":"trade","E":1745777451869,"m":true,"M":true}
Received trade message: {"p":"602.01000000","q":"0.00900000","s":"BNBUSDT","t":1041896826,"T":1745777451868,"e":"trade","E":1745777451869,"m":true,"M":true}
Received message: {"p":"602.01000000","q":"0.00900000","s":"BNBUSDT","t":1041896827,"T":1745777451868,"e":"trade","E":1745777451869,"m":true,"M":true}
Received trade message: {"p":"602.01000000","q":"0.00900000","s":"BNBUSDT","t":1041896827,"T":1745777451868,"e":"trade","E":1745777451869,"m":true,"M":true}
Received message: {"p":"602.01000000","q":"0.02300000","s":"BNBUSDT","t":1041896828,"T":1745777451868,"e":"trade","E":1745777451869,"m":true,"M":true}
Received trade message: {"p":"602.01000000","q":"0.02300000","s":"BNBUSDT","t":1041896828,"T":1745777451868,"e":"trade","E":1745777451869,"m":true,"M":true}
Received message: {"p":"602.01000000","q":"0.00900000","s":"BNBUSDT","t":1041896829,"T":1745777451868,"e":"trade","E":1745777451869,"m":true,"M":true}
Received trade message: {"p":"602.01000000","q":"0.00900000","s":"BNBUSDT","t":1041896829,"T":1745777451868,"e":"trade","E":1745777451869,"m":true,"M":true}
Received message: {"p":"602.01000000","q":"0.00900000","s":"BNBUSDT","t":1041896830,"T":1745777451868,"e":"trade","E":1745777451869,"m":true,"M":true}
Received trade message: {"p":"602.01000000","q":"0.00900000","s":"BNBUSDT","t":1041896830,"T":1745777451868,"e":"trade","E":1745777451869,"m":true,"M":true}
Received message: {"p":"602.01000000","q":"0.00900000","s":"BNBUSDT","t":1041896831,"T":1745777451868,"e":"trade","E":1745777451869,"m":true,"M":true}
Received trade message: {"p":"602.01000000","q":"0.00900000","s":"BNBUSDT","t":1041896831,"T":1745777451868,"e":"trade","E":1745777451869,"m":true,"M":true}
Received message: {"a":[["94120.00000000","5.00527000"],["94120.01000000","0.00024000"],["94123.99000000","0.29046000"],["94124.35000000","0.00000000"],["94124.36000000","0.00000000"],["94124.53000000","0.00000000"],["94124.63000000","0.00012000"],["94124.64000000","0.70097000"],["94125.86000000","0.00000000"],["94125.90000000","0.00010000"],["94126.17000000","0.02119000"],["94127.62000000","0.45148000"],["94127.63000000","0.00000000"],["94127.74000000","0.00000000"],["94127.97000000","0.00000000"],["94127.99000000","0.00000000"],["94131.72000000","0.00000000"],["94132.14000000","0.43212000"],["94132.20000000","0.08015000"],["94133.22000000","0.00000000"],["94133.42000000","0.00000000"],["94135.52000000","0.00000000"],["94135.93000000","0.00000000"],["94136.00000000","0.26397000"],["94136.42000000","0.00000000"],["94140.20000000","0.00000000"],["94140.56000000","1.00000000"],["94141.73000000","0.00000000"],["94143.44000000","0.00000000"],["94146.44000000","0.00000000"],["94146.84000000","0.00000000"],["94150.42000000","0.00728000"],["94150.70000000","0.04716000"],["94151.04000000","0.00000000"],["94152.84000000","0.00000000"],["94157.87000000","0.04243000"],["94160.39000000","1.28923000"],["94160.40000000","0.00000000"],["94161.12000000","2.00000000"],["94162.00000000","0.00000000"],["94163.05000000","0.00000000"],["94166.34000000","0.00000000"],["94173.81000000","0.00000000"],["94176.35000000","0.00000000"],["94184.50000000","0.04144000"],["94243.22000000","0.00000000"],["94265.34000000","0.00035000"],["94266.84000000","1.31347000"],["94287.65000000","0.00400000"],["94307.93000000","0.00010000"],["94332.26000000","0.00000000"],["94332.28000000","6.80967000"],["94496.48000000","0.00007000"],["95531.80000000","0.00118000"]],"b":[["94119.99000000","2.71336000"],["94119.98000000","0.00072000"],["94119.70000000","0.14778000"],["94119.69000000","0.00006000"],["94119.68000000","0.00000000"],["94119.67000000","0.00000000"],["94119.66000000","0.00000000"],["94119.37000000","0.00012000"],["94118.50000000","0.04256000"],["94116.91000000","0.00012000"],["94116.90000000","0.22502000"],["94116.89000000","0.70109000"],["94115.54000000","0.00006000"],["94115.30000000","0.00000000"],["94115.29000000","0.00000000"],["94115.00000000","0.04256000"],["94114.27000000","0.30886000"],["94111.91000000","0.00000000"],["94111.90000000","0.18508000"],["94111.50000000","0.04250000"],["94111.20000000","0.04250000"],["94110.26000000","0.00000000"],["94110.24000000","0.51675000"],["94108.23000000","0.00418000"],["94107.66000000","0.00000000"],["94107.65000000","0.21025000"],["94107.64000000","0.00000000"],["94104.82000000","0.00000000"],["94104.32000000","0.00000000"],["94102.58000000","1.25089000"],["94102.57000000","0.00000000"],["94102.56000000","0.00000000"],["94102.05000000","0.00000000"],["94101.54000000","1.71052000"],["94101.53000000","1.06349000"],["94101.36000000","0.00000000"],["94100.82000000","0.00000000"],["94099.86000000","0.00000000"],["94099.26000000","0.00000000"],["94098.36000000","0.00000000"],["94096.86000000","0.00000000"],["94091.41000000","0.10306000"],["94089.65000000","0.00000000"],["94084.65000000","0.49543000"],["94084.11000000","0.00000000"],["94083.43000000","2.12734000"],["94083.07000000","2.00000000"],["94082.73000000","0.00000000"],["94082.00000000","0.00000000"],["94081.59000000","0.00000000"],["94079.73000000","0.00000000"],["94078.53000000","0.00000000"],["94076.73000000","0.84736000"],["94073.73000000","0.00000000"],["94060.55000000","0.76521000"],["94057.30000000","0.00766000"],["94054.68000000","0.01531000"],["94052.23000000","0.00510000"],["94027.49000000","0.00000000"],["93985.81000000","0.60962000"],["93983.22000000","0.05997000"],["93976.75000000","0.00015000"],["93974.16000000","0.00010000"],["93943.63000000","0.00167000"],["93924.29000000","0.00000000"],["93913.25000000","0.00000000"],["93913.23000000","7.11734000"],["93876.61000000","0.00000000"],["93824.55000000","0.10629000"],["93806.19000000","0.00000000"],["92708.19000000","0.00000000"],["86567.62000000","0.00000000"],["84707.00000000","0.00000000"],["75296.00000000","0.00702000"],["33000.00000000","2.70601000"]],"s":"BTCUSDT","e":"depthUpdate","E":1745777452014,"U":67663554374,"u":67663554688}
Received message: {"a":[["94120.00000000","5.00527000"],["94120.01000000","0.00024000"],["94123.99000000","0.29046000"],["94124.35000000","0.00000000"],["94124.36000000","0.00000000"],["94124.53000000","0.00000000"],["94124.63000000","0.00012000"],["94124.64000000","0.70097000"],["94125.86000000","0.00000000"],["94125.90000000","0.00010000"],["94126.17000000","0.02119000"],["94127.62000000","0.45148000"],["94127.63000000","0.00000000"],["94127.74000000","0.00000000"],["94127.97000000","0.00000000"],["94127.99000000","0.00000000"],["94131.72000000","0.00000000"],["94132.14000000","0.43212000"],["94132.20000000","0.08015000"],["94133.22000000","0.00000000"],["94133.42000000","0.00000000"],["94135.52000000","0.00000000"],["94135.93000000","0.00000000"],["94136.00000000","0.26397000"],["94136.42000000","0.00000000"],["94140.20000000","0.00000000"],["94140.56000000","1.00000000"],["94141.73000000","0.00000000"],["94143.44000000","0.00000000"],["94146.44000000","0.00000000"],["94146.84000000","0.00000000"],["94150.42000000","0.00728000"],["94150.70000000","0.04716000"],["94151.04000000","0.00000000"],["94152.84000000","0.00000000"],["94157.87000000","0.04243000"],["94160.39000000","1.28923000"],["94160.40000000","0.00000000"],["94161.12000000","2.00000000"],["94162.00000000","0.00000000"],["94163.05000000","0.00000000"],["94166.34000000","0.00000000"],["94173.81000000","0.00000000"],["94176.35000000","0.00000000"],["94184.50000000","0.04144000"],["94243.22000000","0.00000000"],["94265.34000000","0.00035000"],["94266.84000000","1.31347000"],["94287.65000000","0.00400000"],["94307.93000000","0.00010000"],["94332.26000000","0.00000000"],["94332.28000000","6.80967000"],["94496.48000000","0.00007000"],["95531.80000000","0.00118000"]],"b":[["94119.99000000","2.71336000"],["94119.98000000","0.00072000"],["94119.70000000","0.14778000"],["94119.69000000","0.00006000"],["94119.68000000","0.00000000"],["94119.67000000","0.00000000"],["94119.66000000","0.00000000"],["94119.37000000","0.00012000"],["94118.50000000","0.04256000"],["94116.91000000","0.00012000"],["94116.90000000","0.22502000"],["94116.89000000","0.70109000"],["94115.54000000","0.00006000"],["94115.30000000","0.00000000"],["94115.29000000","0.00000000"],["94115.00000000","0.04256000"],["94114.27000000","0.30886000"],["94111.91000000","0.00000000"],["94111.90000000","0.18508000"],["94111.50000000","0.04250000"],["94111.20000000","0.04250000"],["94110.26000000","0.00000000"],["94110.24000000","0.51675000"],["94108.23000000","0.00418000"],["94107.66000000","0.00000000"],["94107.65000000","0.21025000"],["94107.64000000","0.00000000"],["94104.82000000","0.00000000"],["94104.32000000","0.00000000"],["94102.58000000","1.25089000"],["94102.57000000","0.00000000"],["94102.56000000","0.00000000"],["94102.05000000","0.00000000"],["94101.54000000","1.71052000"],["94101.53000000","1.06349000"],["94101.36000000","0.00000000"],["94100.82000000","0.00000000"],["94099.86000000","0.00000000"],["94099.26000000","0.00000000"],["94098.36000000","0.00000000"],["94096.86000000","0.00000000"],["94091.41000000","0.10306000"],["94089.65000000","0.00000000"],["94084.65000000","0.49543000"],["94084.11000000","0.00000000"],["94083.43000000","2.12734000"],["94083.07000000","2.00000000"],["94082.73000000","0.00000000"],["94082.00000000","0.00000000"],["94081.59000000","0.00000000"],["94079.73000000","0.00000000"],["94078.53000000","0.00000000"],["94076.73000000","0.84736000"],["94073.73000000","0.00000000"],["94060.55000000","0.76521000"],["94057.30000000","0.00766000"],["94054.68000000","0.01531000"],["94052.23000000","0.00510000"],["94027.49000000","0.00000000"],["93985.81000000","0.60962000"],["93983.22000000","0.05997000"],["93976.75000000","0.00015000"],["93974.16000000","0.00010000"],["93943.63000000","0.00167000"],["93924.29000000","0.00000000"],["93913.25000000","0.00000000"],["93913.23000000","7.11734000"],["93876.61000000","0.00000000"],["93824.55000000","0.10629000"],["93806.19000000","0.00000000"],["92708.19000000","0.00000000"],["86567.62000000","0.00000000"],["84707.00000000","0.00000000"],["75296.00000000","0.00702000"],["33000.00000000","2.70601000"]],"s":"BTCUSDT","e":"depthUpdate","E":1745777452014,"U":67663554374,"u":67663554688}
Received message: {"a":[["602.01000000","48.99100000"],["602.02000000","24.55400000"],["602.03000000","1.68700000"],["602.05000000","0.70000000"],["602.06000000","0.01800000"],["602.07000000","9.15900000"],["602.08000000","6.67000000"],["602.09000000","0.21300000"],["602.10000000","40.46200000"],["602.16000000","4.00900000"],["602.18000000","33.37600000"],["602.20000000","6.19800000"],["602.22000000","39.05900000"],["602.25000000","29.89400000"],["602.26000000","1.66800000"],["602.81000000","4.36500000"],["602.99000000","54.09700000"],["603.32000000","10.12500000"],["603.74000000","3.02800000"],["604.32000000","26.63400000"],["604.63000000","9.32600000"]],"b":[["602.01000000","0.00000000"],["602.00000000","0.08100000"],["601.99000000","0.03600000"],["601.96000000","0.87400000"],["601.94000000","2.46200000"],["601.93000000","1.49400000"],["601.92000000","6.80700000"],["601.91000000","9.74100000"],["601.90000000","3.01900000"],["601.89000000","2.67000000"],["601.88000000","7.72800000"],["601.86000000","7.98800000"],["601.84000000","7.69700000"],["601.83000000","23.28300000"],["601.82000000","31.95200000"],["601.53000000","11.87200000"],["601.51000000","5.52800000"],["601.50000000","15.87200000"],["601.43000000","15.87700000"],["601.42000000","0.04800000"],["601.41000000","9.45000000"],["601.35000000","26.73800000"],["601.34000000","12.13100000"],["601.33000000","12.31700000"],["601.17000000","20.25200000"],["601.15000000","8.48900000"],["601.09000000","0.59000000"],["601.07000000","14.53400000"],["601.06000000","0.05900000"],["601.05000000","9.55800000"],["600.99000000","11.63100000"],["600.98000000","7.67000000"],["600.97000000","6.38400000"]],"s":"BNBUSDT","e":"depthUpdate","E":1745777452106,"U":13738692967,"u":13738693089}
Received order book message: {"a":[["602.01000000","48.99100000"],["602.02000000","24.55400000"],["602.03000000","1.68700000"],["602.05000000","0.70000000"],["602.06000000","0.01800000"],["602.07000000","9.15900000"],["602.08000000","6.67000000"],["602.09000000","0.21300000"],["602.10000000","40.46200000"],["602.16000000","4.00900000"],["602.18000000","33.37600000"],["602.20000000","6.19800000"],["602.22000000","39.05900000"],["602.25000000","29.89400000"],["602.26000000","1.66800000"],["602.81000000","4.36500000"],["602.99000000","54.09700000"],["603.32000000","10.12500000"],["603.74000000","3.02800000"],["604.32000000","26.63400000"],["604.63000000","9.32600000"]],"b":[["602.01000000","0.00000000"],["602.00000000","0.08100000"],["601.99000000","0.03600000"],["601.96000000","0.87400000"],["601.94000000","2.46200000"],["601.93000000","1.49400000"],["601.92000000","6.80700000"],["601.91000000","9.74100000"],["601.90000000","3.01900000"],["601.89000000","2.67000000"],["601.88000000","7.72800000"],["601.86000000","7.98800000"],["601.84000000","7.69700000"],["601.83000000","23.28300000"],["601.82000000","31.95200000"],["601.53000000","11.87200000"],["601.51000000","5.52800000"],["601.50000000","15.87200000"],["601.43000000","15.87700000"],["601.42000000","0.04800000"],["601.41000000","9.45000000"],["601.35000000","26.73800000"],["601.34000000","12.13100000"],["601.33000000","12.31700000"],["601.17000000","20.25200000"],["601.15000000","8.48900000"],["601.09000000","0.59000000"],["601.07000000","14.53400000"],["601.06000000","0.05900000"],["601.05000000","9.55800000"],["600.99000000","11.63100000"],["600.98000000","7.67000000"],["600.97000000","6.38400000"]],"s":"BNBUSDT","e":"depthUpdate","E":1745777452106,"U":13738692967,"u":13738693089}
Received message: {"p":"94119.99000000","a":3551019426,"q":"0.00032000","s":"BTCUSDT","T":1745777452311,"e":"aggTrade","E":1745777452311,"f":4855243099,"l":4855243099,"m":true,"M":true}
Received message: {"p":"94119.99000000","a":3551019426,"q":"0.00032000","s":"BTCUSDT","T":1745777452311,"e":"aggTrade","E":1745777452311,"f":4855243099,"l":4855243099,"m":true,"M":true}
Received message: {"p":"94119.99000000","a":3551019427,"q":"0.00012000","s":"BTCUSDT","T":1745777452491,"e":"aggTrade","E":1745777452492,"f":4855243100,"l":4855243100,"m":true,"M":true}
Received message: {"p":"94119.99000000","a":3551019427,"q":"0.00012000","s":"BTCUSDT","T":1745777452491,"e":"aggTrade","E":1745777452492,"f":4855243100,"l":4855243100,"m":true,"M":true}
Received message: {"p":"602.00000000","q":"0.00900000","s":"BNBUSDT","t":1041896832,"T":1745777452670,"e":"trade","E":1745777452671,"m":true,"M":true}
Received trade message: {"p":"602.00000000","q":"0.00900000","s":"BNBUSDT","t":1041896832,"T":1745777452670,"e":"trade","E":1745777452671,"m":true,"M":true}
Received message: {"p":"602.00000000","q":"0.00200000","s":"BNBUSDT","t":1041896833,"T":1745777452670,"e":"trade","E":1745777452671,"m":true,"M":true}
Received trade message: {"p":"602.00000000","q":"0.00200000","s":"BNBUSDT","t":1041896833,"T":1745777452670,"e":"trade","E":1745777452671,"m":true,"M":true}
Received message: {"p":"602.00000000","q":"0.00700000","s":"BNBUSDT","t":1041896834,"T":1745777452671,"e":"trade","E":1745777452671,"m":true,"M":true}
Received trade message: {"p":"602.00000000","q":"0.00700000","s":"BNBUSDT","t":1041896834,"T":1745777452671,"e":"trade","E":1745777452671,"m":true,"M":true}
Received message: {"p":"602.00000000","q":"0.00400000","s":"BNBUSDT","t":1041896835,"T":1745777452671,"e":"trade","E":1745777452671,"m":true,"M":true}
Received trade message: {"p":"602.00000000","q":"0.00400000","s":"BNBUSDT","t":1041896835,"T":1745777452671,"e":"trade","E":1745777452671,"m":true,"M":true}
Received message: {"p":"94119.99000000","a":3551019428,"q":"0.00316000","s":"BTCUSDT","T":1745777452760,"e":"aggTrade","E":1745777452760,"f":4855243101,"l":4855243101,"m":true,"M":true}
Received message: {"p":"94119.99000000","a":3551019428,"q":"0.00316000","s":"BTCUSDT","T":1745777452760,"e":"aggTrade","E":1745777452760,"f":4855243101,"l":4855243101,"m":true,"M":true}
Received message: {"p":"94119.99000000","a":3551019429,"q":"0.00111000","s":"BTCUSDT","T":1745777452903,"e":"aggTrade","E":1745777452904,"f":4855243102,"l":4855243102,"m":true,"M":true}
Received message: {"p":"94119.99000000","a":3551019429,"q":"0.00111000","s":"BTCUSDT","T":1745777452903,"e":"aggTrade","E":1745777452904,"f":4855243102,"l":4855243102,"m":true,"M":true}
Received message: {"a":[["94120.00000000","5.03149000"],["94120.01000000","0.00018000"],["94121.95000000","0.70099000"],["94121.99000000","0.00000000"],["94122.61000000","0.00000000"],["94122.68000000","0.00000000"],["94123.48000000","0.00010000"],["94123.79000000","0.02119000"],["94123.98000000","0.00000000"],["94124.14000000","0.08015000"],["94124.63000000","0.00000000"],["94124.64000000","0.00000000"],["94125.90000000","0.00000000"],["94126.17000000","0.00000000"],["94127.73000000","1.73347000"],["94128.05000000","0.50637000"],["94131.72000000","1.00000000"],["94132.14000000","0.00000000"],["94133.41000000","0.00106000"],["94134.32000000","0.00000000"],["94136.42000000","0.00000000"],["94138.01000000","0.09403000"],["94138.18000000","0.00000000"],["94138.87000000","0.00531000"],["94140.56000000","0.00000000"],["94141.35000000","0.00795000"],["94141.99000000","0.00000000"],["94142.13000000","0.00000000"],["94143.44000000","2.00000000"],["94146.29000000","0.54216000"],["94148.36000000","0.00000000"],["94148.64000000","0.00000000"],["94150.53000000","0.99539000"],["94150.70000000","0.00000000"],["94152.84000000","0.00000000"],["94157.73000000","0.76442000"],["94161.12000000","0.00000000"],["94161.42000000","0.00000000"],["94164.26000000","0.00000000"],["94182.50000000","0.00000000"],["94183.73000000","0.00000000"],["94268.56000000","0.00000000"],["94282.47000000","0.00400000"],["94287.65000000","0.00000000"],["94312.25000000","0.01310000"],["95531.80000000","0.00018000"]],"b":[["94119.99000000","1.59474000"],["94119.98000000","0.00090000"],["94119.65000000","0.00006000"],["94119.36000000","0.04243000"],["94118.50000000","0.00000000"],["94118.37000000","0.00000000"],["94117.27000000","0.00000000"],["94116.91000000","0.00000000"],["94116.90000000","0.00000000"],["94116.89000000","0.00000000"],["94114.59000000","0.00106000"],["94114.28000000","0.00012000"],["94114.27000000","0.30886000"],["94114.10000000","0.00000000"],["94114.09000000","0.00000000"],["94111.97000000","0.03195000"],["94111.89000000","0.01593000"],["94111.50000000","0.04256000"],["94111.20000000","0.04256000"],["94110.26000000","0.00000000"],["94110.25000000","0.00000000"],["94109.35000000","0.00000000"],["94107.65000000","0.00000000"],["94106.45000000","0.00000000"],["94103.79000000","0.00000000"],["94102.58000000","1.75860000"],["94101.77000000","0.00000000"],["94101.54000000","0.00000000"],["94101.53000000","0.06349000"],["94101.40000000","0.00000000"],["94100.35000000","0.50304000"],["94100.03000000","0.00000000"],["94099.99000000","0.04013000"],["94099.59000000","0.00000000"],["94099.46000000","0.00000000"],["94098.41000000","0.00531000"],["94096.86000000","1.00000000"],["94095.74000000","0.00000000"],["94095.73000000","0.00000000"],["94085.33000000","0.00000000"],["94084.74000000","0.00000000"],["94083.43000000","0.00000000"],["94083.07000000","0.00000000"],["94078.93000000","0.00000000"],["94075.14000000","0.00000000"],["94073.73000000","2.00000000"],["94061.59000000","0.05000000"],["94059.40000000","0.00000000"],["94057.30000000","0.00000000"],["94055.83000000","0.76525000"],["94055.64000000","0.63726000"],["94054.68000000","0.00000000"],["94045.21000000","0.00000000"],["94042.15000000","0.02297000"],["94031.31000000","0.03422000"],["94006.84000000","0.00000000"],["93996.84000000","0.00000000"],["93987.73000000","0.00000000"],["93935.75000000","0.01310000"],["93931.12000000","0.00000000"],["93892.24000000","0.00000000"],["93877.61000000","0.00000000"],["93868.22000000","0.00553000"],["93573.88000000","0.00000000"],["93565.04000000","0.10629000"],["92708.19000000","0.00100000"],["92656.26000000","0.04105000"],["89413.99000000","0.00010000"],["84707.00000000","0.00000000"],["75296.00000000","0.00702000"],["33000.00000000","2.70601000"]],"s":"BTCUSDT","e":"depthUpdate","E":1745777453014,"U":67663554689,"u":67663554890}
Received message: {"a":[["94120.00000000","5.03149000"],["94120.01000000","0.00018000"],["94121.95000000","0.70099000"],["94121.99000000","0.00000000"],["94122.61000000","0.00000000"],["94122.68000000","0.00000000"],["94123.48000000","0.00010000"],["94123.79000000","0.02119000"],["94123.98000000","0.00000000"],["94124.14000000","0.08015000"],["94124.63000000","0.00000000"],["94124.64000000","0.00000000"],["94125.90000000","0.00000000"],["94126.17000000","0.00000000"],["94127.73000000","1.73347000"],["94128.05000000","0.50637000"],["94131.72000000","1.00000000"],["94132.14000000","0.00000000"],["94133.41000000","0.00106000"],["94134.32000000","0.00000000"],["94136.42000000","0.00000000"],["94138.01000000","0.09403000"],["94138.18000000","0.00000000"],["94138.87000000","0.00531000"],["94140.56000000","0.00000000"],["94141.35000000","0.00795000"],["94141.99000000","0.00000000"],["94142.13000000","0.00000000"],["94143.44000000","2.00000000"],["94146.29000000","0.54216000"],["94148.36000000","0.00000000"],["94148.64000000","0.00000000"],["94150.53000000","0.99539000"],["94150.70000000","0.00000000"],["94152.84000000","0.00000000"],["94157.73000000","0.76442000"],["94161.12000000","0.00000000"],["94161.42000000","0.00000000"],["94164.26000000","0.00000000"],["94182.50000000","0.00000000"],["94183.73000000","0.00000000"],["94268.56000000","0.00000000"],["94282.47000000","0.00400000"],["94287.65000000","0.00000000"],["94312.25000000","0.01310000"],["95531.80000000","0.00018000"]],"b":[["94119.99000000","1.59474000"],["94119.98000000","0.00090000"],["94119.65000000","0.00006000"],["94119.36000000","0.04243000"],["94118.50000000","0.00000000"],["94118.37000000","0.00000000"],["94117.27000000","0.00000000"],["94116.91000000","0.00000000"],["94116.90000000","0.00000000"],["94116.89000000","0.00000000"],["94114.59000000","0.00106000"],["94114.28000000","0.00012000"],["94114.27000000","0.30886000"],["94114.10000000","0.00000000"],["94114.09000000","0.00000000"],["94111.97000000","0.03195000"],["94111.89000000","0.01593000"],["94111.50000000","0.04256000"],["94111.20000000","0.04256000"],["94110.26000000","0.00000000"],["94110.25000000","0.00000000"],["94109.35000000","0.00000000"],["94107.65000000","0.00000000"],["94106.45000000","0.00000000"],["94103.79000000","0.00000000"],["94102.58000000","1.75860000"],["94101.77000000","0.00000000"],["94101.54000000","0.00000000"],["94101.53000000","0.06349000"],["94101.40000000","0.00000000"],["94100.35000000","0.50304000"],["94100.03000000","0.00000000"],["94099.99000000","0.04013000"],["94099.59000000","0.00000000"],["94099.46000000","0.00000000"],["94098.41000000","0.00531000"],["94096.86000000","1.00000000"],["94095.74000000","0.00000000"],["94095.73000000","0.00000000"],["94085.33000000","0.00000000"],["94084.74000000","0.00000000"],["94083.43000000","0.00000000"],["94083.07000000","0.00000000"],["94078.93000000","0.00000000"],["94075.14000000","0.00000000"],["94073.73000000","2.00000000"],["94061.59000000","0.05000000"],["94059.40000000","0.00000000"],["94057.30000000","0.00000000"],["94055.83000000","0.76525000"],["94055.64000000","0.63726000"],["94054.68000000","0.00000000"],["94045.21000000","0.00000000"],["94042.15000000","0.02297000"],["94031.31000000","0.03422000"],["94006.84000000","0.00000000"],["93996.84000000","0.00000000"],["93987.73000000","0.00000000"],["93935.75000000","0.01310000"],["93931.12000000","0.00000000"],["93892.24000000","0.00000000"],["93877.61000000","0.00000000"],["93868.22000000","0.00553000"],["93573.88000000","0.00000000"],["93565.04000000","0.10629000"],["92708.19000000","0.00100000"],["92656.26000000","0.04105000"],["89413.99000000","0.00010000"],["84707.00000000","0.00000000"],["75296.00000000","0.00702000"],["33000.00000000","2.70601000"]],"s":"BTCUSDT","e":"depthUpdate","E":1745777453014,"U":67663554689,"u":67663554890}
Received message: {"p":"94119.99000000","a":3551019430,"q":"0.00025000","s":"BTCUSDT","T":1745777453027,"e":"aggTrade","E":1745777453028,"f":4855243103,"l":4855243103,"m":true,"M":true}
Received message: {"p":"94119.99000000","a":3551019430,"q":"0.00025000","s":"BTCUSDT","T":1745777453027,"e":"aggTrade","E":1745777453028,"f":4855243103,"l":4855243103,"m":true,"M":true}
Received message: {"p":"602.00000000","q":"0.00900000","s":"BNBUSDT","t":1041896836,"T":1745777453098,"e":"trade","E":1745777453098,"m":true,"M":true}
Received trade message: {"p":"602.00000000","q":"0.00900000","s":"BNBUSDT","t":1041896836,"T":1745777453098,"e":"trade","E":1745777453098,"m":true,"M":true}
Received message: {"p":"602.00000000","q":"0.00200000","s":"BNBUSDT","t":1041896837,"T":1745777453098,"e":"trade","E":1745777453098,"m":true,"M":true}
Received trade message: {"p":"602.00000000","q":"0.00200000","s":"BNBUSDT","t":1041896837,"T":1745777453098,"e":"trade","E":1745777453098,"m":true,"M":true}
Received message: {"a":[["602.01000000","49.27100000"],["602.02000000","27.61800000"],["602.03000000","1.69600000"],["602.05000000","7.32600000"],["602.06000000","0.00900000"],["602.07000000","9.16800000"],["602.08000000","0.02600000"],["602.09000000","11.64000000"],["602.10000000","33.92000000"],["602.12000000","24.65000000"],["602.16000000","0.00900000"],["602.21000000","22.72400000"],["602.34000000","0.07600000"],["602.38000000","11.88100000"],["602.55000000","19.16600000"],["602.63000000","5.59100000"],["602.67000000","17.91300000"],["603.04000000","3.06500000"],["603.06000000","19.64500000"],["603.14000000","0.23300000"],["603.16000000","7.49100000"],["603.17000000","8.23600000"],["603.41000000","0.14400000"]],"b":[["602.00000000","0.06100000"],["601.96000000","0.88300000"],["601.95000000","0.01800000"],["601.94000000","2.46200000"],["601.93000000","0.66400000"],["601.92000000","3.83700000"],["601.91000000","2.10100000"],["601.90000000","1.02700000"],["601.87000000","1.08800000"],["601.86000000","5.57300000"],["601.85000000","3.00500000"],["601.84000000","15.33700000"],["601.83000000","23.28300000"],["601.79000000","0.41500000"],["601.78000000","7.67900000"],["601.77000000","39.38400000"],["601.76000000","3.30900000"],["601.63000000","0.68100000"],["601.61000000","4.01800000"],["601.60000000","8.11700000"],["601.59000000","27.87300000"],["601.55000000","2.99600000"],["601.46000000","1.68000000"],["601.40000000","10.74700000"],["601.38000000","21.15100000"],["601.37000000","10.72700000"],["601.36000000","4.30200000"],["601.35000000","27.57100000"],["601.33000000","10.69700000"],["601.32000000","55.24300000"],["601.24000000","6.52400000"],["601.15000000","10.23300000"],["601.09000000","0.00000000"],["600.81000000","10.14500000"],["600.80000000","11.50400000"],["600.78000000","10.77000000"],["600.40000000","34.28400000"],["600.30000000","6.30400000"],["600.10000000","3.84800000"],["599.95000000","0.00000000"],["599.89000000","2.97000000"],["599.82000000","0.89500000"],["598.90000000","0.02500000"],["598.84000000","4.19000000"]],"s":"BNBUSDT","e":"depthUpdate","E":1745777453106,"U":13738693090,"u":13738693215}
Received order book message: {"a":[["602.01000000","49.27100000"],["602.02000000","27.61800000"],["602.03000000","1.69600000"],["602.05000000","7.32600000"],["602.06000000","0.00900000"],["602.07000000","9.16800000"],["602.08000000","0.02600000"],["602.09000000","11.64000000"],["602.10000000","33.92000000"],["602.12000000","24.65000000"],["602.16000000","0.00900000"],["602.21000000","22.72400000"],["602.34000000","0.07600000"],["602.38000000","11.88100000"],["602.55000000","19.16600000"],["602.63000000","5.59100000"],["602.67000000","17.91300000"],["603.04000000","3.06500000"],["603.06000000","19.64500000"],["603.14000000","0.23300000"],["603.16000000","7.49100000"],["603.17000000","8.23600000"],["603.41000000","0.14400000"]],"b":[["602.00000000","0.06100000"],["601.96000000","0.88300000"],["601.95000000","0.01800000"],["601.94000000","2.46200000"],["601.93000000","0.66400000"],["601.92000000","3.83700000"],["601.91000000","2.10100000"],["601.90000000","1.02700000"],["601.87000000","1.08800000"],["601.86000000","5.57300000"],["601.85000000","3.00500000"],["601.84000000","15.33700000"],["601.83000000","23.28300000"],["601.79000000","0.41500000"],["601.78000000","7.67900000"],["601.77000000","39.38400000"],["601.76000000","3.30900000"],["601.63000000","0.68100000"],["601.61000000","4.01800000"],["601.60000000","8.11700000"],["601.59000000","27.87300000"],["601.55000000","2.99600000"],["601.46000000","1.68000000"],["601.40000000","10.74700000"],["601.38000000","21.15100000"],["601.37000000","10.72700000"],["601.36000000","4.30200000"],["601.35000000","27.57100000"],["601.33000000","10.69700000"],["601.32000000","55.24300000"],["601.24000000","6.52400000"],["601.15000000","10.23300000"],["601.09000000","0.00000000"],["600.81000000","10.14500000"],["600.80000000","11.50400000"],["600.78000000","10.77000000"],["600.40000000","34.28400000"],["600.30000000","6.30400000"],["600.10000000","3.84800000"],["599.95000000","0.00000000"],["599.89000000","2.97000000"],["599.82000000","0.89500000"],["598.90000000","0.02500000"],["598.84000000","4.19000000"]],"s":"BNBUSDT","e":"depthUpdate","E":1745777453106,"U":13738693090,"u":13738693215}
Received message: {"p":"602.00000000","q":"0.00700000","s":"BNBUSDT","t":1041896838,"T":1745777453187,"e":"trade","E":1745777453188,"m":true,"M":true}
Received trade message: {"p":"602.00000000","q":"0.00700000","s":"BNBUSDT","t":1041896838,"T":1745777453187,"e":"trade","E":1745777453188,"m":true,"M":true}
Received message: {"p":"602.00000000","q":"0.00400000","s":"BNBUSDT","t":1041896839,"T":1745777453187,"e":"trade","E":1745777453188,"m":true,"M":true}
Received trade message: {"p":"602.00000000","q":"0.00400000","s":"BNBUSDT","t":1041896839,"T":1745777453187,"e":"trade","E":1745777453188,"m":true,"M":true}
Received message: {"p":"94119.99000000","a":3551019431,"q":"0.00007000","s":"BTCUSDT","T":1745777453188,"e":"aggTrade","E":1745777453188,"f":4855243104,"l":4855243104,"m":true,"M":true}
Received message: {"p":"94119.99000000","a":3551019431,"q":"0.00007000","s":"BTCUSDT","T":1745777453188,"e":"aggTrade","E":1745777453188,"f":4855243104,"l":4855243104,"m":true,"M":true}
Received message: {"p":"602.00000000","q":"0.00500000","s":"BNBUSDT","t":1041896840,"T":1745777453191,"e":"trade","E":1745777453191,"m":true,"M":true}
Received trade message: {"p":"602.00000000","q":"0.00500000","s":"BNBUSDT","t":1041896840,"T":1745777453191,"e":"trade","E":1745777453191,"m":true,"M":true}
Received message: {"p":"602.00000000","q":"0.00900000","s":"BNBUSDT","t":1041896841,"T":1745777453191,"e":"trade","E":1745777453191,"m":true,"M":true}
Received trade message: {"p":"602.00000000","q":"0.00900000","s":"BNBUSDT","t":1041896841,"T":1745777453191,"e":"trade","E":1745777453191,"m":true,"M":true}
Received message: {"p":"602.00000000","q":"0.00900000","s":"BNBUSDT","t":1041896842,"T":1745777453191,"e":"trade","E":1745777453191,"m":true,"M":true}
Received trade message: {"p":"602.00000000","q":"0.00900000","s":"BNBUSDT","t":1041896842,"T":1745777453191,"e":"trade","E":1745777453191,"m":true,"M":true}
Received message: {"p":"602.00000000","q":"0.00200000","s":"BNBUSDT","t":1041896843,"T":1745777453191,"e":"trade","E":1745777453191,"m":true,"M":true}
Received trade message: {"p":"602.00000000","q":"0.00200000","s":"BNBUSDT","t":1041896843,"T":1745777453191,"e":"trade","E":1745777453191,"m":true,"M":true}
Received message: {"p":"94119.99000000","a":3551019432,"q":"0.00015000","s":"BTCUSDT","T":1745777453192,"e":"aggTrade","E":1745777453193,"f":4855243105,"l":4855243105,"m":true,"M":true}
Received message: {"p":"94119.99000000","a":3551019432,"q":"0.00015000","s":"BTCUSDT","T":1745777453192,"e":"aggTrade","E":1745777453193,"f":4855243105,"l":4855243105,"m":true,"M":true}
Received message: {"p":"94119.99000000","a":3551019433,"q":"0.00778000","s":"BTCUSDT","T":1745777453500,"e":"aggTrade","E":1745777453500,"f":4855243106,"l":4855243106,"m":true,"M":true}
Received message: {"p":"94119.99000000","a":3551019433,"q":"0.00778000","s":"BTCUSDT","T":1745777453500,"e":"aggTrade","E":1745777453500,"f":4855243106,"l":4855243106,"m":true,"M":true}
Received message: {"p":"94119.99000000","a":3551019434,"q":"0.00009000","s":"BTCUSDT","T":1745777453501,"e":"aggTrade","E":1745777453501,"f":4855243107,"l":4855243107,"m":true,"M":true}
Received message: {"p":"94119.99000000","a":3551019434,"q":"0.00009000","s":"BTCUSDT","T":1745777453501,"e":"aggTrade","E":1745777453501,"f":4855243107,"l":4855243107,"m":true,"M":true}
Received message: {"p":"602.00000000","q":"0.00700000","s":"BNBUSDT","t":1041896844,"T":1745777453623,"e":"trade","E":1745777453623,"m":true,"M":true}
Received trade message: {"p":"602.00000000","q":"0.00700000","s":"BNBUSDT","t":1041896844,"T":1745777453623,"e":"trade","E":1745777453623,"m":true,"M":true}
Received message: {"p":"602.00000000","q":"0.00300000","s":"BNBUSDT","t":1041896845,"T":1745777453623,"e":"trade","E":1745777453623,"m":true,"M":true}
Received trade message: {"p":"602.00000000","q":"0.00300000","s":"BNBUSDT","t":1041896845,"T":1745777453623,"e":"trade","E":1745777453623,"m":true,"M":true}
Received message: {"p":"94120.00000000","a":3551019435,"q":"0.00318000","s":"BTCUSDT","T":1745777453625,"e":"aggTrade","E":1745777453626,"f":4855243108,"l":4855243108,"m":false,"M":true}
Received message: {"p":"94120.00000000","a":3551019435,"q":"0.00318000","s":"BTCUSDT","T":1745777453625,"e":"aggTrade","E":1745777453626,"f":4855243108,"l":4855243108,"m":false,"M":true}
Received message: {"p":"94119.99000000","a":3551019436,"q":"0.00007000","s":"BTCUSDT","T":1745777453635,"e":"aggTrade","E":1745777453635,"f":4855243109,"l":4855243109,"m":true,"M":true}
Received message: {"p":"602.00000000","q":"0.00900000","s":"BNBUSDT","t":1041896846,"T":1745777453635,"e":"trade","E":1745777453635,"m":true,"M":true}
Received message: {"p":"94119.99000000","a":3551019436,"q":"0.00007000","s":"BTCUSDT","T":1745777453635,"e":"aggTrade","E":1745777453635,"f":4855243109,"l":4855243109,"m":true,"M":true}
Received trade message: {"p":"602.00000000","q":"0.00900000","s":"BNBUSDT","t":1041896846,"T":1745777453635,"e":"trade","E":1745777453635,"m":true,"M":true}
Received message: {"p":"602.00000000","q":"0.00200000","s":"BNBUSDT","t":1041896847,"T":1745777453635,"e":"trade","E":1745777453635,"m":true,"M":true}
Received trade message: {"p":"602.00000000","q":"0.00200000","s":"BNBUSDT","t":1041896847,"T":1745777453635,"e":"trade","E":1745777453635,"m":true,"M":true}
Received message: {"p":"94119.99000000","a":3551019437,"q":"0.00187000","s":"BTCUSDT","T":1745777454009,"e":"aggTrade","E":1745777454010,"f":4855243110,"l":4855243110,"m":true,"M":true}
Received message: {"p":"94119.99000000","a":3551019437,"q":"0.00187000","s":"BTCUSDT","T":1745777454009,"e":"aggTrade","E":1745777454010,"f":4855243110,"l":4855243110,"m":true,"M":true}
Received message: {"a":[["94120.00000000","6.43638000"],["94120.01000000","0.00006000"],["94120.14000000","0.00006000"],["94120.18000000","0.00016000"],["94120.44000000","0.00006000"],["94120.49000000","0.01749000"],["94120.52000000","0.00382000"],["94120.59000000","0.00000000"],["94120.96000000","0.00011000"],["94121.23000000","0.18060000"],["94121.30000000","0.01587000"],["94121.55000000","0.02124000"],["94121.79000000","0.00000000"],["94121.93000000","1.02734000"],["94121.94000000","0.00000000"],["94121.95000000","0.70105000"],["94122.00000000","0.04250000"],["94122.10000000","0.00000000"],["94122.67000000","0.00052000"],["94122.69000000","0.02221000"],["94123.48000000","0.00000000"],["94123.71000000","0.06000000"],["94123.77000000","0.01430000"],["94123.79000000","0.00000000"],["94123.84000000","0.04000000"],["94123.99000000","0.00012000"],["94124.75000000","0.41495000"],["94125.65000000","0.00052000"],["94126.08000000","0.00052000"],["94126.33000000","0.00413000"],["94126.89000000","0.00000000"],["94127.73000000","1.71052000"],["94127.85000000","0.00000000"],["94128.05000000","0.00000000"],["94128.46000000","0.00000000"],["94128.67000000","0.05312000"],["94128.96000000","0.00531000"],["94129.45000000","0.00000000"],["94129.62000000","0.00000000"],["94129.64000000","1.00000000"],["94130.26000000","0.00025000"],["94130.61000000","0.05312000"],["94131.02000000","0.00052000"],["94131.26000000","0.00000000"],["94131.72000000","0.00000000"],["94132.08000000","0.00052000"],["94132.77000000","0.00000000"],["94133.00000000","0.00000000"],["94133.34000000","0.00000000"],["94133.46000000","0.05280000"],["94134.16000000","0.06349000"],["94134.20000000","0.00000000"],["94134.34000000","0.00000000"],["94134.51000000","0.00000000"],["94134.72000000","0.00000000"],["94134.82000000","0.08000000"],["94136.00000000","0.25866000"],["94136.04000000","0.00000000"],["94137.48000000","0.00000000"],["94138.87000000","1.43782000"],["94138.89000000","0.00000000"],["94138.98000000","0.00000000"],["94139.24000000","0.00000000"],["94139.28000000","2.00000000"],["94139.74000000","0.00000000"],["94141.31000000","0.00000000"],["94142.24000000","0.00000000"],["94142.52000000","0.00000000"],["94143.13000000","0.00000000"],["94143.38000000","0.00000000"],["94143.44000000","0.00000000"],["94146.29000000","0.49500000"],["94146.68000000","0.00000000"],["94146.91000000","0.00000000"],["94147.91000000","0.10489000"],["94148.13000000","1.77858000"],["94150.07000000","0.76449000"],["94150.34000000","0.00000000"],["94151.98000000","0.03159000"],["94152.08000000","0.00000000"],["94154.18000000","0.00000000"],["94154.96000000","0.00000000"],["94155.89000000","0.58167000"],["94157.10000000","0.08000000"],["94157.82000000","0.00000000"],["94157.83000000","0.00000000"],["94157.87000000","0.00000000"],["94157.96000000","0.00000000"],["94159.48000000","0.00000000"],["94160.26000000","0.04716000"],["94160.39000000","0.00000000"],["94161.71000000","0.00000000"],["94162.62000000","0.00000000"],["94163.93000000","0.00000000"],["94166.67000000","0.01300000"],["94167.75000000","0.00000000"],["94170.10000000","0.04243000"],["94170.60000000","0.76432000"],["94170.77000000","0.00000000"],["94177.80000000","0.00000000"],["94179.99000000","0.24408000"],["94188.12000000","0.00008000"],["94188.13000000","0.00000000"],["94189.36000000","0.00000000"],["94189.82000000","0.11499000"],["94190.48000000","0.38719000"],["94193.66000000","0.11499000"],["94197.34000000","0.10294000"],["94204.56000000","0.00143000"],["94221.87000000","0.00400000"],["94226.64000000","0.00000000"],["94228.87000000","0.00000000"],["94229.66000000","0.00000000"],["94238.26000000","0.00000000"],["94264.63000000","0.00000000"],["94266.02000000","0.12000000"],["94266.84000000","0.00000000"],["94282.47000000","0.00000000"],["94345.94000000","0.00000000"],["94417.24000000","0.21250000"],["94470.00000000","0.08475000"],["94517.00000000","0.00000000"],["94827.20000000","0.05315000"],["94864.80000000","0.00000000"],["95095.00000000","0.10878000"],["95118.75000000","0.00008000"],["95531.80000000","0.00118000"]],"b":[["94119.99000000","0.10649000"],["94119.98000000","0.00210000"],["94119.71000000","0.00006000"],["94119.70000000","0.00006000"],["94119.69000000","0.00006000"],["94119.65000000","0.00000000"],["94119.61000000","0.00000000"],["94119.60000000","0.00000000"],["94119.37000000","0.00000000"],["94119.36000000","0.00000000"],["94119.32000000","0.00006000"],["94118.46000000","0.00000000"],["94118.15000000","0.00000000"],["94118.14000000","0.00000000"],["94117.04000000","0.00000000"],["94116.70000000","0.00000000"],["94116.69000000","0.00000000"],["94116.60000000","0.00000000"],["94116.53000000","0.00007000"],["94115.99000000","0.00010000"],["94115.94000000","0.00000000"],["94115.93000000","0.00000000"],["94115.69000000","0.00000000"],["94115.68000000","0.00012000"],["94115.67000000","0.01361000"],["94115.54000000","0.00006000"],["94115.29000000","0.00000000"],["94115.04000000","0.00000000"],["94115.00000000","0.00000000"],["94114.97000000","0.00000000"],["94114.77000000","0.00000000"],["94114.45000000","0.00000000"],["94114.37000000","0.00021000"],["94114.36000000","0.08614000"],["94114.28000000","0.00000000"],["94114.27000000","0.00000000"],["94114.14000000","0.00000000"],["94113.90000000","0.00000000"],["94113.89000000","0.00000000"],["94113.80000000","0.00000000"],["94113.79000000","0.00000000"],["94113.70000000","0.00000000"],["94113.69000000","0.00000000"],["94112.91000000","0.00010000"],["94112.86000000","0.00000000"],["94112.85000000","0.00000000"],["94112.79000000","0.00000000"],["94111.99000000","0.00000000"],["94111.98000000","0.00000000"],["94111.97000000","0.00000000"],["94111.90000000","0.00000000"],["94111.89000000","0.00000000"],["94111.73000000","0.00007000"],["94111.72000000","0.02125000"],["94111.51000000","0.00028000"],["94111.50000000","0.04256000"],["94111.20000000","0.00000000"],["94111.10000000","0.00012000"],["94111.09000000","0.08006000"],["94110.70000000","0.00000000"],["94110.69000000","0.06006000"],["94110.59000000","0.00000000"],["94110.24000000","0.00000000"],["94109.45000000","0.00000000"],["94108.94000000","0.00000000"],["94108.71000000","0.00006000"],["94108.70000000","0.70115000"],["94108.25000000","0.00000000"],["94108.08000000","0.00000000"],["94108.01000000","0.16833000"],["94108.00000000","0.04256000"],["94107.96000000","0.00000000"],["94107.56000000","0.00096000"],["94106.70000000","0.00089000"],["94106.31000000","0.00000000"],["94106.30000000","0.53181000"],["94106.29000000","0.45148000"],["94106.28000000","0.00000000"],["94106.12000000","0.00000000"],["94106.06000000","0.03189000"],["94105.87000000","0.21381000"],["94105.86000000","0.00000000"],["94105.79000000","0.00008000"],["94104.91000000","0.30880000"],["94104.51000000","0.00000000"],["94104.38000000","0.00011000"],["94104.06000000","0.00000000"],["94102.58000000","0.00000000"],["94101.53000000","0.00000000"],["94101.39000000","0.00000000"],["94100.36000000","0.62706000"],["94100.35000000","0.00000000"],["94099.99000000","0.00013000"],["94099.93000000","0.01587000"],["94099.72000000","0.21381000"],["94099.71000000","0.21381000"],["94099.70000000","0.00000000"],["94099.62000000","0.00000000"],["94098.41000000","0.00000000"],["94098.15000000","0.00000000"],["94097.25000000","0.00000000"],["94096.87000000","0.96441000"],["94096.86000000","0.00000000"],["94096.06000000","0.00000000"],["94095.75000000","0.00000000"],["94095.27000000","1.71052000"],["94095.26000000","0.21381000"],["94095.23000000","0.58575000"],["94095.10000000","0.00000000"],["94095.09000000","0.00000000"],["94094.76000000","0.00000000"],["94093.89000000","0.00000000"],["94093.59000000","0.00496000"],["94093.40000000","1.00000000"],["94093.16000000","0.00000000"],["94092.74000000","0.00000000"],["94092.71000000","0.42413000"],["94090.86000000","0.00000000"],["94090.68000000","0.00011000"],["94090.29000000","0.00531000"],["94089.58000000","0.06349000"],["94089.36000000","0.00000000"],["94088.96000000","0.00000000"],["94088.80000000","0.00000000"],["94087.00000000","0.00000000"],["94086.41000000","0.00791000"],["94086.09000000","0.00000000"],["94083.43000000","1.58820000"],["94082.44000000","0.33885000"],["94081.95000000","0.21381000"],["94080.38000000","0.00000000"],["94078.56000000","0.00000000"],["94077.39000000","1.72374000"],["94074.88000000","0.00000000"],["94073.73000000","0.00000000"],["94073.52000000","0.00000000"],["94072.13000000","0.00000000"],["94072.10000000","0.10649000"],["94069.81000000","0.02973000"],["94069.53000000","0.00000000"],["94068.87000000","0.04800000"],["94067.00000000","0.00000000"],["94066.81000000","2.00000000"],["94066.33000000","0.00000000"],["94061.73000000","0.00000000"],["94061.59000000","0.00000000"],["94059.41000000","0.00000000"],["94058.73000000","0.00000000"],["94057.93000000","0.00000000"],["94057.61000000","0.00000000"],["94056.05000000","2.30153000"],["94055.64000000","0.00000000"],["94054.01000000","0.00000000"],["94053.74000000","0.76527000"],["94053.51000000","0.05000000"],["94051.58000000","0.63729000"],["94047.61000000","0.00000000"],["94042.15000000","0.00000000"],["94041.56000000","0.00000000"],["94041.10000000","0.00000000"],["94039.77000000","0.53143000"],["94032.74000000","0.00000000"],["94032.10000000","0.34457000"],["94031.70000000","0.02297000"],["94031.31000000","0.00000000"],["94025.89000000","0.03422000"],["94013.71000000","0.00000000"],["93988.35000000","0.73131000"],["93975.34000000","1.43538000"],["93975.33000000","1.75848000"],["93974.13000000","0.00000000"],["93919.19000000","0.00000000"],["93846.90000000","0.00000000"],["93842.20000000","0.00000000"],["93769.47000000","0.00000000"],["93761.39000000","0.00000000"],["93714.15000000","0.00000000"],["93643.82000000","0.99302000"],["93565.04000000","0.00000000"],["93564.95000000","0.10631000"],["92708.19000000","0.00000000"],["92656.26000000","0.00000000"],["84707.00000000","0.00000000"],["75296.00000000","0.00702000"],["33000.00000000","2.70601000"],["20002.00000000","0.00000000"],["20001.00000000","0.03474000"]],"s":"BTCUSDT","e":"depthUpdate","E":1745777454014,"U":67663554891,"u":67663555797}
Received message: {"a":[["94120.00000000","6.43638000"],["94120.01000000","0.00006000"],["94120.14000000","0.00006000"],["94120.18000000","0.00016000"],["94120.44000000","0.00006000"],["94120.49000000","0.01749000"],["94120.52000000","0.00382000"],["94120.59000000","0.00000000"],["94120.96000000","0.00011000"],["94121.23000000","0.18060000"],["94121.30000000","0.01587000"],["94121.55000000","0.02124000"],["94121.79000000","0.00000000"],["94121.93000000","1.02734000"],["94121.94000000","0.00000000"],["94121.95000000","0.70105000"],["94122.00000000","0.04250000"],["94122.10000000","0.00000000"],["94122.67000000","0.00052000"],["94122.69000000","0.02221000"],["94123.48000000","0.00000000"],["94123.71000000","0.06000000"],["94123.77000000","0.01430000"],["94123.79000000","0.00000000"],["94123.84000000","0.04000000"],["94123.99000000","0.00012000"],["94124.75000000","0.41495000"],["94125.65000000","0.00052000"],["94126.08000000","0.00052000"],["94126.33000000","0.00413000"],["94126.89000000","0.00000000"],["94127.73000000","1.71052000"],["94127.85000000","0.00000000"],["94128.05000000","0.00000000"],["94128.46000000","0.00000000"],["94128.67000000","0.05312000"],["94128.96000000","0.00531000"],["94129.45000000","0.00000000"],["94129.62000000","0.00000000"],["94129.64000000","1.00000000"],["94130.26000000","0.00025000"],["94130.61000000","0.05312000"],["94131.02000000","0.00052000"],["94131.26000000","0.00000000"],["94131.72000000","0.00000000"],["94132.08000000","0.00052000"],["94132.77000000","0.00000000"],["94133.00000000","0.00000000"],["94133.34000000","0.00000000"],["94133.46000000","0.05280000"],["94134.16000000","0.06349000"],["94134.20000000","0.00000000"],["94134.34000000","0.00000000"],["94134.51000000","0.00000000"],["94134.72000000","0.00000000"],["94134.82000000","0.08000000"],["94136.00000000","0.25866000"],["94136.04000000","0.00000000"],["94137.48000000","0.00000000"],["94138.87000000","1.43782000"],["94138.89000000","0.00000000"],["94138.98000000","0.00000000"],["94139.24000000","0.00000000"],["94139.28000000","2.00000000"],["94139.74000000","0.00000000"],["94141.31000000","0.00000000"],["94142.24000000","0.00000000"],["94142.52000000","0.00000000"],["94143.13000000","0.00000000"],["94143.38000000","0.00000000"],["94143.44000000","0.00000000"],["94146.29000000","0.49500000"],["94146.68000000","0.00000000"],["94146.91000000","0.00000000"],["94147.91000000","0.10489000"],["94148.13000000","1.77858000"],["94150.07000000","0.76449000"],["94150.34000000","0.00000000"],["94151.98000000","0.03159000"],["94152.08000000","0.00000000"],["94154.18000000","0.00000000"],["94154.96000000","0.00000000"],["94155.89000000","0.58167000"],["94157.10000000","0.08000000"],["94157.82000000","0.00000000"],["94157.83000000","0.00000000"],["94157.87000000","0.00000000"],["94157.96000000","0.00000000"],["94159.48000000","0.00000000"],["94160.26000000","0.04716000"],["94160.39000000","0.00000000"],["94161.71000000","0.00000000"],["94162.62000000","0.00000000"],["94163.93000000","0.00000000"],["94166.67000000","0.01300000"],["94167.75000000","0.00000000"],["94170.10000000","0.04243000"],["94170.60000000","0.76432000"],["94170.77000000","0.00000000"],["94177.80000000","0.00000000"],["94179.99000000","0.24408000"],["94188.12000000","0.00008000"],["94188.13000000","0.00000000"],["94189.36000000","0.00000000"],["94189.82000000","0.11499000"],["94190.48000000","0.38719000"],["94193.66000000","0.11499000"],["94197.34000000","0.10294000"],["94204.56000000","0.00143000"],["94221.87000000","0.00400000"],["94226.64000000","0.00000000"],["94228.87000000","0.00000000"],["94229.66000000","0.00000000"],["94238.26000000","0.00000000"],["94264.63000000","0.00000000"],["94266.02000000","0.12000000"],["94266.84000000","0.00000000"],["94282.47000000","0.00000000"],["94345.94000000","0.00000000"],["94417.24000000","0.21250000"],["94470.00000000","0.08475000"],["94517.00000000","0.00000000"],["94827.20000000","0.05315000"],["94864.80000000","0.00000000"],["95095.00000000","0.10878000"],["95118.75000000","0.00008000"],["95531.80000000","0.00118000"]],"b":[["94119.99000000","0.10649000"],["94119.98000000","0.00210000"],["94119.71000000","0.00006000"],["94119.70000000","0.00006000"],["94119.69000000","0.00006000"],["94119.65000000","0.00000000"],["94119.61000000","0.00000000"],["94119.60000000","0.00000000"],["94119.37000000","0.00000000"],["94119.36000000","0.00000000"],["94119.32000000","0.00006000"],["94118.46000000","0.00000000"],["94118.15000000","0.00000000"],["94118.14000000","0.00000000"],["94117.04000000","0.00000000"],["94116.70000000","0.00000000"],["94116.69000000","0.00000000"],["94116.60000000","0.00000000"],["94116.53000000","0.00007000"],["94115.99000000","0.00010000"],["94115.94000000","0.00000000"],["94115.93000000","0.00000000"],["94115.69000000","0.00000000"],["94115.68000000","0.00012000"],["94115.67000000","0.01361000"],["94115.54000000","0.00006000"],["94115.29000000","0.00000000"],["94115.04000000","0.00000000"],["94115.00000000","0.00000000"],["94114.97000000","0.00000000"],["94114.77000000","0.00000000"],["94114.45000000","0.00000000"],["94114.37000000","0.00021000"],["94114.36000000","0.08614000"],["94114.28000000","0.00000000"],["94114.27000000","0.00000000"],["94114.14000000","0.00000000"],["94113.90000000","0.00000000"],["94113.89000000","0.00000000"],["94113.80000000","0.00000000"],["94113.79000000","0.00000000"],["94113.70000000","0.00000000"],["94113.69000000","0.00000000"],["94112.91000000","0.00010000"],["94112.86000000","0.00000000"],["94112.85000000","0.00000000"],["94112.79000000","0.00000000"],["94111.99000000","0.00000000"],["94111.98000000","0.00000000"],["94111.97000000","0.00000000"],["94111.90000000","0.00000000"],["94111.89000000","0.00000000"],["94111.73000000","0.00007000"],["94111.72000000","0.02125000"],["94111.51000000","0.00028000"],["94111.50000000","0.04256000"],["94111.20000000","0.00000000"],["94111.10000000","0.00012000"],["94111.09000000","0.08006000"],["94110.70000000","0.00000000"],["94110.69000000","0.06006000"],["94110.59000000","0.00000000"],["94110.24000000","0.00000000"],["94109.45000000","0.00000000"],["94108.94000000","0.00000000"],["94108.71000000","0.00006000"],["94108.70000000","0.70115000"],["94108.25000000","0.00000000"],["94108.08000000","0.00000000"],["94108.01000000","0.16833000"],["94108.00000000","0.04256000"],["94107.96000000","0.00000000"],["94107.56000000","0.00096000"],["94106.70000000","0.00089000"],["94106.31000000","0.00000000"],["94106.30000000","0.53181000"],["94106.29000000","0.45148000"],["94106.28000000","0.00000000"],["94106.12000000","0.00000000"],["94106.06000000","0.03189000"],["94105.87000000","0.21381000"],["94105.86000000","0.00000000"],["94105.79000000","0.00008000"],["94104.91000000","0.30880000"],["94104.51000000","0.00000000"],["94104.38000000","0.00011000"],["94104.06000000","0.00000000"],["94102.58000000","0.00000000"],["94101.53000000","0.00000000"],["94101.39000000","0.00000000"],["94100.36000000","0.62706000"],["94100.35000000","0.00000000"],["94099.99000000","0.00013000"],["94099.93000000","0.01587000"],["94099.72000000","0.21381000"],["94099.71000000","0.21381000"],["94099.70000000","0.00000000"],["94099.62000000","0.00000000"],["94098.41000000","0.00000000"],["94098.15000000","0.00000000"],["94097.25000000","0.00000000"],["94096.87000000","0.96441000"],["94096.86000000","0.00000000"],["94096.06000000","0.00000000"],["94095.75000000","0.00000000"],["94095.27000000","1.71052000"],["94095.26000000","0.21381000"],["94095.23000000","0.58575000"],["94095.10000000","0.00000000"],["94095.09000000","0.00000000"],["94094.76000000","0.00000000"],["94093.89000000","0.00000000"],["94093.59000000","0.00496000"],["94093.40000000","1.00000000"],["94093.16000000","0.00000000"],["94092.74000000","0.00000000"],["94092.71000000","0.42413000"],["94090.86000000","0.00000000"],["94090.68000000","0.00011000"],["94090.29000000","0.00531000"],["94089.58000000","0.06349000"],["94089.36000000","0.00000000"],["94088.96000000","0.00000000"],["94088.80000000","0.00000000"],["94087.00000000","0.00000000"],["94086.41000000","0.00791000"],["94086.09000000","0.00000000"],["94083.43000000","1.58820000"],["94082.44000000","0.33885000"],["94081.95000000","0.21381000"],["94080.38000000","0.00000000"],["94078.56000000","0.00000000"],["94077.39000000","1.72374000"],["94074.88000000","0.00000000"],["94073.73000000","0.00000000"],["94073.52000000","0.00000000"],["94072.13000000","0.00000000"],["94072.10000000","0.10649000"],["94069.81000000","0.02973000"],["94069.53000000","0.00000000"],["94068.87000000","0.04800000"],["94067.00000000","0.00000000"],["94066.81000000","2.00000000"],["94066.33000000","0.00000000"],["94061.73000000","0.00000000"],["94061.59000000","0.00000000"],["94059.41000000","0.00000000"],["94058.73000000","0.00000000"],["94057.93000000","0.00000000"],["94057.61000000","0.00000000"],["94056.05000000","2.30153000"],["94055.64000000","0.00000000"],["94054.01000000","0.00000000"],["94053.74000000","0.76527000"],["94053.51000000","0.05000000"],["94051.58000000","0.63729000"],["94047.61000000","0.00000000"],["94042.15000000","0.00000000"],["94041.56000000","0.00000000"],["94041.10000000","0.00000000"],["94039.77000000","0.53143000"],["94032.74000000","0.00000000"],["94032.10000000","0.34457000"],["94031.70000000","0.02297000"],["94031.31000000","0.00000000"],["94025.89000000","0.03422000"],["94013.71000000","0.00000000"],["93988.35000000","0.73131000"],["93975.34000000","1.43538000"],["93975.33000000","1.75848000"],["93974.13000000","0.00000000"],["93919.19000000","0.00000000"],["93846.90000000","0.00000000"],["93842.20000000","0.00000000"],["93769.47000000","0.00000000"],["93761.39000000","0.00000000"],["93714.15000000","0.00000000"],["93643.82000000","0.99302000"],["93565.04000000","0.00000000"],["93564.95000000","0.10631000"],["92708.19000000","0.00000000"],["92656.26000000","0.00000000"],["84707.00000000","0.00000000"],["75296.00000000","0.00702000"],["33000.00000000","2.70601000"],["20002.00000000","0.00000000"],["20001.00000000","0.03474000"]],"s":"BTCUSDT","e":"depthUpdate","E":1745777454014,"U":67663554891,"u":67663555797}
Received message: {"p":"94120.00000000","a":3551019438,"q":"0.00013000","s":"BTCUSDT","T":1745777454049,"e":"aggTrade","E":1745777454049,"f":4855243111,"l":4855243111,"m":false,"M":true}
Received message: {"p":"94120.00000000","a":3551019438,"q":"0.00013000","s":"BTCUSDT","T":1745777454049,"e":"aggTrade","E":1745777454049,"f":4855243111,"l":4855243111,"m":false,"M":true}
Received message: {"p":"602.01000000","q":"3.58900000","s":"BNBUSDT","t":1041896848,"T":1745777454064,"e":"trade","E":1745777454064,"m":false,"M":true}
Received trade message: {"p":"602.01000000","q":"3.58900000","s":"BNBUSDT","t":1041896848,"T":1745777454064,"e":"trade","E":1745777454064,"m":false,"M":true}
Received message: {"p":"602.01000000","q":"1.15300000","s":"BNBUSDT","t":1041896849,"T":1745777454064,"e":"trade","E":1745777454064,"m":false,"M":true}
Received trade message: {"p":"602.01000000","q":"1.15300000","s":"BNBUSDT","t":1041896849,"T":1745777454064,"e":"trade","E":1745777454064,"m":false,"M":true}
Received message: {"a":[["602.01000000","38.09700000"],["602.03000000","1.71400000"],["602.04000000","3.95600000"],["602.05000000","7.33500000"],["602.06000000","6.65000000"],["602.12000000","18.58100000"],["602.13000000","22.79600000"],["602.15000000","14.17300000"],["602.16000000","0.00000000"],["602.20000000","6.20700000"],["602.37000000","4.43100000"],["602.57000000","30.87900000"],["602.68000000","5.53700000"],["603.12000000","0.09100000"],["603.15000000","15.50400000"],["603.39000000","10.64500000"],["603.60000000","14.64300000"],["603.71000000","0.00000000"]],"b":[["602.00000000","1.83900000"],["601.96000000","0.04400000"],["601.95000000","2.93200000"],["601.94000000","1.63200000"],["601.93000000","3.64300000"],["601.92000000","0.84900000"],["601.91000000","1.68600000"],["601.90000000","1.02700000"],["601.89000000","0.01300000"],["601.88000000","0.02600000"],["601.81000000","9.18700000"],["601.79000000","0.00000000"],["601.77000000","40.04900000"],["601.75000000","2.25100000"],["601.71000000","6.02400000"],["601.69000000","3.97400000"],["601.66000000","4.15500000"],["601.60000000","15.61700000"],["601.48000000","18.63000000"],["601.47000000","19.41900000"],["601.35000000","26.73800000"],["601.34000000","13.99100000"],["601.29000000","14.84500000"],["601.11000000","10.57700000"],["600.99000000","9.03000000"],["600.97000000","0.01600000"],["600.93000000","22.17500000"],["600.85000000","0.03600000"],["600.82000000","0.06500000"],["600.74000000","19.18100000"],["600.10000000","3.84800000"],["600.06000000","3.33100000"],["599.54000000","20.88700000"],["597.11000000","0.59000000"],["592.77000000","0.16900000"],["592.75000000","0.20400000"],["216.72000000","0.02800000"]],"s":"BNBUSDT","e":"depthUpdate","E":1745777454106,"U":13738693216,"u":13738693332}
Received order book message: {"a":[["602.01000000","38.09700000"],["602.03000000","1.71400000"],["602.04000000","3.95600000"],["602.05000000","7.33500000"],["602.06000000","6.65000000"],["602.12000000","18.58100000"],["602.13000000","22.79600000"],["602.15000000","14.17300000"],["602.16000000","0.00000000"],["602.20000000","6.20700000"],["602.37000000","4.43100000"],["602.57000000","30.87900000"],["602.68000000","5.53700000"],["603.12000000","0.09100000"],["603.15000000","15.50400000"],["603.39000000","10.64500000"],["603.60000000","14.64300000"],["603.71000000","0.00000000"]],"b":[["602.00000000","1.83900000"],["601.96000000","0.04400000"],["601.95000000","2.93200000"],["601.94000000","1.63200000"],["601.93000000","3.64300000"],["601.92000000","0.84900000"],["601.91000000","1.68600000"],["601.90000000","1.02700000"],["601.89000000","0.01300000"],["601.88000000","0.02600000"],["601.81000000","9.18700000"],["601.79000000","0.00000000"],["601.77000000","40.04900000"],["601.75000000","2.25100000"],["601.71000000","6.02400000"],["601.69000000","3.97400000"],["601.66000000","4.15500000"],["601.60000000","15.61700000"],["601.48000000","18.63000000"],["601.47000000","19.41900000"],["601.35000000","26.73800000"],["601.34000000","13.99100000"],["601.29000000","14.84500000"],["601.11000000","10.57700000"],["600.99000000","9.03000000"],["600.97000000","0.01600000"],["600.93000000","22.17500000"],["600.85000000","0.03600000"],["600.82000000","0.06500000"],["600.74000000","19.18100000"],["600.10000000","3.84800000"],["600.06000000","3.33100000"],["599.54000000","20.88700000"],["597.11000000","0.59000000"],["592.77000000","0.16900000"],["592.75000000","0.20400000"],["216.72000000","0.02800000"]],"s":"BNBUSDT","e":"depthUpdate","E":1745777454106,"U":13738693216,"u":13738693332}
Received message: {"p":"94119.99000000","a":3551019439,"q":"0.00081000","s":"BTCUSDT","T":1745777454154,"e":"aggTrade","E":1745777454155,"f":4855243112,"l":4855243112,"m":true,"M":true}
Received message: {"p":"94119.99000000","a":3551019439,"q":"0.00081000","s":"BTCUSDT","T":1745777454154,"e":"aggTrade","E":1745777454155,"f":4855243112,"l":4855243112,"m":true,"M":true}
Received message: {"p":"94120.00000000","a":3551019440,"q":"0.00009000","s":"BTCUSDT","T":1745777454251,"e":"aggTrade","E":1745777454252,"f":4855243113,"l":4855243113,"m":false,"M":true}
Received message: {"p":"94120.00000000","a":3551019440,"q":"0.00009000","s":"BTCUSDT","T":1745777454251,"e":"aggTrade","E":1745777454252,"f":4855243113,"l":4855243113,"m":false,"M":true}
Received message: {"p":"94120.00000000","a":3551019441,"q":"0.01525000","s":"BTCUSDT","T":1745777454433,"e":"aggTrade","E":1745777454433,"f":4855243114,"l":4855243114,"m":false,"M":true}
Received message: {"p":"94120.00000000","a":3551019441,"q":"0.01525000","s":"BTCUSDT","T":1745777454433,"e":"aggTrade","E":1745777454433,"f":4855243114,"l":4855243114,"m":false,"M":true}
Received message: {"p":"94119.99000000","a":3551019442,"q":"0.00010000","s":"BTCUSDT","T":1745777454445,"e":"aggTrade","E":1745777454446,"f":4855243115,"l":4855243115,"m":true,"M":true}
Received message: {"p":"94119.99000000","a":3551019442,"q":"0.00010000","s":"BTCUSDT","T":1745777454445,"e":"aggTrade","E":1745777454446,"f":4855243115,"l":4855243115,"m":true,"M":true}
Received message: {"p":"602.01000000","q":"0.00900000","s":"BNBUSDT","t":1041896850,"T":1745777454732,"e":"trade","E":1745777454732,"m":false,"M":true}
Received trade message: {"p":"602.01000000","q":"0.00900000","s":"BNBUSDT","t":1041896850,"T":1745777454732,"e":"trade","E":1745777454732,"m":false,"M":true}
Received message: {"p":"602.00000000","q":"0.00700000","s":"BNBUSDT","t":1041896851,"T":1745777454801,"e":"trade","E":1745777454802,"m":true,"M":true}
Received trade message: {"p":"602.00000000","q":"0.00700000","s":"BNBUSDT","t":1041896851,"T":1745777454801,"e":"trade","E":1745777454802,"m":true,"M":true}
Received message: {"p":"602.00000000","q":"0.00900000","s":"BNBUSDT","t":1041896852,"T":1745777454801,"e":"trade","E":1745777454802,"m":true,"M":true}
Received trade message: {"p":"602.00000000","q":"0.00900000","s":"BNBUSDT","t":1041896852,"T":1745777454801,"e":"trade","E":1745777454802,"m":true,"M":true}
Received message: {"p":"602.00000000","q":"0.00900000","s":"BNBUSDT","t":1041896853,"T":1745777454801,"e":"trade","E":1745777454802,"m":true,"M":true}
Received trade message: {"p":"602.00000000","q":"0.00900000","s":"BNBUSDT","t":1041896853,"T":1745777454801,"e":"trade","E":1745777454802,"m":true,"M":true}
Received message: {"p":"602.00000000","q":"0.00900000","s":"BNBUSDT","t":1041896854,"T":1745777454801,"e":"trade","E":1745777454802,"m":true,"M":true}
Received trade message: {"p":"602.00000000","q":"0.00900000","s":"BNBUSDT","t":1041896854,"T":1745777454801,"e":"trade","E":1745777454802,"m":true,"M":true}
Received message: {"p":"602.00000000","q":"0.00900000","s":"BNBUSDT","t":1041896855,"T":1745777454801,"e":"trade","E":1745777454802,"m":true,"M":true}
Received trade message: {"p":"602.00000000","q":"0.00900000","s":"BNBUSDT","t":1041896855,"T":1745777454801,"e":"trade","E":1745777454802,"m":true,"M":true}
Received message: {"p":"602.00000000","q":"0.04800000","s":"BNBUSDT","t":1041896856,"T":1745777454801,"e":"trade","E":1745777454802,"m":true,"M":true}
Received trade message: {"p":"602.00000000","q":"0.04800000","s":"BNBUSDT","t":1041896856,"T":1745777454801,"e":"trade","E":1745777454802,"m":true,"M":true}
Received message: {"p":"602.00000000","q":"0.00900000","s":"BNBUSDT","t":1041896857,"T":1745777455032,"e":"trade","E":1745777455033,"m":true,"M":true}
Received trade message: {"p":"602.00000000","q":"0.00900000","s":"BNBUSDT","t":1041896857,"T":1745777455032,"e":"trade","E":1745777455033,"m":true,"M":true}
Received message: {"p":"602.00000000","q":"0.00900000","s":"BNBUSDT","t":1041896858,"T":1745777455032,"e":"trade","E":1745777455033,"m":true,"M":true}
Received trade message: {"p":"602.00000000","q":"0.00900000","s":"BNBUSDT","t":1041896858,"T":1745777455032,"e":"trade","E":1745777455033,"m":true,"M":true}
Received message: {"p":"602.00000000","q":"0.00900000","s":"BNBUSDT","t":1041896859,"T":1745777455032,"e":"trade","E":1745777455033,"m":true,"M":true}
Received trade message: {"p":"602.00000000","q":"0.00900000","s":"BNBUSDT","t":1041896859,"T":1745777455032,"e":"trade","E":1745777455033,"m":true,"M":true}
Received message: {"p":"602.00000000","q":"0.00900000","s":"BNBUSDT","t":1041896860,"T":1745777455032,"e":"trade","E":1745777455033,"m":true,"M":true}
Received trade message: {"p":"602.00000000","q":"0.00900000","s":"BNBUSDT","t":1041896860,"T":1745777455032,"e":"trade","E":1745777455033,"m":true,"M":true}
Received message: {"p":"602.00000000","q":"0.00900000","s":"BNBUSDT","t":1041896861,"T":1745777455032,"e":"trade","E":1745777455033,"m":true,"M":true}
Received trade message: {"p":"602.00000000","q":"0.00900000","s":"BNBUSDT","t":1041896861,"T":1745777455032,"e":"trade","E":1745777455033,"m":true,"M":true}
Received message: {"a":[["94120.00000000","6.76792000"],["94120.49000000","0.01749000"],["94121.11000000","0.00052000"],["94121.20000000","0.44901000"],["94121.23000000","0.18066000"],["94121.30000000","0.00000000"],["94121.54000000","0.00531000"],["94121.55000000","0.02130000"],["94121.92000000","0.64263000"],["94121.93000000","0.42768000"],["94121.95000000","0.70099000"],["94123.33000000","0.01587000"],["94123.84000000","0.00000000"],["94124.14000000","0.26075000"],["94124.71000000","0.00575000"],["94124.75000000","0.00000000"],["94126.24000000","0.04795000"],["94126.61000000","0.00106000"],["94128.13000000","0.05312000"],["94129.41000000","0.00795000"],["94133.41000000","0.00000000"],["94134.52000000","0.00000000"],["94136.27000000","0.10624000"],["94143.16000000","0.04716000"],["94144.54000000","1.10000000"],["94149.44000000","0.05000000"],["94154.78000000","0.04243000"],["94157.10000000","0.00000000"],["94160.26000000","0.00000000"],["94161.00000000","0.44207000"],["94163.42000000","0.81052000"],["94165.83000000","0.31886000"],["94170.10000000","0.00000000"],["94172.17000000","0.00000000"],["94185.09000000","0.00060000"],["94186.30000000","0.00000000"],["94189.48000000","0.45113000"],["94190.48000000","0.43999000"],["94252.90000000","0.01586000"],["94600.00000000","2.42844000"],["95531.80000000","0.00018000"],["96063.95000000","0.00000000"],["96308.51000000","0.07643000"]],"b":[["94119.99000000","0.10582000"],["94119.98000000","0.00222000"],["94118.19000000","0.00007000"],["94116.53000000","0.00000000"],["94115.99000000","0.00000000"],["94115.68000000","0.00000000"],["94115.67000000","0.00000000"],["94115.29000000","0.00012000"],["94114.59000000","0.00000000"],["94114.37000000","0.00009000"],["94114.36000000","0.00000000"],["94114.01000000","0.00000000"],["94112.91000000","0.00000000"],["94112.16000000","0.00000000"],["94112.15000000","0.00000000"],["94111.72000000","0.00000000"],["94111.51000000","0.00016000"],["94111.50000000","0.00000000"],["94110.70000000","0.00012000"],["94110.69000000","0.06006000"],["94110.68000000","0.00010000"],["94108.71000000","0.00000000"],["94108.70000000","0.00000000"],["94108.54000000","0.00000000"],["94108.01000000","0.00012000"],["94108.00000000","0.04256000"],["94107.79000000","0.00106000"],["94106.32000000","0.00006000"],["94106.31000000","0.16842000"],["94106.30000000","0.00000000"],["94106.29000000","0.45154000"],["94106.06000000","0.00000000"],["94106.05000000","0.00000000"],["94105.92000000","0.03195000"],["94105.87000000","0.00000000"],["94105.78000000","0.10497000"],["94105.54000000","0.00000000"],["94104.92000000","0.21387000"],["94104.91000000","0.00000000"],["94104.80000000","0.04256000"],["94104.50000000","0.04250000"],["94104.09000000","0.08265000"],["94101.92000000","0.01587000"],["94101.65000000","0.00000000"],["94101.54000000","0.16000000"],["94099.93000000","0.00000000"],["94099.72000000","0.21381000"],["94099.57000000","0.00000000"],["94098.93000000","0.00000000"],["94095.27000000","1.71052000"],["94095.23000000","0.59131000"],["94093.59000000","0.00000000"],["94093.40000000","0.00000000"],["94090.87000000","0.79715000"],["94089.08000000","0.00000000"],["94088.26000000","0.00212000"],["94087.58000000","0.00000000"],["94086.87000000","0.00496000"],["94086.78000000","1.00000000"],["94086.68000000","0.00000000"],["94086.43000000","0.31560000"],["94086.41000000","0.00000000"],["94085.18000000","0.00000000"],["94079.55000000","1.57912000"],["94078.62000000","0.00000000"],["94073.51000000","0.00531000"],["94068.04000000","0.00000000"],["94066.81000000","0.00000000"],["94058.17000000","0.00000000"],["94055.17000000","0.00000000"],["94053.57000000","2.00000000"],["94053.37000000","0.00000000"],["94051.58000000","0.00000000"],["94050.37000000","0.00000000"],["94047.70000000","0.76532000"],["94046.52000000","0.00000000"],["94044.00000000","0.00210000"],["94038.07000000","0.63736000"],["94019.71000000","0.00052000"],["93900.00000000","0.14555000"],["92708.19000000","0.00100000"],["89400.00000000","0.61031000"],["84707.00000000","0.00000000"],["75296.00000000","0.00702000"],["33000.00000000","2.70601000"]],"s":"BTCUSDT","e":"depthUpdate","E":1745777455014,"U":67663555798,"u":67663556049}
Received message: {"p":"602.00000000","q":"0.04900000","s":"BNBUSDT","t":1041896862,"T":1745777455032,"e":"trade","E":1745777455033,"m":true,"M":true}
Received trade message: {"p":"602.00000000","q":"0.04900000","s":"BNBUSDT","t":1041896862,"T":1745777455032,"e":"trade","E":1745777455033,"m":true,"M":true}
Received message: {"p":"602.00000000","q":"0.00900000","s":"BNBUSDT","t":1041896863,"T":1745777455032,"e":"trade","E":1745777455033,"m":true,"M":true}
Received trade message: {"p":"602.00000000","q":"0.00900000","s":"BNBUSDT","t":1041896863,"T":1745777455032,"e":"trade","E":1745777455033,"m":true,"M":true}
Received message: {"p":"601.99000000","q":"0.00900000","s":"BNBUSDT","t":1041896864,"T":1745777455032,"e":"trade","E":1745777455033,"m":true,"M":true}
Received trade message: {"p":"601.99000000","q":"0.00900000","s":"BNBUSDT","t":1041896864,"T":1745777455032,"e":"trade","E":1745777455033,"m":true,"M":true}
Received message: {"p":"601.99000000","q":"0.00900000","s":"BNBUSDT","t":1041896865,"T":1745777455032,"e":"trade","E":1745777455033,"m":true,"M":true}
Received trade message: {"p":"601.99000000","q":"0.00900000","s":"BNBUSDT","t":1041896865,"T":1745777455032,"e":"trade","E":1745777455033,"m":true,"M":true}
Received message: {"p":"601.99000000","q":"0.00900000","s":"BNBUSDT","t":1041896866,"T":1745777455032,"e":"trade","E":1745777455033,"m":true,"M":true}
Received trade message: {"p":"601.99000000","q":"0.00900000","s":"BNBUSDT","t":1041896866,"T":1745777455032,"e":"trade","E":1745777455033,"m":true,"M":true}
Received message: {"p":"601.98000000","q":"0.00900000","s":"BNBUSDT","t":1041896867,"T":1745777455032,"e":"trade","E":1745777455033,"m":true,"M":true}
Received trade message: {"p":"601.98000000","q":"0.00900000","s":"BNBUSDT","t":1041896867,"T":1745777455032,"e":"trade","E":1745777455033,"m":true,"M":true}
Received message: {"p":"601.97000000","q":"0.00900000","s":"BNBUSDT","t":1041896868,"T":1745777455032,"e":"trade","E":1745777455033,"m":true,"M":true}
Received trade message: {"p":"601.97000000","q":"0.00900000","s":"BNBUSDT","t":1041896868,"T":1745777455032,"e":"trade","E":1745777455033,"m":true,"M":true}
Received message: {"p":"601.97000000","q":"0.01000000","s":"BNBUSDT","t":1041896869,"T":1745777455032,"e":"trade","E":1745777455033,"m":true,"M":true}
Received message: {"a":[["94120.00000000","6.76792000"],["94120.49000000","0.01749000"],["94121.11000000","0.00052000"],["94121.20000000","0.44901000"],["94121.23000000","0.18066000"],["94121.30000000","0.00000000"],["94121.54000000","0.00531000"],["94121.55000000","0.02130000"],["94121.92000000","0.64263000"],["94121.93000000","0.42768000"],["94121.95000000","0.70099000"],["94123.33000000","0.01587000"],["94123.84000000","0.00000000"],["94124.14000000","0.26075000"],["94124.71000000","0.00575000"],["94124.75000000","0.00000000"],["94126.24000000","0.04795000"],["94126.61000000","0.00106000"],["94128.13000000","0.05312000"],["94129.41000000","0.00795000"],["94133.41000000","0.00000000"],["94134.52000000","0.00000000"],["94136.27000000","0.10624000"],["94143.16000000","0.04716000"],["94144.54000000","1.10000000"],["94149.44000000","0.05000000"],["94154.78000000","0.04243000"],["94157.10000000","0.00000000"],["94160.26000000","0.00000000"],["94161.00000000","0.44207000"],["94163.42000000","0.81052000"],["94165.83000000","0.31886000"],["94170.10000000","0.00000000"],["94172.17000000","0.00000000"],["94185.09000000","0.00060000"],["94186.30000000","0.00000000"],["94189.48000000","0.45113000"],["94190.48000000","0.43999000"],["94252.90000000","0.01586000"],["94600.00000000","2.42844000"],["95531.80000000","0.00018000"],["96063.95000000","0.00000000"],["96308.51000000","0.07643000"]],"b":[["94119.99000000","0.10582000"],["94119.98000000","0.00222000"],["94118.19000000","0.00007000"],["94116.53000000","0.00000000"],["94115.99000000","0.00000000"],["94115.68000000","0.00000000"],["94115.67000000","0.00000000"],["94115.29000000","0.00012000"],["94114.59000000","0.00000000"],["94114.37000000","0.00009000"],["94114.36000000","0.00000000"],["94114.01000000","0.00000000"],["94112.91000000","0.00000000"],["94112.16000000","0.00000000"],["94112.15000000","0.00000000"],["94111.72000000","0.00000000"],["94111.51000000","0.00016000"],["94111.50000000","0.00000000"],["94110.70000000","0.00012000"],["94110.69000000","0.06006000"],["94110.68000000","0.00010000"],["94108.71000000","0.00000000"],["94108.70000000","0.00000000"],["94108.54000000","0.00000000"],["94108.01000000","0.00012000"],["94108.00000000","0.04256000"],["94107.79000000","0.00106000"],["94106.32000000","0.00006000"],["94106.31000000","0.16842000"],["94106.30000000","0.00000000"],["94106.29000000","0.45154000"],["94106.06000000","0.00000000"],["94106.05000000","0.00000000"],["94105.92000000","0.03195000"],["94105.87000000","0.00000000"],["94105.78000000","0.10497000"],["94105.54000000","0.00000000"],["94104.92000000","0.21387000"],["94104.91000000","0.00000000"],["94104.80000000","0.04256000"],["94104.50000000","0.04250000"],["94104.09000000","0.08265000"],["94101.92000000","0.01587000"],["94101.65000000","0.00000000"],["94101.54000000","0.16000000"],["94099.93000000","0.00000000"],["94099.72000000","0.21381000"],["94099.57000000","0.00000000"],["94098.93000000","0.00000000"],["94095.27000000","1.71052000"],["94095.23000000","0.59131000"],["94093.59000000","0.00000000"],["94093.40000000","0.00000000"],["94090.87000000","0.79715000"],["94089.08000000","0.00000000"],["94088.26000000","0.00212000"],["94087.58000000","0.00000000"],["94086.87000000","0.00496000"],["94086.78000000","1.00000000"],["94086.68000000","0.00000000"],["94086.43000000","0.31560000"],["94086.41000000","0.00000000"],["94085.18000000","0.00000000"],["94079.55000000","1.57912000"],["94078.62000000","0.00000000"],["94073.51000000","0.00531000"],["94068.04000000","0.00000000"],["94066.81000000","0.00000000"],["94058.17000000","0.00000000"],["94055.17000000","0.00000000"],["94053.57000000","2.00000000"],["94053.37000000","0.00000000"],["94051.58000000","0.00000000"],["94050.37000000","0.00000000"],["94047.70000000","0.76532000"],["94046.52000000","0.00000000"],["94044.00000000","0.00210000"],["94038.07000000","0.63736000"],["94019.71000000","0.00052000"],["93900.00000000","0.14555000"],["92708.19000000","0.00100000"],["89400.00000000","0.61031000"],["84707.00000000","0.00000000"],["75296.00000000","0.00702000"],["33000.00000000","2.70601000"]],"s":"BTCUSDT","e":"depthUpdate","E":1745777455014,"U":67663555798,"u":67663556049}
Received trade message: {"p":"601.97000000","q":"0.01000000","s":"BNBUSDT","t":1041896869,"T":1745777455032,"e":"trade","E":1745777455033,"m":true,"M":true}
Received message: {"p":"601.97000000","q":"0.00900000","s":"BNBUSDT","t":1041896870,"T":1745777455032,"e":"trade","E":1745777455033,"m":true,"M":true}
Received trade message: {"p":"601.97000000","q":"0.00900000","s":"BNBUSDT","t":1041896870,"T":1745777455032,"e":"trade","E":1745777455033,"m":true,"M":true}
Received message: {"p":"601.97000000","q":"0.01000000","s":"BNBUSDT","t":1041896871,"T":1745777455032,"e":"trade","E":1745777455033,"m":true,"M":true}
Received trade message: {"p":"601.97000000","q":"0.01000000","s":"BNBUSDT","t":1041896871,"T":1745777455032,"e":"trade","E":1745777455033,"m":true,"M":true}
Received message: {"p":"601.96000000","q":"0.00900000","s":"BNBUSDT","t":1041896872,"T":1745777455032,"e":"trade","E":1745777455033,"m":true,"M":true}
Received trade message: {"p":"601.96000000","q":"0.00900000","s":"BNBUSDT","t":1041896872,"T":1745777455032,"e":"trade","E":1745777455033,"m":true,"M":true}
Received message: {"p":"601.95000000","q":"0.00900000","s":"BNBUSDT","t":1041896873,"T":1745777455035,"e":"trade","E":1745777455036,"m":true,"M":true}
Received trade message: {"p":"601.95000000","q":"0.00900000","s":"BNBUSDT","t":1041896873,"T":1745777455035,"e":"trade","E":1745777455036,"m":true,"M":true}
Received message: {"p":"601.95000000","q":"0.00100000","s":"BNBUSDT","t":1041896874,"T":1745777455035,"e":"trade","E":1745777455036,"m":true,"M":true}
Received trade message: {"p":"601.95000000","q":"0.00100000","s":"BNBUSDT","t":1041896874,"T":1745777455035,"e":"trade","E":1745777455036,"m":true,"M":true}
Received message: {"a":[["601.96000000","57.39800000"],["601.97000000","0.00000000"],["601.98000000","3.05500000"],["601.99000000","0.66400000"],["602.00000000","33.80600000"],["602.01000000","33.25200000"],["602.02000000","28.62100000"],["602.03000000","3.30700000"],["602.04000000","2.22100000"],["602.05000000","0.68200000"],["602.06000000","8.00500000"],["602.07000000","17.14100000"],["602.09000000","7.64000000"],["602.10000000","32.26000000"],["602.11000000","21.34000000"],["602.13000000","22.79600000"],["602.14000000","5.53000000"],["602.15000000","11.29900000"],["602.16000000","7.30000000"],["602.17000000","16.28900000"],["602.18000000","43.11200000"],["602.19000000","40.74200000"],["602.20000000","1.02600000"],["602.21000000","9.55600000"],["602.26000000","0.00900000"],["602.47000000","6.31800000"],["602.57000000","23.60300000"],["602.75000000","3.90000000"],["602.89000000","6.65900000"],["603.12000000","4.19000000"],["603.15000000","9.52500000"],["603.23000000","0.34000000"],["603.48000000","0.26300000"],["603.49000000","8.28800000"],["603.54000000","1.52000000"],["603.58000000","9.08400000"],["603.88000000","62.91200000"],["606.80000000","61.81400000"],["608.57000000","0.23700000"]],"b":[["602.00000000","0.00000000"],["601.99000000","0.00000000"],["601.98000000","0.00000000"],["601.97000000","0.00000000"],["601.96000000","0.00000000"],["601.95000000","0.06200000"],["601.94000000","0.04500000"],["601.93000000","0.03600000"],["601.92000000","0.04600000"],["601.91000000","0.04400000"],["601.90000000","1.85700000"],["601.88000000","0.85600000"],["601.86000000","6.81800000"],["601.85000000","3.00500000"],["601.84000000","8.06400000"],["601.83000000","23.28300000"],["601.82000000","0.00900000"],["601.81000000","8.36600000"],["601.80000000","44.05400000"],["601.79000000","0.41500000"],["601.78000000","7.27300000"],["601.77000000","8.91700000"],["601.76000000","4.97900000"],["601.75000000","2.32400000"],["601.72000000","1.26200000"],["601.71000000","6.47200000"],["601.69000000","35.87000000"],["601.66000000","34.42000000"],["601.65000000","9.24800000"],["601.64000000","12.75200000"],["601.63000000","1.09600000"],["601.62000000","14.99300000"],["601.61000000","0.00000000"],["601.60000000","5.62600000"],["601.59000000","22.87300000"],["601.58000000","0.73900000"],["601.55000000","12.35600000"],["601.54000000","3.42700000"],["601.53000000","12.28700000"],["601.52000000","7.60000000"],["601.51000000","3.36900000"],["601.50000000","16.20400000"],["601.49000000","9.43100000"],["601.48000000","16.47100000"],["601.47000000","23.43800000"],["601.45000000","0.00900000"],["601.44000000","4.54600000"],["601.42000000","2.20700000"],["601.41000000","7.29100000"],["601.40000000","12.90600000"],["601.39000000","3.72000000"],["601.38000000","19.40800000"],["601.36000000","6.46100000"],["601.35000000","24.75900000"],["601.34000000","14.56700000"],["601.31000000","7.39000000"],["601.30000000","6.79000000"],["601.23000000","8.16200000"],["601.20000000","22.15900000"],["601.17000000","23.62000000"],["601.16000000","11.93700000"],["601.01000000","74.27000000"],["600.94000000","3.98600000"],["600.87000000","6.72300000"],["600.86000000","7.35500000"],["600.82000000","0.04800000"],["600.79000000","8.22300000"],["600.78000000","5.83800000"],["600.76000000","0.06700000"],["600.75000000","28.00900000"],["600.72000000","69.14900000"],["600.62000000","0.07500000"],["600.60000000","202.86200000"],["600.57000000","8.89200000"],["600.56000000","11.65500000"],["600.54000000","3.37000000"],["600.51000000","9.61900000"],["600.41000000","12.27100000"],["600.39000000","5.00000000"],["600.36000000","7.41800000"],["600.17000000","2.97000000"],["600.12000000","0.15800000"],["600.09000000","0.02600000"],["599.95000000","0.82700000"],["599.93000000","0.01000000"],["599.67000000","21.93200000"],["598.81000000","3.29400000"]],"s":"BNBUSDT","e":"depthUpdate","E":1745777455106,"U":13738693333,"u":13738693635}
Received order book message: {"a":[["601.96000000","57.39800000"],["601.97000000","0.00000000"],["601.98000000","3.05500000"],["601.99000000","0.66400000"],["602.00000000","33.80600000"],["602.01000000","33.25200000"],["602.02000000","28.62100000"],["602.03000000","3.30700000"],["602.04000000","2.22100000"],["602.05000000","0.68200000"],["602.06000000","8.00500000"],["602.07000000","17.14100000"],["602.09000000","7.64000000"],["602.10000000","32.26000000"],["602.11000000","21.34000000"],["602.13000000","22.79600000"],["602.14000000","5.53000000"],["602.15000000","11.29900000"],["602.16000000","7.30000000"],["602.17000000","16.28900000"],["602.18000000","43.11200000"],["602.19000000","40.74200000"],["602.20000000","1.02600000"],["602.21000000","9.55600000"],["602.26000000","0.00900000"],["602.47000000","6.31800000"],["602.57000000","23.60300000"],["602.75000000","3.90000000"],["602.89000000","6.65900000"],["603.12000000","4.19000000"],["603.15000000","9.52500000"],["603.23000000","0.34000000"],["603.48000000","0.26300000"],["603.49000000","8.28800000"],["603.54000000","1.52000000"],["603.58000000","9.08400000"],["603.88000000","62.91200000"],["606.80000000","61.81400000"],["608.57000000","0.23700000"]],"b":[["602.00000000","0.00000000"],["601.99000000","0.00000000"],["601.98000000","0.00000000"],["601.97000000","0.00000000"],["601.96000000","0.00000000"],["601.95000000","0.06200000"],["601.94000000","0.04500000"],["601.93000000","0.03600000"],["601.92000000","0.04600000"],["601.91000000","0.04400000"],["601.90000000","1.85700000"],["601.88000000","0.85600000"],["601.86000000","6.81800000"],["601.85000000","3.00500000"],["601.84000000","8.06400000"],["601.83000000","23.28300000"],["601.82000000","0.00900000"],["601.81000000","8.36600000"],["601.80000000","44.05400000"],["601.79000000","0.41500000"],["601.78000000","7.27300000"],["601.77000000","8.91700000"],["601.76000000","4.97900000"],["601.75000000","2.32400000"],["601.72000000","1.26200000"],["601.71000000","6.47200000"],["601.69000000","35.87000000"],["601.66000000","34.42000000"],["601.65000000","9.24800000"],["601.64000000","12.75200000"],["601.63000000","1.09600000"],["601.62000000","14.99300000"],["601.61000000","0.00000000"],["601.60000000","5.62600000"],["601.59000000","22.87300000"],["601.58000000","0.73900000"],["601.55000000","12.35600000"],["601.54000000","3.42700000"],["601.53000000","12.28700000"],["601.52000000","7.60000000"],["601.51000000","3.36900000"],["601.50000000","16.20400000"],["601.49000000","9.43100000"],["601.48000000","16.47100000"],["601.47000000","23.43800000"],["601.45000000","0.00900000"],["601.44000000","4.54600000"],["601.42000000","2.20700000"],["601.41000000","7.29100000"],["601.40000000","12.90600000"],["601.39000000","3.72000000"],["601.38000000","19.40800000"],["601.36000000","6.46100000"],["601.35000000","24.75900000"],["601.34000000","14.56700000"],["601.31000000","7.39000000"],["601.30000000","6.79000000"],["601.23000000","8.16200000"],["601.20000000","22.15900000"],["601.17000000","23.62000000"],["601.16000000","11.93700000"],["601.01000000","74.27000000"],["600.94000000","3.98600000"],["600.87000000","6.72300000"],["600.86000000","7.35500000"],["600.82000000","0.04800000"],["600.79000000","8.22300000"],["600.78000000","5.83800000"],["600.76000000","0.06700000"],["600.75000000","28.00900000"],["600.72000000","69.14900000"],["600.62000000","0.07500000"],["600.60000000","202.86200000"],["600.57000000","8.89200000"],["600.56000000","11.65500000"],["600.54000000","3.37000000"],["600.51000000","9.61900000"],["600.41000000","12.27100000"],["600.39000000","5.00000000"],["600.36000000","7.41800000"],["600.17000000","2.97000000"],["600.12000000","0.15800000"],["600.09000000","0.02600000"],["599.95000000","0.82700000"],["599.93000000","0.01000000"],["599.67000000","21.93200000"],["598.81000000","3.29400000"]],"s":"BNBUSDT","e":"depthUpdate","E":1745777455106,"U":13738693333,"u":13738693635}
Received message: {"p":"94119.99000000","a":3551019443,"q":"0.00398000","s":"BTCUSDT","T":1745777455243,"e":"aggTrade","E":1745777455243,"f":4855243116,"l":4855243116,"m":true,"M":true}
Received message: {"p":"94119.99000000","a":3551019443,"q":"0.00398000","s":"BTCUSDT","T":1745777455243,"e":"aggTrade","E":1745777455243,"f":4855243116,"l":4855243116,"m":true,"M":true}
Received message: {"p":"601.95000000","q":"0.00800000","s":"BNBUSDT","t":1041896875,"T":1745777455719,"e":"trade","E":1745777455719,"m":true,"M":true}
Received trade message: {"p":"601.95000000","q":"0.00800000","s":"BNBUSDT","t":1041896875,"T":1745777455719,"e":"trade","E":1745777455719,"m":true,"M":true}
Received message: {"p":"601.95000000","q":"0.00900000","s":"BNBUSDT","t":1041896876,"T":1745777455719,"e":"trade","E":1745777455719,"m":true,"M":true}
Received trade message: {"p":"601.95000000","q":"0.00900000","s":"BNBUSDT","t":1041896876,"T":1745777455719,"e":"trade","E":1745777455719,"m":true,"M":true}
Received message: {"p":"601.95000000","q":"0.00900000","s":"BNBUSDT","t":1041896877,"T":1745777455719,"e":"trade","E":1745777455719,"m":true,"M":true}
Received trade message: {"p":"601.95000000","q":"0.00900000","s":"BNBUSDT","t":1041896877,"T":1745777455719,"e":"trade","E":1745777455719,"m":true,"M":true}
Received message: {"p":"601.95000000","q":"0.00900000","s":"BNBUSDT","t":1041896878,"T":1745777455719,"e":"trade","E":1745777455719,"m":true,"M":true}
Received trade message: {"p":"601.95000000","q":"0.00900000","s":"BNBUSDT","t":1041896878,"T":1745777455719,"e":"trade","E":1745777455719,"m":true,"M":true}
Received message: {"p":"601.95000000","q":"0.00900000","s":"BNBUSDT","t":1041896879,"T":1745777455719,"e":"trade","E":1745777455719,"m":true,"M":true}
Received trade message: {"p":"601.95000000","q":"0.00900000","s":"BNBUSDT","t":1041896879,"T":1745777455719,"e":"trade","E":1745777455719,"m":true,"M":true}
Received message: {"p":"601.95000000","q":"0.00900000","s":"BNBUSDT","t":1041896880,"T":1745777455719,"e":"trade","E":1745777455719,"m":true,"M":true}
Received trade message: {"p":"601.95000000","q":"0.00900000","s":"BNBUSDT","t":1041896880,"T":1745777455719,"e":"trade","E":1745777455719,"m":true,"M":true}
Received message: {"p":"601.95000000","q":"0.00700000","s":"BNBUSDT","t":1041896881,"T":1745777455719,"e":"trade","E":1745777455719,"m":true,"M":true}
Received trade message: {"p":"601.95000000","q":"0.00700000","s":"BNBUSDT","t":1041896881,"T":1745777455719,"e":"trade","E":1745777455719,"m":true,"M":true}
Received message: {"a":[["94120.00000000","6.81812000"],["94121.20000000","0.44907000"],["94121.22000000","0.69936000"],["94121.55000000","0.02130000"],["94121.92000000","0.00000000"],["94121.93000000","0.42768000"],["94122.31000000","0.20184000"],["94122.33000000","0.03187000"],["94122.67000000","0.00104000"],["94123.30000000","0.05312000"],["94124.41000000","0.02000000"],["94125.30000000","0.04800000"],["94125.32000000","0.04800000"],["94125.40000000","0.09600000"],["94125.65000000","0.00104000"],["94126.08000000","0.00103000"],["94128.23000000","0.04800000"],["94129.12000000","1.00000000"],["94129.64000000","0.00000000"],["94130.01000000","0.06720000"],["94130.02000000","0.04800000"],["94133.07000000","0.00052000"],["94133.65000000","0.00052000"],["94134.12000000","0.00531000"],["94136.75000000","0.00000000"],["94137.68000000","0.00000000"],["94137.69000000","0.00000000"],["94137.77000000","0.00000000"],["94137.84000000","0.00000000"],["94138.24000000","2.00000000"],["94139.28000000","0.00000000"],["94139.41000000","0.00000000"],["94141.55000000","0.83240000"],["94142.39000000","0.00000000"],["94144.54000000","0.00000000"],["94147.91000000","0.00000000"],["94149.44000000","0.00000000"],["94152.76000000","0.10523000"],["94155.67000000","0.00000000"],["94155.68000000","0.00000000"],["94155.89000000","0.00000000"],["94155.90000000","0.42762000"],["94156.00000000","0.00235000"],["94158.82000000","0.00187000"],["94163.73000000","0.00000000"],["94167.23000000","0.18219000"],["94168.73000000","0.00000000"],["94173.49000000","0.00862000"],["94177.90000000","0.00000000"],["94185.36000000","0.00000000"],["94194.35000000","0.04800000"],["94215.34000000","0.00400000"],["94221.87000000","0.00000000"],["94248.23000000","1.31353000"],["94264.02000000","0.12000000"],["94280.17000000","1.45584000"],["95531.80000000","0.00118000"]],"b":[["94119.99000000","0.01503000"],["94119.98000000","0.00264000"],["94115.54000000","0.00000000"],["94115.52000000","0.00000000"],["94114.37000000","0.00000000"],["94114.25000000","0.00000000"],["94113.98000000","0.00007000"],["94113.93000000","0.00000000"],["94113.07000000","0.00000000"],["94112.40000000","0.00000000"],["94112.32000000","0.00010000"],["94112.09000000","0.00012000"],["94112.08000000","0.01361000"],["94111.92000000","0.00000000"],["94111.73000000","0.00000000"],["94111.51000000","0.00000000"],["94111.21000000","0.00021000"],["94111.20000000","0.14018000"],["94111.10000000","0.00000000"],["94111.09000000","0.00000000"],["94110.70000000","0.00025000"],["94110.69000000","0.06006000"],["94108.70000000","0.00006000"],["94108.69000000","0.08006000"],["94108.54000000","0.02159000"],["94108.53000000","0.00089000"],["94108.34000000","0.00092000"],["94108.24000000","0.00212000"],["94108.01000000","0.00016000"],["94105.78000000","0.10491000"],["94104.92000000","0.00000000"],["94104.80000000","0.04250000"],["94104.50000000","0.04250000"],["94104.13000000","0.01587000"],["94104.12000000","0.21381000"],["94104.11000000","0.70112000"],["94102.39000000","0.37784000"],["94102.38000000","0.30880000"],["94101.92000000","0.00000000"],["94100.36000000","0.00000000"],["94099.72000000","0.21381000"],["94099.58000000","0.00000000"],["94096.33000000","0.00000000"],["94090.50000000","0.04250000"],["94089.57000000","0.31886000"],["94088.39000000","0.00000000"],["94088.26000000","0.00000000"],["94086.78000000","0.00000000"],["94086.69000000","0.00000000"],["94086.59000000","1.00000000"],["94085.85000000","0.00011000"],["94085.09000000","0.00000000"],["94083.35000000","0.00000000"],["94076.92000000","0.10478000"],["94074.88000000","0.51357000"],["94072.10000000","0.00000000"],["94067.13000000","0.76516000"],["94061.42000000","0.00000000"],["94056.79000000","0.00000000"],["94056.05000000","1.29561000"],["94053.74000000","0.00000000"],["94053.57000000","0.00000000"],["94053.51000000","0.00000000"],["94053.39000000","0.00000000"],["94053.19000000","2.00000000"],["94051.92000000","0.31886000"],["94051.57000000","1.55573000"],["94050.19000000","0.00000000"],["94050.00000000","0.05606000"],["94048.51000000","0.05000000"],["93851.60000000","0.00000000"],["92708.19000000","0.00000000"],["84707.00000000","0.00000000"],["75296.00000000","0.00702000"]],"s":"BTCUSDT","e":"depthUpdate","E":1745777456014,"U":67663556050,"u":67663556318}
Received message: {"a":[["94120.00000000","6.81812000"],["94121.20000000","0.44907000"],["94121.22000000","0.69936000"],["94121.55000000","0.02130000"],["94121.92000000","0.00000000"],["94121.93000000","0.42768000"],["94122.31000000","0.20184000"],["94122.33000000","0.03187000"],["94122.67000000","0.00104000"],["94123.30000000","0.05312000"],["94124.41000000","0.02000000"],["94125.30000000","0.04800000"],["94125.32000000","0.04800000"],["94125.40000000","0.09600000"],["94125.65000000","0.00104000"],["94126.08000000","0.00103000"],["94128.23000000","0.04800000"],["94129.12000000","1.00000000"],["94129.64000000","0.00000000"],["94130.01000000","0.06720000"],["94130.02000000","0.04800000"],["94133.07000000","0.00052000"],["94133.65000000","0.00052000"],["94134.12000000","0.00531000"],["94136.75000000","0.00000000"],["94137.68000000","0.00000000"],["94137.69000000","0.00000000"],["94137.77000000","0.00000000"],["94137.84000000","0.00000000"],["94138.24000000","2.00000000"],["94139.28000000","0.00000000"],["94139.41000000","0.00000000"],["94141.55000000","0.83240000"],["94142.39000000","0.00000000"],["94144.54000000","0.00000000"],["94147.91000000","0.00000000"],["94149.44000000","0.00000000"],["94152.76000000","0.10523000"],["94155.67000000","0.00000000"],["94155.68000000","0.00000000"],["94155.89000000","0.00000000"],["94155.90000000","0.42762000"],["94156.00000000","0.00235000"],["94158.82000000","0.00187000"],["94163.73000000","0.00000000"],["94167.23000000","0.18219000"],["94168.73000000","0.00000000"],["94173.49000000","0.00862000"],["94177.90000000","0.00000000"],["94185.36000000","0.00000000"],["94194.35000000","0.04800000"],["94215.34000000","0.00400000"],["94221.87000000","0.00000000"],["94248.23000000","1.31353000"],["94264.02000000","0.12000000"],["94280.17000000","1.45584000"],["95531.80000000","0.00118000"]],"b":[["94119.99000000","0.01503000"],["94119.98000000","0.00264000"],["94115.54000000","0.00000000"],["94115.52000000","0.00000000"],["94114.37000000","0.00000000"],["94114.25000000","0.00000000"],["94113.98000000","0.00007000"],["94113.93000000","0.00000000"],["94113.07000000","0.00000000"],["94112.40000000","0.00000000"],["94112.32000000","0.00010000"],["94112.09000000","0.00012000"],["94112.08000000","0.01361000"],["94111.92000000","0.00000000"],["94111.73000000","0.00000000"],["94111.51000000","0.00000000"],["94111.21000000","0.00021000"],["94111.20000000","0.14018000"],["94111.10000000","0.00000000"],["94111.09000000","0.00000000"],["94110.70000000","0.00025000"],["94110.69000000","0.06006000"],["94108.70000000","0.00006000"],["94108.69000000","0.08006000"],["94108.54000000","0.02159000"],["94108.53000000","0.00089000"],["94108.34000000","0.00092000"],["94108.24000000","0.00212000"],["94108.01000000","0.00016000"],["94105.78000000","0.10491000"],["94104.92000000","0.00000000"],["94104.80000000","0.04250000"],["94104.50000000","0.04250000"],["94104.13000000","0.01587000"],["94104.12000000","0.21381000"],["94104.11000000","0.70112000"],["94102.39000000","0.37784000"],["94102.38000000","0.30880000"],["94101.92000000","0.00000000"],["94100.36000000","0.00000000"],["94099.72000000","0.21381000"],["94099.58000000","0.00000000"],["94096.33000000","0.00000000"],["94090.50000000","0.04250000"],["94089.57000000","0.31886000"],["94088.39000000","0.00000000"],["94088.26000000","0.00000000"],["94086.78000000","0.00000000"],["94086.69000000","0.00000000"],["94086.59000000","1.00000000"],["94085.85000000","0.00011000"],["94085.09000000","0.00000000"],["94083.35000000","0.00000000"],["94076.92000000","0.10478000"],["94074.88000000","0.51357000"],["94072.10000000","0.00000000"],["94067.13000000","0.76516000"],["94061.42000000","0.00000000"],["94056.79000000","0.00000000"],["94056.05000000","1.29561000"],["94053.74000000","0.00000000"],["94053.57000000","0.00000000"],["94053.51000000","0.00000000"],["94053.39000000","0.00000000"],["94053.19000000","2.00000000"],["94051.92000000","0.31886000"],["94051.57000000","1.55573000"],["94050.19000000","0.00000000"],["94050.00000000","0.05606000"],["94048.51000000","0.05000000"],["93851.60000000","0.00000000"],["92708.19000000","0.00000000"],["84707.00000000","0.00000000"],["75296.00000000","0.00702000"]],"s":"BTCUSDT","e":"depthUpdate","E":1745777456014,"U":67663556050,"u":67663556318}
Received message: {"a":[["601.96000000","62.30500000"],["601.98000000","9.73600000"],["601.99000000","13.66300000"],["602.00000000","23.11500000"],["602.01000000","33.04600000"],["602.02000000","27.01000000"],["602.03000000","10.85400000"],["602.04000000","4.73400000"],["602.05000000","0.67300000"],["602.06000000","8.01400000"],["602.07000000","23.39600000"],["602.09000000","7.64000000"],["602.10000000","32.26000000"],["602.11000000","16.94000000"],["602.13000000","19.63700000"],["602.15000000","5.09500000"],["602.17000000","16.27100000"],["602.18000000","43.10300000"],["602.19000000","33.67700000"],["602.21000000","2.25000000"],["602.36000000","2.74100000"],["602.38000000","4.50800000"],["602.40000000","12.35600000"],["602.46000000","10.69900000"],["602.50000000","6.71400000"],["602.54000000","7.05800000"],["602.69000000","7.32000000"],["603.11000000","10.50100000"],["603.12000000","2.39600000"],["603.52000000","0.14100000"],["603.60000000","14.63400000"],["604.09000000","0.04300000"],["604.30000000","28.23200000"],["604.77000000","9.98000000"],["605.80000000","429.53400000"],["606.40000000","1.31800000"],["607.00000000","520.17400000"],["607.60000000","0.40500000"]],"b":[["601.95000000","1.84600000"],["601.94000000","0.03600000"],["601.93000000","0.02700000"],["601.92000000","0.03700000"],["601.91000000","0.04400000"],["601.90000000","1.02700000"],["601.89000000","0.00000000"],["601.88000000","0.02600000"],["601.87000000","0.66400000"],["601.86000000","4.63900000"],["601.85000000","4.60300000"],["601.84000000","7.64900000"],["601.83000000","11.21500000"],["601.82000000","0.00000000"],["601.80000000","36.06700000"],["601.76000000","4.97900000"],["601.75000000","2.33300000"],["601.74000000","12.14600000"],["601.73000000","8.97400000"],["601.71000000","6.89400000"],["601.70000000","12.53800000"],["601.68000000","14.90000000"],["601.67000000","15.50300000"],["601.66000000","34.00500000"],["601.65000000","3.55900000"],["601.64000000","7.36400000"],["601.62000000","10.83700000"],["601.61000000","0.44800000"],["601.60000000","3.45200000"],["601.59000000","19.50400000"],["601.58000000","2.40000000"],["601.57000000","4.24900000"],["601.55000000","4.85600000"],["601.54000000","10.92700000"],["601.53000000","14.36400000"],["601.52000000","6.46700000"],["601.48000000","8.26500000"],["601.47000000","24.03000000"],["601.38000000","26.12300000"],["601.37000000","5.24400000"],["601.35000000","25.88200000"],["601.32000000","36.37300000"],["601.30000000","6.84900000"],["601.29000000","14.47600000"],["601.28000000","3.33300000"],["601.27000000","0.02600000"],["601.21000000","4.17100000"],["601.20000000","13.87000000"],["601.14000000","14.50100000"],["601.11000000","16.55000000"],["601.10000000","24.43700000"],["601.05000000","10.26300000"],["601.02000000","23.91500000"],["600.99000000","12.15900000"],["600.97000000","8.37400000"],["600.93000000","15.83800000"],["600.92000000","14.35200000"],["600.87000000","5.22700000"],["600.81000000","13.50300000"],["600.75000000","28.00900000"],["600.72000000","79.26400000"],["600.16000000","0.65600000"],["600.08000000","17.33200000"],["600.05000000","0.01700000"],["600.02000000","0.07400000"],["599.99000000","0.02500000"],["599.90000000","0.89500000"],["599.86000000","27.17500000"],["599.82000000","0.00000000"],["598.76000000","0.11400000"],["592.72000000","0.21500000"],["592.70000000","0.06100000"],["590.84000000","0.02400000"]],"s":"BNBUSDT","e":"depthUpdate","E":1745777456106,"U":13738693636,"u":13738693846}
Received order book message: {"a":[["601.96000000","62.30500000"],["601.98000000","9.73600000"],["601.99000000","13.66300000"],["602.00000000","23.11500000"],["602.01000000","33.04600000"],["602.02000000","27.01000000"],["602.03000000","10.85400000"],["602.04000000","4.73400000"],["602.05000000","0.67300000"],["602.06000000","8.01400000"],["602.07000000","23.39600000"],["602.09000000","7.64000000"],["602.10000000","32.26000000"],["602.11000000","16.94000000"],["602.13000000","19.63700000"],["602.15000000","5.09500000"],["602.17000000","16.27100000"],["602.18000000","43.10300000"],["602.19000000","33.67700000"],["602.21000000","2.25000000"],["602.36000000","2.74100000"],["602.38000000","4.50800000"],["602.40000000","12.35600000"],["602.46000000","10.69900000"],["602.50000000","6.71400000"],["602.54000000","7.05800000"],["602.69000000","7.32000000"],["603.11000000","10.50100000"],["603.12000000","2.39600000"],["603.52000000","0.14100000"],["603.60000000","14.63400000"],["604.09000000","0.04300000"],["604.30000000","28.23200000"],["604.77000000","9.98000000"],["605.80000000","429.53400000"],["606.40000000","1.31800000"],["607.00000000","520.17400000"],["607.60000000","0.40500000"]],"b":[["601.95000000","1.84600000"],["601.94000000","0.03600000"],["601.93000000","0.02700000"],["601.92000000","0.03700000"],["601.91000000","0.04400000"],["601.90000000","1.02700000"],["601.89000000","0.00000000"],["601.88000000","0.02600000"],["601.87000000","0.66400000"],["601.86000000","4.63900000"],["601.85000000","4.60300000"],["601.84000000","7.64900000"],["601.83000000","11.21500000"],["601.82000000","0.00000000"],["601.80000000","36.06700000"],["601.76000000","4.97900000"],["601.75000000","2.33300000"],["601.74000000","12.14600000"],["601.73000000","8.97400000"],["601.71000000","6.89400000"],["601.70000000","12.53800000"],["601.68000000","14.90000000"],["601.67000000","15.50300000"],["601.66000000","34.00500000"],["601.65000000","3.55900000"],["601.64000000","7.36400000"],["601.62000000","10.83700000"],["601.61000000","0.44800000"],["601.60000000","3.45200000"],["601.59000000","19.50400000"],["601.58000000","2.40000000"],["601.57000000","4.24900000"],["601.55000000","4.85600000"],["601.54000000","10.92700000"],["601.53000000","14.36400000"],["601.52000000","6.46700000"],["601.48000000","8.26500000"],["601.47000000","24.03000000"],["601.38000000","26.12300000"],["601.37000000","5.24400000"],["601.35000000","25.88200000"],["601.32000000","36.37300000"],["601.30000000","6.84900000"],["601.29000000","14.47600000"],["601.28000000","3.33300000"],["601.27000000","0.02600000"],["601.21000000","4.17100000"],["601.20000000","13.87000000"],["601.14000000","14.50100000"],["601.11000000","16.55000000"],["601.10000000","24.43700000"],["601.05000000","10.26300000"],["601.02000000","23.91500000"],["600.99000000","12.15900000"],["600.97000000","8.37400000"],["600.93000000","15.83800000"],["600.92000000","14.35200000"],["600.87000000","5.22700000"],["600.81000000","13.50300000"],["600.75000000","28.00900000"],["600.72000000","79.26400000"],["600.16000000","0.65600000"],["600.08000000","17.33200000"],["600.05000000","0.01700000"],["600.02000000","0.07400000"],["599.99000000","0.02500000"],["599.90000000","0.89500000"],["599.86000000","27.17500000"],["599.82000000","0.00000000"],["598.76000000","0.11400000"],["592.72000000","0.21500000"],["592.70000000","0.06100000"],["590.84000000","0.02400000"]],"s":"BNBUSDT","e":"depthUpdate","E":1745777456106,"U":13738693636,"u":13738693846}
Received message: {"p":"94120.00000000","a":3551019444,"q":"0.00010000","s":"BTCUSDT","T":1745777456482,"e":"aggTrade","E":1745777456482,"f":4855243117,"l":4855243117,"m":false,"M":true}
Received message: {"p":"94120.00000000","a":3551019444,"q":"0.00010000","s":"BTCUSDT","T":1745777456482,"e":"aggTrade","E":1745777456482,"f":4855243117,"l":4855243117,"m":false,"M":true}
Received message: {"p":"601.96000000","q":"0.00900000","s":"BNBUSDT","t":1041896882,"T":1745777456566,"e":"trade","E":1745777456566,"m":false,"M":true}
Received trade message: {"p":"601.96000000","q":"0.00900000","s":"BNBUSDT","t":1041896882,"T":1745777456566,"e":"trade","E":1745777456566,"m":false,"M":true}
Received message: {"p":"601.95000000","q":"0.00200000","s":"BNBUSDT","t":1041896883,"T":1745777456649,"e":"trade","E":1745777456650,"m":true,"M":true}
Received trade message: {"p":"601.95000000","q":"0.00200000","s":"BNBUSDT","t":1041896883,"T":1745777456649,"e":"trade","E":1745777456650,"m":true,"M":true}
Received message: {"p":"601.95000000","q":"0.00900000","s":"BNBUSDT","t":1041896884,"T":1745777456649,"e":"trade","E":1745777456650,"m":true,"M":true}
Received trade message: {"p":"601.95000000","q":"0.00900000","s":"BNBUSDT","t":1041896884,"T":1745777456649,"e":"trade","E":1745777456650,"m":true,"M":true}
Received message: {"p":"601.95000000","q":"0.01100000","s":"BNBUSDT","t":1041896885,"T":1745777456650,"e":"trade","E":1745777456650,"m":true,"M":true}
Received trade message: {"p":"601.95000000","q":"0.01100000","s":"BNBUSDT","t":1041896885,"T":1745777456650,"e":"trade","E":1745777456650,"m":true,"M":true}
Received message: {"p":"94119.99000000","a":3551019445,"q":"0.01064000","s":"BTCUSDT","T":1745777456690,"e":"aggTrade","E":1745777456690,"f":4855243118,"l":4855243125,"m":true,"M":true}
Received message: {"p":"94119.99000000","a":3551019445,"q":"0.01064000","s":"BTCUSDT","T":1745777456690,"e":"aggTrade","E":1745777456690,"f":4855243118,"l":4855243125,"m":true,"M":true}
Received message: {"p":"94119.99000000","a":3551019446,"q":"0.00493000","s":"BTCUSDT","T":1745777456691,"e":"aggTrade","E":1745777456692,"f":4855243126,"l":4855243153,"m":true,"M":true}
Received message: {"p":"94119.99000000","a":3551019446,"q":"0.00493000","s":"BTCUSDT","T":1745777456691,"e":"aggTrade","E":1745777456692,"f":4855243126,"l":4855243153,"m":true,"M":true}
Received message: {"a":[["94119.99000000","11.24425000"],["94120.00000000","3.43970000"],["94120.49000000","0.01743000"],["94121.20000000","0.44907000"],["94121.22000000","0.00000000"],["94121.83000000","0.00000000"],["94121.92000000","0.00024000"],["94121.93000000","0.42762000"],["94121.95000000","0.00000000"],["94122.22000000","0.02656000"],["94122.72000000","0.05312000"],["94123.30000000","0.00000000"],["94123.32000000","0.15936000"],["94123.33000000","0.00000000"],["94124.70000000","0.00045000"],["94124.71000000","0.00530000"],["94125.25000000","0.01587000"],["94129.11000000","0.00000000"],["94129.12000000","0.00000000"],["94130.65000000","1.00000000"],["94131.17000000","0.00000000"],["94132.01000000","0.89476000"],["94132.02000000","0.00000000"],["94132.22000000","0.00000000"],["94133.07000000","0.00065000"],["94133.27000000","0.00000000"],["94133.28000000","0.00000000"],["94133.64000000","0.00000000"],["94133.74000000","0.00000000"],["94135.24000000","0.00000000"],["94136.86000000","0.00013000"],["94136.87000000","0.16614000"],["94136.94000000","0.00000000"],["94138.23000000","0.00000000"],["94138.24000000","0.00000000"],["94140.53000000","0.00000000"],["94141.31000000","2.00000000"],["94141.55000000","1.32835000"],["94142.35000000","0.00000000"],["94144.45000000","0.00000000"],["94147.28000000","0.00000000"],["94147.48000000","0.00000000"],["94147.54000000","0.05000000"],["94148.23000000","0.31886000"],["94149.12000000","0.04800000"],["94150.48000000","0.00000000"],["94151.68000000","0.00400000"],["94165.83000000","0.00000000"],["94194.35000000","0.09600000"],["94199.35000000","0.00000000"],["94215.34000000","0.00000000"],["94265.34000000","0.00035000"],["94590.60000000","0.00000000"],["95531.80000000","0.00018000"]],"b":[["94119.99000000","0.00000000"],["94119.98000000","0.06932000"],["94119.97000000","0.00699000"],["94119.32000000","0.00006000"],["94116.17000000","0.00007000"],["94115.29000000","0.00000000"],["94114.91000000","0.00000000"],["94114.79000000","0.00010000"],["94114.48000000","0.00000000"],["94114.47000000","0.00000000"],["94114.04000000","0.00020000"],["94114.03000000","0.12963000"],["94113.98000000","0.00000000"],["94112.39000000","0.00000000"],["94112.38000000","0.00000000"],["94112.32000000","0.00000000"],["94112.09000000","0.00000000"],["94112.08000000","0.01361000"],["94111.51000000","0.00012000"],["94111.50000000","0.04256000"],["94111.21000000","0.00000000"],["94111.20000000","0.00000000"],["94110.70000000","0.00025000"],["94110.69000000","0.06006000"],["94108.71000000","0.00000000"],["94108.70000000","0.00009000"],["94108.53000000","0.00000000"],["94108.20000000","0.00091000"],["94108.01000000","0.00000000"],["94108.00000000","0.04256000"],["94106.32000000","0.00000000"],["94106.31000000","0.00000000"],["94106.30000000","0.00006000"],["94106.29000000","0.45154000"],["94105.92000000","0.00000000"],["94105.91000000","0.03195000"],["94105.78000000","0.10491000"],["94104.80000000","0.04250000"],["94095.23000000","0.59584000"],["94093.29000000","0.00000000"],["94091.73000000","1.00000000"],["94090.16000000","0.00000000"],["94089.29000000","0.00000000"],["94089.19000000","0.00000000"],["94087.69000000","0.00000000"],["94086.59000000","0.00000000"],["94078.77000000","0.30592000"],["94069.57000000","0.87802000"],["94066.59000000","0.00000000"],["94063.48000000","2.00000000"],["94060.34000000","0.00000000"],["94058.59000000","0.00000000"],["94058.51000000","0.05597000"],["94058.39000000","0.00000000"],["94055.39000000","0.00000000"],["94053.19000000","0.00000000"],["94051.57000000","0.82612000"],["94048.52000000","0.63730000"],["94038.07000000","0.00000000"],["92708.18000000","0.00100000"],["86567.62000000","0.00000000"],["84707.00000000","0.00000000"],["75296.00000000","0.00650000"],["75295.99000000","0.00052000"],["42000.00000000","3.70683000"],["33000.00000000","2.70601000"]],"s":"BTCUSDT","e":"depthUpdate","E":1745777457014,"U":67663556319,"u":67663556730}
Received message: {"a":[["94119.99000000","11.24425000"],["94120.00000000","3.43970000"],["94120.49000000","0.01743000"],["94121.20000000","0.44907000"],["94121.22000000","0.00000000"],["94121.83000000","0.00000000"],["94121.92000000","0.00024000"],["94121.93000000","0.42762000"],["94121.95000000","0.00000000"],["94122.22000000","0.02656000"],["94122.72000000","0.05312000"],["94123.30000000","0.00000000"],["94123.32000000","0.15936000"],["94123.33000000","0.00000000"],["94124.70000000","0.00045000"],["94124.71000000","0.00530000"],["94125.25000000","0.01587000"],["94129.11000000","0.00000000"],["94129.12000000","0.00000000"],["94130.65000000","1.00000000"],["94131.17000000","0.00000000"],["94132.01000000","0.89476000"],["94132.02000000","0.00000000"],["94132.22000000","0.00000000"],["94133.07000000","0.00065000"],["94133.27000000","0.00000000"],["94133.28000000","0.00000000"],["94133.64000000","0.00000000"],["94133.74000000","0.00000000"],["94135.24000000","0.00000000"],["94136.86000000","0.00013000"],["94136.87000000","0.16614000"],["94136.94000000","0.00000000"],["94138.23000000","0.00000000"],["94138.24000000","0.00000000"],["94140.53000000","0.00000000"],["94141.31000000","2.00000000"],["94141.55000000","1.32835000"],["94142.35000000","0.00000000"],["94144.45000000","0.00000000"],["94147.28000000","0.00000000"],["94147.48000000","0.00000000"],["94147.54000000","0.05000000"],["94148.23000000","0.31886000"],["94149.12000000","0.04800000"],["94150.48000000","0.00000000"],["94151.68000000","0.00400000"],["94165.83000000","0.00000000"],["94194.35000000","0.09600000"],["94199.35000000","0.00000000"],["94215.34000000","0.00000000"],["94265.34000000","0.00035000"],["94590.60000000","0.00000000"],["95531.80000000","0.00018000"]],"b":[["94119.99000000","0.00000000"],["94119.98000000","0.06932000"],["94119.97000000","0.00699000"],["94119.32000000","0.00006000"],["94116.17000000","0.00007000"],["94115.29000000","0.00000000"],["94114.91000000","0.00000000"],["94114.79000000","0.00010000"],["94114.48000000","0.00000000"],["94114.47000000","0.00000000"],["94114.04000000","0.00020000"],["94114.03000000","0.12963000"],["94113.98000000","0.00000000"],["94112.39000000","0.00000000"],["94112.38000000","0.00000000"],["94112.32000000","0.00000000"],["94112.09000000","0.00000000"],["94112.08000000","0.01361000"],["94111.51000000","0.00012000"],["94111.50000000","0.04256000"],["94111.21000000","0.00000000"],["94111.20000000","0.00000000"],["94110.70000000","0.00025000"],["94110.69000000","0.06006000"],["94108.71000000","0.00000000"],["94108.70000000","0.00009000"],["94108.53000000","0.00000000"],["94108.20000000","0.00091000"],["94108.01000000","0.00000000"],["94108.00000000","0.04256000"],["94106.32000000","0.00000000"],["94106.31000000","0.00000000"],["94106.30000000","0.00006000"],["94106.29000000","0.45154000"],["94105.92000000","0.00000000"],["94105.91000000","0.03195000"],["94105.78000000","0.10491000"],["94104.80000000","0.04250000"],["94095.23000000","0.59584000"],["94093.29000000","0.00000000"],["94091.73000000","1.00000000"],["94090.16000000","0.00000000"],["94089.29000000","0.00000000"],["94089.19000000","0.00000000"],["94087.69000000","0.00000000"],["94086.59000000","0.00000000"],["94078.77000000","0.30592000"],["94069.57000000","0.87802000"],["94066.59000000","0.00000000"],["94063.48000000","2.00000000"],["94060.34000000","0.00000000"],["94058.59000000","0.00000000"],["94058.51000000","0.05597000"],["94058.39000000","0.00000000"],["94055.39000000","0.00000000"],["94053.19000000","0.00000000"],["94051.57000000","0.82612000"],["94048.52000000","0.63730000"],["94038.07000000","0.00000000"],["92708.18000000","0.00100000"],["86567.62000000","0.00000000"],["84707.00000000","0.00000000"],["75296.00000000","0.00650000"],["75295.99000000","0.00052000"],["42000.00000000","3.70683000"],["33000.00000000","2.70601000"]],"s":"BTCUSDT","e":"depthUpdate","E":1745777457014,"U":67663556319,"u":67663556730}
Received message: {"a":[["601.96000000","62.10800000"],["601.97000000","0.03600000"],["601.98000000","3.10000000"],["601.99000000","20.30800000"],["602.00000000","23.11500000"],["602.01000000","33.03700000"],["602.03000000","10.86300000"],["602.07000000","17.14100000"],["602.15000000","5.08600000"],["602.16000000","7.30000000"],["602.17000000","16.27100000"],["602.21000000","8.81400000"],["602.33000000","8.30300000"],["602.40000000","17.67200000"],["602.54000000","1.74300000"],["605.71000000","7.28600000"],["605.76000000","0.05300000"]],"b":[["601.95000000","0.23400000"],["601.92000000","0.04600000"],["601.81000000","10.02700000"],["601.73000000","8.13600000"],["601.52000000","11.46700000"],["601.45000000","0.00900000"],["601.43000000","15.87700000"],["601.42000000","3.85600000"],["601.30000000","6.79000000"],["598.84000000","0.02200000"],["598.80000000","4.39900000"],["590.78000000","6.39500000"]],"s":"BNBUSDT","e":"depthUpdate","E":1745777457106,"U":13738693847,"u":13738693911}
Received order book message: {"a":[["601.96000000","62.10800000"],["601.97000000","0.03600000"],["601.98000000","3.10000000"],["601.99000000","20.30800000"],["602.00000000","23.11500000"],["602.01000000","33.03700000"],["602.03000000","10.86300000"],["602.07000000","17.14100000"],["602.15000000","5.08600000"],["602.16000000","7.30000000"],["602.17000000","16.27100000"],["602.21000000","8.81400000"],["602.33000000","8.30300000"],["602.40000000","17.67200000"],["602.54000000","1.74300000"],["605.71000000","7.28600000"],["605.76000000","0.05300000"]],"b":[["601.95000000","0.23400000"],["601.92000000","0.04600000"],["601.81000000","10.02700000"],["601.73000000","8.13600000"],["601.52000000","11.46700000"],["601.45000000","0.00900000"],["601.43000000","15.87700000"],["601.42000000","3.85600000"],["601.30000000","6.79000000"],["598.84000000","0.02200000"],["598.80000000","4.39900000"],["590.78000000","6.39500000"]],"s":"BNBUSDT","e":"depthUpdate","E":1745777457106,"U":13738693847,"u":13738693911}
Received message: {"p":"94119.99000000","a":3551019447,"q":"0.00011000","s":"BTCUSDT","T":1745777457259,"e":"aggTrade","E":1745777457259,"f":4855243154,"l":4855243154,"m":false,"M":true}
Received message: {"p":"94119.99000000","a":3551019447,"q":"0.00011000","s":"BTCUSDT","T":1745777457259,"e":"aggTrade","E":1745777457259,"f":4855243154,"l":4855243154,"m":false,"M":true}
Received message: {"p":"601.96000000","q":"0.10000000","s":"BNBUSDT","t":1041896886,"T":1745777457328,"e":"trade","E":1745777457329,"m":false,"M":true}
Received trade message: {"p":"601.96000000","q":"0.10000000","s":"BNBUSDT","t":1041896886,"T":1745777457328,"e":"trade","E":1745777457329,"m":false,"M":true}
Received message: {"p":"94119.98000000","a":3551019448,"q":"0.00011000","s":"BTCUSDT","T":1745777457447,"e":"aggTrade","E":1745777457447,"f":4855243155,"l":4855243156,"m":true,"M":true}
Received message: {"p":"94119.98000000","a":3551019448,"q":"0.00011000","s":"BTCUSDT","T":1745777457447,"e":"aggTrade","E":1745777457447,"f":4855243155,"l":4855243156,"m":true,"M":true}
Received message: {"p":"94119.98000000","a":3551019449,"q":"0.00224000","s":"BTCUSDT","T":1745777457648,"e":"aggTrade","E":1745777457648,"f":4855243157,"l":4855243195,"m":true,"M":true}
Received message: {"p":"94119.98000000","a":3551019449,"q":"0.00224000","s":"BTCUSDT","T":1745777457648,"e":"aggTrade","E":1745777457648,"f":4855243157,"l":4855243195,"m":true,"M":true}
Received message: {"a":[["94119.99000000","11.22992000"],["94120.00000000","3.83768000"],["94121.80000000","0.00007000"],["94129.11000000","1.00000000"],["94130.55000000","0.00000000"],["94130.65000000","0.00000000"],["94131.07000000","0.00000000"],["94134.51000000","0.00052000"],["94138.23000000","2.00000000"],["94141.11000000","0.00000000"],["94141.30000000","1.07393000"],["94141.31000000","0.00000000"],["94141.55000000","0.00000000"],["94142.15000000","0.00000000"],["94146.26000000","2.86619000"],["94147.57000000","1.79106000"],["94148.13000000","0.00000000"],["94156.00000000","0.08235000"],["95531.79000000","0.00100000"]],"b":[["94119.98000000","0.06739000"],["94119.97000000","0.00723000"],["94116.17000000","0.00000000"],["94114.92000000","0.00000000"],["94114.03000000","0.12963000"],["94112.15000000","0.02281000"],["94111.51000000","0.00000000"],["94111.50000000","0.04262000"],["94110.70000000","0.00013000"],["94108.00000000","0.04256000"],["94106.82000000","0.00025000"],["94106.81000000","0.70127000"],["94106.31000000","0.00000000"],["94106.30000000","0.00000000"],["94106.29000000","0.45148000"],["94106.05000000","0.01587000"],["94105.91000000","0.03189000"],["94104.13000000","0.00000000"],["94104.11000000","0.00000000"],["94099.99000000","0.00000000"],["94095.23000000","0.59573000"],["94080.85000000","1.75385000"],["94077.39000000","0.00000000"],["94074.50000000","0.18237000"],["94064.96000000","1.29485000"],["94040.23000000","0.05316000"],["94021.42000000","0.00000000"],["93978.43000000","1.75848000"],["93975.34000000","0.90783000"],["93975.33000000","0.00000000"],["92708.18000000","0.00000000"],["84707.00000000","0.00000000"],["75295.99000000","0.00052000"],["33000.00000000","2.70601000"]],"s":"BTCUSDT","e":"depthUpdate","E":1745777458014,"U":67663556731,"u":67663556854}
Received message: {"a":[["94119.99000000","11.22992000"],["94120.00000000","3.83768000"],["94121.80000000","0.00007000"],["94129.11000000","1.00000000"],["94130.55000000","0.00000000"],["94130.65000000","0.00000000"],["94131.07000000","0.00000000"],["94134.51000000","0.00052000"],["94138.23000000","2.00000000"],["94141.11000000","0.00000000"],["94141.30000000","1.07393000"],["94141.31000000","0.00000000"],["94141.55000000","0.00000000"],["94142.15000000","0.00000000"],["94146.26000000","2.86619000"],["94147.57000000","1.79106000"],["94148.13000000","0.00000000"],["94156.00000000","0.08235000"],["95531.79000000","0.00100000"]],"b":[["94119.98000000","0.06739000"],["94119.97000000","0.00723000"],["94116.17000000","0.00000000"],["94114.92000000","0.00000000"],["94114.03000000","0.12963000"],["94112.15000000","0.02281000"],["94111.51000000","0.00000000"],["94111.50000000","0.04262000"],["94110.70000000","0.00013000"],["94108.00000000","0.04256000"],["94106.82000000","0.00025000"],["94106.81000000","0.70127000"],["94106.31000000","0.00000000"],["94106.30000000","0.00000000"],["94106.29000000","0.45148000"],["94106.05000000","0.01587000"],["94105.91000000","0.03189000"],["94104.13000000","0.00000000"],["94104.11000000","0.00000000"],["94099.99000000","0.00000000"],["94095.23000000","0.59573000"],["94080.85000000","1.75385000"],["94077.39000000","0.00000000"],["94074.50000000","0.18237000"],["94064.96000000","1.29485000"],["94040.23000000","0.05316000"],["94021.42000000","0.00000000"],["93978.43000000","1.75848000"],["93975.34000000","0.90783000"],["93975.33000000","0.00000000"],["92708.18000000","0.00000000"],["84707.00000000","0.00000000"],["75295.99000000","0.00052000"],["33000.00000000","2.70601000"]],"s":"BTCUSDT","e":"depthUpdate","E":1745777458014,"U":67663556731,"u":67663556854}
Received message: {"a":[["601.96000000","62.16100000"],["601.98000000","3.76500000"],["601.99000000","20.30800000"],["602.02000000","27.09400000"],["602.12000000","17.50900000"],["602.21000000","2.25000000"],["602.22000000","39.05900000"],["602.25000000","31.81900000"],["602.26000000","6.31800000"]],"b":[["601.95000000","0.06300000"],["601.86000000","3.80900000"],["601.79000000","0.00000000"],["601.77000000","8.50200000"],["601.75000000","1.50300000"],["601.74000000","12.15500000"],["601.72000000","0.43200000"],["601.50000000","16.20400000"],["601.49000000","9.49900000"],["601.47000000","24.03000000"],["601.42000000","2.20700000"],["600.76000000","1.06500000"],["599.90000000","0.00000000"],["599.87000000","9.99100000"],["592.72000000","0.27000000"],["592.70000000","0.11600000"]],"s":"BNBUSDT","e":"depthUpdate","E":1745777458106,"U":13738693912,"u":13738693942}
Received order book message: {"a":[["601.96000000","62.16100000"],["601.98000000","3.76500000"],["601.99000000","20.30800000"],["602.02000000","27.09400000"],["602.12000000","17.50900000"],["602.21000000","2.25000000"],["602.22000000","39.05900000"],["602.25000000","31.81900000"],["602.26000000","6.31800000"]],"b":[["601.95000000","0.06300000"],["601.86000000","3.80900000"],["601.79000000","0.00000000"],["601.77000000","8.50200000"],["601.75000000","1.50300000"],["601.74000000","12.15500000"],["601.72000000","0.43200000"],["601.50000000","16.20400000"],["601.49000000","9.49900000"],["601.47000000","24.03000000"],["601.42000000","2.20700000"],["600.76000000","1.06500000"],["599.90000000","0.00000000"],["599.87000000","9.99100000"],["592.72000000","0.27000000"],["592.70000000","0.11600000"]],"s":"BNBUSDT","e":"depthUpdate","E":1745777458106,"U":13738693912,"u":13738693942}
Received message: {"p":"94119.98000000","a":3551019450,"q":"0.00774000","s":"BTCUSDT","T":1745777458571,"e":"aggTrade","E":1745777458571,"f":4855243196,"l":4855243216,"m":true,"M":true}
Received message: {"p":"94119.98000000","a":3551019450,"q":"0.00774000","s":"BTCUSDT","T":1745777458571,"e":"aggTrade","E":1745777458571,"f":4855243196,"l":4855243216,"m":true,"M":true}
Received message: {"a":[["94119.99000000","11.23617000"],["94120.00000000","4.00928000"],["94125.25000000","0.00000000"],["94127.14000000","0.01587000"],["94129.11000000","1.00000000"],["94130.55000000","0.00000000"],["94132.87000000","0.00000000"],["94138.23000000","2.00000000"],["94141.11000000","0.00000000"],["94141.86000000","0.01661000"],["94153.03000000","0.30659000"],["94155.89000000","0.63315000"],["94156.00000000","0.00235000"],["94197.34000000","0.00000000"],["94202.64000000","0.10457000"],["94388.28000000","0.29120000"],["94425.92000000","0.29120000"],["94491.79000000","0.29120000"],["94501.20000000","0.29120000"],["94510.61000000","0.29120000"],["95531.79000000","0.00000000"]],"b":[["94119.98000000","0.06049000"],["94119.97000000","0.00735000"],["94116.00000000","0.00007000"],["94115.43000000","0.00012000"],["94115.42000000","0.01361000"],["94115.09000000","0.00021000"],["94115.08000000","0.08483000"],["94114.04000000","0.00000000"],["94114.03000000","0.00000000"],["94112.16000000","0.00000000"],["94112.15000000","0.02275000"],["94111.51000000","0.00012000"],["94111.50000000","0.04256000"],["94110.70000000","0.00019000"],["94109.59000000","0.00090000"],["94108.34000000","0.00000000"],["94108.00000000","0.04256000"],["94106.82000000","0.00019000"],["94106.81000000","0.70121000"],["94095.23000000","0.59017000"],["94093.19000000","1.00000000"],["94091.73000000","0.00000000"],["94091.63000000","0.00000000"],["94086.41000000","0.00801000"],["94084.65000000","0.49508000"],["94083.19000000","0.29120000"],["94073.78000000","0.29120000"],["94069.57000000","0.87802000"],["94066.40000000","2.00000000"],["94064.96000000","0.80428000"],["94063.48000000","0.00000000"],["94063.28000000","0.00000000"],["93931.12000000","0.01661000"],["93868.22000000","0.00000000"],["93855.84000000","0.00553000"],["92708.18000000","0.00100000"],["84707.00000000","0.00000000"],["75295.99000000","0.00052000"],["42000.00000000","3.70583000"],["33883.19000000","0.00018000"],["33000.00000000","2.70601000"],["20002.00000000","0.00000000"],["20001.00000000","0.03474000"]],"s":"BTCUSDT","e":"depthUpdate","E":1745777459014,"U":67663556855,"u":67663556987}
Received message: {"a":[["94119.99000000","11.23617000"],["94120.00000000","4.00928000"],["94125.25000000","0.00000000"],["94127.14000000","0.01587000"],["94129.11000000","1.00000000"],["94130.55000000","0.00000000"],["94132.87000000","0.00000000"],["94138.23000000","2.00000000"],["94141.11000000","0.00000000"],["94141.86000000","0.01661000"],["94153.03000000","0.30659000"],["94155.89000000","0.63315000"],["94156.00000000","0.00235000"],["94197.34000000","0.00000000"],["94202.64000000","0.10457000"],["94388.28000000","0.29120000"],["94425.92000000","0.29120000"],["94491.79000000","0.29120000"],["94501.20000000","0.29120000"],["94510.61000000","0.29120000"],["95531.79000000","0.00000000"]],"b":[["94119.98000000","0.06049000"],["94119.97000000","0.00735000"],["94116.00000000","0.00007000"],["94115.43000000","0.00012000"],["94115.42000000","0.01361000"],["94115.09000000","0.00021000"],["94115.08000000","0.08483000"],["94114.04000000","0.00000000"],["94114.03000000","0.00000000"],["94112.16000000","0.00000000"],["94112.15000000","0.02275000"],["94111.51000000","0.00012000"],["94111.50000000","0.04256000"],["94110.70000000","0.00019000"],["94109.59000000","0.00090000"],["94108.34000000","0.00000000"],["94108.00000000","0.04256000"],["94106.82000000","0.00019000"],["94106.81000000","0.70121000"],["94095.23000000","0.59017000"],["94093.19000000","1.00000000"],["94091.73000000","0.00000000"],["94091.63000000","0.00000000"],["94086.41000000","0.00801000"],["94084.65000000","0.49508000"],["94083.19000000","0.29120000"],["94073.78000000","0.29120000"],["94069.57000000","0.87802000"],["94066.40000000","2.00000000"],["94064.96000000","0.80428000"],["94063.48000000","0.00000000"],["94063.28000000","0.00000000"],["93931.12000000","0.01661000"],["93868.22000000","0.00000000"],["93855.84000000","0.00553000"],["92708.18000000","0.00100000"],["84707.00000000","0.00000000"],["75295.99000000","0.00052000"],["42000.00000000","3.70583000"],["33883.19000000","0.00018000"],["33000.00000000","2.70601000"],["20002.00000000","0.00000000"],["20001.00000000","0.03474000"]],"s":"BTCUSDT","e":"depthUpdate","E":1745777459014,"U":67663556855,"u":67663556987}
Received message: {"a":[["602.13000000","23.34200000"],["602.16000000","21.90300000"],["602.19000000","33.67700000"],["602.20000000","7.39000000"],["602.22000000","46.36100000"],["602.26000000","0.00900000"],["602.28000000","7.31900000"],["602.34000000","7.37800000"],["602.37000000","7.42200000"],["602.40000000","24.97400000"],["602.43000000","15.41900000"],["602.46000000","18.00100000"],["602.52000000","11.00200000"],["602.58000000","14.03800000"],["602.64000000","24.05600000"],["602.70000000","12.07500000"],["602.73000000","7.16100000"],["602.76000000","17.84600000"],["602.86000000","0.22500000"],["602.87000000","1.93200000"],["603.30000000","0.45600000"],["603.36000000","3.33100000"],["603.45000000","7.38200000"],["604.20000000","8.24700000"],["605.64000000","7.09900000"],["605.71000000","0.34900000"]],"b":[["601.84000000","9.31000000"],["601.81000000","8.36600000"],["601.49000000","9.43100000"],["601.43000000","15.94500000"],["601.35000000","25.78400000"],["601.07000000","20.52100000"],["600.92000000","8.17600000"],["600.16000000","7.95800000"],["600.10000000","11.15000000"],["600.04000000","7.36300000"],["599.98000000","7.31100000"],["599.92000000","10.65800000"],["599.90000000","0.89500000"],["599.87000000","9.09600000"],["599.86000000","34.47700000"],["599.80000000","18.13700000"],["599.74000000","7.31100000"],["599.68000000","5.62900000"],["598.80000000","0.23100000"],["598.73000000","4.20400000"]],"s":"BNBUSDT","e":"depthUpdate","E":1745777459106,"U":13738693943,"u":13738693988}
Received order book message: {"a":[["602.13000000","23.34200000"],["602.16000000","21.90300000"],["602.19000000","33.67700000"],["602.20000000","7.39000000"],["602.22000000","46.36100000"],["602.26000000","0.00900000"],["602.28000000","7.31900000"],["602.34000000","7.37800000"],["602.37000000","7.42200000"],["602.40000000","24.97400000"],["602.43000000","15.41900000"],["602.46000000","18.00100000"],["602.52000000","11.00200000"],["602.58000000","14.03800000"],["602.64000000","24.05600000"],["602.70000000","12.07500000"],["602.73000000","7.16100000"],["602.76000000","17.84600000"],["602.86000000","0.22500000"],["602.87000000","1.93200000"],["603.30000000","0.45600000"],["603.36000000","3.33100000"],["603.45000000","7.38200000"],["604.20000000","8.24700000"],["605.64000000","7.09900000"],["605.71000000","0.34900000"]],"b":[["601.84000000","9.31000000"],["601.81000000","8.36600000"],["601.49000000","9.43100000"],["601.43000000","15.94500000"],["601.35000000","25.78400000"],["601.07000000","20.52100000"],["600.92000000","8.17600000"],["600.16000000","7.95800000"],["600.10000000","11.15000000"],["600.04000000","7.36300000"],["599.98000000","7.31100000"],["599.92000000","10.65800000"],["599.90000000","0.89500000"],["599.87000000","9.09600000"],["599.86000000","34.47700000"],["599.80000000","18.13700000"],["599.74000000","7.31100000"],["599.68000000","5.62900000"],["598.80000000","0.23100000"],["598.73000000","4.20400000"]],"s":"BNBUSDT","e":"depthUpdate","E":1745777459106,"U":13738693943,"u":13738693988}
Received message: {"p":"94119.98000000","a":3551019451,"q":"0.00161000","s":"BTCUSDT","T":1745777459582,"e":"aggTrade","E":1745777459582,"f":4855243217,"l":4855243218,"m":true,"M":true}
Received message: {"p":"94119.98000000","a":3551019451,"q":"0.00161000","s":"BTCUSDT","T":1745777459582,"e":"aggTrade","E":1745777459582,"f":4855243217,"l":4855243218,"m":true,"M":true}
Received message: {"p":"601.96000000","q":"0.01600000","s":"BNBUSDT","t":1041896887,"T":1745777459644,"e":"trade","E":1745777459644,"m":false,"M":true}
Received trade message: {"p":"601.96000000","q":"0.01600000","s":"BNBUSDT","t":1041896887,"T":1745777459644,"e":"trade","E":1745777459644,"m":false,"M":true}
Received message: {"p":"94119.98000000","a":3551019452,"q":"0.00021000","s":"BTCUSDT","T":1745777459703,"e":"aggTrade","E":1745777459704,"f":4855243219,"l":4855243219,"m":true,"M":true}
Received message: {"p":"94119.98000000","a":3551019452,"q":"0.00021000","s":"BTCUSDT","T":1745777459703,"e":"aggTrade","E":1745777459704,"f":4855243219,"l":4855243219,"m":true,"M":true}
Received message: {"p":"601.95000000","q":"0.00900000","s":"BNBUSDT","t":1041896888,"T":1745777459796,"e":"trade","E":1745777459796,"m":true,"M":true}
Received trade message: {"p":"601.95000000","q":"0.00900000","s":"BNBUSDT","t":1041896888,"T":1745777459796,"e":"trade","E":1745777459796,"m":true,"M":true}
Received message: {"p":"601.95000000","q":"0.00900000","s":"BNBUSDT","t":1041896889,"T":1745777459796,"e":"trade","E":1745777459796,"m":true,"M":true}
Received trade message: {"p":"601.95000000","q":"0.00900000","s":"BNBUSDT","t":1041896889,"T":1745777459796,"e":"trade","E":1745777459796,"m":true,"M":true}
Received message: {"p":"601.95000000","q":"0.00900000","s":"BNBUSDT","t":1041896890,"T":1745777459796,"e":"trade","E":1745777459796,"m":true,"M":true}
Received trade message: {"p":"601.95000000","q":"0.00900000","s":"BNBUSDT","t":1041896890,"T":1745777459796,"e":"trade","E":1745777459796,"m":true,"M":true}
Received message: {"p":"601.95000000","q":"0.00900000","s":"BNBUSDT","t":1041896891,"T":1745777459796,"e":"trade","E":1745777459796,"m":true,"M":true}
Received trade message: {"p":"601.95000000","q":"0.00900000","s":"BNBUSDT","t":1041896891,"T":1745777459796,"e":"trade","E":1745777459796,"m":true,"M":true}
Received message: {"p":"601.95000000","q":"0.00900000","s":"BNBUSDT","t":1041896892,"T":1745777459796,"e":"trade","E":1745777459796,"m":true,"M":true}
Received trade message: {"p":"601.95000000","q":"0.00900000","s":"BNBUSDT","t":1041896892,"T":1745777459796,"e":"trade","E":1745777459796,"m":true,"M":true}
Received message: {"p":"601.95000000","q":"0.00900000","s":"BNBUSDT","t":1041896893,"T":1745777459796,"e":"trade","E":1745777459796,"m":true,"M":true}
Received trade message: {"p":"601.95000000","q":"0.00900000","s":"BNBUSDT","t":1041896893,"T":1745777459796,"e":"trade","E":1745777459796,"m":true,"M":true}
Received message: {"p":"601.95000000","q":"0.00400000","s":"BNBUSDT","t":1041896894,"T":1745777459796,"e":"trade","E":1745777459796,"m":true,"M":true}
Received trade message: {"p":"601.95000000","q":"0.00400000","s":"BNBUSDT","t":1041896894,"T":1745777459796,"e":"trade","E":1745777459796,"m":true,"M":true}
Received message: {"p":"94119.98000000","a":3551019453,"q":"0.00031000","s":"BTCUSDT","T":1745777459968,"e":"aggTrade","E":1745777459969,"f":4855243220,"l":4855243221,"m":true,"M":true}
Received message: {"p":"94119.98000000","a":3551019453,"q":"0.00031000","s":"BTCUSDT","T":1745777459968,"e":"aggTrade","E":1745777459969,"f":4855243220,"l":4855243221,"m":true,"M":true}
Received message: {"a":[["94119.99000000","11.25626000"],["94129.11000000","1.00000000"],["94137.83000000","0.00000000"],["94138.23000000","2.00000000"],["94151.68000000","0.00000000"],["94155.66000000","0.00000000"],["94155.67000000","0.00000000"],["94155.89000000","0.00000000"],["94156.00000000","0.08235000"],["94157.11000000","0.00400000"],["95531.79000000","0.00100000"]],"b":[["94119.98000000","0.05997000"],["94119.97000000","0.00741000"],["94116.91000000","0.00000000"],["94116.00000000","0.00000000"],["94115.42000000","0.01361000"],["94115.31000000","0.00000000"],["94115.16000000","0.00007000"],["94115.09000000","0.00000000"],["94115.08000000","0.00006000"],["94112.16000000","0.00021000"],["94112.09000000","0.00012000"],["94112.08000000","0.01361000"],["94111.51000000","0.00000000"],["94111.50000000","0.00000000"],["94110.82000000","0.00006000"],["94110.81000000","0.14526000"],["94110.70000000","0.00013000"],["94110.69000000","0.02006000"],["94109.19000000","0.04006000"],["94108.00000000","0.04256000"],["94106.82000000","0.00013000"],["94106.81000000","0.00011000"],["94106.29000000","0.45148000"],["94105.91000000","0.00000000"],["94105.66000000","0.03189000"],["94104.00000000","0.70112000"],["94097.13000000","0.15754000"],["94093.19000000","0.00000000"],["94092.04000000","0.00000000"],["94090.47000000","0.00000000"],["94089.58000000","0.00000000"],["94086.78000000","1.00000000"],["94085.28000000","0.00000000"],["94074.84000000","0.00017000"],["94066.40000000","0.00000000"],["94064.10000000","0.00000000"],["94060.96000000","0.00000000"],["94056.42000000","0.00000000"],["94054.87000000","0.00007000"],["94053.58000000","2.00000000"],["94051.57000000","0.82612000"],["94050.58000000","0.00000000"],["94048.52000000","0.00000000"],["94043.48000000","0.63732000"],["94019.71000000","0.00047000"],["93981.12000000","1.18479000"],["92708.18000000","0.00000000"],["89400.00000000","0.61031000"],["84707.00000000","0.00000000"],["75295.99000000","0.00052000"],["60000.00000000","88.75209000"],["33815.25000000","0.00036000"],["33815.24000000","0.00036000"],["33811.60000000","0.00108000"],["33811.59000000","0.00180000"],["33810.76000000","0.00054000"],["33809.54000000","0.00036000"],["33806.03000000","0.00036000"],["33804.54000000","0.00000000"],["33000.00000000","2.70601000"]],"s":"BTCUSDT","e":"depthUpdate","E":1745777460014,"U":67663556988,"u":67663557113}
Received message: {"a":[["94119.99000000","11.25626000"],["94129.11000000","1.00000000"],["94137.83000000","0.00000000"],["94138.23000000","2.00000000"],["94151.68000000","0.00000000"],["94155.66000000","0.00000000"],["94155.67000000","0.00000000"],["94155.89000000","0.00000000"],["94156.00000000","0.08235000"],["94157.11000000","0.00400000"],["95531.79000000","0.00100000"]],"b":[["94119.98000000","0.05997000"],["94119.97000000","0.00741000"],["94116.91000000","0.00000000"],["94116.00000000","0.00000000"],["94115.42000000","0.01361000"],["94115.31000000","0.00000000"],["94115.16000000","0.00007000"],["94115.09000000","0.00000000"],["94115.08000000","0.00006000"],["94112.16000000","0.00021000"],["94112.09000000","0.00012000"],["94112.08000000","0.01361000"],["94111.51000000","0.00000000"],["94111.50000000","0.00000000"],["94110.82000000","0.00006000"],["94110.81000000","0.14526000"],["94110.70000000","0.00013000"],["94110.69000000","0.02006000"],["94109.19000000","0.04006000"],["94108.00000000","0.04256000"],["94106.82000000","0.00013000"],["94106.81000000","0.00011000"],["94106.29000000","0.45148000"],["94105.91000000","0.00000000"],["94105.66000000","0.03189000"],["94104.00000000","0.70112000"],["94097.13000000","0.15754000"],["94093.19000000","0.00000000"],["94092.04000000","0.00000000"],["94090.47000000","0.00000000"],["94089.58000000","0.00000000"],["94086.78000000","1.00000000"],["94085.28000000","0.00000000"],["94074.84000000","0.00017000"],["94066.40000000","0.00000000"],["94064.10000000","0.00000000"],["94060.96000000","0.00000000"],["94056.42000000","0.00000000"],["94054.87000000","0.00007000"],["94053.58000000","2.00000000"],["94051.57000000","0.82612000"],["94050.58000000","0.00000000"],["94048.52000000","0.00000000"],["94043.48000000","0.63732000"],["94019.71000000","0.00047000"],["93981.12000000","1.18479000"],["92708.18000000","0.00000000"],["89400.00000000","0.61031000"],["84707.00000000","0.00000000"],["75295.99000000","0.00052000"],["60000.00000000","88.75209000"],["33815.25000000","0.00036000"],["33815.24000000","0.00036000"],["33811.60000000","0.00108000"],["33811.59000000","0.00180000"],["33810.76000000","0.00054000"],["33809.54000000","0.00036000"],["33806.03000000","0.00036000"],["33804.54000000","0.00000000"],["33000.00000000","2.70601000"]],"s":"BTCUSDT","e":"depthUpdate","E":1745777460014,"U":67663556988,"u":67663557113}
Received message: {"a":[["601.96000000","59.27700000"],["601.98000000","10.41000000"],["601.99000000","13.66300000"],["602.04000000","11.38000000"],["602.10000000","26.37100000"],["602.13000000","34.17200000"],["602.16000000","89.80600000"],["602.19000000","29.28800000"],["602.20000000","1.02600000"],["602.31000000","11.48000000"],["602.32000000","3.67900000"],["602.49000000","4.94400000"]],"b":[["601.95000000","0.05900000"],["601.43000000","15.87700000"],["601.29000000","14.47600000"],["601.25000000","2.94000000"],["601.24000000","6.52400000"],["601.23000000","8.17400000"],["601.07000000","14.53400000"],["600.93000000","15.83800000"],["600.88000000","3.33300000"],["600.87000000","10.03300000"],["598.76000000","0.07000000"],["598.75000000","9.40500000"]],"s":"BNBUSDT","e":"depthUpdate","E":1745777460106,"U":13738693989,"u":13738694021}
Received order book message: {"a":[["601.96000000","59.27700000"],["601.98000000","10.41000000"],["601.99000000","13.66300000"],["602.04000000","11.38000000"],["602.10000000","26.37100000"],["602.13000000","34.17200000"],["602.16000000","89.80600000"],["602.19000000","29.28800000"],["602.20000000","1.02600000"],["602.31000000","11.48000000"],["602.32000000","3.67900000"],["602.49000000","4.94400000"]],"b":[["601.95000000","0.05900000"],["601.43000000","15.87700000"],["601.29000000","14.47600000"],["601.25000000","2.94000000"],["601.24000000","6.52400000"],["601.23000000","8.17400000"],["601.07000000","14.53400000"],["600.93000000","15.83800000"],["600.88000000","3.33300000"],["600.87000000","10.03300000"],["598.76000000","0.07000000"],["598.75000000","9.40500000"]],"s":"BNBUSDT","e":"depthUpdate","E":1745777460106,"U":13738693989,"u":13738694021}
Received message: {"p":"601.95000000","q":"0.00500000","s":"BNBUSDT","t":1041896895,"T":1745777460402,"e":"trade","E":1745777460403,"m":true,"M":true}
Received trade message: {"p":"601.95000000","q":"0.00500000","s":"BNBUSDT","t":1041896895,"T":1745777460402,"e":"trade","E":1745777460403,"m":true,"M":true}
Received message: {"p":"601.95000000","q":"0.00900000","s":"BNBUSDT","t":1041896896,"T":1745777460402,"e":"trade","E":1745777460403,"m":true,"M":true}
Received trade message: {"p":"601.95000000","q":"0.00900000","s":"BNBUSDT","t":1041896896,"T":1745777460402,"e":"trade","E":1745777460403,"m":true,"M":true}
Received message: {"p":"601.95000000","q":"0.00900000","s":"BNBUSDT","t":1041896897,"T":1745777460402,"e":"trade","E":1745777460403,"m":true,"M":true}
Received trade message: {"p":"601.95000000","q":"0.00900000","s":"BNBUSDT","t":1041896897,"T":1745777460402,"e":"trade","E":1745777460403,"m":true,"M":true}
Received message: {"p":"601.95000000","q":"0.00900000","s":"BNBUSDT","t":1041896898,"T":1745777460402,"e":"trade","E":1745777460403,"m":true,"M":true}
Received trade message: {"p":"601.95000000","q":"0.00900000","s":"BNBUSDT","t":1041896898,"T":1745777460402,"e":"trade","E":1745777460403,"m":true,"M":true}
Received message: {"p":"601.95000000","q":"0.00900000","s":"BNBUSDT","t":1041896899,"T":1745777460402,"e":"trade","E":1745777460403,"m":true,"M":true}
Received trade message: {"p":"601.95000000","q":"0.00900000","s":"BNBUSDT","t":1041896899,"T":1745777460402,"e":"trade","E":1745777460403,"m":true,"M":true}
Received message: {"p":"601.95000000","q":"0.00900000","s":"BNBUSDT","t":1041896900,"T":1745777460402,"e":"trade","E":1745777460403,"m":true,"M":true}
Received trade message: {"p":"601.95000000","q":"0.00900000","s":"BNBUSDT","t":1041896900,"T":1745777460402,"e":"trade","E":1745777460403,"m":true,"M":true}
Received message: {"p":"601.95000000","q":"0.00900000","s":"BNBUSDT","t":1041896901,"T":1745777460402,"e":"trade","E":1745777460403,"m":true,"M":true}
Received trade message: {"p":"601.95000000","q":"0.00900000","s":"BNBUSDT","t":1041896901,"T":1745777460402,"e":"trade","E":1745777460403,"m":true,"M":true}
Received message: {"p":"601.95000000","q":"0.00900000","s":"BNBUSDT","t":1041896902,"T":1745777460402,"e":"trade","E":1745777460403,"m":true,"M":true}
Received trade message: {"p":"601.95000000","q":"0.00900000","s":"BNBUSDT","t":1041896902,"T":1745777460402,"e":"trade","E":1745777460403,"m":true,"M":true}
Received message: {"p":"601.95000000","q":"0.00900000","s":"BNBUSDT","t":1041896903,"T":1745777460402,"e":"trade","E":1745777460403,"m":true,"M":true}
Received trade message: {"p":"601.95000000","q":"0.00900000","s":"BNBUSDT","t":1041896903,"T":1745777460402,"e":"trade","E":1745777460403,"m":true,"M":true}
Received message: {"p":"601.95000000","q":"0.00900000","s":"BNBUSDT","t":1041896904,"T":1745777460402,"e":"trade","E":1745777460403,"m":true,"M":true}
Received trade message: {"p":"601.95000000","q":"0.00900000","s":"BNBUSDT","t":1041896904,"T":1745777460402,"e":"trade","E":1745777460403,"m":true,"M":true}
Received message: {"p":"601.94000000","q":"0.00900000","s":"BNBUSDT","t":1041896905,"T":1745777460402,"e":"trade","E":1745777460403,"m":true,"M":true}
Received trade message: {"p":"601.94000000","q":"0.00900000","s":"BNBUSDT","t":1041896905,"T":1745777460402,"e":"trade","E":1745777460403,"m":true,"M":true}
Received message: {"p":"601.94000000","q":"0.00900000","s":"BNBUSDT","t":1041896906,"T":1745777460402,"e":"trade","E":1745777460403,"m":true,"M":true}
Received trade message: {"p":"601.94000000","q":"0.00900000","s":"BNBUSDT","t":1041896906,"T":1745777460402,"e":"trade","E":1745777460403,"m":true,"M":true}
Received message: {"p":"601.94000000","q":"0.00900000","s":"BNBUSDT","t":1041896907,"T":1745777460402,"e":"trade","E":1745777460403,"m":true,"M":true}
Received trade message: {"p":"601.94000000","q":"0.00900000","s":"BNBUSDT","t":1041896907,"T":1745777460402,"e":"trade","E":1745777460403,"m":true,"M":true}
Received message: {"p":"601.94000000","q":"0.00900000","s":"BNBUSDT","t":1041896908,"T":1745777460402,"e":"trade","E":1745777460403,"m":true,"M":true}
Received trade message: {"p":"601.94000000","q":"0.00900000","s":"BNBUSDT","t":1041896908,"T":1745777460402,"e":"trade","E":1745777460403,"m":true,"M":true}
Received message: {"p":"601.94000000","q":"0.00900000","s":"BNBUSDT","t":1041896909,"T":1745777460402,"e":"trade","E":1745777460403,"m":true,"M":true}
Received trade message: {"p":"601.94000000","q":"0.00900000","s":"BNBUSDT","t":1041896909,"T":1745777460402,"e":"trade","E":1745777460403,"m":true,"M":true}
Received message: {"p":"601.94000000","q":"0.00900000","s":"BNBUSDT","t":1041896910,"T":1745777460402,"e":"trade","E":1745777460403,"m":true,"M":true}
Received trade message: {"p":"601.94000000","q":"0.00900000","s":"BNBUSDT","t":1041896910,"T":1745777460402,"e":"trade","E":1745777460403,"m":true,"M":true}
Received message: {"p":"601.93000000","q":"0.00900000","s":"BNBUSDT","t":1041896911,"T":1745777460402,"e":"trade","E":1745777460403,"m":true,"M":true}
Received trade message: {"p":"601.93000000","q":"0.00900000","s":"BNBUSDT","t":1041896911,"T":1745777460402,"e":"trade","E":1745777460403,"m":true,"M":true}
Received message: {"p":"601.93000000","q":"0.00900000","s":"BNBUSDT","t":1041896912,"T":1745777460402,"e":"trade","E":1745777460403,"m":true,"M":true}
Received trade message: {"p":"601.93000000","q":"0.00900000","s":"BNBUSDT","t":1041896912,"T":1745777460402,"e":"trade","E":1745777460403,"m":true,"M":true}
Received message: {"p":"601.93000000","q":"0.00900000","s":"BNBUSDT","t":1041896913,"T":1745777460402,"e":"trade","E":1745777460403,"m":true,"M":true}
Received trade message: {"p":"601.93000000","q":"0.00900000","s":"BNBUSDT","t":1041896913,"T":1745777460402,"e":"trade","E":1745777460403,"m":true,"M":true}
Received message: {"p":"601.93000000","q":"0.00900000","s":"BNBUSDT","t":1041896914,"T":1745777460402,"e":"trade","E":1745777460403,"m":true,"M":true}
Received trade message: {"p":"601.93000000","q":"0.00900000","s":"BNBUSDT","t":1041896914,"T":1745777460402,"e":"trade","E":1745777460403,"m":true,"M":true}
Received message: {"p":"601.92000000","q":"0.01000000","s":"BNBUSDT","t":1041896915,"T":1745777460402,"e":"trade","E":1745777460403,"m":true,"M":true}
Received trade message: {"p":"601.92000000","q":"0.01000000","s":"BNBUSDT","t":1041896915,"T":1745777460402,"e":"trade","E":1745777460403,"m":true,"M":true}
Received message: {"p":"601.92000000","q":"0.00900000","s":"BNBUSDT","t":1041896916,"T":1745777460402,"e":"trade","E":1745777460403,"m":true,"M":true}
Received trade message: {"p":"601.92000000","q":"0.00900000","s":"BNBUSDT","t":1041896916,"T":1745777460402,"e":"trade","E":1745777460403,"m":true,"M":true}
Received message: {"p":"601.92000000","q":"0.00900000","s":"BNBUSDT","t":1041896917,"T":1745777460402,"e":"trade","E":1745777460403,"m":true,"M":true}
Received trade message: {"p":"601.92000000","q":"0.00900000","s":"BNBUSDT","t":1041896917,"T":1745777460402,"e":"trade","E":1745777460403,"m":true,"M":true}
Received message: {"p":"601.92000000","q":"0.00700000","s":"BNBUSDT","t":1041896918,"T":1745777460402,"e":"trade","E":1745777460403,"m":true,"M":true}
Received trade message: {"p":"601.92000000","q":"0.00700000","s":"BNBUSDT","t":1041896918,"T":1745777460402,"e":"trade","E":1745777460403,"m":true,"M":true}
Received message: {"p":"601.92000000","q":"0.00200000","s":"BNBUSDT","t":1041896919,"T":1745777460402,"e":"trade","E":1745777460403,"m":true,"M":true}
Received trade message: {"p":"601.92000000","q":"0.00200000","s":"BNBUSDT","t":1041896919,"T":1745777460402,"e":"trade","E":1745777460403,"m":true,"M":true}
Received message: {"p":"601.92000000","q":"0.00900000","s":"BNBUSDT","t":1041896920,"T":1745777460402,"e":"trade","E":1745777460403,"m":true,"M":true}
Received trade message: {"p":"601.92000000","q":"0.00900000","s":"BNBUSDT","t":1041896920,"T":1745777460402,"e":"trade","E":1745777460403,"m":true,"M":true}
Received message: {"p":"601.92000000","q":"0.00900000","s":"BNBUSDT","t":1041896921,"T":1745777460402,"e":"trade","E":1745777460403,"m":true,"M":true}
Received trade message: {"p":"601.92000000","q":"0.00900000","s":"BNBUSDT","t":1041896921,"T":1745777460402,"e":"trade","E":1745777460403,"m":true,"M":true}
Received message: {"p":"601.91000000","q":"0.01700000","s":"BNBUSDT","t":1041896922,"T":1745777460402,"e":"trade","E":1745777460403,"m":true,"M":true}
Received trade message: {"p":"601.91000000","q":"0.01700000","s":"BNBUSDT","t":1041896922,"T":1745777460402,"e":"trade","E":1745777460403,"m":true,"M":true}
Received message: {"p":"601.91000000","q":"0.00900000","s":"BNBUSDT","t":1041896923,"T":1745777460402,"e":"trade","E":1745777460403,"m":true,"M":true}
Received trade message: {"p":"601.91000000","q":"0.00900000","s":"BNBUSDT","t":1041896923,"T":1745777460402,"e":"trade","E":1745777460403,"m":true,"M":true}
Received message: {"p":"601.91000000","q":"0.00900000","s":"BNBUSDT","t":1041896924,"T":1745777460402,"e":"trade","E":1745777460403,"m":true,"M":true}
Received trade message: {"p":"601.91000000","q":"0.00900000","s":"BNBUSDT","t":1041896924,"T":1745777460402,"e":"trade","E":1745777460403,"m":true,"M":true}
Received message: {"p":"601.91000000","q":"0.00900000","s":"BNBUSDT","t":1041896925,"T":1745777460402,"e":"trade","E":1745777460403,"m":true,"M":true}
Received trade message: {"p":"601.91000000","q":"0.00900000","s":"BNBUSDT","t":1041896925,"T":1745777460402,"e":"trade","E":1745777460403,"m":true,"M":true}
Received message: {"p":"601.91000000","q":"0.00900000","s":"BNBUSDT","t":1041896926,"T":1745777460402,"e":"trade","E":1745777460403,"m":true,"M":true}
Received trade message: {"p":"601.91000000","q":"0.00900000","s":"BNBUSDT","t":1041896926,"T":1745777460402,"e":"trade","E":1745777460403,"m":true,"M":true}
Received message: {"p":"601.90000000","q":"0.00900000","s":"BNBUSDT","t":1041896927,"T":1745777460402,"e":"trade","E":1745777460403,"m":true,"M":true}
Received trade message: {"p":"601.90000000","q":"0.00900000","s":"BNBUSDT","t":1041896927,"T":1745777460402,"e":"trade","E":1745777460403,"m":true,"M":true}
Received message: {"p":"601.90000000","q":"0.00900000","s":"BNBUSDT","t":1041896928,"T":1745777460402,"e":"trade","E":1745777460403,"m":true,"M":true}
Received trade message: {"p":"601.90000000","q":"0.00900000","s":"BNBUSDT","t":1041896928,"T":1745777460402,"e":"trade","E":1745777460403,"m":true,"M":true}
Received message: {"p":"601.90000000","q":"0.12000000","s":"BNBUSDT","t":1041896929,"T":1745777460402,"e":"trade","E":1745777460403,"m":true,"M":true}
Received trade message: {"p":"601.90000000","q":"0.12000000","s":"BNBUSDT","t":1041896929,"T":1745777460402,"e":"trade","E":1745777460403,"m":true,"M":true}
Received message: {"p":"601.90000000","q":"0.07600000","s":"BNBUSDT","t":1041896930,"T":1745777460403,"e":"trade","E":1745777460403,"m":true,"M":true}
Received trade message: {"p":"601.90000000","q":"0.07600000","s":"BNBUSDT","t":1041896930,"T":1745777460403,"e":"trade","E":1745777460403,"m":true,"M":true}
Received message: {"p":"94119.98000000","a":3551019454,"q":"0.06015000","s":"BTCUSDT","T":1745777460431,"e":"aggTrade","E":1745777460432,"f":4855243222,"l":4855243258,"m":true,"M":true}
Received message: {"p":"94119.98000000","a":3551019454,"q":"0.06015000","s":"BTCUSDT","T":1745777460431,"e":"aggTrade","E":1745777460432,"f":4855243222,"l":4855243258,"m":true,"M":true}
Received message: {"p":"94119.97000000","a":3551019455,"q":"0.00753000","s":"BTCUSDT","T":1745777460431,"e":"aggTrade","E":1745777460432,"f":4855243259,"l":4855243286,"m":true,"M":true}
Received message: {"p":"94119.97000000","a":3551019455,"q":"0.00753000","s":"BTCUSDT","T":1745777460431,"e":"aggTrade","E":1745777460432,"f":4855243259,"l":4855243286,"m":true,"M":true}
Received message: {"p":"94119.90000000","a":3551019456,"q":"0.00006000","s":"BTCUSDT","T":1745777460431,"e":"aggTrade","E":1745777460432,"f":4855243287,"l":4855243287,"m":true,"M":true}
Received message: {"p":"94119.90000000","a":3551019456,"q":"0.00006000","s":"BTCUSDT","T":1745777460431,"e":"aggTrade","E":1745777460432,"f":4855243287,"l":4855243287,"m":true,"M":true}
Received message: {"p":"94119.89000000","a":3551019457,"q":"0.00006000","s":"BTCUSDT","T":1745777460431,"e":"aggTrade","E":1745777460432,"f":4855243288,"l":4855243288,"m":true,"M":true}
Received message: {"p":"94119.89000000","a":3551019457,"q":"0.00006000","s":"BTCUSDT","T":1745777460431,"e":"aggTrade","E":1745777460432,"f":4855243288,"l":4855243288,"m":true,"M":true}
Received message: {"p":"94119.80000000","a":3551019458,"q":"0.00006000","s":"BTCUSDT","T":1745777460431,"e":"aggTrade","E":1745777460432,"f":4855243289,"l":4855243289,"m":true,"M":true}
Received message: {"p":"94119.80000000","a":3551019458,"q":"0.00006000","s":"BTCUSDT","T":1745777460431,"e":"aggTrade","E":1745777460432,"f":4855243289,"l":4855243289,"m":true,"M":true}
Received message: {"p":"94119.71000000","a":3551019459,"q":"0.00006000","s":"BTCUSDT","T":1745777460431,"e":"aggTrade","E":1745777460432,"f":4855243290,"l":4855243290,"m":true,"M":true}
Received message: {"p":"94119.71000000","a":3551019459,"q":"0.00006000","s":"BTCUSDT","T":1745777460431,"e":"aggTrade","E":1745777460432,"f":4855243290,"l":4855243290,"m":true,"M":true}
Received message: {"p":"94119.70000000","a":3551019460,"q":"0.00006000","s":"BTCUSDT","T":1745777460431,"e":"aggTrade","E":1745777460432,"f":4855243291,"l":4855243291,"m":true,"M":true}
Received message: {"p":"94119.70000000","a":3551019460,"q":"0.00006000","s":"BTCUSDT","T":1745777460431,"e":"aggTrade","E":1745777460432,"f":4855243291,"l":4855243291,"m":true,"M":true}
Received message: {"p":"94119.69000000","a":3551019461,"q":"0.00006000","s":"BTCUSDT","T":1745777460431,"e":"aggTrade","E":1745777460432,"f":4855243292,"l":4855243292,"m":true,"M":true}
Received message: {"p":"94119.69000000","a":3551019461,"q":"0.00006000","s":"BTCUSDT","T":1745777460431,"e":"aggTrade","E":1745777460432,"f":4855243292,"l":4855243292,"m":true,"M":true}
Received message: {"p":"94118.19000000","a":3551019462,"q":"0.00007000","s":"BTCUSDT","T":1745777460433,"e":"aggTrade","E":1745777460433,"f":4855243293,"l":4855243293,"m":true,"M":true}
Received message: {"p":"94118.19000000","a":3551019462,"q":"0.00007000","s":"BTCUSDT","T":1745777460433,"e":"aggTrade","E":1745777460433,"f":4855243293,"l":4855243293,"m":true,"M":true}
Received message: {"p":"94115.42000000","a":3551019463,"q":"0.01479000","s":"BTCUSDT","T":1745777460435,"e":"aggTrade","E":1745777460436,"f":4855243294,"l":4855243314,"m":true,"M":true}
Received message: {"p":"94115.42000000","a":3551019463,"q":"0.01479000","s":"BTCUSDT","T":1745777460435,"e":"aggTrade","E":1745777460436,"f":4855243294,"l":4855243314,"m":true,"M":true}
Received message: {"p":"94115.41000000","a":3551019464,"q":"0.00066000","s":"BTCUSDT","T":1745777460435,"e":"aggTrade","E":1745777460436,"f":4855243315,"l":4855243325,"m":true,"M":true}
Received message: {"p":"94115.41000000","a":3551019464,"q":"0.00066000","s":"BTCUSDT","T":1745777460435,"e":"aggTrade","E":1745777460436,"f":4855243315,"l":4855243325,"m":true,"M":true}
Received message: {"p":"94115.29000000","a":3551019465,"q":"0.00018000","s":"BTCUSDT","T":1745777460435,"e":"aggTrade","E":1745777460436,"f":4855243326,"l":4855243328,"m":true,"M":true}
Received message: {"p":"94115.29000000","a":3551019465,"q":"0.00018000","s":"BTCUSDT","T":1745777460435,"e":"aggTrade","E":1745777460436,"f":4855243326,"l":4855243328,"m":true,"M":true}
Received message: {"p":"94115.28000000","a":3551019466,"q":"0.00372000","s":"BTCUSDT","T":1745777460435,"e":"aggTrade","E":1745777460436,"f":4855243329,"l":4855243330,"m":true,"M":true}
Received message: {"p":"94115.28000000","a":3551019466,"q":"0.00372000","s":"BTCUSDT","T":1745777460435,"e":"aggTrade","E":1745777460436,"f":4855243329,"l":4855243330,"m":true,"M":true}
Received message: {"p":"94115.28000000","a":3551019467,"q":"0.00006000","s":"BTCUSDT","T":1745777460435,"e":"aggTrade","E":1745777460436,"f":4855243331,"l":4855243331,"m":true,"M":true}
Received message: {"p":"94115.28000000","a":3551019467,"q":"0.00006000","s":"BTCUSDT","T":1745777460435,"e":"aggTrade","E":1745777460436,"f":4855243331,"l":4855243331,"m":true,"M":true}
Received message: {"p":"94115.28000000","a":3551019468,"q":"0.00203000","s":"BTCUSDT","T":1745777460437,"e":"aggTrade","E":1745777460438,"f":4855243332,"l":4855243333,"m":true,"M":true}
Received message: {"p":"94115.28000000","a":3551019468,"q":"0.00203000","s":"BTCUSDT","T":1745777460437,"e":"aggTrade","E":1745777460438,"f":4855243332,"l":4855243333,"m":true,"M":true}
Received message: {"p":"94115.08000000","a":3551019469,"q":"0.00006000","s":"BTCUSDT","T":1745777460437,"e":"aggTrade","E":1745777460438,"f":4855243334,"l":4855243334,"m":true,"M":true}
Received message: {"p":"94115.08000000","a":3551019469,"q":"0.00006000","s":"BTCUSDT","T":1745777460437,"e":"aggTrade","E":1745777460438,"f":4855243334,"l":4855243334,"m":true,"M":true}
Received message: {"p":"94114.79000000","a":3551019470,"q":"0.00016000","s":"BTCUSDT","T":1745777460437,"e":"aggTrade","E":1745777460438,"f":4855243335,"l":4855243336,"m":true,"M":true}
Received message: {"p":"94114.79000000","a":3551019470,"q":"0.00016000","s":"BTCUSDT","T":1745777460437,"e":"aggTrade","E":1745777460438,"f":4855243335,"l":4855243336,"m":true,"M":true}
Received message: {"p":"94114.60000000","a":3551019471,"q":"0.00006000","s":"BTCUSDT","T":1745777460437,"e":"aggTrade","E":1745777460438,"f":4855243337,"l":4855243337,"m":true,"M":true}
Received message: {"p":"94114.60000000","a":3551019471,"q":"0.00006000","s":"BTCUSDT","T":1745777460437,"e":"aggTrade","E":1745777460438,"f":4855243337,"l":4855243337,"m":true,"M":true}
Received message: {"p":"94113.36000000","a":3551019472,"q":"0.00012000","s":"BTCUSDT","T":1745777460437,"e":"aggTrade","E":1745777460438,"f":4855243338,"l":4855243339,"m":true,"M":true}
Received message: {"p":"94113.36000000","a":3551019472,"q":"0.00012000","s":"BTCUSDT","T":1745777460437,"e":"aggTrade","E":1745777460438,"f":4855243338,"l":4855243339,"m":true,"M":true}
Received message: {"p":"94113.32000000","a":3551019473,"q":"0.00006000","s":"BTCUSDT","T":1745777460437,"e":"aggTrade","E":1745777460438,"f":4855243340,"l":4855243340,"m":true,"M":true}
Received message: {"p":"94113.32000000","a":3551019473,"q":"0.00006000","s":"BTCUSDT","T":1745777460437,"e":"aggTrade","E":1745777460438,"f":4855243340,"l":4855243340,"m":true,"M":true}
Received message: {"p":"94112.16000000","a":3551019474,"q":"0.00015000","s":"BTCUSDT","T":1745777460437,"e":"aggTrade","E":1745777460438,"f":4855243341,"l":4855243342,"m":true,"M":true}
Received message: {"p":"94112.16000000","a":3551019474,"q":"0.00015000","s":"BTCUSDT","T":1745777460437,"e":"aggTrade","E":1745777460438,"f":4855243341,"l":4855243342,"m":true,"M":true}
Received message: {"p":"94112.16000000","a":3551019475,"q":"0.04103000","s":"BTCUSDT","T":1745777460484,"e":"aggTrade","E":1745777460485,"f":4855243343,"l":4855243343,"m":false,"M":true}
Received message: {"p":"94112.16000000","a":3551019475,"q":"0.04103000","s":"BTCUSDT","T":1745777460484,"e":"aggTrade","E":1745777460485,"f":4855243343,"l":4855243343,"m":false,"M":true}
Received message: {"p":"94112.15000000","a":3551019476,"q":"0.00013000","s":"BTCUSDT","T":1745777460539,"e":"aggTrade","E":1745777460539,"f":4855243344,"l":4855243346,"m":true,"M":true}
Received message: {"p":"94112.15000000","a":3551019476,"q":"0.00013000","s":"BTCUSDT","T":1745777460539,"e":"aggTrade","E":1745777460539,"f":4855243344,"l":4855243346,"m":true,"M":true}
Received message: {"a":[["94112.16000000","9.05048000"],["94112.17000000","0.01381000"],["94112.92000000","0.00006000"],["94113.03000000","0.00006000"],["94113.06000000","0.00000000"],["94113.33000000","0.00006000"],["94113.37000000","0.00006000"],["94114.01000000","0.00006000"],["94114.25000000","0.00000000"],["94114.61000000","0.00000000"],["94114.80000000","0.00006000"],["94114.99000000","0.00012000"],["94115.00000000","0.04250000"],["94115.09000000","0.00000000"],["94115.26000000","0.28912000"],["94115.27000000","0.00000000"],["94115.28000000","0.00000000"],["94115.29000000","0.49506000"],["94115.30000000","0.00000000"],["94115.42000000","0.00000000"],["94115.43000000","0.04501000"],["94115.44000000","0.00000000"],["94116.00000000","0.02060000"],["94116.22000000","0.00013000"],["94116.56000000","0.00030000"],["94116.57000000","0.04000000"],["94116.70000000","0.42711000"],["94116.87000000","0.00575000"],["94117.15000000","0.00000000"],["94117.42000000","0.00000000"],["94117.60000000","0.04250000"],["94117.72000000","0.21381000"],["94118.00000000","0.02060000"],["94118.10000000","0.00000000"],["94118.16000000","0.21381000"],["94118.19000000","0.00000000"],["94118.20000000","0.40562000"],["94118.21000000","0.00000000"],["94118.50000000","0.04250000"],["94118.65000000","0.00000000"],["94118.68000000","0.00000000"],["94119.33000000","0.11013000"],["94119.68000000","0.00000000"],["94119.69000000","0.00000000"],["94119.70000000","0.00000000"],["94119.71000000","0.00000000"],["94119.72000000","0.00000000"],["94119.78000000","0.00000000"],["94119.81000000","0.00000000"],["94119.87000000","0.00000000"],["94119.88000000","0.00000000"],["94119.90000000","0.00000000"],["94119.91000000","0.00000000"],["94119.95000000","0.00000000"],["94119.96000000","0.00000000"],["94119.97000000","1.26560000"],["94119.98000000","0.00000000"],["94119.99000000","3.01846000"],["94120.00000000","1.25555000"],["94120.01000000","0.00000000"],["94120.03000000","0.00000000"],["94120.14000000","0.00000000"],["94120.18000000","0.00010000"],["94120.36000000","0.00000000"],["94120.44000000","0.00000000"],["94120.49000000","0.01737000"],["94121.08000000","0.00000000"],["94121.11000000","0.00000000"],["94121.19000000","0.00000000"],["94121.20000000","0.00000000"],["94121.23000000","0.18060000"],["94121.28000000","0.00000000"],["94121.51000000","0.00000000"],["94121.55000000","0.02124000"],["94121.57000000","0.00531000"],["94121.76000000","0.00000000"],["94121.92000000","0.00000000"],["94122.32000000","0.00531000"],["94122.67000000","0.00000000"],["94122.68000000","0.34357000"],["94122.69000000","0.00000000"],["94122.72000000","0.00000000"],["94123.42000000","0.00000000"],["94123.92000000","0.00011000"],["94123.99000000","0.00000000"],["94124.00000000","0.04485000"],["94124.14000000","0.18060000"],["94124.55000000","0.00000000"],["94124.60000000","0.00008000"],["94124.70000000","0.00000000"],["94125.41000000","0.00000000"],["94125.65000000","0.00000000"],["94125.69000000","0.00025000"],["94126.08000000","0.00000000"],["94126.33000000","0.00000000"],["94126.45000000","0.00052000"],["94127.32000000","0.00000000"],["94127.72000000","1.63339000"],["94128.96000000","0.00000000"],["94129.11000000","0.00000000"],["94129.40000000","0.00013000"],["94129.41000000","0.00265000"],["94129.48000000","0.09403000"],["94130.00000000","0.00059000"],["94130.26000000","0.00000000"],["94130.40000000","0.04250000"],["94130.52000000","0.00000000"],["94130.98000000","0.05314000"],["94131.02000000","0.00000000"],["94131.57000000","1.00000000"],["94132.08000000","0.00000000"],["94133.07000000","0.00013000"],["94133.65000000","0.00000000"],["94133.67000000","0.00000000"],["94134.12000000","0.00000000"],["94134.25000000","0.00000000"],["94134.51000000","0.00000000"],["94135.25000000","0.00000000"],["94136.44000000","0.00000000"],["94136.86000000","0.00000000"],["94137.83000000","0.00000000"],["94138.01000000","0.00000000"],["94138.23000000","0.00000000"],["94140.39000000","0.05314000"],["94143.90000000","0.76454000"],["94145.19000000","0.90568000"],["94147.54000000","0.00000000"],["94147.57000000","0.00000000"],["94147.84000000","0.00000000"],["94147.89000000","0.00006000"],["94148.88000000","0.00000000"],["94149.70000000","0.08000000"],["94150.98000000","2.00000000"],["94151.37000000","0.00317000"],["94151.52000000","0.00000000"],["94153.03000000","0.00000000"],["94155.67000000","0.00000000"],["94156.00000000","0.00235000"],["94157.11000000","0.00000000"],["94157.29000000","0.00000000"],["94158.34000000","0.00105000"],["94166.18000000","0.00000000"],["94167.00000000","0.00000000"],["94168.73000000","0.00000000"],["94169.30000000","0.00000000"],["94170.60000000","0.00000000"],["94180.20000000","0.53143000"],["94181.57000000","0.42514000"],["94189.02000000","0.00317000"],["94196.71000000","0.00147000"],["94204.56000000","0.00000000"],["94204.65000000","0.00000000"],["94215.14000000","0.00400000"],["94225.31000000","0.00006000"],["94265.12000000","0.00000000"],["94325.82000000","0.02000000"],["94391.81000000","0.00011000"],["94405.14000000","0.00000000"],["94501.20000000","0.00000000"],["94502.77000000","0.06272000"],["94510.61000000","0.00000000"],["95531.79000000","0.00000000"]],"b":[["94119.98000000","0.00000000"],["94119.97000000","0.00000000"],["94119.90000000","0.00000000"],["94119.89000000","0.00000000"],["94119.80000000","0.00000000"],["94119.71000000","0.00000000"],["94119.70000000","0.00000000"],["94119.69000000","0.00000000"],["94119.32000000","0.00000000"],["94118.19000000","0.00000000"],["94115.43000000","0.00000000"],["94115.42000000","0.00000000"],["94115.41000000","0.00000000"],["94115.29000000","0.00000000"],["94115.28000000","0.00000000"],["94115.16000000","0.00000000"],["94115.08000000","0.00000000"],["94114.79000000","0.00000000"],["94114.60000000","0.00000000"],["94114.24000000","0.00000000"],["94113.66000000","0.00000000"],["94113.36000000","0.00000000"],["94113.32000000","0.00000000"],["94112.16000000","0.00000000"],["94112.15000000","0.86124000"],["94112.14000000","0.00162000"],["94112.09000000","0.00012000"],["94112.08000000","0.00006000"],["94111.79000000","0.00006000"],["94111.78000000","0.00012000"],["94110.87000000","0.00018000"],["94110.86000000","0.08976000"],["94110.82000000","0.00000000"],["94110.81000000","0.00000000"],["94110.70000000","0.00013000"],["94110.69000000","0.02012000"],["94110.68000000","0.00000000"],["94110.58000000","0.00000000"],["94110.49000000","0.00000000"],["94110.48000000","0.02300000"],["94110.17000000","0.00000000"],["94110.16000000","0.00000000"],["94109.88000000","0.00006000"],["94109.80000000","0.00000000"],["94109.59000000","0.00000000"],["94109.29000000","0.00010000"],["94109.20000000","0.00012000"],["94109.19000000","0.04012000"],["94108.78000000","0.00000000"],["94108.76000000","0.01361000"],["94108.71000000","0.00046000"],["94108.70000000","0.00021000"],["94108.69000000","0.08006000"],["94108.68000000","0.00000000"],["94108.67000000","0.00000000"],["94108.54000000","0.00000000"],["94108.24000000","0.00000000"],["94108.23000000","0.00000000"],["94108.20000000","0.00000000"],["94108.00000000","0.00006000"],["94107.79000000","0.00106000"],["94107.56000000","0.00000000"],["94107.44000000","0.00575000"],["94106.82000000","0.00000000"],["94106.81000000","0.00000000"],["94106.70000000","0.00000000"],["94106.30000000","0.00012000"],["94106.29000000","0.45154000"],["94106.05000000","0.01593000"],["94105.78000000","0.00000000"],["94105.66000000","0.00000000"],["94105.58000000","0.00000000"],["94105.56000000","0.00000000"],["94105.53000000","0.00000000"],["94104.80000000","0.00000000"],["94104.51000000","0.00000000"],["94104.50000000","0.04256000"],["94104.29000000","0.00000000"],["94104.12000000","0.00000000"],["94104.09000000","0.08265000"],["94104.00000000","0.00000000"],["94102.74000000","0.00531000"],["94102.39000000","0.37784000"],["94102.22000000","0.00000000"],["94102.07000000","0.00000000"],["94102.06000000","0.00000000"],["94102.02000000","0.03190000"],["94101.05000000","0.70114000"],["94101.03000000","0.00091000"],["94100.19000000","0.00000000"],["94099.72000000","0.00000000"],["94099.16000000","0.00101000"],["94098.41000000","0.00212000"],["94098.03000000","0.00531000"],["94097.94000000","0.10708000"],["94096.99000000","0.00414000"],["94095.23000000","0.55017000"],["94092.71000000","0.00000000"],["94092.40000000","0.00013000"],["94091.92000000","0.00000000"],["94091.41000000","0.00000000"],["94087.00000000","0.04250000"],["94086.78000000","0.00000000"],["94086.21000000","0.46986000"],["94084.88000000","1.00000000"],["94083.91000000","0.10306000"],["94082.34000000","0.00109000"],["94081.57000000","0.00000000"],["94080.85000000","0.00000000"],["94076.83000000","0.00355000"],["94074.84000000","0.00000000"],["94071.25000000","0.00317000"],["94067.13000000","0.00000000"],["94066.76000000","0.76516000"],["94053.58000000","0.00000000"],["94051.57000000","1.78533000"],["94049.78000000","2.00000000"],["94047.32000000","0.00000000"],["94043.92000000","0.00000000"],["94033.60000000","0.00317000"],["94032.30000000","0.00000000"],["94031.70000000","0.00000000"],["94028.56000000","0.00000000"],["94026.99000000","0.02297000"],["94013.78000000","0.00000000"],["94008.02000000","0.00233000"],["94000.32000000","0.00006000"],["93997.67000000","0.00000000"],["93982.72000000","0.00011000"],["93981.12000000","0.82617000"],["93978.43000000","0.00000000"],["93975.61000000","0.29120000"],["93975.34000000","1.32190000"],["93972.23000000","1.75848000"],["93946.55000000","0.00000000"],["93931.12000000","0.01661000"],["93910.20000000","0.99302000"],["93851.30000000","0.00011000"],["93846.60000000","0.00000000"],["93643.82000000","0.00000000"],["93564.95000000","0.00000000"],["93553.93000000","0.10637000"],["92700.46000000","0.00100000"],["89221.96000000","0.00000000"],["84707.00000000","0.00000000"],["84700.00000000","0.73434000"],["75295.99000000","0.00000000"],["75289.72000000","0.00052000"],["33000.00000000","2.70601000"]],"s":"BTCUSDT","e":"depthUpdate","E":1745777461014,"U":67663557114,"u":67663558373}
Received message: {"a":[["94112.16000000","9.05048000"],["94112.17000000","0.01381000"],["94112.92000000","0.00006000"],["94113.03000000","0.00006000"],["94113.06000000","0.00000000"],["94113.33000000","0.00006000"],["94113.37000000","0.00006000"],["94114.01000000","0.00006000"],["94114.25000000","0.00000000"],["94114.61000000","0.00000000"],["94114.80000000","0.00006000"],["94114.99000000","0.00012000"],["94115.00000000","0.04250000"],["94115.09000000","0.00000000"],["94115.26000000","0.28912000"],["94115.27000000","0.00000000"],["94115.28000000","0.00000000"],["94115.29000000","0.49506000"],["94115.30000000","0.00000000"],["94115.42000000","0.00000000"],["94115.43000000","0.04501000"],["94115.44000000","0.00000000"],["94116.00000000","0.02060000"],["94116.22000000","0.00013000"],["94116.56000000","0.00030000"],["94116.57000000","0.04000000"],["94116.70000000","0.42711000"],["94116.87000000","0.00575000"],["94117.15000000","0.00000000"],["94117.42000000","0.00000000"],["94117.60000000","0.04250000"],["94117.72000000","0.21381000"],["94118.00000000","0.02060000"],["94118.10000000","0.00000000"],["94118.16000000","0.21381000"],["94118.19000000","0.00000000"],["94118.20000000","0.40562000"],["94118.21000000","0.00000000"],["94118.50000000","0.04250000"],["94118.65000000","0.00000000"],["94118.68000000","0.00000000"],["94119.33000000","0.11013000"],["94119.68000000","0.00000000"],["94119.69000000","0.00000000"],["94119.70000000","0.00000000"],["94119.71000000","0.00000000"],["94119.72000000","0.00000000"],["94119.78000000","0.00000000"],["94119.81000000","0.00000000"],["94119.87000000","0.00000000"],["94119.88000000","0.00000000"],["94119.90000000","0.00000000"],["94119.91000000","0.00000000"],["94119.95000000","0.00000000"],["94119.96000000","0.00000000"],["94119.97000000","1.26560000"],["94119.98000000","0.00000000"],["94119.99000000","3.01846000"],["94120.00000000","1.25555000"],["94120.01000000","0.00000000"],["94120.03000000","0.00000000"],["94120.14000000","0.00000000"],["94120.18000000","0.00010000"],["94120.36000000","0.00000000"],["94120.44000000","0.00000000"],["94120.49000000","0.01737000"],["94121.08000000","0.00000000"],["94121.11000000","0.00000000"],["94121.19000000","0.00000000"],["94121.20000000","0.00000000"],["94121.23000000","0.18060000"],["94121.28000000","0.00000000"],["94121.51000000","0.00000000"],["94121.55000000","0.02124000"],["94121.57000000","0.00531000"],["94121.76000000","0.00000000"],["94121.92000000","0.00000000"],["94122.32000000","0.00531000"],["94122.67000000","0.00000000"],["94122.68000000","0.34357000"],["94122.69000000","0.00000000"],["94122.72000000","0.00000000"],["94123.42000000","0.00000000"],["94123.92000000","0.00011000"],["94123.99000000","0.00000000"],["94124.00000000","0.04485000"],["94124.14000000","0.18060000"],["94124.55000000","0.00000000"],["94124.60000000","0.00008000"],["94124.70000000","0.00000000"],["94125.41000000","0.00000000"],["94125.65000000","0.00000000"],["94125.69000000","0.00025000"],["94126.08000000","0.00000000"],["94126.33000000","0.00000000"],["94126.45000000","0.00052000"],["94127.32000000","0.00000000"],["94127.72000000","1.63339000"],["94128.96000000","0.00000000"],["94129.11000000","0.00000000"],["94129.40000000","0.00013000"],["94129.41000000","0.00265000"],["94129.48000000","0.09403000"],["94130.00000000","0.00059000"],["94130.26000000","0.00000000"],["94130.40000000","0.04250000"],["94130.52000000","0.00000000"],["94130.98000000","0.05314000"],["94131.02000000","0.00000000"],["94131.57000000","1.00000000"],["94132.08000000","0.00000000"],["94133.07000000","0.00013000"],["94133.65000000","0.00000000"],["94133.67000000","0.00000000"],["94134.12000000","0.00000000"],["94134.25000000","0.00000000"],["94134.51000000","0.00000000"],["94135.25000000","0.00000000"],["94136.44000000","0.00000000"],["94136.86000000","0.00000000"],["94137.83000000","0.00000000"],["94138.01000000","0.00000000"],["94138.23000000","0.00000000"],["94140.39000000","0.05314000"],["94143.90000000","0.76454000"],["94145.19000000","0.90568000"],["94147.54000000","0.00000000"],["94147.57000000","0.00000000"],["94147.84000000","0.00000000"],["94147.89000000","0.00006000"],["94148.88000000","0.00000000"],["94149.70000000","0.08000000"],["94150.98000000","2.00000000"],["94151.37000000","0.00317000"],["94151.52000000","0.00000000"],["94153.03000000","0.00000000"],["94155.67000000","0.00000000"],["94156.00000000","0.00235000"],["94157.11000000","0.00000000"],["94157.29000000","0.00000000"],["94158.34000000","0.00105000"],["94166.18000000","0.00000000"],["94167.00000000","0.00000000"],["94168.73000000","0.00000000"],["94169.30000000","0.00000000"],["94170.60000000","0.00000000"],["94180.20000000","0.53143000"],["94181.57000000","0.42514000"],["94189.02000000","0.00317000"],["94196.71000000","0.00147000"],["94204.56000000","0.00000000"],["94204.65000000","0.00000000"],["94215.14000000","0.00400000"],["94225.31000000","0.00006000"],["94265.12000000","0.00000000"],["94325.82000000","0.02000000"],["94391.81000000","0.00011000"],["94405.14000000","0.00000000"],["94501.20000000","0.00000000"],["94502.77000000","0.06272000"],["94510.61000000","0.00000000"],["95531.79000000","0.00000000"]],"b":[["94119.98000000","0.00000000"],["94119.97000000","0.00000000"],["94119.90000000","0.00000000"],["94119.89000000","0.00000000"],["94119.80000000","0.00000000"],["94119.71000000","0.00000000"],["94119.70000000","0.00000000"],["94119.69000000","0.00000000"],["94119.32000000","0.00000000"],["94118.19000000","0.00000000"],["94115.43000000","0.00000000"],["94115.42000000","0.00000000"],["94115.41000000","0.00000000"],["94115.29000000","0.00000000"],["94115.28000000","0.00000000"],["94115.16000000","0.00000000"],["94115.08000000","0.00000000"],["94114.79000000","0.00000000"],["94114.60000000","0.00000000"],["94114.24000000","0.00000000"],["94113.66000000","0.00000000"],["94113.36000000","0.00000000"],["94113.32000000","0.00000000"],["94112.16000000","0.00000000"],["94112.15000000","0.86124000"],["94112.14000000","0.00162000"],["94112.09000000","0.00012000"],["94112.08000000","0.00006000"],["94111.79000000","0.00006000"],["94111.78000000","0.00012000"],["94110.87000000","0.00018000"],["94110.86000000","0.08976000"],["94110.82000000","0.00000000"],["94110.81000000","0.00000000"],["94110.70000000","0.00013000"],["94110.69000000","0.02012000"],["94110.68000000","0.00000000"],["94110.58000000","0.00000000"],["94110.49000000","0.00000000"],["94110.48000000","0.02300000"],["94110.17000000","0.00000000"],["94110.16000000","0.00000000"],["94109.88000000","0.00006000"],["94109.80000000","0.00000000"],["94109.59000000","0.00000000"],["94109.29000000","0.00010000"],["94109.20000000","0.00012000"],["94109.19000000","0.04012000"],["94108.78000000","0.00000000"],["94108.76000000","0.01361000"],["94108.71000000","0.00046000"],["94108.70000000","0.00021000"],["94108.69000000","0.08006000"],["94108.68000000","0.00000000"],["94108.67000000","0.00000000"],["94108.54000000","0.00000000"],["94108.24000000","0.00000000"],["94108.23000000","0.00000000"],["94108.20000000","0.00000000"],["94108.00000000","0.00006000"],["94107.79000000","0.00106000"],["94107.56000000","0.00000000"],["94107.44000000","0.00575000"],["94106.82000000","0.00000000"],["94106.81000000","0.00000000"],["94106.70000000","0.00000000"],["94106.30000000","0.00012000"],["94106.29000000","0.45154000"],["94106.05000000","0.01593000"],["94105.78000000","0.00000000"],["94105.66000000","0.00000000"],["94105.58000000","0.00000000"],["94105.56000000","0.00000000"],["94105.53000000","0.00000000"],["94104.80000000","0.00000000"],["94104.51000000","0.00000000"],["94104.50000000","0.04256000"],["94104.29000000","0.00000000"],["94104.12000000","0.00000000"],["94104.09000000","0.08265000"],["94104.00000000","0.00000000"],["94102.74000000","0.00531000"],["94102.39000000","0.37784000"],["94102.22000000","0.00000000"],["94102.07000000","0.00000000"],["94102.06000000","0.00000000"],["94102.02000000","0.03190000"],["94101.05000000","0.70114000"],["94101.03000000","0.00091000"],["94100.19000000","0.00000000"],["94099.72000000","0.00000000"],["94099.16000000","0.00101000"],["94098.41000000","0.00212000"],["94098.03000000","0.00531000"],["94097.94000000","0.10708000"],["94096.99000000","0.00414000"],["94095.23000000","0.55017000"],["94092.71000000","0.00000000"],["94092.40000000","0.00013000"],["94091.92000000","0.00000000"],["94091.41000000","0.00000000"],["94087.00000000","0.04250000"],["94086.78000000","0.00000000"],["94086.21000000","0.46986000"],["94084.88000000","1.00000000"],["94083.91000000","0.10306000"],["94082.34000000","0.00109000"],["94081.57000000","0.00000000"],["94080.85000000","0.00000000"],["94076.83000000","0.00355000"],["94074.84000000","0.00000000"],["94071.25000000","0.00317000"],["94067.13000000","0.00000000"],["94066.76000000","0.76516000"],["94053.58000000","0.00000000"],["94051.57000000","1.78533000"],["94049.78000000","2.00000000"],["94047.32000000","0.00000000"],["94043.92000000","0.00000000"],["94033.60000000","0.00317000"],["94032.30000000","0.00000000"],["94031.70000000","0.00000000"],["94028.56000000","0.00000000"],["94026.99000000","0.02297000"],["94013.78000000","0.00000000"],["94008.02000000","0.00233000"],["94000.32000000","0.00006000"],["93997.67000000","0.00000000"],["93982.72000000","0.00011000"],["93981.12000000","0.82617000"],["93978.43000000","0.00000000"],["93975.61000000","0.29120000"],["93975.34000000","1.32190000"],["93972.23000000","1.75848000"],["93946.55000000","0.00000000"],["93931.12000000","0.01661000"],["93910.20000000","0.99302000"],["93851.30000000","0.00011000"],["93846.60000000","0.00000000"],["93643.82000000","0.00000000"],["93564.95000000","0.00000000"],["93553.93000000","0.10637000"],["92700.46000000","0.00100000"],["89221.96000000","0.00000000"],["84707.00000000","0.00000000"],["84700.00000000","0.73434000"],["75295.99000000","0.00000000"],["75289.72000000","0.00052000"],["33000.00000000","2.70601000"]],"s":"BTCUSDT","e":"depthUpdate","E":1745777461014,"U":67663557114,"u":67663558373}
Received message: {"a":[["601.91000000","53.39400000"],["601.92000000","16.88200000"],["601.93000000","23.61600000"],["601.94000000","3.10000000"],["601.95000000","29.28100000"],["601.96000000","26.61600000"],["601.97000000","0.01300000"],["601.98000000","10.38300000"],["601.99000000","13.66200000"],["602.00000000","33.31400000"],["602.01000000","27.31800000"],["602.02000000","24.36800000"],["602.04000000","11.39700000"],["602.07000000","7.99100000"],["602.08000000","6.71600000"],["602.09000000","7.97200000"],["602.10000000","25.36200000"],["602.11000000","27.74600000"],["602.12000000","8.42200000"],["602.13000000","34.16300000"],["602.14000000","0.01700000"],["602.15000000","0.04000000"],["602.16000000","75.20500000"],["602.20000000","0.02600000"],["602.28000000","7.65100000"],["602.30000000","0.00900000"],["602.33000000","9.15200000"],["602.35000000","0.69100000"],["602.40000000","23.97400000"],["602.41000000","4.77100000"],["602.46000000","18.01800000"],["602.65000000","3.36600000"],["602.70000000","12.04300000"],["602.74000000","3.50200000"],["602.80000000","13.60800000"],["602.91000000","60.66400000"],["603.09000000","16.32300000"],["603.10000000","8.74700000"],["603.17000000","8.22300000"],["603.24000000","6.96600000"],["604.01000000","140.23200000"],["604.02000000","0.00000000"],["604.04000000","0.04600000"],["604.07000000","8.99200000"],["604.47000000","0.40200000"],["606.73000000","0.11100000"]],"b":[["601.95000000","0.00000000"],["601.94000000","0.00000000"],["601.93000000","0.00000000"],["601.92000000","0.00000000"],["601.91000000","0.00000000"],["601.90000000","23.96400000"],["601.89000000","0.03600000"],["601.88000000","0.02700000"],["601.87000000","0.69100000"],["601.86000000","2.76700000"],["601.85000000","3.83500000"],["601.84000000","3.33000000"],["601.83000000","0.05200000"],["601.82000000","2.74900000"],["601.81000000","1.50300000"],["601.80000000","7.60700000"],["601.79000000","2.00100000"],["601.78000000","0.42400000"],["601.77000000","19.43000000"],["601.76000000","6.14100000"],["601.75000000","0.66400000"],["601.74000000","19.84800000"],["601.73000000","8.97900000"],["601.72000000","2.51700000"],["601.71000000","6.85400000"],["601.70000000","19.77700000"],["601.69000000","33.92500000"],["601.68000000","45.78200000"],["601.67000000","16.33300000"],["601.66000000","30.72000000"],["601.65000000","4.38900000"],["601.55000000","6.51700000"],["601.54000000","3.42700000"],["601.53000000","17.69600000"],["601.52000000","6.46700000"],["601.51000000","3.36900000"],["601.50000000","23.70400000"],["601.49000000","14.43100000"],["601.35000000","18.22800000"],["601.34000000","2.62100000"],["601.32000000","18.58500000"],["601.26000000","17.16700000"],["601.13000000","0.00000000"],["601.10000000","36.39200000"],["601.08000000","9.59400000"],["601.05000000","0.02700000"],["601.03000000","11.00000000"],["600.90000000","10.33000000"],["600.89000000","24.81800000"],["600.82000000","8.72400000"],["600.71000000","30.31300000"],["600.66000000","8.43200000"],["600.51000000","12.94100000"],["600.04000000","26.76200000"],["600.00000000","7.79200000"],["599.97000000","0.01700000"],["599.65000000","7.25500000"],["598.99000000","0.12200000"],["598.92000000","0.52200000"],["598.76000000","0.02100000"],["598.75000000","9.36100000"],["598.71000000","0.05800000"],["598.70000000","59.11000000"],["597.14000000","9.15000000"],["592.73000000","0.07700000"],["592.72000000","0.21500000"],["592.71000000","0.00000000"],["592.70000000","0.06100000"],["590.78000000","0.03600000"]],"s":"BNBUSDT","e":"depthUpdate","E":1745777461106,"U":13738694022,"u":13738694424}
Received order book message: {"a":[["601.91000000","53.39400000"],["601.92000000","16.88200000"],["601.93000000","23.61600000"],["601.94000000","3.10000000"],["601.95000000","29.28100000"],["601.96000000","26.61600000"],["601.97000000","0.01300000"],["601.98000000","10.38300000"],["601.99000000","13.66200000"],["602.00000000","33.31400000"],["602.01000000","27.31800000"],["602.02000000","24.36800000"],["602.04000000","11.39700000"],["602.07000000","7.99100000"],["602.08000000","6.71600000"],["602.09000000","7.97200000"],["602.10000000","25.36200000"],["602.11000000","27.74600000"],["602.12000000","8.42200000"],["602.13000000","34.16300000"],["602.14000000","0.01700000"],["602.15000000","0.04000000"],["602.16000000","75.20500000"],["602.20000000","0.02600000"],["602.28000000","7.65100000"],["602.30000000","0.00900000"],["602.33000000","9.15200000"],["602.35000000","0.69100000"],["602.40000000","23.97400000"],["602.41000000","4.77100000"],["602.46000000","18.01800000"],["602.65000000","3.36600000"],["602.70000000","12.04300000"],["602.74000000","3.50200000"],["602.80000000","13.60800000"],["602.91000000","60.66400000"],["603.09000000","16.32300000"],["603.10000000","8.74700000"],["603.17000000","8.22300000"],["603.24000000","6.96600000"],["604.01000000","140.23200000"],["604.02000000","0.00000000"],["604.04000000","0.04600000"],["604.07000000","8.99200000"],["604.47000000","0.40200000"],["606.73000000","0.11100000"]],"b":[["601.95000000","0.00000000"],["601.94000000","0.00000000"],["601.93000000","0.00000000"],["601.92000000","0.00000000"],["601.91000000","0.00000000"],["601.90000000","23.96400000"],["601.89000000","0.03600000"],["601.88000000","0.02700000"],["601.87000000","0.69100000"],["601.86000000","2.76700000"],["601.85000000","3.83500000"],["601.84000000","3.33000000"],["601.83000000","0.05200000"],["601.82000000","2.74900000"],["601.81000000","1.50300000"],["601.80000000","7.60700000"],["601.79000000","2.00100000"],["601.78000000","0.42400000"],["601.77000000","19.43000000"],["601.76000000","6.14100000"],["601.75000000","0.66400000"],["601.74000000","19.84800000"],["601.73000000","8.97900000"],["601.72000000","2.51700000"],["601.71000000","6.85400000"],["601.70000000","19.77700000"],["601.69000000","33.92500000"],["601.68000000","45.78200000"],["601.67000000","16.33300000"],["601.66000000","30.72000000"],["601.65000000","4.38900000"],["601.55000000","6.51700000"],["601.54000000","3.42700000"],["601.53000000","17.69600000"],["601.52000000","6.46700000"],["601.51000000","3.36900000"],["601.50000000","23.70400000"],["601.49000000","14.43100000"],["601.35000000","18.22800000"],["601.34000000","2.62100000"],["601.32000000","18.58500000"],["601.26000000","17.16700000"],["601.13000000","0.00000000"],["601.10000000","36.39200000"],["601.08000000","9.59400000"],["601.05000000","0.02700000"],["601.03000000","11.00000000"],["600.90000000","10.33000000"],["600.89000000","24.81800000"],["600.82000000","8.72400000"],["600.71000000","30.31300000"],["600.66000000","8.43200000"],["600.51000000","12.94100000"],["600.04000000","26.76200000"],["600.00000000","7.79200000"],["599.97000000","0.01700000"],["599.65000000","7.25500000"],["598.99000000","0.12200000"],["598.92000000","0.52200000"],["598.76000000","0.02100000"],["598.75000000","9.36100000"],["598.71000000","0.05800000"],["598.70000000","59.11000000"],["597.14000000","9.15000000"],["592.73000000","0.07700000"],["592.72000000","0.21500000"],["592.71000000","0.00000000"],["592.70000000","0.06100000"],["590.78000000","0.03600000"]],"s":"BNBUSDT","e":"depthUpdate","E":1745777461106,"U":13738694022,"u":13738694424}
Received message: {"p":"94112.16000000","a":3551019477,"q":"0.00143000","s":"BTCUSDT","T":1745777461496,"e":"aggTrade","E":1745777461496,"f":4855243347,"l":4855243347,"m":false,"M":true}
Received message: {"p":"94112.16000000","a":3551019477,"q":"0.00143000","s":"BTCUSDT","T":1745777461496,"e":"aggTrade","E":1745777461496,"f":4855243347,"l":4855243347,"m":false,"M":true}
Received message: {"a":[["94112.16000000","6.38313000"],["94112.17000000","0.01441000"],["94112.62000000","0.00018000"],["94112.63000000","0.08021000"],["94113.03000000","0.00006000"],["94113.33000000","0.00006000"],["94113.37000000","0.00000000"],["94113.65000000","0.00022000"],["94113.97000000","0.01355000"],["94113.99000000","0.00764000"],["94114.01000000","0.00000000"],["94114.40000000","0.02084000"],["94114.80000000","0.00000000"],["94114.99000000","0.00012000"],["94115.00000000","0.04256000"],["94115.25000000","0.00012000"],["94115.26000000","0.16861000"],["94115.28000000","0.00012000"],["94115.43000000","0.04507000"],["94116.00000000","0.02060000"],["94116.57000000","0.04000000"],["94116.70000000","0.00000000"],["94118.49000000","0.00413000"],["94120.00000000","1.22899000"],["94121.23000000","0.00000000"],["94121.28000000","0.00000000"],["94121.54000000","0.00000000"],["94121.55000000","0.00000000"],["94122.22000000","0.00000000"],["94122.32000000","0.00000000"],["94122.33000000","0.00000000"],["94122.93000000","0.00095000"],["94123.32000000","0.10624000"],["94123.43000000","0.00092000"],["94123.77000000","0.00000000"],["94124.70000000","0.00000000"],["94125.29000000","0.00013000"],["94125.69000000","0.00000000"],["94126.24000000","0.02139000"],["94126.28000000","0.00300000"],["94127.13000000","0.00531000"],["94128.13000000","0.00000000"],["94128.38000000","1.00000000"],["94129.80000000","0.00000000"],["94129.95000000","0.00000000"],["94130.00000000","0.00059000"],["94130.40000000","0.04250000"],["94130.52000000","0.00000000"],["94131.57000000","0.00000000"],["94132.09000000","0.00000000"],["94133.07000000","0.00000000"],["94141.30000000","1.75138000"],["94143.90000000","0.00000000"],["94144.54000000","0.05000000"],["94144.60000000","2.00000000"],["94145.25000000","1.78338000"],["94147.44000000","0.00000000"],["94147.74000000","0.00000000"],["94147.84000000","0.00000000"],["94148.88000000","0.00000000"],["94149.70000000","0.00000000"],["94150.98000000","0.00000000"],["94152.02000000","0.00000000"],["94159.73000000","0.00000000"],["94162.36000000","0.00000000"],["94163.32000000","0.76438000"],["94179.99000000","0.50054000"],["94202.25000000","0.04143000"],["94215.14000000","0.00000000"],["94215.74000000","0.00000000"],["94237.88000000","0.00000000"],["94244.70000000","0.00000000"],["94253.48000000","0.00400000"],["94260.01000000","0.12000000"],["94274.44000000","0.00006000"],["94502.77000000","0.29123000"],["95523.85000000","0.00100000"],["97286.67000000","0.00000000"]],"b":[["94112.15000000","2.13144000"],["94112.14000000","0.00186000"],["94112.08000000","0.00006000"],["94112.05000000","0.00030000"],["94112.04000000","0.14766000"],["94111.78000000","0.00006000"],["94111.66000000","0.00010000"],["94111.38000000","0.00007000"],["94110.87000000","0.00000000"],["94110.86000000","0.00000000"],["94110.83000000","0.00000000"],["94110.69000000","0.02018000"],["94110.48000000","0.02306000"],["94110.13000000","0.00000000"],["94109.20000000","0.00000000"],["94109.19000000","0.04006000"],["94108.71000000","0.00000000"],["94108.70000000","0.00021000"],["94108.69000000","0.08006000"],["94108.44000000","0.02103000"],["94108.00000000","0.04256000"],["94106.69000000","0.00012000"],["94106.68000000","0.51472000"],["94106.67000000","0.70110000"],["94106.30000000","0.00000000"],["94106.29000000","0.45148000"],["94106.05000000","0.01587000"],["94104.80000000","0.04250000"],["94104.51000000","0.15964000"],["94104.50000000","0.04250000"],["94103.67000000","0.21381000"],["94103.66000000","0.00000000"],["94102.39000000","0.31877000"],["94101.05000000","0.00000000"],["94101.03000000","0.00000000"],["94099.38000000","0.00313000"],["94093.80000000","0.42885000"],["94092.46000000","1.00000000"],["94089.75000000","0.00000000"],["94086.56000000","0.00000000"],["94086.46000000","0.00000000"],["94086.21000000","0.00000000"],["94084.96000000","0.00000000"],["94084.88000000","0.00000000"],["94081.11000000","0.00000000"],["94077.59000000","1.75109000"],["94072.77000000","2.00000000"],["94071.66000000","0.00000000"],["94071.32000000","0.00000000"],["94071.25000000","0.00317000"],["94069.79000000","0.00300000"],["94060.97000000","0.00000000"],["94060.77000000","0.00000000"],["94060.56000000","0.00000000"],["94057.77000000","0.00000000"],["94051.57000000","0.82612000"],["94049.78000000","0.00000000"],["94048.44000000","0.00010000"],["94025.89000000","0.00000000"],["94018.72000000","0.03422000"],["93990.73000000","0.00006000"],["93854.08000000","0.03102000"],["93839.60000000","0.00025000"],["93470.64000000","0.00000000"],["92700.46000000","0.00000000"],["86583.19000000","0.00012000"],["84700.00000000","0.73434000"],["75289.72000000","0.00052000"],["33880.38000000","0.00018000"],["33000.00000000","2.70601000"]],"s":"BTCUSDT","e":"depthUpdate","E":1745777462014,"U":67663558374,"u":67663558739}
Received message: {"a":[["94112.16000000","6.38313000"],["94112.17000000","0.01441000"],["94112.62000000","0.00018000"],["94112.63000000","0.08021000"],["94113.03000000","0.00006000"],["94113.33000000","0.00006000"],["94113.37000000","0.00000000"],["94113.65000000","0.00022000"],["94113.97000000","0.01355000"],["94113.99000000","0.00764000"],["94114.01000000","0.00000000"],["94114.40000000","0.02084000"],["94114.80000000","0.00000000"],["94114.99000000","0.00012000"],["94115.00000000","0.04256000"],["94115.25000000","0.00012000"],["94115.26000000","0.16861000"],["94115.28000000","0.00012000"],["94115.43000000","0.04507000"],["94116.00000000","0.02060000"],["94116.57000000","0.04000000"],["94116.70000000","0.00000000"],["94118.49000000","0.00413000"],["94120.00000000","1.22899000"],["94121.23000000","0.00000000"],["94121.28000000","0.00000000"],["94121.54000000","0.00000000"],["94121.55000000","0.00000000"],["94122.22000000","0.00000000"],["94122.32000000","0.00000000"],["94122.33000000","0.00000000"],["94122.93000000","0.00095000"],["94123.32000000","0.10624000"],["94123.43000000","0.00092000"],["94123.77000000","0.00000000"],["94124.70000000","0.00000000"],["94125.29000000","0.00013000"],["94125.69000000","0.00000000"],["94126.24000000","0.02139000"],["94126.28000000","0.00300000"],["94127.13000000","0.00531000"],["94128.13000000","0.00000000"],["94128.38000000","1.00000000"],["94129.80000000","0.00000000"],["94129.95000000","0.00000000"],["94130.00000000","0.00059000"],["94130.40000000","0.04250000"],["94130.52000000","0.00000000"],["94131.57000000","0.00000000"],["94132.09000000","0.00000000"],["94133.07000000","0.00000000"],["94141.30000000","1.75138000"],["94143.90000000","0.00000000"],["94144.54000000","0.05000000"],["94144.60000000","2.00000000"],["94145.25000000","1.78338000"],["94147.44000000","0.00000000"],["94147.74000000","0.00000000"],["94147.84000000","0.00000000"],["94148.88000000","0.00000000"],["94149.70000000","0.00000000"],["94150.98000000","0.00000000"],["94152.02000000","0.00000000"],["94159.73000000","0.00000000"],["94162.36000000","0.00000000"],["94163.32000000","0.76438000"],["94179.99000000","0.50054000"],["94202.25000000","0.04143000"],["94215.14000000","0.00000000"],["94215.74000000","0.00000000"],["94237.88000000","0.00000000"],["94244.70000000","0.00000000"],["94253.48000000","0.00400000"],["94260.01000000","0.12000000"],["94274.44000000","0.00006000"],["94502.77000000","0.29123000"],["95523.85000000","0.00100000"],["97286.67000000","0.00000000"]],"b":[["94112.15000000","2.13144000"],["94112.14000000","0.00186000"],["94112.08000000","0.00006000"],["94112.05000000","0.00030000"],["94112.04000000","0.14766000"],["94111.78000000","0.00006000"],["94111.66000000","0.00010000"],["94111.38000000","0.00007000"],["94110.87000000","0.00000000"],["94110.86000000","0.00000000"],["94110.83000000","0.00000000"],["94110.69000000","0.02018000"],["94110.48000000","0.02306000"],["94110.13000000","0.00000000"],["94109.20000000","0.00000000"],["94109.19000000","0.04006000"],["94108.71000000","0.00000000"],["94108.70000000","0.00021000"],["94108.69000000","0.08006000"],["94108.44000000","0.02103000"],["94108.00000000","0.04256000"],["94106.69000000","0.00012000"],["94106.68000000","0.51472000"],["94106.67000000","0.70110000"],["94106.30000000","0.00000000"],["94106.29000000","0.45148000"],["94106.05000000","0.01587000"],["94104.80000000","0.04250000"],["94104.51000000","0.15964000"],["94104.50000000","0.04250000"],["94103.67000000","0.21381000"],["94103.66000000","0.00000000"],["94102.39000000","0.31877000"],["94101.05000000","0.00000000"],["94101.03000000","0.00000000"],["94099.38000000","0.00313000"],["94093.80000000","0.42885000"],["94092.46000000","1.00000000"],["94089.75000000","0.00000000"],["94086.56000000","0.00000000"],["94086.46000000","0.00000000"],["94086.21000000","0.00000000"],["94084.96000000","0.00000000"],["94084.88000000","0.00000000"],["94081.11000000","0.00000000"],["94077.59000000","1.75109000"],["94072.77000000","2.00000000"],["94071.66000000","0.00000000"],["94071.32000000","0.00000000"],["94071.25000000","0.00317000"],["94069.79000000","0.00300000"],["94060.97000000","0.00000000"],["94060.77000000","0.00000000"],["94060.56000000","0.00000000"],["94057.77000000","0.00000000"],["94051.57000000","0.82612000"],["94049.78000000","0.00000000"],["94048.44000000","0.00010000"],["94025.89000000","0.00000000"],["94018.72000000","0.03422000"],["93990.73000000","0.00006000"],["93854.08000000","0.03102000"],["93839.60000000","0.00025000"],["93470.64000000","0.00000000"],["92700.46000000","0.00000000"],["86583.19000000","0.00012000"],["84700.00000000","0.73434000"],["75289.72000000","0.00052000"],["33880.38000000","0.00018000"],["33000.00000000","2.70601000"]],"s":"BTCUSDT","e":"depthUpdate","E":1745777462014,"U":67663558374,"u":67663558739}
Received message: {"a":[["601.91000000","26.38500000"],["601.92000000","9.48400000"],["601.93000000","14.28600000"],["601.94000000","0.03600000"],["601.95000000","24.41100000"],["601.96000000","23.55200000"],["601.98000000","0.66500000"],["601.99000000","13.66200000"],["602.00000000","27.33200000"],["602.01000000","25.76000000"],["602.02000000","23.95800000"],["602.03000000","3.30600000"],["602.04000000","18.74600000"],["602.06000000","12.00500000"],["602.33000000","8.30300000"],["602.43000000","16.21600000"],["602.53000000","11.93800000"],["603.54000000","12.77700000"],["603.60000000","3.57800000"],["603.67000000","15.78600000"],["603.72000000","9.18200000"]],"b":[["601.90000000","31.04100000"],["601.86000000","2.77700000"],["601.60000000","3.78400000"],["601.50000000","23.37200000"],["601.20000000","13.87900000"],["601.18000000","8.25400000"],["601.10000000","31.27700000"],["601.05000000","12.78800000"],["600.83000000","3.67700000"],["600.74000000","7.70100000"],["600.68000000","19.55900000"],["600.59000000","185.43200000"],["599.94000000","20.80200000"],["599.90000000","0.00000000"],["599.81000000","4.22600000"],["597.50000000","1.39100000"],["596.35000000","0.00000000"],["590.73000000","6.49100000"]],"s":"BNBUSDT","e":"depthUpdate","E":1745777462106,"U":13738694425,"u":13738694524}
Received order book message: {"a":[["601.91000000","26.38500000"],["601.92000000","9.48400000"],["601.93000000","14.28600000"],["601.94000000","0.03600000"],["601.95000000","24.41100000"],["601.96000000","23.55200000"],["601.98000000","0.66500000"],["601.99000000","13.66200000"],["602.00000000","27.33200000"],["602.01000000","25.76000000"],["602.02000000","23.95800000"],["602.03000000","3.30600000"],["602.04000000","18.74600000"],["602.06000000","12.00500000"],["602.33000000","8.30300000"],["602.43000000","16.21600000"],["602.53000000","11.93800000"],["603.54000000","12.77700000"],["603.60000000","3.57800000"],["603.67000000","15.78600000"],["603.72000000","9.18200000"]],"b":[["601.90000000","31.04100000"],["601.86000000","2.77700000"],["601.60000000","3.78400000"],["601.50000000","23.37200000"],["601.20000000","13.87900000"],["601.18000000","8.25400000"],["601.10000000","31.27700000"],["601.05000000","12.78800000"],["600.83000000","3.67700000"],["600.74000000","7.70100000"],["600.68000000","19.55900000"],["600.59000000","185.43200000"],["599.94000000","20.80200000"],["599.90000000","0.00000000"],["599.81000000","4.22600000"],["597.50000000","1.39100000"],["596.35000000","0.00000000"],["590.73000000","6.49100000"]],"s":"BNBUSDT","e":"depthUpdate","E":1745777462106,"U":13738694425,"u":13738694524}
Received message: {"p":"94112.15000000","a":3551019478,"q":"0.00053000","s":"BTCUSDT","T":1745777462556,"e":"aggTrade","E":1745777462557,"f":4855243348,"l":4855243351,"m":true,"M":true}
Received message: {"p":"94112.15000000","a":3551019478,"q":"0.00053000","s":"BTCUSDT","T":1745777462556,"e":"aggTrade","E":1745777462557,"f":4855243348,"l":4855243351,"m":true,"M":true}
Received message: {"p":"94112.16000000","a":3551019479,"q":"0.00067000","s":"BTCUSDT","T":1745777462642,"e":"aggTrade","E":1745777462643,"f":4855243352,"l":4855243352,"m":false,"M":true}
Received message: {"p":"94112.16000000","a":3551019479,"q":"0.00067000","s":"BTCUSDT","T":1745777462642,"e":"aggTrade","E":1745777462643,"f":4855243352,"l":4855243352,"m":false,"M":true}
Received message: {"p":"94112.15000000","a":3551019480,"q":"0.00019000","s":"BTCUSDT","T":1745777462815,"e":"aggTrade","E":1745777462815,"f":4855243353,"l":4855243353,"m":true,"M":true}
Received message: {"p":"94112.15000000","a":3551019480,"q":"0.00019000","s":"BTCUSDT","T":1745777462815,"e":"aggTrade","E":1745777462815,"f":4855243353,"l":4855243353,"m":true,"M":true}
Received message: {"a":[["94112.16000000","6.38220000"],["94112.17000000","0.01447000"],["94112.62000000","0.00006000"],["94112.63000000","0.00006000"],["94113.65000000","0.00022000"],["94113.96000000","0.00012000"],["94114.40000000","0.00000000"],["94118.49000000","0.00000000"],["94125.97000000","0.41385000"],["94126.45000000","0.00000000"],["94127.86000000","1.00000000"],["94128.38000000","0.00000000"],["94129.42000000","0.00000000"],["94129.95000000","0.00000000"],["94130.61000000","0.00000000"],["94143.56000000","2.00000000"],["94144.60000000","0.00000000"],["94146.68000000","0.00000000"],["94147.74000000","0.00000000"],["94149.30000000","0.00000000"],["94155.89000000","0.63346000"],["94265.34000000","0.00035000"],["94323.83000000","7.04262000"],["94332.28000000","0.00000000"],["94335.49000000","0.00000000"],["95523.85000000","0.00000000"]],"b":[["94112.15000000","2.13102000"],["94112.14000000","0.00198000"],["94104.51000000","0.00000000"],["94092.96000000","1.00000000"],["94092.46000000","0.00000000"],["94092.44000000","0.00000000"],["94090.87000000","0.79715000"],["94077.51000000","0.00000000"],["94076.51000000","0.00000000"],["94075.51000000","0.00000000"],["94075.04000000","0.00000000"],["94074.88000000","1.19240000"],["94074.51000000","0.00000000"],["94073.77000000","2.00000000"],["94073.51000000","0.00000000"],["94072.77000000","0.00000000"],["94072.73000000","0.00000000"],["94071.85000000","0.00000000"],["94071.43000000","0.00000000"],["94069.59000000","0.00000000"],["93913.23000000","0.00000000"],["93901.06000000","6.86699000"],["92700.46000000","0.00100000"],["86583.19000000","0.00000000"],["84700.00000000","0.73434000"],["75289.72000000","0.00052000"],["33858.41000000","0.00432000"],["33838.40000000","0.00396000"],["33834.40000000","0.00342000"],["33808.01000000","0.00792000"],["33806.18000000","0.03024000"],["33789.31000000","0.00162000"],["33788.57000000","0.00630000"],["33782.55000000","0.00342000"],["33777.33000000","0.00324000"],["33774.47000000","0.00036000"],["33772.82000000","0.00378000"],["33768.61000000","0.00126000"],["33768.60000000","0.00126000"],["33757.05000000","0.00162000"],["33755.40000000","0.00018000"],["33750.36000000","0.00342000"],["33750.00000000","0.02144000"],["33745.28000000","0.00036000"],["33000.00000000","2.70601000"]],"s":"BTCUSDT","e":"depthUpdate","E":1745777463014,"U":67663558740,"u":67663558867}
Received message: {"a":[["94112.16000000","6.38220000"],["94112.17000000","0.01447000"],["94112.62000000","0.00006000"],["94112.63000000","0.00006000"],["94113.65000000","0.00022000"],["94113.96000000","0.00012000"],["94114.40000000","0.00000000"],["94118.49000000","0.00000000"],["94125.97000000","0.41385000"],["94126.45000000","0.00000000"],["94127.86000000","1.00000000"],["94128.38000000","0.00000000"],["94129.42000000","0.00000000"],["94129.95000000","0.00000000"],["94130.61000000","0.00000000"],["94143.56000000","2.00000000"],["94144.60000000","0.00000000"],["94146.68000000","0.00000000"],["94147.74000000","0.00000000"],["94149.30000000","0.00000000"],["94155.89000000","0.63346000"],["94265.34000000","0.00035000"],["94323.83000000","7.04262000"],["94332.28000000","0.00000000"],["94335.49000000","0.00000000"],["95523.85000000","0.00000000"]],"b":[["94112.15000000","2.13102000"],["94112.14000000","0.00198000"],["94104.51000000","0.00000000"],["94092.96000000","1.00000000"],["94092.46000000","0.00000000"],["94092.44000000","0.00000000"],["94090.87000000","0.79715000"],["94077.51000000","0.00000000"],["94076.51000000","0.00000000"],["94075.51000000","0.00000000"],["94075.04000000","0.00000000"],["94074.88000000","1.19240000"],["94074.51000000","0.00000000"],["94073.77000000","2.00000000"],["94073.51000000","0.00000000"],["94072.77000000","0.00000000"],["94072.73000000","0.00000000"],["94071.85000000","0.00000000"],["94071.43000000","0.00000000"],["94069.59000000","0.00000000"],["93913.23000000","0.00000000"],["93901.06000000","6.86699000"],["92700.46000000","0.00100000"],["86583.19000000","0.00000000"],["84700.00000000","0.73434000"],["75289.72000000","0.00052000"],["33858.41000000","0.00432000"],["33838.40000000","0.00396000"],["33834.40000000","0.00342000"],["33808.01000000","0.00792000"],["33806.18000000","0.03024000"],["33789.31000000","0.00162000"],["33788.57000000","0.00630000"],["33782.55000000","0.00342000"],["33777.33000000","0.00324000"],["33774.47000000","0.00036000"],["33772.82000000","0.00378000"],["33768.61000000","0.00126000"],["33768.60000000","0.00126000"],["33757.05000000","0.00162000"],["33755.40000000","0.00018000"],["33750.36000000","0.00342000"],["33750.00000000","0.02144000"],["33745.28000000","0.00036000"],["33000.00000000","2.70601000"]],"s":"BTCUSDT","e":"depthUpdate","E":1745777463014,"U":67663558740,"u":67663558867}
Received message: {"p":"601.91000000","q":"0.01600000","s":"BNBUSDT","t":1041896931,"T":1745777463020,"e":"trade","E":1745777463020,"m":false,"M":true}
Received trade message: {"p":"601.91000000","q":"0.01600000","s":"BNBUSDT","t":1041896931,"T":1745777463020,"e":"trade","E":1745777463020,"m":false,"M":true}
Received message: {"p":"94112.15000000","a":3551019481,"q":"0.00018000","s":"BTCUSDT","T":1745777463051,"e":"aggTrade","E":1745777463051,"f":4855243354,"l":4855243354,"m":true,"M":true}
Received message: {"p":"94112.15000000","a":3551019481,"q":"0.00018000","s":"BTCUSDT","T":1745777463051,"e":"aggTrade","E":1745777463051,"f":4855243354,"l":4855243354,"m":true,"M":true}
Received message: {"p":"94112.15000000","a":3551019482,"q":"0.03000000","s":"BTCUSDT","T":1745777463060,"e":"aggTrade","E":1745777463060,"f":4855243355,"l":4855243355,"m":true,"M":true}
Received message: {"p":"94112.15000000","a":3551019482,"q":"0.03000000","s":"BTCUSDT","T":1745777463060,"e":"aggTrade","E":1745777463060,"f":4855243355,"l":4855243355,"m":true,"M":true}
Received message: {"a":[["601.91000000","26.36100000"],["601.92000000","0.05400000"],["601.95000000","23.71000000"],["601.96000000","21.89200000"],["601.97000000","0.00000000"],["601.98000000","0.00000000"],["602.00000000","28.99200000"],["602.02000000","22.79800000"],["602.03000000","9.95100000"],["602.04000000","8.86600000"],["602.06000000","0.00900000"],["602.08000000","10.71600000"],["602.12000000","16.08600000"],["602.86000000","0.14500000"],["603.54000000","1.52000000"],["603.57000000","14.49100000"],["607.10000000","0.27100000"]],"b":[["601.90000000","37.09000000"],["601.88000000","1.69600000"],["601.86000000","2.76800000"],["601.84000000","3.74500000"],["601.79000000","1.58600000"],["601.77000000","19.76200000"],["601.76000000","4.89500000"],["601.74000000","20.67800000"],["601.67000000","17.99400000"],["601.63000000","1.92600000"],["601.60000000","4.19900000"],["601.58000000","0.73900000"],["600.87000000","13.23200000"],["600.71000000","41.70900000"],["600.69000000","6.97000000"],["600.68000000","8.27100000"]],"s":"BNBUSDT","e":"depthUpdate","E":1745777463106,"U":13738694525,"u":13738694593}
Received order book message: {"a":[["601.91000000","26.36100000"],["601.92000000","0.05400000"],["601.95000000","23.71000000"],["601.96000000","21.89200000"],["601.97000000","0.00000000"],["601.98000000","0.00000000"],["602.00000000","28.99200000"],["602.02000000","22.79800000"],["602.03000000","9.95100000"],["602.04000000","8.86600000"],["602.06000000","0.00900000"],["602.08000000","10.71600000"],["602.12000000","16.08600000"],["602.86000000","0.14500000"],["603.54000000","1.52000000"],["603.57000000","14.49100000"],["607.10000000","0.27100000"]],"b":[["601.90000000","37.09000000"],["601.88000000","1.69600000"],["601.86000000","2.76800000"],["601.84000000","3.74500000"],["601.79000000","1.58600000"],["601.77000000","19.76200000"],["601.76000000","4.89500000"],["601.74000000","20.67800000"],["601.67000000","17.99400000"],["601.63000000","1.92600000"],["601.60000000","4.19900000"],["601.58000000","0.73900000"],["600.87000000","13.23200000"],["600.71000000","41.70900000"],["600.69000000","6.97000000"],["600.68000000","8.27100000"]],"s":"BNBUSDT","e":"depthUpdate","E":1745777463106,"U":13738694525,"u":13738694593}
Received message: {"p":"94112.15000000","a":3551019483,"q":"0.00050000","s":"BTCUSDT","T":1745777463211,"e":"aggTrade","E":1745777463211,"f":4855243356,"l":4855243356,"m":true,"M":true}
Received message: {"p":"94112.15000000","a":3551019483,"q":"0.00050000","s":"BTCUSDT","T":1745777463211,"e":"aggTrade","E":1745777463211,"f":4855243356,"l":4855243356,"m":true,"M":true}
Received message: {"p":"601.91000000","q":"0.07800000","s":"BNBUSDT","t":1041896932,"T":1745777463213,"e":"trade","E":1745777463213,"m":false,"M":true}
Received trade message: {"p":"601.91000000","q":"0.07800000","s":"BNBUSDT","t":1041896932,"T":1745777463213,"e":"trade","E":1745777463213,"m":false,"M":true}
Received message: {"p":"94112.16000000","a":3551019484,"q":"0.00212000","s":"BTCUSDT","T":1745777463306,"e":"aggTrade","E":1745777463306,"f":4855243357,"l":4855243357,"m":false,"M":true}
Received message: {"p":"94112.16000000","a":3551019484,"q":"0.00212000","s":"BTCUSDT","T":1745777463306,"e":"aggTrade","E":1745777463306,"f":4855243357,"l":4855243357,"m":false,"M":true}
Received message: {"p":"94112.15000000","a":3551019485,"q":"0.01515000","s":"BTCUSDT","T":1745777463481,"e":"aggTrade","E":1745777463481,"f":4855243358,"l":4855243358,"m":true,"M":true}
Received message: {"p":"94112.15000000","a":3551019485,"q":"0.01515000","s":"BTCUSDT","T":1745777463481,"e":"aggTrade","E":1745777463481,"f":4855243358,"l":4855243358,"m":true,"M":true}
Received message: {"p":"94112.15000000","a":3551019486,"q":"0.05000000","s":"BTCUSDT","T":1745777463549,"e":"aggTrade","E":1745777463549,"f":4855243359,"l":4855243359,"m":true,"M":true}
Received message: {"p":"94112.15000000","a":3551019486,"q":"0.05000000","s":"BTCUSDT","T":1745777463549,"e":"aggTrade","E":1745777463549,"f":4855243359,"l":4855243359,"m":true,"M":true}
Received message: {"p":"94112.15000000","a":3551019487,"q":"0.00056000","s":"BTCUSDT","T":1745777463766,"e":"aggTrade","E":1745777463767,"f":4855243360,"l":4855243364,"m":true,"M":true}
Received message: {"p":"94112.15000000","a":3551019487,"q":"0.00056000","s":"BTCUSDT","T":1745777463766,"e":"aggTrade","E":1745777463767,"f":4855243360,"l":4855243364,"m":true,"M":true}
Received message: {"a":[["94112.16000000","6.41065000"],["94112.17000000","0.01459000"],["94112.63000000","0.00006000"],["94112.91000000","0.00018000"],["94112.92000000","0.06006000"],["94113.33000000","0.00006000"],["94113.60000000","0.00000000"],["94113.61000000","0.00000000"],["94113.65000000","0.00006000"],["94113.96000000","0.00000000"],["94113.97000000","0.00000000"],["94113.99000000","0.00000000"],["94114.40000000","0.00000000"],["94115.28000000","0.00006000"],["94115.43000000","0.04501000"],["94115.49000000","0.00010000"],["94115.80000000","0.01355000"],["94115.81000000","0.00764000"],["94117.59000000","0.00014000"],["94118.20000000","0.36562000"],["94123.32000000","0.00000000"],["94124.14000000","0.02124000"],["94125.24000000","0.01600000"],["94125.29000000","0.00000000"],["94127.14000000","0.00000000"],["94128.67000000","0.00000000"],["94141.86000000","0.00000000"],["94147.93000000","0.10200000"],["94149.31000000","0.00000000"],["94152.76000000","0.00000000"],["94171.30000000","0.18905000"],["94215.07000000","0.00000000"],["94215.55000000","0.36598000"],["94225.40000000","0.00357000"],["94228.41000000","0.00000000"],["94239.33000000","0.00000000"],["94255.75000000","0.14871000"],["94323.83000000","0.00000000"],["95523.85000000","0.00100000"],["97286.17000000","0.00344000"]],"b":[["94112.15000000","2.03871000"],["94110.35000000","0.00007000"],["94104.51000000","0.16091000"],["94103.67000000","0.00000000"],["94098.47000000","0.49402000"],["94093.80000000","0.00000000"],["94092.96000000","0.00000000"],["94092.38000000","1.00000000"],["94090.81000000","0.00000000"],["94089.25000000","0.00000000"],["94073.77000000","0.00000000"],["94073.28000000","0.15900000"],["94072.76000000","0.76512000"],["94072.61000000","2.00000000"],["94069.47000000","0.00000000"],["94066.35000000","0.00000000"],["94060.56000000","0.47051000"],["94047.70000000","0.00000000"],["94030.85000000","0.00000000"],["94027.25000000","0.00178000"],["94021.44000000","0.00000000"],["94017.55000000","0.00357000"],["93981.12000000","1.18484000"],["93978.43000000","1.75863000"],["93975.34000000","0.90783000"],["93972.23000000","0.00000000"],["93931.12000000","0.00000000"],["93901.06000000","0.00000000"],["93565.03000000","0.10631000"],["93553.93000000","0.00006000"],["93471.14000000","0.00351000"],["92700.46000000","0.00000000"],["89413.99000000","0.00000000"],["84700.00000000","0.73434000"],["75289.72000000","0.00052000"],["33806.18000000","0.02916000"],["33000.00000000","2.70601000"],["20002.00000000","0.00000000"],["20001.00000000","0.03474000"]],"s":"BTCUSDT","e":"depthUpdate","E":1745777464014,"U":67663558868,"u":67663559015}
Received message: {"a":[["94112.16000000","6.41065000"],["94112.17000000","0.01459000"],["94112.63000000","0.00006000"],["94112.91000000","0.00018000"],["94112.92000000","0.06006000"],["94113.33000000","0.00006000"],["94113.60000000","0.00000000"],["94113.61000000","0.00000000"],["94113.65000000","0.00006000"],["94113.96000000","0.00000000"],["94113.97000000","0.00000000"],["94113.99000000","0.00000000"],["94114.40000000","0.00000000"],["94115.28000000","0.00006000"],["94115.43000000","0.04501000"],["94115.49000000","0.00010000"],["94115.80000000","0.01355000"],["94115.81000000","0.00764000"],["94117.59000000","0.00014000"],["94118.20000000","0.36562000"],["94123.32000000","0.00000000"],["94124.14000000","0.02124000"],["94125.24000000","0.01600000"],["94125.29000000","0.00000000"],["94127.14000000","0.00000000"],["94128.67000000","0.00000000"],["94141.86000000","0.00000000"],["94147.93000000","0.10200000"],["94149.31000000","0.00000000"],["94152.76000000","0.00000000"],["94171.30000000","0.18905000"],["94215.07000000","0.00000000"],["94215.55000000","0.36598000"],["94225.40000000","0.00357000"],["94228.41000000","0.00000000"],["94239.33000000","0.00000000"],["94255.75000000","0.14871000"],["94323.83000000","0.00000000"],["95523.85000000","0.00100000"],["97286.17000000","0.00344000"]],"b":[["94112.15000000","2.03871000"],["94110.35000000","0.00007000"],["94104.51000000","0.16091000"],["94103.67000000","0.00000000"],["94098.47000000","0.49402000"],["94093.80000000","0.00000000"],["94092.96000000","0.00000000"],["94092.38000000","1.00000000"],["94090.81000000","0.00000000"],["94089.25000000","0.00000000"],["94073.77000000","0.00000000"],["94073.28000000","0.15900000"],["94072.76000000","0.76512000"],["94072.61000000","2.00000000"],["94069.47000000","0.00000000"],["94066.35000000","0.00000000"],["94060.56000000","0.47051000"],["94047.70000000","0.00000000"],["94030.85000000","0.00000000"],["94027.25000000","0.00178000"],["94021.44000000","0.00000000"],["94017.55000000","0.00357000"],["93981.12000000","1.18484000"],["93978.43000000","1.75863000"],["93975.34000000","0.90783000"],["93972.23000000","0.00000000"],["93931.12000000","0.00000000"],["93901.06000000","0.00000000"],["93565.03000000","0.10631000"],["93553.93000000","0.00006000"],["93471.14000000","0.00351000"],["92700.46000000","0.00000000"],["89413.99000000","0.00000000"],["84700.00000000","0.73434000"],["75289.72000000","0.00052000"],["33806.18000000","0.02916000"],["33000.00000000","2.70601000"],["20002.00000000","0.00000000"],["20001.00000000","0.03474000"]],"s":"BTCUSDT","e":"depthUpdate","E":1745777464014,"U":67663558868,"u":67663559015}
Received message: {"a":[["601.91000000","26.29200000"],["601.92000000","0.04500000"],["601.93000000","5.20800000"],["602.03000000","9.95100000"],["602.04000000","8.87500000"],["602.06000000","0.00000000"],["602.10000000","25.37100000"],["602.11000000","27.75500000"],["602.12000000","16.09500000"]],"b":[["601.90000000","36.72300000"],["601.88000000","1.70500000"],["601.87000000","1.52100000"],["601.86000000","3.59800000"],["601.85000000","3.00500000"],["601.84000000","2.91500000"],["601.83000000","0.88200000"],["601.82000000","3.16400000"],["601.81000000","0.67300000"],["601.79000000","1.17100000"],["601.76000000","5.31000000"],["601.53000000","21.68700000"],["601.51000000","11.57500000"],["601.25000000","2.86600000"],["601.18000000","8.25400000"],["600.69000000","3.58400000"],["600.04000000","7.36300000"],["215.70000000","0.42000000"],["215.68000000","0.33600000"],["215.60000000","0.58800000"],["215.55000000","0.19600000"],["215.53000000","0.25200000"],["215.52000000","0.14000000"],["215.51000000","0.16800000"],["215.49000000","0.11200000"]],"s":"BNBUSDT","e":"depthUpdate","E":1745777464106,"U":13738694594,"u":13738694664}
Received order book message: {"a":[["601.91000000","26.29200000"],["601.92000000","0.04500000"],["601.93000000","5.20800000"],["602.03000000","9.95100000"],["602.04000000","8.87500000"],["602.06000000","0.00000000"],["602.10000000","25.37100000"],["602.11000000","27.75500000"],["602.12000000","16.09500000"]],"b":[["601.90000000","36.72300000"],["601.88000000","1.70500000"],["601.87000000","1.52100000"],["601.86000000","3.59800000"],["601.85000000","3.00500000"],["601.84000000","2.91500000"],["601.83000000","0.88200000"],["601.82000000","3.16400000"],["601.81000000","0.67300000"],["601.79000000","1.17100000"],["601.76000000","5.31000000"],["601.53000000","21.68700000"],["601.51000000","11.57500000"],["601.25000000","2.86600000"],["601.18000000","8.25400000"],["600.69000000","3.58400000"],["600.04000000","7.36300000"],["215.70000000","0.42000000"],["215.68000000","0.33600000"],["215.60000000","0.58800000"],["215.55000000","0.19600000"],["215.53000000","0.25200000"],["215.52000000","0.14000000"],["215.51000000","0.16800000"],["215.49000000","0.11200000"]],"s":"BNBUSDT","e":"depthUpdate","E":1745777464106,"U":13738694594,"u":13738694664}
Received message: {"p":"94112.15000000","a":3551019488,"q":"0.00050000","s":"BTCUSDT","T":1745777464204,"e":"aggTrade","E":1745777464204,"f":4855243365,"l":4855243365,"m":true,"M":true}
Received message: {"p":"94112.15000000","a":3551019488,"q":"0.00050000","s":"BTCUSDT","T":1745777464204,"e":"aggTrade","E":1745777464204,"f":4855243365,"l":4855243365,"m":true,"M":true}
Received message: {"p":"601.91000000","q":"0.47700000","s":"BNBUSDT","t":1041896933,"T":1745777464276,"e":"trade","E":1745777464277,"m":false,"M":true}
Received trade message: {"p":"601.91000000","q":"0.47700000","s":"BNBUSDT","t":1041896933,"T":1745777464276,"e":"trade","E":1745777464277,"m":false,"M":true}
Received message: {"p":"601.91000000","q":"0.53500000","s":"BNBUSDT","t":1041896934,"T":1745777464279,"e":"trade","E":1745777464279,"m":false,"M":true}
Received trade message: {"p":"601.91000000","q":"0.53500000","s":"BNBUSDT","t":1041896934,"T":1745777464279,"e":"trade","E":1745777464279,"m":false,"M":true}
Received message: {"p":"94112.15000000","a":3551019489,"q":"0.00896000","s":"BTCUSDT","T":1745777464561,"e":"aggTrade","E":1745777464561,"f":4855243366,"l":4855243366,"m":true,"M":true}
Received message: {"p":"94112.15000000","a":3551019489,"q":"0.00896000","s":"BTCUSDT","T":1745777464561,"e":"aggTrade","E":1745777464561,"f":4855243366,"l":4855243366,"m":true,"M":true}
Received message: {"a":[["94112.16000000","6.41047000"],["94112.17000000","0.01477000"],["94114.56000000","0.00012000"],["94114.57000000","0.02176000"],["94115.28000000","0.00000000"],["94118.20000000","0.04501000"],["94119.91000000","0.00106000"],["94125.96000000","0.00531000"],["94126.61000000","0.00000000"],["94127.13000000","0.00000000"],["94131.75000000","0.00531000"],["94138.87000000","1.43251000"],["94145.25000000","0.00000000"],["94146.51000000","1.72701000"],["94149.92000000","0.08000000"],["94183.73000000","0.10592000"],["94185.09000000","0.00000000"],["94196.91000000","0.00265000"],["94202.64000000","0.00000000"],["94203.20000000","0.00000000"],["94207.45000000","0.00265000"],["94214.97000000","0.00000000"],["94292.39000000","0.00106000"],["94293.48000000","0.00000000"],["94302.86000000","0.00106000"],["94305.29000000","0.00000000"],["94323.84000000","7.10779000"],["95523.85000000","0.00000000"]],"b":[["94112.15000000","2.39051000"],["94112.14000000","0.00210000"],["94109.29000000","0.00541000"],["94108.29000000","0.00531000"],["94107.79000000","0.00000000"],["94107.29000000","0.00531000"],["94106.29000000","0.45679000"],["94106.05000000","0.00000000"],["94105.29000000","0.00531000"],["94104.51000000","0.00000000"],["94104.10000000","0.16105000"],["94104.09000000","0.09852000"],["94101.09000000","0.00106000"],["94091.77000000","0.00531000"],["94090.29000000","0.00000000"],["94084.65000000","0.49561000"],["94080.80000000","1.80337000"],["94077.91000000","0.00017000"],["94077.59000000","0.00008000"],["94076.92000000","0.00000000"],["94074.36000000","0.00000000"],["94073.28000000","0.00000000"],["94072.25000000","0.00000000"],["94072.15000000","0.11104000"],["94071.58000000","0.15900000"],["94070.11000000","0.00000000"],["94046.78000000","0.00000000"],["94044.84000000","0.00264000"],["94035.85000000","0.00000000"],["94034.91000000","0.00265000"],["93950.74000000","0.00106000"],["93940.38000000","0.00106000"],["93939.06000000","0.00000000"],["93928.61000000","0.00000000"],["93915.30000000","0.00000000"],["93913.80000000","0.00233000"],["93899.74000000","7.08049000"],["92700.46000000","0.00100000"],["84700.00000000","0.73434000"],["75289.72000000","0.00052000"],["33000.00000000","2.70601000"]],"s":"BTCUSDT","e":"depthUpdate","E":1745777465014,"U":67663559016,"u":67663559104}
Received message: {"a":[["94112.16000000","6.41047000"],["94112.17000000","0.01477000"],["94114.56000000","0.00012000"],["94114.57000000","0.02176000"],["94115.28000000","0.00000000"],["94118.20000000","0.04501000"],["94119.91000000","0.00106000"],["94125.96000000","0.00531000"],["94126.61000000","0.00000000"],["94127.13000000","0.00000000"],["94131.75000000","0.00531000"],["94138.87000000","1.43251000"],["94145.25000000","0.00000000"],["94146.51000000","1.72701000"],["94149.92000000","0.08000000"],["94183.73000000","0.10592000"],["94185.09000000","0.00000000"],["94196.91000000","0.00265000"],["94202.64000000","0.00000000"],["94203.20000000","0.00000000"],["94207.45000000","0.00265000"],["94214.97000000","0.00000000"],["94292.39000000","0.00106000"],["94293.48000000","0.00000000"],["94302.86000000","0.00106000"],["94305.29000000","0.00000000"],["94323.84000000","7.10779000"],["95523.85000000","0.00000000"]],"b":[["94112.15000000","2.39051000"],["94112.14000000","0.00210000"],["94109.29000000","0.00541000"],["94108.29000000","0.00531000"],["94107.79000000","0.00000000"],["94107.29000000","0.00531000"],["94106.29000000","0.45679000"],["94106.05000000","0.00000000"],["94105.29000000","0.00531000"],["94104.51000000","0.00000000"],["94104.10000000","0.16105000"],["94104.09000000","0.09852000"],["94101.09000000","0.00106000"],["94091.77000000","0.00531000"],["94090.29000000","0.00000000"],["94084.65000000","0.49561000"],["94080.80000000","1.80337000"],["94077.91000000","0.00017000"],["94077.59000000","0.00008000"],["94076.92000000","0.00000000"],["94074.36000000","0.00000000"],["94073.28000000","0.00000000"],["94072.25000000","0.00000000"],["94072.15000000","0.11104000"],["94071.58000000","0.15900000"],["94070.11000000","0.00000000"],["94046.78000000","0.00000000"],["94044.84000000","0.00264000"],["94035.85000000","0.00000000"],["94034.91000000","0.00265000"],["93950.74000000","0.00106000"],["93940.38000000","0.00106000"],["93939.06000000","0.00000000"],["93928.61000000","0.00000000"],["93915.30000000","0.00000000"],["93913.80000000","0.00233000"],["93899.74000000","7.08049000"],["92700.46000000","0.00100000"],["84700.00000000","0.73434000"],["75289.72000000","0.00052000"],["33000.00000000","2.70601000"]],"s":"BTCUSDT","e":"depthUpdate","E":1745777465014,"U":67663559016,"u":67663559104}
Received message: {"p":"601.91000000","q":"0.01700000","s":"BNBUSDT","t":1041896935,"T":1745777465061,"e":"trade","E":1745777465061,"m":false,"M":true}
Received trade message: {"p":"601.91000000","q":"0.01700000","s":"BNBUSDT","t":1041896935,"T":1745777465061,"e":"trade","E":1745777465061,"m":false,"M":true}
Received message: {"a":[["601.91000000","16.18500000"],["601.95000000","23.72000000"],["601.96000000","20.29400000"],["602.03000000","3.30600000"],["602.04000000","15.52000000"],["602.16000000","76.75400000"],["602.36000000","3.58100000"],["603.25000000","241.43500000"]],"b":[["601.90000000","33.06500000"],["601.88000000","2.53500000"],["601.87000000","0.69100000"],["601.86000000","3.59800000"],["601.84000000","2.92400000"],["601.83000000","0.89100000"],["601.82000000","3.99400000"],["601.80000000","7.60700000"],["601.79000000","0.33200000"],["601.77000000","19.76200000"],["601.76000000","5.31000000"],["601.18000000","8.26300000"],["599.88000000","0.89500000"],["599.81000000","3.33100000"],["216.69000000","0.02800000"]],"s":"BNBUSDT","e":"depthUpdate","E":1745777465106,"U":13738694665,"u":13738694715}
Received order book message: {"a":[["601.91000000","16.18500000"],["601.95000000","23.72000000"],["601.96000000","20.29400000"],["602.03000000","3.30600000"],["602.04000000","15.52000000"],["602.16000000","76.75400000"],["602.36000000","3.58100000"],["603.25000000","241.43500000"]],"b":[["601.90000000","33.06500000"],["601.88000000","2.53500000"],["601.87000000","0.69100000"],["601.86000000","3.59800000"],["601.84000000","2.92400000"],["601.83000000","0.89100000"],["601.82000000","3.99400000"],["601.80000000","7.60700000"],["601.79000000","0.33200000"],["601.77000000","19.76200000"],["601.76000000","5.31000000"],["601.18000000","8.26300000"],["599.88000000","0.89500000"],["599.81000000","3.33100000"],["216.69000000","0.02800000"]],"s":"BNBUSDT","e":"depthUpdate","E":1745777465106,"U":13738694665,"u":13738694715}
Received message: {"p":"94112.16000000","a":3551019490,"q":"0.00531000","s":"BTCUSDT","T":1745777465210,"e":"aggTrade","E":1745777465210,"f":4855243367,"l":4855243367,"m":false,"M":true}
Received message: {"p":"94112.16000000","a":3551019490,"q":"0.00531000","s":"BTCUSDT","T":1745777465210,"e":"aggTrade","E":1745777465210,"f":4855243367,"l":4855243367,"m":false,"M":true}
Received message: {"p":"601.91000000","q":"2.57900000","s":"BNBUSDT","t":1041896936,"T":1745777465249,"e":"trade","E":1745777465250,"m":false,"M":true}
Received trade message: {"p":"601.91000000","q":"2.57900000","s":"BNBUSDT","t":1041896936,"T":1745777465249,"e":"trade","E":1745777465250,"m":false,"M":true}
Received message: {"p":"601.91000000","q":"3.70500000","s":"BNBUSDT","t":1041896937,"T":1745777465249,"e":"trade","E":1745777465250,"m":false,"M":true}
Received trade message: {"p":"601.91000000","q":"3.70500000","s":"BNBUSDT","t":1041896937,"T":1745777465249,"e":"trade","E":1745777465250,"m":false,"M":true}
Received message: {"p":"601.91000000","q":"4.48000000","s":"BNBUSDT","t":1041896938,"T":1745777465249,"e":"trade","E":1745777465250,"m":false,"M":true}
Received trade message: {"p":"601.91000000","q":"4.48000000","s":"BNBUSDT","t":1041896938,"T":1745777465249,"e":"trade","E":1745777465250,"m":false,"M":true}
Received message: {"p":"601.91000000","q":"0.00900000","s":"BNBUSDT","t":1041896939,"T":1745777465249,"e":"trade","E":1745777465250,"m":false,"M":true}
Received trade message: {"p":"601.91000000","q":"0.00900000","s":"BNBUSDT","t":1041896939,"T":1745777465249,"e":"trade","E":1745777465250,"m":false,"M":true}
Received message: {"p":"601.91000000","q":"0.00900000","s":"BNBUSDT","t":1041896940,"T":1745777465249,"e":"trade","E":1745777465250,"m":false,"M":true}
Received trade message: {"p":"601.91000000","q":"0.00900000","s":"BNBUSDT","t":1041896940,"T":1745777465249,"e":"trade","E":1745777465250,"m":false,"M":true}
Received message: {"p":"601.91000000","q":"0.00900000","s":"BNBUSDT","t":1041896941,"T":1745777465249,"e":"trade","E":1745777465250,"m":false,"M":true}
Received trade message: {"p":"601.91000000","q":"0.00900000","s":"BNBUSDT","t":1041896941,"T":1745777465249,"e":"trade","E":1745777465250,"m":false,"M":true}
Received message: {"p":"601.91000000","q":"0.00900000","s":"BNBUSDT","t":1041896942,"T":1745777465249,"e":"trade","E":1745777465250,"m":false,"M":true}
Received trade message: {"p":"601.91000000","q":"0.00900000","s":"BNBUSDT","t":1041896942,"T":1745777465249,"e":"trade","E":1745777465250,"m":false,"M":true}
Received message: {"p":"601.91000000","q":"0.00900000","s":"BNBUSDT","t":1041896943,"T":1745777465249,"e":"trade","E":1745777465250,"m":false,"M":true}
Received trade message: {"p":"601.91000000","q":"0.00900000","s":"BNBUSDT","t":1041896943,"T":1745777465249,"e":"trade","E":1745777465250,"m":false,"M":true}
Received message: {"p":"601.91000000","q":"0.00900000","s":"BNBUSDT","t":1041896944,"T":1745777465249,"e":"trade","E":1745777465250,"m":false,"M":true}
Received trade message: {"p":"601.91000000","q":"0.00900000","s":"BNBUSDT","t":1041896944,"T":1745777465249,"e":"trade","E":1745777465250,"m":false,"M":true}
Received message: {"p":"601.91000000","q":"0.00900000","s":"BNBUSDT","t":1041896945,"T":1745777465249,"e":"trade","E":1745777465250,"m":false,"M":true}
Received trade message: {"p":"601.91000000","q":"0.00900000","s":"BNBUSDT","t":1041896945,"T":1745777465249,"e":"trade","E":1745777465250,"m":false,"M":true}
Received message: {"p":"601.91000000","q":"0.02300000","s":"BNBUSDT","t":1041896946,"T":1745777465249,"e":"trade","E":1745777465250,"m":false,"M":true}
Received trade message: {"p":"601.91000000","q":"0.02300000","s":"BNBUSDT","t":1041896946,"T":1745777465249,"e":"trade","E":1745777465250,"m":false,"M":true}
Received message: {"p":"601.91000000","q":"0.15400000","s":"BNBUSDT","t":1041896947,"T":1745777465249,"e":"trade","E":1745777465250,"m":false,"M":true}
Received trade message: {"p":"601.91000000","q":"0.15400000","s":"BNBUSDT","t":1041896947,"T":1745777465249,"e":"trade","E":1745777465250,"m":false,"M":true}
Received message: {"p":"601.91000000","q":"0.00900000","s":"BNBUSDT","t":1041896948,"T":1745777465249,"e":"trade","E":1745777465250,"m":false,"M":true}
Received trade message: {"p":"601.91000000","q":"0.00900000","s":"BNBUSDT","t":1041896948,"T":1745777465249,"e":"trade","E":1745777465250,"m":false,"M":true}
Received message: {"p":"601.91000000","q":"0.00900000","s":"BNBUSDT","t":1041896949,"T":1745777465251,"e":"trade","E":1745777465252,"m":false,"M":true}
Received trade message: {"p":"601.91000000","q":"0.00900000","s":"BNBUSDT","t":1041896949,"T":1745777465251,"e":"trade","E":1745777465252,"m":false,"M":true}
Received message: {"p":"601.91000000","q":"0.00900000","s":"BNBUSDT","t":1041896950,"T":1745777465251,"e":"trade","E":1745777465252,"m":false,"M":true}
Received trade message: {"p":"601.91000000","q":"0.00900000","s":"BNBUSDT","t":1041896950,"T":1745777465251,"e":"trade","E":1745777465252,"m":false,"M":true}
Received message: {"p":"601.91000000","q":"0.00900000","s":"BNBUSDT","t":1041896951,"T":1745777465251,"e":"trade","E":1745777465252,"m":false,"M":true}
Received trade message: {"p":"601.91000000","q":"0.00900000","s":"BNBUSDT","t":1041896951,"T":1745777465251,"e":"trade","E":1745777465252,"m":false,"M":true}
Received message: {"p":"601.92000000","q":"0.00900000","s":"BNBUSDT","t":1041896952,"T":1745777465251,"e":"trade","E":1745777465252,"m":false,"M":true}
Received trade message: {"p":"601.92000000","q":"0.00900000","s":"BNBUSDT","t":1041896952,"T":1745777465251,"e":"trade","E":1745777465252,"m":false,"M":true}
Received message: {"p":"601.92000000","q":"0.00900000","s":"BNBUSDT","t":1041896953,"T":1745777465251,"e":"trade","E":1745777465252,"m":false,"M":true}
Received trade message: {"p":"601.92000000","q":"0.00900000","s":"BNBUSDT","t":1041896953,"T":1745777465251,"e":"trade","E":1745777465252,"m":false,"M":true}
Received message: {"p":"601.92000000","q":"0.00900000","s":"BNBUSDT","t":1041896954,"T":1745777465251,"e":"trade","E":1745777465252,"m":false,"M":true}
Received trade message: {"p":"601.92000000","q":"0.00900000","s":"BNBUSDT","t":1041896954,"T":1745777465251,"e":"trade","E":1745777465252,"m":false,"M":true}
Received message: {"p":"601.92000000","q":"0.00900000","s":"BNBUSDT","t":1041896955,"T":1745777465251,"e":"trade","E":1745777465252,"m":false,"M":true}
Received trade message: {"p":"601.92000000","q":"0.00900000","s":"BNBUSDT","t":1041896955,"T":1745777465251,"e":"trade","E":1745777465252,"m":false,"M":true}
Received message: {"p":"601.92000000","q":"0.00900000","s":"BNBUSDT","t":1041896956,"T":1745777465251,"e":"trade","E":1745777465252,"m":false,"M":true}
Received trade message: {"p":"601.92000000","q":"0.00900000","s":"BNBUSDT","t":1041896956,"T":1745777465251,"e":"trade","E":1745777465252,"m":false,"M":true}
Received message: {"p":"601.92000000","q":"0.00900000","s":"BNBUSDT","t":1041896957,"T":1745777465251,"e":"trade","E":1745777465252,"m":false,"M":true}
Received trade message: {"p":"601.92000000","q":"0.00900000","s":"BNBUSDT","t":1041896957,"T":1745777465251,"e":"trade","E":1745777465252,"m":false,"M":true}
Received message: {"p":"601.92000000","q":"0.00900000","s":"BNBUSDT","t":1041896958,"T":1745777465251,"e":"trade","E":1745777465252,"m":false,"M":true}
Received trade message: {"p":"601.92000000","q":"0.00900000","s":"BNBUSDT","t":1041896958,"T":1745777465251,"e":"trade","E":1745777465252,"m":false,"M":true}
Received message: {"p":"94112.15000000","a":3551019491,"q":"0.00993000","s":"BTCUSDT","T":1745777465969,"e":"aggTrade","E":1745777465969,"f":4855243368,"l":4855243368,"m":true,"M":true}
Received message: {"p":"94112.15000000","a":3551019491,"q":"0.00993000","s":"BTCUSDT","T":1745777465969,"e":"aggTrade","E":1745777465969,"f":4855243368,"l":4855243368,"m":true,"M":true}
Received message: {"a":[["94112.16000000","6.40548000"],["94125.96000000","0.00000000"],["94126.23000000","0.00531000"],["94128.96000000","0.00000000"],["94321.84000000","0.02000000"],["95523.85000000","0.00100000"]],"b":[["94112.15000000","2.38502000"],["94102.75000000","0.00000000"],["94100.27000000","0.00212000"],["94098.41000000","0.00000000"],["94077.91000000","0.00000000"],["94073.53000000","0.21497000"],["94071.58000000","0.00000000"],["94070.54000000","0.00000000"],["93265.14000000","0.00016000"],["93171.03000000","0.00008000"],["92700.46000000","0.00000000"],["89400.00000000","0.61031000"],["84700.00000000","0.73434000"],["79000.00000000","27.02840000"],["75289.72000000","0.00052000"],["33780.24000000","0.00000000"],["33777.39000000","0.00612000"],["33774.09000000","0.00054000"],["33770.32000000","0.00036000"],["33763.66000000","0.00018000"],["33000.00000000","2.70601000"]],"s":"BTCUSDT","e":"depthUpdate","E":1745777466014,"U":67663559105,"u":67663559152}
Received message: {"a":[["94112.16000000","6.40548000"],["94125.96000000","0.00000000"],["94126.23000000","0.00531000"],["94128.96000000","0.00000000"],["94321.84000000","0.02000000"],["95523.85000000","0.00100000"]],"b":[["94112.15000000","2.38502000"],["94102.75000000","0.00000000"],["94100.27000000","0.00212000"],["94098.41000000","0.00000000"],["94077.91000000","0.00000000"],["94073.53000000","0.21497000"],["94071.58000000","0.00000000"],["94070.54000000","0.00000000"],["93265.14000000","0.00016000"],["93171.03000000","0.00008000"],["92700.46000000","0.00000000"],["89400.00000000","0.61031000"],["84700.00000000","0.73434000"],["79000.00000000","27.02840000"],["75289.72000000","0.00052000"],["33780.24000000","0.00000000"],["33777.39000000","0.00612000"],["33774.09000000","0.00054000"],["33770.32000000","0.00036000"],["33763.66000000","0.00018000"],["33000.00000000","2.70601000"]],"s":"BTCUSDT","e":"depthUpdate","E":1745777466014,"U":67663559105,"u":67663559152}
Received message: {"a":[["601.91000000","0.00000000"],["601.92000000","0.00000000"],["601.93000000","0.06300000"],["601.94000000","0.04500000"],["601.95000000","0.03700000"],["601.96000000","3.33600000"],["601.97000000","0.01800000"],["601.98000000","0.00900000"],["601.99000000","12.59600000"],["602.00000000","24.60600000"],["602.01000000","20.03500000"],["602.02000000","14.84300000"],["602.03000000","1.64600000"],["602.04000000","6.27000000"],["602.05000000","0.68200000"],["602.06000000","6.64400000"],["602.07000000","5.98200000"],["602.08000000","6.71600000"],["602.09000000","2.01400000"],["602.10000000","29.37100000"],["602.12000000","15.78700000"],["602.15000000","7.70400000"],["602.16000000","75.20500000"],["602.17000000","18.55100000"],["602.18000000","33.23700000"],["602.27000000","1.74100000"],["602.36000000","2.74100000"],["602.38000000","4.50800000"],["602.39000000","4.22000000"],["602.52000000","10.67000000"],["602.56000000","49.73300000"],["602.58000000","145.66200000"],["602.60000000","33.77200000"],["602.76000000","24.11500000"],["602.88000000","0.12000000"],["602.91000000","22.94300000"],["602.93000000","0.08000000"],["603.03000000","22.55600000"],["603.06000000","16.63800000"],["603.09000000","4.37300000"],["603.98000000","0.12500000"],["604.66000000","0.14500000"],["606.73000000","9.06300000"],["608.83000000","60.75600000"]],"b":[["601.92000000","58.72300000"],["601.91000000","20.68600000"],["601.90000000","23.73900000"],["601.89000000","3.55300000"],["601.88000000","10.35800000"],["601.87000000","2.82900000"],["601.86000000","5.85800000"],["601.85000000","11.46300000"],["601.83000000","2.63200000"],["601.82000000","2.91400000"],["601.80000000","2.21500000"],["601.77000000","7.24900000"],["601.76000000","5.72500000"],["601.74000000","12.98500000"],["601.73000000","8.96100000"],["601.72000000","2.50800000"],["601.68000000","46.19700000"],["601.35000000","18.30000000"],["601.18000000","8.25400000"],["600.78000000","22.42300000"]],"s":"BNBUSDT","e":"depthUpdate","E":1745777466106,"U":13738694716,"u":13738694947}
Received order book message: {"a":[["601.91000000","0.00000000"],["601.92000000","0.00000000"],["601.93000000","0.06300000"],["601.94000000","0.04500000"],["601.95000000","0.03700000"],["601.96000000","3.33600000"],["601.97000000","0.01800000"],["601.98000000","0.00900000"],["601.99000000","12.59600000"],["602.00000000","24.60600000"],["602.01000000","20.03500000"],["602.02000000","14.84300000"],["602.03000000","1.64600000"],["602.04000000","6.27000000"],["602.05000000","0.68200000"],["602.06000000","6.64400000"],["602.07000000","5.98200000"],["602.08000000","6.71600000"],["602.09000000","2.01400000"],["602.10000000","29.37100000"],["602.12000000","15.78700000"],["602.15000000","7.70400000"],["602.16000000","75.20500000"],["602.17000000","18.55100000"],["602.18000000","33.23700000"],["602.27000000","1.74100000"],["602.36000000","2.74100000"],["602.38000000","4.50800000"],["602.39000000","4.22000000"],["602.52000000","10.67000000"],["602.56000000","49.73300000"],["602.58000000","145.66200000"],["602.60000000","33.77200000"],["602.76000000","24.11500000"],["602.88000000","0.12000000"],["602.91000000","22.94300000"],["602.93000000","0.08000000"],["603.03000000","22.55600000"],["603.06000000","16.63800000"],["603.09000000","4.37300000"],["603.98000000","0.12500000"],["604.66000000","0.14500000"],["606.73000000","9.06300000"],["608.83000000","60.75600000"]],"b":[["601.92000000","58.72300000"],["601.91000000","20.68600000"],["601.90000000","23.73900000"],["601.89000000","3.55300000"],["601.88000000","10.35800000"],["601.87000000","2.82900000"],["601.86000000","5.85800000"],["601.85000000","11.46300000"],["601.83000000","2.63200000"],["601.82000000","2.91400000"],["601.80000000","2.21500000"],["601.77000000","7.24900000"],["601.76000000","5.72500000"],["601.74000000","12.98500000"],["601.73000000","8.96100000"],["601.72000000","2.50800000"],["601.68000000","46.19700000"],["601.35000000","18.30000000"],["601.18000000","8.25400000"],["600.78000000","22.42300000"]],"s":"BNBUSDT","e":"depthUpdate","E":1745777466106,"U":13738694716,"u":13738694947}
Received message: {"p":"601.93000000","q":"0.00900000","s":"BNBUSDT","t":1041896959,"T":1745777466358,"e":"trade","E":1745777466359,"m":false,"M":true}
Received trade message: {"p":"601.93000000","q":"0.00900000","s":"BNBUSDT","t":1041896959,"T":1745777466358,"e":"trade","E":1745777466359,"m":false,"M":true}
Received message: {"p":"601.93000000","q":"0.00900000","s":"BNBUSDT","t":1041896960,"T":1745777466358,"e":"trade","E":1745777466359,"m":false,"M":true}
Received trade message: {"p":"601.93000000","q":"0.00900000","s":"BNBUSDT","t":1041896960,"T":1745777466358,"e":"trade","E":1745777466359,"m":false,"M":true}
Received message: {"p":"601.93000000","q":"0.00900000","s":"BNBUSDT","t":1041896961,"T":1745777466358,"e":"trade","E":1745777466359,"m":false,"M":true}
Received trade message: {"p":"601.93000000","q":"0.00900000","s":"BNBUSDT","t":1041896961,"T":1745777466358,"e":"trade","E":1745777466359,"m":false,"M":true}
Received message: {"p":"601.93000000","q":"0.00900000","s":"BNBUSDT","t":1041896962,"T":1745777466358,"e":"trade","E":1745777466359,"m":false,"M":true}
Received trade message: {"p":"601.93000000","q":"0.00900000","s":"BNBUSDT","t":1041896962,"T":1745777466358,"e":"trade","E":1745777466359,"m":false,"M":true}
Received message: {"p":"601.93000000","q":"0.00900000","s":"BNBUSDT","t":1041896963,"T":1745777466358,"e":"trade","E":1745777466359,"m":false,"M":true}
Received trade message: {"p":"601.93000000","q":"0.00900000","s":"BNBUSDT","t":1041896963,"T":1745777466358,"e":"trade","E":1745777466359,"m":false,"M":true}
Received message: {"p":"601.93000000","q":"0.00900000","s":"BNBUSDT","t":1041896964,"T":1745777466358,"e":"trade","E":1745777466359,"m":false,"M":true}
Received trade message: {"p":"601.93000000","q":"0.00900000","s":"BNBUSDT","t":1041896964,"T":1745777466358,"e":"trade","E":1745777466359,"m":false,"M":true}
Received message: {"p":"94112.16000000","a":3551019492,"q":"0.00135000","s":"BTCUSDT","T":1745777466481,"e":"aggTrade","E":1745777466481,"f":4855243369,"l":4855243369,"m":false,"M":true}
Received message: {"p":"94112.16000000","a":3551019492,"q":"0.00135000","s":"BTCUSDT","T":1745777466481,"e":"aggTrade","E":1745777466481,"f":4855243369,"l":4855243369,"m":false,"M":true}
Received message: {"p":"601.93000000","q":"0.00900000","s":"BNBUSDT","t":1041896965,"T":1745777466607,"e":"trade","E":1745777466607,"m":false,"M":true}
Received trade message: {"p":"601.93000000","q":"0.00900000","s":"BNBUSDT","t":1041896965,"T":1745777466607,"e":"trade","E":1745777466607,"m":false,"M":true}
Received message: {"p":"601.93000000","q":"0.00900000","s":"BNBUSDT","t":1041896966,"T":1745777466607,"e":"trade","E":1745777466607,"m":false,"M":true}
Received trade message: {"p":"601.93000000","q":"0.00900000","s":"BNBUSDT","t":1041896966,"T":1745777466607,"e":"trade","E":1745777466607,"m":false,"M":true}
Received message: {"p":"601.93000000","q":"0.00900000","s":"BNBUSDT","t":1041896967,"T":1745777466607,"e":"trade","E":1745777466608,"m":false,"M":true}
Received trade message: {"p":"601.93000000","q":"0.00900000","s":"BNBUSDT","t":1041896967,"T":1745777466607,"e":"trade","E":1745777466608,"m":false,"M":true}
Received message: {"p":"601.93000000","q":"0.00900000","s":"BNBUSDT","t":1041896968,"T":1745777466607,"e":"trade","E":1745777466608,"m":false,"M":true}
Received trade message: {"p":"601.93000000","q":"0.00900000","s":"BNBUSDT","t":1041896968,"T":1745777466607,"e":"trade","E":1745777466608,"m":false,"M":true}
Received message: {"p":"601.93000000","q":"0.00900000","s":"BNBUSDT","t":1041896969,"T":1745777466607,"e":"trade","E":1745777466608,"m":false,"M":true}
Received trade message: {"p":"601.93000000","q":"0.00900000","s":"BNBUSDT","t":1041896969,"T":1745777466607,"e":"trade","E":1745777466608,"m":false,"M":true}
Received message: {"p":"601.93000000","q":"0.00900000","s":"BNBUSDT","t":1041896970,"T":1745777466607,"e":"trade","E":1745777466608,"m":false,"M":true}
Received trade message: {"p":"601.93000000","q":"0.00900000","s":"BNBUSDT","t":1041896970,"T":1745777466607,"e":"trade","E":1745777466608,"m":false,"M":true}
Received message: {"p":"601.93000000","q":"0.00900000","s":"BNBUSDT","t":1041896971,"T":1745777466607,"e":"trade","E":1745777466608,"m":false,"M":true}
Received trade message: {"p":"601.93000000","q":"0.00900000","s":"BNBUSDT","t":1041896971,"T":1745777466607,"e":"trade","E":1745777466608,"m":false,"M":true}
Received message: {"p":"601.93000000","q":"0.00900000","s":"BNBUSDT","t":1041896972,"T":1745777466607,"e":"trade","E":1745777466608,"m":false,"M":true}
Received trade message: {"p":"601.93000000","q":"0.00900000","s":"BNBUSDT","t":1041896972,"T":1745777466607,"e":"trade","E":1745777466608,"m":false,"M":true}
Received message: {"p":"601.93000000","q":"0.00900000","s":"BNBUSDT","t":1041896973,"T":1745777466607,"e":"trade","E":1745777466608,"m":false,"M":true}
Received trade message: {"p":"601.93000000","q":"0.00900000","s":"BNBUSDT","t":1041896973,"T":1745777466607,"e":"trade","E":1745777466608,"m":false,"M":true}
Received message: {"p":"601.93000000","q":"0.00900000","s":"BNBUSDT","t":1041896974,"T":1745777466607,"e":"trade","E":1745777466608,"m":false,"M":true}
Received trade message: {"p":"601.93000000","q":"0.00900000","s":"BNBUSDT","t":1041896974,"T":1745777466607,"e":"trade","E":1745777466608,"m":false,"M":true}
Received message: {"p":"601.94000000","q":"0.00900000","s":"BNBUSDT","t":1041896975,"T":1745777466607,"e":"trade","E":1745777466608,"m":false,"M":true}
Received trade message: {"p":"601.94000000","q":"0.00900000","s":"BNBUSDT","t":1041896975,"T":1745777466607,"e":"trade","E":1745777466608,"m":false,"M":true}
Received message: {"p":"601.94000000","q":"0.00900000","s":"BNBUSDT","t":1041896976,"T":1745777466607,"e":"trade","E":1745777466608,"m":false,"M":true}
Received trade message: {"p":"601.94000000","q":"0.00900000","s":"BNBUSDT","t":1041896976,"T":1745777466607,"e":"trade","E":1745777466608,"m":false,"M":true}
Received message: {"p":"601.94000000","q":"0.00900000","s":"BNBUSDT","t":1041896977,"T":1745777466607,"e":"trade","E":1745777466608,"m":false,"M":true}
Received trade message: {"p":"601.94000000","q":"0.00900000","s":"BNBUSDT","t":1041896977,"T":1745777466607,"e":"trade","E":1745777466608,"m":false,"M":true}
Received message: {"p":"601.94000000","q":"0.00900000","s":"BNBUSDT","t":1041896978,"T":1745777466607,"e":"trade","E":1745777466608,"m":false,"M":true}
Received trade message: {"p":"601.94000000","q":"0.00900000","s":"BNBUSDT","t":1041896978,"T":1745777466607,"e":"trade","E":1745777466608,"m":false,"M":true}
Received message: {"p":"601.94000000","q":"0.00900000","s":"BNBUSDT","t":1041896979,"T":1745777466607,"e":"trade","E":1745777466608,"m":false,"M":true}
Received trade message: {"p":"601.94000000","q":"0.00900000","s":"BNBUSDT","t":1041896979,"T":1745777466607,"e":"trade","E":1745777466608,"m":false,"M":true}
Received message: {"p":"601.94000000","q":"0.00900000","s":"BNBUSDT","t":1041896980,"T":1745777466607,"e":"trade","E":1745777466608,"m":false,"M":true}
Received trade message: {"p":"601.94000000","q":"0.00900000","s":"BNBUSDT","t":1041896980,"T":1745777466607,"e":"trade","E":1745777466608,"m":false,"M":true}
Received message: {"p":"601.94000000","q":"0.00900000","s":"BNBUSDT","t":1041896981,"T":1745777466607,"e":"trade","E":1745777466608,"m":false,"M":true}
Received trade message: {"p":"601.94000000","q":"0.00900000","s":"BNBUSDT","t":1041896981,"T":1745777466607,"e":"trade","E":1745777466608,"m":false,"M":true}
Received message: {"p":"601.95000000","q":"0.00900000","s":"BNBUSDT","t":1041896982,"T":1745777466607,"e":"trade","E":1745777466608,"m":false,"M":true}
Received trade message: {"p":"601.95000000","q":"0.00900000","s":"BNBUSDT","t":1041896982,"T":1745777466607,"e":"trade","E":1745777466608,"m":false,"M":true}
Received message: {"p":"601.95000000","q":"0.00900000","s":"BNBUSDT","t":1041896983,"T":1745777466607,"e":"trade","E":1745777466608,"m":false,"M":true}
Received trade message: {"p":"601.95000000","q":"0.00900000","s":"BNBUSDT","t":1041896983,"T":1745777466607,"e":"trade","E":1745777466608,"m":false,"M":true}
Received message: {"p":"601.95000000","q":"0.01000000","s":"BNBUSDT","t":1041896984,"T":1745777466607,"e":"trade","E":1745777466608,"m":false,"M":true}
Received trade message: {"p":"601.95000000","q":"0.01000000","s":"BNBUSDT","t":1041896984,"T":1745777466607,"e":"trade","E":1745777466608,"m":false,"M":true}
Received message: {"p":"601.95000000","q":"0.00900000","s":"BNBUSDT","t":1041896985,"T":1745777466607,"e":"trade","E":1745777466608,"m":false,"M":true}
Received trade message: {"p":"601.95000000","q":"0.00900000","s":"BNBUSDT","t":1041896985,"T":1745777466607,"e":"trade","E":1745777466608,"m":false,"M":true}
Received message: {"p":"601.95000000","q":"0.00900000","s":"BNBUSDT","t":1041896986,"T":1745777466607,"e":"trade","E":1745777466608,"m":false,"M":true}
Received trade message: {"p":"601.95000000","q":"0.00900000","s":"BNBUSDT","t":1041896986,"T":1745777466607,"e":"trade","E":1745777466608,"m":false,"M":true}
Received message: {"p":"601.96000000","q":"0.00900000","s":"BNBUSDT","t":1041896987,"T":1745777466607,"e":"trade","E":1745777466608,"m":false,"M":true}
Received trade message: {"p":"601.96000000","q":"0.00900000","s":"BNBUSDT","t":1041896987,"T":1745777466607,"e":"trade","E":1745777466608,"m":false,"M":true}
Received message: {"p":"601.96000000","q":"0.00900000","s":"BNBUSDT","t":1041896988,"T":1745777466607,"e":"trade","E":1745777466608,"m":false,"M":true}
Received trade message: {"p":"601.96000000","q":"0.00900000","s":"BNBUSDT","t":1041896988,"T":1745777466607,"e":"trade","E":1745777466608,"m":false,"M":true}
Received message: {"p":"601.96000000","q":"0.00900000","s":"BNBUSDT","t":1041896989,"T":1745777466607,"e":"trade","E":1745777466608,"m":false,"M":true}
Received trade message: {"p":"601.96000000","q":"0.00900000","s":"BNBUSDT","t":1041896989,"T":1745777466607,"e":"trade","E":1745777466608,"m":false,"M":true}
Received message: {"p":"601.96000000","q":"0.00900000","s":"BNBUSDT","t":1041896990,"T":1745777466607,"e":"trade","E":1745777466608,"m":false,"M":true}
Received trade message: {"p":"601.96000000","q":"0.00900000","s":"BNBUSDT","t":1041896990,"T":1745777466607,"e":"trade","E":1745777466608,"m":false,"M":true}
Received message: {"p":"601.96000000","q":"0.00900000","s":"BNBUSDT","t":1041896991,"T":1745777466607,"e":"trade","E":1745777466608,"m":false,"M":true}
Received trade message: {"p":"601.96000000","q":"0.00900000","s":"BNBUSDT","t":1041896991,"T":1745777466607,"e":"trade","E":1745777466608,"m":false,"M":true}
Received message: {"p":"601.97000000","q":"0.00900000","s":"BNBUSDT","t":1041896992,"T":1745777466607,"e":"trade","E":1745777466608,"m":false,"M":true}
Received trade message: {"p":"601.97000000","q":"0.00900000","s":"BNBUSDT","t":1041896992,"T":1745777466607,"e":"trade","E":1745777466608,"m":false,"M":true}
Received message: {"p":"601.97000000","q":"0.00900000","s":"BNBUSDT","t":1041896993,"T":1745777466607,"e":"trade","E":1745777466608,"m":false,"M":true}
Received trade message: {"p":"601.97000000","q":"0.00900000","s":"BNBUSDT","t":1041896993,"T":1745777466607,"e":"trade","E":1745777466608,"m":false,"M":true}
Received message: {"p":"601.98000000","q":"0.00900000","s":"BNBUSDT","t":1041896994,"T":1745777466607,"e":"trade","E":1745777466608,"m":false,"M":true}
Received trade message: {"p":"601.98000000","q":"0.00900000","s":"BNBUSDT","t":1041896994,"T":1745777466607,"e":"trade","E":1745777466608,"m":false,"M":true}
Received message: {"a":[["94112.16000000","5.02755000"],["94112.17000000","0.01495000"],["94113.96000000","0.00007000"],["94114.56000000","0.00000000"],["94114.57000000","0.00000000"],["94115.00000000","0.04250000"],["94115.09000000","0.00012000"],["94115.10000000","0.39889000"],["94115.11000000","0.70104000"],["94115.25000000","0.00000000"],["94115.26000000","0.00006000"],["94115.28000000","0.00000000"],["94115.49000000","0.00000000"],["94115.80000000","0.00000000"],["94115.81000000","0.00000000"],["94118.36000000","0.00010000"],["94118.51000000","0.00764000"],["94118.67000000","0.01355000"],["94119.33000000","0.07013000"],["94119.91000000","0.00000000"],["94119.97000000","1.13796000"],["94122.31000000","0.00000000"],["94122.76000000","0.00106000"],["94123.25000000","0.00000000"],["94124.14000000","0.00000000"],["94126.23000000","0.00000000"],["94126.83000000","0.00000000"],["94128.96000000","0.00531000"],["94131.75000000","0.00000000"],["94133.45000000","0.00531000"],["94136.27000000","0.00000000"],["94136.87000000","0.00000000"],["94143.16000000","0.00000000"],["94149.92000000","0.00000000"],["94150.00000000","0.02186000"],["94154.51000000","0.04716000"],["94155.89000000","0.51289000"],["94185.09000000","0.00046000"],["94248.23000000","0.00006000"],["94253.48000000","0.00000000"],["94266.84000000","1.31347000"],["94269.28000000","0.00400000"],["95523.85000000","0.00000000"]],"b":[["94112.15000000","2.48502000"],["94112.14000000","0.00216000"],["94110.48000000","0.02306000"],["94109.29000000","0.00553000"],["94109.28000000","0.25857000"],["94109.27000000","0.70114000"],["94108.70000000","0.00009000"],["94108.00000000","0.04250000"],["94107.88000000","0.30880000"],["94106.69000000","0.00000000"],["94106.68000000","0.24416000"],["94106.67000000","0.00000000"],["94104.81000000","0.16133000"],["94104.10000000","0.00000000"],["94103.94000000","0.00106000"],["94102.39000000","0.22676000"],["94102.38000000","0.00000000"],["94101.09000000","0.00000000"],["94093.48000000","0.08015000"],["94093.44000000","0.00531000"],["94091.77000000","0.00000000"],["94074.00000000","0.00000000"],["94073.53000000","0.05597000"],["94072.90000000","0.00011000"],["94072.86000000","0.15900000"],["94071.90000000","0.00000000"],["94071.61000000","0.00000000"],["94033.65000000","0.03422000"],["94018.72000000","0.00000000"],["93171.03000000","0.00016000"],["93076.92000000","0.15358000"],["92982.80000000","0.00008000"],["92888.69000000","0.00008000"],["92700.46000000","0.00100000"],["84700.00000000","0.73434000"],["75289.72000000","0.00052000"],["42000.00000000","3.70683000"],["33803.19000000","0.00054000"],["33793.04000000","0.01908000"],["33777.39000000","0.00558000"],["33770.32000000","0.00018000"],["33763.66000000","0.00000000"],["33000.00000000","2.70601000"]],"s":"BTCUSDT","e":"depthUpdate","E":1745777467014,"U":67663559153,"u":67663559311}
Received message: {"a":[["94112.16000000","5.02755000"],["94112.17000000","0.01495000"],["94113.96000000","0.00007000"],["94114.56000000","0.00000000"],["94114.57000000","0.00000000"],["94115.00000000","0.04250000"],["94115.09000000","0.00012000"],["94115.10000000","0.39889000"],["94115.11000000","0.70104000"],["94115.25000000","0.00000000"],["94115.26000000","0.00006000"],["94115.28000000","0.00000000"],["94115.49000000","0.00000000"],["94115.80000000","0.00000000"],["94115.81000000","0.00000000"],["94118.36000000","0.00010000"],["94118.51000000","0.00764000"],["94118.67000000","0.01355000"],["94119.33000000","0.07013000"],["94119.91000000","0.00000000"],["94119.97000000","1.13796000"],["94122.31000000","0.00000000"],["94122.76000000","0.00106000"],["94123.25000000","0.00000000"],["94124.14000000","0.00000000"],["94126.23000000","0.00000000"],["94126.83000000","0.00000000"],["94128.96000000","0.00531000"],["94131.75000000","0.00000000"],["94133.45000000","0.00531000"],["94136.27000000","0.00000000"],["94136.87000000","0.00000000"],["94143.16000000","0.00000000"],["94149.92000000","0.00000000"],["94150.00000000","0.02186000"],["94154.51000000","0.04716000"],["94155.89000000","0.51289000"],["94185.09000000","0.00046000"],["94248.23000000","0.00006000"],["94253.48000000","0.00000000"],["94266.84000000","1.31347000"],["94269.28000000","0.00400000"],["95523.85000000","0.00000000"]],"b":[["94112.15000000","2.48502000"],["94112.14000000","0.00216000"],["94110.48000000","0.02306000"],["94109.29000000","0.00553000"],["94109.28000000","0.25857000"],["94109.27000000","0.70114000"],["94108.70000000","0.00009000"],["94108.00000000","0.04250000"],["94107.88000000","0.30880000"],["94106.69000000","0.00000000"],["94106.68000000","0.24416000"],["94106.67000000","0.00000000"],["94104.81000000","0.16133000"],["94104.10000000","0.00000000"],["94103.94000000","0.00106000"],["94102.39000000","0.22676000"],["94102.38000000","0.00000000"],["94101.09000000","0.00000000"],["94093.48000000","0.08015000"],["94093.44000000","0.00531000"],["94091.77000000","0.00000000"],["94074.00000000","0.00000000"],["94073.53000000","0.05597000"],["94072.90000000","0.00011000"],["94072.86000000","0.15900000"],["94071.90000000","0.00000000"],["94071.61000000","0.00000000"],["94033.65000000","0.03422000"],["94018.72000000","0.00000000"],["93171.03000000","0.00016000"],["93076.92000000","0.15358000"],["92982.80000000","0.00008000"],["92888.69000000","0.00008000"],["92700.46000000","0.00100000"],["84700.00000000","0.73434000"],["75289.72000000","0.00052000"],["42000.00000000","3.70683000"],["33803.19000000","0.00054000"],["33793.04000000","0.01908000"],["33777.39000000","0.00558000"],["33770.32000000","0.00018000"],["33763.66000000","0.00000000"],["33000.00000000","2.70601000"]],"s":"BTCUSDT","e":"depthUpdate","E":1745777467014,"U":67663559153,"u":67663559311}
Received message: {"a":[["601.93000000","0.00000000"],["601.94000000","0.00000000"],["601.95000000","0.00000000"],["601.96000000","0.00000000"],["601.97000000","0.00000000"],["601.98000000","0.00000000"],["601.99000000","14.46000000"],["602.00000000","22.61300000"],["602.01000000","14.41600000"],["602.02000000","14.87000000"],["602.03000000","3.36600000"],["602.04000000","2.22900000"],["602.05000000","0.67300000"],["602.06000000","0.00000000"],["602.08000000","8.31400000"],["602.09000000","8.32600000"],["602.10000000","33.35600000"],["602.11000000","9.86200000"],["602.12000000","15.78700000"],["602.13000000","34.17200000"],["602.15000000","9.37300000"],["602.16000000","75.21400000"],["602.17000000","18.61200000"],["602.19000000","43.89000000"],["602.21000000","0.01300000"],["602.24000000","0.28900000"],["602.27000000","3.27800000"],["602.28000000","7.31900000"],["602.34000000","9.61500000"],["602.39000000","3.37600000"],["602.41000000","4.77100000"],["602.44000000","11.72100000"],["602.46000000","18.00100000"],["602.55000000","19.49800000"],["602.63000000","11.73500000"],["602.74000000","3.49100000"],["602.76000000","17.84600000"],["602.79000000","20.71400000"],["603.58000000","0.09600000"],["603.98000000","0.14200000"],["604.01000000","140.24900000"],["604.04000000","0.06300000"],["604.07000000","8.99200000"],["604.47000000","7.70800000"]],"b":[["601.98000000","55.59300000"],["601.97000000","0.03600000"],["601.96000000","0.35900000"],["601.95000000","0.11800000"],["601.94000000","14.40900000"],["601.93000000","25.07800000"],["601.92000000","29.35600000"],["601.91000000","10.98100000"],["601.90000000","4.59500000"],["601.89000000","3.40200000"],["601.88000000","10.36600000"],["601.87000000","2.67300000"],["601.86000000","7.54200000"],["601.85000000","11.38000000"],["601.84000000","2.92400000"],["601.83000000","8.60500000"],["601.82000000","3.24600000"],["601.80000000","2.62100000"],["601.79000000","3.78100000"],["601.78000000","7.73000000"],["601.77000000","7.24000000"],["601.76000000","5.38400000"],["601.74000000","12.97600000"],["601.73000000","9.79100000"],["601.64000000","9.47500000"],["601.58000000","2.91700000"],["601.53000000","19.61000000"],["601.47000000","21.88300000"],["601.42000000","2.62200000"],["601.24000000","6.51500000"],["601.20000000","13.87000000"],["601.13000000","0.01100000"],["600.36000000","16.45400000"],["600.00000000","7.77500000"],["599.97000000","0.00000000"],["599.95000000","1.72200000"],["599.88000000","0.00000000"],["599.68000000","5.57800000"],["599.65000000","0.00000000"],["597.14000000","0.05400000"]],"s":"BNBUSDT","e":"depthUpdate","E":1745777467106,"U":13738694948,"u":13738695317}
Received order book message: {"a":[["601.93000000","0.00000000"],["601.94000000","0.00000000"],["601.95000000","0.00000000"],["601.96000000","0.00000000"],["601.97000000","0.00000000"],["601.98000000","0.00000000"],["601.99000000","14.46000000"],["602.00000000","22.61300000"],["602.01000000","14.41600000"],["602.02000000","14.87000000"],["602.03000000","3.36600000"],["602.04000000","2.22900000"],["602.05000000","0.67300000"],["602.06000000","0.00000000"],["602.08000000","8.31400000"],["602.09000000","8.32600000"],["602.10000000","33.35600000"],["602.11000000","9.86200000"],["602.12000000","15.78700000"],["602.13000000","34.17200000"],["602.15000000","9.37300000"],["602.16000000","75.21400000"],["602.17000000","18.61200000"],["602.19000000","43.89000000"],["602.21000000","0.01300000"],["602.24000000","0.28900000"],["602.27000000","3.27800000"],["602.28000000","7.31900000"],["602.34000000","9.61500000"],["602.39000000","3.37600000"],["602.41000000","4.77100000"],["602.44000000","11.72100000"],["602.46000000","18.00100000"],["602.55000000","19.49800000"],["602.63000000","11.73500000"],["602.74000000","3.49100000"],["602.76000000","17.84600000"],["602.79000000","20.71400000"],["603.58000000","0.09600000"],["603.98000000","0.14200000"],["604.01000000","140.24900000"],["604.04000000","0.06300000"],["604.07000000","8.99200000"],["604.47000000","7.70800000"]],"b":[["601.98000000","55.59300000"],["601.97000000","0.03600000"],["601.96000000","0.35900000"],["601.95000000","0.11800000"],["601.94000000","14.40900000"],["601.93000000","25.07800000"],["601.92000000","29.35600000"],["601.91000000","10.98100000"],["601.90000000","4.59500000"],["601.89000000","3.40200000"],["601.88000000","10.36600000"],["601.87000000","2.67300000"],["601.86000000","7.54200000"],["601.85000000","11.38000000"],["601.84000000","2.92400000"],["601.83000000","8.60500000"],["601.82000000","3.24600000"],["601.80000000","2.62100000"],["601.79000000","3.78100000"],["601.78000000","7.73000000"],["601.77000000","7.24000000"],["601.76000000","5.38400000"],["601.74000000","12.97600000"],["601.73000000","9.79100000"],["601.64000000","9.47500000"],["601.58000000","2.91700000"],["601.53000000","19.61000000"],["601.47000000","21.88300000"],["601.42000000","2.62200000"],["601.24000000","6.51500000"],["601.20000000","13.87000000"],["601.13000000","0.01100000"],["600.36000000","16.45400000"],["600.00000000","7.77500000"],["599.97000000","0.00000000"],["599.95000000","1.72200000"],["599.88000000","0.00000000"],["599.68000000","5.57800000"],["599.65000000","0.00000000"],["597.14000000","0.05400000"]],"s":"BNBUSDT","e":"depthUpdate","E":1745777467106,"U":13738694948,"u":13738695317}
Received message: {"p":"601.99000000","q":"0.00900000","s":"BNBUSDT","t":1041896995,"T":1745777467271,"e":"trade","E":1745777467271,"m":false,"M":true}
Received trade message: {"p":"601.99000000","q":"0.00900000","s":"BNBUSDT","t":1041896995,"T":1745777467271,"e":"trade","E":1745777467271,"m":false,"M":true}
Received message: {"p":"601.99000000","q":"0.01000000","s":"BNBUSDT","t":1041896996,"T":1745777467271,"e":"trade","E":1745777467271,"m":false,"M":true}
Received trade message: {"p":"601.99000000","q":"0.01000000","s":"BNBUSDT","t":1041896996,"T":1745777467271,"e":"trade","E":1745777467271,"m":false,"M":true}
Received message: {"p":"94112.15000000","a":3551019493,"q":"0.00367000","s":"BTCUSDT","T":1745777467380,"e":"aggTrade","E":1745777467381,"f":4855243370,"l":4855243370,"m":true,"M":true}
Received message: {"p":"94112.15000000","a":3551019493,"q":"0.00367000","s":"BTCUSDT","T":1745777467380,"e":"aggTrade","E":1745777467381,"f":4855243370,"l":4855243370,"m":true,"M":true}
Received message: {"p":"94112.16000000","a":3551019494,"q":"0.02656000","s":"BTCUSDT","T":1745777467386,"e":"aggTrade","E":1745777467387,"f":4855243371,"l":4855243371,"m":false,"M":true}
Received message: {"p":"94112.16000000","a":3551019494,"q":"0.02656000","s":"BTCUSDT","T":1745777467386,"e":"aggTrade","E":1745777467387,"f":4855243371,"l":4855243371,"m":false,"M":true}
Received message: {"p":"601.99000000","q":"0.00700000","s":"BNBUSDT","t":1041896997,"T":1745777467407,"e":"trade","E":1745777467407,"m":false,"M":true}
Received trade message: {"p":"601.99000000","q":"0.00700000","s":"BNBUSDT","t":1041896997,"T":1745777467407,"e":"trade","E":1745777467407,"m":false,"M":true}
Received message: {"p":"601.99000000","q":"0.00900000","s":"BNBUSDT","t":1041896998,"T":1745777467407,"e":"trade","E":1745777467407,"m":false,"M":true}
Received trade message: {"p":"601.99000000","q":"0.00900000","s":"BNBUSDT","t":1041896998,"T":1745777467407,"e":"trade","E":1745777467407,"m":false,"M":true}
Received message: {"p":"601.99000000","q":"0.00900000","s":"BNBUSDT","t":1041896999,"T":1745777467407,"e":"trade","E":1745777467407,"m":false,"M":true}
Received trade message: {"p":"601.99000000","q":"0.00900000","s":"BNBUSDT","t":1041896999,"T":1745777467407,"e":"trade","E":1745777467407,"m":false,"M":true}
Received message: {"p":"601.99000000","q":"0.00900000","s":"BNBUSDT","t":1041897000,"T":1745777467407,"e":"trade","E":1745777467407,"m":false,"M":true}
Received trade message: {"p":"601.99000000","q":"0.00900000","s":"BNBUSDT","t":1041897000,"T":1745777467407,"e":"trade","E":1745777467407,"m":false,"M":true}
Received message: {"p":"601.99000000","q":"0.00900000","s":"BNBUSDT","t":1041897001,"T":1745777467407,"e":"trade","E":1745777467407,"m":false,"M":true}
Received trade message: {"p":"601.99000000","q":"0.00900000","s":"BNBUSDT","t":1041897001,"T":1745777467407,"e":"trade","E":1745777467407,"m":false,"M":true}
Received message: {"p":"601.99000000","q":"0.00900000","s":"BNBUSDT","t":1041897002,"T":1745777467407,"e":"trade","E":1745777467407,"m":false,"M":true}
Received trade message: {"p":"601.99000000","q":"0.00900000","s":"BNBUSDT","t":1041897002,"T":1745777467407,"e":"trade","E":1745777467407,"m":false,"M":true}
Received message: {"p":"601.99000000","q":"0.00900000","s":"BNBUSDT","t":1041897003,"T":1745777467407,"e":"trade","E":1745777467407,"m":false,"M":true}
Received trade message: {"p":"601.99000000","q":"0.00900000","s":"BNBUSDT","t":1041897003,"T":1745777467407,"e":"trade","E":1745777467407,"m":false,"M":true}
Received message: {"p":"601.99000000","q":"0.00900000","s":"BNBUSDT","t":1041897004,"T":1745777467407,"e":"trade","E":1745777467407,"m":false,"M":true}
Received trade message: {"p":"601.99000000","q":"0.00900000","s":"BNBUSDT","t":1041897004,"T":1745777467407,"e":"trade","E":1745777467407,"m":false,"M":true}
Received message: {"p":"602.00000000","q":"0.00900000","s":"BNBUSDT","t":1041897005,"T":1745777467407,"e":"trade","E":1745777467407,"m":false,"M":true}
Received trade message: {"p":"602.00000000","q":"0.00900000","s":"BNBUSDT","t":1041897005,"T":1745777467407,"e":"trade","E":1745777467407,"m":false,"M":true}
Received message: {"p":"602.00000000","q":"0.00900000","s":"BNBUSDT","t":1041897006,"T":1745777467407,"e":"trade","E":1745777467407,"m":false,"M":true}
Received trade message: {"p":"602.00000000","q":"0.00900000","s":"BNBUSDT","t":1041897006,"T":1745777467407,"e":"trade","E":1745777467407,"m":false,"M":true}
Received message: {"p":"602.00000000","q":"0.00900000","s":"BNBUSDT","t":1041897007,"T":1745777467407,"e":"trade","E":1745777467407,"m":false,"M":true}
Received trade message: {"p":"602.00000000","q":"0.00900000","s":"BNBUSDT","t":1041897007,"T":1745777467407,"e":"trade","E":1745777467407,"m":false,"M":true}
Received message: {"p":"602.00000000","q":"0.00900000","s":"BNBUSDT","t":1041897008,"T":1745777467407,"e":"trade","E":1745777467407,"m":false,"M":true}
Received trade message: {"p":"602.00000000","q":"0.00900000","s":"BNBUSDT","t":1041897008,"T":1745777467407,"e":"trade","E":1745777467407,"m":false,"M":true}
Received message: {"p":"602.00000000","q":"0.00900000","s":"BNBUSDT","t":1041897009,"T":1745777467407,"e":"trade","E":1745777467407,"m":false,"M":true}
Received trade message: {"p":"602.00000000","q":"0.00900000","s":"BNBUSDT","t":1041897009,"T":1745777467407,"e":"trade","E":1745777467407,"m":false,"M":true}
Received message: {"p":"602.00000000","q":"0.00900000","s":"BNBUSDT","t":1041897010,"T":1745777467407,"e":"trade","E":1745777467407,"m":false,"M":true}
Received trade message: {"p":"602.00000000","q":"0.00900000","s":"BNBUSDT","t":1041897010,"T":1745777467407,"e":"trade","E":1745777467407,"m":false,"M":true}
Received message: {"p":"602.00000000","q":"0.00900000","s":"BNBUSDT","t":1041897011,"T":1745777467407,"e":"trade","E":1745777467407,"m":false,"M":true}
Received trade message: {"p":"602.00000000","q":"0.00900000","s":"BNBUSDT","t":1041897011,"T":1745777467407,"e":"trade","E":1745777467407,"m":false,"M":true}
Received message: {"p":"602.01000000","q":"0.00900000","s":"BNBUSDT","t":1041897012,"T":1745777467407,"e":"trade","E":1745777467407,"m":false,"M":true}
Received trade message: {"p":"602.01000000","q":"0.00900000","s":"BNBUSDT","t":1041897012,"T":1745777467407,"e":"trade","E":1745777467407,"m":false,"M":true}
Received message: {"p":"602.01000000","q":"0.00900000","s":"BNBUSDT","t":1041897013,"T":1745777467407,"e":"trade","E":1745777467407,"m":false,"M":true}
Received trade message: {"p":"602.01000000","q":"0.00900000","s":"BNBUSDT","t":1041897013,"T":1745777467407,"e":"trade","E":1745777467407,"m":false,"M":true}
Received message: {"p":"602.01000000","q":"0.00900000","s":"BNBUSDT","t":1041897014,"T":1745777467407,"e":"trade","E":1745777467407,"m":false,"M":true}
Received trade message: {"p":"602.01000000","q":"0.00900000","s":"BNBUSDT","t":1041897014,"T":1745777467407,"e":"trade","E":1745777467407,"m":false,"M":true}
Received message: {"p":"602.01000000","q":"0.00900000","s":"BNBUSDT","t":1041897015,"T":1745777467407,"e":"trade","E":1745777467407,"m":false,"M":true}
Received trade message: {"p":"602.01000000","q":"0.00900000","s":"BNBUSDT","t":1041897015,"T":1745777467407,"e":"trade","E":1745777467407,"m":false,"M":true}
Received message: {"p":"94112.16000000","a":3551019495,"q":"0.01836000","s":"BTCUSDT","T":1745777467615,"e":"aggTrade","E":1745777467616,"f":4855243372,"l":4855243398,"m":false,"M":true}
Received message: {"p":"94112.16000000","a":3551019495,"q":"0.01836000","s":"BTCUSDT","T":1745777467615,"e":"aggTrade","E":1745777467616,"f":4855243372,"l":4855243398,"m":false,"M":true}
Received message: {"p":"94112.17000000","a":3551019496,"q":"0.00240000","s":"BTCUSDT","T":1745777467615,"e":"aggTrade","E":1745777467616,"f":4855243399,"l":4855243438,"m":false,"M":true}
Received message: {"p":"94112.17000000","a":3551019496,"q":"0.00240000","s":"BTCUSDT","T":1745777467615,"e":"aggTrade","E":1745777467616,"f":4855243399,"l":4855243438,"m":false,"M":true}
Received message: {"p":"94112.62000000","a":3551019497,"q":"0.00006000","s":"BTCUSDT","T":1745777467615,"e":"aggTrade","E":1745777467616,"f":4855243439,"l":4855243439,"m":false,"M":true}
Received message: {"p":"94112.62000000","a":3551019497,"q":"0.00006000","s":"BTCUSDT","T":1745777467615,"e":"aggTrade","E":1745777467616,"f":4855243439,"l":4855243439,"m":false,"M":true}
Received message: {"p":"94112.63000000","a":3551019498,"q":"0.00006000","s":"BTCUSDT","T":1745777467615,"e":"aggTrade","E":1745777467616,"f":4855243440,"l":4855243440,"m":false,"M":true}
Received message: {"p":"94112.63000000","a":3551019498,"q":"0.00006000","s":"BTCUSDT","T":1745777467615,"e":"aggTrade","E":1745777467616,"f":4855243440,"l":4855243440,"m":false,"M":true}
Received message: {"p":"94112.91000000","a":3551019499,"q":"0.00032000","s":"BTCUSDT","T":1745777467615,"e":"aggTrade","E":1745777467616,"f":4855243441,"l":4855243445,"m":false,"M":true}
Received message: {"p":"94112.91000000","a":3551019499,"q":"0.00032000","s":"BTCUSDT","T":1745777467615,"e":"aggTrade","E":1745777467616,"f":4855243441,"l":4855243445,"m":false,"M":true}
Received message: {"p":"94112.92000000","a":3551019500,"q":"0.06024000","s":"BTCUSDT","T":1745777467615,"e":"aggTrade","E":1745777467616,"f":4855243446,"l":4855243450,"m":false,"M":true}
Received message: {"p":"94112.92000000","a":3551019500,"q":"0.06024000","s":"BTCUSDT","T":1745777467615,"e":"aggTrade","E":1745777467616,"f":4855243446,"l":4855243450,"m":false,"M":true}
Received message: {"p":"94113.03000000","a":3551019501,"q":"0.00006000","s":"BTCUSDT","T":1745777467615,"e":"aggTrade","E":1745777467616,"f":4855243451,"l":4855243451,"m":false,"M":true}
Received message: {"p":"94113.03000000","a":3551019501,"q":"0.00006000","s":"BTCUSDT","T":1745777467615,"e":"aggTrade","E":1745777467616,"f":4855243451,"l":4855243451,"m":false,"M":true}
Received message: {"p":"94113.33000000","a":3551019502,"q":"0.00006000","s":"BTCUSDT","T":1745777467615,"e":"aggTrade","E":1745777467616,"f":4855243452,"l":4855243452,"m":false,"M":true}
Received message: {"p":"94113.33000000","a":3551019502,"q":"0.00006000","s":"BTCUSDT","T":1745777467615,"e":"aggTrade","E":1745777467616,"f":4855243452,"l":4855243452,"m":false,"M":true}
Received message: {"p":"94113.61000000","a":3551019503,"q":"0.00765000","s":"BTCUSDT","T":1745777467615,"e":"aggTrade","E":1745777467616,"f":4855243453,"l":4855243453,"m":false,"M":true}
Received message: {"p":"94113.61000000","a":3551019503,"q":"0.00765000","s":"BTCUSDT","T":1745777467615,"e":"aggTrade","E":1745777467616,"f":4855243453,"l":4855243453,"m":false,"M":true}
Received message: {"p":"94113.65000000","a":3551019504,"q":"0.00006000","s":"BTCUSDT","T":1745777467615,"e":"aggTrade","E":1745777467616,"f":4855243454,"l":4855243454,"m":false,"M":true}
Received message: {"p":"94113.65000000","a":3551019504,"q":"0.00006000","s":"BTCUSDT","T":1745777467615,"e":"aggTrade","E":1745777467616,"f":4855243454,"l":4855243454,"m":false,"M":true}
Received message: {"p":"94113.96000000","a":3551019505,"q":"0.00007000","s":"BTCUSDT","T":1745777467615,"e":"aggTrade","E":1745777467616,"f":4855243455,"l":4855243455,"m":false,"M":true}
Received message: {"p":"94113.96000000","a":3551019505,"q":"0.00007000","s":"BTCUSDT","T":1745777467615,"e":"aggTrade","E":1745777467616,"f":4855243455,"l":4855243455,"m":false,"M":true}
Received message: {"p":"94115.18000000","a":3551019506,"q":"0.01548000","s":"BTCUSDT","T":1745777467615,"e":"aggTrade","E":1745777467616,"f":4855243456,"l":4855243459,"m":false,"M":true}
Received message: {"p":"94115.18000000","a":3551019506,"q":"0.01548000","s":"BTCUSDT","T":1745777467615,"e":"aggTrade","E":1745777467616,"f":4855243456,"l":4855243459,"m":false,"M":true}
Received message: {"p":"94115.63000000","a":3551019507,"q":"0.00007000","s":"BTCUSDT","T":1745777467615,"e":"aggTrade","E":1745777467616,"f":4855243460,"l":4855243460,"m":false,"M":true}
Received message: {"p":"94115.63000000","a":3551019507,"q":"0.00007000","s":"BTCUSDT","T":1745777467615,"e":"aggTrade","E":1745777467616,"f":4855243460,"l":4855243460,"m":false,"M":true}
Received message: {"p":"94116.22000000","a":3551019508,"q":"0.00013000","s":"BTCUSDT","T":1745777467615,"e":"aggTrade","E":1745777467616,"f":4855243461,"l":4855243461,"m":false,"M":true}
Received message: {"p":"94116.22000000","a":3551019508,"q":"0.00013000","s":"BTCUSDT","T":1745777467615,"e":"aggTrade","E":1745777467616,"f":4855243461,"l":4855243461,"m":false,"M":true}
Received message: {"p":"94116.56000000","a":3551019509,"q":"0.00030000","s":"BTCUSDT","T":1745777467615,"e":"aggTrade","E":1745777467616,"f":4855243462,"l":4855243463,"m":false,"M":true}
Received message: {"p":"94116.56000000","a":3551019509,"q":"0.00030000","s":"BTCUSDT","T":1745777467615,"e":"aggTrade","E":1745777467616,"f":4855243462,"l":4855243463,"m":false,"M":true}
Received message: {"p":"94116.87000000","a":3551019510,"q":"0.00575000","s":"BTCUSDT","T":1745777467615,"e":"aggTrade","E":1745777467616,"f":4855243464,"l":4855243465,"m":false,"M":true}
Received message: {"p":"94116.87000000","a":3551019510,"q":"0.00575000","s":"BTCUSDT","T":1745777467615,"e":"aggTrade","E":1745777467616,"f":4855243464,"l":4855243465,"m":false,"M":true}
Received message: {"p":"94117.59000000","a":3551019511,"q":"0.00014000","s":"BTCUSDT","T":1745777467615,"e":"aggTrade","E":1745777467616,"f":4855243466,"l":4855243466,"m":false,"M":true}
Received message: {"p":"94117.59000000","a":3551019511,"q":"0.00014000","s":"BTCUSDT","T":1745777467615,"e":"aggTrade","E":1745777467616,"f":4855243466,"l":4855243466,"m":false,"M":true}
Received message: {"p":"94119.98000000","a":3551019512,"q":"0.00027000","s":"BTCUSDT","T":1745777467615,"e":"aggTrade","E":1745777467616,"f":4855243467,"l":4855243470,"m":false,"M":true}
Received message: {"p":"94119.98000000","a":3551019512,"q":"0.00027000","s":"BTCUSDT","T":1745777467615,"e":"aggTrade","E":1745777467616,"f":4855243467,"l":4855243470,"m":false,"M":true}
Received message: {"a":[["94112.16000000","0.00000000"],["94112.17000000","0.00000000"],["94112.62000000","0.00000000"],["94112.63000000","0.00000000"],["94112.91000000","0.00000000"],["94112.92000000","0.00000000"],["94113.03000000","0.00000000"],["94113.33000000","0.00000000"],["94113.61000000","0.00000000"],["94113.65000000","0.00000000"],["94113.96000000","0.00000000"],["94114.09000000","0.00000000"],["94114.84000000","0.00000000"],["94114.85000000","0.00000000"],["94114.99000000","0.00000000"],["94115.00000000","0.00000000"],["94115.09000000","0.00000000"],["94115.10000000","0.00000000"],["94115.11000000","0.00000000"],["94115.17000000","0.00000000"],["94115.18000000","0.00000000"],["94115.26000000","0.00000000"],["94115.29000000","0.00000000"],["94115.43000000","0.00000000"],["94115.63000000","0.00000000"],["94116.00000000","0.00000000"],["94116.22000000","0.00000000"],["94116.35000000","0.00000000"],["94116.56000000","0.00000000"],["94116.57000000","0.00000000"],["94116.87000000","0.00000000"],["94117.26000000","0.00000000"],["94117.59000000","0.00000000"],["94117.60000000","0.00000000"],["94117.72000000","0.00000000"],["94117.99000000","0.00000000"],["94118.00000000","0.00000000"],["94118.16000000","0.00000000"],["94118.20000000","0.00000000"],["94118.36000000","0.00000000"],["94118.49000000","0.00000000"],["94118.50000000","0.00000000"],["94118.51000000","0.00000000"],["94118.57000000","0.00000000"],["94118.67000000","0.00000000"],["94119.33000000","0.00000000"],["94119.43000000","0.00000000"],["94119.96000000","0.00000000"],["94119.97000000","0.00000000"],["94119.98000000","0.00000000"],["94119.99000000","3.33996000"],["94120.00000000","0.65612000"],["94120.18000000","0.00000000"],["94120.49000000","0.00000000"],["94120.52000000","0.00000000"],["94120.96000000","0.00017000"],["94121.07000000","0.00012000"],["94121.39000000","0.00244000"],["94121.56000000","0.00026000"],["94121.57000000","0.18949000"],["94121.58000000","0.00006000"],["94121.72000000","0.02260000"],["94121.80000000","0.00007000"],["94121.89000000","0.00000000"],["94121.93000000","0.00000000"],["94122.00000000","0.04256000"],["94122.50000000","0.00000000"],["94122.68000000","0.00000000"],["94122.93000000","0.00000000"],["94123.71000000","0.00000000"],["94123.92000000","0.00000000"],["94123.98000000","0.00070000"],["94123.99000000","0.00000000"],["94124.37000000","0.00000000"],["94124.40000000","0.00000000"],["94124.41000000","0.00000000"],["94124.44000000","0.00419000"],["94124.68000000","0.70097000"],["94124.70000000","0.00044000"],["94125.10000000","0.00000000"],["94125.14000000","0.00000000"],["94125.24000000","0.00000000"],["94125.30000000","0.00000000"],["94125.32000000","0.00000000"],["94125.40000000","0.00000000"],["94125.49000000","0.00030000"],["94125.97000000","0.00000000"],["94126.02000000","0.00000000"],["94126.83000000","0.00000000"],["94126.84000000","0.00000000"],["94127.16000000","0.00000000"],["94127.23000000","0.00000000"],["94127.30000000","0.00000000"],["94127.32000000","0.21381000"],["94127.33000000","1.17496000"],["94127.34000000","0.00000000"],["94127.35000000","0.32327000"],["94127.42000000","0.00000000"],["94127.61000000","0.00000000"],["94127.62000000","0.00000000"],["94127.71000000","0.00000000"],["94127.72000000","0.00000000"],["94127.73000000","0.00000000"],["94127.84000000","0.00000000"],["94127.86000000","0.00000000"],["94128.00000000","0.00245000"],["94128.23000000","0.00000000"],["94128.30000000","0.00382000"],["94128.31000000","0.00382000"],["94128.32000000","0.01915000"],["94128.95000000","0.00000000"],["94128.96000000","0.00000000"],["94129.01000000","0.00000000"],["94129.02000000","0.31886000"],["94129.40000000","0.00531000"],["94129.42000000","0.00000000"],["94129.48000000","0.00000000"],["94129.60000000","0.00000000"],["94129.86000000","0.00000000"],["94129.91000000","0.00000000"],["94130.01000000","0.00000000"],["94130.02000000","0.00000000"],["94130.72000000","0.00000000"],["94130.77000000","0.00000000"],["94130.98000000","0.00000000"],["94131.27000000","0.00010000"],["94131.47000000","0.00000000"],["94131.99000000","0.00000000"],["94132.02000000","0.01355000"],["94132.20000000","0.00000000"],["94132.25000000","0.00382000"],["94132.28000000","0.00382000"],["94132.62000000","0.00000000"],["94132.66000000","0.00000000"],["94133.45000000","0.00013000"],["94133.97000000","0.01587000"],["94134.02000000","0.06000000"],["94134.11000000","0.00531000"],["94134.16000000","0.00000000"],["94134.45000000","0.00094000"],["94134.81000000","0.00000000"],["94134.86000000","0.00000000"],["94135.69000000","0.00000000"],["94136.04000000","0.00242000"],["94136.31000000","0.02000000"],["94136.46000000","0.00000000"],["94136.62000000","0.00000000"],["94137.49000000","0.09403000"],["94137.51000000","0.41896000"],["94137.80000000","2.24597000"],["94137.81000000","1.22229000"],["94138.43000000","0.53143000"],["94138.86000000","0.00531000"],["94138.87000000","0.00000000"],["94139.06000000","1.00000000"],["94140.08000000","0.04800000"],["94140.39000000","0.00000000"],["94140.62000000","0.00000000"],["94140.66000000","0.00000000"],["94141.30000000","1.69363000"],["94141.35000000","0.00000000"],["94143.56000000","0.00000000"],["94144.54000000","0.00000000"],["94144.91000000","0.06349000"],["94146.51000000","0.00000000"],["94147.35000000","0.00531000"],["94147.56000000","0.00000000"],["94147.93000000","0.00000000"],["94148.22000000","0.10628000"],["94150.07000000","0.00000000"],["94150.42000000","0.00000000"],["94151.37000000","0.00000000"],["94151.83000000","0.00000000"],["94151.98000000","0.00000000"],["94152.90000000","0.00000000"],["94153.16000000","0.00000000"],["94153.22000000","0.00512000"],["94153.52000000","0.04716000"],["94154.51000000","0.00000000"],["94154.78000000","0.00000000"],["94155.89000000","0.51289000"],["94156.85000000","0.00000000"],["94157.38000000","0.76443000"],["94157.56000000","0.10653000"],["94157.73000000","0.00000000"],["94158.46000000","1.60517000"],["94160.76000000","0.00000000"],["94160.91000000","0.00317000"],["94161.18000000","0.04243000"],["94162.58000000","0.03159000"],["94163.42000000","0.00000000"],["94164.30000000","0.00000000"],["94165.66000000","0.00000000"],["94165.96000000","2.00000000"],["94166.67000000","0.00000000"],["94169.08000000","0.00000000"],["94170.01000000","0.76432000"],["94171.70000000","0.00000000"],["94172.17000000","0.00000000"],["94175.99000000","0.00212000"],["94177.03000000","0.76427000"],["94180.80000000","0.00000000"],["94189.82000000","0.00000000"],["94193.66000000","0.00000000"],["94196.71000000","0.00000000"],["94196.91000000","0.00000000"],["94204.44000000","0.00000000"],["94204.73000000","0.00265000"],["94204.76000000","0.00147000"],["94207.45000000","0.00000000"],["94213.04000000","0.04800000"],["94215.49000000","0.00265000"],["94226.95000000","0.11499000"],["94227.38000000","0.11499000"],["94252.90000000","0.00000000"],["94265.12000000","0.00011000"],["94265.34000000","0.00070000"],["94266.84000000","0.00000000"],["94269.28000000","0.00000000"],["94292.39000000","0.00000000"],["94299.99000000","0.00116000"],["94302.86000000","0.00000000"],["94311.67000000","0.00106000"],["94344.62000000","0.00408000"],["94353.26000000","0.00000000"],["94470.00000000","0.05286000"],["94471.61000000","0.00000000"],["94517.00000000","0.03189000"],["94827.20000000","0.00000000"],["94864.80000000","0.05315000"],["95095.00000000","0.00348000"],["95118.75000000","0.10537000"],["95531.79000000","0.00100000"]],"b":[["94119.98000000","7.09663000"],["94119.97000000","0.00012000"],["94119.32000000","0.00018000"],["94119.09000000","0.00000000"],["94118.52000000","0.00018000"],["94118.51000000","0.07517000"],["94118.50000000","0.04280000"],["94118.49000000","0.00000000"],["94117.62000000","0.00012000"],["94117.61000000","0.17474000"],["94117.60000000","0.04286000"],["94117.58000000","0.00000000"],["94117.44000000","0.00012000"],["94117.43000000","0.30533000"],["94117.42000000","0.00018000"],["94117.41000000","0.70126000"],["94116.87000000","0.00006000"],["94116.86000000","0.14617000"],["94116.85000000","0.00006000"],["94116.81000000","0.01820000"],["94116.55000000","0.00006000"],["94116.21000000","0.00000000"],["94116.00000000","0.00000000"],["94115.99000000","0.00000000"],["94115.62000000","0.00000000"],["94115.54000000","0.00006000"],["94115.43000000","0.00000000"],["94115.42000000","0.00000000"],["94115.30000000","0.00000000"],["94115.28000000","0.00000000"],["94115.27000000","0.00575000"],["94115.25000000","0.00000000"],["94115.17000000","0.00000000"],["94115.00000000","0.04256000"],["94114.99000000","0.00000000"],["94114.39000000","0.00000000"],["94113.98000000","0.00000000"],["94113.96000000","0.00000000"],["94113.95000000","0.00000000"],["94113.64000000","0.14575000"],["94113.60000000","0.00000000"],["94113.36000000","0.00006000"],["94113.32000000","0.00000000"],["94113.02000000","0.00000000"],["94112.91000000","0.00000000"],["94112.90000000","0.00000000"],["94112.62000000","0.00000000"],["94112.61000000","0.00000000"],["94112.18000000","0.00000000"],["94112.17000000","0.57482000"],["94112.16000000","0.00000000"],["94112.15000000","1.56192000"],["94112.14000000","0.00000000"],["94112.09000000","0.00000000"],["94112.08000000","0.00000000"],["94112.06000000","0.00000000"],["94112.05000000","0.00000000"],["94112.04000000","0.00000000"],["94112.00000000","0.00556000"],["94111.79000000","0.00000000"],["94111.78000000","0.00000000"],["94111.66000000","0.00000000"],["94111.50000000","0.04250000"],["94111.38000000","0.00000000"],["94111.21000000","0.00000000"],["94111.20000000","0.04250000"],["94110.70000000","0.00000000"],["94110.69000000","0.00000000"],["94110.48000000","0.02294000"],["94109.88000000","0.00000000"],["94109.80000000","0.00011000"],["94109.30000000","0.00000000"],["94109.29000000","0.21912000"],["94109.28000000","0.00000000"],["94109.27000000","0.00000000"],["94109.19000000","0.00000000"],["94108.76000000","0.00000000"],["94108.70000000","0.00000000"],["94108.69000000","0.00000000"],["94108.44000000","0.02097000"],["94108.30000000","0.00000000"],["94108.23000000","0.00011000"],["94108.00000000","0.04250000"],["94107.88000000","0.00000000"],["94107.44000000","0.00531000"],["94106.69000000","0.00000000"],["94106.68000000","0.76743000"],["94106.29000000","0.45679000"],["94106.26000000","0.00496000"],["94105.77000000","0.10209000"],["94105.49000000","0.46157000"],["94105.30000000","0.00000000"],["94104.81000000","0.00000000"],["94104.68000000","0.00000000"],["94104.16000000","1.00000000"],["94104.10000000","0.21381000"],["94104.09000000","0.08265000"],["94104.00000000","0.05312000"],["94103.83000000","0.08015000"],["94103.73000000","0.21381000"],["94103.05000000","0.85279000"],["94103.04000000","1.71052000"],["94103.03000000","0.00000000"],["94102.74000000","0.00000000"],["94102.60000000","0.00000000"],["94102.51000000","0.00000000"],["94102.40000000","0.00000000"],["94102.39000000","0.00000000"],["94102.06000000","0.00000000"],["94102.03000000","0.00212000"],["94101.64000000","0.00000000"],["94101.56000000","0.00000000"],["94101.55000000","0.00531000"],["94101.54000000","0.00000000"],["94101.39000000","0.01800000"],["94101.15000000","0.05314000"],["94100.94000000","0.00000000"],["94100.27000000","0.00000000"],["94099.96000000","0.00000000"],["94099.84000000","0.31886000"],["94099.72000000","0.21381000"],["94099.53000000","0.00000000"],["94098.48000000","1.10000000"],["94098.47000000","0.00000000"],["94098.03000000","0.00000000"],["94097.94000000","0.00000000"],["94097.76000000","0.00000000"],["94096.99000000","0.00000000"],["94096.47000000","0.05312000"],["94095.69000000","0.00000000"],["94095.68000000","0.00011000"],["94095.53000000","0.02125000"],["94095.23000000","0.55050000"],["94094.06000000","0.00000000"],["94093.91000000","0.00000000"],["94093.44000000","0.00000000"],["94092.87000000","0.00000000"],["94092.68000000","0.00000000"],["94092.38000000","0.00000000"],["94091.88000000","0.00000000"],["94091.74000000","0.04992000"],["94090.97000000","0.00000000"],["94090.51000000","0.02125000"],["94090.50000000","0.00000000"],["94089.73000000","0.00000000"],["94089.57000000","0.00000000"],["94089.25000000","0.00000000"],["94088.34000000","2.00000000"],["94088.25000000","1.80579000"],["94087.77000000","0.00000000"],["94087.00000000","0.00000000"],["94086.87000000","0.00000000"],["94085.22000000","0.00000000"],["94084.65000000","0.49553000"],["94083.91000000","0.00000000"],["94083.37000000","0.00000000"],["94081.62000000","0.10221000"],["94080.80000000","0.00000000"],["94078.93000000","0.76506000"],["94078.89000000","0.25980000"],["94077.60000000","0.00000000"],["94075.97000000","0.25400000"],["94074.88000000","0.51357000"],["94072.86000000","0.00000000"],["94072.61000000","0.00000000"],["94072.26000000","0.00000000"],["94072.15000000","0.00000000"],["94071.10000000","0.00000000"],["94065.35000000","0.76518000"],["94064.18000000","0.00000000"],["94061.60000000","0.00000000"],["94061.21000000","0.00000000"],["94060.56000000","0.24095000"],["94060.55000000","0.00000000"],["94059.49000000","0.31886000"],["94056.06000000","0.63725000"],["94055.83000000","0.00000000"],["94054.50000000","0.05000000"],["94052.80000000","0.00264000"],["94051.92000000","0.00000000"],["94048.51000000","0.00000000"],["94047.94000000","0.03422000"],["94044.84000000","0.00000000"],["94043.48000000","0.00000000"],["94042.66000000","0.00265000"],["94040.58000000","0.02297000"],["94037.24000000","0.00000000"],["94034.91000000","0.00000000"],["94033.65000000","0.00000000"],["94032.39000000","0.00000000"],["94031.09000000","0.62328000"],["94026.99000000","0.00000000"],["94022.06000000","0.02949000"],["94019.58000000","0.00000000"],["94015.57000000","0.00260000"],["94008.02000000","0.00000000"],["94000.32000000","0.00000000"],["93982.72000000","0.00000000"],["93921.11000000","0.00206000"],["93913.80000000","0.00000000"],["93851.30000000","0.00000000"],["93718.85000000","0.00060000"],["93578.97000000","0.10638000"],["93565.03000000","0.00000000"],["92794.58000000","0.00008000"],["92700.47000000","0.00008000"],["92700.46000000","0.00000000"],["92606.36000000","0.00008000"],["92512.24000000","0.00008000"],["92418.13000000","0.00008000"],["86583.19000000","0.00000000"],["84707.00000000","0.00000000"],["84700.00000000","0.73434000"],["79000.00000000","27.02840000"],["75295.99000000","0.00052000"],["75289.72000000","0.00000000"],["33794.72000000","0.00000000"],["33788.57000000","0.00612000"],["33782.90000000","0.00504000"],["33782.55000000","0.00324000"],["33777.64000000","0.00774000"],["33777.39000000","0.00540000"],["33769.88000000","0.00000000"],["33768.61000000","0.00108000"],["33763.53000000","0.00360000"],["33000.00000000","2.70601000"]],"s":"BTCUSDT","e":"depthUpdate","E":1745777468014,"U":67663559312,"u":67663560778}
Received message: {"a":[["94112.16000000","0.00000000"],["94112.17000000","0.00000000"],["94112.62000000","0.00000000"],["94112.63000000","0.00000000"],["94112.91000000","0.00000000"],["94112.92000000","0.00000000"],["94113.03000000","0.00000000"],["94113.33000000","0.00000000"],["94113.61000000","0.00000000"],["94113.65000000","0.00000000"],["94113.96000000","0.00000000"],["94114.09000000","0.00000000"],["94114.84000000","0.00000000"],["94114.85000000","0.00000000"],["94114.99000000","0.00000000"],["94115.00000000","0.00000000"],["94115.09000000","0.00000000"],["94115.10000000","0.00000000"],["94115.11000000","0.00000000"],["94115.17000000","0.00000000"],["94115.18000000","0.00000000"],["94115.26000000","0.00000000"],["94115.29000000","0.00000000"],["94115.43000000","0.00000000"],["94115.63000000","0.00000000"],["94116.00000000","0.00000000"],["94116.22000000","0.00000000"],["94116.35000000","0.00000000"],["94116.56000000","0.00000000"],["94116.57000000","0.00000000"],["94116.87000000","0.00000000"],["94117.26000000","0.00000000"],["94117.59000000","0.00000000"],["94117.60000000","0.00000000"],["94117.72000000","0.00000000"],["94117.99000000","0.00000000"],["94118.00000000","0.00000000"],["94118.16000000","0.00000000"],["94118.20000000","0.00000000"],["94118.36000000","0.00000000"],["94118.49000000","0.00000000"],["94118.50000000","0.00000000"],["94118.51000000","0.00000000"],["94118.57000000","0.00000000"],["94118.67000000","0.00000000"],["94119.33000000","0.00000000"],["94119.43000000","0.00000000"],["94119.96000000","0.00000000"],["94119.97000000","0.00000000"],["94119.98000000","0.00000000"],["94119.99000000","3.33996000"],["94120.00000000","0.65612000"],["94120.18000000","0.00000000"],["94120.49000000","0.00000000"],["94120.52000000","0.00000000"],["94120.96000000","0.00017000"],["94121.07000000","0.00012000"],["94121.39000000","0.00244000"],["94121.56000000","0.00026000"],["94121.57000000","0.18949000"],["94121.58000000","0.00006000"],["94121.72000000","0.02260000"],["94121.80000000","0.00007000"],["94121.89000000","0.00000000"],["94121.93000000","0.00000000"],["94122.00000000","0.04256000"],["94122.50000000","0.00000000"],["94122.68000000","0.00000000"],["94122.93000000","0.00000000"],["94123.71000000","0.00000000"],["94123.92000000","0.00000000"],["94123.98000000","0.00070000"],["94123.99000000","0.00000000"],["94124.37000000","0.00000000"],["94124.40000000","0.00000000"],["94124.41000000","0.00000000"],["94124.44000000","0.00419000"],["94124.68000000","0.70097000"],["94124.70000000","0.00044000"],["94125.10000000","0.00000000"],["94125.14000000","0.00000000"],["94125.24000000","0.00000000"],["94125.30000000","0.00000000"],["94125.32000000","0.00000000"],["94125.40000000","0.00000000"],["94125.49000000","0.00030000"],["94125.97000000","0.00000000"],["94126.02000000","0.00000000"],["94126.83000000","0.00000000"],["94126.84000000","0.00000000"],["94127.16000000","0.00000000"],["94127.23000000","0.00000000"],["94127.30000000","0.00000000"],["94127.32000000","0.21381000"],["94127.33000000","1.17496000"],["94127.34000000","0.00000000"],["94127.35000000","0.32327000"],["94127.42000000","0.00000000"],["94127.61000000","0.00000000"],["94127.62000000","0.00000000"],["94127.71000000","0.00000000"],["94127.72000000","0.00000000"],["94127.73000000","0.00000000"],["94127.84000000","0.00000000"],["94127.86000000","0.00000000"],["94128.00000000","0.00245000"],["94128.23000000","0.00000000"],["94128.30000000","0.00382000"],["94128.31000000","0.00382000"],["94128.32000000","0.01915000"],["94128.95000000","0.00000000"],["94128.96000000","0.00000000"],["94129.01000000","0.00000000"],["94129.02000000","0.31886000"],["94129.40000000","0.00531000"],["94129.42000000","0.00000000"],["94129.48000000","0.00000000"],["94129.60000000","0.00000000"],["94129.86000000","0.00000000"],["94129.91000000","0.00000000"],["94130.01000000","0.00000000"],["94130.02000000","0.00000000"],["94130.72000000","0.00000000"],["94130.77000000","0.00000000"],["94130.98000000","0.00000000"],["94131.27000000","0.00010000"],["94131.47000000","0.00000000"],["94131.99000000","0.00000000"],["94132.02000000","0.01355000"],["94132.20000000","0.00000000"],["94132.25000000","0.00382000"],["94132.28000000","0.00382000"],["94132.62000000","0.00000000"],["94132.66000000","0.00000000"],["94133.45000000","0.00013000"],["94133.97000000","0.01587000"],["94134.02000000","0.06000000"],["94134.11000000","0.00531000"],["94134.16000000","0.00000000"],["94134.45000000","0.00094000"],["94134.81000000","0.00000000"],["94134.86000000","0.00000000"],["94135.69000000","0.00000000"],["94136.04000000","0.00242000"],["94136.31000000","0.02000000"],["94136.46000000","0.00000000"],["94136.62000000","0.00000000"],["94137.49000000","0.09403000"],["94137.51000000","0.41896000"],["94137.80000000","2.24597000"],["94137.81000000","1.22229000"],["94138.43000000","0.53143000"],["94138.86000000","0.00531000"],["94138.87000000","0.00000000"],["94139.06000000","1.00000000"],["94140.08000000","0.04800000"],["94140.39000000","0.00000000"],["94140.62000000","0.00000000"],["94140.66000000","0.00000000"],["94141.30000000","1.69363000"],["94141.35000000","0.00000000"],["94143.56000000","0.00000000"],["94144.54000000","0.00000000"],["94144.91000000","0.06349000"],["94146.51000000","0.00000000"],["94147.35000000","0.00531000"],["94147.56000000","0.00000000"],["94147.93000000","0.00000000"],["94148.22000000","0.10628000"],["94150.07000000","0.00000000"],["94150.42000000","0.00000000"],["94151.37000000","0.00000000"],["94151.83000000","0.00000000"],["94151.98000000","0.00000000"],["94152.90000000","0.00000000"],["94153.16000000","0.00000000"],["94153.22000000","0.00512000"],["94153.52000000","0.04716000"],["94154.51000000","0.00000000"],["94154.78000000","0.00000000"],["94155.89000000","0.51289000"],["94156.85000000","0.00000000"],["94157.38000000","0.76443000"],["94157.56000000","0.10653000"],["94157.73000000","0.00000000"],["94158.46000000","1.60517000"],["94160.76000000","0.00000000"],["94160.91000000","0.00317000"],["94161.18000000","0.04243000"],["94162.58000000","0.03159000"],["94163.42000000","0.00000000"],["94164.30000000","0.00000000"],["94165.66000000","0.00000000"],["94165.96000000","2.00000000"],["94166.67000000","0.00000000"],["94169.08000000","0.00000000"],["94170.01000000","0.76432000"],["94171.70000000","0.00000000"],["94172.17000000","0.00000000"],["94175.99000000","0.00212000"],["94177.03000000","0.76427000"],["94180.80000000","0.00000000"],["94189.82000000","0.00000000"],["94193.66000000","0.00000000"],["94196.71000000","0.00000000"],["94196.91000000","0.00000000"],["94204.44000000","0.00000000"],["94204.73000000","0.00265000"],["94204.76000000","0.00147000"],["94207.45000000","0.00000000"],["94213.04000000","0.04800000"],["94215.49000000","0.00265000"],["94226.95000000","0.11499000"],["94227.38000000","0.11499000"],["94252.90000000","0.00000000"],["94265.12000000","0.00011000"],["94265.34000000","0.00070000"],["94266.84000000","0.00000000"],["94269.28000000","0.00000000"],["94292.39000000","0.00000000"],["94299.99000000","0.00116000"],["94302.86000000","0.00000000"],["94311.67000000","0.00106000"],["94344.62000000","0.00408000"],["94353.26000000","0.00000000"],["94470.00000000","0.05286000"],["94471.61000000","0.00000000"],["94517.00000000","0.03189000"],["94827.20000000","0.00000000"],["94864.80000000","0.05315000"],["95095.00000000","0.00348000"],["95118.75000000","0.10537000"],["95531.79000000","0.00100000"]],"b":[["94119.98000000","7.09663000"],["94119.97000000","0.00012000"],["94119.32000000","0.00018000"],["94119.09000000","0.00000000"],["94118.52000000","0.00018000"],["94118.51000000","0.07517000"],["94118.50000000","0.04280000"],["94118.49000000","0.00000000"],["94117.62000000","0.00012000"],["94117.61000000","0.17474000"],["94117.60000000","0.04286000"],["94117.58000000","0.00000000"],["94117.44000000","0.00012000"],["94117.43000000","0.30533000"],["94117.42000000","0.00018000"],["94117.41000000","0.70126000"],["94116.87000000","0.00006000"],["94116.86000000","0.14617000"],["94116.85000000","0.00006000"],["94116.81000000","0.01820000"],["94116.55000000","0.00006000"],["94116.21000000","0.00000000"],["94116.00000000","0.00000000"],["94115.99000000","0.00000000"],["94115.62000000","0.00000000"],["94115.54000000","0.00006000"],["94115.43000000","0.00000000"],["94115.42000000","0.00000000"],["94115.30000000","0.00000000"],["94115.28000000","0.00000000"],["94115.27000000","0.00575000"],["94115.25000000","0.00000000"],["94115.17000000","0.00000000"],["94115.00000000","0.04256000"],["94114.99000000","0.00000000"],["94114.39000000","0.00000000"],["94113.98000000","0.00000000"],["94113.96000000","0.00000000"],["94113.95000000","0.00000000"],["94113.64000000","0.14575000"],["94113.60000000","0.00000000"],["94113.36000000","0.00006000"],["94113.32000000","0.00000000"],["94113.02000000","0.00000000"],["94112.91000000","0.00000000"],["94112.90000000","0.00000000"],["94112.62000000","0.00000000"],["94112.61000000","0.00000000"],["94112.18000000","0.00000000"],["94112.17000000","0.57482000"],["94112.16000000","0.00000000"],["94112.15000000","1.56192000"],["94112.14000000","0.00000000"],["94112.09000000","0.00000000"],["94112.08000000","0.00000000"],["94112.06000000","0.00000000"],["94112.05000000","0.00000000"],["94112.04000000","0.00000000"],["94112.00000000","0.00556000"],["94111.79000000","0.00000000"],["94111.78000000","0.00000000"],["94111.66000000","0.00000000"],["94111.50000000","0.04250000"],["94111.38000000","0.00000000"],["94111.21000000","0.00000000"],["94111.20000000","0.04250000"],["94110.70000000","0.00000000"],["94110.69000000","0.00000000"],["94110.48000000","0.02294000"],["94109.88000000","0.00000000"],["94109.80000000","0.00011000"],["94109.30000000","0.00000000"],["94109.29000000","0.21912000"],["94109.28000000","0.00000000"],["94109.27000000","0.00000000"],["94109.19000000","0.00000000"],["94108.76000000","0.00000000"],["94108.70000000","0.00000000"],["94108.69000000","0.00000000"],["94108.44000000","0.02097000"],["94108.30000000","0.00000000"],["94108.23000000","0.00011000"],["94108.00000000","0.04250000"],["94107.88000000","0.00000000"],["94107.44000000","0.00531000"],["94106.69000000","0.00000000"],["94106.68000000","0.76743000"],["94106.29000000","0.45679000"],["94106.26000000","0.00496000"],["94105.77000000","0.10209000"],["94105.49000000","0.46157000"],["94105.30000000","0.00000000"],["94104.81000000","0.00000000"],["94104.68000000","0.00000000"],["94104.16000000","1.00000000"],["94104.10000000","0.21381000"],["94104.09000000","0.08265000"],["94104.00000000","0.05312000"],["94103.83000000","0.08015000"],["94103.73000000","0.21381000"],["94103.05000000","0.85279000"],["94103.04000000","1.71052000"],["94103.03000000","0.00000000"],["94102.74000000","0.00000000"],["94102.60000000","0.00000000"],["94102.51000000","0.00000000"],["94102.40000000","0.00000000"],["94102.39000000","0.00000000"],["94102.06000000","0.00000000"],["94102.03000000","0.00212000"],["94101.64000000","0.00000000"],["94101.56000000","0.00000000"],["94101.55000000","0.00531000"],["94101.54000000","0.00000000"],["94101.39000000","0.01800000"],["94101.15000000","0.05314000"],["94100.94000000","0.00000000"],["94100.27000000","0.00000000"],["94099.96000000","0.00000000"],["94099.84000000","0.31886000"],["94099.72000000","0.21381000"],["94099.53000000","0.00000000"],["94098.48000000","1.10000000"],["94098.47000000","0.00000000"],["94098.03000000","0.00000000"],["94097.94000000","0.00000000"],["94097.76000000","0.00000000"],["94096.99000000","0.00000000"],["94096.47000000","0.05312000"],["94095.69000000","0.00000000"],["94095.68000000","0.00011000"],["94095.53000000","0.02125000"],["94095.23000000","0.55050000"],["94094.06000000","0.00000000"],["94093.91000000","0.00000000"],["94093.44000000","0.00000000"],["94092.87000000","0.00000000"],["94092.68000000","0.00000000"],["94092.38000000","0.00000000"],["94091.88000000","0.00000000"],["94091.74000000","0.04992000"],["94090.97000000","0.00000000"],["94090.51000000","0.02125000"],["94090.50000000","0.00000000"],["94089.73000000","0.00000000"],["94089.57000000","0.00000000"],["94089.25000000","0.00000000"],["94088.34000000","2.00000000"],["94088.25000000","1.80579000"],["94087.77000000","0.00000000"],["94087.00000000","0.00000000"],["94086.87000000","0.00000000"],["94085.22000000","0.00000000"],["94084.65000000","0.49553000"],["94083.91000000","0.00000000"],["94083.37000000","0.00000000"],["94081.62000000","0.10221000"],["94080.80000000","0.00000000"],["94078.93000000","0.76506000"],["94078.89000000","0.25980000"],["94077.60000000","0.00000000"],["94075.97000000","0.25400000"],["94074.88000000","0.51357000"],["94072.86000000","0.00000000"],["94072.61000000","0.00000000"],["94072.26000000","0.00000000"],["94072.15000000","0.00000000"],["94071.10000000","0.00000000"],["94065.35000000","0.76518000"],["94064.18000000","0.00000000"],["94061.60000000","0.00000000"],["94061.21000000","0.00000000"],["94060.56000000","0.24095000"],["94060.55000000","0.00000000"],["94059.49000000","0.31886000"],["94056.06000000","0.63725000"],["94055.83000000","0.00000000"],["94054.50000000","0.05000000"],["94052.80000000","0.00264000"],["94051.92000000","0.00000000"],["94048.51000000","0.00000000"],["94047.94000000","0.03422000"],["94044.84000000","0.00000000"],["94043.48000000","0.00000000"],["94042.66000000","0.00265000"],["94040.58000000","0.02297000"],["94037.24000000","0.00000000"],["94034.91000000","0.00000000"],["94033.65000000","0.00000000"],["94032.39000000","0.00000000"],["94031.09000000","0.62328000"],["94026.99000000","0.00000000"],["94022.06000000","0.02949000"],["94019.58000000","0.00000000"],["94015.57000000","0.00260000"],["94008.02000000","0.00000000"],["94000.32000000","0.00000000"],["93982.72000000","0.00000000"],["93921.11000000","0.00206000"],["93913.80000000","0.00000000"],["93851.30000000","0.00000000"],["93718.85000000","0.00060000"],["93578.97000000","0.10638000"],["93565.03000000","0.00000000"],["92794.58000000","0.00008000"],["92700.47000000","0.00008000"],["92700.46000000","0.00000000"],["92606.36000000","0.00008000"],["92512.24000000","0.00008000"],["92418.13000000","0.00008000"],["86583.19000000","0.00000000"],["84707.00000000","0.00000000"],["84700.00000000","0.73434000"],["79000.00000000","27.02840000"],["75295.99000000","0.00052000"],["75289.72000000","0.00000000"],["33794.72000000","0.00000000"],["33788.57000000","0.00612000"],["33782.90000000","0.00504000"],["33782.55000000","0.00324000"],["33777.64000000","0.00774000"],["33777.39000000","0.00540000"],["33769.88000000","0.00000000"],["33768.61000000","0.00108000"],["33763.53000000","0.00360000"],["33000.00000000","2.70601000"]],"s":"BTCUSDT","e":"depthUpdate","E":1745777468014,"U":67663559312,"u":67663560778}
Received message: {"a":[["601.99000000","0.00000000"],["602.00000000","0.00000000"],["602.01000000","0.00000000"],["602.02000000","0.63800000"],["602.03000000","0.05500000"],["602.04000000","0.02700000"],["602.05000000","0.03600000"],["602.06000000","0.02700000"],["602.07000000","0.00900000"],["602.08000000","8.08200000"],["602.09000000","4.65200000"],["602.10000000","25.86600000"],["602.11000000","5.86200000"],["602.12000000","15.18900000"],["602.13000000","34.17200000"],["602.14000000","0.01700000"],["602.15000000","1.70900000"],["602.16000000","86.56600000"],["602.18000000","33.24600000"],["602.19000000","43.89000000"],["602.20000000","7.66200000"],["602.23000000","8.34500000"],["602.25000000","29.89400000"],["602.26000000","3.18800000"],["602.27000000","1.74100000"],["602.29000000","2.77500000"],["602.30000000","0.00900000"],["602.33000000","9.86300000"],["602.36000000","0.59900000"],["602.37000000","4.43100000"],["602.39000000","3.29800000"],["602.40000000","16.56900000"],["602.41000000","5.43500000"],["602.44000000","12.54800000"],["602.47000000","8.44700000"],["602.51000000","2.09900000"],["602.54000000","7.05800000"],["602.61000000","23.64800000"],["602.63000000","5.59100000"],["602.74000000","9.97800000"],["602.81000000","4.35400000"],["602.88000000","7.94900000"],["603.24000000","77.35100000"],["603.25000000","224.85000000"],["604.02000000","2.97000000"],["604.07000000","9.00900000"],["604.10000000","0.09400000"],["606.80000000","70.76500000"]],"b":[["602.01000000","65.69600000"],["602.00000000","11.03300000"],["601.99000000","1.15300000"],["601.98000000","26.13700000"],["601.97000000","0.00900000"],["601.96000000","1.79800000"],["601.95000000","0.03100000"],["601.94000000","14.49100000"],["601.93000000","21.70400000"],["601.92000000","18.79800000"],["601.91000000","0.15600000"],["601.90000000","4.60400000"],["601.89000000","5.06200000"],["601.84000000","1.26300000"],["601.82000000","3.23700000"],["601.81000000","0.66400000"],["601.80000000","2.62100000"],["601.75000000","2.32500000"],["601.70000000","20.10900000"],["601.67000000","16.33300000"],["601.60000000","3.86700000"],["601.23000000","8.16200000"],["601.20000000","13.88100000"],["601.09000000","0.59000000"],["600.40000000","17.69900000"],["600.02000000","0.05700000"],["599.95000000","0.82700000"],["599.90000000","0.89500000"],["599.89000000","0.00000000"],["599.00000000","7.14500000"],["598.92000000","0.02500000"],["597.11000000","0.00000000"]],"s":"BNBUSDT","e":"depthUpdate","E":1745777468106,"U":13738695318,"u":13738695606}
Received order book message: {"a":[["601.99000000","0.00000000"],["602.00000000","0.00000000"],["602.01000000","0.00000000"],["602.02000000","0.63800000"],["602.03000000","0.05500000"],["602.04000000","0.02700000"],["602.05000000","0.03600000"],["602.06000000","0.02700000"],["602.07000000","0.00900000"],["602.08000000","8.08200000"],["602.09000000","4.65200000"],["602.10000000","25.86600000"],["602.11000000","5.86200000"],["602.12000000","15.18900000"],["602.13000000","34.17200000"],["602.14000000","0.01700000"],["602.15000000","1.70900000"],["602.16000000","86.56600000"],["602.18000000","33.24600000"],["602.19000000","43.89000000"],["602.20000000","7.66200000"],["602.23000000","8.34500000"],["602.25000000","29.89400000"],["602.26000000","3.18800000"],["602.27000000","1.74100000"],["602.29000000","2.77500000"],["602.30000000","0.00900000"],["602.33000000","9.86300000"],["602.36000000","0.59900000"],["602.37000000","4.43100000"],["602.39000000","3.29800000"],["602.40000000","16.56900000"],["602.41000000","5.43500000"],["602.44000000","12.54800000"],["602.47000000","8.44700000"],["602.51000000","2.09900000"],["602.54000000","7.05800000"],["602.61000000","23.64800000"],["602.63000000","5.59100000"],["602.74000000","9.97800000"],["602.81000000","4.35400000"],["602.88000000","7.94900000"],["603.24000000","77.35100000"],["603.25000000","224.85000000"],["604.02000000","2.97000000"],["604.07000000","9.00900000"],["604.10000000","0.09400000"],["606.80000000","70.76500000"]],"b":[["602.01000000","65.69600000"],["602.00000000","11.03300000"],["601.99000000","1.15300000"],["601.98000000","26.13700000"],["601.97000000","0.00900000"],["601.96000000","1.79800000"],["601.95000000","0.03100000"],["601.94000000","14.49100000"],["601.93000000","21.70400000"],["601.92000000","18.79800000"],["601.91000000","0.15600000"],["601.90000000","4.60400000"],["601.89000000","5.06200000"],["601.84000000","1.26300000"],["601.82000000","3.23700000"],["601.81000000","0.66400000"],["601.80000000","2.62100000"],["601.75000000","2.32500000"],["601.70000000","20.10900000"],["601.67000000","16.33300000"],["601.60000000","3.86700000"],["601.23000000","8.16200000"],["601.20000000","13.88100000"],["601.09000000","0.59000000"],["600.40000000","17.69900000"],["600.02000000","0.05700000"],["599.95000000","0.82700000"],["599.90000000","0.89500000"],["599.89000000","0.00000000"],["599.00000000","7.14500000"],["598.92000000","0.02500000"],["597.11000000","0.00000000"]],"s":"BNBUSDT","e":"depthUpdate","E":1745777468106,"U":13738695318,"u":13738695606}
Received message: {"p":"94119.99000000","a":3551019513,"q":"0.00026000","s":"BTCUSDT","T":1745777468158,"e":"aggTrade","E":1745777468158,"f":4855243471,"l":4855243471,"m":false,"M":true}
Received message: {"p":"94119.99000000","a":3551019513,"q":"0.00026000","s":"BTCUSDT","T":1745777468158,"e":"aggTrade","E":1745777468158,"f":4855243471,"l":4855243471,"m":false,"M":true}
Received message: {"p":"94119.98000000","a":3551019514,"q":"0.00032000","s":"BTCUSDT","T":1745777468535,"e":"aggTrade","E":1745777468535,"f":4855243472,"l":4855243472,"m":true,"M":true}
Received message: {"p":"94119.98000000","a":3551019514,"q":"0.00032000","s":"BTCUSDT","T":1745777468535,"e":"aggTrade","E":1745777468535,"f":4855243472,"l":4855243472,"m":true,"M":true}
Received message: {"p":"94119.98000000","a":3551019515,"q":"0.00023000","s":"BTCUSDT","T":1745777468803,"e":"aggTrade","E":1745777468804,"f":4855243473,"l":4855243473,"m":true,"M":true}
Received message: {"p":"94119.98000000","a":3551019515,"q":"0.00023000","s":"BTCUSDT","T":1745777468803,"e":"aggTrade","E":1745777468804,"f":4855243473,"l":4855243473,"m":true,"M":true}
Received message: {"p":"94119.99000000","a":3551019516,"q":"1.89347000","s":"BTCUSDT","T":1745777468985,"e":"aggTrade","E":1745777468985,"f":4855243474,"l":4855243510,"m":false,"M":true}
Received message: {"p":"94119.99000000","a":3551019516,"q":"1.89347000","s":"BTCUSDT","T":1745777468985,"e":"aggTrade","E":1745777468985,"f":4855243474,"l":4855243510,"m":false,"M":true}
Received message: {"a":[["94119.99000000","1.25228000"],["94120.00000000","0.65618000"],["94121.57000000","0.00006000"],["94121.58000000","0.00006000"],["94121.72000000","0.00000000"],["94122.00000000","0.00000000"],["94122.76000000","0.00000000"],["94123.98000000","0.00030000"],["94124.00000000","0.00235000"],["94124.59000000","0.02295000"],["94124.60000000","0.00000000"],["94124.67000000","0.00085000"],["94124.68000000","0.00000000"],["94125.49000000","0.00030000"],["94126.24000000","0.00000000"],["94126.39000000","0.00010000"],["94126.71000000","0.01355000"],["94126.86000000","0.00764000"],["94127.30000000","0.00050000"],["94127.46000000","0.70095000"],["94128.00000000","0.00235000"],["94128.30000000","0.00000000"],["94128.31000000","0.00000000"],["94128.32000000","0.00560000"],["94129.02000000","0.00000000"],["94133.15000000","0.00013000"],["94133.16000000","0.00106000"],["94133.45000000","0.00000000"],["94135.40000000","0.31886000"],["94136.94000000","0.00013000"],["94137.25000000","0.09600000"],["94137.33000000","0.09600000"],["94137.59000000","0.00000000"],["94138.86000000","0.00000000"],["94139.06000000","0.00000000"],["94139.80000000","1.10000000"],["94141.29000000","0.00000000"],["94141.95000000","0.11520000"],["94142.38000000","1.00000000"],["94142.58000000","0.00000000"],["94143.19000000","0.00531000"],["94144.88000000","0.00000000"],["94145.83000000","0.01661000"],["94149.12000000","0.00000000"],["94157.38000000","0.00000000"],["94158.46000000","0.00000000"],["94158.47000000","1.62455000"],["94160.99000000","1.02905000"],["94161.03000000","0.05000000"],["94161.36000000","0.00000000"],["94162.35000000","0.00300000"],["94164.77000000","2.00000000"],["94165.17000000","0.00000000"],["94165.96000000","0.00000000"],["94169.77000000","0.00000000"],["94176.27000000","0.76427000"],["94199.35000000","0.04800000"],["94205.36000000","0.00000000"],["94213.04000000","0.00000000"],["94217.91000000","0.00000000"],["94222.61000000","0.00000000"],["94265.34000000","0.00035000"],["94325.02000000","0.00400000"],["94330.30000000","0.00000000"],["94337.86000000","0.00000000"],["94344.62000000","0.00008000"],["94496.46000000","0.00020000"],["95531.79000000","0.00000000"]],"b":[["94119.98000000","5.60840000"],["94119.97000000","0.00000000"],["94119.91000000","0.00012000"],["94119.90000000","0.70112000"],["94119.32000000","0.00006000"],["94118.52000000","0.00006000"],["94118.51000000","0.02576000"],["94118.50000000","0.04262000"],["94117.62000000","0.00006000"],["94117.61000000","0.00006000"],["94117.60000000","0.04256000"],["94117.44000000","0.00000000"],["94117.43000000","0.30533000"],["94117.42000000","0.00000000"],["94117.41000000","0.00000000"],["94117.04000000","0.04201000"],["94116.96000000","0.00028000"],["94116.95000000","0.16556000"],["94116.87000000","0.00000000"],["94116.86000000","0.00000000"],["94116.85000000","0.00000000"],["94116.81000000","0.00000000"],["94116.55000000","0.00000000"],["94115.28000000","0.00000000"],["94115.00000000","0.04256000"],["94114.34000000","0.00106000"],["94113.64000000","0.00000000"],["94113.06000000","0.21387000"],["94112.99000000","0.01587000"],["94112.15000000","1.47997000"],["94110.48000000","0.00000000"],["94109.94000000","0.00000000"],["94109.69000000","0.37476000"],["94108.02000000","0.21381000"],["94107.64000000","0.00000000"],["94107.44000000","1.00531000"],["94105.49000000","0.00000000"],["94104.16000000","0.00000000"],["94103.94000000","0.00000000"],["94099.90000000","0.00000000"],["94099.75000000","0.05760000"],["94098.48000000","0.00000000"],["94095.30000000","0.00000000"],["94094.90000000","2.00000000"],["94092.97000000","1.65241000"],["94088.34000000","0.00000000"],["94084.94000000","0.76502000"],["94080.74000000","0.00317000"],["94079.13000000","0.00000000"],["94078.89000000","0.10080000"],["94077.36000000","0.15900000"],["94076.37000000","0.00000000"],["94076.34000000","0.00000000"],["94074.88000000","0.81875000"],["94073.23000000","0.00000000"],["94065.35000000","0.00000000"],["94061.60000000","0.05000000"],["94054.50000000","0.00000000"],["93996.69000000","0.01668000"],["93865.23000000","0.01140000"],["93855.84000000","0.00000000"],["93743.50000000","0.00020000"],["92708.18000000","0.00100000"],["92324.02000000","0.00008000"],["92229.91000000","0.00008000"],["92135.79000000","0.00008000"],["84707.00000000","0.00000000"],["75295.99000000","0.00052000"],["42000.00000000","3.70583000"],["33000.00000000","2.70601000"],["20002.00000000","0.00000000"],["20001.00000000","0.03474000"]],"s":"BTCUSDT","e":"depthUpdate","E":1745777469014,"U":67663560779,"u":67663561105}
Received message: {"a":[["94119.99000000","1.25228000"],["94120.00000000","0.65618000"],["94121.57000000","0.00006000"],["94121.58000000","0.00006000"],["94121.72000000","0.00000000"],["94122.00000000","0.00000000"],["94122.76000000","0.00000000"],["94123.98000000","0.00030000"],["94124.00000000","0.00235000"],["94124.59000000","0.02295000"],["94124.60000000","0.00000000"],["94124.67000000","0.00085000"],["94124.68000000","0.00000000"],["94125.49000000","0.00030000"],["94126.24000000","0.00000000"],["94126.39000000","0.00010000"],["94126.71000000","0.01355000"],["94126.86000000","0.00764000"],["94127.30000000","0.00050000"],["94127.46000000","0.70095000"],["94128.00000000","0.00235000"],["94128.30000000","0.00000000"],["94128.31000000","0.00000000"],["94128.32000000","0.00560000"],["94129.02000000","0.00000000"],["94133.15000000","0.00013000"],["94133.16000000","0.00106000"],["94133.45000000","0.00000000"],["94135.40000000","0.31886000"],["94136.94000000","0.00013000"],["94137.25000000","0.09600000"],["94137.33000000","0.09600000"],["94137.59000000","0.00000000"],["94138.86000000","0.00000000"],["94139.06000000","0.00000000"],["94139.80000000","1.10000000"],["94141.29000000","0.00000000"],["94141.95000000","0.11520000"],["94142.38000000","1.00000000"],["94142.58000000","0.00000000"],["94143.19000000","0.00531000"],["94144.88000000","0.00000000"],["94145.83000000","0.01661000"],["94149.12000000","0.00000000"],["94157.38000000","0.00000000"],["94158.46000000","0.00000000"],["94158.47000000","1.62455000"],["94160.99000000","1.02905000"],["94161.03000000","0.05000000"],["94161.36000000","0.00000000"],["94162.35000000","0.00300000"],["94164.77000000","2.00000000"],["94165.17000000","0.00000000"],["94165.96000000","0.00000000"],["94169.77000000","0.00000000"],["94176.27000000","0.76427000"],["94199.35000000","0.04800000"],["94205.36000000","0.00000000"],["94213.04000000","0.00000000"],["94217.91000000","0.00000000"],["94222.61000000","0.00000000"],["94265.34000000","0.00035000"],["94325.02000000","0.00400000"],["94330.30000000","0.00000000"],["94337.86000000","0.00000000"],["94344.62000000","0.00008000"],["94496.46000000","0.00020000"],["95531.79000000","0.00000000"]],"b":[["94119.98000000","5.60840000"],["94119.97000000","0.00000000"],["94119.91000000","0.00012000"],["94119.90000000","0.70112000"],["94119.32000000","0.00006000"],["94118.52000000","0.00006000"],["94118.51000000","0.02576000"],["94118.50000000","0.04262000"],["94117.62000000","0.00006000"],["94117.61000000","0.00006000"],["94117.60000000","0.04256000"],["94117.44000000","0.00000000"],["94117.43000000","0.30533000"],["94117.42000000","0.00000000"],["94117.41000000","0.00000000"],["94117.04000000","0.04201000"],["94116.96000000","0.00028000"],["94116.95000000","0.16556000"],["94116.87000000","0.00000000"],["94116.86000000","0.00000000"],["94116.85000000","0.00000000"],["94116.81000000","0.00000000"],["94116.55000000","0.00000000"],["94115.28000000","0.00000000"],["94115.00000000","0.04256000"],["94114.34000000","0.00106000"],["94113.64000000","0.00000000"],["94113.06000000","0.21387000"],["94112.99000000","0.01587000"],["94112.15000000","1.47997000"],["94110.48000000","0.00000000"],["94109.94000000","0.00000000"],["94109.69000000","0.37476000"],["94108.02000000","0.21381000"],["94107.64000000","0.00000000"],["94107.44000000","1.00531000"],["94105.49000000","0.00000000"],["94104.16000000","0.00000000"],["94103.94000000","0.00000000"],["94099.90000000","0.00000000"],["94099.75000000","0.05760000"],["94098.48000000","0.00000000"],["94095.30000000","0.00000000"],["94094.90000000","2.00000000"],["94092.97000000","1.65241000"],["94088.34000000","0.00000000"],["94084.94000000","0.76502000"],["94080.74000000","0.00317000"],["94079.13000000","0.00000000"],["94078.89000000","0.10080000"],["94077.36000000","0.15900000"],["94076.37000000","0.00000000"],["94076.34000000","0.00000000"],["94074.88000000","0.81875000"],["94073.23000000","0.00000000"],["94065.35000000","0.00000000"],["94061.60000000","0.05000000"],["94054.50000000","0.00000000"],["93996.69000000","0.01668000"],["93865.23000000","0.01140000"],["93855.84000000","0.00000000"],["93743.50000000","0.00020000"],["92708.18000000","0.00100000"],["92324.02000000","0.00008000"],["92229.91000000","0.00008000"],["92135.79000000","0.00008000"],["84707.00000000","0.00000000"],["75295.99000000","0.00052000"],["42000.00000000","3.70583000"],["33000.00000000","2.70601000"],["20002.00000000","0.00000000"],["20001.00000000","0.03474000"]],"s":"BTCUSDT","e":"depthUpdate","E":1745777469014,"U":67663560779,"u":67663561105}
Received message: {"p":"94119.98000000","a":3551019517,"q":"0.00097000","s":"BTCUSDT","T":1745777469025,"e":"aggTrade","E":1745777469025,"f":4855243511,"l":4855243511,"m":true,"M":true}
Received message: {"p":"94119.98000000","a":3551019517,"q":"0.00097000","s":"BTCUSDT","T":1745777469025,"e":"aggTrade","E":1745777469025,"f":4855243511,"l":4855243511,"m":true,"M":true}
Received message: {"a":[["602.08000000","8.07300000"],["602.09000000","0.02200000"],["602.11000000","8.52600000"],["602.12000000","5.19000000"],["602.13000000","34.17200000"],["602.14000000","6.66000000"],["602.16000000","75.21400000"],["602.17000000","22.28000000"],["602.21000000","2.00500000"],["602.26000000","2.22900000"],["602.27000000","0.08200000"],["602.31000000","11.48000000"],["602.32000000","3.67900000"],["602.33000000","9.80800000"],["602.34000000","9.61500000"],["602.36000000","2.25800000"],["602.44000000","11.72100000"],["602.77000000","5.43900000"],["603.57000000","3.34100000"],["603.60000000","14.70100000"],["603.67000000","10.69200000"],["603.72000000","14.27000000"]],"b":[["602.01000000","65.96700000"],["601.99000000","2.81300000"],["601.98000000","26.40800000"],["601.96000000","1.92500000"],["601.95000000","0.19500000"],["601.94000000","16.15100000"],["601.92000000","16.86800000"],["601.89000000","3.40200000"],["601.86000000","24.71800000"],["601.85000000","41.24700000"],["601.83000000","38.47200000"],["601.70000000","14.69900000"],["601.68000000","6.90400000"],["601.66000000","0.85300000"],["601.57000000","10.49100000"],["601.35000000","18.22800000"],["601.10000000","36.39000000"],["601.05000000","7.67600000"],["600.87000000","8.42600000"],["600.74000000","19.11400000"],["600.71000000","30.31300000"]],"s":"BNBUSDT","e":"depthUpdate","E":1745777469106,"U":13738695607,"u":13738695666}
Received order book message: {"a":[["602.08000000","8.07300000"],["602.09000000","0.02200000"],["602.11000000","8.52600000"],["602.12000000","5.19000000"],["602.13000000","34.17200000"],["602.14000000","6.66000000"],["602.16000000","75.21400000"],["602.17000000","22.28000000"],["602.21000000","2.00500000"],["602.26000000","2.22900000"],["602.27000000","0.08200000"],["602.31000000","11.48000000"],["602.32000000","3.67900000"],["602.33000000","9.80800000"],["602.34000000","9.61500000"],["602.36000000","2.25800000"],["602.44000000","11.72100000"],["602.77000000","5.43900000"],["603.57000000","3.34100000"],["603.60000000","14.70100000"],["603.67000000","10.69200000"],["603.72000000","14.27000000"]],"b":[["602.01000000","65.96700000"],["601.99000000","2.81300000"],["601.98000000","26.40800000"],["601.96000000","1.92500000"],["601.95000000","0.19500000"],["601.94000000","16.15100000"],["601.92000000","16.86800000"],["601.89000000","3.40200000"],["601.86000000","24.71800000"],["601.85000000","41.24700000"],["601.83000000","38.47200000"],["601.70000000","14.69900000"],["601.68000000","6.90400000"],["601.66000000","0.85300000"],["601.57000000","10.49100000"],["601.35000000","18.22800000"],["601.10000000","36.39000000"],["601.05000000","7.67600000"],["600.87000000","8.42600000"],["600.74000000","19.11400000"],["600.71000000","30.31300000"]],"s":"BNBUSDT","e":"depthUpdate","E":1745777469106,"U":13738695607,"u":13738695666}
Received message: {"p":"602.02000000","q":"0.08400000","s":"BNBUSDT","t":1041897016,"T":1745777469107,"e":"trade","E":1745777469108,"m":false,"M":true}
Received trade message: {"p":"602.02000000","q":"0.08400000","s":"BNBUSDT","t":1041897016,"T":1745777469107,"e":"trade","E":1745777469108,"m":false,"M":true}
Received message: {"p":"602.02000000","q":"0.50000000","s":"BNBUSDT","t":1041897017,"T":1745777469107,"e":"trade","E":1745777469108,"m":false,"M":true}
Received trade message: {"p":"602.02000000","q":"0.50000000","s":"BNBUSDT","t":1041897017,"T":1745777469107,"e":"trade","E":1745777469108,"m":false,"M":true}
Received message: {"p":"602.02000000","q":"0.00900000","s":"BNBUSDT","t":1041897018,"T":1745777469107,"e":"trade","E":1745777469108,"m":false,"M":true}
Received trade message: {"p":"602.02000000","q":"0.00900000","s":"BNBUSDT","t":1041897018,"T":1745777469107,"e":"trade","E":1745777469108,"m":false,"M":true}
Received message: {"p":"602.02000000","q":"0.00900000","s":"BNBUSDT","t":1041897019,"T":1745777469107,"e":"trade","E":1745777469108,"m":false,"M":true}
Received trade message: {"p":"602.02000000","q":"0.00900000","s":"BNBUSDT","t":1041897019,"T":1745777469107,"e":"trade","E":1745777469108,"m":false,"M":true}
Received message: {"p":"602.02000000","q":"0.00900000","s":"BNBUSDT","t":1041897020,"T":1745777469107,"e":"trade","E":1745777469108,"m":false,"M":true}
Received trade message: {"p":"602.02000000","q":"0.00900000","s":"BNBUSDT","t":1041897020,"T":1745777469107,"e":"trade","E":1745777469108,"m":false,"M":true}
Received message: {"p":"602.02000000","q":"0.00900000","s":"BNBUSDT","t":1041897021,"T":1745777469107,"e":"trade","E":1745777469108,"m":false,"M":true}
Received trade message: {"p":"602.02000000","q":"0.00900000","s":"BNBUSDT","t":1041897021,"T":1745777469107,"e":"trade","E":1745777469108,"m":false,"M":true}
Received message: {"p":"602.02000000","q":"0.00900000","s":"BNBUSDT","t":1041897022,"T":1745777469107,"e":"trade","E":1745777469108,"m":false,"M":true}
Received trade message: {"p":"602.02000000","q":"0.00900000","s":"BNBUSDT","t":1041897022,"T":1745777469107,"e":"trade","E":1745777469108,"m":false,"M":true}
Received message: {"p":"602.02000000","q":"0.00900000","s":"BNBUSDT","t":1041897023,"T":1745777469107,"e":"trade","E":1745777469108,"m":false,"M":true}
Received trade message: {"p":"602.02000000","q":"0.00900000","s":"BNBUSDT","t":1041897023,"T":1745777469107,"e":"trade","E":1745777469108,"m":false,"M":true}
Received message: {"p":"602.02000000","q":"0.00900000","s":"BNBUSDT","t":1041897024,"T":1745777469107,"e":"trade","E":1745777469108,"m":false,"M":true}
Received trade message: {"p":"602.02000000","q":"0.00900000","s":"BNBUSDT","t":1041897024,"T":1745777469107,"e":"trade","E":1745777469108,"m":false,"M":true}
Received message: {"p":"602.02000000","q":"0.00900000","s":"BNBUSDT","t":1041897025,"T":1745777469107,"e":"trade","E":1745777469108,"m":false,"M":true}
Received trade message: {"p":"602.02000000","q":"0.00900000","s":"BNBUSDT","t":1041897025,"T":1745777469107,"e":"trade","E":1745777469108,"m":false,"M":true}
Received message: {"p":"602.03000000","q":"0.00900000","s":"BNBUSDT","t":1041897026,"T":1745777469107,"e":"trade","E":1745777469108,"m":false,"M":true}
Received trade message: {"p":"602.03000000","q":"0.00900000","s":"BNBUSDT","t":1041897026,"T":1745777469107,"e":"trade","E":1745777469108,"m":false,"M":true}
Received message: {"p":"602.03000000","q":"0.00900000","s":"BNBUSDT","t":1041897027,"T":1745777469107,"e":"trade","E":1745777469108,"m":false,"M":true}
Received trade message: {"p":"602.03000000","q":"0.00900000","s":"BNBUSDT","t":1041897027,"T":1745777469107,"e":"trade","E":1745777469108,"m":false,"M":true}
Received message: {"p":"602.03000000","q":"0.00900000","s":"BNBUSDT","t":1041897028,"T":1745777469107,"e":"trade","E":1745777469108,"m":false,"M":true}
Received trade message: {"p":"602.03000000","q":"0.00900000","s":"BNBUSDT","t":1041897028,"T":1745777469107,"e":"trade","E":1745777469108,"m":false,"M":true}
Received message: {"p":"602.03000000","q":"0.00900000","s":"BNBUSDT","t":1041897029,"T":1745777469107,"e":"trade","E":1745777469108,"m":false,"M":true}
Received trade message: {"p":"602.03000000","q":"0.00900000","s":"BNBUSDT","t":1041897029,"T":1745777469107,"e":"trade","E":1745777469108,"m":false,"M":true}
Received message: {"p":"602.03000000","q":"0.00900000","s":"BNBUSDT","t":1041897030,"T":1745777469107,"e":"trade","E":1745777469108,"m":false,"M":true}
Received trade message: {"p":"602.03000000","q":"0.00900000","s":"BNBUSDT","t":1041897030,"T":1745777469107,"e":"trade","E":1745777469108,"m":false,"M":true}
Received message: {"p":"602.03000000","q":"0.01000000","s":"BNBUSDT","t":1041897031,"T":1745777469107,"e":"trade","E":1745777469108,"m":false,"M":true}
Received trade message: {"p":"602.03000000","q":"0.01000000","s":"BNBUSDT","t":1041897031,"T":1745777469107,"e":"trade","E":1745777469108,"m":false,"M":true}
Received message: {"p":"602.03000000","q":"0.00900000","s":"BNBUSDT","t":1041897032,"T":1745777469107,"e":"trade","E":1745777469108,"m":false,"M":true}
Received trade message: {"p":"602.03000000","q":"0.00900000","s":"BNBUSDT","t":1041897032,"T":1745777469107,"e":"trade","E":1745777469108,"m":false,"M":true}
Received message: {"p":"602.03000000","q":"0.00900000","s":"BNBUSDT","t":1041897033,"T":1745777469107,"e":"trade","E":1745777469108,"m":false,"M":true}
Received trade message: {"p":"602.03000000","q":"0.00900000","s":"BNBUSDT","t":1041897033,"T":1745777469107,"e":"trade","E":1745777469108,"m":false,"M":true}
Received message: {"p":"602.04000000","q":"0.00900000","s":"BNBUSDT","t":1041897034,"T":1745777469107,"e":"trade","E":1745777469108,"m":false,"M":true}
Received trade message: {"p":"602.04000000","q":"0.00900000","s":"BNBUSDT","t":1041897034,"T":1745777469107,"e":"trade","E":1745777469108,"m":false,"M":true}
Received message: {"p":"602.04000000","q":"0.00900000","s":"BNBUSDT","t":1041897035,"T":1745777469107,"e":"trade","E":1745777469108,"m":false,"M":true}
Received trade message: {"p":"602.04000000","q":"0.00900000","s":"BNBUSDT","t":1041897035,"T":1745777469107,"e":"trade","E":1745777469108,"m":false,"M":true}
Received message: {"p":"602.04000000","q":"0.00900000","s":"BNBUSDT","t":1041897036,"T":1745777469107,"e":"trade","E":1745777469108,"m":false,"M":true}
Received trade message: {"p":"602.04000000","q":"0.00900000","s":"BNBUSDT","t":1041897036,"T":1745777469107,"e":"trade","E":1745777469108,"m":false,"M":true}
Received message: {"p":"602.04000000","q":"0.00900000","s":"BNBUSDT","t":1041897037,"T":1745777469107,"e":"trade","E":1745777469108,"m":false,"M":true}
Received trade message: {"p":"602.04000000","q":"0.00900000","s":"BNBUSDT","t":1041897037,"T":1745777469107,"e":"trade","E":1745777469108,"m":false,"M":true}
Received message: {"p":"602.05000000","q":"0.00900000","s":"BNBUSDT","t":1041897038,"T":1745777469107,"e":"trade","E":1745777469108,"m":false,"M":true}
Received trade message: {"p":"602.05000000","q":"0.00900000","s":"BNBUSDT","t":1041897038,"T":1745777469107,"e":"trade","E":1745777469108,"m":false,"M":true}
Received message: {"p":"602.05000000","q":"0.00900000","s":"BNBUSDT","t":1041897039,"T":1745777469107,"e":"trade","E":1745777469108,"m":false,"M":true}
Received trade message: {"p":"602.05000000","q":"0.00900000","s":"BNBUSDT","t":1041897039,"T":1745777469107,"e":"trade","E":1745777469108,"m":false,"M":true}
Received message: {"p":"602.05000000","q":"0.00900000","s":"BNBUSDT","t":1041897040,"T":1745777469107,"e":"trade","E":1745777469108,"m":false,"M":true}
Received trade message: {"p":"602.05000000","q":"0.00900000","s":"BNBUSDT","t":1041897040,"T":1745777469107,"e":"trade","E":1745777469108,"m":false,"M":true}
Received message: {"p":"602.05000000","q":"0.00900000","s":"BNBUSDT","t":1041897041,"T":1745777469107,"e":"trade","E":1745777469108,"m":false,"M":true}
Received trade message: {"p":"602.05000000","q":"0.00900000","s":"BNBUSDT","t":1041897041,"T":1745777469107,"e":"trade","E":1745777469108,"m":false,"M":true}
Received message: {"p":"602.05000000","q":"0.00900000","s":"BNBUSDT","t":1041897042,"T":1745777469107,"e":"trade","E":1745777469108,"m":false,"M":true}
Received trade message: {"p":"602.05000000","q":"0.00900000","s":"BNBUSDT","t":1041897042,"T":1745777469107,"e":"trade","E":1745777469108,"m":false,"M":true}
Received message: {"p":"602.06000000","q":"0.00900000","s":"BNBUSDT","t":1041897043,"T":1745777469107,"e":"trade","E":1745777469108,"m":false,"M":true}
Received trade message: {"p":"602.06000000","q":"0.00900000","s":"BNBUSDT","t":1041897043,"T":1745777469107,"e":"trade","E":1745777469108,"m":false,"M":true}
Received message: {"p":"602.06000000","q":"0.00900000","s":"BNBUSDT","t":1041897044,"T":1745777469107,"e":"trade","E":1745777469108,"m":false,"M":true}
Received trade message: {"p":"602.06000000","q":"0.00900000","s":"BNBUSDT","t":1041897044,"T":1745777469107,"e":"trade","E":1745777469108,"m":false,"M":true}
Received message: {"p":"602.06000000","q":"0.00900000","s":"BNBUSDT","t":1041897045,"T":1745777469107,"e":"trade","E":1745777469108,"m":false,"M":true}
Received trade message: {"p":"602.06000000","q":"0.00900000","s":"BNBUSDT","t":1041897045,"T":1745777469107,"e":"trade","E":1745777469108,"m":false,"M":true}
Received message: {"p":"602.06000000","q":"0.00900000","s":"BNBUSDT","t":1041897046,"T":1745777469107,"e":"trade","E":1745777469108,"m":false,"M":true}
Received trade message: {"p":"602.06000000","q":"0.00900000","s":"BNBUSDT","t":1041897046,"T":1745777469107,"e":"trade","E":1745777469108,"m":false,"M":true}
Received message: {"p":"602.07000000","q":"0.00900000","s":"BNBUSDT","t":1041897047,"T":1745777469107,"e":"trade","E":1745777469108,"m":false,"M":true}
Received trade message: {"p":"602.07000000","q":"0.00900000","s":"BNBUSDT","t":1041897047,"T":1745777469107,"e":"trade","E":1745777469108,"m":false,"M":true}
Received message: {"p":"602.07000000","q":"0.00900000","s":"BNBUSDT","t":1041897048,"T":1745777469107,"e":"trade","E":1745777469108,"m":false,"M":true}
Received trade message: {"p":"602.07000000","q":"0.00900000","s":"BNBUSDT","t":1041897048,"T":1745777469107,"e":"trade","E":1745777469108,"m":false,"M":true}
Received message: {"p":"602.07000000","q":"0.00900000","s":"BNBUSDT","t":1041897049,"T":1745777469107,"e":"trade","E":1745777469108,"m":false,"M":true}
Received trade message: {"p":"602.07000000","q":"0.00900000","s":"BNBUSDT","t":1041897049,"T":1745777469107,"e":"trade","E":1745777469108,"m":false,"M":true}
Received message: {"p":"602.07000000","q":"0.05300000","s":"BNBUSDT","t":1041897050,"T":1745777469126,"e":"trade","E":1745777469127,"m":true,"M":true}
Received trade message: {"p":"602.07000000","q":"0.05300000","s":"BNBUSDT","t":1041897050,"T":1745777469126,"e":"trade","E":1745777469127,"m":true,"M":true}
Received message: {"p":"94119.99000000","a":3551019518,"q":"0.00047000","s":"BTCUSDT","T":1745777469253,"e":"aggTrade","E":1745777469254,"f":4855243512,"l":4855243512,"m":false,"M":true}
Received message: {"p":"94119.99000000","a":3551019518,"q":"0.00047000","s":"BTCUSDT","T":1745777469253,"e":"aggTrade","E":1745777469254,"f":4855243512,"l":4855243512,"m":false,"M":true}
Received message: {"p":"602.07000000","q":"0.35400000","s":"BNBUSDT","t":1041897051,"T":1745777469303,"e":"trade","E":1745777469304,"m":true,"M":true}
Received trade message: {"p":"602.07000000","q":"0.35400000","s":"BNBUSDT","t":1041897051,"T":1745777469303,"e":"trade","E":1745777469304,"m":true,"M":true}
Received message: {"p":"94119.98000000","a":3551019519,"q":"0.02693000","s":"BTCUSDT","T":1745777469685,"e":"aggTrade","E":1745777469686,"f":4855243513,"l":4855243513,"m":true,"M":true}
Received message: {"p":"94119.98000000","a":3551019519,"q":"0.02693000","s":"BTCUSDT","T":1745777469685,"e":"aggTrade","E":1745777469686,"f":4855243513,"l":4855243513,"m":true,"M":true}
Received message: {"p":"94119.99000000","a":3551019520,"q":"0.00058000","s":"BTCUSDT","T":1745777469805,"e":"aggTrade","E":1745777469805,"f":4855243514,"l":4855243514,"m":false,"M":true}
Received message: {"p":"94119.99000000","a":3551019520,"q":"0.00058000","s":"BTCUSDT","T":1745777469805,"e":"aggTrade","E":1745777469805,"f":4855243514,"l":4855243514,"m":false,"M":true}
Received message: {"p":"94119.99000000","a":3551019521,"q":"0.00054000","s":"BTCUSDT","T":1745777469894,"e":"aggTrade","E":1745777469894,"f":4855243515,"l":4855243515,"m":false,"M":true}
Received message: {"p":"94119.99000000","a":3551019521,"q":"0.00054000","s":"BTCUSDT","T":1745777469894,"e":"aggTrade","E":1745777469894,"f":4855243515,"l":4855243515,"m":false,"M":true}
Received message: {"p":"94119.98000000","a":3551019522,"q":"0.00020000","s":"BTCUSDT","T":1745777469991,"e":"aggTrade","E":1745777469991,"f":4855243516,"l":4855243516,"m":true,"M":true}
Received message: {"p":"94119.98000000","a":3551019522,"q":"0.00020000","s":"BTCUSDT","T":1745777469991,"e":"aggTrade","E":1745777469991,"f":4855243516,"l":4855243516,"m":true,"M":true}
Received message: {"a":[["94119.99000000","2.11334000"],["94120.00000000","0.65684000"],["94120.02000000","0.14850000"],["94120.03000000","0.25740000"],["94121.07000000","0.00012000"],["94121.31000000","0.00006000"],["94121.32000000","0.00012000"],["94121.39000000","0.00238000"],["94121.56000000","0.00020000"],["94121.57000000","0.00000000"],["94121.58000000","0.00000000"],["94122.00000000","0.04250000"],["94123.43000000","0.00000000"],["94124.59000000","0.00000000"],["94126.39000000","0.00000000"],["94126.45000000","0.02264000"],["94126.71000000","0.00000000"],["94126.86000000","0.00000000"],["94127.29000000","1.42647000"],["94127.30000000","1.71102000"],["94127.31000000","0.45148000"],["94127.33000000","0.21381000"],["94127.46000000","0.00000000"],["94127.77000000","0.00010000"],["94128.08000000","0.01355000"],["94128.99000000","0.00764000"],["94130.62000000","0.02132000"],["94130.65000000","0.00000000"],["94130.75000000","0.00007000"],["94130.92000000","0.00089000"],["94134.33000000","0.00092000"],["94139.08000000","0.00000000"],["94139.21000000","1.00000000"],["94139.73000000","0.00000000"],["94140.64000000","0.00000000"],["94140.88000000","0.00000000"],["94141.30000000","1.69363000"],["94142.38000000","0.00000000"],["94142.56000000","0.00815000"],["94145.83000000","0.00000000"],["94153.52000000","0.00000000"],["94155.89000000","1.45786000"],["94158.17000000","0.00000000"],["94158.43000000","2.00007000"],["94159.47000000","0.00000000"],["94161.18000000","0.00000000"],["94161.29000000","0.00000000"],["94161.46000000","0.00000000"],["94161.77000000","0.00000000"],["94162.61000000","0.00000000"],["94164.16000000","0.04716000"],["94164.77000000","0.00000000"],["94172.04000000","0.00010000"],["94184.41000000","0.04243000"],["94191.95000000","0.00006000"],["94266.84000000","1.31347000"],["94279.87000000","0.01661000"],["94325.02000000","0.00000000"],["94340.04000000","0.00400000"],["94347.44000000","0.00000000"],["94352.91000000","0.00000000"],["95531.79000000","0.00100000"]],"b":[["94119.98000000","5.58344000"],["94119.92000000","0.00018000"],["94119.91000000","0.23626000"],["94119.90000000","0.70118000"],["94119.32000000","0.00000000"],["94118.53000000","0.00006000"],["94118.52000000","0.00006000"],["94118.51000000","0.00006000"],["94118.50000000","0.04268000"],["94117.87000000","0.02185000"],["94117.62000000","0.00000000"],["94117.61000000","0.00000000"],["94117.60000000","0.04262000"],["94117.43000000","0.08207000"],["94117.04000000","0.04207000"],["94116.95000000","0.16562000"],["94115.00000000","0.04262000"],["94113.06000000","0.00000000"],["94108.02000000","0.00000000"],["94107.44000000","0.00531000"],["94106.69000000","0.00013000"],["94106.68000000","0.49933000"],["94106.30000000","0.00531000"],["94105.94000000","0.00000000"],["94104.27000000","1.00000000"],["94104.14000000","0.00000000"],["94102.84000000","0.63281000"],["94102.71000000","0.00000000"],["94102.05000000","0.00000000"],["94101.55000000","0.00000000"],["94100.19000000","0.00013000"],["94099.38000000","0.00300000"],["94094.90000000","0.00000000"],["94092.40000000","0.00000000"],["94091.90000000","0.00000000"],["94090.28000000","0.00000000"],["94088.56000000","2.00000000"],["94088.30000000","0.00000000"],["94085.44000000","0.00000000"],["94084.12000000","0.00000000"],["94077.36000000","0.00000000"],["94074.06000000","0.00000000"],["94073.05000000","0.00000000"],["94037.19000000","0.00000000"],["94019.71000000","0.00000000"],["93996.69000000","0.00007000"],["93981.58000000","0.14871000"],["93957.15000000","0.05697000"],["93931.13000000","0.01661000"],["92708.18000000","0.00000000"],["84707.00000000","0.00000000"],["79000.00000000","27.02841000"],["75295.99000000","0.00052000"],["60000.00000000","88.75209000"],["33000.00000000","2.70601000"]],"s":"BTCUSDT","e":"depthUpdate","E":1745777470014,"U":67663561106,"u":67663561395}
Received message: {"a":[["94119.99000000","2.11334000"],["94120.00000000","0.65684000"],["94120.02000000","0.14850000"],["94120.03000000","0.25740000"],["94121.07000000","0.00012000"],["94121.31000000","0.00006000"],["94121.32000000","0.00012000"],["94121.39000000","0.00238000"],["94121.56000000","0.00020000"],["94121.57000000","0.00000000"],["94121.58000000","0.00000000"],["94122.00000000","0.04250000"],["94123.43000000","0.00000000"],["94124.59000000","0.00000000"],["94126.39000000","0.00000000"],["94126.45000000","0.02264000"],["94126.71000000","0.00000000"],["94126.86000000","0.00000000"],["94127.29000000","1.42647000"],["94127.30000000","1.71102000"],["94127.31000000","0.45148000"],["94127.33000000","0.21381000"],["94127.46000000","0.00000000"],["94127.77000000","0.00010000"],["94128.08000000","0.01355000"],["94128.99000000","0.00764000"],["94130.62000000","0.02132000"],["94130.65000000","0.00000000"],["94130.75000000","0.00007000"],["94130.92000000","0.00089000"],["94134.33000000","0.00092000"],["94139.08000000","0.00000000"],["94139.21000000","1.00000000"],["94139.73000000","0.00000000"],["94140.64000000","0.00000000"],["94140.88000000","0.00000000"],["94141.30000000","1.69363000"],["94142.38000000","0.00000000"],["94142.56000000","0.00815000"],["94145.83000000","0.00000000"],["94153.52000000","0.00000000"],["94155.89000000","1.45786000"],["94158.17000000","0.00000000"],["94158.43000000","2.00007000"],["94159.47000000","0.00000000"],["94161.18000000","0.00000000"],["94161.29000000","0.00000000"],["94161.46000000","0.00000000"],["94161.77000000","0.00000000"],["94162.61000000","0.00000000"],["94164.16000000","0.04716000"],["94164.77000000","0.00000000"],["94172.04000000","0.00010000"],["94184.41000000","0.04243000"],["94191.95000000","0.00006000"],["94266.84000000","1.31347000"],["94279.87000000","0.01661000"],["94325.02000000","0.00000000"],["94340.04000000","0.00400000"],["94347.44000000","0.00000000"],["94352.91000000","0.00000000"],["95531.79000000","0.00100000"]],"b":[["94119.98000000","5.58344000"],["94119.92000000","0.00018000"],["94119.91000000","0.23626000"],["94119.90000000","0.70118000"],["94119.32000000","0.00000000"],["94118.53000000","0.00006000"],["94118.52000000","0.00006000"],["94118.51000000","0.00006000"],["94118.50000000","0.04268000"],["94117.87000000","0.02185000"],["94117.62000000","0.00000000"],["94117.61000000","0.00000000"],["94117.60000000","0.04262000"],["94117.43000000","0.08207000"],["94117.04000000","0.04207000"],["94116.95000000","0.16562000"],["94115.00000000","0.04262000"],["94113.06000000","0.00000000"],["94108.02000000","0.00000000"],["94107.44000000","0.00531000"],["94106.69000000","0.00013000"],["94106.68000000","0.49933000"],["94106.30000000","0.00531000"],["94105.94000000","0.00000000"],["94104.27000000","1.00000000"],["94104.14000000","0.00000000"],["94102.84000000","0.63281000"],["94102.71000000","0.00000000"],["94102.05000000","0.00000000"],["94101.55000000","0.00000000"],["94100.19000000","0.00013000"],["94099.38000000","0.00300000"],["94094.90000000","0.00000000"],["94092.40000000","0.00000000"],["94091.90000000","0.00000000"],["94090.28000000","0.00000000"],["94088.56000000","2.00000000"],["94088.30000000","0.00000000"],["94085.44000000","0.00000000"],["94084.12000000","0.00000000"],["94077.36000000","0.00000000"],["94074.06000000","0.00000000"],["94073.05000000","0.00000000"],["94037.19000000","0.00000000"],["94019.71000000","0.00000000"],["93996.69000000","0.00007000"],["93981.58000000","0.14871000"],["93957.15000000","0.05697000"],["93931.13000000","0.01661000"],["92708.18000000","0.00000000"],["84707.00000000","0.00000000"],["79000.00000000","27.02841000"],["75295.99000000","0.00052000"],["60000.00000000","88.75209000"],["33000.00000000","2.70601000"]],"s":"BTCUSDT","e":"depthUpdate","E":1745777470014,"U":67663561106,"u":67663561395}
Received message: {"p":"94119.99000000","a":3551019523,"q":"0.00111000","s":"BTCUSDT","T":1745777470066,"e":"aggTrade","E":1745777470066,"f":4855243517,"l":4855243517,"m":false,"M":true}
Received message: {"p":"94119.99000000","a":3551019523,"q":"0.00111000","s":"BTCUSDT","T":1745777470066,"e":"aggTrade","E":1745777470066,"f":4855243517,"l":4855243517,"m":false,"M":true}
Received message: {"a":[["602.02000000","0.00000000"],["602.03000000","0.00000000"],["602.04000000","0.00000000"],["602.05000000","0.00000000"],["602.06000000","0.00000000"],["602.07000000","0.00000000"],["602.08000000","21.26900000"],["602.09000000","8.34600000"],["602.10000000","18.62500000"],["602.11000000","5.87200000"],["602.12000000","5.20800000"],["602.13000000","34.17200000"],["602.14000000","8.26700000"],["602.15000000","1.71800000"],["602.16000000","72.89600000"],["602.17000000","18.28900000"],["602.18000000","37.24600000"],["602.19000000","22.16200000"],["602.20000000","8.67100000"],["602.21000000","1.68200000"],["602.22000000","16.50300000"],["602.23000000","8.35400000"],["602.25000000","29.90300000"],["602.26000000","2.56100000"],["602.27000000","2.08200000"],["602.28000000","14.61500000"],["602.31000000","41.34700000"],["602.33000000","8.30300000"],["602.38000000","3.64100000"],["602.39000000","4.93200000"],["602.45000000","9.40700000"],["602.54000000","8.79200000"],["602.74000000","3.49100000"],["602.77000000","11.48400000"],["603.47000000","8.29400000"],["603.65000000","0.06800000"],["604.13000000","0.27700000"],["604.16000000","0.27000000"],["606.87000000","8.97000000"]],"b":[["602.07000000","33.56300000"],["602.06000000","3.10000000"],["602.05000000","0.69100000"],["602.04000000","3.09100000"],["602.03000000","13.95000000"],["602.02000000","26.51500000"],["602.01000000","33.69800000"],["602.00000000","3.10800000"],["601.99000000","0.88500000"],["601.98000000","13.90700000"],["601.97000000","0.01700000"],["601.96000000","2.28100000"],["601.95000000","7.60200000"],["601.94000000","4.04200000"],["601.93000000","1.80100000"],["601.92000000","6.05200000"],["601.91000000","0.47900000"],["601.90000000","4.02500000"],["601.88000000","8.75900000"],["601.87000000","2.66400000"],["601.86000000","24.70900000"],["601.85000000","41.23800000"],["601.84000000","1.24500000"],["601.83000000","38.46300000"],["601.82000000","2.90500000"],["601.74000000","13.30800000"],["601.65000000","10.41600000"],["601.64000000","12.76000000"],["601.57000000","3.58500000"],["601.31000000","7.38100000"],["601.30000000","6.78100000"],["601.27000000","0.03700000"],["600.87000000","9.42400000"],["600.76000000","0.06700000"],["600.56000000","8.37000000"],["600.43000000","17.35100000"],["600.08000000","17.31500000"],["600.05000000","0.00000000"],["599.90000000","0.00000000"],["599.81000000","4.22600000"],["599.06000000","0.49700000"],["599.00000000","6.64800000"],["597.21000000","0.02200000"],["596.17000000","0.18800000"]],"s":"BNBUSDT","e":"depthUpdate","E":1745777470106,"U":13738695667,"u":13738696023}
Received order book message: {"a":[["602.02000000","0.00000000"],["602.03000000","0.00000000"],["602.04000000","0.00000000"],["602.05000000","0.00000000"],["602.06000000","0.00000000"],["602.07000000","0.00000000"],["602.08000000","21.26900000"],["602.09000000","8.34600000"],["602.10000000","18.62500000"],["602.11000000","5.87200000"],["602.12000000","5.20800000"],["602.13000000","34.17200000"],["602.14000000","8.26700000"],["602.15000000","1.71800000"],["602.16000000","72.89600000"],["602.17000000","18.28900000"],["602.18000000","37.24600000"],["602.19000000","22.16200000"],["602.20000000","8.67100000"],["602.21000000","1.68200000"],["602.22000000","16.50300000"],["602.23000000","8.35400000"],["602.25000000","29.90300000"],["602.26000000","2.56100000"],["602.27000000","2.08200000"],["602.28000000","14.61500000"],["602.31000000","41.34700000"],["602.33000000","8.30300000"],["602.38000000","3.64100000"],["602.39000000","4.93200000"],["602.45000000","9.40700000"],["602.54000000","8.79200000"],["602.74000000","3.49100000"],["602.77000000","11.48400000"],["603.47000000","8.29400000"],["603.65000000","0.06800000"],["604.13000000","0.27700000"],["604.16000000","0.27000000"],["606.87000000","8.97000000"]],"b":[["602.07000000","33.56300000"],["602.06000000","3.10000000"],["602.05000000","0.69100000"],["602.04000000","3.09100000"],["602.03000000","13.95000000"],["602.02000000","26.51500000"],["602.01000000","33.69800000"],["602.00000000","3.10800000"],["601.99000000","0.88500000"],["601.98000000","13.90700000"],["601.97000000","0.01700000"],["601.96000000","2.28100000"],["601.95000000","7.60200000"],["601.94000000","4.04200000"],["601.93000000","1.80100000"],["601.92000000","6.05200000"],["601.91000000","0.47900000"],["601.90000000","4.02500000"],["601.88000000","8.75900000"],["601.87000000","2.66400000"],["601.86000000","24.70900000"],["601.85000000","41.23800000"],["601.84000000","1.24500000"],["601.83000000","38.46300000"],["601.82000000","2.90500000"],["601.74000000","13.30800000"],["601.65000000","10.41600000"],["601.64000000","12.76000000"],["601.57000000","3.58500000"],["601.31000000","7.38100000"],["601.30000000","6.78100000"],["601.27000000","0.03700000"],["600.87000000","9.42400000"],["600.76000000","0.06700000"],["600.56000000","8.37000000"],["600.43000000","17.35100000"],["600.08000000","17.31500000"],["600.05000000","0.00000000"],["599.90000000","0.00000000"],["599.81000000","4.22600000"],["599.06000000","0.49700000"],["599.00000000","6.64800000"],["597.21000000","0.02200000"],["596.17000000","0.18800000"]],"s":"BNBUSDT","e":"depthUpdate","E":1745777470106,"U":13738695667,"u":13738696023}
Received message: {"p":"94119.99000000","a":3551019524,"q":"0.00045000","s":"BTCUSDT","T":1745777470206,"e":"aggTrade","E":1745777470207,"f":4855243518,"l":4855243518,"m":false,"M":true}
Received message: {"p":"94119.99000000","a":3551019524,"q":"0.00045000","s":"BTCUSDT","T":1745777470206,"e":"aggTrade","E":1745777470207,"f":4855243518,"l":4855243518,"m":false,"M":true}
]]></system-out>
  <system-err><![CDATA[]]></system-err>
</testsuite>
