<?xml version="1.0" encoding="UTF-8"?>
<testsuite name="rest.testRestAssured" tests="1" skipped="0" failures="0" errors="0" timestamp="2024-08-04T16:21:32" hostname="Tio-Hizbullah.local" time="8.793">
  <properties/>
  <testcase name="postApi" classname="rest.testRestAssured" time="8.793"/>
  <system-out><![CDATA[Request method:	POST
Request URI:	https://jsonplaceholder.typicode.com/posts
Proxy:			<none>
Request params:	<none>
Query params:	<none>
Form params:	<none>
Path params:	<none>
Headers:		Accept=*/*
				Content-Type=application/json
Cookies:		<none>
Multiparts:		<none>
Body:
{
    "title": "Sherika Brekke",
    "body": "1953 Numbers Shoals, Port Wesleyfurt, AL 32712-1410",
    "userId": 13292
}
HTTP/1.1 201 Created
Date: Sun, 04 Aug 2024 16:21:39 GMT
Content-Type: application/json; charset=utf-8
Content-Length: 128
Connection: keep-alive
Report-To: {"group":"heroku-nel","max_age":3600,"endpoints":[{"url":"https://nel.heroku.com/reports?ts=1722788499&sid=e11707d5-02a7-43ef-b45e-2cf4d2036f7d&s=NtxARQ%2FxMiAaDFDwlPgmNHJoK9hu3SVi%2FwYv7W%2B3EIw%3D"}]}
Reporting-Endpoints: heroku-nel=https://nel.heroku.com/reports?ts=1722788499&sid=e11707d5-02a7-43ef-b45e-2cf4d2036f7d&s=NtxARQ%2FxMiAaDFDwlPgmNHJoK9hu3SVi%2FwYv7W%2B3EIw%3D
Nel: {"report_to":"heroku-nel","max_age":3600,"success_fraction":0.005,"failure_fraction":0.05,"response_headers":["Via"]}
X-Powered-By: Express
X-Ratelimit-Limit: 1000
X-Ratelimit-Remaining: 999
X-Ratelimit-Reset: 1722788547
Vary: Origin, X-HTTP-Method-Override, Accept-Encoding
Access-Control-Allow-Credentials: true
Cache-Control: no-cache
Pragma: no-cache
Expires: -1
Access-Control-Expose-Headers: Location
Location: https://jsonplaceholder.typicode.com/posts/101
X-Content-Type-Options: nosniff
Etag: W/"80-FJ+EI8MYGm2ryE/8dRC8ymHNue8"
Via: 1.1 vegur
CF-Cache-Status: DYNAMIC
Server: cloudflare
CF-RAY: 8adfe1b96beaf947-SJC
alt-svc: h3=":443"; ma=86400

{
    "title": "Sherika Brekke",
    "body": "1953 Numbers Shoals, Port Wesleyfurt, AL 32712-1410",
    "userId": 13292,
    "id": 101
}
]]></system-out>
  <system-err><![CDATA[]]></system-err>
</testsuite>
